*********************************************************
INPUT:: Simulation Parameters 
*********************************************************
target filename                  : 05_3v03_carga_14_min.xyz
number of probe                  : 10000
number of iterarions             : 10
number of tasks                  : 28
number of threads                : 24
seed number                      : 2104
gas buffer                       : N2
Target Temperature (K)           : 298
timestep (fs)                    : 10
Skin cell size (Ang)             : 0.01
Equipotential                    : no
Cut short-range interaction      : yes
LJ cutoff (Ang)                  : 12
Apply long-range interaction     : yes
Cut long-range interaction       : yes
Coulomb cutoff (Ang)             : 25
Apply induced-dipole interaction : yes
alpha (Ang^3)                    : 1.71
force_type: 6
*********************************************************
Force Field parameters: 
*********************************************************
Symbol  mass (amu)  epislon (kcal/mol)  sigma(Angstroms) 
C   12.011   0.0824736   3.2255
N   14.007   0.0758527   3.5719
H   1.008   0.0362711   1.8986
O   15.999   0.062323   3.075
S   32.06   0.138032   3.4237
P   30.9738   0.145372   3.47
*********************************************************
MOLECULE:: orientation around the inertia principal axis 
*********************************************************
Inertia matrix a.u. Ang^2: 
{  2.60547e+07  2.13098e+06  -702522  }
{  2.13098e+06  3.69523e+07  4.10948e+06  }
{  -702522  4.10948e+06  2.95985e+07  }
Rotation matrix applied to molecule: 
{  0.129005  0.912215  0.388872  }
{  -0.870808  0.291812  -0.39565  }
{  -0.474395  -0.287593  0.832009  }
Molecule radius: 47.8764 Ang 
orientation time of molecule target: 0.0357919 s
target mass: 66226.8 amu
gas mass: 28.014 amu
reduce mass: 28.014 amu
charge state: 13.9996 e
*********************************************************
Geometric Ellipsoid: 
*********************************************************
maximal distances: 30.502  38.7214  47.1561  Ang
Initial axis length: 81.6096  89.829  98.2637  Ang
Ellipsoid axis length: 89.7696  97.989  106.424  Ang
ellipsoid calculation time: 0.000130177 s
maximal impact parameter: 106.424 Ang
*********************************************************
Linked-cell: 
Numbers of cells: 4590
Nx: 15 Ny: 17 Nz: 18
Filled cells: 136
Empty cells: 4454
Average atoms per cell: 67.8162
Maximum atoms per cell: 194
Minimum atoms per cell: 1
Simulation box: 
lx: 180.15 Ang
ly: 204.17 Ang
lz: 216.18 Ang
linked-cell calculation time: 0.00695419 s
time info: 0.000454903 s
*********************************************************
Trajectory calculations 
*********************************************************
out target time: 37.5593 s
Ntraj: 10000
Nfree: 1609
Nscatter: 8388
Nlost: 3
omega: 5433.3
Ntraj: 10000
Nfree: 1495
Nscatter: 8503
Nlost: 2
omega: 5657.57
Ntraj: 10000
Nfree: 1458
Nscatter: 8538
Nlost: 4
omega: 5340.03
Ntraj: 10000
Nfree: 1516
Nscatter: 8481
Nlost: 3
omega: 5378.35
Ntraj: 10000
Nfree: 1506
Nscatter: 8493
Nlost: 1
omega: 5529.93
Ntraj: 10000
Nfree: 1519
Nscatter: 8478
Nlost: 3
omega: 5547.52
Ntraj: 10000
Nfree: 1527
Nscatter: 8469
Nlost: 4
omega: 5257.81
Ntraj: 10000
Nfree: 1566
Nscatter: 8432
Nlost: 2
omega: 5213.81
Ntraj: 10000
Nfree: 1529
Nscatter: 8469
Nlost: 2
omega: 5367.26
Ntraj: 10000
Nfree: 1439
Nscatter: 8558
Nlost: 3
omega: 5540.68
*********************************************************
task: 0
worker id: 91781
time create lcl and mol: 0.00121713 s
numbers of trajectories: 3572
time trajectory calculation: 5.81669 s
task: 1
worker id: 94475
time create lcl and mol: 0.00124478 s
numbers of trajectories: 3572
time trajectory calculation: 9.77305 s
task: 2
worker id: 93632
time create lcl and mol: 0.00122809 s
numbers of trajectories: 3572
time trajectory calculation: 10.2838 s
task: 3
worker id: 18118
time create lcl and mol: 0.0012691 s
numbers of trajectories: 3572
time trajectory calculation: 10.489 s
task: 4
worker id: 94475
time create lcl and mol: 0.00121784 s
numbers of trajectories: 3572
time trajectory calculation: 2.80861 s
task: 5
worker id: 93998
time create lcl and mol: 0.00116897 s
numbers of trajectories: 3572
time trajectory calculation: 14.3353 s
task: 6
worker id: 94125
time create lcl and mol: 0.00123405 s
numbers of trajectories: 3572
time trajectory calculation: 13.6228 s
task: 7
worker id: 92846
time create lcl and mol: 0.00125885 s
numbers of trajectories: 3572
time trajectory calculation: 6.10392 s
task: 8
worker id: 94125
time create lcl and mol: 0.00111985 s
numbers of trajectories: 3572
time trajectory calculation: 4.06756 s
task: 9
worker id: 92617
time create lcl and mol: 0.00114107 s
numbers of trajectories: 3572
time trajectory calculation: 8.34828 s
task: 10
worker id: 92846
time create lcl and mol: 0.00124907 s
numbers of trajectories: 3572
time trajectory calculation: 11.1475 s
task: 11
worker id: 94125
time create lcl and mol: 0.00125599 s
numbers of trajectories: 3572
time trajectory calculation: 8.91849 s
task: 12
worker id: 92846
time create lcl and mol: 0.00130105 s
numbers of trajectories: 3571
time trajectory calculation: 7.76313 s
task: 13
worker id: 94475
time create lcl and mol: 0.0011301 s
numbers of trajectories: 3571
time trajectory calculation: 3.29915 s
task: 14
worker id: 91781
time create lcl and mol: 0.00118899 s
numbers of trajectories: 3571
time trajectory calculation: 5.93099 s
task: 15
worker id: 92617
time create lcl and mol: 0.00117993 s
numbers of trajectories: 3571
time trajectory calculation: 10.5448 s
task: 16
worker id: 91781
time create lcl and mol: 0.00114012 s
numbers of trajectories: 3571
time trajectory calculation: 3.47831 s
task: 17
worker id: 94475
time create lcl and mol: 0.00121307 s
numbers of trajectories: 3571
time trajectory calculation: 4.11898 s
task: 18
worker id: 91781
time create lcl and mol: 0.00121713 s
numbers of trajectories: 3571
time trajectory calculation: 9.17789 s
task: 19
worker id: 92846
time create lcl and mol: 0.00122404 s
numbers of trajectories: 3571
time trajectory calculation: 7.94057 s
task: 20
worker id: 94475
time create lcl and mol: 0.00117612 s
numbers of trajectories: 3571
time trajectory calculation: 8.4738 s
task: 21
worker id: 93632
time create lcl and mol: 0.00148821 s
numbers of trajectories: 3571
time trajectory calculation: 4.95718 s
task: 22
worker id: 93632
time create lcl and mol: 0.00119591 s
numbers of trajectories: 3571
time trajectory calculation: 11.7022 s
task: 23
worker id: 93998
time create lcl and mol: 0.00132322 s
numbers of trajectories: 3571
time trajectory calculation: 12.4957 s
task: 24
worker id: 92617
time create lcl and mol: 0.00118709 s
numbers of trajectories: 3571
time trajectory calculation: 5.67875 s
task: 25
worker id: 18118
time create lcl and mol: 0.001194 s
numbers of trajectories: 3571
time trajectory calculation: 13.8422 s
task: 26
worker id: 94475
time create lcl and mol: 0.00119591 s
numbers of trajectories: 3571
time trajectory calculation: 3.73196 s
task: 27
worker id: 18118
time create lcl and mol: 0.00113392 s
numbers of trajectories: 3571
time trajectory calculation: 13.0903 s
CCS time: 37.5723 s
*********************************************************
average value of CCS = 5426.63 Ang^2
error value of CCS = 42.2866 Ang^2
Total time: 37.6205 s
Program finished...
*********************************************************
INPUT:: Simulation Parameters 
*********************************************************
target filename                  : 05_3v03_carga_14_min.xyz
number of probe                  : 10000
number of iterarions             : 10
number of tasks                  : 28
number of threads                : 24
seed number                      : 2104
gas buffer                       : N2
Target Temperature (K)           : 298
timestep (fs)                    : 10
Skin cell size (Ang)             : 0.01
Equipotential                    : no
Cut short-range interaction      : yes
LJ cutoff (Ang)                  : 12
Apply long-range interaction     : yes
Cut long-range interaction       : yes
Coulomb cutoff (Ang)             : 25
Apply induced-dipole interaction : yes
alpha (Ang^3)                    : 1.71
force_type: 6
*********************************************************
Force Field parameters: 
*********************************************************
Symbol  mass (amu)  epislon (kcal/mol)  sigma(Angstroms) 
C   12.011   0.0824736   3.2255
N   14.007   0.0758527   3.5719
H   1.008   0.0362711   1.8986
O   15.999   0.062323   3.075
S   32.06   0.138032   3.4237
P   30.9738   0.145372   3.47
*********************************************************
MOLECULE:: orientation around the inertia principal axis 
*********************************************************
Inertia matrix a.u. Ang^2: 
{  2.60547e+07  2.13098e+06  -702522  }
{  2.13098e+06  3.69523e+07  4.10948e+06  }
{  -702522  4.10948e+06  2.95985e+07  }
Rotation matrix applied to molecule: 
{  0.129005  0.912215  0.388872  }
{  -0.870808  0.291812  -0.39565  }
{  -0.474395  -0.287593  0.832009  }
Molecule radius: 47.8764 Ang 
orientation time of molecule target: 0.00942516 s
target mass: 66226.8 amu
gas mass: 28.014 amu
reduce mass: 28.014 amu
charge state: 13.9996 e
*********************************************************
Geometric Ellipsoid: 
*********************************************************
maximal distances: 30.502  38.7214  47.1561  Ang
Initial axis length: 81.6096  89.829  98.2637  Ang
Ellipsoid axis length: 89.7696  97.989  106.424  Ang
ellipsoid calculation time: 9.41753e-05 s
maximal impact parameter: 106.424 Ang
*********************************************************
Linked-cell: 
Numbers of cells: 4590
Nx: 15 Ny: 17 Nz: 18
Filled cells: 136
Empty cells: 4454
Average atoms per cell: 67.8162
Maximum atoms per cell: 194
Minimum atoms per cell: 1
Simulation box: 
lx: 180.15 Ang
ly: 204.17 Ang
lz: 216.18 Ang
linked-cell calculation time: 0.00504708 s
time info: 0.000346184 s
*********************************************************
Trajectory calculations 
*********************************************************
out target time: 35.7817 s
Ntraj: 10000
Nfree: 1609
Nscatter: 8388
Nlost: 3
omega: 5433.3
Ntraj: 10000
Nfree: 1495
Nscatter: 8503
Nlost: 2
omega: 5657.57
Ntraj: 10000
Nfree: 1458
Nscatter: 8538
Nlost: 4
omega: 5340.03
Ntraj: 10000
Nfree: 1516
Nscatter: 8481
Nlost: 3
omega: 5378.35
Ntraj: 10000
Nfree: 1506
Nscatter: 8493
Nlost: 1
omega: 5529.93
Ntraj: 10000
Nfree: 1519
Nscatter: 8478
Nlost: 3
omega: 5547.52
Ntraj: 10000
Nfree: 1527
Nscatter: 8469
Nlost: 4
omega: 5257.81
Ntraj: 10000
Nfree: 1566
Nscatter: 8432
Nlost: 2
omega: 5213.81
Ntraj: 10000
Nfree: 1529
Nscatter: 8469
Nlost: 2
omega: 5367.26
Ntraj: 10000
Nfree: 1439
Nscatter: 8558
Nlost: 3
omega: 5540.68
*********************************************************
task: 0
worker id: 19495
time create lcl and mol: 0.00126314 s
numbers of trajectories: 3572
time trajectory calculation: 5.96695 s
task: 1
worker id: 94205
time create lcl and mol: 0.00121999 s
numbers of trajectories: 3572
time trajectory calculation: 9.6559 s
task: 2
worker id: 95836
time create lcl and mol: 0.00121188 s
numbers of trajectories: 3572
time trajectory calculation: 9.96456 s
task: 3
worker id: 93972
time create lcl and mol: 0.00150299 s
numbers of trajectories: 3572
time trajectory calculation: 9.84111 s
task: 4
worker id: 95484
time create lcl and mol: 0.00123596 s
numbers of trajectories: 3572
time trajectory calculation: 2.91005 s
task: 5
worker id: 93140
time create lcl and mol: 0.00116491 s
numbers of trajectories: 3572
time trajectory calculation: 13.9603 s
task: 6
worker id: 93140
time create lcl and mol: 0.00136805 s
numbers of trajectories: 3572
time trajectory calculation: 13.6004 s
task: 7
worker id: 93972
time create lcl and mol: 0.00121093 s
numbers of trajectories: 3572
time trajectory calculation: 5.90933 s
task: 8
worker id: 94990
time create lcl and mol: 0.00128508 s
numbers of trajectories: 3572
time trajectory calculation: 3.95355 s
task: 9
worker id: 94990
time create lcl and mol: 0.00120783 s
numbers of trajectories: 3572
time trajectory calculation: 8.01996 s
task: 10
worker id: 95361
time create lcl and mol: 0.00120497 s
numbers of trajectories: 3572
time trajectory calculation: 11.12 s
task: 11
worker id: 95836
time create lcl and mol: 0.00116992 s
numbers of trajectories: 3572
time trajectory calculation: 8.62292 s
task: 12
worker id: 19495
time create lcl and mol: 0.00117898 s
numbers of trajectories: 3571
time trajectory calculation: 7.99004 s
task: 13
worker id: 93972
time create lcl and mol: 0.00131392 s
numbers of trajectories: 3571
time trajectory calculation: 3.43992 s
task: 14
worker id: 93972
time create lcl and mol: 0.00121188 s
numbers of trajectories: 3571
time trajectory calculation: 5.92553 s
task: 15
worker id: 94990
time create lcl and mol: 0.00121784 s
numbers of trajectories: 3571
time trajectory calculation: 10.5662 s
task: 16
worker id: 95484
time create lcl and mol: 0.00124884 s
numbers of trajectories: 3571
time trajectory calculation: 3.48744 s
task: 17
worker id: 94205
time create lcl and mol: 0.00119686 s
numbers of trajectories: 3571
time trajectory calculation: 4.13774 s
task: 18
worker id: 95484
time create lcl and mol: 0.00124097 s
numbers of trajectories: 3571
time trajectory calculation: 9.37261 s
task: 19
worker id: 19495
time create lcl and mol: 0.00111699 s
numbers of trajectories: 3571
time trajectory calculation: 8.53762 s
task: 20
worker id: 94205
time create lcl and mol: 0.00121093 s
numbers of trajectories: 3571
time trajectory calculation: 8.25812 s
task: 21
worker id: 94990
time create lcl and mol: 0.00126696 s
numbers of trajectories: 3571
time trajectory calculation: 4.96084 s
task: 22
worker id: 95361
time create lcl and mol: 0.00120187 s
numbers of trajectories: 3571
time trajectory calculation: 11.678 s
task: 23
worker id: 95836
time create lcl and mol: 0.00114489 s
numbers of trajectories: 3571
time trajectory calculation: 12.5592 s
task: 24
worker id: 93972
time create lcl and mol: 0.00133801 s
numbers of trajectories: 3571
time trajectory calculation: 5.65053 s
task: 25
worker id: 95484
time create lcl and mol: 0.00126696 s
numbers of trajectories: 3571
time trajectory calculation: 13.7202 s
task: 26
worker id: 95484
time create lcl and mol: 0.00123596 s
numbers of trajectories: 3571
time trajectory calculation: 3.75374 s
task: 27
worker id: 94205
time create lcl and mol: 0.00119901 s
numbers of trajectories: 3571
time trajectory calculation: 13.6384 s
CCS time: 35.792 s
*********************************************************
average value of CCS = 5426.63 Ang^2
error value of CCS = 42.2866 Ang^2
Total time: 35.8117 s
Program finished...
[1695451984.879585] [sdumont6222:10514:0]       tag_match.c:62   UCX  WARN  unexpected tag-receive descriptor 0x2b1818013200 was not matched
[1695451984.876016] [sdumont6224:94990:0]       tag_match.c:62   UCX  WARN  unexpected tag-receive descriptor 0x557da9959d00 was not matched
[1695451984.881318] [sdumont6228:93972:0]       tag_match.c:62   UCX  WARN  unexpected tag-receive descriptor 0x5576064b7b40 was not matched
[1695451984.874191] [sdumont6225:95484:0]       tag_match.c:62   UCX  WARN  unexpected tag-receive descriptor 0x5587442f7b40 was not matched
*********************************************************
INPUT:: Simulation Parameters 
*********************************************************
target filename                  : 05_3v03_carga_14_min.xyz
number of probe                  : 10000
number of iterarions             : 10
number of tasks                  : 28
number of threads                : 24
seed number                      : 2104
gas buffer                       : N2
Target Temperature (K)           : 298
timestep (fs)                    : 10
Skin cell size (Ang)             : 0.01
Equipotential                    : no
Cut short-range interaction      : yes
LJ cutoff (Ang)                  : 12
Apply long-range interaction     : yes
Cut long-range interaction       : yes
Coulomb cutoff (Ang)             : 25
Apply induced-dipole interaction : yes
alpha (Ang^3)                    : 1.71
force_type: 6
*********************************************************
Force Field parameters: 
*********************************************************
Symbol  mass (amu)  epislon (kcal/mol)  sigma(Angstroms) 
C   12.011   0.0824736   3.2255
N   14.007   0.0758527   3.5719
H   1.008   0.0362711   1.8986
O   15.999   0.062323   3.075
S   32.06   0.138032   3.4237
P   30.9738   0.145372   3.47
*********************************************************
MOLECULE:: orientation around the inertia principal axis 
*********************************************************
Inertia matrix a.u. Ang^2: 
{  2.60547e+07  2.13098e+06  -702522  }
{  2.13098e+06  3.69523e+07  4.10948e+06  }
{  -702522  4.10948e+06  2.95985e+07  }
Rotation matrix applied to molecule: 
{  0.129005  0.912215  0.388872  }
{  -0.870808  0.291812  -0.39565  }
{  -0.474395  -0.287593  0.832009  }
Molecule radius: 47.8764 Ang 
orientation time of molecule target: 0.00945997 s
target mass: 66226.8 amu
gas mass: 28.014 amu
reduce mass: 28.014 amu
charge state: 13.9996 e
*********************************************************
Geometric Ellipsoid: 
*********************************************************
maximal distances: 30.502  38.7214  47.1561  Ang
Initial axis length: 81.6096  89.829  98.2637  Ang
Ellipsoid axis length: 89.7696  97.989  106.424  Ang
ellipsoid calculation time: 9.70364e-05 s
maximal impact parameter: 106.424 Ang
*********************************************************
Linked-cell: 
Numbers of cells: 4590
Nx: 15 Ny: 17 Nz: 18
Filled cells: 136
Empty cells: 4454
Average atoms per cell: 67.8162
Maximum atoms per cell: 194
Minimum atoms per cell: 1
Simulation box: 
lx: 180.15 Ang
ly: 204.17 Ang
lz: 216.18 Ang
linked-cell calculation time: 0.00510001 s
time info: 0.000351906 s
*********************************************************
Trajectory calculations 
*********************************************************
out target time: 33.8419 s
Ntraj: 10000
Nfree: 1609
Nscatter: 8388
Nlost: 3
omega: 5433.3
Ntraj: 10000
Nfree: 1495
Nscatter: 8503
Nlost: 2
omega: 5657.57
Ntraj: 10000
Nfree: 1458
Nscatter: 8538
Nlost: 4
omega: 5340.03
Ntraj: 10000
Nfree: 1516
Nscatter: 8481
Nlost: 3
omega: 5378.35
Ntraj: 10000
Nfree: 1506
Nscatter: 8493
Nlost: 1
omega: 5529.93
Ntraj: 10000
Nfree: 1519
Nscatter: 8478
Nlost: 3
omega: 5547.52
Ntraj: 10000
Nfree: 1527
Nscatter: 8469
Nlost: 4
omega: 5257.81
Ntraj: 10000
Nfree: 1566
Nscatter: 8432
Nlost: 2
omega: 5213.81
Ntraj: 10000
Nfree: 1529
Nscatter: 8469
Nlost: 2
omega: 5367.26
Ntraj: 10000
Nfree: 1439
Nscatter: 8558
Nlost: 3
omega: 5540.68
*********************************************************
task: 0
worker id: 95330
time create lcl and mol: 0.00129914 s
numbers of trajectories: 3572
time trajectory calculation: 5.90772 s
task: 1
worker id: 96723
time create lcl and mol: 0.00124311 s
numbers of trajectories: 3572
time trajectory calculation: 9.73527 s
task: 2
worker id: 20868
time create lcl and mol: 0.00145817 s
numbers of trajectories: 3572
time trajectory calculation: 9.95327 s
task: 3
worker id: 94498
time create lcl and mol: 0.00121284 s
numbers of trajectories: 3572
time trajectory calculation: 9.98189 s
task: 4
worker id: 96346
time create lcl and mol: 0.0012269 s
numbers of trajectories: 3572
time trajectory calculation: 2.97111 s
task: 5
worker id: 97193
time create lcl and mol: 0.00121593 s
numbers of trajectories: 3572
time trajectory calculation: 13.5683 s
task: 6
worker id: 95561
time create lcl and mol: 0.00133014 s
numbers of trajectories: 3572
time trajectory calculation: 13.8145 s
task: 7
worker id: 95561
time create lcl and mol: 0.00123286 s
numbers of trajectories: 3572
time trajectory calculation: 6.10573 s
task: 8
worker id: 96346
time create lcl and mol: 0.00121188 s
numbers of trajectories: 3572
time trajectory calculation: 3.99605 s
task: 9
worker id: 94498
time create lcl and mol: 0.00118518 s
numbers of trajectories: 3572
time trajectory calculation: 8.0341 s
task: 10
worker id: 20868
time create lcl and mol: 0.00121903 s
numbers of trajectories: 3572
time trajectory calculation: 10.8152 s
task: 11
worker id: 95330
time create lcl and mol: 0.00117707 s
numbers of trajectories: 3572
time trajectory calculation: 8.86359 s
task: 12
worker id: 96346
time create lcl and mol: 0.00125217 s
numbers of trajectories: 3571
time trajectory calculation: 7.90107 s
task: 13
worker id: 96840
time create lcl and mol: 0.00123596 s
numbers of trajectories: 3571
time trajectory calculation: 3.44569 s
task: 14
worker id: 96723
time create lcl and mol: 0.00140119 s
numbers of trajectories: 3571
time trajectory calculation: 5.88667 s
task: 15
worker id: 94498
time create lcl and mol: 0.00121093 s
numbers of trajectories: 3571
time trajectory calculation: 10.4036 s
task: 16
worker id: 95561
time create lcl and mol: 0.00119615 s
numbers of trajectories: 3571
time trajectory calculation: 3.47212 s
task: 17
worker id: 96840
time create lcl and mol: 0.00120783 s
numbers of trajectories: 3571
time trajectory calculation: 4.23386 s
task: 18
worker id: 96346
time create lcl and mol: 0.00121903 s
numbers of trajectories: 3571
time trajectory calculation: 9.15123 s
task: 19
worker id: 95561
time create lcl and mol: 0.00120687 s
numbers of trajectories: 3571
time trajectory calculation: 8.68688 s
task: 20
worker id: 96840
time create lcl and mol: 0.00117493 s
numbers of trajectories: 3571
time trajectory calculation: 8.61959 s
task: 21
worker id: 96723
time create lcl and mol: 0.00129795 s
numbers of trajectories: 3571
time trajectory calculation: 4.94602 s
task: 22
worker id: 95330
time create lcl and mol: 0.00118804 s
numbers of trajectories: 3571
time trajectory calculation: 11.5377 s
task: 23
worker id: 97193
time create lcl and mol: 0.00133491 s
numbers of trajectories: 3571
time trajectory calculation: 12.5519 s
task: 24
worker id: 96346
time create lcl and mol: 0.00113297 s
numbers of trajectories: 3571
time trajectory calculation: 5.67662 s
task: 25
worker id: 96840
time create lcl and mol: 0.00123405 s
numbers of trajectories: 3571
time trajectory calculation: 13.5772 s
task: 26
worker id: 20868
time create lcl and mol: 0.00121117 s
numbers of trajectories: 3571
time trajectory calculation: 3.75458 s
task: 27
worker id: 96723
time create lcl and mol: 0.00114298 s
numbers of trajectories: 3571
time trajectory calculation: 13.1408 s
CCS time: 33.8521 s
*********************************************************
average value of CCS = 5426.63 Ang^2
error value of CCS = 42.2866 Ang^2
Total time: 33.872 s
Program finished...
*********************************************************
INPUT:: Simulation Parameters 
*********************************************************
target filename                  : 05_3v03_carga_14_min.xyz
number of probe                  : 10000
number of iterarions             : 10
number of tasks                  : 28
number of threads                : 24
seed number                      : 2104
gas buffer                       : N2
Target Temperature (K)           : 298
timestep (fs)                    : 10
Skin cell size (Ang)             : 0.01
Equipotential                    : no
Cut short-range interaction      : yes
LJ cutoff (Ang)                  : 12
Apply long-range interaction     : yes
Cut long-range interaction       : yes
Coulomb cutoff (Ang)             : 25
Apply induced-dipole interaction : yes
alpha (Ang^3)                    : 1.71
force_type: 6
*********************************************************
Force Field parameters: 
*********************************************************
Symbol  mass (amu)  epislon (kcal/mol)  sigma(Angstroms) 
C   12.011   0.0824736   3.2255
N   14.007   0.0758527   3.5719
H   1.008   0.0362711   1.8986
O   15.999   0.062323   3.075
S   32.06   0.138032   3.4237
P   30.9738   0.145372   3.47
*********************************************************
MOLECULE:: orientation around the inertia principal axis 
*********************************************************
Inertia matrix a.u. Ang^2: 
{  2.60547e+07  2.13098e+06  -702522  }
{  2.13098e+06  3.69523e+07  4.10948e+06  }
{  -702522  4.10948e+06  2.95985e+07  }
Rotation matrix applied to molecule: 
{  0.129005  0.912215  0.388872  }
{  -0.870808  0.291812  -0.39565  }
{  -0.474395  -0.287593  0.832009  }
Molecule radius: 47.8764 Ang 
orientation time of molecule target: 0.00945783 s
target mass: 66226.8 amu
gas mass: 28.014 amu
reduce mass: 28.014 amu
charge state: 13.9996 e
*********************************************************
Geometric Ellipsoid: 
*********************************************************
maximal distances: 30.502  38.7214  47.1561  Ang
Initial axis length: 81.6096  89.829  98.2637  Ang
Ellipsoid axis length: 89.7696  97.989  106.424  Ang
ellipsoid calculation time: 9.58443e-05 s
maximal impact parameter: 106.424 Ang
*********************************************************
Linked-cell: 
Numbers of cells: 4590
Nx: 15 Ny: 17 Nz: 18
Filled cells: 136
Empty cells: 4454
Average atoms per cell: 67.8162
Maximum atoms per cell: 194
Minimum atoms per cell: 1
Simulation box: 
lx: 180.15 Ang
ly: 204.17 Ang
lz: 216.18 Ang
linked-cell calculation time: 0.00508094 s
time info: 0.00036478 s
*********************************************************
Trajectory calculations 
*********************************************************
out target time: 32.9014 s
Ntraj: 10000
Nfree: 1609
Nscatter: 8388
Nlost: 3
omega: 5433.3
Ntraj: 10000
Nfree: 1495
Nscatter: 8503
Nlost: 2
omega: 5657.57
Ntraj: 10000
Nfree: 1458
Nscatter: 8538
Nlost: 4
omega: 5340.03
Ntraj: 10000
Nfree: 1516
Nscatter: 8481
Nlost: 3
omega: 5378.35
Ntraj: 10000
Nfree: 1506
Nscatter: 8493
Nlost: 1
omega: 5529.93
Ntraj: 10000
Nfree: 1519
Nscatter: 8478
Nlost: 3
omega: 5547.52
Ntraj: 10000
Nfree: 1527
Nscatter: 8469
Nlost: 4
omega: 5257.81
Ntraj: 10000
Nfree: 1566
Nscatter: 8432
Nlost: 2
omega: 5213.81
Ntraj: 10000
Nfree: 1529
Nscatter: 8469
Nlost: 2
omega: 5367.26
Ntraj: 10000
Nfree: 1439
Nscatter: 8558
Nlost: 3
omega: 5540.68
*********************************************************
task: 0
worker id: 97380
time create lcl and mol: 0.00118089 s
numbers of trajectories: 3572
time trajectory calculation: 5.91989 s
task: 1
worker id: 98228
time create lcl and mol: 0.00127101 s
numbers of trajectories: 3572
time trajectory calculation: 9.44417 s
task: 2
worker id: 96366
time create lcl and mol: 0.00121021 s
numbers of trajectories: 3572
time trajectory calculation: 10.5183 s
task: 3
worker id: 95574
time create lcl and mol: 0.0012331 s
numbers of trajectories: 3572
time trajectory calculation: 10.0284 s
task: 4
worker id: 97802
time create lcl and mol: 0.00128698 s
numbers of trajectories: 3572
time trajectory calculation: 3.00402 s
task: 5
worker id: 22174
time create lcl and mol: 0.00121713 s
numbers of trajectories: 3572
time trajectory calculation: 14.4283 s
task: 6
worker id: 97877
time create lcl and mol: 0.00131106 s
numbers of trajectories: 3572
time trajectory calculation: 13.6095 s
task: 7
worker id: 96639
time create lcl and mol: 0.00142813 s
numbers of trajectories: 3572
time trajectory calculation: 5.77386 s
task: 8
worker id: 97877
time create lcl and mol: 0.00119185 s
numbers of trajectories: 3572
time trajectory calculation: 4.03989 s
task: 9
worker id: 96639
time create lcl and mol: 0.00124097 s
numbers of trajectories: 3572
time trajectory calculation: 8.08968 s
task: 10
worker id: 97802
time create lcl and mol: 0.001302 s
numbers of trajectories: 3572
time trajectory calculation: 10.6286 s
task: 11
worker id: 97877
time create lcl and mol: 0.00149107 s
numbers of trajectories: 3572
time trajectory calculation: 8.78079 s
task: 12
worker id: 95574
time create lcl and mol: 0.00126719 s
numbers of trajectories: 3571
time trajectory calculation: 7.78281 s
task: 13
worker id: 96639
time create lcl and mol: 0.00128412 s
numbers of trajectories: 3571
time trajectory calculation: 3.45039 s
task: 14
worker id: 96639
time create lcl and mol: 0.00123 s
numbers of trajectories: 3571
time trajectory calculation: 5.84598 s
task: 15
worker id: 98228
time create lcl and mol: 0.00122285 s
numbers of trajectories: 3571
time trajectory calculation: 10.2539 s
task: 16
worker id: 96639
time create lcl and mol: 0.00117111 s
numbers of trajectories: 3571
time trajectory calculation: 3.44933 s
task: 17
worker id: 96366
time create lcl and mol: 0.00109291 s
numbers of trajectories: 3571
time trajectory calculation: 4.07151 s
task: 18
worker id: 97380
time create lcl and mol: 0.00112891 s
numbers of trajectories: 3571
time trajectory calculation: 9.49916 s
task: 19
worker id: 22174
time create lcl and mol: 0.00128412 s
numbers of trajectories: 3571
time trajectory calculation: 8.46193 s
task: 20
worker id: 95574
time create lcl and mol: 0.00117302 s
numbers of trajectories: 3571
time trajectory calculation: 8.61235 s
task: 21
worker id: 95574
time create lcl and mol: 0.00123692 s
numbers of trajectories: 3571
time trajectory calculation: 4.99424 s
task: 22
worker id: 97380
time create lcl and mol: 0.00122809 s
numbers of trajectories: 3571
time trajectory calculation: 11.777 s
task: 23
worker id: 98228
time create lcl and mol: 0.00120497 s
numbers of trajectories: 3571
time trajectory calculation: 12.2146 s
task: 24
worker id: 97380
time create lcl and mol: 0.00110507 s
numbers of trajectories: 3571
time trajectory calculation: 5.61087 s
task: 25
worker id: 96366
time create lcl and mol: 0.00119591 s
numbers of trajectories: 3571
time trajectory calculation: 14.1288 s
task: 26
worker id: 22174
time create lcl and mol: 0.00130796 s
numbers of trajectories: 3571
time trajectory calculation: 3.85827 s
task: 27
worker id: 97802
time create lcl and mol: 0.00117803 s
numbers of trajectories: 3571
time trajectory calculation: 13.5666 s
CCS time: 32.9116 s
*********************************************************
average value of CCS = 5426.63 Ang^2
error value of CCS = 42.2866 Ang^2
Total time: 32.9312 s
Program finished...
*********************************************************
INPUT:: Simulation Parameters 
*********************************************************
target filename                  : 05_3v03_carga_14_min.xyz
number of probe                  : 10000
number of iterarions             : 10
number of tasks                  : 28
number of threads                : 24
seed number                      : 2104
gas buffer                       : N2
Target Temperature (K)           : 298
timestep (fs)                    : 10
Skin cell size (Ang)             : 0.01
Equipotential                    : no
Cut short-range interaction      : yes
LJ cutoff (Ang)                  : 12
Apply long-range interaction     : yes
Cut long-range interaction       : yes
Coulomb cutoff (Ang)             : 25
Apply induced-dipole interaction : yes
alpha (Ang^3)                    : 1.71
force_type: 6
*********************************************************
Force Field parameters: 
*********************************************************
Symbol  mass (amu)  epislon (kcal/mol)  sigma(Angstroms) 
C   12.011   0.0824736   3.2255
N   14.007   0.0758527   3.5719
H   1.008   0.0362711   1.8986
O   15.999   0.062323   3.075
S   32.06   0.138032   3.4237
P   30.9738   0.145372   3.47
*********************************************************
MOLECULE:: orientation around the inertia principal axis 
*********************************************************
Inertia matrix a.u. Ang^2: 
{  2.60547e+07  2.13098e+06  -702522  }
{  2.13098e+06  3.69523e+07  4.10948e+06  }
{  -702522  4.10948e+06  2.95985e+07  }
Rotation matrix applied to molecule: 
{  0.129005  0.912215  0.388872  }
{  -0.870808  0.291812  -0.39565  }
{  -0.474395  -0.287593  0.832009  }
Molecule radius: 47.8764 Ang 
orientation time of molecule target: 0.00940418 s
target mass: 66226.8 amu
gas mass: 28.014 amu
reduce mass: 28.014 amu
charge state: 13.9996 e
*********************************************************
Geometric Ellipsoid: 
*********************************************************
maximal distances: 30.502  38.7214  47.1561  Ang
Initial axis length: 81.6096  89.829  98.2637  Ang
Ellipsoid axis length: 89.7696  97.989  106.424  Ang
ellipsoid calculation time: 0.000106096 s
maximal impact parameter: 106.424 Ang
*********************************************************
Linked-cell: 
Numbers of cells: 4590
Nx: 15 Ny: 17 Nz: 18
Filled cells: 136
Empty cells: 4454
Average atoms per cell: 67.8162
Maximum atoms per cell: 194
Minimum atoms per cell: 1
Simulation box: 
lx: 180.15 Ang
ly: 204.17 Ang
lz: 216.18 Ang
linked-cell calculation time: 0.00498796 s
time info: 0.000345945 s
*********************************************************
Trajectory calculations 
*********************************************************
out target time: 34.1867 s
Ntraj: 10000
Nfree: 1609
Nscatter: 8388
Nlost: 3
omega: 5433.3
Ntraj: 10000
Nfree: 1495
Nscatter: 8503
Nlost: 2
omega: 5657.57
Ntraj: 10000
Nfree: 1458
Nscatter: 8538
Nlost: 4
omega: 5340.03
Ntraj: 10000
Nfree: 1516
Nscatter: 8481
Nlost: 3
omega: 5378.35
Ntraj: 10000
Nfree: 1506
Nscatter: 8493
Nlost: 1
omega: 5529.93
Ntraj: 10000
Nfree: 1519
Nscatter: 8478
Nlost: 3
omega: 5547.52
Ntraj: 10000
Nfree: 1527
Nscatter: 8469
Nlost: 4
omega: 5257.81
Ntraj: 10000
Nfree: 1566
Nscatter: 8432
Nlost: 2
omega: 5213.81
Ntraj: 10000
Nfree: 1529
Nscatter: 8469
Nlost: 2
omega: 5367.26
Ntraj: 10000
Nfree: 1439
Nscatter: 8558
Nlost: 3
omega: 5540.68
*********************************************************
task: 0
worker id: 1872
time create lcl and mol: 0.00141406 s
numbers of trajectories: 3572
time trajectory calculation: 5.81345 s
task: 1
worker id: 23280
time create lcl and mol: 0.00130606 s
numbers of trajectories: 3572
time trajectory calculation: 9.37115 s
task: 2
worker id: 23280
time create lcl and mol: 0.00126505 s
numbers of trajectories: 3572
time trajectory calculation: 10.595 s
task: 3
worker id: 97952
time create lcl and mol: 0.00119901 s
numbers of trajectories: 3572
time trajectory calculation: 10.3091 s
task: 4
worker id: 96888
time create lcl and mol: 0.00113702 s
numbers of trajectories: 3572
time trajectory calculation: 2.77204 s
task: 5
worker id: 1380
time create lcl and mol: 0.00122213 s
numbers of trajectories: 3572
time trajectory calculation: 13.9971 s
task: 6
worker id: 97725
time create lcl and mol: 0.00113583 s
numbers of trajectories: 3572
time trajectory calculation: 13.6938 s
task: 7
worker id: 23280
time create lcl and mol: 0.00123811 s
numbers of trajectories: 3572
time trajectory calculation: 6.06669 s
task: 8
worker id: 999
time create lcl and mol: 0.00123787 s
numbers of trajectories: 3572
time trajectory calculation: 3.99487 s
task: 9
worker id: 96888
time create lcl and mol: 0.00125384 s
numbers of trajectories: 3572
time trajectory calculation: 8.32837 s
task: 10
worker id: 1872
time create lcl and mol: 0.00127387 s
numbers of trajectories: 3572
time trajectory calculation: 10.6122 s
task: 11
worker id: 97952
time create lcl and mol: 0.00118685 s
numbers of trajectories: 3572
time trajectory calculation: 8.76788 s
task: 12
worker id: 1872
time create lcl and mol: 0.00121212 s
numbers of trajectories: 3571
time trajectory calculation: 7.80449 s
task: 13
worker id: 999
time create lcl and mol: 0.00135303 s
numbers of trajectories: 3571
time trajectory calculation: 3.46081 s
task: 14
worker id: 96888
time create lcl and mol: 0.00125718 s
numbers of trajectories: 3571
time trajectory calculation: 5.95249 s
task: 15
worker id: 999
time create lcl and mol: 0.00124407 s
numbers of trajectories: 3571
time trajectory calculation: 10.209 s
task: 16
worker id: 1508
time create lcl and mol: 0.00127387 s
numbers of trajectories: 3571
time trajectory calculation: 3.46882 s
task: 17
worker id: 1872
time create lcl and mol: 0.00119209 s
numbers of trajectories: 3571
time trajectory calculation: 4.18553 s
task: 18
worker id: 1508
time create lcl and mol: 0.00111699 s
numbers of trajectories: 3571
time trajectory calculation: 9.04616 s
task: 19
worker id: 999
time create lcl and mol: 0.00120592 s
numbers of trajectories: 3571
time trajectory calculation: 8.48311 s
task: 20
worker id: 1508
time create lcl and mol: 0.00142694 s
numbers of trajectories: 3571
time trajectory calculation: 8.76442 s
task: 21
worker id: 97725
time create lcl and mol: 0.00120187 s
numbers of trajectories: 3571
time trajectory calculation: 5.03241 s
task: 22
worker id: 1380
time create lcl and mol: 0.00127912 s
numbers of trajectories: 3571
time trajectory calculation: 11.8095 s
task: 23
worker id: 97725
time create lcl and mol: 0.00120497 s
numbers of trajectories: 3571
time trajectory calculation: 12.1705 s
task: 24
worker id: 1872
time create lcl and mol: 0.00117779 s
numbers of trajectories: 3571
time trajectory calculation: 5.65796 s
task: 25
worker id: 96888
time create lcl and mol: 0.00124311 s
numbers of trajectories: 3571
time trajectory calculation: 14.0474 s
task: 26
worker id: 1508
time create lcl and mol: 0.00122905 s
numbers of trajectories: 3571
time trajectory calculation: 3.78072 s
task: 27
worker id: 97952
time create lcl and mol: 0.00122094 s
numbers of trajectories: 3571
time trajectory calculation: 13.4635 s
CCS time: 34.1969 s
*********************************************************
average value of CCS = 5426.63 Ang^2
error value of CCS = 42.2866 Ang^2
Total time: 34.2162 s
Program finished...
