*********************************************************
INPUT:: Simulation Parameters 
*********************************************************
target filename                  : 02_2akq_01_carga_7_min.xyz
number of probe                  : 10000
number of iterarions             : 10
number of tasks                  : 16
number of threads                : 24
seed number                      : 2104
gas buffer                       : N2
Target Temperature (K)           : 298
timestep (fs)                    : 10
Skin cell size (Ang)             : 0.01
Equipotential                    : no
Cut short-range interaction      : yes
LJ cutoff (Ang)                  : 12
Apply long-range interaction     : yes
Cut long-range interaction       : yes
Coulomb cutoff (Ang)             : 25
Apply induced-dipole interaction : yes
alpha (Ang^3)                    : 1.71
force_type: 6
*********************************************************
Force Field parameters: 
*********************************************************
Symbol  mass (amu)  epislon (kcal/mol)  sigma(Angstroms) 
C   12.011   0.0824736   3.2255
N   14.007   0.0758527   3.5719
H   1.008   0.0362711   1.8986
O   15.999   0.062323   3.075
S   32.06   0.138032   3.4237
P   30.9738   0.145372   3.47
*********************************************************
MOLECULE:: orientation around the inertia principal axis 
*********************************************************
Inertia matrix a.u. Ang^2: 
{  2.47346e+06  80067.3  210732  }
{  80067.3  2.5905e+06  15544.3  }
{  210732  15544.3  2.4855e+06  }
Rotation matrix applied to molecule: 
{  0.652112  0.4584  0.603837  }
{  -0.725153  0.144822  0.673186  }
{  0.22114  -0.876867  0.426851  }
Molecule radius: 27.1023 Ang 
orientation time of molecule target: 0.110537 s
target mass: 17694.5 amu
gas mass: 28.014 amu
reduce mass: 28.014 amu
charge state: 7 e
*********************************************************
Geometric Ellipsoid: 
*********************************************************
maximal distances: 19.2489  21.325  24.1645  Ang
Initial axis length: 70.3565  72.4326  75.2721  Ang
Ellipsoid axis length: 73.8965  75.9726  78.8121  Ang
ellipsoid calculation time: 5.00679e-05 s
maximal impact parameter: 78.8121 Ang
*********************************************************
Linked-cell: 
Numbers of cells: 2366
Nx: 13 Ny: 13 Nz: 14
Filled cells: 44
Empty cells: 2322
Average atoms per cell: 57
Maximum atoms per cell: 182
Minimum atoms per cell: 1
Simulation box: 
lx: 156.13 Ang
ly: 156.13 Ang
lz: 168.14 Ang
linked-cell calculation time: 0.00254583 s
time info: 0.000118971 s
*********************************************************
Trajectory calculations 
*********************************************************
out target time: 13.8039 s
Ntraj: 10000
Nfree: 667
Nscatter: 9333
Nlost: 0
omega: 2085.2
Ntraj: 10000
Nfree: 610
Nscatter: 9389
Nlost: 1
omega: 2049.63
Ntraj: 10000
Nfree: 640
Nscatter: 9359
Nlost: 1
omega: 1945.99
Ntraj: 10000
Nfree: 648
Nscatter: 9352
Nlost: 0
omega: 2016.62
Ntraj: 10000
Nfree: 676
Nscatter: 9324
Nlost: 0
omega: 2069.99
Ntraj: 10000
Nfree: 661
Nscatter: 9338
Nlost: 1
omega: 2018.91
Ntraj: 10000
Nfree: 626
Nscatter: 9374
Nlost: 0
omega: 1994.92
Ntraj: 10000
Nfree: 665
Nscatter: 9333
Nlost: 2
omega: 1884.57
Ntraj: 10000
Nfree: 652
Nscatter: 9348
Nlost: 0
omega: 2013.37
Ntraj: 10000
Nfree: 621
Nscatter: 9379
Nlost: 0
omega: 2005.06
*********************************************************
task: 0
worker id: 11782
time create lcl and mol: 0.000720024 s
numbers of trajectories: 6250
time trajectory calculation: 4.04952 s
task: 1
worker id: 46510
time create lcl and mol: 0.000731945 s
numbers of trajectories: 6250
time trajectory calculation: 2.97448 s
task: 2
worker id: 82815
time create lcl and mol: 0.000725985 s
numbers of trajectories: 6250
time trajectory calculation: 4.11829 s
task: 3
worker id: 75614
time create lcl and mol: 0.000586033 s
numbers of trajectories: 6250
time trajectory calculation: 4.22959 s
task: 4
worker id: 59954
time create lcl and mol: 0.000583887 s
numbers of trajectories: 6250
time trajectory calculation: 7.8148 s
task: 5
worker id: 14438
time create lcl and mol: 0.000835896 s
numbers of trajectories: 6250
time trajectory calculation: 4.11121 s
task: 6
worker id: 66343
time create lcl and mol: 0.000545979 s
numbers of trajectories: 6250
time trajectory calculation: 4.628 s
task: 7
worker id: 38193
time create lcl and mol: 0.000575066 s
numbers of trajectories: 6250
time trajectory calculation: 2.83222 s
task: 8
worker id: 11782
time create lcl and mol: 0.000630856 s
numbers of trajectories: 6250
time trajectory calculation: 6.61391 s
task: 9
worker id: 66343
time create lcl and mol: 0.000552893 s
numbers of trajectories: 6250
time trajectory calculation: 3.55192 s
task: 10
worker id: 46510
time create lcl and mol: 0.000643969 s
numbers of trajectories: 6250
time trajectory calculation: 6.33145 s
task: 11
worker id: 14438
time create lcl and mol: 0.000852108 s
numbers of trajectories: 6250
time trajectory calculation: 3.12332 s
task: 12
worker id: 82815
time create lcl and mol: 0.000535011 s
numbers of trajectories: 6250
time trajectory calculation: 5.10555 s
task: 13
worker id: 75614
time create lcl and mol: 0.000598907 s
numbers of trajectories: 6250
time trajectory calculation: 3.17716 s
task: 14
worker id: 11782
time create lcl and mol: 0.000571966 s
numbers of trajectories: 6250
time trajectory calculation: 3.06676 s
task: 15
worker id: 38193
time create lcl and mol: 0.000629187 s
numbers of trajectories: 6250
time trajectory calculation: 5.00759 s
CCS time: 13.8141 s
*********************************************************
average value of CCS = 2008.43 Ang^2
error value of CCS = 17.6117 Ang^2
Total time: 13.9322 s
Program finished...
*********************************************************
INPUT:: Simulation Parameters 
*********************************************************
target filename                  : 02_2akq_01_carga_7_min.xyz
number of probe                  : 10000
number of iterarions             : 10
number of tasks                  : 16
number of threads                : 24
seed number                      : 2104
gas buffer                       : N2
Target Temperature (K)           : 298
timestep (fs)                    : 10
Skin cell size (Ang)             : 0.01
Equipotential                    : no
Cut short-range interaction      : yes
LJ cutoff (Ang)                  : 12
Apply long-range interaction     : yes
Cut long-range interaction       : yes
Coulomb cutoff (Ang)             : 25
Apply induced-dipole interaction : yes
alpha (Ang^3)                    : 1.71
force_type: 6
*********************************************************
Force Field parameters: 
*********************************************************
Symbol  mass (amu)  epislon (kcal/mol)  sigma(Angstroms) 
C   12.011   0.0824736   3.2255
N   14.007   0.0758527   3.5719
H   1.008   0.0362711   1.8986
O   15.999   0.062323   3.075
S   32.06   0.138032   3.4237
P   30.9738   0.145372   3.47
*********************************************************
MOLECULE:: orientation around the inertia principal axis 
*********************************************************
Inertia matrix a.u. Ang^2: 
{  2.47346e+06  80067.3  210732  }
{  80067.3  2.5905e+06  15544.3  }
{  210732  15544.3  2.4855e+06  }
Rotation matrix applied to molecule: 
{  0.652112  0.4584  0.603837  }
{  -0.725153  0.144822  0.673186  }
{  0.22114  -0.876867  0.426851  }
Molecule radius: 27.1023 Ang 
orientation time of molecule target: 0.00315595 s
target mass: 17694.5 amu
gas mass: 28.014 amu
reduce mass: 28.014 amu
charge state: 7 e
*********************************************************
Geometric Ellipsoid: 
*********************************************************
maximal distances: 19.2489  21.325  24.1645  Ang
Initial axis length: 70.3565  72.4326  75.2721  Ang
Ellipsoid axis length: 73.8965  75.9726  78.8121  Ang
ellipsoid calculation time: 5.00679e-05 s
maximal impact parameter: 78.8121 Ang
*********************************************************
Linked-cell: 
Numbers of cells: 2366
Nx: 13 Ny: 13 Nz: 14
Filled cells: 44
Empty cells: 2322
Average atoms per cell: 57
Maximum atoms per cell: 182
Minimum atoms per cell: 1
Simulation box: 
lx: 156.13 Ang
ly: 156.13 Ang
lz: 168.14 Ang
linked-cell calculation time: 0.00256395 s
time info: 0.000121832 s
*********************************************************
Trajectory calculations 
*********************************************************
out target time: 11.7764 s
Ntraj: 10000
Nfree: 667
Nscatter: 9333
Nlost: 0
omega: 2085.2
Ntraj: 10000
Nfree: 610
Nscatter: 9389
Nlost: 1
omega: 2049.63
Ntraj: 10000
Nfree: 640
Nscatter: 9359
Nlost: 1
omega: 1945.99
Ntraj: 10000
Nfree: 648
Nscatter: 9352
Nlost: 0
omega: 2016.62
Ntraj: 10000
Nfree: 676
Nscatter: 9324
Nlost: 0
omega: 2069.99
Ntraj: 10000
Nfree: 661
Nscatter: 9338
Nlost: 1
omega: 2018.91
Ntraj: 10000
Nfree: 626
Nscatter: 9374
Nlost: 0
omega: 1994.92
Ntraj: 10000
Nfree: 665
Nscatter: 9333
Nlost: 2
omega: 1884.57
Ntraj: 10000
Nfree: 652
Nscatter: 9348
Nlost: 0
omega: 2013.37
Ntraj: 10000
Nfree: 621
Nscatter: 9379
Nlost: 0
omega: 2005.06
*********************************************************
task: 0
worker id: 60660
time create lcl and mol: 0.000720024 s
numbers of trajectories: 6250
time trajectory calculation: 4.04768 s
task: 1
worker id: 38895
time create lcl and mol: 0.000616789 s
numbers of trajectories: 6250
time trajectory calculation: 3.00848 s
task: 2
worker id: 67042
time create lcl and mol: 0.000559092 s
numbers of trajectories: 6250
time trajectory calculation: 4.09917 s
task: 3
worker id: 47220
time create lcl and mol: 0.000651836 s
numbers of trajectories: 6250
time trajectory calculation: 4.00595 s
task: 4
worker id: 83510
time create lcl and mol: 0.000609875 s
numbers of trajectories: 6250
time trajectory calculation: 8.01704 s
task: 5
worker id: 76311
time create lcl and mol: 0.000617027 s
numbers of trajectories: 6250
time trajectory calculation: 4.12263 s
task: 6
worker id: 12478
time create lcl and mol: 0.00062108 s
numbers of trajectories: 6250
time trajectory calculation: 4.74773 s
task: 7
worker id: 47220
time create lcl and mol: 0.000541925 s
numbers of trajectories: 6250
time trajectory calculation: 2.7712 s
task: 8
worker id: 15132
time create lcl and mol: 0.000622034 s
numbers of trajectories: 6250
time trajectory calculation: 6.4488 s
task: 9
worker id: 60660
time create lcl and mol: 0.000592947 s
numbers of trajectories: 6250
time trajectory calculation: 3.63221 s
task: 10
worker id: 38895
time create lcl and mol: 0.000529051 s
numbers of trajectories: 6250
time trajectory calculation: 6.08439 s
task: 11
worker id: 67042
time create lcl and mol: 0.000556946 s
numbers of trajectories: 6250
time trajectory calculation: 3.11527 s
task: 12
worker id: 15132
time create lcl and mol: 0.000593185 s
numbers of trajectories: 6250
time trajectory calculation: 5.24653 s
task: 13
worker id: 76311
time create lcl and mol: 0.00052309 s
numbers of trajectories: 6250
time trajectory calculation: 3.15139 s
task: 14
worker id: 12478
time create lcl and mol: 0.000595093 s
numbers of trajectories: 6250
time trajectory calculation: 2.88206 s
task: 15
worker id: 47220
time create lcl and mol: 0.000627995 s
numbers of trajectories: 6250
time trajectory calculation: 4.8083 s
CCS time: 11.7865 s
*********************************************************
average value of CCS = 2008.43 Ang^2
error value of CCS = 17.6117 Ang^2
Total time: 11.7974 s
Program finished...
*********************************************************
INPUT:: Simulation Parameters 
*********************************************************
target filename                  : 02_2akq_01_carga_7_min.xyz
number of probe                  : 10000
number of iterarions             : 10
number of tasks                  : 16
number of threads                : 24
seed number                      : 2104
gas buffer                       : N2
Target Temperature (K)           : 298
timestep (fs)                    : 10
Skin cell size (Ang)             : 0.01
Equipotential                    : no
Cut short-range interaction      : yes
LJ cutoff (Ang)                  : 12
Apply long-range interaction     : yes
Cut long-range interaction       : yes
Coulomb cutoff (Ang)             : 25
Apply induced-dipole interaction : yes
alpha (Ang^3)                    : 1.71
force_type: 6
*********************************************************
Force Field parameters: 
*********************************************************
Symbol  mass (amu)  epislon (kcal/mol)  sigma(Angstroms) 
C   12.011   0.0824736   3.2255
N   14.007   0.0758527   3.5719
H   1.008   0.0362711   1.8986
O   15.999   0.062323   3.075
S   32.06   0.138032   3.4237
P   30.9738   0.145372   3.47
*********************************************************
MOLECULE:: orientation around the inertia principal axis 
*********************************************************
Inertia matrix a.u. Ang^2: 
{  2.47346e+06  80067.3  210732  }
{  80067.3  2.5905e+06  15544.3  }
{  210732  15544.3  2.4855e+06  }
Rotation matrix applied to molecule: 
{  0.652112  0.4584  0.603837  }
{  -0.725153  0.144822  0.673186  }
{  0.22114  -0.876867  0.426851  }
Molecule radius: 27.1023 Ang 
orientation time of molecule target: 0.00316596 s
target mass: 17694.5 amu
gas mass: 28.014 amu
reduce mass: 28.014 amu
charge state: 7 e
*********************************************************
Geometric Ellipsoid: 
*********************************************************
maximal distances: 19.2489  21.325  24.1645  Ang
Initial axis length: 70.3565  72.4326  75.2721  Ang
Ellipsoid axis length: 73.8965  75.9726  78.8121  Ang
ellipsoid calculation time: 5.19753e-05 s
maximal impact parameter: 78.8121 Ang
*********************************************************
Linked-cell: 
Numbers of cells: 2366
Nx: 13 Ny: 13 Nz: 14
Filled cells: 44
Empty cells: 2322
Average atoms per cell: 57
Maximum atoms per cell: 182
Minimum atoms per cell: 1
Simulation box: 
lx: 156.13 Ang
ly: 156.13 Ang
lz: 168.14 Ang
linked-cell calculation time: 0.00254178 s
time info: 0.000121117 s
*********************************************************
Trajectory calculations 
*********************************************************
out target time: 10.7655 s
Ntraj: 10000
Nfree: 667
Nscatter: 9333
Nlost: 0
omega: 2085.2
Ntraj: 10000
Nfree: 610
Nscatter: 9389
Nlost: 1
omega: 2049.63
Ntraj: 10000
Nfree: 640
Nscatter: 9359
Nlost: 1
omega: 1945.99
Ntraj: 10000
Nfree: 648
Nscatter: 9352
Nlost: 0
omega: 2016.62
Ntraj: 10000
Nfree: 676
Nscatter: 9324
Nlost: 0
omega: 2069.99
Ntraj: 10000
Nfree: 661
Nscatter: 9338
Nlost: 1
omega: 2018.91
Ntraj: 10000
Nfree: 626
Nscatter: 9374
Nlost: 0
omega: 1994.92
Ntraj: 10000
Nfree: 665
Nscatter: 9333
Nlost: 2
omega: 1884.57
Ntraj: 10000
Nfree: 652
Nscatter: 9348
Nlost: 0
omega: 2013.37
Ntraj: 10000
Nfree: 621
Nscatter: 9379
Nlost: 0
omega: 2005.06
*********************************************************
task: 0
worker id: 39310
time create lcl and mol: 0.000568867 s
numbers of trajectories: 6250
time trajectory calculation: 4.01223 s
task: 1
worker id: 47648
time create lcl and mol: 0.000543118 s
numbers of trajectories: 6250
time trajectory calculation: 2.96842 s
task: 2
worker id: 76727
time create lcl and mol: 0.000544071 s
numbers of trajectories: 6250
time trajectory calculation: 4.1058 s
task: 3
worker id: 61073
time create lcl and mol: 0.000584126 s
numbers of trajectories: 6250
time trajectory calculation: 4.07474 s
task: 4
worker id: 12896
time create lcl and mol: 0.000717163 s
numbers of trajectories: 6250
time trajectory calculation: 7.8651 s
task: 5
worker id: 83923
time create lcl and mol: 0.000821114 s
numbers of trajectories: 6250
time trajectory calculation: 4.12018 s
task: 6
worker id: 15543
time create lcl and mol: 0.000551939 s
numbers of trajectories: 6250
time trajectory calculation: 4.55211 s
task: 7
worker id: 67454
time create lcl and mol: 0.000595093 s
numbers of trajectories: 6250
time trajectory calculation: 2.82299 s
task: 8
worker id: 39310
time create lcl and mol: 0.000612974 s
numbers of trajectories: 6250
time trajectory calculation: 6.67209 s
task: 9
worker id: 83923
time create lcl and mol: 0.000661135 s
numbers of trajectories: 6250
time trajectory calculation: 3.55604 s
task: 10
worker id: 47648
time create lcl and mol: 0.000618935 s
numbers of trajectories: 6250
time trajectory calculation: 6.32617 s
task: 11
worker id: 61073
time create lcl and mol: 0.000550985 s
numbers of trajectories: 6250
time trajectory calculation: 3.15561 s
task: 12
worker id: 67454
time create lcl and mol: 0.000638962 s
numbers of trajectories: 6250
time trajectory calculation: 5.28829 s
task: 13
worker id: 61073
time create lcl and mol: 0.000618935 s
numbers of trajectories: 6250
time trajectory calculation: 3.05457 s
task: 14
worker id: 15543
time create lcl and mol: 0.000573158 s
numbers of trajectories: 6250
time trajectory calculation: 3.01588 s
task: 15
worker id: 76727
time create lcl and mol: 0.00061512 s
numbers of trajectories: 6250
time trajectory calculation: 4.92137 s
CCS time: 10.7756 s
*********************************************************
average value of CCS = 2008.43 Ang^2
error value of CCS = 17.6117 Ang^2
Total time: 10.7868 s
Program finished...
*********************************************************
INPUT:: Simulation Parameters 
*********************************************************
target filename                  : 02_2akq_01_carga_7_min.xyz
number of probe                  : 10000
number of iterarions             : 10
number of tasks                  : 16
number of threads                : 24
seed number                      : 2104
gas buffer                       : N2
Target Temperature (K)           : 298
timestep (fs)                    : 10
Skin cell size (Ang)             : 0.01
Equipotential                    : no
Cut short-range interaction      : yes
LJ cutoff (Ang)                  : 12
Apply long-range interaction     : yes
Cut long-range interaction       : yes
Coulomb cutoff (Ang)             : 25
Apply induced-dipole interaction : yes
alpha (Ang^3)                    : 1.71
force_type: 6
*********************************************************
Force Field parameters: 
*********************************************************
Symbol  mass (amu)  epislon (kcal/mol)  sigma(Angstroms) 
C   12.011   0.0824736   3.2255
N   14.007   0.0758527   3.5719
H   1.008   0.0362711   1.8986
O   15.999   0.062323   3.075
S   32.06   0.138032   3.4237
P   30.9738   0.145372   3.47
*********************************************************
MOLECULE:: orientation around the inertia principal axis 
*********************************************************
Inertia matrix a.u. Ang^2: 
{  2.47346e+06  80067.3  210732  }
{  80067.3  2.5905e+06  15544.3  }
{  210732  15544.3  2.4855e+06  }
Rotation matrix applied to molecule: 
{  0.652112  0.4584  0.603837  }
{  -0.725153  0.144822  0.673186  }
{  0.22114  -0.876867  0.426851  }
Molecule radius: 27.1023 Ang 
orientation time of molecule target: 0.0032649 s
target mass: 17694.5 amu
gas mass: 28.014 amu
reduce mass: 28.014 amu
charge state: 7 e
*********************************************************
Geometric Ellipsoid: 
*********************************************************
maximal distances: 19.2489  21.325  24.1645  Ang
Initial axis length: 70.3565  72.4326  75.2721  Ang
Ellipsoid axis length: 73.8965  75.9726  78.8121  Ang
ellipsoid calculation time: 4.60148e-05 s
maximal impact parameter: 78.8121 Ang
*********************************************************
Linked-cell: 
Numbers of cells: 2366
Nx: 13 Ny: 13 Nz: 14
Filled cells: 44
Empty cells: 2322
Average atoms per cell: 57
Maximum atoms per cell: 182
Minimum atoms per cell: 1
Simulation box: 
lx: 156.13 Ang
ly: 156.13 Ang
lz: 168.14 Ang
linked-cell calculation time: 0.002491 s
time info: 0.000123978 s
*********************************************************
Trajectory calculations 
*********************************************************
out target time: 10.7122 s
Ntraj: 10000
Nfree: 667
Nscatter: 9333
Nlost: 0
omega: 2085.2
Ntraj: 10000
Nfree: 610
Nscatter: 9389
Nlost: 1
omega: 2049.63
Ntraj: 10000
Nfree: 640
Nscatter: 9359
Nlost: 1
omega: 1945.99
Ntraj: 10000
Nfree: 648
Nscatter: 9352
Nlost: 0
omega: 2016.62
Ntraj: 10000
Nfree: 676
Nscatter: 9324
Nlost: 0
omega: 2069.99
Ntraj: 10000
Nfree: 661
Nscatter: 9338
Nlost: 1
omega: 2018.91
Ntraj: 10000
Nfree: 626
Nscatter: 9374
Nlost: 0
omega: 1994.92
Ntraj: 10000
Nfree: 665
Nscatter: 9333
Nlost: 2
omega: 1884.57
Ntraj: 10000
Nfree: 652
Nscatter: 9348
Nlost: 0
omega: 2013.37
Ntraj: 10000
Nfree: 621
Nscatter: 9379
Nlost: 0
omega: 2005.06
*********************************************************
task: 0
worker id: 84326
time create lcl and mol: 0.000584841 s
numbers of trajectories: 6250
time trajectory calculation: 3.93605 s
task: 1
worker id: 67859
time create lcl and mol: 0.000576019 s
numbers of trajectories: 6250
time trajectory calculation: 3.03796 s
task: 2
worker id: 61477
time create lcl and mol: 0.000571966 s
numbers of trajectories: 6250
time trajectory calculation: 3.87472 s
task: 3
worker id: 39718
time create lcl and mol: 0.000593901 s
numbers of trajectories: 6250
time trajectory calculation: 3.99863 s
task: 4
worker id: 13300
time create lcl and mol: 0.000741005 s
numbers of trajectories: 6250
time trajectory calculation: 8.13817 s
task: 5
worker id: 77129
time create lcl and mol: 0.000715971 s
numbers of trajectories: 6250
time trajectory calculation: 3.99715 s
task: 6
worker id: 48066
time create lcl and mol: 0.00062108 s
numbers of trajectories: 6250
time trajectory calculation: 4.6621 s
task: 7
worker id: 15945
time create lcl and mol: 0.000576019 s
numbers of trajectories: 6250
time trajectory calculation: 2.80131 s
task: 8
worker id: 39718
time create lcl and mol: 0.000592947 s
numbers of trajectories: 6250
time trajectory calculation: 6.65214 s
task: 9
worker id: 61477
time create lcl and mol: 0.000641823 s
numbers of trajectories: 6250
time trajectory calculation: 3.58924 s
task: 10
worker id: 84326
time create lcl and mol: 0.000577927 s
numbers of trajectories: 6250
time trajectory calculation: 6.3697 s
task: 11
worker id: 67859
time create lcl and mol: 0.0006001 s
numbers of trajectories: 6250
time trajectory calculation: 3.27316 s
task: 12
worker id: 77129
time create lcl and mol: 0.000589848 s
numbers of trajectories: 6250
time trajectory calculation: 5.36642 s
task: 13
worker id: 15945
time create lcl and mol: 0.00062418 s
numbers of trajectories: 6250
time trajectory calculation: 3.1885 s
task: 14
worker id: 15945
time create lcl and mol: 0.000584841 s
numbers of trajectories: 6250
time trajectory calculation: 3.02844 s
task: 15
worker id: 48066
time create lcl and mol: 0.000616074 s
numbers of trajectories: 6250
time trajectory calculation: 4.97306 s
CCS time: 10.7223 s
*********************************************************
average value of CCS = 2008.43 Ang^2
error value of CCS = 17.6117 Ang^2
Total time: 10.7332 s
Program finished...
*********************************************************
INPUT:: Simulation Parameters 
*********************************************************
target filename                  : 02_2akq_01_carga_7_min.xyz
number of probe                  : 10000
number of iterarions             : 10
number of tasks                  : 16
number of threads                : 24
seed number                      : 2104
gas buffer                       : N2
Target Temperature (K)           : 298
timestep (fs)                    : 10
Skin cell size (Ang)             : 0.01
Equipotential                    : no
Cut short-range interaction      : yes
LJ cutoff (Ang)                  : 12
Apply long-range interaction     : yes
Cut long-range interaction       : yes
Coulomb cutoff (Ang)             : 25
Apply induced-dipole interaction : yes
alpha (Ang^3)                    : 1.71
force_type: 6
*********************************************************
Force Field parameters: 
*********************************************************
Symbol  mass (amu)  epislon (kcal/mol)  sigma(Angstroms) 
C   12.011   0.0824736   3.2255
N   14.007   0.0758527   3.5719
H   1.008   0.0362711   1.8986
O   15.999   0.062323   3.075
S   32.06   0.138032   3.4237
P   30.9738   0.145372   3.47
*********************************************************
MOLECULE:: orientation around the inertia principal axis 
*********************************************************
Inertia matrix a.u. Ang^2: 
{  2.47346e+06  80067.3  210732  }
{  80067.3  2.5905e+06  15544.3  }
{  210732  15544.3  2.4855e+06  }
Rotation matrix applied to molecule: 
{  0.652112  0.4584  0.603837  }
{  -0.725153  0.144822  0.673186  }
{  0.22114  -0.876867  0.426851  }
Molecule radius: 27.1023 Ang 
orientation time of molecule target: 0.00312901 s
target mass: 17694.5 amu
gas mass: 28.014 amu
reduce mass: 28.014 amu
charge state: 7 e
*********************************************************
Geometric Ellipsoid: 
*********************************************************
maximal distances: 19.2489  21.325  24.1645  Ang
Initial axis length: 70.3565  72.4326  75.2721  Ang
Ellipsoid axis length: 73.8965  75.9726  78.8121  Ang
ellipsoid calculation time: 4.3869e-05 s
maximal impact parameter: 78.8121 Ang
*********************************************************
Linked-cell: 
Numbers of cells: 2366
Nx: 13 Ny: 13 Nz: 14
Filled cells: 44
Empty cells: 2322
Average atoms per cell: 57
Maximum atoms per cell: 182
Minimum atoms per cell: 1
Simulation box: 
lx: 156.13 Ang
ly: 156.13 Ang
lz: 168.14 Ang
linked-cell calculation time: 0.00256395 s
time info: 0.000127077 s
*********************************************************
Trajectory calculations 
*********************************************************
out target time: 13.0432 s
Ntraj: 10000
Nfree: 667
Nscatter: 9333
Nlost: 0
omega: 2085.2
Ntraj: 10000
Nfree: 610
Nscatter: 9389
Nlost: 1
omega: 2049.63
Ntraj: 10000
Nfree: 640
Nscatter: 9359
Nlost: 1
omega: 1945.99
Ntraj: 10000
Nfree: 648
Nscatter: 9352
Nlost: 0
omega: 2016.62
Ntraj: 10000
Nfree: 676
Nscatter: 9324
Nlost: 0
omega: 2069.99
Ntraj: 10000
Nfree: 661
Nscatter: 9338
Nlost: 1
omega: 2018.91
Ntraj: 10000
Nfree: 626
Nscatter: 9374
Nlost: 0
omega: 1994.92
Ntraj: 10000
Nfree: 665
Nscatter: 9333
Nlost: 2
omega: 1884.57
Ntraj: 10000
Nfree: 652
Nscatter: 9348
Nlost: 0
omega: 2013.37
Ntraj: 10000
Nfree: 621
Nscatter: 9379
Nlost: 0
omega: 2005.06
*********************************************************
task: 0
worker id: 48496
time create lcl and mol: 0.000607014 s
numbers of trajectories: 6250
time trajectory calculation: 4.01798 s
task: 1
worker id: 16366
time create lcl and mol: 0.000588894 s
numbers of trajectories: 6250
time trajectory calculation: 3.08324 s
task: 2
worker id: 61892
time create lcl and mol: 0.000607967 s
numbers of trajectories: 6250
time trajectory calculation: 4.11307 s
task: 3
worker id: 13716
time create lcl and mol: 0.000542879 s
numbers of trajectories: 6250
time trajectory calculation: 4.18544 s
task: 4
worker id: 84744
time create lcl and mol: 0.000582933 s
numbers of trajectories: 6250
time trajectory calculation: 7.75529 s
task: 5
worker id: 77544
time create lcl and mol: 0.000585794 s
numbers of trajectories: 6250
time trajectory calculation: 4.20569 s
task: 6
worker id: 61892
time create lcl and mol: 0.000613213 s
numbers of trajectories: 6250
time trajectory calculation: 4.62776 s
task: 7
worker id: 40132
time create lcl and mol: 0.000579119 s
numbers of trajectories: 6250
time trajectory calculation: 2.9252 s
task: 8
worker id: 68276
time create lcl and mol: 0.00054884 s
numbers of trajectories: 6250
time trajectory calculation: 6.54615 s
task: 9
worker id: 13716
time create lcl and mol: 0.000545979 s
numbers of trajectories: 6250
time trajectory calculation: 3.5178 s
task: 10
worker id: 68276
time create lcl and mol: 0.000593901 s
numbers of trajectories: 6250
time trajectory calculation: 6.43375 s
task: 11
worker id: 48496
time create lcl and mol: 0.00061202 s
numbers of trajectories: 6250
time trajectory calculation: 3.26337 s
task: 12
worker id: 77544
time create lcl and mol: 0.000629187 s
numbers of trajectories: 6250
time trajectory calculation: 5.33634 s
task: 13
worker id: 40132
time create lcl and mol: 0.000550032 s
numbers of trajectories: 6250
time trajectory calculation: 3.15496 s
task: 14
worker id: 40132
time create lcl and mol: 0.000626087 s
numbers of trajectories: 6250
time trajectory calculation: 3.03594 s
task: 15
worker id: 16366
time create lcl and mol: 0.00057292 s
numbers of trajectories: 6250
time trajectory calculation: 4.89548 s
CCS time: 13.0533 s
*********************************************************
average value of CCS = 2008.43 Ang^2
error value of CCS = 17.6117 Ang^2
Total time: 13.064 s
Program finished...
*********************************************************
INPUT:: Simulation Parameters 
*********************************************************
target filename                  : 02_2akq_01_carga_7_min.xyz
number of probe                  : 10000
number of iterarions             : 10
number of tasks                  : 16
number of threads                : 24
seed number                      : 2104
gas buffer                       : N2
Target Temperature (K)           : 298
timestep (fs)                    : 10
Skin cell size (Ang)             : 0.01
Equipotential                    : no
Cut short-range interaction      : yes
LJ cutoff (Ang)                  : 12
Apply long-range interaction     : yes
Cut long-range interaction       : yes
Coulomb cutoff (Ang)             : 25
Apply induced-dipole interaction : yes
alpha (Ang^3)                    : 1.71
force_type: 6
*********************************************************
Force Field parameters: 
*********************************************************
Symbol  mass (amu)  epislon (kcal/mol)  sigma(Angstroms) 
C   12.011   0.0824736   3.2255
N   14.007   0.0758527   3.5719
H   1.008   0.0362711   1.8986
O   15.999   0.062323   3.075
S   32.06   0.138032   3.4237
P   30.9738   0.145372   3.47
*********************************************************
MOLECULE:: orientation around the inertia principal axis 
*********************************************************
Inertia matrix a.u. Ang^2: 
{  2.47346e+06  80067.3  210732  }
{  80067.3  2.5905e+06  15544.3  }
{  210732  15544.3  2.4855e+06  }
Rotation matrix applied to molecule: 
{  0.652112  0.4584  0.603837  }
{  -0.725153  0.144822  0.673186  }
{  0.22114  -0.876867  0.426851  }
Molecule radius: 27.1023 Ang 
orientation time of molecule target: 0.108477 s
target mass: 17694.5 amu
gas mass: 28.014 amu
reduce mass: 28.014 amu
charge state: 7 e
*********************************************************
Geometric Ellipsoid: 
*********************************************************
maximal distances: 19.2489  21.325  24.1645  Ang
Initial axis length: 70.3565  72.4326  75.2721  Ang
Ellipsoid axis length: 73.8965  75.9726  78.8121  Ang
ellipsoid calculation time: 4.41074e-05 s
maximal impact parameter: 78.8121 Ang
*********************************************************
Linked-cell: 
Numbers of cells: 2366
Nx: 13 Ny: 13 Nz: 14
Filled cells: 44
Empty cells: 2322
Average atoms per cell: 57
Maximum atoms per cell: 182
Minimum atoms per cell: 1
Simulation box: 
lx: 156.13 Ang
ly: 156.13 Ang
lz: 168.14 Ang
linked-cell calculation time: 0.00257897 s
time info: 0.000132084 s
*********************************************************
Trajectory calculations 
*********************************************************
out target time: 11.2478 s
Ntraj: 10000
Nfree: 667
Nscatter: 9333
Nlost: 0
omega: 2085.2
Ntraj: 10000
Nfree: 610
Nscatter: 9389
Nlost: 1
omega: 2049.63
Ntraj: 10000
Nfree: 640
Nscatter: 9359
Nlost: 1
omega: 1945.99
Ntraj: 10000
Nfree: 648
Nscatter: 9352
Nlost: 0
omega: 2016.62
Ntraj: 10000
Nfree: 676
Nscatter: 9324
Nlost: 0
omega: 2069.99
Ntraj: 10000
Nfree: 661
Nscatter: 9338
Nlost: 1
omega: 2018.91
Ntraj: 10000
Nfree: 626
Nscatter: 9374
Nlost: 0
omega: 1994.92
Ntraj: 10000
Nfree: 665
Nscatter: 9333
Nlost: 2
omega: 1884.57
Ntraj: 10000
Nfree: 652
Nscatter: 9348
Nlost: 0
omega: 2013.37
Ntraj: 10000
Nfree: 621
Nscatter: 9379
Nlost: 0
omega: 2005.06
*********************************************************
task: 0
worker id: 21655
time create lcl and mol: 0.000590086 s
numbers of trajectories: 6250
time trajectory calculation: 4.02311 s
task: 1
worker id: 20954
time create lcl and mol: 0.000607967 s
numbers of trajectories: 6250
time trajectory calculation: 3.07764 s
task: 2
worker id: 28849
time create lcl and mol: 0.000549078 s
numbers of trajectories: 6250
time trajectory calculation: 4.08063 s
task: 3
worker id: 20106
time create lcl and mol: 0.000590086 s
numbers of trajectories: 6250
time trajectory calculation: 4.08137 s
task: 4
worker id: 20826
time create lcl and mol: 0.000579834 s
numbers of trajectories: 6250
time trajectory calculation: 8.01952 s
task: 5
worker id: 21175
time create lcl and mol: 0.000597 s
numbers of trajectories: 6250
time trajectory calculation: 4.17493 s
task: 6
worker id: 21287
time create lcl and mol: 0.000701904 s
numbers of trajectories: 6250
time trajectory calculation: 4.71016 s
task: 7
worker id: 21260
time create lcl and mol: 0.000534058 s
numbers of trajectories: 6250
time trajectory calculation: 2.83523 s
task: 8
worker id: 21260
time create lcl and mol: 0.000609875 s
numbers of trajectories: 6250
time trajectory calculation: 6.45853 s
task: 9
worker id: 21655
time create lcl and mol: 0.000577927 s
numbers of trajectories: 6250
time trajectory calculation: 3.55311 s
task: 10
worker id: 21287
time create lcl and mol: 0.000584841 s
numbers of trajectories: 6250
time trajectory calculation: 6.46057 s
task: 11
worker id: 21175
time create lcl and mol: 0.000585079 s
numbers of trajectories: 6250
time trajectory calculation: 3.32806 s
task: 12
worker id: 28849
time create lcl and mol: 0.000607014 s
numbers of trajectories: 6250
time trajectory calculation: 5.45611 s
task: 13
worker id: 20106
time create lcl and mol: 0.000588894 s
numbers of trajectories: 6250
time trajectory calculation: 3.18195 s
task: 14
worker id: 20106
time create lcl and mol: 0.000612974 s
numbers of trajectories: 6250
time trajectory calculation: 2.9202 s
task: 15
worker id: 20954
time create lcl and mol: 0.00062418 s
numbers of trajectories: 6250
time trajectory calculation: 4.94319 s
CCS time: 11.2584 s
*********************************************************
average value of CCS = 2008.43 Ang^2
error value of CCS = 17.6117 Ang^2
Total time: 11.3747 s
Program finished...
*********************************************************
INPUT:: Simulation Parameters 
*********************************************************
target filename                  : 02_2akq_01_carga_7_min.xyz
number of probe                  : 10000
number of iterarions             : 10
number of tasks                  : 16
number of threads                : 24
seed number                      : 2104
gas buffer                       : N2
Target Temperature (K)           : 298
timestep (fs)                    : 10
Skin cell size (Ang)             : 0.01
Equipotential                    : no
Cut short-range interaction      : yes
LJ cutoff (Ang)                  : 12
Apply long-range interaction     : yes
Cut long-range interaction       : yes
Coulomb cutoff (Ang)             : 25
Apply induced-dipole interaction : yes
alpha (Ang^3)                    : 1.71
force_type: 6
*********************************************************
Force Field parameters: 
*********************************************************
Symbol  mass (amu)  epislon (kcal/mol)  sigma(Angstroms) 
C   12.011   0.0824736   3.2255
N   14.007   0.0758527   3.5719
H   1.008   0.0362711   1.8986
O   15.999   0.062323   3.075
S   32.06   0.138032   3.4237
P   30.9738   0.145372   3.47
*********************************************************
MOLECULE:: orientation around the inertia principal axis 
*********************************************************
Inertia matrix a.u. Ang^2: 
{  2.47346e+06  80067.3  210732  }
{  80067.3  2.5905e+06  15544.3  }
{  210732  15544.3  2.4855e+06  }
Rotation matrix applied to molecule: 
{  0.652112  0.4584  0.603837  }
{  -0.725153  0.144822  0.673186  }
{  0.22114  -0.876867  0.426851  }
Molecule radius: 27.1023 Ang 
orientation time of molecule target: 0.00319195 s
target mass: 17694.5 amu
gas mass: 28.014 amu
reduce mass: 28.014 amu
charge state: 7 e
*********************************************************
Geometric Ellipsoid: 
*********************************************************
maximal distances: 19.2489  21.325  24.1645  Ang
Initial axis length: 70.3565  72.4326  75.2721  Ang
Ellipsoid axis length: 73.8965  75.9726  78.8121  Ang
ellipsoid calculation time: 4.48227e-05 s
maximal impact parameter: 78.8121 Ang
*********************************************************
Linked-cell: 
Numbers of cells: 2366
Nx: 13 Ny: 13 Nz: 14
Filled cells: 44
Empty cells: 2322
Average atoms per cell: 57
Maximum atoms per cell: 182
Minimum atoms per cell: 1
Simulation box: 
lx: 156.13 Ang
ly: 156.13 Ang
lz: 168.14 Ang
linked-cell calculation time: 0.00260091 s
time info: 0.000124931 s
*********************************************************
Trajectory calculations 
*********************************************************
out target time: 10.8346 s
Ntraj: 10000
Nfree: 667
Nscatter: 9333
Nlost: 0
omega: 2085.2
Ntraj: 10000
Nfree: 610
Nscatter: 9389
Nlost: 1
omega: 2049.63
Ntraj: 10000
Nfree: 640
Nscatter: 9359
Nlost: 1
omega: 1945.99
Ntraj: 10000
Nfree: 648
Nscatter: 9352
Nlost: 0
omega: 2016.62
Ntraj: 10000
Nfree: 676
Nscatter: 9324
Nlost: 0
omega: 2069.99
Ntraj: 10000
Nfree: 661
Nscatter: 9338
Nlost: 1
omega: 2018.91
Ntraj: 10000
Nfree: 626
Nscatter: 9374
Nlost: 0
omega: 1994.92
Ntraj: 10000
Nfree: 665
Nscatter: 9333
Nlost: 2
omega: 1884.57
Ntraj: 10000
Nfree: 652
Nscatter: 9348
Nlost: 0
omega: 2013.37
Ntraj: 10000
Nfree: 621
Nscatter: 9379
Nlost: 0
omega: 2005.06
*********************************************************
task: 0
worker id: 29266
time create lcl and mol: 0.000535011 s
numbers of trajectories: 6250
time trajectory calculation: 3.90729 s
task: 1
worker id: 21663
time create lcl and mol: 0.000597 s
numbers of trajectories: 6250
time trajectory calculation: 3.00925 s
task: 2
worker id: 22058
time create lcl and mol: 0.000583887 s
numbers of trajectories: 6250
time trajectory calculation: 4.0803 s
task: 3
worker id: 21226
time create lcl and mol: 0.000582933 s
numbers of trajectories: 6250
time trajectory calculation: 4.07545 s
task: 4
worker id: 21359
time create lcl and mol: 0.000617027 s
numbers of trajectories: 6250
time trajectory calculation: 7.7096 s
task: 5
worker id: 21695
time create lcl and mol: 0.000579119 s
numbers of trajectories: 6250
time trajectory calculation: 4.16463 s
task: 6
worker id: 20512
time create lcl and mol: 0.000550985 s
numbers of trajectories: 6250
time trajectory calculation: 4.64915 s
task: 7
worker id: 21226
time create lcl and mol: 0.000599861 s
numbers of trajectories: 6250
time trajectory calculation: 2.88313 s
task: 8
worker id: 22058
time create lcl and mol: 0.000530958 s
numbers of trajectories: 6250
time trajectory calculation: 6.61053 s
task: 9
worker id: 20512
time create lcl and mol: 0.000578165 s
numbers of trajectories: 6250
time trajectory calculation: 3.52994 s
task: 10
worker id: 21695
time create lcl and mol: 0.000576973 s
numbers of trajectories: 6250
time trajectory calculation: 6.2222 s
task: 11
worker id: 29266
time create lcl and mol: 0.000612974 s
numbers of trajectories: 6250
time trajectory calculation: 3.31077 s
task: 12
worker id: 21576
time create lcl and mol: 0.000538111 s
numbers of trajectories: 6250
time trajectory calculation: 5.07091 s
task: 13
worker id: 21359
time create lcl and mol: 0.000528097 s
numbers of trajectories: 6250
time trajectory calculation: 3.05161 s
task: 14
worker id: 21663
time create lcl and mol: 0.000797987 s
numbers of trajectories: 6250
time trajectory calculation: 3.00449 s
task: 15
worker id: 21576
time create lcl and mol: 0.000575066 s
numbers of trajectories: 6250
time trajectory calculation: 5.00782 s
CCS time: 10.845 s
*********************************************************
average value of CCS = 2008.43 Ang^2
error value of CCS = 17.6117 Ang^2
Total time: 10.856 s
Program finished...
*********************************************************
INPUT:: Simulation Parameters 
*********************************************************
target filename                  : 02_2akq_01_carga_7_min.xyz
number of probe                  : 10000
number of iterarions             : 10
number of tasks                  : 16
number of threads                : 24
seed number                      : 2104
gas buffer                       : N2
Target Temperature (K)           : 298
timestep (fs)                    : 10
Skin cell size (Ang)             : 0.01
Equipotential                    : no
Cut short-range interaction      : yes
LJ cutoff (Ang)                  : 12
Apply long-range interaction     : yes
Cut long-range interaction       : yes
Coulomb cutoff (Ang)             : 25
Apply induced-dipole interaction : yes
alpha (Ang^3)                    : 1.71
force_type: 6
*********************************************************
Force Field parameters: 
*********************************************************
Symbol  mass (amu)  epislon (kcal/mol)  sigma(Angstroms) 
C   12.011   0.0824736   3.2255
N   14.007   0.0758527   3.5719
H   1.008   0.0362711   1.8986
O   15.999   0.062323   3.075
S   32.06   0.138032   3.4237
P   30.9738   0.145372   3.47
*********************************************************
MOLECULE:: orientation around the inertia principal axis 
*********************************************************
Inertia matrix a.u. Ang^2: 
{  2.47346e+06  80067.3  210732  }
{  80067.3  2.5905e+06  15544.3  }
{  210732  15544.3  2.4855e+06  }
Rotation matrix applied to molecule: 
{  0.652112  0.4584  0.603837  }
{  -0.725153  0.144822  0.673186  }
{  0.22114  -0.876867  0.426851  }
Molecule radius: 27.1023 Ang 
orientation time of molecule target: 0.00324988 s
target mass: 17694.5 amu
gas mass: 28.014 amu
reduce mass: 28.014 amu
charge state: 7 e
*********************************************************
Geometric Ellipsoid: 
*********************************************************
maximal distances: 19.2489  21.325  24.1645  Ang
Initial axis length: 70.3565  72.4326  75.2721  Ang
Ellipsoid axis length: 73.8965  75.9726  78.8121  Ang
ellipsoid calculation time: 4.60148e-05 s
maximal impact parameter: 78.8121 Ang
*********************************************************
Linked-cell: 
Numbers of cells: 2366
Nx: 13 Ny: 13 Nz: 14
Filled cells: 44
Empty cells: 2322
Average atoms per cell: 57
Maximum atoms per cell: 182
Minimum atoms per cell: 1
Simulation box: 
lx: 156.13 Ang
ly: 156.13 Ang
lz: 168.14 Ang
linked-cell calculation time: 0.00251889 s
time info: 0.000123978 s
*********************************************************
Trajectory calculations 
*********************************************************
out target time: 12.4888 s
Ntraj: 10000
Nfree: 667
Nscatter: 9333
Nlost: 0
omega: 2085.2
Ntraj: 10000
Nfree: 610
Nscatter: 9389
Nlost: 1
omega: 2049.63
Ntraj: 10000
Nfree: 640
Nscatter: 9359
Nlost: 1
omega: 1945.99
Ntraj: 10000
Nfree: 648
Nscatter: 9352
Nlost: 0
omega: 2016.62
Ntraj: 10000
Nfree: 676
Nscatter: 9324
Nlost: 0
omega: 2069.99
Ntraj: 10000
Nfree: 661
Nscatter: 9338
Nlost: 1
omega: 2018.91
Ntraj: 10000
Nfree: 626
Nscatter: 9374
Nlost: 0
omega: 1994.92
Ntraj: 10000
Nfree: 665
Nscatter: 9333
Nlost: 2
omega: 1884.57
Ntraj: 10000
Nfree: 652
Nscatter: 9348
Nlost: 0
omega: 2013.37
Ntraj: 10000
Nfree: 621
Nscatter: 9379
Nlost: 0
omega: 2005.06
*********************************************************
task: 0
worker id: 20911
time create lcl and mol: 0.00054884 s
numbers of trajectories: 6250
time trajectory calculation: 3.89533 s
task: 1
worker id: 21625
time create lcl and mol: 0.000566006 s
numbers of trajectories: 6250
time trajectory calculation: 3.06492 s
task: 2
worker id: 22060
time create lcl and mol: 0.000574112 s
numbers of trajectories: 6250
time trajectory calculation: 4.14697 s
task: 3
worker id: 29679
time create lcl and mol: 0.00051403 s
numbers of trajectories: 6250
time trajectory calculation: 4.17167 s
task: 4
worker id: 21975
time create lcl and mol: 0.000530005 s
numbers of trajectories: 6250
time trajectory calculation: 8.0609 s
task: 5
worker id: 22095
time create lcl and mol: 0.000560999 s
numbers of trajectories: 6250
time trajectory calculation: 4.2128 s
task: 6
worker id: 22456
time create lcl and mol: 0.000604153 s
numbers of trajectories: 6250
time trajectory calculation: 4.72292 s
task: 7
worker id: 21758
time create lcl and mol: 0.00062108 s
numbers of trajectories: 6250
time trajectory calculation: 2.85679 s
task: 8
worker id: 20911
time create lcl and mol: 0.000546932 s
numbers of trajectories: 6250
time trajectory calculation: 6.63836 s
task: 9
worker id: 21625
time create lcl and mol: 0.00057292 s
numbers of trajectories: 6250
time trajectory calculation: 3.54999 s
task: 10
worker id: 21758
time create lcl and mol: 0.000575066 s
numbers of trajectories: 6250
time trajectory calculation: 6.28878 s
task: 11
worker id: 21758
time create lcl and mol: 0.000586987 s
numbers of trajectories: 6250
time trajectory calculation: 3.27166 s
task: 12
worker id: 22095
time create lcl and mol: 0.000536203 s
numbers of trajectories: 6250
time trajectory calculation: 5.31696 s
task: 13
worker id: 22456
time create lcl and mol: 0.000592947 s
numbers of trajectories: 6250
time trajectory calculation: 3.18189 s
task: 14
worker id: 22060
time create lcl and mol: 0.000574827 s
numbers of trajectories: 6250
time trajectory calculation: 2.96245 s
task: 15
worker id: 29679
time create lcl and mol: 0.000566959 s
numbers of trajectories: 6250
time trajectory calculation: 4.97645 s
CCS time: 12.4989 s
*********************************************************
average value of CCS = 2008.43 Ang^2
error value of CCS = 17.6117 Ang^2
Total time: 12.5098 s
Program finished...
*********************************************************
INPUT:: Simulation Parameters 
*********************************************************
target filename                  : 02_2akq_01_carga_7_min.xyz
number of probe                  : 10000
number of iterarions             : 10
number of tasks                  : 16
number of threads                : 24
seed number                      : 2104
gas buffer                       : N2
Target Temperature (K)           : 298
timestep (fs)                    : 10
Skin cell size (Ang)             : 0.01
Equipotential                    : no
Cut short-range interaction      : yes
LJ cutoff (Ang)                  : 12
Apply long-range interaction     : yes
Cut long-range interaction       : yes
Coulomb cutoff (Ang)             : 25
Apply induced-dipole interaction : yes
alpha (Ang^3)                    : 1.71
force_type: 6
*********************************************************
Force Field parameters: 
*********************************************************
Symbol  mass (amu)  epislon (kcal/mol)  sigma(Angstroms) 
C   12.011   0.0824736   3.2255
N   14.007   0.0758527   3.5719
H   1.008   0.0362711   1.8986
O   15.999   0.062323   3.075
S   32.06   0.138032   3.4237
P   30.9738   0.145372   3.47
*********************************************************
MOLECULE:: orientation around the inertia principal axis 
*********************************************************
Inertia matrix a.u. Ang^2: 
{  2.47346e+06  80067.3  210732  }
{  80067.3  2.5905e+06  15544.3  }
{  210732  15544.3  2.4855e+06  }
Rotation matrix applied to molecule: 
{  0.652112  0.4584  0.603837  }
{  -0.725153  0.144822  0.673186  }
{  0.22114  -0.876867  0.426851  }
Molecule radius: 27.1023 Ang 
orientation time of molecule target: 0.00327802 s
target mass: 17694.5 amu
gas mass: 28.014 amu
reduce mass: 28.014 amu
charge state: 7 e
*********************************************************
Geometric Ellipsoid: 
*********************************************************
maximal distances: 19.2489  21.325  24.1645  Ang
Initial axis length: 70.3565  72.4326  75.2721  Ang
Ellipsoid axis length: 73.8965  75.9726  78.8121  Ang
ellipsoid calculation time: 5.00679e-05 s
maximal impact parameter: 78.8121 Ang
*********************************************************
Linked-cell: 
Numbers of cells: 2366
Nx: 13 Ny: 13 Nz: 14
Filled cells: 44
Empty cells: 2322
Average atoms per cell: 57
Maximum atoms per cell: 182
Minimum atoms per cell: 1
Simulation box: 
lx: 156.13 Ang
ly: 156.13 Ang
lz: 168.14 Ang
linked-cell calculation time: 0.00255489 s
time info: 0.000120878 s
*********************************************************
Trajectory calculations 
*********************************************************
out target time: 11.0082 s
Ntraj: 10000
Nfree: 667
Nscatter: 9333
Nlost: 0
omega: 2085.2
Ntraj: 10000
Nfree: 610
Nscatter: 9389
Nlost: 1
omega: 2049.63
Ntraj: 10000
Nfree: 640
Nscatter: 9359
Nlost: 1
omega: 1945.99
Ntraj: 10000
Nfree: 648
Nscatter: 9352
Nlost: 0
omega: 2016.62
Ntraj: 10000
Nfree: 676
Nscatter: 9324
Nlost: 0
omega: 2069.99
Ntraj: 10000
Nfree: 661
Nscatter: 9338
Nlost: 1
omega: 2018.91
Ntraj: 10000
Nfree: 626
Nscatter: 9374
Nlost: 0
omega: 1994.92
Ntraj: 10000
Nfree: 665
Nscatter: 9333
Nlost: 2
omega: 1884.57
Ntraj: 10000
Nfree: 652
Nscatter: 9348
Nlost: 0
omega: 2013.37
Ntraj: 10000
Nfree: 621
Nscatter: 9379
Nlost: 0
omega: 2005.06
*********************************************************
task: 0
worker id: 22789
time create lcl and mol: 0.000586033 s
numbers of trajectories: 6250
time trajectory calculation: 4.0051 s
task: 1
worker id: 22824
time create lcl and mol: 0.000673771 s
numbers of trajectories: 6250
time trajectory calculation: 3.01492 s
task: 2
worker id: 22789
time create lcl and mol: 0.000599146 s
numbers of trajectories: 6250
time trajectory calculation: 4.15834 s
task: 3
worker id: 22352
time create lcl and mol: 0.000591993 s
numbers of trajectories: 6250
time trajectory calculation: 4.01099 s
task: 4
worker id: 30421
time create lcl and mol: 0.000588894 s
numbers of trajectories: 6250
time trajectory calculation: 7.68831 s
task: 5
worker id: 23186
time create lcl and mol: 0.000571012 s
numbers of trajectories: 6250
time trajectory calculation: 4.13202 s
task: 6
worker id: 22824
time create lcl and mol: 0.000601053 s
numbers of trajectories: 6250
time trajectory calculation: 4.58766 s
task: 7
worker id: 22789
time create lcl and mol: 0.000625849 s
numbers of trajectories: 6250
time trajectory calculation: 2.77425 s
task: 8
worker id: 22487
time create lcl and mol: 0.000651121 s
numbers of trajectories: 6250
time trajectory calculation: 6.62674 s
task: 9
worker id: 23186
time create lcl and mol: 0.000589848 s
numbers of trajectories: 6250
time trajectory calculation: 3.39958 s
task: 10
worker id: 22702
time create lcl and mol: 0.000678062 s
numbers of trajectories: 6250
time trajectory calculation: 6.15691 s
task: 11
worker id: 22352
time create lcl and mol: 0.000565052 s
numbers of trajectories: 6250
time trajectory calculation: 3.15998 s
task: 12
worker id: 21639
time create lcl and mol: 0.000573874 s
numbers of trajectories: 6250
time trajectory calculation: 5.2797 s
task: 13
worker id: 22702
time create lcl and mol: 0.000608921 s
numbers of trajectories: 6250
time trajectory calculation: 3.21252 s
task: 14
worker id: 22487
time create lcl and mol: 0.000542879 s
numbers of trajectories: 6250
time trajectory calculation: 2.94945 s
task: 15
worker id: 21639
time create lcl and mol: 0.000548124 s
numbers of trajectories: 6250
time trajectory calculation: 4.92087 s
CCS time: 11.0183 s
*********************************************************
average value of CCS = 2008.43 Ang^2
error value of CCS = 17.6117 Ang^2
Total time: 11.029 s
Program finished...
*********************************************************
INPUT:: Simulation Parameters 
*********************************************************
target filename                  : 02_2akq_01_carga_7_min.xyz
number of probe                  : 10000
number of iterarions             : 10
number of tasks                  : 16
number of threads                : 24
seed number                      : 2104
gas buffer                       : N2
Target Temperature (K)           : 298
timestep (fs)                    : 10
Skin cell size (Ang)             : 0.01
Equipotential                    : no
Cut short-range interaction      : yes
LJ cutoff (Ang)                  : 12
Apply long-range interaction     : yes
Cut long-range interaction       : yes
Coulomb cutoff (Ang)             : 25
Apply induced-dipole interaction : yes
alpha (Ang^3)                    : 1.71
force_type: 6
*********************************************************
Force Field parameters: 
*********************************************************
Symbol  mass (amu)  epislon (kcal/mol)  sigma(Angstroms) 
C   12.011   0.0824736   3.2255
N   14.007   0.0758527   3.5719
H   1.008   0.0362711   1.8986
O   15.999   0.062323   3.075
S   32.06   0.138032   3.4237
P   30.9738   0.145372   3.47
*********************************************************
MOLECULE:: orientation around the inertia principal axis 
*********************************************************
Inertia matrix a.u. Ang^2: 
{  2.47346e+06  80067.3  210732  }
{  80067.3  2.5905e+06  15544.3  }
{  210732  15544.3  2.4855e+06  }
Rotation matrix applied to molecule: 
{  0.652112  0.4584  0.603837  }
{  -0.725153  0.144822  0.673186  }
{  0.22114  -0.876867  0.426851  }
Molecule radius: 27.1023 Ang 
orientation time of molecule target: 0.00330997 s
target mass: 17694.5 amu
gas mass: 28.014 amu
reduce mass: 28.014 amu
charge state: 7 e
*********************************************************
Geometric Ellipsoid: 
*********************************************************
maximal distances: 19.2489  21.325  24.1645  Ang
Initial axis length: 70.3565  72.4326  75.2721  Ang
Ellipsoid axis length: 73.8965  75.9726  78.8121  Ang
ellipsoid calculation time: 4.69685e-05 s
maximal impact parameter: 78.8121 Ang
*********************************************************
Linked-cell: 
Numbers of cells: 2366
Nx: 13 Ny: 13 Nz: 14
Filled cells: 44
Empty cells: 2322
Average atoms per cell: 57
Maximum atoms per cell: 182
Minimum atoms per cell: 1
Simulation box: 
lx: 156.13 Ang
ly: 156.13 Ang
lz: 168.14 Ang
linked-cell calculation time: 0.00251794 s
time info: 0.00012207 s
*********************************************************
Trajectory calculations 
*********************************************************
out target time: 10.4392 s
Ntraj: 10000
Nfree: 667
Nscatter: 9333
Nlost: 0
omega: 2085.2
Ntraj: 10000
Nfree: 610
Nscatter: 9389
Nlost: 1
omega: 2049.63
Ntraj: 10000
Nfree: 640
Nscatter: 9359
Nlost: 1
omega: 1945.99
Ntraj: 10000
Nfree: 648
Nscatter: 9352
Nlost: 0
omega: 2016.62
Ntraj: 10000
Nfree: 676
Nscatter: 9324
Nlost: 0
omega: 2069.99
Ntraj: 10000
Nfree: 661
Nscatter: 9338
Nlost: 1
omega: 2018.91
Ntraj: 10000
Nfree: 626
Nscatter: 9374
Nlost: 0
omega: 1994.92
Ntraj: 10000
Nfree: 665
Nscatter: 9333
Nlost: 2
omega: 1884.57
Ntraj: 10000
Nfree: 652
Nscatter: 9348
Nlost: 0
omega: 2013.37
Ntraj: 10000
Nfree: 621
Nscatter: 9379
Nlost: 0
omega: 2005.06
*********************************************************
task: 0
worker id: 23187
time create lcl and mol: 0.000548124 s
numbers of trajectories: 6250
time trajectory calculation: 3.77821 s
task: 1
worker id: 30833
time create lcl and mol: 0.000586033 s
numbers of trajectories: 6250
time trajectory calculation: 3.02939 s
task: 2
worker id: 22039
time create lcl and mol: 0.00057292 s
numbers of trajectories: 6250
time trajectory calculation: 4.10169 s
task: 3
worker id: 22039
time create lcl and mol: 0.000595093 s
numbers of trajectories: 6250
time trajectory calculation: 4.21815 s
task: 4
worker id: 23225
time create lcl and mol: 0.00054884 s
numbers of trajectories: 6250
time trajectory calculation: 8.11472 s
task: 5
worker id: 23105
time create lcl and mol: 0.000613928 s
numbers of trajectories: 6250
time trajectory calculation: 4.1778 s
task: 6
worker id: 23585
time create lcl and mol: 0.000576973 s
numbers of trajectories: 6250
time trajectory calculation: 4.57818 s
task: 7
worker id: 22886
time create lcl and mol: 0.000591993 s
numbers of trajectories: 6250
time trajectory calculation: 2.8074 s
task: 8
worker id: 23187
time create lcl and mol: 0.000623941 s
numbers of trajectories: 6250
time trajectory calculation: 6.59663 s
task: 9
worker id: 30833
time create lcl and mol: 0.000609159 s
numbers of trajectories: 6250
time trajectory calculation: 3.55105 s
task: 10
worker id: 22754
time create lcl and mol: 0.00058198 s
numbers of trajectories: 6250
time trajectory calculation: 6.26785 s
task: 11
worker id: 22886
time create lcl and mol: 0.000728846 s
numbers of trajectories: 6250
time trajectory calculation: 3.14679 s
task: 12
worker id: 23585
time create lcl and mol: 0.000603914 s
numbers of trajectories: 6250
time trajectory calculation: 5.17315 s
task: 13
worker id: 22754
time create lcl and mol: 0.000601053 s
numbers of trajectories: 6250
time trajectory calculation: 3.17855 s
task: 14
worker id: 22886
time create lcl and mol: 0.000599146 s
numbers of trajectories: 6250
time trajectory calculation: 2.88239 s
task: 15
worker id: 23105
time create lcl and mol: 0.000576973 s
numbers of trajectories: 6250
time trajectory calculation: 4.91815 s
CCS time: 10.4493 s
*********************************************************
average value of CCS = 2008.43 Ang^2
error value of CCS = 17.6117 Ang^2
Total time: 10.4606 s
Program finished...
