*********************************************************
INPUT:: Simulation Parameters 
*********************************************************
target filename                  : 01_1hrc_carga_6_min.xyz
number of probe                  : 10000
number of iterarions             : 10
number of tasks                  : 32
number of threads                : 24
seed number                      : 2104
gas buffer                       : N2
Target Temperature (K)           : 298
timestep (fs)                    : 10
Skin cell size (Ang)             : 0.01
Equipotential                    : no
Cut short-range interaction      : yes
LJ cutoff (Ang)                  : 12
Apply long-range interaction     : yes
Cut long-range interaction       : yes
Coulomb cutoff (Ang)             : 25
Apply induced-dipole interaction : yes
alpha (Ang^3)                    : 1.71
force_type: 6
*********************************************************
Force Field parameters: 
*********************************************************
Symbol  mass (amu)  epislon (kcal/mol)  sigma(Angstroms) 
C   12.011   0.0824736   3.2255
N   14.007   0.0758527   3.5719
H   1.008   0.0362711   1.8986
O   15.999   0.062323   3.075
S   32.06   0.138032   3.4237
P   30.9738   0.145372   3.47
*********************************************************
MOLECULE:: orientation around the inertia principal axis 
*********************************************************
Inertia matrix a.u. Ang^2: 
{  1.21937e+06  -9076.06  88353.3  }
{  -9076.06  1.41794e+06  -125113  }
{  88353.3  -125113  1.12332e+06  }
Rotation matrix applied to molecule: 
{  0.163703  -0.914018  0.371178  }
{  -0.414928  0.27756  0.866485  }
{  -0.895006  -0.295858  -0.333814  }
Molecule radius: 20.4362 Ang 
orientation time of molecule target: 0.0761011 s
target mass: 11746.6 amu
gas mass: 28.014 amu
reduce mass: 28.014 amu
charge state: 5.6627 e
*********************************************************
Geometric Ellipsoid: 
*********************************************************
maximal distances: 15.1465  19.5167  20.2827  Ang
Initial axis length: 66.2541  70.6243  71.3903  Ang
Ellipsoid axis length: 68.4341  72.8043  73.5703  Ang
ellipsoid calculation time: 3.88622e-05 s
maximal impact parameter: 73.5703 Ang
*********************************************************
Linked-cell: 
Numbers of cells: 2028
Nx: 12 Ny: 13 Nz: 13
Filled cells: 30
Empty cells: 1998
Average atoms per cell: 55.7
Maximum atoms per cell: 175
Minimum atoms per cell: 2
Simulation box: 
lx: 144.12 Ang
ly: 156.13 Ang
lz: 156.13 Ang
linked-cell calculation time: 0.0022409 s
time info: 8.89301e-05 s
*********************************************************
Trajectory calculations 
*********************************************************
out target time: 14.8858 s
Ntraj: 10000
Nfree: 533
Nscatter: 9466
Nlost: 1
omega: 1537.8
Ntraj: 10000
Nfree: 501
Nscatter: 9496
Nlost: 3
omega: 1627.06
Ntraj: 10000
Nfree: 521
Nscatter: 9478
Nlost: 1
omega: 1513.41
Ntraj: 10000
Nfree: 509
Nscatter: 9489
Nlost: 2
omega: 1471.99
Ntraj: 10000
Nfree: 530
Nscatter: 9469
Nlost: 1
omega: 1533.67
Ntraj: 10000
Nfree: 553
Nscatter: 9444
Nlost: 3
omega: 1549.23
Ntraj: 10000
Nfree: 512
Nscatter: 9487
Nlost: 1
omega: 1471.59
Ntraj: 10000
Nfree: 517
Nscatter: 9478
Nlost: 5
omega: 1432.91
Ntraj: 10000
Nfree: 538
Nscatter: 9460
Nlost: 2
omega: 1487.25
Ntraj: 10000
Nfree: 484
Nscatter: 9515
Nlost: 1
omega: 1606.87
*********************************************************
task: 0
worker id: 46452
time create lcl and mol: 0.00048089 s
numbers of trajectories: 3125
time trajectory calculation: 1.0185 s
task: 1
worker id: 72411
time create lcl and mol: 0.000500917 s
numbers of trajectories: 3125
time trajectory calculation: 2.90378 s
task: 2
worker id: 45147
time create lcl and mol: 0.000616789 s
numbers of trajectories: 3125
time trajectory calculation: 2.89068 s
task: 3
worker id: 46844
time create lcl and mol: 0.000462055 s
numbers of trajectories: 3125
time trajectory calculation: 1.45761 s
task: 4
worker id: 44273
time create lcl and mol: 0.000553846 s
numbers of trajectories: 3125
time trajectory calculation: 5.01143 s
task: 5
worker id: 46965
time create lcl and mol: 0.000452042 s
numbers of trajectories: 3125
time trajectory calculation: 3.75896 s
task: 6
worker id: 47363
time create lcl and mol: 0.000473022 s
numbers of trajectories: 3125
time trajectory calculation: 1.56394 s
task: 7
worker id: 45406
time create lcl and mol: 0.000479937 s
numbers of trajectories: 3125
time trajectory calculation: 4.90356 s
task: 8
worker id: 46452
time create lcl and mol: 0.000509977 s
numbers of trajectories: 3125
time trajectory calculation: 2.29833 s
task: 9
worker id: 47363
time create lcl and mol: 0.000472069 s
numbers of trajectories: 3125
time trajectory calculation: 1.37307 s
task: 10
worker id: 45147
time create lcl and mol: 0.000488043 s
numbers of trajectories: 3125
time trajectory calculation: 2.79073 s
task: 11
worker id: 44273
time create lcl and mol: 0.000436783 s
numbers of trajectories: 3125
time trajectory calculation: 2.67642 s
task: 12
worker id: 46844
time create lcl and mol: 0.000494003 s
numbers of trajectories: 3125
time trajectory calculation: 3.04435 s
task: 13
worker id: 46452
time create lcl and mol: 0.00049305 s
numbers of trajectories: 3125
time trajectory calculation: 2.60134 s
task: 14
worker id: 45147
time create lcl and mol: 0.00050807 s
numbers of trajectories: 3125
time trajectory calculation: 5.67043 s
task: 15
worker id: 47363
time create lcl and mol: 0.000515938 s
numbers of trajectories: 3125
time trajectory calculation: 2.83476 s
task: 16
worker id: 46965
time create lcl and mol: 0.000491858 s
numbers of trajectories: 3125
time trajectory calculation: 3.81885 s
task: 17
worker id: 72411
time create lcl and mol: 0.000504971 s
numbers of trajectories: 3125
time trajectory calculation: 2.20971 s
task: 18
worker id: 72411
time create lcl and mol: 0.000498056 s
numbers of trajectories: 3125
time trajectory calculation: 3.24678 s
task: 19
worker id: 45406
time create lcl and mol: 0.00050807 s
numbers of trajectories: 3125
time trajectory calculation: 2.2012 s
task: 20
worker id: 72411
time create lcl and mol: 0.00046587 s
numbers of trajectories: 3125
time trajectory calculation: 1.55468 s
task: 21
worker id: 45406
time create lcl and mol: 0.000761986 s
numbers of trajectories: 3125
time trajectory calculation: 2.3094 s
task: 22
worker id: 47363
time create lcl and mol: 0.000473976 s
numbers of trajectories: 3125
time trajectory calculation: 2.46495 s
task: 23
worker id: 46452
time create lcl and mol: 0.000446081 s
numbers of trajectories: 3125
time trajectory calculation: 4.28109 s
task: 24
worker id: 47363
time create lcl and mol: 0.000746965 s
numbers of trajectories: 3125
time trajectory calculation: 2.96923 s
task: 25
worker id: 46965
time create lcl and mol: 0.000462055 s
numbers of trajectories: 3125
time trajectory calculation: 4.48246 s
task: 26
worker id: 46452
time create lcl and mol: 0.000504971 s
numbers of trajectories: 3125
time trajectory calculation: 1.29299 s
task: 27
worker id: 45406
time create lcl and mol: 0.000490904 s
numbers of trajectories: 3125
time trajectory calculation: 5.38411 s
task: 28
worker id: 44273
time create lcl and mol: 0.000488043 s
numbers of trajectories: 3125
time trajectory calculation: 1.69956 s
task: 29
worker id: 46844
time create lcl and mol: 0.00052309 s
numbers of trajectories: 3125
time trajectory calculation: 4.20819 s
task: 30
worker id: 46844
time create lcl and mol: 0.000485897 s
numbers of trajectories: 3125
time trajectory calculation: 2.73567 s
task: 31
worker id: 44273
time create lcl and mol: 0.000463009 s
numbers of trajectories: 3125
time trajectory calculation: 4.09123 s
CCS time: 14.8965 s
*********************************************************
average value of CCS = 1523.18 Ang^2
error value of CCS = 18.3344 Ang^2
Total time: 14.9801 s
Program finished...
*********************************************************
INPUT:: Simulation Parameters 
*********************************************************
target filename                  : 01_1hrc_carga_6_min.xyz
number of probe                  : 10000
number of iterarions             : 10
number of tasks                  : 32
number of threads                : 24
seed number                      : 2104
gas buffer                       : N2
Target Temperature (K)           : 298
timestep (fs)                    : 10
Skin cell size (Ang)             : 0.01
Equipotential                    : no
Cut short-range interaction      : yes
LJ cutoff (Ang)                  : 12
Apply long-range interaction     : yes
Cut long-range interaction       : yes
Coulomb cutoff (Ang)             : 25
Apply induced-dipole interaction : yes
alpha (Ang^3)                    : 1.71
force_type: 6
*********************************************************
Force Field parameters: 
*********************************************************
Symbol  mass (amu)  epislon (kcal/mol)  sigma(Angstroms) 
C   12.011   0.0824736   3.2255
N   14.007   0.0758527   3.5719
H   1.008   0.0362711   1.8986
O   15.999   0.062323   3.075
S   32.06   0.138032   3.4237
P   30.9738   0.145372   3.47
*********************************************************
MOLECULE:: orientation around the inertia principal axis 
*********************************************************
Inertia matrix a.u. Ang^2: 
{  1.21937e+06  -9076.06  88353.3  }
{  -9076.06  1.41794e+06  -125113  }
{  88353.3  -125113  1.12332e+06  }
Rotation matrix applied to molecule: 
{  0.163703  -0.914018  0.371178  }
{  -0.414928  0.27756  0.866485  }
{  -0.895006  -0.295858  -0.333814  }
Molecule radius: 20.4362 Ang 
orientation time of molecule target: 0.00240397 s
target mass: 11746.6 amu
gas mass: 28.014 amu
reduce mass: 28.014 amu
charge state: 5.6627 e
*********************************************************
Geometric Ellipsoid: 
*********************************************************
maximal distances: 15.1465  19.5167  20.2827  Ang
Initial axis length: 66.2541  70.6243  71.3903  Ang
Ellipsoid axis length: 68.4341  72.8043  73.5703  Ang
ellipsoid calculation time: 3.79086e-05 s
maximal impact parameter: 73.5703 Ang
*********************************************************
Linked-cell: 
Numbers of cells: 2028
Nx: 12 Ny: 13 Nz: 13
Filled cells: 30
Empty cells: 1998
Average atoms per cell: 55.7
Maximum atoms per cell: 175
Minimum atoms per cell: 2
Simulation box: 
lx: 144.12 Ang
ly: 156.13 Ang
lz: 156.13 Ang
linked-cell calculation time: 0.00210404 s
time info: 8.39233e-05 s
*********************************************************
Trajectory calculations 
*********************************************************
out target time: 14.9466 s
Ntraj: 10000
Nfree: 533
Nscatter: 9466
Nlost: 1
omega: 1537.8
Ntraj: 10000
Nfree: 501
Nscatter: 9496
Nlost: 3
omega: 1627.06
Ntraj: 10000
Nfree: 521
Nscatter: 9478
Nlost: 1
omega: 1513.41
Ntraj: 10000
Nfree: 509
Nscatter: 9489
Nlost: 2
omega: 1471.99
Ntraj: 10000
Nfree: 530
Nscatter: 9469
Nlost: 1
omega: 1533.67
Ntraj: 10000
Nfree: 553
Nscatter: 9444
Nlost: 3
omega: 1549.23
Ntraj: 10000
Nfree: 512
Nscatter: 9487
Nlost: 1
omega: 1471.59
Ntraj: 10000
Nfree: 517
Nscatter: 9478
Nlost: 5
omega: 1432.91
Ntraj: 10000
Nfree: 538
Nscatter: 9460
Nlost: 2
omega: 1487.25
Ntraj: 10000
Nfree: 484
Nscatter: 9515
Nlost: 1
omega: 1606.87
*********************************************************
task: 0
worker id: 73135
time create lcl and mol: 0.000509024 s
numbers of trajectories: 3125
time trajectory calculation: 1.02074 s
task: 1
worker id: 47163
time create lcl and mol: 0.000467062 s
numbers of trajectories: 3125
time trajectory calculation: 2.9174 s
task: 2
worker id: 44985
time create lcl and mol: 0.000452042 s
numbers of trajectories: 3125
time trajectory calculation: 2.94481 s
task: 3
worker id: 47675
time create lcl and mol: 0.00048089 s
numbers of trajectories: 3125
time trajectory calculation: 1.40336 s
task: 4
worker id: 45858
time create lcl and mol: 0.000466108 s
numbers of trajectories: 3125
time trajectory calculation: 5.25493 s
task: 5
worker id: 47554
time create lcl and mol: 0.000464916 s
numbers of trajectories: 3125
time trajectory calculation: 3.74861 s
task: 6
worker id: 48073
time create lcl and mol: 0.000504971 s
numbers of trajectories: 3125
time trajectory calculation: 1.56213 s
task: 7
worker id: 46115
time create lcl and mol: 0.000481129 s
numbers of trajectories: 3125
time trajectory calculation: 4.74914 s
task: 8
worker id: 48073
time create lcl and mol: 0.000524998 s
numbers of trajectories: 3125
time trajectory calculation: 2.34172 s
task: 9
worker id: 47554
time create lcl and mol: 0.00048399 s
numbers of trajectories: 3125
time trajectory calculation: 1.33639 s
task: 10
worker id: 73135
time create lcl and mol: 0.000477076 s
numbers of trajectories: 3125
time trajectory calculation: 2.8504 s
task: 11
worker id: 44985
time create lcl and mol: 0.000472784 s
numbers of trajectories: 3125
time trajectory calculation: 2.50227 s
task: 12
worker id: 73135
time create lcl and mol: 0.000519037 s
numbers of trajectories: 3125
time trajectory calculation: 2.93312 s
task: 13
worker id: 47163
time create lcl and mol: 0.000503063 s
numbers of trajectories: 3125
time trajectory calculation: 2.5696 s
task: 14
worker id: 44985
time create lcl and mol: 0.000473022 s
numbers of trajectories: 3125
time trajectory calculation: 5.65403 s
task: 15
worker id: 47675
time create lcl and mol: 0.000507116 s
numbers of trajectories: 3125
time trajectory calculation: 2.72136 s
task: 16
worker id: 73135
time create lcl and mol: 0.000531912 s
numbers of trajectories: 3125
time trajectory calculation: 4.02013 s
task: 17
worker id: 47554
time create lcl and mol: 0.000476122 s
numbers of trajectories: 3125
time trajectory calculation: 2.27847 s
task: 18
worker id: 47675
time create lcl and mol: 0.000479937 s
numbers of trajectories: 3125
time trajectory calculation: 3.33474 s
task: 19
worker id: 47163
time create lcl and mol: 0.000499964 s
numbers of trajectories: 3125
time trajectory calculation: 2.23078 s
task: 20
worker id: 47675
time create lcl and mol: 0.000473976 s
numbers of trajectories: 3125
time trajectory calculation: 1.48177 s
task: 21
worker id: 47675
time create lcl and mol: 0.000512123 s
numbers of trajectories: 3125
time trajectory calculation: 2.37644 s
task: 22
worker id: 46115
time create lcl and mol: 0.000594854 s
numbers of trajectories: 3125
time trajectory calculation: 2.62947 s
task: 23
worker id: 48073
time create lcl and mol: 0.000669956 s
numbers of trajectories: 3125
time trajectory calculation: 4.25351 s
task: 24
worker id: 47163
time create lcl and mol: 0.000506878 s
numbers of trajectories: 3125
time trajectory calculation: 3.09714 s
task: 25
worker id: 48073
time create lcl and mol: 0.000476122 s
numbers of trajectories: 3125
time trajectory calculation: 4.32623 s
task: 26
worker id: 47554
time create lcl and mol: 0.000472069 s
numbers of trajectories: 3125
time trajectory calculation: 1.30687 s
task: 27
worker id: 45858
time create lcl and mol: 0.000488043 s
numbers of trajectories: 3125
time trajectory calculation: 5.47512 s
task: 28
worker id: 46115
time create lcl and mol: 0.000496149 s
numbers of trajectories: 3125
time trajectory calculation: 1.7519 s
task: 29
worker id: 47554
time create lcl and mol: 0.000478029 s
numbers of trajectories: 3125
time trajectory calculation: 4.19565 s
task: 30
worker id: 46115
time create lcl and mol: 0.000488997 s
numbers of trajectories: 3125
time trajectory calculation: 2.76376 s
task: 31
worker id: 45858
time create lcl and mol: 0.000478029 s
numbers of trajectories: 3125
time trajectory calculation: 4.14135 s
CCS time: 14.9568 s
*********************************************************
average value of CCS = 1523.18 Ang^2
error value of CCS = 18.3344 Ang^2
Total time: 14.9665 s
Program finished...
*********************************************************
INPUT:: Simulation Parameters 
*********************************************************
target filename                  : 01_1hrc_carga_6_min.xyz
number of probe                  : 10000
number of iterarions             : 10
number of tasks                  : 32
number of threads                : 24
seed number                      : 2104
gas buffer                       : N2
Target Temperature (K)           : 298
timestep (fs)                    : 10
Skin cell size (Ang)             : 0.01
Equipotential                    : no
Cut short-range interaction      : yes
LJ cutoff (Ang)                  : 12
Apply long-range interaction     : yes
Cut long-range interaction       : yes
Coulomb cutoff (Ang)             : 25
Apply induced-dipole interaction : yes
alpha (Ang^3)                    : 1.71
force_type: 6
*********************************************************
Force Field parameters: 
*********************************************************
Symbol  mass (amu)  epislon (kcal/mol)  sigma(Angstroms) 
C   12.011   0.0824736   3.2255
N   14.007   0.0758527   3.5719
H   1.008   0.0362711   1.8986
O   15.999   0.062323   3.075
S   32.06   0.138032   3.4237
P   30.9738   0.145372   3.47
*********************************************************
MOLECULE:: orientation around the inertia principal axis 
*********************************************************
Inertia matrix a.u. Ang^2: 
{  1.21937e+06  -9076.06  88353.3  }
{  -9076.06  1.41794e+06  -125113  }
{  88353.3  -125113  1.12332e+06  }
Rotation matrix applied to molecule: 
{  0.163703  -0.914018  0.371178  }
{  -0.414928  0.27756  0.866485  }
{  -0.895006  -0.295858  -0.333814  }
Molecule radius: 20.4362 Ang 
orientation time of molecule target: 0.00246906 s
target mass: 11746.6 amu
gas mass: 28.014 amu
reduce mass: 28.014 amu
charge state: 5.6627 e
*********************************************************
Geometric Ellipsoid: 
*********************************************************
maximal distances: 15.1465  19.5167  20.2827  Ang
Initial axis length: 66.2541  70.6243  71.3903  Ang
Ellipsoid axis length: 68.4341  72.8043  73.5703  Ang
ellipsoid calculation time: 4.91142e-05 s
maximal impact parameter: 73.5703 Ang
*********************************************************
Linked-cell: 
Numbers of cells: 2028
Nx: 12 Ny: 13 Nz: 13
Filled cells: 30
Empty cells: 1998
Average atoms per cell: 55.7
Maximum atoms per cell: 175
Minimum atoms per cell: 2
Simulation box: 
lx: 144.12 Ang
ly: 156.13 Ang
lz: 156.13 Ang
linked-cell calculation time: 0.00211906 s
time info: 8.58307e-05 s
*********************************************************
Trajectory calculations 
*********************************************************
out target time: 15.4055 s
Ntraj: 10000
Nfree: 533
Nscatter: 9466
Nlost: 1
omega: 1537.8
Ntraj: 10000
Nfree: 501
Nscatter: 9496
Nlost: 3
omega: 1627.06
Ntraj: 10000
Nfree: 521
Nscatter: 9478
Nlost: 1
omega: 1513.41
Ntraj: 10000
Nfree: 509
Nscatter: 9489
Nlost: 2
omega: 1471.99
Ntraj: 10000
Nfree: 530
Nscatter: 9469
Nlost: 1
omega: 1533.67
Ntraj: 10000
Nfree: 553
Nscatter: 9444
Nlost: 3
omega: 1549.23
Ntraj: 10000
Nfree: 512
Nscatter: 9487
Nlost: 1
omega: 1471.59
Ntraj: 10000
Nfree: 517
Nscatter: 9478
Nlost: 5
omega: 1432.91
Ntraj: 10000
Nfree: 538
Nscatter: 9460
Nlost: 2
omega: 1487.25
Ntraj: 10000
Nfree: 484
Nscatter: 9515
Nlost: 1
omega: 1606.87
*********************************************************
task: 0
worker id: 46266
time create lcl and mol: 0.000477076 s
numbers of trajectories: 3125
time trajectory calculation: 1.06434 s
task: 1
worker id: 48079
time create lcl and mol: 0.000488043 s
numbers of trajectories: 3125
time trajectory calculation: 2.83179 s
task: 2
worker id: 45396
time create lcl and mol: 0.00049901 s
numbers of trajectories: 3125
time trajectory calculation: 2.87694 s
task: 3
worker id: 48479
time create lcl and mol: 0.000478029 s
numbers of trajectories: 3125
time trajectory calculation: 1.46135 s
task: 4
worker id: 73559
time create lcl and mol: 0.000468016 s
numbers of trajectories: 3125
time trajectory calculation: 5.12664 s
task: 5
worker id: 47962
time create lcl and mol: 0.000473022 s
numbers of trajectories: 3125
time trajectory calculation: 3.62653 s
task: 6
worker id: 48079
time create lcl and mol: 0.000483036 s
numbers of trajectories: 3125
time trajectory calculation: 1.58446 s
task: 7
worker id: 73559
time create lcl and mol: 0.000488043 s
numbers of trajectories: 3125
time trajectory calculation: 4.90735 s
task: 8
worker id: 45396
time create lcl and mol: 0.000448942 s
numbers of trajectories: 3125
time trajectory calculation: 2.32559 s
task: 9
worker id: 48479
time create lcl and mol: 0.00046587 s
numbers of trajectories: 3125
time trajectory calculation: 1.30176 s
task: 10
worker id: 46266
time create lcl and mol: 0.000555038 s
numbers of trajectories: 3125
time trajectory calculation: 2.75657 s
task: 11
worker id: 48079
time create lcl and mol: 0.000775814 s
numbers of trajectories: 3125
time trajectory calculation: 2.57806 s
task: 12
worker id: 47962
time create lcl and mol: 0.000470877 s
numbers of trajectories: 3125
time trajectory calculation: 2.94797 s
task: 13
worker id: 46266
time create lcl and mol: 0.000509024 s
numbers of trajectories: 3125
time trajectory calculation: 2.64269 s
task: 14
worker id: 48479
time create lcl and mol: 0.000530005 s
numbers of trajectories: 3125
time trajectory calculation: 5.88305 s
task: 15
worker id: 47962
time create lcl and mol: 0.000483036 s
numbers of trajectories: 3125
time trajectory calculation: 2.874 s
task: 16
worker id: 46266
time create lcl and mol: 0.000488043 s
numbers of trajectories: 3125
time trajectory calculation: 3.96966 s
task: 17
worker id: 73559
time create lcl and mol: 0.000485897 s
numbers of trajectories: 3125
time trajectory calculation: 2.23522 s
task: 18
worker id: 47571
time create lcl and mol: 0.000498056 s
numbers of trajectories: 3125
time trajectory calculation: 3.30248 s
task: 19
worker id: 46266
time create lcl and mol: 0.000468016 s
numbers of trajectories: 3125
time trajectory calculation: 2.22004 s
task: 20
worker id: 47571
time create lcl and mol: 0.000463009 s
numbers of trajectories: 3125
time trajectory calculation: 1.53885 s
task: 21
worker id: 47571
time create lcl and mol: 0.000663042 s
numbers of trajectories: 3125
time trajectory calculation: 2.41312 s
task: 22
worker id: 47962
time create lcl and mol: 0.000477076 s
numbers of trajectories: 3125
time trajectory calculation: 2.52925 s
task: 23
worker id: 46523
time create lcl and mol: 0.000499964 s
numbers of trajectories: 3125
time trajectory calculation: 4.29465 s
task: 24
worker id: 73559
time create lcl and mol: 0.000526905 s
numbers of trajectories: 3125
time trajectory calculation: 3.04636 s
task: 25
worker id: 46523
time create lcl and mol: 0.000485182 s
numbers of trajectories: 3125
time trajectory calculation: 4.60156 s
task: 26
worker id: 45396
time create lcl and mol: 0.000491142 s
numbers of trajectories: 3125
time trajectory calculation: 1.27858 s
task: 27
worker id: 45396
time create lcl and mol: 0.000427008 s
numbers of trajectories: 3125
time trajectory calculation: 5.37043 s
task: 28
worker id: 48479
time create lcl and mol: 0.000462055 s
numbers of trajectories: 3125
time trajectory calculation: 1.78533 s
task: 29
worker id: 48079
time create lcl and mol: 0.000512123 s
numbers of trajectories: 3125
time trajectory calculation: 4.21223 s
task: 30
worker id: 46523
time create lcl and mol: 0.000483036 s
numbers of trajectories: 3125
time trajectory calculation: 2.85623 s
task: 31
worker id: 47571
time create lcl and mol: 0.000500917 s
numbers of trajectories: 3125
time trajectory calculation: 4.14247 s
CCS time: 15.4157 s
*********************************************************
average value of CCS = 1523.18 Ang^2
error value of CCS = 18.3344 Ang^2
Total time: 15.4254 s
Program finished...
*********************************************************
INPUT:: Simulation Parameters 
*********************************************************
target filename                  : 01_1hrc_carga_6_min.xyz
number of probe                  : 10000
number of iterarions             : 10
number of tasks                  : 32
number of threads                : 24
seed number                      : 2104
gas buffer                       : N2
Target Temperature (K)           : 298
timestep (fs)                    : 10
Skin cell size (Ang)             : 0.01
Equipotential                    : no
Cut short-range interaction      : yes
LJ cutoff (Ang)                  : 12
Apply long-range interaction     : yes
Cut long-range interaction       : yes
Coulomb cutoff (Ang)             : 25
Apply induced-dipole interaction : yes
alpha (Ang^3)                    : 1.71
force_type: 6
*********************************************************
Force Field parameters: 
*********************************************************
Symbol  mass (amu)  epislon (kcal/mol)  sigma(Angstroms) 
C   12.011   0.0824736   3.2255
N   14.007   0.0758527   3.5719
H   1.008   0.0362711   1.8986
O   15.999   0.062323   3.075
S   32.06   0.138032   3.4237
P   30.9738   0.145372   3.47
*********************************************************
MOLECULE:: orientation around the inertia principal axis 
*********************************************************
Inertia matrix a.u. Ang^2: 
{  1.21937e+06  -9076.06  88353.3  }
{  -9076.06  1.41794e+06  -125113  }
{  88353.3  -125113  1.12332e+06  }
Rotation matrix applied to molecule: 
{  0.163703  -0.914018  0.371178  }
{  -0.414928  0.27756  0.866485  }
{  -0.895006  -0.295858  -0.333814  }
Molecule radius: 20.4362 Ang 
orientation time of molecule target: 0.00240493 s
target mass: 11746.6 amu
gas mass: 28.014 amu
reduce mass: 28.014 amu
charge state: 5.6627 e
*********************************************************
Geometric Ellipsoid: 
*********************************************************
maximal distances: 15.1465  19.5167  20.2827  Ang
Initial axis length: 66.2541  70.6243  71.3903  Ang
Ellipsoid axis length: 68.4341  72.8043  73.5703  Ang
ellipsoid calculation time: 4.29153e-05 s
maximal impact parameter: 73.5703 Ang
*********************************************************
Linked-cell: 
Numbers of cells: 2028
Nx: 12 Ny: 13 Nz: 13
Filled cells: 30
Empty cells: 1998
Average atoms per cell: 55.7
Maximum atoms per cell: 175
Minimum atoms per cell: 2
Simulation box: 
lx: 144.12 Ang
ly: 156.13 Ang
lz: 156.13 Ang
linked-cell calculation time: 0.00214291 s
time info: 8.98838e-05 s
*********************************************************
Trajectory calculations 
*********************************************************
out target time: 14.629 s
Ntraj: 10000
Nfree: 533
Nscatter: 9466
Nlost: 1
omega: 1537.8
Ntraj: 10000
Nfree: 501
Nscatter: 9496
Nlost: 3
omega: 1627.06
Ntraj: 10000
Nfree: 521
Nscatter: 9478
Nlost: 1
omega: 1513.41
Ntraj: 10000
Nfree: 509
Nscatter: 9489
Nlost: 2
omega: 1471.99
Ntraj: 10000
Nfree: 530
Nscatter: 9469
Nlost: 1
omega: 1533.67
Ntraj: 10000
Nfree: 553
Nscatter: 9444
Nlost: 3
omega: 1549.23
Ntraj: 10000
Nfree: 512
Nscatter: 9487
Nlost: 1
omega: 1471.59
Ntraj: 10000
Nfree: 517
Nscatter: 9478
Nlost: 5
omega: 1432.91
Ntraj: 10000
Nfree: 538
Nscatter: 9460
Nlost: 2
omega: 1487.25
Ntraj: 10000
Nfree: 484
Nscatter: 9515
Nlost: 1
omega: 1606.87
*********************************************************
task: 0
worker id: 46127
time create lcl and mol: 0.000478029 s
numbers of trajectories: 3125
time trajectory calculation: 0.978027 s
task: 1
worker id: 48803
time create lcl and mol: 0.000463963 s
numbers of trajectories: 3125
time trajectory calculation: 2.87215 s
task: 2
worker id: 48297
time create lcl and mol: 0.00047183 s
numbers of trajectories: 3125
time trajectory calculation: 2.77421 s
task: 3
worker id: 74298
time create lcl and mol: 0.00049305 s
numbers of trajectories: 3125
time trajectory calculation: 1.45916 s
task: 4
worker id: 48688
time create lcl and mol: 0.000513792 s
numbers of trajectories: 3125
time trajectory calculation: 5.32218 s
task: 5
worker id: 49208
time create lcl and mol: 0.000590086 s
numbers of trajectories: 3125
time trajectory calculation: 3.73958 s
task: 6
worker id: 46992
time create lcl and mol: 0.000546932 s
numbers of trajectories: 3125
time trajectory calculation: 1.5601 s
task: 7
worker id: 47250
time create lcl and mol: 0.000472784 s
numbers of trajectories: 3125
time trajectory calculation: 4.92251 s
task: 8
worker id: 49208
time create lcl and mol: 0.000462055 s
numbers of trajectories: 3125
time trajectory calculation: 2.3296 s
task: 9
worker id: 48688
time create lcl and mol: 0.000494003 s
numbers of trajectories: 3125
time trajectory calculation: 1.34454 s
task: 10
worker id: 47250
time create lcl and mol: 0.000490904 s
numbers of trajectories: 3125
time trajectory calculation: 2.7113 s
task: 11
worker id: 46992
time create lcl and mol: 0.000473022 s
numbers of trajectories: 3125
time trajectory calculation: 2.60507 s
task: 12
worker id: 74298
time create lcl and mol: 0.000515938 s
numbers of trajectories: 3125
time trajectory calculation: 2.98613 s
task: 13
worker id: 46992
time create lcl and mol: 0.000602007 s
numbers of trajectories: 3125
time trajectory calculation: 2.51028 s
task: 14
worker id: 47250
time create lcl and mol: 0.000467062 s
numbers of trajectories: 3125
time trajectory calculation: 5.61767 s
task: 15
worker id: 46992
time create lcl and mol: 0.000471115 s
numbers of trajectories: 3125
time trajectory calculation: 2.80539 s
task: 16
worker id: 46127
time create lcl and mol: 0.000470877 s
numbers of trajectories: 3125
time trajectory calculation: 3.98146 s
task: 17
worker id: 48297
time create lcl and mol: 0.000476122 s
numbers of trajectories: 3125
time trajectory calculation: 2.2752 s
task: 18
worker id: 46127
time create lcl and mol: 0.000504017 s
numbers of trajectories: 3125
time trajectory calculation: 3.25375 s
task: 19
worker id: 48297
time create lcl and mol: 0.000483036 s
numbers of trajectories: 3125
time trajectory calculation: 2.15435 s
task: 20
worker id: 74298
time create lcl and mol: 0.00049901 s
numbers of trajectories: 3125
time trajectory calculation: 1.54476 s
task: 21
worker id: 49208
time create lcl and mol: 0.000483036 s
numbers of trajectories: 3125
time trajectory calculation: 2.37698 s
task: 22
worker id: 48803
time create lcl and mol: 0.000450134 s
numbers of trajectories: 3125
time trajectory calculation: 2.54088 s
task: 23
worker id: 48688
time create lcl and mol: 0.000501871 s
numbers of trajectories: 3125
time trajectory calculation: 4.21612 s
task: 24
worker id: 49208
time create lcl and mol: 0.000475883 s
numbers of trajectories: 3125
time trajectory calculation: 2.96482 s
task: 25
worker id: 48297
time create lcl and mol: 0.000470161 s
numbers of trajectories: 3125
time trajectory calculation: 4.34197 s
task: 26
worker id: 47250
time create lcl and mol: 0.00049305 s
numbers of trajectories: 3125
time trajectory calculation: 1.28451 s
task: 27
worker id: 74298
time create lcl and mol: 0.00049901 s
numbers of trajectories: 3125
time trajectory calculation: 5.34505 s
task: 28
worker id: 46992
time create lcl and mol: 0.000496864 s
numbers of trajectories: 3125
time trajectory calculation: 1.79437 s
task: 29
worker id: 48803
time create lcl and mol: 0.000494957 s
numbers of trajectories: 3125
time trajectory calculation: 4.29231 s
task: 30
worker id: 46127
time create lcl and mol: 0.000444174 s
numbers of trajectories: 3125
time trajectory calculation: 2.83015 s
task: 31
worker id: 48803
time create lcl and mol: 0.000504017 s
numbers of trajectories: 3125
time trajectory calculation: 4.10667 s
CCS time: 14.6393 s
*********************************************************
average value of CCS = 1523.18 Ang^2
error value of CCS = 18.3344 Ang^2
Total time: 14.6492 s
Program finished...
*********************************************************
INPUT:: Simulation Parameters 
*********************************************************
target filename                  : 01_1hrc_carga_6_min.xyz
number of probe                  : 10000
number of iterarions             : 10
number of tasks                  : 32
number of threads                : 24
seed number                      : 2104
gas buffer                       : N2
Target Temperature (K)           : 298
timestep (fs)                    : 10
Skin cell size (Ang)             : 0.01
Equipotential                    : no
Cut short-range interaction      : yes
LJ cutoff (Ang)                  : 12
Apply long-range interaction     : yes
Cut long-range interaction       : yes
Coulomb cutoff (Ang)             : 25
Apply induced-dipole interaction : yes
alpha (Ang^3)                    : 1.71
force_type: 6
*********************************************************
Force Field parameters: 
*********************************************************
Symbol  mass (amu)  epislon (kcal/mol)  sigma(Angstroms) 
C   12.011   0.0824736   3.2255
N   14.007   0.0758527   3.5719
H   1.008   0.0362711   1.8986
O   15.999   0.062323   3.075
S   32.06   0.138032   3.4237
P   30.9738   0.145372   3.47
*********************************************************
MOLECULE:: orientation around the inertia principal axis 
*********************************************************
Inertia matrix a.u. Ang^2: 
{  1.21937e+06  -9076.06  88353.3  }
{  -9076.06  1.41794e+06  -125113  }
{  88353.3  -125113  1.12332e+06  }
Rotation matrix applied to molecule: 
{  0.163703  -0.914018  0.371178  }
{  -0.414928  0.27756  0.866485  }
{  -0.895006  -0.295858  -0.333814  }
Molecule radius: 20.4362 Ang 
orientation time of molecule target: 0.00240207 s
target mass: 11746.6 amu
gas mass: 28.014 amu
reduce mass: 28.014 amu
charge state: 5.6627 e
*********************************************************
Geometric Ellipsoid: 
*********************************************************
maximal distances: 15.1465  19.5167  20.2827  Ang
Initial axis length: 66.2541  70.6243  71.3903  Ang
Ellipsoid axis length: 68.4341  72.8043  73.5703  Ang
ellipsoid calculation time: 3.71933e-05 s
maximal impact parameter: 73.5703 Ang
*********************************************************
Linked-cell: 
Numbers of cells: 2028
Nx: 12 Ny: 13 Nz: 13
Filled cells: 30
Empty cells: 1998
Average atoms per cell: 55.7
Maximum atoms per cell: 175
Minimum atoms per cell: 2
Simulation box: 
lx: 144.12 Ang
ly: 156.13 Ang
lz: 156.13 Ang
linked-cell calculation time: 0.00210214 s
time info: 8.79765e-05 s
*********************************************************
Trajectory calculations 
*********************************************************
out target time: 14.2127 s
Ntraj: 10000
Nfree: 533
Nscatter: 9466
Nlost: 1
omega: 1537.8
Ntraj: 10000
Nfree: 501
Nscatter: 9496
Nlost: 3
omega: 1627.06
Ntraj: 10000
Nfree: 521
Nscatter: 9478
Nlost: 1
omega: 1513.41
Ntraj: 10000
Nfree: 509
Nscatter: 9489
Nlost: 2
omega: 1471.99
Ntraj: 10000
Nfree: 530
Nscatter: 9469
Nlost: 1
omega: 1533.67
Ntraj: 10000
Nfree: 553
Nscatter: 9444
Nlost: 3
omega: 1549.23
Ntraj: 10000
Nfree: 512
Nscatter: 9487
Nlost: 1
omega: 1471.59
Ntraj: 10000
Nfree: 517
Nscatter: 9478
Nlost: 5
omega: 1432.91
Ntraj: 10000
Nfree: 538
Nscatter: 9460
Nlost: 2
omega: 1487.25
Ntraj: 10000
Nfree: 484
Nscatter: 9515
Nlost: 1
omega: 1606.87
*********************************************************
task: 0
worker id: 47700
time create lcl and mol: 0.000500917 s
numbers of trajectories: 3125
time trajectory calculation: 0.95849 s
task: 1
worker id: 49009
time create lcl and mol: 0.000476122 s
numbers of trajectories: 3125
time trajectory calculation: 2.72573 s
task: 2
worker id: 75020
time create lcl and mol: 0.000473022 s
numbers of trajectories: 3125
time trajectory calculation: 2.94837 s
task: 3
worker id: 46835
time create lcl and mol: 0.00049901 s
numbers of trajectories: 3125
time trajectory calculation: 1.44695 s
task: 4
worker id: 49512
time create lcl and mol: 0.000561953 s
numbers of trajectories: 3125
time trajectory calculation: 5.12127 s
task: 5
worker id: 49396
time create lcl and mol: 0.000482082 s
numbers of trajectories: 3125
time trajectory calculation: 3.7446 s
task: 6
worker id: 49918
time create lcl and mol: 0.000478029 s
numbers of trajectories: 3125
time trajectory calculation: 1.5461 s
task: 7
worker id: 47958
time create lcl and mol: 0.000463009 s
numbers of trajectories: 3125
time trajectory calculation: 4.6851 s
task: 8
worker id: 47958
time create lcl and mol: 0.000473022 s
numbers of trajectories: 3125
time trajectory calculation: 2.25408 s
task: 9
worker id: 46835
time create lcl and mol: 0.000455141 s
numbers of trajectories: 3125
time trajectory calculation: 1.30634 s
task: 10
worker id: 47958
time create lcl and mol: 0.000486851 s
numbers of trajectories: 3125
time trajectory calculation: 2.72942 s
task: 11
worker id: 49918
time create lcl and mol: 0.000479937 s
numbers of trajectories: 3125
time trajectory calculation: 2.6833 s
task: 12
worker id: 49009
time create lcl and mol: 0.000501871 s
numbers of trajectories: 3125
time trajectory calculation: 2.98849 s
task: 13
worker id: 46835
time create lcl and mol: 0.000483036 s
numbers of trajectories: 3125
time trajectory calculation: 2.51646 s
task: 14
worker id: 49396
time create lcl and mol: 0.000452042 s
numbers of trajectories: 3125
time trajectory calculation: 5.6926 s
task: 15
worker id: 75020
time create lcl and mol: 0.000488997 s
numbers of trajectories: 3125
time trajectory calculation: 2.87737 s
task: 16
worker id: 47700
time create lcl and mol: 0.000495911 s
numbers of trajectories: 3125
time trajectory calculation: 3.97631 s
task: 17
worker id: 47700
time create lcl and mol: 0.000524998 s
numbers of trajectories: 3125
time trajectory calculation: 2.27565 s
task: 18
worker id: 49009
time create lcl and mol: 0.00052309 s
numbers of trajectories: 3125
time trajectory calculation: 3.22561 s
task: 19
worker id: 47700
time create lcl and mol: 0.000544071 s
numbers of trajectories: 3125
time trajectory calculation: 2.23239 s
task: 20
worker id: 49918
time create lcl and mol: 0.000472069 s
numbers of trajectories: 3125
time trajectory calculation: 1.52578 s
task: 21
worker id: 47700
time create lcl and mol: 0.000487089 s
numbers of trajectories: 3125
time trajectory calculation: 2.25783 s
task: 22
worker id: 47958
time create lcl and mol: 0.000488997 s
numbers of trajectories: 3125
time trajectory calculation: 2.53383 s
task: 23
worker id: 46835
time create lcl and mol: 0.000594854 s
numbers of trajectories: 3125
time trajectory calculation: 4.22032 s
task: 24
worker id: 46835
time create lcl and mol: 0.000509024 s
numbers of trajectories: 3125
time trajectory calculation: 3.05794 s
task: 25
worker id: 49918
time create lcl and mol: 0.00049901 s
numbers of trajectories: 3125
time trajectory calculation: 4.29963 s
task: 26
worker id: 49512
time create lcl and mol: 0.000745058 s
numbers of trajectories: 3125
time trajectory calculation: 1.22521 s
task: 27
worker id: 75020
time create lcl and mol: 0.000468969 s
numbers of trajectories: 3125
time trajectory calculation: 5.07644 s
task: 28
worker id: 49009
time create lcl and mol: 0.000466108 s
numbers of trajectories: 3125
time trajectory calculation: 1.76727 s
task: 29
worker id: 49512
time create lcl and mol: 0.000478983 s
numbers of trajectories: 3125
time trajectory calculation: 4.21956 s
task: 30
worker id: 49396
time create lcl and mol: 0.000475168 s
numbers of trajectories: 3125
time trajectory calculation: 2.86746 s
task: 31
worker id: 49918
time create lcl and mol: 0.000495911 s
numbers of trajectories: 3125
time trajectory calculation: 4.05264 s
CCS time: 14.223 s
*********************************************************
average value of CCS = 1523.18 Ang^2
error value of CCS = 18.3344 Ang^2
Total time: 14.2324 s
Program finished...
