*********************************************************
INPUT:: Simulation Parameters 
*********************************************************
target filename                  : 03_6pti_carga_4_min.xyz
number of probe                  : 10000
number of iterarions             : 10
number of tasks                  : 30
number of threads                : 24
seed number                      : 2104
gas buffer                       : N2
Target Temperature (K)           : 298
timestep (fs)                    : 10
Skin cell size (Ang)             : 0.01
Equipotential                    : no
Cut short-range interaction      : yes
LJ cutoff (Ang)                  : 12
Apply long-range interaction     : yes
Cut long-range interaction       : yes
Coulomb cutoff (Ang)             : 25
Apply induced-dipole interaction : yes
alpha (Ang^3)                    : 1.71
force_type: 6
*********************************************************
Force Field parameters: 
*********************************************************
Symbol  mass (amu)  epislon (kcal/mol)  sigma(Angstroms) 
C   12.011   0.0824736   3.2255
N   14.007   0.0758527   3.5719
H   1.008   0.0362711   1.8986
O   15.999   0.062323   3.075
S   32.06   0.138032   3.4237
P   30.9738   0.145372   3.47
*********************************************************
MOLECULE:: orientation around the inertia principal axis 
*********************************************************
Inertia matrix a.u. Ang^2: 
{  485569  91107.3  -133993  }
{  91107.3  537180  69475.6  }
{  -133993  69475.6  521122  }
Rotation matrix applied to molecule: 
{  0.695987  0.141548  -0.703964  }
{  -0.678504  0.45052  -0.580228  }
{  0.235019  0.881474  0.409597  }
Molecule radius: 21.4943 Ang 
orientation time of molecule target: 0.106364 s
target mass: 6444.46 amu
gas mass: 28.014 amu
reduce mass: 28.014 amu
charge state: 3.9992 e
*********************************************************
Geometric Ellipsoid: 
*********************************************************
maximal distances: 16.5078  12.8753  20.9608  Ang
Initial axis length: 67.6154  63.9829  72.0684  Ang
Ellipsoid axis length: 69.6354  66.0029  74.0884  Ang
ellipsoid calculation time: 4.60148e-05 s
maximal impact parameter: 74.0884 Ang
*********************************************************
Linked-cell: 
Numbers of cells: 1716
Nx: 12 Ny: 11 Nz: 13
Filled cells: 20
Empty cells: 1696
Average atoms per cell: 44
Maximum atoms per cell: 121
Minimum atoms per cell: 7
Simulation box: 
lx: 144.12 Ang
ly: 132.11 Ang
lz: 156.13 Ang
linked-cell calculation time: 0.00177193 s
time info: 6.19888e-05 s
*********************************************************
Trajectory calculations 
*********************************************************
out target time: 7.67923 s
Ntraj: 10000
Nfree: 1167
Nscatter: 8830
Nlost: 3
omega: 1129.82
Ntraj: 10000
Nfree: 1091
Nscatter: 8906
Nlost: 3
omega: 1140.38
Ntraj: 10000
Nfree: 1060
Nscatter: 8939
Nlost: 1
omega: 1067.6
Ntraj: 10000
Nfree: 1098
Nscatter: 8900
Nlost: 2
omega: 1063.93
Ntraj: 10000
Nfree: 1113
Nscatter: 8884
Nlost: 3
omega: 1158.93
Ntraj: 10000
Nfree: 1084
Nscatter: 8914
Nlost: 2
omega: 1108.42
Ntraj: 10000
Nfree: 1085
Nscatter: 8910
Nlost: 5
omega: 1052.08
Ntraj: 10000
Nfree: 1115
Nscatter: 8881
Nlost: 4
omega: 1034.31
Ntraj: 10000
Nfree: 1111
Nscatter: 8888
Nlost: 1
omega: 1039.35
Ntraj: 10000
Nfree: 1034
Nscatter: 8962
Nlost: 4
omega: 1146.02
*********************************************************
task: 0
worker id: 37993
time create lcl and mol: 0.000383854 s
numbers of trajectories: 3334
time trajectory calculation: 2.78701 s
task: 1
worker id: 60702
time create lcl and mol: 0.000391006 s
numbers of trajectories: 3334
time trajectory calculation: 0.707287 s
task: 2
worker id: 37517
time create lcl and mol: 0.000390053 s
numbers of trajectories: 3334
time trajectory calculation: 2.50864 s
task: 3
worker id: 36355
time create lcl and mol: 0.000424147 s
numbers of trajectories: 3334
time trajectory calculation: 2.04569 s
task: 4
worker id: 35486
time create lcl and mol: 0.000369072 s
numbers of trajectories: 3334
time trajectory calculation: 2.68986 s
task: 5
worker id: 37871
time create lcl and mol: 0.000409126 s
numbers of trajectories: 3334
time trajectory calculation: 2.86142 s
task: 6
worker id: 38366
time create lcl and mol: 0.000393867 s
numbers of trajectories: 3334
time trajectory calculation: 2.25348 s
task: 7
worker id: 36611
time create lcl and mol: 0.000406027 s
numbers of trajectories: 3334
time trajectory calculation: 2.41154 s
task: 8
worker id: 36355
time create lcl and mol: 0.000396967 s
numbers of trajectories: 3334
time trajectory calculation: 0.697378 s
task: 9
worker id: 38366
time create lcl and mol: 0.000392914 s
numbers of trajectories: 3334
time trajectory calculation: 1.82805 s
task: 10
worker id: 35486
time create lcl and mol: 0.000464916 s
numbers of trajectories: 3333
time trajectory calculation: 0.746279 s
task: 11
worker id: 36355
time create lcl and mol: 0.000411987 s
numbers of trajectories: 3333
time trajectory calculation: 1.68811 s
task: 12
worker id: 37517
time create lcl and mol: 0.000408888 s
numbers of trajectories: 3333
time trajectory calculation: 2.8611 s
task: 13
worker id: 37517
time create lcl and mol: 0.000401974 s
numbers of trajectories: 3333
time trajectory calculation: 2.23991 s
task: 14
worker id: 60702
time create lcl and mol: 0.000423908 s
numbers of trajectories: 3333
time trajectory calculation: 0.993771 s
task: 15
worker id: 36611
time create lcl and mol: 0.000389099 s
numbers of trajectories: 3333
time trajectory calculation: 1.02936 s
task: 16
worker id: 37993
time create lcl and mol: 0.000374079 s
numbers of trajectories: 3333
time trajectory calculation: 1.94984 s
task: 17
worker id: 60702
time create lcl and mol: 0.000401974 s
numbers of trajectories: 3333
time trajectory calculation: 0.73435 s
task: 18
worker id: 37871
time create lcl and mol: 0.000394106 s
numbers of trajectories: 3333
time trajectory calculation: 2.21311 s
task: 19
worker id: 36355
time create lcl and mol: 0.00036788 s
numbers of trajectories: 3333
time trajectory calculation: 1.28311 s
task: 20
worker id: 38366
time create lcl and mol: 0.000415802 s
numbers of trajectories: 3333
time trajectory calculation: 2.8872 s
task: 21
worker id: 60702
time create lcl and mol: 0.000380039 s
numbers of trajectories: 3333
time trajectory calculation: 1.86058 s
task: 22
worker id: 60702
time create lcl and mol: 0.000378847 s
numbers of trajectories: 3333
time trajectory calculation: 1.07577 s
task: 23
worker id: 36355
time create lcl and mol: 0.000369072 s
numbers of trajectories: 3333
time trajectory calculation: 1.51582 s
task: 24
worker id: 37993
time create lcl and mol: 0.000423193 s
numbers of trajectories: 3333
time trajectory calculation: 1.61395 s
task: 25
worker id: 36611
time create lcl and mol: 0.000406981 s
numbers of trajectories: 3333
time trajectory calculation: 0.850468 s
task: 26
worker id: 60702
time create lcl and mol: 0.000370979 s
numbers of trajectories: 3333
time trajectory calculation: 1.55442 s
task: 27
worker id: 36611
time create lcl and mol: 0.000393867 s
numbers of trajectories: 3333
time trajectory calculation: 2.47905 s
task: 28
worker id: 37871
time create lcl and mol: 0.00040102 s
numbers of trajectories: 3333
time trajectory calculation: 1.79113 s
task: 29
worker id: 35486
time create lcl and mol: 0.00041604 s
numbers of trajectories: 3333
time trajectory calculation: 2.70724 s
CCS time: 7.68979 s
*********************************************************
average value of CCS = 1094.09 Ang^2
error value of CCS = 14.308 Ang^2
Total time: 7.8033 s
Program finished...
*********************************************************
INPUT:: Simulation Parameters 
*********************************************************
target filename                  : 03_6pti_carga_4_min.xyz
number of probe                  : 10000
number of iterarions             : 10
number of tasks                  : 30
number of threads                : 24
seed number                      : 2104
gas buffer                       : N2
Target Temperature (K)           : 298
timestep (fs)                    : 10
Skin cell size (Ang)             : 0.01
Equipotential                    : no
Cut short-range interaction      : yes
LJ cutoff (Ang)                  : 12
Apply long-range interaction     : yes
Cut long-range interaction       : yes
Coulomb cutoff (Ang)             : 25
Apply induced-dipole interaction : yes
alpha (Ang^3)                    : 1.71
force_type: 6
*********************************************************
Force Field parameters: 
*********************************************************
Symbol  mass (amu)  epislon (kcal/mol)  sigma(Angstroms) 
C   12.011   0.0824736   3.2255
N   14.007   0.0758527   3.5719
H   1.008   0.0362711   1.8986
O   15.999   0.062323   3.075
S   32.06   0.138032   3.4237
P   30.9738   0.145372   3.47
*********************************************************
MOLECULE:: orientation around the inertia principal axis 
*********************************************************
Inertia matrix a.u. Ang^2: 
{  485569  91107.3  -133993  }
{  91107.3  537180  69475.6  }
{  -133993  69475.6  521122  }
Rotation matrix applied to molecule: 
{  0.695987  0.141548  -0.703964  }
{  -0.678504  0.45052  -0.580228  }
{  0.235019  0.881474  0.409597  }
Molecule radius: 21.4943 Ang 
orientation time of molecule target: 0.0016191 s
target mass: 6444.46 amu
gas mass: 28.014 amu
reduce mass: 28.014 amu
charge state: 3.9992 e
*********************************************************
Geometric Ellipsoid: 
*********************************************************
maximal distances: 16.5078  12.8753  20.9608  Ang
Initial axis length: 67.6154  63.9829  72.0684  Ang
Ellipsoid axis length: 69.6354  66.0029  74.0884  Ang
ellipsoid calculation time: 3.40939e-05 s
maximal impact parameter: 74.0884 Ang
*********************************************************
Linked-cell: 
Numbers of cells: 1716
Nx: 12 Ny: 11 Nz: 13
Filled cells: 20
Empty cells: 1696
Average atoms per cell: 44
Maximum atoms per cell: 121
Minimum atoms per cell: 7
Simulation box: 
lx: 144.12 Ang
ly: 132.11 Ang
lz: 156.13 Ang
linked-cell calculation time: 0.00183797 s
time info: 6.29425e-05 s
*********************************************************
Trajectory calculations 
*********************************************************
out target time: 8.69875 s
Ntraj: 10000
Nfree: 1167
Nscatter: 8830
Nlost: 3
omega: 1129.82
Ntraj: 10000
Nfree: 1091
Nscatter: 8906
Nlost: 3
omega: 1140.38
Ntraj: 10000
Nfree: 1060
Nscatter: 8939
Nlost: 1
omega: 1067.6
Ntraj: 10000
Nfree: 1098
Nscatter: 8900
Nlost: 2
omega: 1063.93
Ntraj: 10000
Nfree: 1113
Nscatter: 8884
Nlost: 3
omega: 1158.93
Ntraj: 10000
Nfree: 1084
Nscatter: 8914
Nlost: 2
omega: 1108.42
Ntraj: 10000
Nfree: 1085
Nscatter: 8910
Nlost: 5
omega: 1052.08
Ntraj: 10000
Nfree: 1115
Nscatter: 8881
Nlost: 4
omega: 1034.31
Ntraj: 10000
Nfree: 1111
Nscatter: 8888
Nlost: 1
omega: 1039.35
Ntraj: 10000
Nfree: 1034
Nscatter: 8962
Nlost: 4
omega: 1146.02
*********************************************************
task: 0
worker id: 61128
time create lcl and mol: 0.000421047 s
numbers of trajectories: 3334
time trajectory calculation: 2.83158 s
task: 1
worker id: 38407
time create lcl and mol: 0.000390053 s
numbers of trajectories: 3334
time trajectory calculation: 0.683128 s
task: 2
worker id: 35900
time create lcl and mol: 0.000369072 s
numbers of trajectories: 3334
time trajectory calculation: 2.51001 s
task: 3
worker id: 37931
time create lcl and mol: 0.000636101 s
numbers of trajectories: 3334
time trajectory calculation: 2.04998 s
task: 4
worker id: 38285
time create lcl and mol: 0.000409842 s
numbers of trajectories: 3334
time trajectory calculation: 2.67624 s
task: 5
worker id: 36768
time create lcl and mol: 0.000396967 s
numbers of trajectories: 3334
time trajectory calculation: 2.69417 s
task: 6
worker id: 37024
time create lcl and mol: 0.000380039 s
numbers of trajectories: 3334
time trajectory calculation: 2.25214 s
task: 7
worker id: 38780
time create lcl and mol: 0.000370979 s
numbers of trajectories: 3334
time trajectory calculation: 2.33718 s
task: 8
worker id: 38407
time create lcl and mol: 0.000416994 s
numbers of trajectories: 3334
time trajectory calculation: 0.656516 s
task: 9
worker id: 35900
time create lcl and mol: 0.000354052 s
numbers of trajectories: 3334
time trajectory calculation: 1.83726 s
task: 10
worker id: 35900
time create lcl and mol: 0.000375986 s
numbers of trajectories: 3333
time trajectory calculation: 0.786461 s
task: 11
worker id: 38780
time create lcl and mol: 0.000413895 s
numbers of trajectories: 3333
time trajectory calculation: 1.70402 s
task: 12
worker id: 38407
time create lcl and mol: 0.000404119 s
numbers of trajectories: 3333
time trajectory calculation: 2.82098 s
task: 13
worker id: 61128
time create lcl and mol: 0.000401974 s
numbers of trajectories: 3333
time trajectory calculation: 2.25792 s
task: 14
worker id: 37024
time create lcl and mol: 0.000375986 s
numbers of trajectories: 3333
time trajectory calculation: 0.958064 s
task: 15
worker id: 37024
time create lcl and mol: 0.000434875 s
numbers of trajectories: 3333
time trajectory calculation: 1.06131 s
task: 16
worker id: 38407
time create lcl and mol: 0.00041914 s
numbers of trajectories: 3333
time trajectory calculation: 1.97047 s
task: 17
worker id: 38780
time create lcl and mol: 0.000383854 s
numbers of trajectories: 3333
time trajectory calculation: 0.753382 s
task: 18
worker id: 37931
time create lcl and mol: 0.000414848 s
numbers of trajectories: 3333
time trajectory calculation: 2.31064 s
task: 19
worker id: 37024
time create lcl and mol: 0.000669003 s
numbers of trajectories: 3333
time trajectory calculation: 1.29143 s
task: 20
worker id: 61128
time create lcl and mol: 0.000442982 s
numbers of trajectories: 3333
time trajectory calculation: 2.88164 s
task: 21
worker id: 38285
time create lcl and mol: 0.000403881 s
numbers of trajectories: 3333
time trajectory calculation: 1.94549 s
task: 22
worker id: 35900
time create lcl and mol: 0.000454187 s
numbers of trajectories: 3333
time trajectory calculation: 1.10725 s
task: 23
worker id: 38285
time create lcl and mol: 0.000434875 s
numbers of trajectories: 3333
time trajectory calculation: 1.46657 s
task: 24
worker id: 38780
time create lcl and mol: 0.000439882 s
numbers of trajectories: 3333
time trajectory calculation: 1.5932 s
task: 25
worker id: 36768
time create lcl and mol: 0.000423908 s
numbers of trajectories: 3333
time trajectory calculation: 0.901613 s
task: 26
worker id: 37931
time create lcl and mol: 0.0004251 s
numbers of trajectories: 3333
time trajectory calculation: 1.51661 s
task: 27
worker id: 36768
time create lcl and mol: 0.000402212 s
numbers of trajectories: 3333
time trajectory calculation: 2.43392 s
task: 28
worker id: 37024
time create lcl and mol: 0.000359058 s
numbers of trajectories: 3333
time trajectory calculation: 1.75651 s
task: 29
worker id: 37931
time create lcl and mol: 0.000392914 s
numbers of trajectories: 3333
time trajectory calculation: 2.73148 s
CCS time: 8.70946 s
*********************************************************
average value of CCS = 1094.09 Ang^2
error value of CCS = 14.308 Ang^2
Total time: 8.71797 s
Program finished...
*********************************************************
INPUT:: Simulation Parameters 
*********************************************************
target filename                  : 03_6pti_carga_4_min.xyz
number of probe                  : 10000
number of iterarions             : 10
number of tasks                  : 30
number of threads                : 24
seed number                      : 2104
gas buffer                       : N2
Target Temperature (K)           : 298
timestep (fs)                    : 10
Skin cell size (Ang)             : 0.01
Equipotential                    : no
Cut short-range interaction      : yes
LJ cutoff (Ang)                  : 12
Apply long-range interaction     : yes
Cut long-range interaction       : yes
Coulomb cutoff (Ang)             : 25
Apply induced-dipole interaction : yes
alpha (Ang^3)                    : 1.71
force_type: 6
*********************************************************
Force Field parameters: 
*********************************************************
Symbol  mass (amu)  epislon (kcal/mol)  sigma(Angstroms) 
C   12.011   0.0824736   3.2255
N   14.007   0.0758527   3.5719
H   1.008   0.0362711   1.8986
O   15.999   0.062323   3.075
S   32.06   0.138032   3.4237
P   30.9738   0.145372   3.47
*********************************************************
MOLECULE:: orientation around the inertia principal axis 
*********************************************************
Inertia matrix a.u. Ang^2: 
{  485569  91107.3  -133993  }
{  91107.3  537180  69475.6  }
{  -133993  69475.6  521122  }
Rotation matrix applied to molecule: 
{  0.695987  0.141548  -0.703964  }
{  -0.678504  0.45052  -0.580228  }
{  0.235019  0.881474  0.409597  }
Molecule radius: 21.4943 Ang 
orientation time of molecule target: 0.00145316 s
target mass: 6444.46 amu
gas mass: 28.014 amu
reduce mass: 28.014 amu
charge state: 3.9992 e
*********************************************************
Geometric Ellipsoid: 
*********************************************************
maximal distances: 16.5078  12.8753  20.9608  Ang
Initial axis length: 67.6154  63.9829  72.0684  Ang
Ellipsoid axis length: 69.6354  66.0029  74.0884  Ang
ellipsoid calculation time: 3.60012e-05 s
maximal impact parameter: 74.0884 Ang
*********************************************************
Linked-cell: 
Numbers of cells: 1716
Nx: 12 Ny: 11 Nz: 13
Filled cells: 20
Empty cells: 1696
Average atoms per cell: 44
Maximum atoms per cell: 121
Minimum atoms per cell: 7
Simulation box: 
lx: 144.12 Ang
ly: 132.11 Ang
lz: 156.13 Ang
linked-cell calculation time: 0.00177789 s
time info: 5.60284e-05 s
*********************************************************
Trajectory calculations 
*********************************************************
out target time: 8.61402 s
Ntraj: 10000
Nfree: 1167
Nscatter: 8830
Nlost: 3
omega: 1129.82
Ntraj: 10000
Nfree: 1091
Nscatter: 8906
Nlost: 3
omega: 1140.38
Ntraj: 10000
Nfree: 1060
Nscatter: 8939
Nlost: 1
omega: 1067.6
Ntraj: 10000
Nfree: 1098
Nscatter: 8900
Nlost: 2
omega: 1063.93
Ntraj: 10000
Nfree: 1113
Nscatter: 8884
Nlost: 3
omega: 1158.93
Ntraj: 10000
Nfree: 1084
Nscatter: 8914
Nlost: 2
omega: 1108.42
Ntraj: 10000
Nfree: 1085
Nscatter: 8910
Nlost: 5
omega: 1052.08
Ntraj: 10000
Nfree: 1115
Nscatter: 8881
Nlost: 4
omega: 1034.31
Ntraj: 10000
Nfree: 1111
Nscatter: 8888
Nlost: 1
omega: 1039.35
Ntraj: 10000
Nfree: 1034
Nscatter: 8962
Nlost: 4
omega: 1146.02
*********************************************************
task: 0
worker id: 38807
time create lcl and mol: 0.000616074 s
numbers of trajectories: 3334
time trajectory calculation: 2.85484 s
task: 1
worker id: 38682
time create lcl and mol: 0.00039196 s
numbers of trajectories: 3334
time trajectory calculation: 0.703237 s
task: 2
worker id: 38330
time create lcl and mol: 0.000617027 s
numbers of trajectories: 3334
time trajectory calculation: 2.46994 s
task: 3
worker id: 61539
time create lcl and mol: 0.000387192 s
numbers of trajectories: 3334
time trajectory calculation: 2.0955 s
task: 4
worker id: 36299
time create lcl and mol: 0.00037694 s
numbers of trajectories: 3334
time trajectory calculation: 2.552 s
task: 5
worker id: 39180
time create lcl and mol: 0.000365019 s
numbers of trajectories: 3334
time trajectory calculation: 2.8213 s
task: 6
worker id: 37167
time create lcl and mol: 0.000391006 s
numbers of trajectories: 3334
time trajectory calculation: 2.21861 s
task: 7
worker id: 37425
time create lcl and mol: 0.000386953 s
numbers of trajectories: 3334
time trajectory calculation: 2.38638 s
task: 8
worker id: 38682
time create lcl and mol: 0.000397921 s
numbers of trajectories: 3334
time trajectory calculation: 0.694657 s
task: 9
worker id: 38330
time create lcl and mol: 0.000400066 s
numbers of trajectories: 3334
time trajectory calculation: 1.9057 s
task: 10
worker id: 61539
time create lcl and mol: 0.000388145 s
numbers of trajectories: 3333
time trajectory calculation: 0.749953 s
task: 11
worker id: 38682
time create lcl and mol: 0.000452995 s
numbers of trajectories: 3333
time trajectory calculation: 1.72667 s
task: 12
worker id: 38807
time create lcl and mol: 0.000401974 s
numbers of trajectories: 3333
time trajectory calculation: 2.90653 s
task: 13
worker id: 38682
time create lcl and mol: 0.000435114 s
numbers of trajectories: 3333
time trajectory calculation: 2.26304 s
task: 14
worker id: 38807
time create lcl and mol: 0.000422001 s
numbers of trajectories: 3333
time trajectory calculation: 0.942334 s
task: 15
worker id: 39180
time create lcl and mol: 0.000411034 s
numbers of trajectories: 3333
time trajectory calculation: 1.06643 s
task: 16
worker id: 37167
time create lcl and mol: 0.000408888 s
numbers of trajectories: 3333
time trajectory calculation: 1.92028 s
task: 17
worker id: 37167
time create lcl and mol: 0.000388861 s
numbers of trajectories: 3333
time trajectory calculation: 0.747709 s
task: 18
worker id: 36299
time create lcl and mol: 0.000432014 s
numbers of trajectories: 3333
time trajectory calculation: 2.21974 s
task: 19
worker id: 37167
time create lcl and mol: 0.000491142 s
numbers of trajectories: 3333
time trajectory calculation: 1.28011 s
task: 20
worker id: 36299
time create lcl and mol: 0.000379086 s
numbers of trajectories: 3333
time trajectory calculation: 2.83545 s
task: 21
worker id: 61539
time create lcl and mol: 0.000408888 s
numbers of trajectories: 3333
time trajectory calculation: 1.88949 s
task: 22
worker id: 39180
time create lcl and mol: 0.000407934 s
numbers of trajectories: 3333
time trajectory calculation: 1.02649 s
task: 23
worker id: 37425
time create lcl and mol: 0.000381947 s
numbers of trajectories: 3333
time trajectory calculation: 1.52904 s
task: 24
worker id: 38682
time create lcl and mol: 0.000455141 s
numbers of trajectories: 3333
time trajectory calculation: 1.65672 s
task: 25
worker id: 36299
time create lcl and mol: 0.000367165 s
numbers of trajectories: 3333
time trajectory calculation: 0.90273 s
task: 26
worker id: 39180
time create lcl and mol: 0.00037694 s
numbers of trajectories: 3333
time trajectory calculation: 1.54801 s
task: 27
worker id: 37425
time create lcl and mol: 0.000420094 s
numbers of trajectories: 3333
time trajectory calculation: 2.41811 s
task: 28
worker id: 61539
time create lcl and mol: 0.000438929 s
numbers of trajectories: 3333
time trajectory calculation: 1.77847 s
task: 29
worker id: 38330
time create lcl and mol: 0.000431061 s
numbers of trajectories: 3333
time trajectory calculation: 2.74629 s
CCS time: 8.62419 s
*********************************************************
average value of CCS = 1094.09 Ang^2
error value of CCS = 14.308 Ang^2
Total time: 8.6328 s
Program finished...
*********************************************************
INPUT:: Simulation Parameters 
*********************************************************
target filename                  : 03_6pti_carga_4_min.xyz
number of probe                  : 10000
number of iterarions             : 10
number of tasks                  : 30
number of threads                : 24
seed number                      : 2104
gas buffer                       : N2
Target Temperature (K)           : 298
timestep (fs)                    : 10
Skin cell size (Ang)             : 0.01
Equipotential                    : no
Cut short-range interaction      : yes
LJ cutoff (Ang)                  : 12
Apply long-range interaction     : yes
Cut long-range interaction       : yes
Coulomb cutoff (Ang)             : 25
Apply induced-dipole interaction : yes
alpha (Ang^3)                    : 1.71
force_type: 6
*********************************************************
Force Field parameters: 
*********************************************************
Symbol  mass (amu)  epislon (kcal/mol)  sigma(Angstroms) 
C   12.011   0.0824736   3.2255
N   14.007   0.0758527   3.5719
H   1.008   0.0362711   1.8986
O   15.999   0.062323   3.075
S   32.06   0.138032   3.4237
P   30.9738   0.145372   3.47
*********************************************************
MOLECULE:: orientation around the inertia principal axis 
*********************************************************
Inertia matrix a.u. Ang^2: 
{  485569  91107.3  -133993  }
{  91107.3  537180  69475.6  }
{  -133993  69475.6  521122  }
Rotation matrix applied to molecule: 
{  0.695987  0.141548  -0.703964  }
{  -0.678504  0.45052  -0.580228  }
{  0.235019  0.881474  0.409597  }
Molecule radius: 21.4943 Ang 
orientation time of molecule target: 0.00146794 s
target mass: 6444.46 amu
gas mass: 28.014 amu
reduce mass: 28.014 amu
charge state: 3.9992 e
*********************************************************
Geometric Ellipsoid: 
*********************************************************
maximal distances: 16.5078  12.8753  20.9608  Ang
Initial axis length: 67.6154  63.9829  72.0684  Ang
Ellipsoid axis length: 69.6354  66.0029  74.0884  Ang
ellipsoid calculation time: 3.40939e-05 s
maximal impact parameter: 74.0884 Ang
*********************************************************
Linked-cell: 
Numbers of cells: 1716
Nx: 12 Ny: 11 Nz: 13
Filled cells: 20
Empty cells: 1696
Average atoms per cell: 44
Maximum atoms per cell: 121
Minimum atoms per cell: 7
Simulation box: 
lx: 144.12 Ang
ly: 132.11 Ang
lz: 156.13 Ang
linked-cell calculation time: 0.00178695 s
time info: 6.19888e-05 s
*********************************************************
Trajectory calculations 
*********************************************************
out target time: 7.67499 s
Ntraj: 10000
Nfree: 1167
Nscatter: 8830
Nlost: 3
omega: 1129.82
Ntraj: 10000
Nfree: 1091
Nscatter: 8906
Nlost: 3
omega: 1140.38
Ntraj: 10000
Nfree: 1060
Nscatter: 8939
Nlost: 1
omega: 1067.6
Ntraj: 10000
Nfree: 1098
Nscatter: 8900
Nlost: 2
omega: 1063.93
Ntraj: 10000
Nfree: 1113
Nscatter: 8884
Nlost: 3
omega: 1158.93
Ntraj: 10000
Nfree: 1084
Nscatter: 8914
Nlost: 2
omega: 1108.42
Ntraj: 10000
Nfree: 1085
Nscatter: 8910
Nlost: 5
omega: 1052.08
Ntraj: 10000
Nfree: 1115
Nscatter: 8881
Nlost: 4
omega: 1034.31
Ntraj: 10000
Nfree: 1111
Nscatter: 8888
Nlost: 1
omega: 1039.35
Ntraj: 10000
Nfree: 1034
Nscatter: 8962
Nlost: 4
omega: 1146.02
*********************************************************
task: 0
worker id: 39206
time create lcl and mol: 0.000432968 s
numbers of trajectories: 3334
time trajectory calculation: 2.78555 s
task: 1
worker id: 38730
time create lcl and mol: 0.00039196 s
numbers of trajectories: 3334
time trajectory calculation: 0.684663 s
task: 2
worker id: 37566
time create lcl and mol: 0.000403166 s
numbers of trajectories: 3334
time trajectory calculation: 2.46062 s
task: 3
worker id: 61952
time create lcl and mol: 0.000398159 s
numbers of trajectories: 3334
time trajectory calculation: 2.04032 s
task: 4
worker id: 39578
time create lcl and mol: 0.000411034 s
numbers of trajectories: 3334
time trajectory calculation: 2.73701 s
task: 5
worker id: 36699
time create lcl and mol: 0.0004251 s
numbers of trajectories: 3334
time trajectory calculation: 2.74101 s
task: 6
worker id: 39084
time create lcl and mol: 0.000380039 s
numbers of trajectories: 3334
time trajectory calculation: 2.22556 s
task: 7
worker id: 37825
time create lcl and mol: 0.000386 s
numbers of trajectories: 3334
time trajectory calculation: 2.31252 s
task: 8
worker id: 38730
time create lcl and mol: 0.000411034 s
numbers of trajectories: 3334
time trajectory calculation: 0.657568 s
task: 9
worker id: 39084
time create lcl and mol: 0.000391006 s
numbers of trajectories: 3334
time trajectory calculation: 1.88805 s
task: 10
worker id: 36699
time create lcl and mol: 0.000442982 s
numbers of trajectories: 3333
time trajectory calculation: 0.751707 s
task: 11
worker id: 39084
time create lcl and mol: 0.000374079 s
numbers of trajectories: 3333
time trajectory calculation: 1.74458 s
task: 12
worker id: 61952
time create lcl and mol: 0.000427961 s
numbers of trajectories: 3333
time trajectory calculation: 2.77608 s
task: 13
worker id: 38730
time create lcl and mol: 0.000405788 s
numbers of trajectories: 3333
time trajectory calculation: 2.26818 s
task: 14
worker id: 37825
time create lcl and mol: 0.000380993 s
numbers of trajectories: 3333
time trajectory calculation: 0.98669 s
task: 15
worker id: 37825
time create lcl and mol: 0.000399828 s
numbers of trajectories: 3333
time trajectory calculation: 1.03174 s
task: 16
worker id: 37566
time create lcl and mol: 0.000407934 s
numbers of trajectories: 3333
time trajectory calculation: 1.97914 s
task: 17
worker id: 37566
time create lcl and mol: 0.000409126 s
numbers of trajectories: 3333
time trajectory calculation: 0.737241 s
task: 18
worker id: 61952
time create lcl and mol: 0.0004282 s
numbers of trajectories: 3333
time trajectory calculation: 2.16598 s
task: 19
worker id: 37825
time create lcl and mol: 0.000365019 s
numbers of trajectories: 3333
time trajectory calculation: 1.28823 s
task: 20
worker id: 39578
time create lcl and mol: 0.000398874 s
numbers of trajectories: 3333
time trajectory calculation: 2.90216 s
task: 21
worker id: 39206
time create lcl and mol: 0.000427961 s
numbers of trajectories: 3333
time trajectory calculation: 1.91561 s
task: 22
worker id: 39084
time create lcl and mol: 0.000423193 s
numbers of trajectories: 3333
time trajectory calculation: 1.02182 s
task: 23
worker id: 38730
time create lcl and mol: 0.000417948 s
numbers of trajectories: 3333
time trajectory calculation: 1.50877 s
task: 24
worker id: 36699
time create lcl and mol: 0.000403166 s
numbers of trajectories: 3333
time trajectory calculation: 1.63578 s
task: 25
worker id: 37566
time create lcl and mol: 0.000380993 s
numbers of trajectories: 3333
time trajectory calculation: 0.875787 s
task: 26
worker id: 36699
time create lcl and mol: 0.000447989 s
numbers of trajectories: 3333
time trajectory calculation: 1.50081 s
task: 27
worker id: 38730
time create lcl and mol: 0.000380039 s
numbers of trajectories: 3333
time trajectory calculation: 2.46878 s
task: 28
worker id: 39578
time create lcl and mol: 0.000378847 s
numbers of trajectories: 3333
time trajectory calculation: 1.79678 s
task: 29
worker id: 39206
time create lcl and mol: 0.000392914 s
numbers of trajectories: 3333
time trajectory calculation: 2.83652 s
CCS time: 7.68544 s
*********************************************************
average value of CCS = 1094.09 Ang^2
error value of CCS = 14.308 Ang^2
Total time: 8.2095 s
Program finished...
*********************************************************
INPUT:: Simulation Parameters 
*********************************************************
target filename                  : 03_6pti_carga_4_min.xyz
number of probe                  : 10000
number of iterarions             : 10
number of tasks                  : 30
number of threads                : 24
seed number                      : 2104
gas buffer                       : N2
Target Temperature (K)           : 298
timestep (fs)                    : 10
Skin cell size (Ang)             : 0.01
Equipotential                    : no
Cut short-range interaction      : yes
LJ cutoff (Ang)                  : 12
Apply long-range interaction     : yes
Cut long-range interaction       : yes
Coulomb cutoff (Ang)             : 25
Apply induced-dipole interaction : yes
alpha (Ang^3)                    : 1.71
force_type: 6
*********************************************************
Force Field parameters: 
*********************************************************
Symbol  mass (amu)  epislon (kcal/mol)  sigma(Angstroms) 
C   12.011   0.0824736   3.2255
N   14.007   0.0758527   3.5719
H   1.008   0.0362711   1.8986
O   15.999   0.062323   3.075
S   32.06   0.138032   3.4237
P   30.9738   0.145372   3.47
*********************************************************
MOLECULE:: orientation around the inertia principal axis 
*********************************************************
Inertia matrix a.u. Ang^2: 
{  485569  91107.3  -133993  }
{  91107.3  537180  69475.6  }
{  -133993  69475.6  521122  }
Rotation matrix applied to molecule: 
{  0.695987  0.141548  -0.703964  }
{  -0.678504  0.45052  -0.580228  }
{  0.235019  0.881474  0.409597  }
Molecule radius: 21.4943 Ang 
orientation time of molecule target: 0.00154495 s
target mass: 6444.46 amu
gas mass: 28.014 amu
reduce mass: 28.014 amu
charge state: 3.9992 e
*********************************************************
Geometric Ellipsoid: 
*********************************************************
maximal distances: 16.5078  12.8753  20.9608  Ang
Initial axis length: 67.6154  63.9829  72.0684  Ang
Ellipsoid axis length: 69.6354  66.0029  74.0884  Ang
ellipsoid calculation time: 3.88622e-05 s
maximal impact parameter: 74.0884 Ang
*********************************************************
Linked-cell: 
Numbers of cells: 1716
Nx: 12 Ny: 11 Nz: 13
Filled cells: 20
Empty cells: 1696
Average atoms per cell: 44
Maximum atoms per cell: 121
Minimum atoms per cell: 7
Simulation box: 
lx: 144.12 Ang
ly: 132.11 Ang
lz: 156.13 Ang
linked-cell calculation time: 0.00182509 s
time info: 5.91278e-05 s
*********************************************************
Trajectory calculations 
*********************************************************
out target time: 8.1995 s
Ntraj: 10000
Nfree: 1167
Nscatter: 8830
Nlost: 3
omega: 1129.82
Ntraj: 10000
Nfree: 1091
Nscatter: 8906
Nlost: 3
omega: 1140.38
Ntraj: 10000
Nfree: 1060
Nscatter: 8939
Nlost: 1
omega: 1067.6
Ntraj: 10000
Nfree: 1098
Nscatter: 8900
Nlost: 2
omega: 1063.93
Ntraj: 10000
Nfree: 1113
Nscatter: 8884
Nlost: 3
omega: 1158.93
Ntraj: 10000
Nfree: 1084
Nscatter: 8914
Nlost: 2
omega: 1108.42
Ntraj: 10000
Nfree: 1085
Nscatter: 8910
Nlost: 5
omega: 1052.08
Ntraj: 10000
Nfree: 1115
Nscatter: 8881
Nlost: 4
omega: 1034.31
Ntraj: 10000
Nfree: 1111
Nscatter: 8888
Nlost: 1
omega: 1039.35
Ntraj: 10000
Nfree: 1034
Nscatter: 8962
Nlost: 4
omega: 1146.02
*********************************************************
task: 0
worker id: 37964
time create lcl and mol: 0.000395775 s
numbers of trajectories: 3334
time trajectory calculation: 2.77854 s
task: 1
worker id: 39127
time create lcl and mol: 0.000392914 s
numbers of trajectories: 3334
time trajectory calculation: 0.702111 s
task: 2
worker id: 39486
time create lcl and mol: 0.000396013 s
numbers of trajectories: 3334
time trajectory calculation: 2.53855 s
task: 3
worker id: 39607
time create lcl and mol: 0.000412226 s
numbers of trajectories: 3334
time trajectory calculation: 2.05872 s
task: 4
worker id: 39977
time create lcl and mol: 0.000550032 s
numbers of trajectories: 3334
time trajectory calculation: 2.73693 s
task: 5
worker id: 62365
time create lcl and mol: 0.000389099 s
numbers of trajectories: 3334
time trajectory calculation: 2.85915 s
task: 6
worker id: 37097
time create lcl and mol: 0.000359058 s
numbers of trajectories: 3334
time trajectory calculation: 2.18044 s
task: 7
worker id: 38222
time create lcl and mol: 0.000390053 s
numbers of trajectories: 3334
time trajectory calculation: 2.37392 s
task: 8
worker id: 37097
time create lcl and mol: 0.000404119 s
numbers of trajectories: 3334
time trajectory calculation: 0.701357 s
task: 9
worker id: 39977
time create lcl and mol: 0.000381947 s
numbers of trajectories: 3334
time trajectory calculation: 1.80562 s
task: 10
worker id: 39607
time create lcl and mol: 0.000416994 s
numbers of trajectories: 3333
time trajectory calculation: 0.748313 s
task: 11
worker id: 39607
time create lcl and mol: 0.000403881 s
numbers of trajectories: 3333
time trajectory calculation: 1.68298 s
task: 12
worker id: 38222
time create lcl and mol: 0.000437975 s
numbers of trajectories: 3333
time trajectory calculation: 2.85678 s
task: 13
worker id: 39486
time create lcl and mol: 0.00041604 s
numbers of trajectories: 3333
time trajectory calculation: 2.22221 s
task: 14
worker id: 39607
time create lcl and mol: 0.000386 s
numbers of trajectories: 3333
time trajectory calculation: 0.955593 s
task: 15
worker id: 39607
time create lcl and mol: 0.000405073 s
numbers of trajectories: 3333
time trajectory calculation: 1.03404 s
task: 16
worker id: 62365
time create lcl and mol: 0.0004282 s
numbers of trajectories: 3333
time trajectory calculation: 1.96827 s
task: 17
worker id: 39127
time create lcl and mol: 0.000432968 s
numbers of trajectories: 3333
time trajectory calculation: 0.744883 s
task: 18
worker id: 39127
time create lcl and mol: 0.000409126 s
numbers of trajectories: 3333
time trajectory calculation: 2.21831 s
task: 19
worker id: 37097
time create lcl and mol: 0.000436068 s
numbers of trajectories: 3333
time trajectory calculation: 1.3426 s
task: 20
worker id: 38222
time create lcl and mol: 0.000381947 s
numbers of trajectories: 3333
time trajectory calculation: 2.8805 s
task: 21
worker id: 39977
time create lcl and mol: 0.00041604 s
numbers of trajectories: 3333
time trajectory calculation: 1.93277 s
task: 22
worker id: 37097
time create lcl and mol: 0.000420094 s
numbers of trajectories: 3333
time trajectory calculation: 1.07285 s
task: 23
worker id: 37097
time create lcl and mol: 0.000402927 s
numbers of trajectories: 3333
time trajectory calculation: 1.47305 s
task: 24
worker id: 39127
time create lcl and mol: 0.000463009 s
numbers of trajectories: 3333
time trajectory calculation: 1.59637 s
task: 25
worker id: 37964
time create lcl and mol: 0.000433922 s
numbers of trajectories: 3333
time trajectory calculation: 0.875878 s
task: 26
worker id: 39486
time create lcl and mol: 0.000396967 s
numbers of trajectories: 3333
time trajectory calculation: 1.54001 s
task: 27
worker id: 37964
time create lcl and mol: 0.000379086 s
numbers of trajectories: 3333
time trajectory calculation: 2.49058 s
task: 28
worker id: 62365
time create lcl and mol: 0.000383854 s
numbers of trajectories: 3333
time trajectory calculation: 1.74559 s
task: 29
worker id: 39127
time create lcl and mol: 0.000400066 s
numbers of trajectories: 3333
time trajectory calculation: 2.75069 s
CCS time: 8.21006 s
*********************************************************
average value of CCS = 1094.09 Ang^2
error value of CCS = 14.308 Ang^2
Total time: 8.21856 s
Program finished...
