*********************************************************
INPUT:: Simulation Parameters 
*********************************************************
target filename                  : 02_2akq_02_carga_11_min.xyz
number of probe                  : 10000
number of iterarions             : 10
number of tasks                  : 14
number of threads                : 24
seed number                      : 2104
gas buffer                       : N2
Target Temperature (K)           : 298
timestep (fs)                    : 10
Skin cell size (Ang)             : 0.01
Equipotential                    : no
Cut short-range interaction      : yes
LJ cutoff (Ang)                  : 12
Apply long-range interaction     : yes
Cut long-range interaction       : yes
Coulomb cutoff (Ang)             : 25
Apply induced-dipole interaction : yes
alpha (Ang^3)                    : 1.71
force_type: 6
*********************************************************
Force Field parameters: 
*********************************************************
Symbol  mass (amu)  epislon (kcal/mol)  sigma(Angstroms) 
C   12.011   0.0824736   3.2255
N   14.007   0.0758527   3.5719
H   1.008   0.0362711   1.8986
O   15.999   0.062323   3.075
S   32.06   0.138032   3.4237
P   30.9738   0.145372   3.47
*********************************************************
MOLECULE:: orientation around the inertia principal axis 
*********************************************************
Inertia matrix a.u. Ang^2: 
{  5.24303e+06  -1.06224e+06  1.42652e+06  }
{  -1.06224e+06  1.32585e+07  253536  }
{  1.42652e+06  253536  1.32575e+07  }
Rotation matrix applied to molecule: 
{  0.0969352  0.441178  0.892169  }
{  0.977054  0.128631  -0.169766  }
{  -0.189657  0.888153  -0.418586  }
Molecule radius: 39.7002 Ang 
orientation time of molecule target: 0.064194 s
target mass: 35368 amu
gas mass: 28.014 amu
reduce mass: 28.014 amu
charge state: 10.9992 e
*********************************************************
Geometric Ellipsoid: 
*********************************************************
maximal distances: 23.7041  21.0357  39.078  Ang
Initial axis length: 74.8117  72.1433  90.1856  Ang
Ellipsoid axis length: 81.0417  78.3733  96.4156  Ang
ellipsoid calculation time: 6.29425e-05 s
maximal impact parameter: 96.4156 Ang
*********************************************************
Linked-cell: 
Numbers of cells: 3332
Nx: 14 Ny: 14 Nz: 17
Filled cells: 77
Empty cells: 3255
Average atoms per cell: 65.0649
Maximum atoms per cell: 196
Minimum atoms per cell: 1
Simulation box: 
lx: 168.14 Ang
ly: 168.14 Ang
lz: 204.17 Ang
linked-cell calculation time: 0.00357985 s
time info: 0.000205994 s
*********************************************************
Trajectory calculations 
*********************************************************
out target time: 20.6314 s
Ntraj: 10000
Nfree: 2285
Nscatter: 7713
Nlost: 2
omega: 3410.61
Ntraj: 10000
Nfree: 2215
Nscatter: 7783
Nlost: 2
omega: 3486.02
Ntraj: 10000
Nfree: 2114
Nscatter: 7885
Nlost: 1
omega: 3331.53
Ntraj: 10000
Nfree: 2220
Nscatter: 7778
Nlost: 2
omega: 3431.87
Ntraj: 10000
Nfree: 2208
Nscatter: 7790
Nlost: 2
omega: 3412.05
Ntraj: 10000
Nfree: 2235
Nscatter: 7764
Nlost: 1
omega: 3496.41
Ntraj: 10000
Nfree: 2213
Nscatter: 7787
Nlost: 0
omega: 3228.27
Ntraj: 10000
Nfree: 2227
Nscatter: 7771
Nlost: 2
omega: 3271.41
Ntraj: 10000
Nfree: 2179
Nscatter: 7821
Nlost: 0
omega: 3243.23
Ntraj: 10000
Nfree: 2084
Nscatter: 7915
Nlost: 1
omega: 3527.74
*********************************************************
task: 0
worker id: 22993
time create lcl and mol: 0.000845909 s
numbers of trajectories: 7143
time trajectory calculation: 6.9878 s
task: 1
worker id: 74584
time create lcl and mol: 0.000834942 s
numbers of trajectories: 7143
time trajectory calculation: 9.11441 s
task: 2
worker id: 72095
time create lcl and mol: 0.000834942 s
numbers of trajectories: 7143
time trajectory calculation: 7.28881 s
task: 3
worker id: 38493
time create lcl and mol: 0.000849962 s
numbers of trajectories: 7143
time trajectory calculation: 7.35428 s
task: 4
worker id: 22993
time create lcl and mol: 0.000802994 s
numbers of trajectories: 7143
time trajectory calculation: 7.91263 s
task: 5
worker id: 1104
time create lcl and mol: 0.000837088 s
numbers of trajectories: 7143
time trajectory calculation: 5.50923 s
task: 6
worker id: 7069
time create lcl and mol: 0.000844955 s
numbers of trajectories: 7143
time trajectory calculation: 10.4128 s
task: 7
worker id: 45853
time create lcl and mol: 0.00103807 s
numbers of trajectories: 7143
time trajectory calculation: 11.826 s
task: 8
worker id: 74584
time create lcl and mol: 0.000840187 s
numbers of trajectories: 7143
time trajectory calculation: 7.49369 s
task: 9
worker id: 29333
time create lcl and mol: 0.000841856 s
numbers of trajectories: 7143
time trajectory calculation: 7.17302 s
task: 10
worker id: 38493
time create lcl and mol: 0.000854015 s
numbers of trajectories: 7143
time trajectory calculation: 13.2124 s
task: 11
worker id: 72095
time create lcl and mol: 0.000936985 s
numbers of trajectories: 7143
time trajectory calculation: 5.84224 s
task: 12
worker id: 29333
time create lcl and mol: 0.000864029 s
numbers of trajectories: 7142
time trajectory calculation: 7.10807 s
task: 13
worker id: 1104
time create lcl and mol: 0.000879049 s
numbers of trajectories: 7142
time trajectory calculation: 10.0658 s
CCS time: 20.6415 s
*********************************************************
average value of CCS = 3383.91 Ang^2
error value of CCS = 32.7093 Ang^2
Total time: 20.7144 s
Program finished...
*********************************************************
INPUT:: Simulation Parameters 
*********************************************************
target filename                  : 02_2akq_02_carga_11_min.xyz
number of probe                  : 10000
number of iterarions             : 10
number of tasks                  : 14
number of threads                : 24
seed number                      : 2104
gas buffer                       : N2
Target Temperature (K)           : 298
timestep (fs)                    : 10
Skin cell size (Ang)             : 0.01
Equipotential                    : no
Cut short-range interaction      : yes
LJ cutoff (Ang)                  : 12
Apply long-range interaction     : yes
Cut long-range interaction       : yes
Coulomb cutoff (Ang)             : 25
Apply induced-dipole interaction : yes
alpha (Ang^3)                    : 1.71
force_type: 6
*********************************************************
Force Field parameters: 
*********************************************************
Symbol  mass (amu)  epislon (kcal/mol)  sigma(Angstroms) 
C   12.011   0.0824736   3.2255
N   14.007   0.0758527   3.5719
H   1.008   0.0362711   1.8986
O   15.999   0.062323   3.075
S   32.06   0.138032   3.4237
P   30.9738   0.145372   3.47
*********************************************************
MOLECULE:: orientation around the inertia principal axis 
*********************************************************
Inertia matrix a.u. Ang^2: 
{  5.24303e+06  -1.06224e+06  1.42652e+06  }
{  -1.06224e+06  1.32585e+07  253536  }
{  1.42652e+06  253536  1.32575e+07  }
Rotation matrix applied to molecule: 
{  0.0969352  0.441178  0.892169  }
{  0.977054  0.128631  -0.169766  }
{  -0.189657  0.888153  -0.418586  }
Molecule radius: 39.7002 Ang 
orientation time of molecule target: 0.0054481 s
target mass: 35368 amu
gas mass: 28.014 amu
reduce mass: 28.014 amu
charge state: 10.9992 e
*********************************************************
Geometric Ellipsoid: 
*********************************************************
maximal distances: 23.7041  21.0357  39.078  Ang
Initial axis length: 74.8117  72.1433  90.1856  Ang
Ellipsoid axis length: 81.0417  78.3733  96.4156  Ang
ellipsoid calculation time: 7.20024e-05 s
maximal impact parameter: 96.4156 Ang
*********************************************************
Linked-cell: 
Numbers of cells: 3332
Nx: 14 Ny: 14 Nz: 17
Filled cells: 77
Empty cells: 3255
Average atoms per cell: 65.0649
Maximum atoms per cell: 196
Minimum atoms per cell: 1
Simulation box: 
lx: 168.14 Ang
ly: 168.14 Ang
lz: 204.17 Ang
linked-cell calculation time: 0.00357795 s
time info: 0.000210047 s
*********************************************************
Trajectory calculations 
*********************************************************
out target time: 20.0361 s
Ntraj: 10000
Nfree: 2285
Nscatter: 7713
Nlost: 2
omega: 3410.61
Ntraj: 10000
Nfree: 2215
Nscatter: 7783
Nlost: 2
omega: 3486.02
Ntraj: 10000
Nfree: 2114
Nscatter: 7885
Nlost: 1
omega: 3331.53
Ntraj: 10000
Nfree: 2220
Nscatter: 7778
Nlost: 2
omega: 3431.87
Ntraj: 10000
Nfree: 2208
Nscatter: 7790
Nlost: 2
omega: 3412.05
Ntraj: 10000
Nfree: 2235
Nscatter: 7764
Nlost: 1
omega: 3496.41
Ntraj: 10000
Nfree: 2213
Nscatter: 7787
Nlost: 0
omega: 3228.27
Ntraj: 10000
Nfree: 2227
Nscatter: 7771
Nlost: 2
omega: 3271.41
Ntraj: 10000
Nfree: 2179
Nscatter: 7821
Nlost: 0
omega: 3243.23
Ntraj: 10000
Nfree: 2084
Nscatter: 7915
Nlost: 1
omega: 3527.74
*********************************************************
task: 0
worker id: 75302
time create lcl and mol: 0.000858068 s
numbers of trajectories: 7143
time trajectory calculation: 6.81798 s
task: 1
worker id: 39210
time create lcl and mol: 0.000833988 s
numbers of trajectories: 7143
time trajectory calculation: 9.24992 s
task: 2
worker id: 1851
time create lcl and mol: 0.000836849 s
numbers of trajectories: 7143
time trajectory calculation: 7.26394 s
task: 3
worker id: 7800
time create lcl and mol: 0.00101209 s
numbers of trajectories: 7143
time trajectory calculation: 7.20659 s
task: 4
worker id: 72817
time create lcl and mol: 0.000971079 s
numbers of trajectories: 7143
time trajectory calculation: 7.92902 s
task: 5
worker id: 46573
time create lcl and mol: 0.000869036 s
numbers of trajectories: 7143
time trajectory calculation: 5.59481 s
task: 6
worker id: 23709
time create lcl and mol: 0.000837088 s
numbers of trajectories: 7143
time trajectory calculation: 10.4232 s
task: 7
worker id: 30047
time create lcl and mol: 0.000864983 s
numbers of trajectories: 7143
time trajectory calculation: 11.7328 s
task: 8
worker id: 72817
time create lcl and mol: 0.00080204 s
numbers of trajectories: 7143
time trajectory calculation: 7.30172 s
task: 9
worker id: 1851
time create lcl and mol: 0.000876904 s
numbers of trajectories: 7143
time trajectory calculation: 7.19004 s
task: 10
worker id: 7800
time create lcl and mol: 0.000854969 s
numbers of trajectories: 7143
time trajectory calculation: 12.7642 s
task: 11
worker id: 75302
time create lcl and mol: 0.000833988 s
numbers of trajectories: 7143
time trajectory calculation: 5.84051 s
task: 12
worker id: 46573
time create lcl and mol: 0.000901937 s
numbers of trajectories: 7142
time trajectory calculation: 7.16318 s
task: 13
worker id: 39210
time create lcl and mol: 0.000853062 s
numbers of trajectories: 7142
time trajectory calculation: 9.78139 s
CCS time: 20.0461 s
*********************************************************
average value of CCS = 3383.91 Ang^2
error value of CCS = 32.7093 Ang^2
Total time: 20.0603 s
Program finished...
*********************************************************
INPUT:: Simulation Parameters 
*********************************************************
target filename                  : 02_2akq_02_carga_11_min.xyz
number of probe                  : 10000
number of iterarions             : 10
number of tasks                  : 14
number of threads                : 24
seed number                      : 2104
gas buffer                       : N2
Target Temperature (K)           : 298
timestep (fs)                    : 10
Skin cell size (Ang)             : 0.01
Equipotential                    : no
Cut short-range interaction      : yes
LJ cutoff (Ang)                  : 12
Apply long-range interaction     : yes
Cut long-range interaction       : yes
Coulomb cutoff (Ang)             : 25
Apply induced-dipole interaction : yes
alpha (Ang^3)                    : 1.71
force_type: 6
*********************************************************
Force Field parameters: 
*********************************************************
Symbol  mass (amu)  epislon (kcal/mol)  sigma(Angstroms) 
C   12.011   0.0824736   3.2255
N   14.007   0.0758527   3.5719
H   1.008   0.0362711   1.8986
O   15.999   0.062323   3.075
S   32.06   0.138032   3.4237
P   30.9738   0.145372   3.47
*********************************************************
MOLECULE:: orientation around the inertia principal axis 
*********************************************************
Inertia matrix a.u. Ang^2: 
{  5.24303e+06  -1.06224e+06  1.42652e+06  }
{  -1.06224e+06  1.32585e+07  253536  }
{  1.42652e+06  253536  1.32575e+07  }
Rotation matrix applied to molecule: 
{  0.0969352  0.441178  0.892169  }
{  0.977054  0.128631  -0.169766  }
{  -0.189657  0.888153  -0.418586  }
Molecule radius: 39.7002 Ang 
orientation time of molecule target: 0.00573087 s
target mass: 35368 amu
gas mass: 28.014 amu
reduce mass: 28.014 amu
charge state: 10.9992 e
*********************************************************
Geometric Ellipsoid: 
*********************************************************
maximal distances: 23.7041  21.0357  39.078  Ang
Initial axis length: 74.8117  72.1433  90.1856  Ang
Ellipsoid axis length: 81.0417  78.3733  96.4156  Ang
ellipsoid calculation time: 6.69956e-05 s
maximal impact parameter: 96.4156 Ang
*********************************************************
Linked-cell: 
Numbers of cells: 3332
Nx: 14 Ny: 14 Nz: 17
Filled cells: 77
Empty cells: 3255
Average atoms per cell: 65.0649
Maximum atoms per cell: 196
Minimum atoms per cell: 1
Simulation box: 
lx: 168.14 Ang
ly: 168.14 Ang
lz: 204.17 Ang
linked-cell calculation time: 0.00363708 s
time info: 0.000198841 s
*********************************************************
Trajectory calculations 
*********************************************************
out target time: 20.0176 s
Ntraj: 10000
Nfree: 2285
Nscatter: 7713
Nlost: 2
omega: 3410.61
Ntraj: 10000
Nfree: 2215
Nscatter: 7783
Nlost: 2
omega: 3486.02
Ntraj: 10000
Nfree: 2114
Nscatter: 7885
Nlost: 1
omega: 3331.53
Ntraj: 10000
Nfree: 2220
Nscatter: 7778
Nlost: 2
omega: 3431.87
Ntraj: 10000
Nfree: 2208
Nscatter: 7790
Nlost: 2
omega: 3412.05
Ntraj: 10000
Nfree: 2235
Nscatter: 7764
Nlost: 1
omega: 3496.41
Ntraj: 10000
Nfree: 2213
Nscatter: 7787
Nlost: 0
omega: 3228.27
Ntraj: 10000
Nfree: 2227
Nscatter: 7771
Nlost: 2
omega: 3271.41
Ntraj: 10000
Nfree: 2179
Nscatter: 7821
Nlost: 0
omega: 3243.23
Ntraj: 10000
Nfree: 2084
Nscatter: 7915
Nlost: 1
omega: 3527.74
*********************************************************
task: 0
worker id: 39940
time create lcl and mol: 0.000849009 s
numbers of trajectories: 7143
time trajectory calculation: 6.88569 s
task: 1
worker id: 24437
time create lcl and mol: 0.000756979 s
numbers of trajectories: 7143
time trajectory calculation: 9.00947 s
task: 2
worker id: 47304
time create lcl and mol: 0.00079298 s
numbers of trajectories: 7143
time trajectory calculation: 7.2871 s
task: 3
worker id: 30781
time create lcl and mol: 0.000828981 s
numbers of trajectories: 7143
time trajectory calculation: 7.01278 s
task: 4
worker id: 2729
time create lcl and mol: 0.000770807 s
numbers of trajectories: 7143
time trajectory calculation: 7.949 s
task: 5
worker id: 73548
time create lcl and mol: 0.000829935 s
numbers of trajectories: 7143
time trajectory calculation: 5.57202 s
task: 6
worker id: 8545
time create lcl and mol: 0.000883818 s
numbers of trajectories: 7143
time trajectory calculation: 10.4193 s
task: 7
worker id: 76032
time create lcl and mol: 0.000865936 s
numbers of trajectories: 7143
time trajectory calculation: 11.719 s
task: 8
worker id: 24437
time create lcl and mol: 0.000855923 s
numbers of trajectories: 7143
time trajectory calculation: 7.50976 s
task: 9
worker id: 30781
time create lcl and mol: 0.000811815 s
numbers of trajectories: 7143
time trajectory calculation: 7.07645 s
task: 10
worker id: 39940
time create lcl and mol: 0.000910997 s
numbers of trajectories: 7143
time trajectory calculation: 13.0631 s
task: 11
worker id: 73548
time create lcl and mol: 0.000868082 s
numbers of trajectories: 7143
time trajectory calculation: 5.84691 s
task: 12
worker id: 2729
time create lcl and mol: 0.000897169 s
numbers of trajectories: 7142
time trajectory calculation: 6.9628 s
task: 13
worker id: 47304
time create lcl and mol: 0.000765085 s
numbers of trajectories: 7142
time trajectory calculation: 9.85407 s
CCS time: 20.0275 s
*********************************************************
average value of CCS = 3383.91 Ang^2
error value of CCS = 32.7093 Ang^2
Total time: 20.0422 s
Program finished...
*********************************************************
INPUT:: Simulation Parameters 
*********************************************************
target filename                  : 02_2akq_02_carga_11_min.xyz
number of probe                  : 10000
number of iterarions             : 10
number of tasks                  : 14
number of threads                : 24
seed number                      : 2104
gas buffer                       : N2
Target Temperature (K)           : 298
timestep (fs)                    : 10
Skin cell size (Ang)             : 0.01
Equipotential                    : no
Cut short-range interaction      : yes
LJ cutoff (Ang)                  : 12
Apply long-range interaction     : yes
Cut long-range interaction       : yes
Coulomb cutoff (Ang)             : 25
Apply induced-dipole interaction : yes
alpha (Ang^3)                    : 1.71
force_type: 6
*********************************************************
Force Field parameters: 
*********************************************************
Symbol  mass (amu)  epislon (kcal/mol)  sigma(Angstroms) 
C   12.011   0.0824736   3.2255
N   14.007   0.0758527   3.5719
H   1.008   0.0362711   1.8986
O   15.999   0.062323   3.075
S   32.06   0.138032   3.4237
P   30.9738   0.145372   3.47
*********************************************************
MOLECULE:: orientation around the inertia principal axis 
*********************************************************
Inertia matrix a.u. Ang^2: 
{  5.24303e+06  -1.06224e+06  1.42652e+06  }
{  -1.06224e+06  1.32585e+07  253536  }
{  1.42652e+06  253536  1.32575e+07  }
Rotation matrix applied to molecule: 
{  0.0969352  0.441178  0.892169  }
{  0.977054  0.128631  -0.169766  }
{  -0.189657  0.888153  -0.418586  }
Molecule radius: 39.7002 Ang 
orientation time of molecule target: 0.00552893 s
target mass: 35368 amu
gas mass: 28.014 amu
reduce mass: 28.014 amu
charge state: 10.9992 e
*********************************************************
Geometric Ellipsoid: 
*********************************************************
maximal distances: 23.7041  21.0357  39.078  Ang
Initial axis length: 74.8117  72.1433  90.1856  Ang
Ellipsoid axis length: 81.0417  78.3733  96.4156  Ang
ellipsoid calculation time: 6.38962e-05 s
maximal impact parameter: 96.4156 Ang
*********************************************************
Linked-cell: 
Numbers of cells: 3332
Nx: 14 Ny: 14 Nz: 17
Filled cells: 77
Empty cells: 3255
Average atoms per cell: 65.0649
Maximum atoms per cell: 196
Minimum atoms per cell: 1
Simulation box: 
lx: 168.14 Ang
ly: 168.14 Ang
lz: 204.17 Ang
linked-cell calculation time: 0.003546 s
time info: 0.000213146 s
*********************************************************
Trajectory calculations 
*********************************************************
out target time: 20.4137 s
Ntraj: 10000
Nfree: 2285
Nscatter: 7713
Nlost: 2
omega: 3410.61
Ntraj: 10000
Nfree: 2215
Nscatter: 7783
Nlost: 2
omega: 3486.02
Ntraj: 10000
Nfree: 2114
Nscatter: 7885
Nlost: 1
omega: 3331.53
Ntraj: 10000
Nfree: 2220
Nscatter: 7778
Nlost: 2
omega: 3431.87
Ntraj: 10000
Nfree: 2208
Nscatter: 7790
Nlost: 2
omega: 3412.05
Ntraj: 10000
Nfree: 2235
Nscatter: 7764
Nlost: 1
omega: 3496.41
Ntraj: 10000
Nfree: 2213
Nscatter: 7787
Nlost: 0
omega: 3228.27
Ntraj: 10000
Nfree: 2227
Nscatter: 7771
Nlost: 2
omega: 3271.41
Ntraj: 10000
Nfree: 2179
Nscatter: 7821
Nlost: 0
omega: 3243.23
Ntraj: 10000
Nfree: 2084
Nscatter: 7915
Nlost: 1
omega: 3527.74
*********************************************************
task: 0
worker id: 25440
time create lcl and mol: 0.000833035 s
numbers of trajectories: 7143
time trajectory calculation: 6.96688 s
task: 1
worker id: 77038
time create lcl and mol: 0.000945091 s
numbers of trajectories: 7143
time trajectory calculation: 9.21438 s
task: 2
worker id: 48308
time create lcl and mol: 0.000874043 s
numbers of trajectories: 7143
time trajectory calculation: 7.34045 s
task: 3
worker id: 74556
time create lcl and mol: 0.00103283 s
numbers of trajectories: 7143
time trajectory calculation: 7.08162 s
task: 4
worker id: 3748
time create lcl and mol: 0.00102901 s
numbers of trajectories: 7143
time trajectory calculation: 7.58799 s
task: 5
worker id: 9565
time create lcl and mol: 0.000831842 s
numbers of trajectories: 7143
time trajectory calculation: 5.43887 s
task: 6
worker id: 40945
time create lcl and mol: 0.000876188 s
numbers of trajectories: 7143
time trajectory calculation: 10.2004 s
task: 7
worker id: 9565
time create lcl and mol: 0.000833035 s
numbers of trajectories: 7143
time trajectory calculation: 11.2303 s
task: 8
worker id: 31790
time create lcl and mol: 0.00104713 s
numbers of trajectories: 7143
time trajectory calculation: 7.62207 s
task: 9
worker id: 74556
time create lcl and mol: 0.00080204 s
numbers of trajectories: 7143
time trajectory calculation: 6.94307 s
task: 10
worker id: 25440
time create lcl and mol: 0.000799894 s
numbers of trajectories: 7143
time trajectory calculation: 13.3867 s
task: 11
worker id: 48308
time create lcl and mol: 0.000888109 s
numbers of trajectories: 7143
time trajectory calculation: 5.87885 s
task: 12
worker id: 3748
time create lcl and mol: 0.000895023 s
numbers of trajectories: 7142
time trajectory calculation: 6.90039 s
task: 13
worker id: 31790
time create lcl and mol: 0.000778913 s
numbers of trajectories: 7142
time trajectory calculation: 9.82165 s
CCS time: 20.4238 s
*********************************************************
average value of CCS = 3383.91 Ang^2
error value of CCS = 32.7093 Ang^2
Total time: 20.4379 s
Program finished...
*********************************************************
INPUT:: Simulation Parameters 
*********************************************************
target filename                  : 02_2akq_02_carga_11_min.xyz
number of probe                  : 10000
number of iterarions             : 10
number of tasks                  : 14
number of threads                : 24
seed number                      : 2104
gas buffer                       : N2
Target Temperature (K)           : 298
timestep (fs)                    : 10
Skin cell size (Ang)             : 0.01
Equipotential                    : no
Cut short-range interaction      : yes
LJ cutoff (Ang)                  : 12
Apply long-range interaction     : yes
Cut long-range interaction       : yes
Coulomb cutoff (Ang)             : 25
Apply induced-dipole interaction : yes
alpha (Ang^3)                    : 1.71
force_type: 6
*********************************************************
Force Field parameters: 
*********************************************************
Symbol  mass (amu)  epislon (kcal/mol)  sigma(Angstroms) 
C   12.011   0.0824736   3.2255
N   14.007   0.0758527   3.5719
H   1.008   0.0362711   1.8986
O   15.999   0.062323   3.075
S   32.06   0.138032   3.4237
P   30.9738   0.145372   3.47
*********************************************************
MOLECULE:: orientation around the inertia principal axis 
*********************************************************
Inertia matrix a.u. Ang^2: 
{  5.24303e+06  -1.06224e+06  1.42652e+06  }
{  -1.06224e+06  1.32585e+07  253536  }
{  1.42652e+06  253536  1.32575e+07  }
Rotation matrix applied to molecule: 
{  0.0969352  0.441178  0.892169  }
{  0.977054  0.128631  -0.169766  }
{  -0.189657  0.888153  -0.418586  }
Molecule radius: 39.7002 Ang 
orientation time of molecule target: 0.00557685 s
target mass: 35368 amu
gas mass: 28.014 amu
reduce mass: 28.014 amu
charge state: 10.9992 e
*********************************************************
Geometric Ellipsoid: 
*********************************************************
maximal distances: 23.7041  21.0357  39.078  Ang
Initial axis length: 74.8117  72.1433  90.1856  Ang
Ellipsoid axis length: 81.0417  78.3733  96.4156  Ang
ellipsoid calculation time: 6.00815e-05 s
maximal impact parameter: 96.4156 Ang
*********************************************************
Linked-cell: 
Numbers of cells: 3332
Nx: 14 Ny: 14 Nz: 17
Filled cells: 77
Empty cells: 3255
Average atoms per cell: 65.0649
Maximum atoms per cell: 196
Minimum atoms per cell: 1
Simulation box: 
lx: 168.14 Ang
ly: 168.14 Ang
lz: 204.17 Ang
linked-cell calculation time: 0.00355911 s
time info: 0.000201941 s
*********************************************************
Trajectory calculations 
*********************************************************
out target time: 20.8476 s
Ntraj: 10000
Nfree: 2285
Nscatter: 7713
Nlost: 2
omega: 3410.61
Ntraj: 10000
Nfree: 2215
Nscatter: 7783
Nlost: 2
omega: 3486.02
Ntraj: 10000
Nfree: 2114
Nscatter: 7885
Nlost: 1
omega: 3331.53
Ntraj: 10000
Nfree: 2220
Nscatter: 7778
Nlost: 2
omega: 3431.87
Ntraj: 10000
Nfree: 2208
Nscatter: 7790
Nlost: 2
omega: 3412.05
Ntraj: 10000
Nfree: 2235
Nscatter: 7764
Nlost: 1
omega: 3496.41
Ntraj: 10000
Nfree: 2213
Nscatter: 7787
Nlost: 0
omega: 3228.27
Ntraj: 10000
Nfree: 2227
Nscatter: 7771
Nlost: 2
omega: 3271.41
Ntraj: 10000
Nfree: 2179
Nscatter: 7821
Nlost: 0
omega: 3243.23
Ntraj: 10000
Nfree: 2084
Nscatter: 7915
Nlost: 1
omega: 3527.74
*********************************************************
task: 0
worker id: 49051
time create lcl and mol: 0.000882149 s
numbers of trajectories: 7143
time trajectory calculation: 6.70002 s
task: 1
worker id: 49051
time create lcl and mol: 0.000833035 s
numbers of trajectories: 7143
time trajectory calculation: 9.24399 s
task: 2
worker id: 41690
time create lcl and mol: 0.00088191 s
numbers of trajectories: 7143
time trajectory calculation: 7.28352 s
task: 3
worker id: 4506
time create lcl and mol: 0.000902891 s
numbers of trajectories: 7143
time trajectory calculation: 7.15517 s
task: 4
worker id: 26187
time create lcl and mol: 0.000926018 s
numbers of trajectories: 7143
time trajectory calculation: 7.62186 s
task: 5
worker id: 4506
time create lcl and mol: 0.000844002 s
numbers of trajectories: 7143
time trajectory calculation: 5.30357 s
task: 6
worker id: 10322
time create lcl and mol: 0.000880957 s
numbers of trajectories: 7143
time trajectory calculation: 10.1031 s
task: 7
worker id: 75297
time create lcl and mol: 0.00102997 s
numbers of trajectories: 7143
time trajectory calculation: 11.3511 s
task: 8
worker id: 41690
time create lcl and mol: 0.000827074 s
numbers of trajectories: 7143
time trajectory calculation: 7.54974 s
task: 9
worker id: 32540
time create lcl and mol: 0.000841856 s
numbers of trajectories: 7143
time trajectory calculation: 7.23983 s
task: 10
worker id: 26187
time create lcl and mol: 0.000869989 s
numbers of trajectories: 7143
time trajectory calculation: 13.1534 s
task: 11
worker id: 77786
time create lcl and mol: 0.000818968 s
numbers of trajectories: 7143
time trajectory calculation: 5.60319 s
task: 12
worker id: 32540
time create lcl and mol: 0.000866175 s
numbers of trajectories: 7142
time trajectory calculation: 7.24427 s
task: 13
worker id: 77786
time create lcl and mol: 0.000888824 s
numbers of trajectories: 7142
time trajectory calculation: 9.96443 s
CCS time: 20.8576 s
*********************************************************
average value of CCS = 3383.91 Ang^2
error value of CCS = 32.7093 Ang^2
Total time: 20.872 s
Program finished...
*********************************************************
INPUT:: Simulation Parameters 
*********************************************************
target filename                  : 02_2akq_02_carga_11_min.xyz
number of probe                  : 10000
number of iterarions             : 10
number of tasks                  : 14
number of threads                : 24
seed number                      : 2104
gas buffer                       : N2
Target Temperature (K)           : 298
timestep (fs)                    : 10
Skin cell size (Ang)             : 0.01
Equipotential                    : no
Cut short-range interaction      : yes
LJ cutoff (Ang)                  : 12
Apply long-range interaction     : yes
Cut long-range interaction       : yes
Coulomb cutoff (Ang)             : 25
Apply induced-dipole interaction : yes
alpha (Ang^3)                    : 1.71
force_type: 6
*********************************************************
Force Field parameters: 
*********************************************************
Symbol  mass (amu)  epislon (kcal/mol)  sigma(Angstroms) 
C   12.011   0.0824736   3.2255
N   14.007   0.0758527   3.5719
H   1.008   0.0362711   1.8986
O   15.999   0.062323   3.075
S   32.06   0.138032   3.4237
P   30.9738   0.145372   3.47
*********************************************************
MOLECULE:: orientation around the inertia principal axis 
*********************************************************
Inertia matrix a.u. Ang^2: 
{  5.24303e+06  -1.06224e+06  1.42652e+06  }
{  -1.06224e+06  1.32585e+07  253536  }
{  1.42652e+06  253536  1.32575e+07  }
Rotation matrix applied to molecule: 
{  0.0969352  0.441178  0.892169  }
{  0.977054  0.128631  -0.169766  }
{  -0.189657  0.888153  -0.418586  }
Molecule radius: 39.7002 Ang 
orientation time of molecule target: 0.03368 s
target mass: 35368 amu
gas mass: 28.014 amu
reduce mass: 28.014 amu
charge state: 10.9992 e
*********************************************************
Geometric Ellipsoid: 
*********************************************************
maximal distances: 23.7041  21.0357  39.078  Ang
Initial axis length: 74.8117  72.1433  90.1856  Ang
Ellipsoid axis length: 81.0417  78.3733  96.4156  Ang
ellipsoid calculation time: 7.10487e-05 s
maximal impact parameter: 96.4156 Ang
*********************************************************
Linked-cell: 
Numbers of cells: 3332
Nx: 14 Ny: 14 Nz: 17
Filled cells: 77
Empty cells: 3255
Average atoms per cell: 65.0649
Maximum atoms per cell: 196
Minimum atoms per cell: 1
Simulation box: 
lx: 168.14 Ang
ly: 168.14 Ang
lz: 204.17 Ang
linked-cell calculation time: 0.00349712 s
time info: 0.000208139 s
*********************************************************
Trajectory calculations 
*********************************************************
out target time: 22.1556 s
Ntraj: 10000
Nfree: 2285
Nscatter: 7713
Nlost: 2
omega: 3410.61
Ntraj: 10000
Nfree: 2215
Nscatter: 7783
Nlost: 2
omega: 3486.02
Ntraj: 10000
Nfree: 2114
Nscatter: 7885
Nlost: 1
omega: 3331.53
Ntraj: 10000
Nfree: 2220
Nscatter: 7778
Nlost: 2
omega: 3431.87
Ntraj: 10000
Nfree: 2208
Nscatter: 7790
Nlost: 2
omega: 3412.05
Ntraj: 10000
Nfree: 2235
Nscatter: 7764
Nlost: 1
omega: 3496.41
Ntraj: 10000
Nfree: 2213
Nscatter: 7787
Nlost: 0
omega: 3228.27
Ntraj: 10000
Nfree: 2227
Nscatter: 7771
Nlost: 2
omega: 3271.41
Ntraj: 10000
Nfree: 2179
Nscatter: 7821
Nlost: 0
omega: 3243.23
Ntraj: 10000
Nfree: 2084
Nscatter: 7915
Nlost: 1
omega: 3527.74
*********************************************************
task: 0
worker id: 89989
time create lcl and mol: 0.000839949 s
numbers of trajectories: 7143
time trajectory calculation: 6.90058 s
task: 1
worker id: 88950
time create lcl and mol: 0.000874996 s
numbers of trajectories: 7143
time trajectory calculation: 9.05074 s
task: 2
worker id: 95367
time create lcl and mol: 0.00105095 s
numbers of trajectories: 7143
time trajectory calculation: 7.23165 s
task: 3
worker id: 90311
time create lcl and mol: 0.000818968 s
numbers of trajectories: 7143
time trajectory calculation: 7.27445 s
task: 4
worker id: 89921
time create lcl and mol: 0.000859976 s
numbers of trajectories: 7143
time trajectory calculation: 7.82258 s
task: 5
worker id: 89639
time create lcl and mol: 0.000845194 s
numbers of trajectories: 7143
time trajectory calculation: 5.57409 s
task: 6
worker id: 89652
time create lcl and mol: 0.00096488 s
numbers of trajectories: 7143
time trajectory calculation: 10.3367 s
task: 7
worker id: 90016
time create lcl and mol: 0.000826836 s
numbers of trajectories: 7143
time trajectory calculation: 11.4998 s
task: 8
worker id: 90311
time create lcl and mol: 0.000798941 s
numbers of trajectories: 7143
time trajectory calculation: 7.42822 s
task: 9
worker id: 95367
time create lcl and mol: 0.00081706 s
numbers of trajectories: 7143
time trajectory calculation: 7.195 s
task: 10
worker id: 88950
time create lcl and mol: 0.000823021 s
numbers of trajectories: 7143
time trajectory calculation: 13.0466 s
task: 11
worker id: 89921
time create lcl and mol: 0.000949144 s
numbers of trajectories: 7143
time trajectory calculation: 5.87819 s
task: 12
worker id: 89989
time create lcl and mol: 0.000899076 s
numbers of trajectories: 7142
time trajectory calculation: 6.99017 s
task: 13
worker id: 89639
time create lcl and mol: 0.000808001 s
numbers of trajectories: 7142
time trajectory calculation: 9.83397 s
CCS time: 22.1655 s
*********************************************************
average value of CCS = 3383.91 Ang^2
error value of CCS = 32.7093 Ang^2
Total time: 22.2078 s
Program finished...
*********************************************************
INPUT:: Simulation Parameters 
*********************************************************
target filename                  : 02_2akq_02_carga_11_min.xyz
number of probe                  : 10000
number of iterarions             : 10
number of tasks                  : 14
number of threads                : 24
seed number                      : 2104
gas buffer                       : N2
Target Temperature (K)           : 298
timestep (fs)                    : 10
Skin cell size (Ang)             : 0.01
Equipotential                    : no
Cut short-range interaction      : yes
LJ cutoff (Ang)                  : 12
Apply long-range interaction     : yes
Cut long-range interaction       : yes
Coulomb cutoff (Ang)             : 25
Apply induced-dipole interaction : yes
alpha (Ang^3)                    : 1.71
force_type: 6
*********************************************************
Force Field parameters: 
*********************************************************
Symbol  mass (amu)  epislon (kcal/mol)  sigma(Angstroms) 
C   12.011   0.0824736   3.2255
N   14.007   0.0758527   3.5719
H   1.008   0.0362711   1.8986
O   15.999   0.062323   3.075
S   32.06   0.138032   3.4237
P   30.9738   0.145372   3.47
*********************************************************
MOLECULE:: orientation around the inertia principal axis 
*********************************************************
Inertia matrix a.u. Ang^2: 
{  5.24303e+06  -1.06224e+06  1.42652e+06  }
{  -1.06224e+06  1.32585e+07  253536  }
{  1.42652e+06  253536  1.32575e+07  }
Rotation matrix applied to molecule: 
{  0.0969352  0.441178  0.892169  }
{  0.977054  0.128631  -0.169766  }
{  -0.189657  0.888153  -0.418586  }
Molecule radius: 39.7002 Ang 
orientation time of molecule target: 0.00601792 s
target mass: 35368 amu
gas mass: 28.014 amu
reduce mass: 28.014 amu
charge state: 10.9992 e
*********************************************************
Geometric Ellipsoid: 
*********************************************************
maximal distances: 23.7041  21.0357  39.078  Ang
Initial axis length: 74.8117  72.1433  90.1856  Ang
Ellipsoid axis length: 81.0417  78.3733  96.4156  Ang
ellipsoid calculation time: 7.60555e-05 s
maximal impact parameter: 96.4156 Ang
*********************************************************
Linked-cell: 
Numbers of cells: 3332
Nx: 14 Ny: 14 Nz: 17
Filled cells: 77
Empty cells: 3255
Average atoms per cell: 65.0649
Maximum atoms per cell: 196
Minimum atoms per cell: 1
Simulation box: 
lx: 168.14 Ang
ly: 168.14 Ang
lz: 204.17 Ang
linked-cell calculation time: 0.00365114 s
time info: 0.000211 s
*********************************************************
Trajectory calculations 
*********************************************************
out target time: 18.857 s
Ntraj: 10000
Nfree: 2285
Nscatter: 7713
Nlost: 2
omega: 3410.61
Ntraj: 10000
Nfree: 2215
Nscatter: 7783
Nlost: 2
omega: 3486.02
Ntraj: 10000
Nfree: 2114
Nscatter: 7885
Nlost: 1
omega: 3331.53
Ntraj: 10000
Nfree: 2220
Nscatter: 7778
Nlost: 2
omega: 3431.87
Ntraj: 10000
Nfree: 2208
Nscatter: 7790
Nlost: 2
omega: 3412.05
Ntraj: 10000
Nfree: 2235
Nscatter: 7764
Nlost: 1
omega: 3496.41
Ntraj: 10000
Nfree: 2213
Nscatter: 7787
Nlost: 0
omega: 3228.27
Ntraj: 10000
Nfree: 2227
Nscatter: 7771
Nlost: 2
omega: 3271.41
Ntraj: 10000
Nfree: 2179
Nscatter: 7821
Nlost: 0
omega: 3243.23
Ntraj: 10000
Nfree: 2084
Nscatter: 7915
Nlost: 1
omega: 3527.74
*********************************************************
task: 0
worker id: 96094
time create lcl and mol: 0.0008111 s
numbers of trajectories: 7143
time trajectory calculation: 6.6212 s
task: 1
worker id: 90369
time create lcl and mol: 0.00104785 s
numbers of trajectories: 7143
time trajectory calculation: 9.41726 s
task: 2
worker id: 90702
time create lcl and mol: 0.000864983 s
numbers of trajectories: 7143
time trajectory calculation: 7.16088 s
task: 3
worker id: 90353
time create lcl and mol: 0.000782013 s
numbers of trajectories: 7143
time trajectory calculation: 7.36426 s
task: 4
worker id: 89665
time create lcl and mol: 0.000818014 s
numbers of trajectories: 7143
time trajectory calculation: 8.02916 s
task: 5
worker id: 90637
time create lcl and mol: 0.000888109 s
numbers of trajectories: 7143
time trajectory calculation: 5.54301 s
task: 6
worker id: 91026
time create lcl and mol: 0.000886917 s
numbers of trajectories: 7143
time trajectory calculation: 10.2386 s
task: 7
worker id: 90729
time create lcl and mol: 0.000786066 s
numbers of trajectories: 7143
time trajectory calculation: 11.9547 s
task: 8
worker id: 89665
time create lcl and mol: 0.000808954 s
numbers of trajectories: 7143
time trajectory calculation: 7.46791 s
task: 9
worker id: 90702
time create lcl and mol: 0.00080204 s
numbers of trajectories: 7143
time trajectory calculation: 6.83082 s
task: 10
worker id: 90637
time create lcl and mol: 0.00110102 s
numbers of trajectories: 7143
time trajectory calculation: 13.2655 s
task: 11
worker id: 90353
time create lcl and mol: 0.00086689 s
numbers of trajectories: 7143
time trajectory calculation: 5.76299 s
task: 12
worker id: 90369
time create lcl and mol: 0.000788927 s
numbers of trajectories: 7142
time trajectory calculation: 7.05906 s
task: 13
worker id: 96094
time create lcl and mol: 0.000832081 s
numbers of trajectories: 7142
time trajectory calculation: 9.61993 s
CCS time: 18.8671 s
*********************************************************
average value of CCS = 3383.91 Ang^2
error value of CCS = 32.7093 Ang^2
Total time: 18.882 s
Program finished...
*********************************************************
INPUT:: Simulation Parameters 
*********************************************************
target filename                  : 02_2akq_02_carga_11_min.xyz
number of probe                  : 10000
number of iterarions             : 10
number of tasks                  : 14
number of threads                : 24
seed number                      : 2104
gas buffer                       : N2
Target Temperature (K)           : 298
timestep (fs)                    : 10
Skin cell size (Ang)             : 0.01
Equipotential                    : no
Cut short-range interaction      : yes
LJ cutoff (Ang)                  : 12
Apply long-range interaction     : yes
Cut long-range interaction       : yes
Coulomb cutoff (Ang)             : 25
Apply induced-dipole interaction : yes
alpha (Ang^3)                    : 1.71
force_type: 6
*********************************************************
Force Field parameters: 
*********************************************************
Symbol  mass (amu)  epislon (kcal/mol)  sigma(Angstroms) 
C   12.011   0.0824736   3.2255
N   14.007   0.0758527   3.5719
H   1.008   0.0362711   1.8986
O   15.999   0.062323   3.075
S   32.06   0.138032   3.4237
P   30.9738   0.145372   3.47
*********************************************************
MOLECULE:: orientation around the inertia principal axis 
*********************************************************
Inertia matrix a.u. Ang^2: 
{  5.24303e+06  -1.06224e+06  1.42652e+06  }
{  -1.06224e+06  1.32585e+07  253536  }
{  1.42652e+06  253536  1.32575e+07  }
Rotation matrix applied to molecule: 
{  0.0969352  0.441178  0.892169  }
{  0.977054  0.128631  -0.169766  }
{  -0.189657  0.888153  -0.418586  }
Molecule radius: 39.7002 Ang 
orientation time of molecule target: 0.00575995 s
target mass: 35368 amu
gas mass: 28.014 amu
reduce mass: 28.014 amu
charge state: 10.9992 e
*********************************************************
Geometric Ellipsoid: 
*********************************************************
maximal distances: 23.7041  21.0357  39.078  Ang
Initial axis length: 74.8117  72.1433  90.1856  Ang
Ellipsoid axis length: 81.0417  78.3733  96.4156  Ang
ellipsoid calculation time: 6.29425e-05 s
maximal impact parameter: 96.4156 Ang
*********************************************************
Linked-cell: 
Numbers of cells: 3332
Nx: 14 Ny: 14 Nz: 17
Filled cells: 77
Empty cells: 3255
Average atoms per cell: 65.0649
Maximum atoms per cell: 196
Minimum atoms per cell: 1
Simulation box: 
lx: 168.14 Ang
ly: 168.14 Ang
lz: 204.17 Ang
linked-cell calculation time: 0.00355601 s
time info: 0.000183105 s
*********************************************************
Trajectory calculations 
*********************************************************
out target time: 20.3445 s
Ntraj: 10000
Nfree: 2285
Nscatter: 7713
Nlost: 2
omega: 3410.61
Ntraj: 10000
Nfree: 2215
Nscatter: 7783
Nlost: 2
omega: 3486.02
Ntraj: 10000
Nfree: 2114
Nscatter: 7885
Nlost: 1
omega: 3331.53
Ntraj: 10000
Nfree: 2220
Nscatter: 7778
Nlost: 2
omega: 3431.87
Ntraj: 10000
Nfree: 2208
Nscatter: 7790
Nlost: 2
omega: 3412.05
Ntraj: 10000
Nfree: 2235
Nscatter: 7764
Nlost: 1
omega: 3496.41
Ntraj: 10000
Nfree: 2213
Nscatter: 7787
Nlost: 0
omega: 3228.27
Ntraj: 10000
Nfree: 2227
Nscatter: 7771
Nlost: 2
omega: 3271.41
Ntraj: 10000
Nfree: 2179
Nscatter: 7821
Nlost: 0
omega: 3243.23
Ntraj: 10000
Nfree: 2084
Nscatter: 7915
Nlost: 1
omega: 3527.74
*********************************************************
task: 0
worker id: 96822
time create lcl and mol: 0.000823021 s
numbers of trajectories: 7143
time trajectory calculation: 6.86574 s
task: 1
worker id: 96822
time create lcl and mol: 0.000853062 s
numbers of trajectories: 7143
time trajectory calculation: 9.22976 s
task: 2
worker id: 91739
time create lcl and mol: 0.000854969 s
numbers of trajectories: 7143
time trajectory calculation: 7.43205 s
task: 3
worker id: 91444
time create lcl and mol: 0.000750065 s
numbers of trajectories: 7143
time trajectory calculation: 6.9631 s
task: 4
worker id: 91350
time create lcl and mol: 0.000796795 s
numbers of trajectories: 7143
time trajectory calculation: 7.97742 s
task: 5
worker id: 91080
time create lcl and mol: 0.000813007 s
numbers of trajectories: 7143
time trajectory calculation: 5.67304 s
task: 6
worker id: 91080
time create lcl and mol: 0.000835896 s
numbers of trajectories: 7143
time trajectory calculation: 10.3142 s
task: 7
worker id: 91414
time create lcl and mol: 0.000778913 s
numbers of trajectories: 7143
time trajectory calculation: 11.7964 s
task: 8
worker id: 91350
time create lcl and mol: 0.00080514 s
numbers of trajectories: 7143
time trajectory calculation: 7.27501 s
task: 9
worker id: 91739
time create lcl and mol: 0.00102901 s
numbers of trajectories: 7143
time trajectory calculation: 7.1181 s
task: 10
worker id: 91444
time create lcl and mol: 0.000869989 s
numbers of trajectories: 7143
time trajectory calculation: 13.3217 s
task: 11
worker id: 91065
time create lcl and mol: 0.000900984 s
numbers of trajectories: 7143
time trajectory calculation: 5.72466 s
task: 12
worker id: 91065
time create lcl and mol: 0.00078392 s
numbers of trajectories: 7142
time trajectory calculation: 7.06313 s
task: 13
worker id: 90377
time create lcl and mol: 0.000849962 s
numbers of trajectories: 7142
time trajectory calculation: 9.53622 s
CCS time: 20.3544 s
*********************************************************
average value of CCS = 3383.91 Ang^2
error value of CCS = 32.7093 Ang^2
Total time: 20.369 s
Program finished...
*********************************************************
INPUT:: Simulation Parameters 
*********************************************************
target filename                  : 02_2akq_02_carga_11_min.xyz
number of probe                  : 10000
number of iterarions             : 10
number of tasks                  : 14
number of threads                : 24
seed number                      : 2104
gas buffer                       : N2
Target Temperature (K)           : 298
timestep (fs)                    : 10
Skin cell size (Ang)             : 0.01
Equipotential                    : no
Cut short-range interaction      : yes
LJ cutoff (Ang)                  : 12
Apply long-range interaction     : yes
Cut long-range interaction       : yes
Coulomb cutoff (Ang)             : 25
Apply induced-dipole interaction : yes
alpha (Ang^3)                    : 1.71
force_type: 6
*********************************************************
Force Field parameters: 
*********************************************************
Symbol  mass (amu)  epislon (kcal/mol)  sigma(Angstroms) 
C   12.011   0.0824736   3.2255
N   14.007   0.0758527   3.5719
H   1.008   0.0362711   1.8986
O   15.999   0.062323   3.075
S   32.06   0.138032   3.4237
P   30.9738   0.145372   3.47
*********************************************************
MOLECULE:: orientation around the inertia principal axis 
*********************************************************
Inertia matrix a.u. Ang^2: 
{  5.24303e+06  -1.06224e+06  1.42652e+06  }
{  -1.06224e+06  1.32585e+07  253536  }
{  1.42652e+06  253536  1.32575e+07  }
Rotation matrix applied to molecule: 
{  0.0969352  0.441178  0.892169  }
{  0.977054  0.128631  -0.169766  }
{  -0.189657  0.888153  -0.418586  }
Molecule radius: 39.7002 Ang 
orientation time of molecule target: 0.0056479 s
target mass: 35368 amu
gas mass: 28.014 amu
reduce mass: 28.014 amu
charge state: 10.9992 e
*********************************************************
Geometric Ellipsoid: 
*********************************************************
maximal distances: 23.7041  21.0357  39.078  Ang
Initial axis length: 74.8117  72.1433  90.1856  Ang
Ellipsoid axis length: 81.0417  78.3733  96.4156  Ang
ellipsoid calculation time: 6.79493e-05 s
maximal impact parameter: 96.4156 Ang
*********************************************************
Linked-cell: 
Numbers of cells: 3332
Nx: 14 Ny: 14 Nz: 17
Filled cells: 77
Empty cells: 3255
Average atoms per cell: 65.0649
Maximum atoms per cell: 196
Minimum atoms per cell: 1
Simulation box: 
lx: 168.14 Ang
ly: 168.14 Ang
lz: 204.17 Ang
linked-cell calculation time: 0.00360107 s
time info: 0.000206947 s
*********************************************************
Trajectory calculations 
*********************************************************
out target time: 22.5367 s
Ntraj: 10000
Nfree: 2285
Nscatter: 7713
Nlost: 2
omega: 3410.61
Ntraj: 10000
Nfree: 2215
Nscatter: 7783
Nlost: 2
omega: 3486.02
Ntraj: 10000
Nfree: 2114
Nscatter: 7885
Nlost: 1
omega: 3331.53
Ntraj: 10000
Nfree: 2220
Nscatter: 7778
Nlost: 2
omega: 3431.87
Ntraj: 10000
Nfree: 2208
Nscatter: 7790
Nlost: 2
omega: 3412.05
Ntraj: 10000
Nfree: 2235
Nscatter: 7764
Nlost: 1
omega: 3496.41
Ntraj: 10000
Nfree: 2213
Nscatter: 7787
Nlost: 0
omega: 3228.27
Ntraj: 10000
Nfree: 2227
Nscatter: 7771
Nlost: 2
omega: 3271.41
Ntraj: 10000
Nfree: 2179
Nscatter: 7821
Nlost: 0
omega: 3243.23
Ntraj: 10000
Nfree: 2084
Nscatter: 7915
Nlost: 1
omega: 3527.74
*********************************************************
task: 0
worker id: 92467
time create lcl and mol: 0.000782013 s
numbers of trajectories: 7143
time trajectory calculation: 6.92713 s
task: 1
worker id: 91398
time create lcl and mol: 0.000919819 s
numbers of trajectories: 7143
time trajectory calculation: 9.11624 s
task: 2
worker id: 92467
time create lcl and mol: 0.000847816 s
numbers of trajectories: 7143
time trajectory calculation: 7.32824 s
task: 3
worker id: 92763
time create lcl and mol: 0.000849962 s
numbers of trajectories: 7143
time trajectory calculation: 7.3091 s
task: 4
worker id: 92107
time create lcl and mol: 0.000781059 s
numbers of trajectories: 7143
time trajectory calculation: 7.85307 s
task: 5
worker id: 92442
time create lcl and mol: 0.000838041 s
numbers of trajectories: 7143
time trajectory calculation: 5.33093 s
task: 6
worker id: 92375
time create lcl and mol: 0.000812054 s
numbers of trajectories: 7143
time trajectory calculation: 10.2166 s
task: 7
worker id: 97860
time create lcl and mol: 0.000844955 s
numbers of trajectories: 7143
time trajectory calculation: 11.2294 s
task: 8
worker id: 92107
time create lcl and mol: 0.000852108 s
numbers of trajectories: 7143
time trajectory calculation: 7.23313 s
task: 9
worker id: 92763
time create lcl and mol: 0.000797033 s
numbers of trajectories: 7143
time trajectory calculation: 7.07598 s
task: 10
worker id: 91398
time create lcl and mol: 0.000901937 s
numbers of trajectories: 7143
time trajectory calculation: 13.3397 s
task: 11
worker id: 92442
time create lcl and mol: 0.000818968 s
numbers of trajectories: 7143
time trajectory calculation: 5.70556 s
task: 12
worker id: 92090
time create lcl and mol: 0.000792027 s
numbers of trajectories: 7142
time trajectory calculation: 7.14154 s
task: 13
worker id: 92090
time create lcl and mol: 0.000838041 s
numbers of trajectories: 7142
time trajectory calculation: 10.165 s
CCS time: 22.5469 s
*********************************************************
average value of CCS = 3383.91 Ang^2
error value of CCS = 32.7093 Ang^2
Total time: 22.5616 s
Program finished...
*********************************************************
INPUT:: Simulation Parameters 
*********************************************************
target filename                  : 02_2akq_02_carga_11_min.xyz
number of probe                  : 10000
number of iterarions             : 10
number of tasks                  : 14
number of threads                : 24
seed number                      : 2104
gas buffer                       : N2
Target Temperature (K)           : 298
timestep (fs)                    : 10
Skin cell size (Ang)             : 0.01
Equipotential                    : no
Cut short-range interaction      : yes
LJ cutoff (Ang)                  : 12
Apply long-range interaction     : yes
Cut long-range interaction       : yes
Coulomb cutoff (Ang)             : 25
Apply induced-dipole interaction : yes
alpha (Ang^3)                    : 1.71
force_type: 6
*********************************************************
Force Field parameters: 
*********************************************************
Symbol  mass (amu)  epislon (kcal/mol)  sigma(Angstroms) 
C   12.011   0.0824736   3.2255
N   14.007   0.0758527   3.5719
H   1.008   0.0362711   1.8986
O   15.999   0.062323   3.075
S   32.06   0.138032   3.4237
P   30.9738   0.145372   3.47
*********************************************************
MOLECULE:: orientation around the inertia principal axis 
*********************************************************
Inertia matrix a.u. Ang^2: 
{  5.24303e+06  -1.06224e+06  1.42652e+06  }
{  -1.06224e+06  1.32585e+07  253536  }
{  1.42652e+06  253536  1.32575e+07  }
Rotation matrix applied to molecule: 
{  0.0969352  0.441178  0.892169  }
{  0.977054  0.128631  -0.169766  }
{  -0.189657  0.888153  -0.418586  }
Molecule radius: 39.7002 Ang 
orientation time of molecule target: 0.00548601 s
target mass: 35368 amu
gas mass: 28.014 amu
reduce mass: 28.014 amu
charge state: 10.9992 e
*********************************************************
Geometric Ellipsoid: 
*********************************************************
maximal distances: 23.7041  21.0357  39.078  Ang
Initial axis length: 74.8117  72.1433  90.1856  Ang
Ellipsoid axis length: 81.0417  78.3733  96.4156  Ang
ellipsoid calculation time: 6.29425e-05 s
maximal impact parameter: 96.4156 Ang
*********************************************************
Linked-cell: 
Numbers of cells: 3332
Nx: 14 Ny: 14 Nz: 17
Filled cells: 77
Empty cells: 3255
Average atoms per cell: 65.0649
Maximum atoms per cell: 196
Minimum atoms per cell: 1
Simulation box: 
lx: 168.14 Ang
ly: 168.14 Ang
lz: 204.17 Ang
linked-cell calculation time: 0.00358796 s
time info: 0.000203133 s
*********************************************************
Trajectory calculations 
*********************************************************
out target time: 20.7793 s
Ntraj: 10000
Nfree: 2285
Nscatter: 7713
Nlost: 2
omega: 3410.61
Ntraj: 10000
Nfree: 2215
Nscatter: 7783
Nlost: 2
omega: 3486.02
Ntraj: 10000
Nfree: 2114
Nscatter: 7885
Nlost: 1
omega: 3331.53
Ntraj: 10000
Nfree: 2220
Nscatter: 7778
Nlost: 2
omega: 3431.87
Ntraj: 10000
Nfree: 2208
Nscatter: 7790
Nlost: 2
omega: 3412.05
Ntraj: 10000
Nfree: 2235
Nscatter: 7764
Nlost: 1
omega: 3496.41
Ntraj: 10000
Nfree: 2213
Nscatter: 7787
Nlost: 0
omega: 3228.27
Ntraj: 10000
Nfree: 2227
Nscatter: 7771
Nlost: 2
omega: 3271.41
Ntraj: 10000
Nfree: 2179
Nscatter: 7821
Nlost: 0
omega: 3243.23
Ntraj: 10000
Nfree: 2084
Nscatter: 7915
Nlost: 1
omega: 3527.74
*********************************************************
task: 0
worker id: 845
time create lcl and mol: 0.000831127 s
numbers of trajectories: 7143
time trajectory calculation: 7.01296 s
task: 1
worker id: 92819
time create lcl and mol: 0.000775814 s
numbers of trajectories: 7143
time trajectory calculation: 9.14363 s
task: 2
worker id: 93104
time create lcl and mol: 0.000859022 s
numbers of trajectories: 7143
time trajectory calculation: 7.44205 s
task: 3
worker id: 92128
time create lcl and mol: 0.000844955 s
numbers of trajectories: 7143
time trajectory calculation: 7.08804 s
task: 4
worker id: 93170
time create lcl and mol: 0.000833035 s
numbers of trajectories: 7143
time trajectory calculation: 8.01944 s
task: 5
worker id: 92836
time create lcl and mol: 0.000813007 s
numbers of trajectories: 7143
time trajectory calculation: 5.54315 s
task: 6
worker id: 93493
time create lcl and mol: 0.000900984 s
numbers of trajectories: 7143
time trajectory calculation: 10.2987 s
task: 7
worker id: 93197
time create lcl and mol: 0.00089097 s
numbers of trajectories: 7143
time trajectory calculation: 11.4968 s
task: 8
worker id: 92819
time create lcl and mol: 0.000794172 s
numbers of trajectories: 7143
time trajectory calculation: 7.34292 s
task: 9
worker id: 92836
time create lcl and mol: 0.000830889 s
numbers of trajectories: 7143
time trajectory calculation: 6.80409 s
task: 10
worker id: 93104
time create lcl and mol: 0.000771999 s
numbers of trajectories: 7143
time trajectory calculation: 13.2803 s
task: 11
worker id: 92128
time create lcl and mol: 0.000879049 s
numbers of trajectories: 7143
time trajectory calculation: 5.9168 s
task: 12
worker id: 845
time create lcl and mol: 0.000821114 s
numbers of trajectories: 7142
time trajectory calculation: 7.10139 s
task: 13
worker id: 93170
time create lcl and mol: 0.000808001 s
numbers of trajectories: 7142
time trajectory calculation: 10.0074 s
CCS time: 20.7896 s
*********************************************************
average value of CCS = 3383.91 Ang^2
error value of CCS = 32.7093 Ang^2
Total time: 20.8043 s
Program finished...
