*********************************************************
INPUT:: Simulation Parameters 
*********************************************************
target filename                  : 06_1tei_carga_20_min.xyz
number of probe                  : 10000
number of iterarions             : 10
number of tasks                  : 32
number of threads                : 24
seed number                      : 2104
gas buffer                       : N2
Target Temperature (K)           : 298
timestep (fs)                    : 10
Skin cell size (Ang)             : 0.01
Equipotential                    : no
Cut short-range interaction      : yes
LJ cutoff (Ang)                  : 12
Apply long-range interaction     : yes
Cut long-range interaction       : yes
Coulomb cutoff (Ang)             : 25
Apply induced-dipole interaction : yes
alpha (Ang^3)                    : 1.71
force_type: 6
*********************************************************
Force Field parameters: 
*********************************************************
Symbol  mass (amu)  epislon (kcal/mol)  sigma(Angstroms) 
C   12.011   0.0824736   3.2255
N   14.007   0.0758527   3.5719
H   1.008   0.0362711   1.8986
O   15.999   0.062323   3.075
S   32.06   0.138032   3.4237
P   30.9738   0.145372   3.47
*********************************************************
MOLECULE:: orientation around the inertia principal axis 
*********************************************************
Inertia matrix a.u. Ang^2: 
{  5.56984e+07  104551  187606  }
{  104551  5.52812e+07  -465330  }
{  187606  -465330  5.46598e+07  }
Rotation matrix applied to molecule: 
{  0.986908  0.0915319  0.132793  }
{  -0.160299  0.465919  0.870186  }
{  0.0177791  -0.88008  0.474492  }
Molecule radius: 47.5788 Ang 
orientation time of molecule target: 0.125425 s
target mass: 102360 amu
gas mass: 28.014 amu
reduce mass: 28.014 amu
charge state: 20 e
*********************************************************
Geometric Ellipsoid: 
*********************************************************
maximal distances: 42.0534  42.8557  44.6132  Ang
Initial axis length: 93.161  93.9633  95.7208  Ang
Ellipsoid axis length: 98.141  98.9433  100.701  Ang
ellipsoid calculation time: 0.000123024 s
maximal impact parameter: 100.701 Ang
*********************************************************
Linked-cell: 
Numbers of cells: 4913
Nx: 17 Ny: 17 Nz: 17
Filled cells: 189
Empty cells: 4724
Average atoms per cell: 75.6349
Maximum atoms per cell: 207
Minimum atoms per cell: 1
Simulation box: 
lx: 204.17 Ang
ly: 204.17 Ang
lz: 204.17 Ang
linked-cell calculation time: 0.00604892 s
time info: 0.000537872 s
*********************************************************
Trajectory calculations 
*********************************************************
out target time: 47.0447 s
Ntraj: 10000
Nfree: 280
Nscatter: 9719
Nlost: 1
omega: 6600.66
Ntraj: 10000
Nfree: 258
Nscatter: 9739
Nlost: 3
omega: 6869.98
Ntraj: 10000
Nfree: 264
Nscatter: 9735
Nlost: 1
omega: 6646.69
Ntraj: 10000
Nfree: 278
Nscatter: 9721
Nlost: 1
omega: 6834.88
Ntraj: 10000
Nfree: 295
Nscatter: 9705
Nlost: 0
omega: 6919.28
Ntraj: 10000
Nfree: 281
Nscatter: 9719
Nlost: 0
omega: 6813.25
Ntraj: 10000
Nfree: 293
Nscatter: 9705
Nlost: 2
omega: 6642.95
Ntraj: 10000
Nfree: 272
Nscatter: 9728
Nlost: 0
omega: 6625.32
Ntraj: 10000
Nfree: 271
Nscatter: 9728
Nlost: 1
omega: 6763.84
Ntraj: 10000
Nfree: 270
Nscatter: 9728
Nlost: 2
omega: 7013.45
*********************************************************
task: 0
worker id: 20281
time create lcl and mol: 0.00138593 s
numbers of trajectories: 3125
time trajectory calculation: 6.09298 s
task: 1
worker id: 88916
time create lcl and mol: 0.00152779 s
numbers of trajectories: 3125
time trajectory calculation: 4.84112 s
task: 2
worker id: 91606
time create lcl and mol: 0.00127077 s
numbers of trajectories: 3125
time trajectory calculation: 7.29158 s
task: 3
worker id: 91096
time create lcl and mol: 0.00137806 s
numbers of trajectories: 3125
time trajectory calculation: 17.1638 s
task: 4
worker id: 91461
time create lcl and mol: 0.00139213 s
numbers of trajectories: 3125
time trajectory calculation: 9.6302 s
task: 5
worker id: 89766
time create lcl and mol: 0.00137401 s
numbers of trajectories: 3125
time trajectory calculation: 18.8374 s
task: 6
worker id: 92004
time create lcl and mol: 0.00140595 s
numbers of trajectories: 3125
time trajectory calculation: 19.9247 s
task: 7
worker id: 92004
time create lcl and mol: 0.001755 s
numbers of trajectories: 3125
time trajectory calculation: 16.6228 s
task: 8
worker id: 90020
time create lcl and mol: 0.00140405 s
numbers of trajectories: 3125
time trajectory calculation: 4.16068 s
task: 9
worker id: 88916
time create lcl and mol: 0.00133514 s
numbers of trajectories: 3125
time trajectory calculation: 13.5985 s
task: 10
worker id: 91461
time create lcl and mol: 0.00136304 s
numbers of trajectories: 3125
time trajectory calculation: 4.89405 s
task: 11
worker id: 91606
time create lcl and mol: 0.00137901 s
numbers of trajectories: 3125
time trajectory calculation: 15.9035 s
task: 12
worker id: 92004
time create lcl and mol: 0.00131083 s
numbers of trajectories: 3125
time trajectory calculation: 5.51806 s
task: 13
worker id: 90020
time create lcl and mol: 0.00144696 s
numbers of trajectories: 3125
time trajectory calculation: 4.24156 s
task: 14
worker id: 90020
time create lcl and mol: 0.00147104 s
numbers of trajectories: 3125
time trajectory calculation: 13.014 s
task: 15
worker id: 20281
time create lcl and mol: 0.00133705 s
numbers of trajectories: 3125
time trajectory calculation: 6.2722 s
task: 16
worker id: 20281
time create lcl and mol: 0.00137901 s
numbers of trajectories: 3125
time trajectory calculation: 4.99987 s
task: 17
worker id: 91096
time create lcl and mol: 0.00138378 s
numbers of trajectories: 3125
time trajectory calculation: 7.4509 s
task: 18
worker id: 91606
time create lcl and mol: 0.00135708 s
numbers of trajectories: 3125
time trajectory calculation: 7.25547 s
task: 19
worker id: 91461
time create lcl and mol: 0.00124502 s
numbers of trajectories: 3125
time trajectory calculation: 5.78004 s
task: 20
worker id: 88916
time create lcl and mol: 0.00144315 s
numbers of trajectories: 3125
time trajectory calculation: 16.2713 s
task: 21
worker id: 20281
time create lcl and mol: 0.00144887 s
numbers of trajectories: 3125
time trajectory calculation: 11.334 s
task: 22
worker id: 91461
time create lcl and mol: 0.00137997 s
numbers of trajectories: 3125
time trajectory calculation: 5.45301 s
task: 23
worker id: 91096
time create lcl and mol: 0.00142407 s
numbers of trajectories: 3125
time trajectory calculation: 5.52523 s
task: 24
worker id: 20281
time create lcl and mol: 0.00142789 s
numbers of trajectories: 3125
time trajectory calculation: 5.99167 s
task: 25
worker id: 91096
time create lcl and mol: 0.00158477 s
numbers of trajectories: 3125
time trajectory calculation: 6.50261 s
task: 26
worker id: 92004
time create lcl and mol: 0.00142217 s
numbers of trajectories: 3125
time trajectory calculation: 4.85922 s
task: 27
worker id: 91606
time create lcl and mol: 0.00131512 s
numbers of trajectories: 3125
time trajectory calculation: 6.37189 s
task: 28
worker id: 89766
time create lcl and mol: 0.001333 s
numbers of trajectories: 3125
time trajectory calculation: 17.833 s
task: 29
worker id: 91461
time create lcl and mol: 0.00131202 s
numbers of trajectories: 3125
time trajectory calculation: 7.72639 s
task: 30
worker id: 90020
time create lcl and mol: 0.00144601 s
numbers of trajectories: 3125
time trajectory calculation: 13.7284 s
task: 31
worker id: 91461
time create lcl and mol: 0.00135589 s
numbers of trajectories: 3125
time trajectory calculation: 7.02859 s
CCS time: 47.0554 s
*********************************************************
average value of CCS = 6773.03 Ang^2
error value of CCS = 42.2522 Ang^2
Total time: 47.1925 s
Program finished...
*********************************************************
INPUT:: Simulation Parameters 
*********************************************************
target filename                  : 06_1tei_carga_20_min.xyz
number of probe                  : 10000
number of iterarions             : 10
number of tasks                  : 32
number of threads                : 24
seed number                      : 2104
gas buffer                       : N2
Target Temperature (K)           : 298
timestep (fs)                    : 10
Skin cell size (Ang)             : 0.01
Equipotential                    : no
Cut short-range interaction      : yes
LJ cutoff (Ang)                  : 12
Apply long-range interaction     : yes
Cut long-range interaction       : yes
Coulomb cutoff (Ang)             : 25
Apply induced-dipole interaction : yes
alpha (Ang^3)                    : 1.71
force_type: 6
*********************************************************
Force Field parameters: 
*********************************************************
Symbol  mass (amu)  epislon (kcal/mol)  sigma(Angstroms) 
C   12.011   0.0824736   3.2255
N   14.007   0.0758527   3.5719
H   1.008   0.0362711   1.8986
O   15.999   0.062323   3.075
S   32.06   0.138032   3.4237
P   30.9738   0.145372   3.47
*********************************************************
MOLECULE:: orientation around the inertia principal axis 
*********************************************************
Inertia matrix a.u. Ang^2: 
{  5.56984e+07  104551  187606  }
{  104551  5.52812e+07  -465330  }
{  187606  -465330  5.46598e+07  }
Rotation matrix applied to molecule: 
{  0.986908  0.0915319  0.132793  }
{  -0.160299  0.465919  0.870186  }
{  0.0177791  -0.88008  0.474492  }
Molecule radius: 47.5788 Ang 
orientation time of molecule target: 0.0142391 s
target mass: 102360 amu
gas mass: 28.014 amu
reduce mass: 28.014 amu
charge state: 20 e
*********************************************************
Geometric Ellipsoid: 
*********************************************************
maximal distances: 42.0534  42.8557  44.6132  Ang
Initial axis length: 93.161  93.9633  95.7208  Ang
Ellipsoid axis length: 98.141  98.9433  100.701  Ang
ellipsoid calculation time: 0.000126123 s
maximal impact parameter: 100.701 Ang
*********************************************************
Linked-cell: 
Numbers of cells: 4913
Nx: 17 Ny: 17 Nz: 17
Filled cells: 189
Empty cells: 4724
Average atoms per cell: 75.6349
Maximum atoms per cell: 207
Minimum atoms per cell: 1
Simulation box: 
lx: 204.17 Ang
ly: 204.17 Ang
lz: 204.17 Ang
linked-cell calculation time: 0.00596786 s
time info: 0.000488043 s
*********************************************************
Trajectory calculations 
*********************************************************
out target time: 47.3592 s
Ntraj: 10000
Nfree: 280
Nscatter: 9719
Nlost: 1
omega: 6600.66
Ntraj: 10000
Nfree: 258
Nscatter: 9739
Nlost: 3
omega: 6869.98
Ntraj: 10000
Nfree: 264
Nscatter: 9735
Nlost: 1
omega: 6646.69
Ntraj: 10000
Nfree: 278
Nscatter: 9721
Nlost: 1
omega: 6834.88
Ntraj: 10000
Nfree: 295
Nscatter: 9705
Nlost: 0
omega: 6919.28
Ntraj: 10000
Nfree: 281
Nscatter: 9719
Nlost: 0
omega: 6813.25
Ntraj: 10000
Nfree: 293
Nscatter: 9705
Nlost: 2
omega: 6642.95
Ntraj: 10000
Nfree: 272
Nscatter: 9728
Nlost: 0
omega: 6625.32
Ntraj: 10000
Nfree: 271
Nscatter: 9728
Nlost: 1
omega: 6763.84
Ntraj: 10000
Nfree: 270
Nscatter: 9728
Nlost: 2
omega: 7013.45
*********************************************************
task: 0
worker id: 21947
time create lcl and mol: 0.0013659 s
numbers of trajectories: 3125
time trajectory calculation: 6.09306 s
task: 1
worker id: 93264
time create lcl and mol: 0.0016551 s
numbers of trajectories: 3125
time trajectory calculation: 4.809 s
task: 2
worker id: 92747
time create lcl and mol: 0.00142503 s
numbers of trajectories: 3125
time trajectory calculation: 7.41876 s
task: 3
worker id: 90567
time create lcl and mol: 0.00136209 s
numbers of trajectories: 3125
time trajectory calculation: 17.0704 s
task: 4
worker id: 93111
time create lcl and mol: 0.00144196 s
numbers of trajectories: 3125
time trajectory calculation: 9.77993 s
task: 5
worker id: 91418
time create lcl and mol: 0.00139308 s
numbers of trajectories: 3125
time trajectory calculation: 19.7838 s
task: 6
worker id: 93654
time create lcl and mol: 0.0014348 s
numbers of trajectories: 3125
time trajectory calculation: 19.468 s
task: 7
worker id: 91672
time create lcl and mol: 0.00153208 s
numbers of trajectories: 3125
time trajectory calculation: 16.4748 s
task: 8
worker id: 93111
time create lcl and mol: 0.00138092 s
numbers of trajectories: 3125
time trajectory calculation: 3.9592 s
task: 9
worker id: 93264
time create lcl and mol: 0.00146413 s
numbers of trajectories: 3125
time trajectory calculation: 14.0695 s
task: 10
worker id: 21947
time create lcl and mol: 0.00145507 s
numbers of trajectories: 3125
time trajectory calculation: 4.84327 s
task: 11
worker id: 91672
time create lcl and mol: 0.00132108 s
numbers of trajectories: 3125
time trajectory calculation: 15.7057 s
task: 12
worker id: 92747
time create lcl and mol: 0.00143313 s
numbers of trajectories: 3125
time trajectory calculation: 5.75826 s
task: 13
worker id: 92747
time create lcl and mol: 0.00135398 s
numbers of trajectories: 3125
time trajectory calculation: 4.28768 s
task: 14
worker id: 21947
time create lcl and mol: 0.00145388 s
numbers of trajectories: 3125
time trajectory calculation: 13.1691 s
task: 15
worker id: 93111
time create lcl and mol: 0.00128794 s
numbers of trajectories: 3125
time trajectory calculation: 6.32105 s
task: 16
worker id: 93111
time create lcl and mol: 0.00133991 s
numbers of trajectories: 3125
time trajectory calculation: 4.87367 s
task: 17
worker id: 92747
time create lcl and mol: 0.00140905 s
numbers of trajectories: 3125
time trajectory calculation: 7.3839 s
task: 18
worker id: 21947
time create lcl and mol: 0.0014081 s
numbers of trajectories: 3125
time trajectory calculation: 7.57385 s
task: 19
worker id: 21947
time create lcl and mol: 0.00155497 s
numbers of trajectories: 3125
time trajectory calculation: 5.8127 s
task: 20
worker id: 92747
time create lcl and mol: 0.00138211 s
numbers of trajectories: 3125
time trajectory calculation: 16.3338 s
task: 21
worker id: 93264
time create lcl and mol: 0.00139785 s
numbers of trajectories: 3125
time trajectory calculation: 11.1525 s
task: 22
worker id: 93264
time create lcl and mol: 0.00146699 s
numbers of trajectories: 3125
time trajectory calculation: 5.4159 s
task: 23
worker id: 93111
time create lcl and mol: 0.00136399 s
numbers of trajectories: 3125
time trajectory calculation: 5.65839 s
task: 24
worker id: 92747
time create lcl and mol: 0.00140309 s
numbers of trajectories: 3125
time trajectory calculation: 6.01156 s
task: 25
worker id: 91418
time create lcl and mol: 0.0013411 s
numbers of trajectories: 3125
time trajectory calculation: 6.46898 s
task: 26
worker id: 91418
time create lcl and mol: 0.001441 s
numbers of trajectories: 3125
time trajectory calculation: 4.91133 s
task: 27
worker id: 91672
time create lcl and mol: 0.0013659 s
numbers of trajectories: 3125
time trajectory calculation: 6.26761 s
task: 28
worker id: 90567
time create lcl and mol: 0.00147605 s
numbers of trajectories: 3125
time trajectory calculation: 17.5835 s
task: 29
worker id: 90567
time create lcl and mol: 0.00128102 s
numbers of trajectories: 3125
time trajectory calculation: 7.80079 s
task: 30
worker id: 93654
time create lcl and mol: 0.00136709 s
numbers of trajectories: 3125
time trajectory calculation: 13.7801 s
task: 31
worker id: 93111
time create lcl and mol: 0.00131488 s
numbers of trajectories: 3125
time trajectory calculation: 6.78748 s
CCS time: 47.3696 s
*********************************************************
average value of CCS = 6773.03 Ang^2
error value of CCS = 42.2522 Ang^2
Total time: 47.395 s
Program finished...
[1695475545.076037] [sdumont6227:93111:0]       tag_match.c:62   UCX  WARN  unexpected tag-receive descriptor 0x56040d75ac40 was not matched
*********************************************************
INPUT:: Simulation Parameters 
*********************************************************
target filename                  : 06_1tei_carga_20_min.xyz
number of probe                  : 10000
number of iterarions             : 10
number of tasks                  : 32
number of threads                : 24
seed number                      : 2104
gas buffer                       : N2
Target Temperature (K)           : 298
timestep (fs)                    : 10
Skin cell size (Ang)             : 0.01
Equipotential                    : no
Cut short-range interaction      : yes
LJ cutoff (Ang)                  : 12
Apply long-range interaction     : yes
Cut long-range interaction       : yes
Coulomb cutoff (Ang)             : 25
Apply induced-dipole interaction : yes
alpha (Ang^3)                    : 1.71
force_type: 6
*********************************************************
Force Field parameters: 
*********************************************************
Symbol  mass (amu)  epislon (kcal/mol)  sigma(Angstroms) 
C   12.011   0.0824736   3.2255
N   14.007   0.0758527   3.5719
H   1.008   0.0362711   1.8986
O   15.999   0.062323   3.075
S   32.06   0.138032   3.4237
P   30.9738   0.145372   3.47
*********************************************************
MOLECULE:: orientation around the inertia principal axis 
*********************************************************
Inertia matrix a.u. Ang^2: 
{  5.56984e+07  104551  187606  }
{  104551  5.52812e+07  -465330  }
{  187606  -465330  5.46598e+07  }
Rotation matrix applied to molecule: 
{  0.986908  0.0915319  0.132793  }
{  -0.160299  0.465919  0.870186  }
{  0.0177791  -0.88008  0.474492  }
Molecule radius: 47.5788 Ang 
orientation time of molecule target: 0.0143661 s
target mass: 102360 amu
gas mass: 28.014 amu
reduce mass: 28.014 amu
charge state: 20 e
*********************************************************
Geometric Ellipsoid: 
*********************************************************
maximal distances: 42.0534  42.8557  44.6132  Ang
Initial axis length: 93.161  93.9633  95.7208  Ang
Ellipsoid axis length: 98.141  98.9433  100.701  Ang
ellipsoid calculation time: 0.000133991 s
maximal impact parameter: 100.701 Ang
*********************************************************
Linked-cell: 
Numbers of cells: 4913
Nx: 17 Ny: 17 Nz: 17
Filled cells: 189
Empty cells: 4724
Average atoms per cell: 75.6349
Maximum atoms per cell: 207
Minimum atoms per cell: 1
Simulation box: 
lx: 204.17 Ang
ly: 204.17 Ang
lz: 204.17 Ang
linked-cell calculation time: 0.0058918 s
time info: 0.000501156 s
*********************************************************
Trajectory calculations 
*********************************************************
out target time: 44.0867 s
Ntraj: 10000
Nfree: 280
Nscatter: 9719
Nlost: 1
omega: 6600.66
Ntraj: 10000
Nfree: 258
Nscatter: 9739
Nlost: 3
omega: 6869.98
Ntraj: 10000
Nfree: 264
Nscatter: 9735
Nlost: 1
omega: 6646.69
Ntraj: 10000
Nfree: 278
Nscatter: 9721
Nlost: 1
omega: 6834.88
Ntraj: 10000
Nfree: 295
Nscatter: 9705
Nlost: 0
omega: 6919.28
Ntraj: 10000
Nfree: 281
Nscatter: 9719
Nlost: 0
omega: 6813.25
Ntraj: 10000
Nfree: 293
Nscatter: 9705
Nlost: 2
omega: 6642.95
Ntraj: 10000
Nfree: 272
Nscatter: 9728
Nlost: 0
omega: 6625.32
Ntraj: 10000
Nfree: 271
Nscatter: 9728
Nlost: 1
omega: 6763.84
Ntraj: 10000
Nfree: 270
Nscatter: 9728
Nlost: 2
omega: 7013.45
*********************************************************
task: 0
worker id: 94784
time create lcl and mol: 0.00137997 s
numbers of trajectories: 3125
time trajectory calculation: 6.11836 s
task: 1
worker id: 94420
time create lcl and mol: 0.0014019 s
numbers of trajectories: 3125
time trajectory calculation: 4.58569 s
task: 2
worker id: 94420
time create lcl and mol: 0.00137115 s
numbers of trajectories: 3125
time trajectory calculation: 7.35691 s
task: 3
worker id: 94931
time create lcl and mol: 0.00137401 s
numbers of trajectories: 3125
time trajectory calculation: 16.9992 s
task: 4
worker id: 23632
time create lcl and mol: 0.00145483 s
numbers of trajectories: 3125
time trajectory calculation: 9.94014 s
task: 5
worker id: 95326
time create lcl and mol: 0.00145817 s
numbers of trajectories: 3125
time trajectory calculation: 18.8677 s
task: 6
worker id: 92239
time create lcl and mol: 0.00135088 s
numbers of trajectories: 3125
time trajectory calculation: 19.2894 s
task: 7
worker id: 93091
time create lcl and mol: 0.001616 s
numbers of trajectories: 3125
time trajectory calculation: 16.7 s
task: 8
worker id: 93345
time create lcl and mol: 0.00139403 s
numbers of trajectories: 3125
time trajectory calculation: 4.08857 s
task: 9
worker id: 94784
time create lcl and mol: 0.0013051 s
numbers of trajectories: 3125
time trajectory calculation: 13.5951 s
task: 10
worker id: 93091
time create lcl and mol: 0.00138712 s
numbers of trajectories: 3125
time trajectory calculation: 4.80665 s
task: 11
worker id: 23632
time create lcl and mol: 0.00139499 s
numbers of trajectories: 3125
time trajectory calculation: 16.0096 s
task: 12
worker id: 94931
time create lcl and mol: 0.00138497 s
numbers of trajectories: 3125
time trajectory calculation: 5.72623 s
task: 13
worker id: 92239
time create lcl and mol: 0.00147915 s
numbers of trajectories: 3125
time trajectory calculation: 4.28799 s
task: 14
worker id: 23632
time create lcl and mol: 0.001508 s
numbers of trajectories: 3125
time trajectory calculation: 12.8149 s
task: 15
worker id: 92239
time create lcl and mol: 0.00131798 s
numbers of trajectories: 3125
time trajectory calculation: 6.49254 s
task: 16
worker id: 94931
time create lcl and mol: 0.00140595 s
numbers of trajectories: 3125
time trajectory calculation: 4.98011 s
task: 17
worker id: 94420
time create lcl and mol: 0.00134706 s
numbers of trajectories: 3125
time trajectory calculation: 7.30277 s
task: 18
worker id: 94931
time create lcl and mol: 0.00146794 s
numbers of trajectories: 3125
time trajectory calculation: 7.62992 s
task: 19
worker id: 92239
time create lcl and mol: 0.00134397 s
numbers of trajectories: 3125
time trajectory calculation: 5.72916 s
task: 20
worker id: 93345
time create lcl and mol: 0.0014112 s
numbers of trajectories: 3125
time trajectory calculation: 16.4101 s
task: 21
worker id: 94784
time create lcl and mol: 0.00136304 s
numbers of trajectories: 3125
time trajectory calculation: 11.1808 s
task: 22
worker id: 94420
time create lcl and mol: 0.00126195 s
numbers of trajectories: 3125
time trajectory calculation: 5.35636 s
task: 23
worker id: 94420
time create lcl and mol: 0.0013361 s
numbers of trajectories: 3125
time trajectory calculation: 5.61438 s
task: 24
worker id: 94420
time create lcl and mol: 0.00148416 s
numbers of trajectories: 3125
time trajectory calculation: 6.02962 s
task: 25
worker id: 93091
time create lcl and mol: 0.00145602 s
numbers of trajectories: 3125
time trajectory calculation: 6.60203 s
task: 26
worker id: 94784
time create lcl and mol: 0.00136399 s
numbers of trajectories: 3125
time trajectory calculation: 4.90275 s
task: 27
worker id: 94784
time create lcl and mol: 0.00136995 s
numbers of trajectories: 3125
time trajectory calculation: 6.04234 s
task: 28
worker id: 95326
time create lcl and mol: 0.00136018 s
numbers of trajectories: 3125
time trajectory calculation: 18.2533 s
task: 29
worker id: 93091
time create lcl and mol: 0.00144196 s
numbers of trajectories: 3125
time trajectory calculation: 7.57953 s
task: 30
worker id: 93345
time create lcl and mol: 0.00141001 s
numbers of trajectories: 3125
time trajectory calculation: 13.2344 s
task: 31
worker id: 95326
time create lcl and mol: 0.00138903 s
numbers of trajectories: 3125
time trajectory calculation: 6.88681 s
CCS time: 44.097 s
*********************************************************
average value of CCS = 6773.03 Ang^2
error value of CCS = 42.2522 Ang^2
Total time: 44.1226 s
Program finished...
*********************************************************
INPUT:: Simulation Parameters 
*********************************************************
target filename                  : 06_1tei_carga_20_min.xyz
number of probe                  : 10000
number of iterarions             : 10
number of tasks                  : 32
number of threads                : 24
seed number                      : 2104
gas buffer                       : N2
Target Temperature (K)           : 298
timestep (fs)                    : 10
Skin cell size (Ang)             : 0.01
Equipotential                    : no
Cut short-range interaction      : yes
LJ cutoff (Ang)                  : 12
Apply long-range interaction     : yes
Cut long-range interaction       : yes
Coulomb cutoff (Ang)             : 25
Apply induced-dipole interaction : yes
alpha (Ang^3)                    : 1.71
force_type: 6
*********************************************************
Force Field parameters: 
*********************************************************
Symbol  mass (amu)  epislon (kcal/mol)  sigma(Angstroms) 
C   12.011   0.0824736   3.2255
N   14.007   0.0758527   3.5719
H   1.008   0.0362711   1.8986
O   15.999   0.062323   3.075
S   32.06   0.138032   3.4237
P   30.9738   0.145372   3.47
*********************************************************
MOLECULE:: orientation around the inertia principal axis 
*********************************************************
Inertia matrix a.u. Ang^2: 
{  5.56984e+07  104551  187606  }
{  104551  5.52812e+07  -465330  }
{  187606  -465330  5.46598e+07  }
Rotation matrix applied to molecule: 
{  0.986908  0.0915319  0.132793  }
{  -0.160299  0.465919  0.870186  }
{  0.0177791  -0.88008  0.474492  }
Molecule radius: 47.5788 Ang 
orientation time of molecule target: 0.01495 s
target mass: 102360 amu
gas mass: 28.014 amu
reduce mass: 28.014 amu
charge state: 20 e
*********************************************************
Geometric Ellipsoid: 
*********************************************************
maximal distances: 42.0534  42.8557  44.6132  Ang
Initial axis length: 93.161  93.9633  95.7208  Ang
Ellipsoid axis length: 98.141  98.9433  100.701  Ang
ellipsoid calculation time: 0.000144958 s
maximal impact parameter: 100.701 Ang
*********************************************************
Linked-cell: 
Numbers of cells: 4913
Nx: 17 Ny: 17 Nz: 17
Filled cells: 189
Empty cells: 4724
Average atoms per cell: 75.6349
Maximum atoms per cell: 207
Minimum atoms per cell: 1
Simulation box: 
lx: 204.17 Ang
ly: 204.17 Ang
lz: 204.17 Ang
linked-cell calculation time: 0.00610185 s
time info: 0.000510931 s
*********************************************************
Trajectory calculations 
*********************************************************
out target time: 42.8541 s
Ntraj: 10000
Nfree: 280
Nscatter: 9719
Nlost: 1
omega: 6600.66
Ntraj: 10000
Nfree: 258
Nscatter: 9739
Nlost: 3
omega: 6869.98
Ntraj: 10000
Nfree: 264
Nscatter: 9735
Nlost: 1
omega: 6646.69
Ntraj: 10000
Nfree: 278
Nscatter: 9721
Nlost: 1
omega: 6834.88
Ntraj: 10000
Nfree: 295
Nscatter: 9705
Nlost: 0
omega: 6919.28
Ntraj: 10000
Nfree: 281
Nscatter: 9719
Nlost: 0
omega: 6813.25
Ntraj: 10000
Nfree: 293
Nscatter: 9705
Nlost: 2
omega: 6642.95
Ntraj: 10000
Nfree: 272
Nscatter: 9728
Nlost: 0
omega: 6625.32
Ntraj: 10000
Nfree: 271
Nscatter: 9728
Nlost: 1
omega: 6763.84
Ntraj: 10000
Nfree: 270
Nscatter: 9728
Nlost: 2
omega: 7013.45
*********************************************************
task: 0
worker id: 96468
time create lcl and mol: 0.00138402 s
numbers of trajectories: 3125
time trajectory calculation: 5.84212 s
task: 1
worker id: 93925
time create lcl and mol: 0.00128603 s
numbers of trajectories: 3125
time trajectory calculation: 4.81947 s
task: 2
worker id: 93925
time create lcl and mol: 0.00131607 s
numbers of trajectories: 3125
time trajectory calculation: 7.16803 s
task: 3
worker id: 25335
time create lcl and mol: 0.00137901 s
numbers of trajectories: 3125
time trajectory calculation: 17.5097 s
task: 4
worker id: 97011
time create lcl and mol: 0.00129986 s
numbers of trajectories: 3125
time trajectory calculation: 9.95948 s
task: 5
worker id: 96104
time create lcl and mol: 0.00135803 s
numbers of trajectories: 3125
time trajectory calculation: 19.5479 s
task: 6
worker id: 96616
time create lcl and mol: 0.00141001 s
numbers of trajectories: 3125
time trajectory calculation: 19.8105 s
task: 7
worker id: 94774
time create lcl and mol: 0.00155091 s
numbers of trajectories: 3125
time trajectory calculation: 16.6183 s
task: 8
worker id: 96468
time create lcl and mol: 0.00144601 s
numbers of trajectories: 3125
time trajectory calculation: 4.00714 s
task: 9
worker id: 97011
time create lcl and mol: 0.00141406 s
numbers of trajectories: 3125
time trajectory calculation: 13.9746 s
task: 10
worker id: 95032
time create lcl and mol: 0.00145102 s
numbers of trajectories: 3125
time trajectory calculation: 4.86117 s
task: 11
worker id: 25335
time create lcl and mol: 0.00132895 s
numbers of trajectories: 3125
time trajectory calculation: 16.4409 s
task: 12
worker id: 93925
time create lcl and mol: 0.00130391 s
numbers of trajectories: 3125
time trajectory calculation: 5.78391 s
task: 13
worker id: 94774
time create lcl and mol: 0.00144792 s
numbers of trajectories: 3125
time trajectory calculation: 4.23266 s
task: 14
worker id: 93925
time create lcl and mol: 0.00127792 s
numbers of trajectories: 3125
time trajectory calculation: 13.127 s
task: 15
worker id: 96616
time create lcl and mol: 0.00154996 s
numbers of trajectories: 3125
time trajectory calculation: 6.41204 s
task: 16
worker id: 97011
time create lcl and mol: 0.00141382 s
numbers of trajectories: 3125
time trajectory calculation: 4.97872 s
task: 17
worker id: 96616
time create lcl and mol: 0.001405 s
numbers of trajectories: 3125
time trajectory calculation: 7.45636 s
task: 18
worker id: 95032
time create lcl and mol: 0.00144291 s
numbers of trajectories: 3125
time trajectory calculation: 7.39129 s
task: 19
worker id: 96104
time create lcl and mol: 0.00138307 s
numbers of trajectories: 3125
time trajectory calculation: 5.5133 s
task: 20
worker id: 95032
time create lcl and mol: 0.00138903 s
numbers of trajectories: 3125
time trajectory calculation: 16.5889 s
task: 21
worker id: 94774
time create lcl and mol: 0.00149202 s
numbers of trajectories: 3125
time trajectory calculation: 11.045 s
task: 22
worker id: 93925
time create lcl and mol: 0.00139809 s
numbers of trajectories: 3125
time trajectory calculation: 5.34646 s
task: 23
worker id: 95032
time create lcl and mol: 0.00124788 s
numbers of trajectories: 3125
time trajectory calculation: 5.55447 s
task: 24
worker id: 95032
time create lcl and mol: 0.00135708 s
numbers of trajectories: 3125
time trajectory calculation: 6.0431 s
task: 25
worker id: 96468
time create lcl and mol: 0.00139284 s
numbers of trajectories: 3125
time trajectory calculation: 6.12174 s
task: 26
worker id: 96104
time create lcl and mol: 0.00149798 s
numbers of trajectories: 3125
time trajectory calculation: 4.89518 s
task: 27
worker id: 96616
time create lcl and mol: 0.00144601 s
numbers of trajectories: 3125
time trajectory calculation: 6.2657 s
task: 28
worker id: 96468
time create lcl and mol: 0.00151801 s
numbers of trajectories: 3125
time trajectory calculation: 18.0138 s
task: 29
worker id: 94774
time create lcl and mol: 0.00139093 s
numbers of trajectories: 3125
time trajectory calculation: 7.77352 s
task: 30
worker id: 97011
time create lcl and mol: 0.001302 s
numbers of trajectories: 3125
time trajectory calculation: 13.8533 s
task: 31
worker id: 96104
time create lcl and mol: 0.00141382 s
numbers of trajectories: 3125
time trajectory calculation: 6.72998 s
CCS time: 42.8647 s
*********************************************************
average value of CCS = 6773.03 Ang^2
error value of CCS = 42.2522 Ang^2
Total time: 42.8909 s
Program finished...
*********************************************************
INPUT:: Simulation Parameters 
*********************************************************
target filename                  : 06_1tei_carga_20_min.xyz
number of probe                  : 10000
number of iterarions             : 10
number of tasks                  : 32
number of threads                : 24
seed number                      : 2104
gas buffer                       : N2
Target Temperature (K)           : 298
timestep (fs)                    : 10
Skin cell size (Ang)             : 0.01
Equipotential                    : no
Cut short-range interaction      : yes
LJ cutoff (Ang)                  : 12
Apply long-range interaction     : yes
Cut long-range interaction       : yes
Coulomb cutoff (Ang)             : 25
Apply induced-dipole interaction : yes
alpha (Ang^3)                    : 1.71
force_type: 6
*********************************************************
Force Field parameters: 
*********************************************************
Symbol  mass (amu)  epislon (kcal/mol)  sigma(Angstroms) 
C   12.011   0.0824736   3.2255
N   14.007   0.0758527   3.5719
H   1.008   0.0362711   1.8986
O   15.999   0.062323   3.075
S   32.06   0.138032   3.4237
P   30.9738   0.145372   3.47
*********************************************************
MOLECULE:: orientation around the inertia principal axis 
*********************************************************
Inertia matrix a.u. Ang^2: 
{  5.56984e+07  104551  187606  }
{  104551  5.52812e+07  -465330  }
{  187606  -465330  5.46598e+07  }
Rotation matrix applied to molecule: 
{  0.986908  0.0915319  0.132793  }
{  -0.160299  0.465919  0.870186  }
{  0.0177791  -0.88008  0.474492  }
Molecule radius: 47.5788 Ang 
orientation time of molecule target: 0.0145209 s
target mass: 102360 amu
gas mass: 28.014 amu
reduce mass: 28.014 amu
charge state: 20 e
*********************************************************
Geometric Ellipsoid: 
*********************************************************
maximal distances: 42.0534  42.8557  44.6132  Ang
Initial axis length: 93.161  93.9633  95.7208  Ang
Ellipsoid axis length: 98.141  98.9433  100.701  Ang
ellipsoid calculation time: 0.000129938 s
maximal impact parameter: 100.701 Ang
*********************************************************
Linked-cell: 
Numbers of cells: 4913
Nx: 17 Ny: 17 Nz: 17
Filled cells: 189
Empty cells: 4724
Average atoms per cell: 75.6349
Maximum atoms per cell: 207
Minimum atoms per cell: 1
Simulation box: 
lx: 204.17 Ang
ly: 204.17 Ang
lz: 204.17 Ang
linked-cell calculation time: 0.00589705 s
time info: 0.00049901 s
*********************************************************
Trajectory calculations 
*********************************************************
out target time: 43.197 s
Ntraj: 10000
Nfree: 280
Nscatter: 9719
Nlost: 1
omega: 6600.66
Ntraj: 10000
Nfree: 258
Nscatter: 9739
Nlost: 3
omega: 6869.98
Ntraj: 10000
Nfree: 264
Nscatter: 9735
Nlost: 1
omega: 6646.69
Ntraj: 10000
Nfree: 278
Nscatter: 9721
Nlost: 1
omega: 6834.88
Ntraj: 10000
Nfree: 295
Nscatter: 9705
Nlost: 0
omega: 6919.28
Ntraj: 10000
Nfree: 281
Nscatter: 9719
Nlost: 0
omega: 6813.25
Ntraj: 10000
Nfree: 293
Nscatter: 9705
Nlost: 2
omega: 6642.95
Ntraj: 10000
Nfree: 272
Nscatter: 9728
Nlost: 0
omega: 6625.32
Ntraj: 10000
Nfree: 271
Nscatter: 9728
Nlost: 1
omega: 6763.84
Ntraj: 10000
Nfree: 270
Nscatter: 9728
Nlost: 2
omega: 7013.45
*********************************************************
task: 0
worker id: 602
time create lcl and mol: 0.00143886 s
numbers of trajectories: 3125
time trajectory calculation: 6.20548 s
task: 1
worker id: 96147
time create lcl and mol: 0.00149512 s
numbers of trajectories: 3125
time trajectory calculation: 4.6146 s
task: 2
worker id: 96409
time create lcl and mol: 0.00168896 s
numbers of trajectories: 3125
time trajectory calculation: 6.94377 s
task: 3
worker id: 97994
time create lcl and mol: 0.00137782 s
numbers of trajectories: 3125
time trajectory calculation: 17.2547 s
task: 4
worker id: 97481
time create lcl and mol: 0.00150084 s
numbers of trajectories: 3125
time trajectory calculation: 10.0971 s
task: 5
worker id: 26727
time create lcl and mol: 0.00155711 s
numbers of trajectories: 3125
time trajectory calculation: 19.1782 s
task: 6
worker id: 95299
time create lcl and mol: 0.00131917 s
numbers of trajectories: 3125
time trajectory calculation: 19.4055 s
task: 7
worker id: 97850
time create lcl and mol: 0.00139308 s
numbers of trajectories: 3125
time trajectory calculation: 16.826 s
task: 8
worker id: 26727
time create lcl and mol: 0.00143814 s
numbers of trajectories: 3125
time trajectory calculation: 4.16703 s
task: 9
worker id: 97850
time create lcl and mol: 0.00133586 s
numbers of trajectories: 3125
time trajectory calculation: 13.8377 s
task: 10
worker id: 97850
time create lcl and mol: 0.00138998 s
numbers of trajectories: 3125
time trajectory calculation: 4.89536 s
task: 11
worker id: 96409
time create lcl and mol: 0.00130296 s
numbers of trajectories: 3125
time trajectory calculation: 16.0429 s
task: 12
worker id: 97481
time create lcl and mol: 0.00136113 s
numbers of trajectories: 3125
time trajectory calculation: 5.7453 s
task: 13
worker id: 97481
time create lcl and mol: 0.00137305 s
numbers of trajectories: 3125
time trajectory calculation: 4.30404 s
task: 14
worker id: 602
time create lcl and mol: 0.00137496 s
numbers of trajectories: 3125
time trajectory calculation: 12.9095 s
task: 15
worker id: 96409
time create lcl and mol: 0.00139117 s
numbers of trajectories: 3125
time trajectory calculation: 6.50753 s
task: 16
worker id: 97481
time create lcl and mol: 0.00144696 s
numbers of trajectories: 3125
time trajectory calculation: 4.97381 s
task: 17
worker id: 96409
time create lcl and mol: 0.00132895 s
numbers of trajectories: 3125
time trajectory calculation: 7.21842 s
task: 18
worker id: 96147
time create lcl and mol: 0.00153708 s
numbers of trajectories: 3125
time trajectory calculation: 7.56297 s
task: 19
worker id: 97481
time create lcl and mol: 0.00134897 s
numbers of trajectories: 3125
time trajectory calculation: 5.79682 s
task: 20
worker id: 602
time create lcl and mol: 0.00133991 s
numbers of trajectories: 3125
time trajectory calculation: 16.5667 s
task: 21
worker id: 26727
time create lcl and mol: 0.00130296 s
numbers of trajectories: 3125
time trajectory calculation: 10.8985 s
task: 22
worker id: 96147
time create lcl and mol: 0.0013361 s
numbers of trajectories: 3125
time trajectory calculation: 5.34183 s
task: 23
worker id: 95299
time create lcl and mol: 0.00137401 s
numbers of trajectories: 3125
time trajectory calculation: 5.50828 s
task: 24
worker id: 96147
time create lcl and mol: 0.00139999 s
numbers of trajectories: 3125
time trajectory calculation: 6.11081 s
task: 25
worker id: 96409
time create lcl and mol: 0.00132895 s
numbers of trajectories: 3125
time trajectory calculation: 6.3778 s
task: 26
worker id: 97850
time create lcl and mol: 0.00165701 s
numbers of trajectories: 3125
time trajectory calculation: 4.92796 s
task: 27
worker id: 97481
time create lcl and mol: 0.001472 s
numbers of trajectories: 3125
time trajectory calculation: 6.11476 s
task: 28
worker id: 97994
time create lcl and mol: 0.00137091 s
numbers of trajectories: 3125
time trajectory calculation: 17.3942 s
task: 29
worker id: 96147
time create lcl and mol: 0.00130701 s
numbers of trajectories: 3125
time trajectory calculation: 7.66857 s
task: 30
worker id: 95299
time create lcl and mol: 0.00185084 s
numbers of trajectories: 3125
time trajectory calculation: 13.6156 s
task: 31
worker id: 602
time create lcl and mol: 0.0015049 s
numbers of trajectories: 3125
time trajectory calculation: 6.85003 s
CCS time: 43.2074 s
*********************************************************
average value of CCS = 6773.03 Ang^2
error value of CCS = 42.2522 Ang^2
Total time: 43.2329 s
Program finished...
[1695475678.278615] [sdumont6229:602  :0]       tag_match.c:62   UCX  WARN  unexpected tag-receive descriptor 0x2b26a8006bc0 was not matched
