*********************************************************
INPUT:: Simulation Parameters 
*********************************************************
target filename                  : 01_1mlt_carga_3_min.xyz
number of probe                  : 10000
number of iterarions             : 10
number of tasks                  : 32
number of threads                : 24
seed number                      : 2104
gas buffer                       : N2
Target Temperature (K)           : 298
timestep (fs)                    : 10
Skin cell size (Ang)             : 0.01
Equipotential                    : no
Cut short-range interaction      : yes
LJ cutoff (Ang)                  : 12
Apply long-range interaction     : yes
Cut long-range interaction       : yes
Coulomb cutoff (Ang)             : 25
Apply induced-dipole interaction : yes
alpha (Ang^3)                    : 1.71
force_type: 6
*********************************************************
Force Field parameters: 
*********************************************************
Symbol  mass (amu)  epislon (kcal/mol)  sigma(Angstroms) 
C   12.011   0.0824736   3.2255
N   14.007   0.0758527   3.5719
H   1.008   0.0362711   1.8986
O   15.999   0.062323   3.075
S   32.06   0.138032   3.4237
P   30.9738   0.145372   3.47
*********************************************************
MOLECULE:: orientation around the inertia principal axis 
*********************************************************
Inertia matrix a.u. Ang^2: 
{  112374  116279  -26361.3  }
{  116279  281882  12310.3  }
{  -26361.3  12310.3  331392  }
Rotation matrix applied to molecule: 
{  0.461441  0.875795  -0.14162  }
{  -0.886782  0.450595  -0.102872  }
{  -0.0262822  0.173055  0.984561  }
Molecule radius: 20.5023 Ang 
orientation time of molecule target: 0.04248 s
target mass: 2850.52 amu
gas mass: 28.014 amu
reduce mass: 28.014 amu
charge state: 2.9992 e
*********************************************************
Geometric Ellipsoid: 
*********************************************************
maximal distances: 8.06564  8.36757  19.3915  Ang
Initial axis length: 59.1732  59.4752  70.4991  Ang
Ellipsoid axis length: 62.5432  62.8452  73.8691  Ang
ellipsoid calculation time: 2.90871e-05 s
maximal impact parameter: 73.8691 Ang
*********************************************************
Linked-cell: 
Numbers of cells: 1573
Nx: 11 Ny: 11 Nz: 13
Filled cells: 13
Empty cells: 1560
Average atoms per cell: 33.2308
Maximum atoms per cell: 137
Minimum atoms per cell: 2
Simulation box: 
lx: 132.11 Ang
ly: 132.11 Ang
lz: 156.13 Ang
linked-cell calculation time: 0.00162983 s
time info: 4.41074e-05 s
*********************************************************
Trajectory calculations 
*********************************************************
out target time: 4.66989 s
Ntraj: 10000
Nfree: 2022
Nscatter: 7973
Nlost: 5
omega: 825.806
Ntraj: 10000
Nfree: 1945
Nscatter: 8054
Nlost: 1
omega: 800.741
Ntraj: 10000
Nfree: 1865
Nscatter: 8133
Nlost: 2
omega: 763.934
Ntraj: 10000
Nfree: 1962
Nscatter: 8031
Nlost: 7
omega: 831.499
Ntraj: 10000
Nfree: 1924
Nscatter: 8066
Nlost: 10
omega: 821.285
Ntraj: 10000
Nfree: 1953
Nscatter: 8041
Nlost: 6
omega: 837.233
Ntraj: 10000
Nfree: 1916
Nscatter: 8072
Nlost: 12
omega: 709.89
Ntraj: 10000
Nfree: 1982
Nscatter: 8013
Nlost: 5
omega: 737.904
Ntraj: 10000
Nfree: 1950
Nscatter: 8043
Nlost: 7
omega: 745.339
Ntraj: 10000
Nfree: 1838
Nscatter: 8155
Nlost: 7
omega: 857.79
*********************************************************
task: 0
worker id: 29183
time create lcl and mol: 0.000388145 s
numbers of trajectories: 3125
time trajectory calculation: 0.804225 s
task: 1
worker id: 56746
time create lcl and mol: 0.000350952 s
numbers of trajectories: 3125
time trajectory calculation: 0.78763 s
task: 2
worker id: 30058
time create lcl and mol: 0.000345945 s
numbers of trajectories: 3125
time trajectory calculation: 0.32359 s
task: 3
worker id: 31862
time create lcl and mol: 0.000348091 s
numbers of trajectories: 3125
time trajectory calculation: 0.537215 s
task: 4
worker id: 31373
time create lcl and mol: 0.000348091 s
numbers of trajectories: 3125
time trajectory calculation: 1.07668 s
task: 5
worker id: 31755
time create lcl and mol: 0.000411987 s
numbers of trajectories: 3125
time trajectory calculation: 0.792641 s
task: 6
worker id: 32271
time create lcl and mol: 0.000330925 s
numbers of trajectories: 3125
time trajectory calculation: 1.37685 s
task: 7
worker id: 31373
time create lcl and mol: 0.000361919 s
numbers of trajectories: 3125
time trajectory calculation: 0.609442 s
task: 8
worker id: 30313
time create lcl and mol: 0.000345945 s
numbers of trajectories: 3125
time trajectory calculation: 0.849588 s
task: 9
worker id: 31373
time create lcl and mol: 0.000360012 s
numbers of trajectories: 3125
time trajectory calculation: 0.802666 s
task: 10
worker id: 30058
time create lcl and mol: 0.000365973 s
numbers of trajectories: 3125
time trajectory calculation: 1.10801 s
task: 11
worker id: 30313
time create lcl and mol: 0.000354052 s
numbers of trajectories: 3125
time trajectory calculation: 1.26898 s
task: 12
worker id: 56746
time create lcl and mol: 0.000349998 s
numbers of trajectories: 3125
time trajectory calculation: 1.43849 s
task: 13
worker id: 30058
time create lcl and mol: 0.000335217 s
numbers of trajectories: 3125
time trajectory calculation: 1.44674 s
task: 14
worker id: 30313
time create lcl and mol: 0.000353813 s
numbers of trajectories: 3125
time trajectory calculation: 1.59109 s
task: 15
worker id: 31862
time create lcl and mol: 0.000356913 s
numbers of trajectories: 3125
time trajectory calculation: 1.32093 s
task: 16
worker id: 30058
time create lcl and mol: 0.000387192 s
numbers of trajectories: 3125
time trajectory calculation: 1.42479 s
task: 17
worker id: 32271
time create lcl and mol: 0.000368118 s
numbers of trajectories: 3125
time trajectory calculation: 0.952043 s
task: 18
worker id: 31755
time create lcl and mol: 0.000355959 s
numbers of trajectories: 3125
time trajectory calculation: 0.450886 s
task: 19
worker id: 56746
time create lcl and mol: 0.000361919 s
numbers of trajectories: 3125
time trajectory calculation: 1.2346 s
task: 20
worker id: 31755
time create lcl and mol: 0.000346899 s
numbers of trajectories: 3125
time trajectory calculation: 0.909199 s
task: 21
worker id: 31755
time create lcl and mol: 0.00035882 s
numbers of trajectories: 3125
time trajectory calculation: 1.01439 s
task: 22
worker id: 31862
time create lcl and mol: 0.000360966 s
numbers of trajectories: 3125
time trajectory calculation: 1.34448 s
task: 23
worker id: 32271
time create lcl and mol: 0.000525951 s
numbers of trajectories: 3125
time trajectory calculation: 1.58041 s
task: 24
worker id: 30313
time create lcl and mol: 0.000360966 s
numbers of trajectories: 3125
time trajectory calculation: 0.848713 s
task: 25
worker id: 29183
time create lcl and mol: 0.000333786 s
numbers of trajectories: 3125
time trajectory calculation: 1.06943 s
task: 26
worker id: 31862
time create lcl and mol: 0.000341177 s
numbers of trajectories: 3125
time trajectory calculation: 0.8065 s
task: 27
worker id: 31755
time create lcl and mol: 0.000387192 s
numbers of trajectories: 3125
time trajectory calculation: 1.14319 s
task: 28
worker id: 56746
time create lcl and mol: 0.000372887 s
numbers of trajectories: 3125
time trajectory calculation: 1.08721 s
task: 29
worker id: 31373
time create lcl and mol: 0.000365019 s
numbers of trajectories: 3125
time trajectory calculation: 1.29071 s
task: 30
worker id: 29183
time create lcl and mol: 0.000337124 s
numbers of trajectories: 3125
time trajectory calculation: 1.10248 s
task: 31
worker id: 29183
time create lcl and mol: 0.000365973 s
numbers of trajectories: 3125
time trajectory calculation: 1.5249 s
CCS time: 4.68039 s
*********************************************************
average value of CCS = 793.142 Ang^2
error value of CCS = 15.0438 Ang^2
Total time: 4.73 s
Program finished...
*********************************************************
INPUT:: Simulation Parameters 
*********************************************************
target filename                  : 01_1mlt_carga_3_min.xyz
number of probe                  : 10000
number of iterarions             : 10
number of tasks                  : 32
number of threads                : 24
seed number                      : 2104
gas buffer                       : N2
Target Temperature (K)           : 298
timestep (fs)                    : 10
Skin cell size (Ang)             : 0.01
Equipotential                    : no
Cut short-range interaction      : yes
LJ cutoff (Ang)                  : 12
Apply long-range interaction     : yes
Cut long-range interaction       : yes
Coulomb cutoff (Ang)             : 25
Apply induced-dipole interaction : yes
alpha (Ang^3)                    : 1.71
force_type: 6
*********************************************************
Force Field parameters: 
*********************************************************
Symbol  mass (amu)  epislon (kcal/mol)  sigma(Angstroms) 
C   12.011   0.0824736   3.2255
N   14.007   0.0758527   3.5719
H   1.008   0.0362711   1.8986
O   15.999   0.062323   3.075
S   32.06   0.138032   3.4237
P   30.9738   0.145372   3.47
*********************************************************
MOLECULE:: orientation around the inertia principal axis 
*********************************************************
Inertia matrix a.u. Ang^2: 
{  112374  116279  -26361.3  }
{  116279  281882  12310.3  }
{  -26361.3  12310.3  331392  }
Rotation matrix applied to molecule: 
{  0.461441  0.875795  -0.14162  }
{  -0.886782  0.450595  -0.102872  }
{  -0.0262822  0.173055  0.984561  }
Molecule radius: 20.5023 Ang 
orientation time of molecule target: 0.00104904 s
target mass: 2850.52 amu
gas mass: 28.014 amu
reduce mass: 28.014 amu
charge state: 2.9992 e
*********************************************************
Geometric Ellipsoid: 
*********************************************************
maximal distances: 8.06564  8.36757  19.3915  Ang
Initial axis length: 59.1732  59.4752  70.4991  Ang
Ellipsoid axis length: 62.5432  62.8452  73.8691  Ang
ellipsoid calculation time: 3.31402e-05 s
maximal impact parameter: 73.8691 Ang
*********************************************************
Linked-cell: 
Numbers of cells: 1573
Nx: 11 Ny: 11 Nz: 13
Filled cells: 13
Empty cells: 1560
Average atoms per cell: 33.2308
Maximum atoms per cell: 137
Minimum atoms per cell: 2
Simulation box: 
lx: 132.11 Ang
ly: 132.11 Ang
lz: 156.13 Ang
linked-cell calculation time: 0.00157309 s
time info: 4.00543e-05 s
*********************************************************
Trajectory calculations 
*********************************************************
out target time: 5.44899 s
Ntraj: 10000
Nfree: 2022
Nscatter: 7973
Nlost: 5
omega: 825.806
Ntraj: 10000
Nfree: 1945
Nscatter: 8054
Nlost: 1
omega: 800.741
Ntraj: 10000
Nfree: 1865
Nscatter: 8133
Nlost: 2
omega: 763.934
Ntraj: 10000
Nfree: 1962
Nscatter: 8031
Nlost: 7
omega: 831.499
Ntraj: 10000
Nfree: 1924
Nscatter: 8066
Nlost: 10
omega: 821.285
Ntraj: 10000
Nfree: 1953
Nscatter: 8041
Nlost: 6
omega: 837.233
Ntraj: 10000
Nfree: 1916
Nscatter: 8072
Nlost: 12
omega: 709.89
Ntraj: 10000
Nfree: 1982
Nscatter: 8013
Nlost: 5
omega: 737.904
Ntraj: 10000
Nfree: 1950
Nscatter: 8043
Nlost: 7
omega: 745.339
Ntraj: 10000
Nfree: 1838
Nscatter: 8155
Nlost: 7
omega: 857.79
*********************************************************
task: 0
worker id: 31462
time create lcl and mol: 0.000363111 s
numbers of trajectories: 3125
time trajectory calculation: 0.832822 s
task: 1
worker id: 30150
time create lcl and mol: 0.000347137 s
numbers of trajectories: 3125
time trajectory calculation: 0.815903 s
task: 2
worker id: 31955
time create lcl and mol: 0.000360966 s
numbers of trajectories: 3125
time trajectory calculation: 0.344953 s
task: 3
worker id: 32361
time create lcl and mol: 0.000347853 s
numbers of trajectories: 3125
time trajectory calculation: 0.506781 s
task: 4
worker id: 30404
time create lcl and mol: 0.000574112 s
numbers of trajectories: 3125
time trajectory calculation: 1.04997 s
task: 5
worker id: 56853
time create lcl and mol: 0.000340939 s
numbers of trajectories: 3125
time trajectory calculation: 0.799271 s
task: 6
worker id: 29274
time create lcl and mol: 0.00040102 s
numbers of trajectories: 3125
time trajectory calculation: 1.41405 s
task: 7
worker id: 31845
time create lcl and mol: 0.000540972 s
numbers of trajectories: 3125
time trajectory calculation: 0.635137 s
task: 8
worker id: 30150
time create lcl and mol: 0.000346184 s
numbers of trajectories: 3125
time trajectory calculation: 0.812256 s
task: 9
worker id: 31462
time create lcl and mol: 0.000340939 s
numbers of trajectories: 3125
time trajectory calculation: 0.791632 s
task: 10
worker id: 31845
time create lcl and mol: 0.000329971 s
numbers of trajectories: 3125
time trajectory calculation: 1.08182 s
task: 11
worker id: 30150
time create lcl and mol: 0.000310898 s
numbers of trajectories: 3125
time trajectory calculation: 1.25943 s
task: 12
worker id: 32361
time create lcl and mol: 0.000339031 s
numbers of trajectories: 3125
time trajectory calculation: 1.49951 s
task: 13
worker id: 30404
time create lcl and mol: 0.0003438 s
numbers of trajectories: 3125
time trajectory calculation: 1.45798 s
task: 14
worker id: 31462
time create lcl and mol: 0.000323057 s
numbers of trajectories: 3125
time trajectory calculation: 1.62912 s
task: 15
worker id: 56853
time create lcl and mol: 0.000352859 s
numbers of trajectories: 3125
time trajectory calculation: 1.31541 s
task: 16
worker id: 30150
time create lcl and mol: 0.000325918 s
numbers of trajectories: 3125
time trajectory calculation: 1.43596 s
task: 17
worker id: 31845
time create lcl and mol: 0.000344038 s
numbers of trajectories: 3125
time trajectory calculation: 0.952913 s
task: 18
worker id: 56853
time create lcl and mol: 0.000326872 s
numbers of trajectories: 3125
time trajectory calculation: 0.45893 s
task: 19
worker id: 56853
time create lcl and mol: 0.000342846 s
numbers of trajectories: 3125
time trajectory calculation: 1.29622 s
task: 20
worker id: 31955
time create lcl and mol: 0.000371933 s
numbers of trajectories: 3125
time trajectory calculation: 0.944855 s
task: 21
worker id: 31462
time create lcl and mol: 0.000328064 s
numbers of trajectories: 3125
time trajectory calculation: 1.03468 s
task: 22
worker id: 31845
time create lcl and mol: 0.000414133 s
numbers of trajectories: 3125
time trajectory calculation: 1.39218 s
task: 23
worker id: 32361
time create lcl and mol: 0.000363827 s
numbers of trajectories: 3125
time trajectory calculation: 1.64276 s
task: 24
worker id: 31955
time create lcl and mol: 0.000343084 s
numbers of trajectories: 3125
time trajectory calculation: 0.842921 s
task: 25
worker id: 31955
time create lcl and mol: 0.000349045 s
numbers of trajectories: 3125
time trajectory calculation: 1.07481 s
task: 26
worker id: 32361
time create lcl and mol: 0.000350952 s
numbers of trajectories: 3125
time trajectory calculation: 0.821196 s
task: 27
worker id: 31955
time create lcl and mol: 0.000334024 s
numbers of trajectories: 3125
time trajectory calculation: 1.14522 s
task: 28
worker id: 29274
time create lcl and mol: 0.000365019 s
numbers of trajectories: 3125
time trajectory calculation: 1.09435 s
task: 29
worker id: 30404
time create lcl and mol: 0.000344038 s
numbers of trajectories: 3125
time trajectory calculation: 1.29883 s
task: 30
worker id: 31462
time create lcl and mol: 0.000308037 s
numbers of trajectories: 3125
time trajectory calculation: 1.06601 s
task: 31
worker id: 29274
time create lcl and mol: 0.000333786 s
numbers of trajectories: 3125
time trajectory calculation: 1.48144 s
CCS time: 5.45948 s
*********************************************************
average value of CCS = 793.142 Ang^2
error value of CCS = 15.0438 Ang^2
Total time: 5.46722 s
Program finished...
*********************************************************
INPUT:: Simulation Parameters 
*********************************************************
target filename                  : 01_1mlt_carga_3_min.xyz
number of probe                  : 10000
number of iterarions             : 10
number of tasks                  : 32
number of threads                : 24
seed number                      : 2104
gas buffer                       : N2
Target Temperature (K)           : 298
timestep (fs)                    : 10
Skin cell size (Ang)             : 0.01
Equipotential                    : no
Cut short-range interaction      : yes
LJ cutoff (Ang)                  : 12
Apply long-range interaction     : yes
Cut long-range interaction       : yes
Coulomb cutoff (Ang)             : 25
Apply induced-dipole interaction : yes
alpha (Ang^3)                    : 1.71
force_type: 6
*********************************************************
Force Field parameters: 
*********************************************************
Symbol  mass (amu)  epislon (kcal/mol)  sigma(Angstroms) 
C   12.011   0.0824736   3.2255
N   14.007   0.0758527   3.5719
H   1.008   0.0362711   1.8986
O   15.999   0.062323   3.075
S   32.06   0.138032   3.4237
P   30.9738   0.145372   3.47
*********************************************************
MOLECULE:: orientation around the inertia principal axis 
*********************************************************
Inertia matrix a.u. Ang^2: 
{  112374  116279  -26361.3  }
{  116279  281882  12310.3  }
{  -26361.3  12310.3  331392  }
Rotation matrix applied to molecule: 
{  0.461441  0.875795  -0.14162  }
{  -0.886782  0.450595  -0.102872  }
{  -0.0262822  0.173055  0.984561  }
Molecule radius: 20.5023 Ang 
orientation time of molecule target: 0.00109291 s
target mass: 2850.52 amu
gas mass: 28.014 amu
reduce mass: 28.014 amu
charge state: 2.9992 e
*********************************************************
Geometric Ellipsoid: 
*********************************************************
maximal distances: 8.06564  8.36757  19.3915  Ang
Initial axis length: 59.1732  59.4752  70.4991  Ang
Ellipsoid axis length: 62.5432  62.8452  73.8691  Ang
ellipsoid calculation time: 3.79086e-05 s
maximal impact parameter: 73.8691 Ang
*********************************************************
Linked-cell: 
Numbers of cells: 1573
Nx: 11 Ny: 11 Nz: 13
Filled cells: 13
Empty cells: 1560
Average atoms per cell: 33.2308
Maximum atoms per cell: 137
Minimum atoms per cell: 2
Simulation box: 
lx: 132.11 Ang
ly: 132.11 Ang
lz: 156.13 Ang
linked-cell calculation time: 0.00162387 s
time info: 4.19617e-05 s
*********************************************************
Trajectory calculations 
*********************************************************
out target time: 5.1821 s
Ntraj: 10000
Nfree: 2022
Nscatter: 7973
Nlost: 5
omega: 825.806
Ntraj: 10000
Nfree: 1945
Nscatter: 8054
Nlost: 1
omega: 800.741
Ntraj: 10000
Nfree: 1865
Nscatter: 8133
Nlost: 2
omega: 763.934
Ntraj: 10000
Nfree: 1962
Nscatter: 8031
Nlost: 7
omega: 831.499
Ntraj: 10000
Nfree: 1924
Nscatter: 8066
Nlost: 10
omega: 821.285
Ntraj: 10000
Nfree: 1953
Nscatter: 8041
Nlost: 6
omega: 837.233
Ntraj: 10000
Nfree: 1916
Nscatter: 8072
Nlost: 12
omega: 709.89
Ntraj: 10000
Nfree: 1982
Nscatter: 8013
Nlost: 5
omega: 737.904
Ntraj: 10000
Nfree: 1950
Nscatter: 8043
Nlost: 7
omega: 745.339
Ntraj: 10000
Nfree: 1838
Nscatter: 8155
Nlost: 7
omega: 857.79
*********************************************************
task: 0
worker id: 29670
time create lcl and mol: 0.000349998 s
numbers of trajectories: 3125
time trajectory calculation: 0.799061 s
task: 1
worker id: 32240
time create lcl and mol: 0.000546932 s
numbers of trajectories: 3125
time trajectory calculation: 0.769416 s
task: 2
worker id: 30545
time create lcl and mol: 0.000433922 s
numbers of trajectories: 3125
time trajectory calculation: 0.326932 s
task: 3
worker id: 31860
time create lcl and mol: 0.000354052 s
numbers of trajectories: 3125
time trajectory calculation: 0.508065 s
task: 4
worker id: 32351
time create lcl and mol: 0.000423908 s
numbers of trajectories: 3125
time trajectory calculation: 1.05689 s
task: 5
worker id: 32759
time create lcl and mol: 0.000331163 s
numbers of trajectories: 3125
time trajectory calculation: 0.795051 s
task: 6
worker id: 57262
time create lcl and mol: 0.000339985 s
numbers of trajectories: 3125
time trajectory calculation: 1.38352 s
task: 7
worker id: 30798
time create lcl and mol: 0.000381947 s
numbers of trajectories: 3125
time trajectory calculation: 0.585611 s
task: 8
worker id: 32351
time create lcl and mol: 0.000477076 s
numbers of trajectories: 3125
time trajectory calculation: 0.821663 s
task: 9
worker id: 31860
time create lcl and mol: 0.000373125 s
numbers of trajectories: 3125
time trajectory calculation: 0.798175 s
task: 10
worker id: 32240
time create lcl and mol: 0.000361919 s
numbers of trajectories: 3125
time trajectory calculation: 1.11433 s
task: 11
worker id: 57262
time create lcl and mol: 0.000360966 s
numbers of trajectories: 3125
time trajectory calculation: 1.22972 s
task: 12
worker id: 32240
time create lcl and mol: 0.000356913 s
numbers of trajectories: 3125
time trajectory calculation: 1.42098 s
task: 13
worker id: 31860
time create lcl and mol: 0.000386 s
numbers of trajectories: 3125
time trajectory calculation: 1.4385 s
task: 14
worker id: 30545
time create lcl and mol: 0.000359058 s
numbers of trajectories: 3125
time trajectory calculation: 1.66482 s
task: 15
worker id: 30798
time create lcl and mol: 0.000365973 s
numbers of trajectories: 3125
time trajectory calculation: 1.30027 s
task: 16
worker id: 30798
time create lcl and mol: 0.000339985 s
numbers of trajectories: 3125
time trajectory calculation: 1.41807 s
task: 17
worker id: 29670
time create lcl and mol: 0.000340939 s
numbers of trajectories: 3125
time trajectory calculation: 0.966269 s
task: 18
worker id: 32240
time create lcl and mol: 0.000346899 s
numbers of trajectories: 3125
time trajectory calculation: 0.42372 s
task: 19
worker id: 32759
time create lcl and mol: 0.000361919 s
numbers of trajectories: 3125
time trajectory calculation: 1.22862 s
task: 20
worker id: 32759
time create lcl and mol: 0.000354052 s
numbers of trajectories: 3125
time trajectory calculation: 0.925177 s
task: 21
worker id: 32351
time create lcl and mol: 0.000346899 s
numbers of trajectories: 3125
time trajectory calculation: 1.09441 s
task: 22
worker id: 57262
time create lcl and mol: 0.000360966 s
numbers of trajectories: 3125
time trajectory calculation: 1.35061 s
task: 23
worker id: 29670
time create lcl and mol: 0.000334978 s
numbers of trajectories: 3125
time trajectory calculation: 1.63804 s
task: 24
worker id: 30798
time create lcl and mol: 0.000362873 s
numbers of trajectories: 3125
time trajectory calculation: 0.865141 s
task: 25
worker id: 30545
time create lcl and mol: 0.000352859 s
numbers of trajectories: 3125
time trajectory calculation: 1.10219 s
task: 26
worker id: 31860
time create lcl and mol: 0.000369072 s
numbers of trajectories: 3125
time trajectory calculation: 0.850221 s
task: 27
worker id: 30545
time create lcl and mol: 0.000351906 s
numbers of trajectories: 3125
time trajectory calculation: 1.20268 s
task: 28
worker id: 29670
time create lcl and mol: 0.000365973 s
numbers of trajectories: 3125
time trajectory calculation: 1.06543 s
task: 29
worker id: 32351
time create lcl and mol: 0.000342131 s
numbers of trajectories: 3125
time trajectory calculation: 1.24065 s
task: 30
worker id: 32759
time create lcl and mol: 0.000363111 s
numbers of trajectories: 3125
time trajectory calculation: 1.05704 s
task: 31
worker id: 31860
time create lcl and mol: 0.000380993 s
numbers of trajectories: 3125
time trajectory calculation: 1.48339 s
CCS time: 5.19247 s
*********************************************************
average value of CCS = 793.142 Ang^2
error value of CCS = 15.0438 Ang^2
Total time: 5.20042 s
Program finished...
*********************************************************
INPUT:: Simulation Parameters 
*********************************************************
target filename                  : 01_1mlt_carga_3_min.xyz
number of probe                  : 10000
number of iterarions             : 10
number of tasks                  : 32
number of threads                : 24
seed number                      : 2104
gas buffer                       : N2
Target Temperature (K)           : 298
timestep (fs)                    : 10
Skin cell size (Ang)             : 0.01
Equipotential                    : no
Cut short-range interaction      : yes
LJ cutoff (Ang)                  : 12
Apply long-range interaction     : yes
Cut long-range interaction       : yes
Coulomb cutoff (Ang)             : 25
Apply induced-dipole interaction : yes
alpha (Ang^3)                    : 1.71
force_type: 6
*********************************************************
Force Field parameters: 
*********************************************************
Symbol  mass (amu)  epislon (kcal/mol)  sigma(Angstroms) 
C   12.011   0.0824736   3.2255
N   14.007   0.0758527   3.5719
H   1.008   0.0362711   1.8986
O   15.999   0.062323   3.075
S   32.06   0.138032   3.4237
P   30.9738   0.145372   3.47
*********************************************************
MOLECULE:: orientation around the inertia principal axis 
*********************************************************
Inertia matrix a.u. Ang^2: 
{  112374  116279  -26361.3  }
{  116279  281882  12310.3  }
{  -26361.3  12310.3  331392  }
Rotation matrix applied to molecule: 
{  0.461441  0.875795  -0.14162  }
{  -0.886782  0.450595  -0.102872  }
{  -0.0262822  0.173055  0.984561  }
Molecule radius: 20.5023 Ang 
orientation time of molecule target: 0.00102711 s
target mass: 2850.52 amu
gas mass: 28.014 amu
reduce mass: 28.014 amu
charge state: 2.9992 e
*********************************************************
Geometric Ellipsoid: 
*********************************************************
maximal distances: 8.06564  8.36757  19.3915  Ang
Initial axis length: 59.1732  59.4752  70.4991  Ang
Ellipsoid axis length: 62.5432  62.8452  73.8691  Ang
ellipsoid calculation time: 3.29018e-05 s
maximal impact parameter: 73.8691 Ang
*********************************************************
Linked-cell: 
Numbers of cells: 1573
Nx: 11 Ny: 11 Nz: 13
Filled cells: 13
Empty cells: 1560
Average atoms per cell: 33.2308
Maximum atoms per cell: 137
Minimum atoms per cell: 2
Simulation box: 
lx: 132.11 Ang
ly: 132.11 Ang
lz: 156.13 Ang
linked-cell calculation time: 0.00160193 s
time info: 3.88622e-05 s
*********************************************************
Trajectory calculations 
*********************************************************
out target time: 4.99331 s
Ntraj: 10000
Nfree: 2022
Nscatter: 7973
Nlost: 5
omega: 825.806
Ntraj: 10000
Nfree: 1945
Nscatter: 8054
Nlost: 1
omega: 800.741
Ntraj: 10000
Nfree: 1865
Nscatter: 8133
Nlost: 2
omega: 763.934
Ntraj: 10000
Nfree: 1962
Nscatter: 8031
Nlost: 7
omega: 831.499
Ntraj: 10000
Nfree: 1924
Nscatter: 8066
Nlost: 10
omega: 821.285
Ntraj: 10000
Nfree: 1953
Nscatter: 8041
Nlost: 6
omega: 837.233
Ntraj: 10000
Nfree: 1916
Nscatter: 8072
Nlost: 12
omega: 709.89
Ntraj: 10000
Nfree: 1982
Nscatter: 8013
Nlost: 5
omega: 737.904
Ntraj: 10000
Nfree: 1950
Nscatter: 8043
Nlost: 7
omega: 745.339
Ntraj: 10000
Nfree: 1838
Nscatter: 8155
Nlost: 7
omega: 857.79
*********************************************************
task: 0
worker id: 30944
time create lcl and mol: 0.000359058 s
numbers of trajectories: 3125
time trajectory calculation: 0.8356 s
task: 1
worker id: 32751
time create lcl and mol: 0.000566959 s
numbers of trajectories: 3125
time trajectory calculation: 0.768848 s
task: 2
worker id: 57674
time create lcl and mol: 0.000352859 s
numbers of trajectories: 3125
time trajectory calculation: 0.323893 s
task: 3
worker id: 32635
time create lcl and mol: 0.000347853 s
numbers of trajectories: 3125
time trajectory calculation: 0.506881 s
task: 4
worker id: 32751
time create lcl and mol: 0.000350952 s
numbers of trajectories: 3125
time trajectory calculation: 1.0292 s
task: 5
worker id: 33155
time create lcl and mol: 0.000354052 s
numbers of trajectories: 3125
time trajectory calculation: 0.772561 s
task: 6
worker id: 33155
time create lcl and mol: 0.000345945 s
numbers of trajectories: 3125
time trajectory calculation: 1.38174 s
task: 7
worker id: 32751
time create lcl and mol: 0.000362873 s
numbers of trajectories: 3125
time trajectory calculation: 0.610936 s
task: 8
worker id: 30944
time create lcl and mol: 0.000344992 s
numbers of trajectories: 3125
time trajectory calculation: 0.79601 s
task: 9
worker id: 30066
time create lcl and mol: 0.000344992 s
numbers of trajectories: 3125
time trajectory calculation: 0.766219 s
task: 10
worker id: 32256
time create lcl and mol: 0.000349045 s
numbers of trajectories: 3125
time trajectory calculation: 1.09372 s
task: 11
worker id: 57674
time create lcl and mol: 0.000364065 s
numbers of trajectories: 3125
time trajectory calculation: 1.26964 s
task: 12
worker id: 30944
time create lcl and mol: 0.000357866 s
numbers of trajectories: 3125
time trajectory calculation: 1.49603 s
task: 13
worker id: 32635
time create lcl and mol: 0.000361204 s
numbers of trajectories: 3125
time trajectory calculation: 1.45384 s
task: 14
worker id: 32256
time create lcl and mol: 0.000340939 s
numbers of trajectories: 3125
time trajectory calculation: 1.64501 s
task: 15
worker id: 33155
time create lcl and mol: 0.000586987 s
numbers of trajectories: 3125
time trajectory calculation: 1.26386 s
task: 16
worker id: 33155
time create lcl and mol: 0.000341892 s
numbers of trajectories: 3125
time trajectory calculation: 1.4315 s
task: 17
worker id: 30944
time create lcl and mol: 0.000353098 s
numbers of trajectories: 3125
time trajectory calculation: 0.940083 s
task: 18
worker id: 57674
time create lcl and mol: 0.000363111 s
numbers of trajectories: 3125
time trajectory calculation: 0.450921 s
task: 19
worker id: 32635
time create lcl and mol: 0.000396967 s
numbers of trajectories: 3125
time trajectory calculation: 1.27767 s
task: 20
worker id: 32751
time create lcl and mol: 0.000361919 s
numbers of trajectories: 3125
time trajectory calculation: 0.917297 s
task: 21
worker id: 32256
time create lcl and mol: 0.000368834 s
numbers of trajectories: 3125
time trajectory calculation: 1.0508 s
task: 22
worker id: 30066
time create lcl and mol: 0.000346899 s
numbers of trajectories: 3125
time trajectory calculation: 1.3743 s
task: 23
worker id: 31195
time create lcl and mol: 0.000603914 s
numbers of trajectories: 3125
time trajectory calculation: 1.62938 s
task: 24
worker id: 32751
time create lcl and mol: 0.000347137 s
numbers of trajectories: 3125
time trajectory calculation: 0.852356 s
task: 25
worker id: 32635
time create lcl and mol: 0.000344992 s
numbers of trajectories: 3125
time trajectory calculation: 1.04925 s
task: 26
worker id: 30944
time create lcl and mol: 0.000340939 s
numbers of trajectories: 3125
time trajectory calculation: 0.805971 s
task: 27
worker id: 30066
time create lcl and mol: 0.000355005 s
numbers of trajectories: 3125
time trajectory calculation: 1.17374 s
task: 28
worker id: 30066
time create lcl and mol: 0.000353098 s
numbers of trajectories: 3125
time trajectory calculation: 1.10503 s
task: 29
worker id: 31195
time create lcl and mol: 0.000340939 s
numbers of trajectories: 3125
time trajectory calculation: 1.30133 s
task: 30
worker id: 31195
time create lcl and mol: 0.000348806 s
numbers of trajectories: 3125
time trajectory calculation: 1.0979 s
task: 31
worker id: 57674
time create lcl and mol: 0.000339031 s
numbers of trajectories: 3125
time trajectory calculation: 1.45048 s
CCS time: 5.0037 s
*********************************************************
average value of CCS = 793.142 Ang^2
error value of CCS = 15.0438 Ang^2
Total time: 5.01144 s
Program finished...
*********************************************************
INPUT:: Simulation Parameters 
*********************************************************
target filename                  : 01_1mlt_carga_3_min.xyz
number of probe                  : 10000
number of iterarions             : 10
number of tasks                  : 32
number of threads                : 24
seed number                      : 2104
gas buffer                       : N2
Target Temperature (K)           : 298
timestep (fs)                    : 10
Skin cell size (Ang)             : 0.01
Equipotential                    : no
Cut short-range interaction      : yes
LJ cutoff (Ang)                  : 12
Apply long-range interaction     : yes
Cut long-range interaction       : yes
Coulomb cutoff (Ang)             : 25
Apply induced-dipole interaction : yes
alpha (Ang^3)                    : 1.71
force_type: 6
*********************************************************
Force Field parameters: 
*********************************************************
Symbol  mass (amu)  epislon (kcal/mol)  sigma(Angstroms) 
C   12.011   0.0824736   3.2255
N   14.007   0.0758527   3.5719
H   1.008   0.0362711   1.8986
O   15.999   0.062323   3.075
S   32.06   0.138032   3.4237
P   30.9738   0.145372   3.47
*********************************************************
MOLECULE:: orientation around the inertia principal axis 
*********************************************************
Inertia matrix a.u. Ang^2: 
{  112374  116279  -26361.3  }
{  116279  281882  12310.3  }
{  -26361.3  12310.3  331392  }
Rotation matrix applied to molecule: 
{  0.461441  0.875795  -0.14162  }
{  -0.886782  0.450595  -0.102872  }
{  -0.0262822  0.173055  0.984561  }
Molecule radius: 20.5023 Ang 
orientation time of molecule target: 0.00105619 s
target mass: 2850.52 amu
gas mass: 28.014 amu
reduce mass: 28.014 amu
charge state: 2.9992 e
*********************************************************
Geometric Ellipsoid: 
*********************************************************
maximal distances: 8.06564  8.36757  19.3915  Ang
Initial axis length: 59.1732  59.4752  70.4991  Ang
Ellipsoid axis length: 62.5432  62.8452  73.8691  Ang
ellipsoid calculation time: 3.31402e-05 s
maximal impact parameter: 73.8691 Ang
*********************************************************
Linked-cell: 
Numbers of cells: 1573
Nx: 11 Ny: 11 Nz: 13
Filled cells: 13
Empty cells: 1560
Average atoms per cell: 33.2308
Maximum atoms per cell: 137
Minimum atoms per cell: 2
Simulation box: 
lx: 132.11 Ang
ly: 132.11 Ang
lz: 156.13 Ang
linked-cell calculation time: 0.00160599 s
time info: 3.91006e-05 s
*********************************************************
Trajectory calculations 
*********************************************************
out target time: 5.07189 s
Ntraj: 10000
Nfree: 2022
Nscatter: 7973
Nlost: 5
omega: 825.806
Ntraj: 10000
Nfree: 1945
Nscatter: 8054
Nlost: 1
omega: 800.741
Ntraj: 10000
Nfree: 1865
Nscatter: 8133
Nlost: 2
omega: 763.934
Ntraj: 10000
Nfree: 1962
Nscatter: 8031
Nlost: 7
omega: 831.499
Ntraj: 10000
Nfree: 1924
Nscatter: 8066
Nlost: 10
omega: 821.285
Ntraj: 10000
Nfree: 1953
Nscatter: 8041
Nlost: 6
omega: 837.233
Ntraj: 10000
Nfree: 1916
Nscatter: 8072
Nlost: 12
omega: 709.89
Ntraj: 10000
Nfree: 1982
Nscatter: 8013
Nlost: 5
omega: 737.904
Ntraj: 10000
Nfree: 1950
Nscatter: 8043
Nlost: 7
omega: 745.339
Ntraj: 10000
Nfree: 1838
Nscatter: 8155
Nlost: 7
omega: 857.79
*********************************************************
task: 0
worker id: 57780
time create lcl and mol: 0.0003438 s
numbers of trajectories: 3125
time trajectory calculation: 0.833658 s
task: 1
worker id: 30158
time create lcl and mol: 0.000341892 s
numbers of trajectories: 3125
time trajectory calculation: 0.804083 s
task: 2
worker id: 32846
time create lcl and mol: 0.000327826 s
numbers of trajectories: 3125
time trajectory calculation: 0.313222 s
task: 3
worker id: 31038
time create lcl and mol: 0.000366926 s
numbers of trajectories: 3125
time trajectory calculation: 0.56194 s
task: 4
worker id: 32729
time create lcl and mol: 0.00053215 s
numbers of trajectories: 3125
time trajectory calculation: 1.04611 s
task: 5
worker id: 32846
time create lcl and mol: 0.000339985 s
numbers of trajectories: 3125
time trajectory calculation: 0.812639 s
task: 6
worker id: 32347
time create lcl and mol: 0.00036788 s
numbers of trajectories: 3125
time trajectory calculation: 1.38369 s
task: 7
worker id: 33247
time create lcl and mol: 0.00031805 s
numbers of trajectories: 3125
time trajectory calculation: 0.640384 s
task: 8
worker id: 32347
time create lcl and mol: 0.000317812 s
numbers of trajectories: 3125
time trajectory calculation: 0.837104 s
task: 9
worker id: 31286
time create lcl and mol: 0.000348806 s
numbers of trajectories: 3125
time trajectory calculation: 0.830643 s
task: 10
worker id: 30158
time create lcl and mol: 0.000328064 s
numbers of trajectories: 3125
time trajectory calculation: 1.08399 s
task: 11
worker id: 33247
time create lcl and mol: 0.000335932 s
numbers of trajectories: 3125
time trajectory calculation: 1.25816 s
task: 12
worker id: 31286
time create lcl and mol: 0.000322104 s
numbers of trajectories: 3125
time trajectory calculation: 1.41742 s
task: 13
worker id: 30158
time create lcl and mol: 0.000358105 s
numbers of trajectories: 3125
time trajectory calculation: 1.43917 s
task: 14
worker id: 31286
time create lcl and mol: 0.000348091 s
numbers of trajectories: 3125
time trajectory calculation: 1.61633 s
task: 15
worker id: 57780
time create lcl and mol: 0.000335932 s
numbers of trajectories: 3125
time trajectory calculation: 1.32959 s
task: 16
worker id: 31038
time create lcl and mol: 0.000337839 s
numbers of trajectories: 3125
time trajectory calculation: 1.43707 s
task: 17
worker id: 33247
time create lcl and mol: 0.00037694 s
numbers of trajectories: 3125
time trajectory calculation: 0.948828 s
task: 18
worker id: 33247
time create lcl and mol: 0.000329971 s
numbers of trajectories: 3125
time trajectory calculation: 0.449184 s
task: 19
worker id: 31038
time create lcl and mol: 0.000359058 s
numbers of trajectories: 3125
time trajectory calculation: 1.31312 s
task: 20
worker id: 57780
time create lcl and mol: 0.000349998 s
numbers of trajectories: 3125
time trajectory calculation: 0.919375 s
task: 21
worker id: 33247
time create lcl and mol: 0.000341177 s
numbers of trajectories: 3125
time trajectory calculation: 1.06603 s
task: 22
worker id: 32846
time create lcl and mol: 0.000338793 s
numbers of trajectories: 3125
time trajectory calculation: 1.40162 s
task: 23
worker id: 31038
time create lcl and mol: 0.000331879 s
numbers of trajectories: 3125
time trajectory calculation: 1.60704 s
task: 24
worker id: 57780
time create lcl and mol: 0.000305891 s
numbers of trajectories: 3125
time trajectory calculation: 0.821769 s
task: 25
worker id: 32347
time create lcl and mol: 0.000313997 s
numbers of trajectories: 3125
time trajectory calculation: 1.06512 s
task: 26
worker id: 30158
time create lcl and mol: 0.000378132 s
numbers of trajectories: 3125
time trajectory calculation: 0.835377 s
task: 27
worker id: 31286
time create lcl and mol: 0.000344992 s
numbers of trajectories: 3125
time trajectory calculation: 1.11846 s
task: 28
worker id: 32729
time create lcl and mol: 0.000322104 s
numbers of trajectories: 3125
time trajectory calculation: 1.14049 s
task: 29
worker id: 32347
time create lcl and mol: 0.000354767 s
numbers of trajectories: 3125
time trajectory calculation: 1.29252 s
task: 30
worker id: 32846
time create lcl and mol: 0.000324965 s
numbers of trajectories: 3125
time trajectory calculation: 1.09623 s
task: 31
worker id: 32729
time create lcl and mol: 0.000349045 s
numbers of trajectories: 3125
time trajectory calculation: 1.47199 s
CCS time: 5.08228 s
*********************************************************
average value of CCS = 793.142 Ang^2
error value of CCS = 15.0438 Ang^2
Total time: 5.09024 s
Program finished...
