*********************************************************
INPUT:: Simulation Parameters 
*********************************************************
target filename                  : 7mft_pH8.xyz
number of probe                  : 10000
number of iterarions             : 10
number of tasks                  : 20
number of threads                : 24
seed number                      : 2104
gas buffer                       : N2
Target Temperature (K)           : 298
timestep (fs)                    : 10
Skin cell size (Ang)             : 0.01
Equipotential                    : no
Cut short-range interaction      : yes
LJ cutoff (Ang)                  : 12
Apply long-range interaction     : yes
Cut long-range interaction       : yes
Coulomb cutoff (Ang)             : 25
Apply induced-dipole interaction : yes
alpha (Ang^3)                    : 1.71
force_type: 6
*********************************************************
Force Field parameters: 
*********************************************************
Symbol  mass (amu)  epislon (kcal/mol)  sigma(Angstroms) 
C   12.011   0.0824736   3.2255
N   14.007   0.0758527   3.5719
H   1.008   0.0362711   1.8986
O   15.999   0.062323   3.075
S   32.06   0.138032   3.4237
P   30.9738   0.145372   3.47
*********************************************************
MOLECULE:: orientation around the inertia principal axis 
*********************************************************
Inertia matrix a.u. Ang^2: 
{  3.51383e+08  4.27042e+06  -4.26747e+07  }
{  4.27042e+06  2.75451e+08  -5.64992e+07  }
{  -4.26747e+07  -5.64992e+07  3.69398e+08  }
Rotation matrix applied to molecule: 
{  0.513266  0.32531  -0.794186  }
{  0.150399  0.876963  0.456417  }
{  0.844948  -0.353708  0.401189  }
Molecule radius: 87.7709 Ang 
orientation time of molecule target: 0.12434 s
target mass: 264620 amu
gas mass: 28.014 amu
reduce mass: 28.014 amu
charge state: -39.0028 e
*********************************************************
Geometric Ellipsoid: 
*********************************************************
maximal distances: 47.8796  73.4924  85.5038  Ang
Initial axis length: 98.9872  124.6  136.611  Ang
Ellipsoid axis length: 101.957  127.57  139.581  Ang
ellipsoid calculation time: 0.000272036 s
maximal impact parameter: 139.581 Ang
*********************************************************
Linked-cell: 
Numbers of cells: 8976
Nx: 17 Ny: 22 Nz: 24
Filled cells: 454
Empty cells: 8522
Average atoms per cell: 81.7863
Maximum atoms per cell: 193
Minimum atoms per cell: 1
Simulation box: 
lx: 204.17 Ang
ly: 264.22 Ang
lz: 288.24 Ang
linked-cell calculation time: 0.0117059 s
time info: 0.00124097 s
*********************************************************
Trajectory calculations 
*********************************************************
out target time: 61.4635 s
Ntraj: 10000
Nfree: 2336
Nscatter: 7663
Nlost: 1
omega: 14613.7
Ntraj: 10000
Nfree: 2313
Nscatter: 7680
Nlost: 7
omega: 14571.9
Ntraj: 10000
Nfree: 2199
Nscatter: 7799
Nlost: 2
omega: 14466.6
Ntraj: 10000
Nfree: 2306
Nscatter: 7692
Nlost: 2
omega: 14061.1
Ntraj: 10000
Nfree: 2282
Nscatter: 7715
Nlost: 3
omega: 14235.1
Ntraj: 10000
Nfree: 2291
Nscatter: 7705
Nlost: 4
omega: 14439.7
Ntraj: 10000
Nfree: 2258
Nscatter: 7740
Nlost: 2
omega: 14140.8
Ntraj: 10000
Nfree: 2301
Nscatter: 7698
Nlost: 1
omega: 14271
Ntraj: 10000
Nfree: 2263
Nscatter: 7737
Nlost: 0
omega: 14130.6
Ntraj: 10000
Nfree: 2204
Nscatter: 7794
Nlost: 2
omega: 14895.9
*********************************************************
task: 0
worker id: 40056
time create lcl and mol: 0.00272679 s
numbers of trajectories: 5000
time trajectory calculation: 23.2119 s
task: 1
worker id: 16654
time create lcl and mol: 0.00281191 s
numbers of trajectories: 5000
time trajectory calculation: 17.1456 s
task: 2
worker id: 23939
time create lcl and mol: 0.00259185 s
numbers of trajectories: 5000
time trajectory calculation: 28.1661 s
task: 3
worker id: 74000
time create lcl and mol: 0.0026679 s
numbers of trajectories: 5000
time trajectory calculation: 22.9693 s
task: 4
worker id: 30452
time create lcl and mol: 0.00272512 s
numbers of trajectories: 5000
time trajectory calculation: 25.5648 s
task: 5
worker id: 77145
time create lcl and mol: 0.00275993 s
numbers of trajectories: 5000
time trajectory calculation: 15.0313 s
task: 6
worker id: 46854
time create lcl and mol: 0.00271082 s
numbers of trajectories: 5000
time trajectory calculation: 24.3358 s
task: 7
worker id: 1935
time create lcl and mol: 0.00277281 s
numbers of trajectories: 5000
time trajectory calculation: 26.7327 s
task: 8
worker id: 40056
time create lcl and mol: 0.00259209 s
numbers of trajectories: 5000
time trajectory calculation: 23.1152 s
task: 9
worker id: 77145
time create lcl and mol: 0.00285292 s
numbers of trajectories: 5000
time trajectory calculation: 24.7029 s
task: 10
worker id: 30452
time create lcl and mol: 0.00264001 s
numbers of trajectories: 5000
time trajectory calculation: 28.8097 s
task: 11
worker id: 46854
time create lcl and mol: 0.00293398 s
numbers of trajectories: 5000
time trajectory calculation: 20.6154 s
task: 12
worker id: 16654
time create lcl and mol: 0.00268698 s
numbers of trajectories: 5000
time trajectory calculation: 26.3902 s
task: 13
worker id: 77145
time create lcl and mol: 0.00286293 s
numbers of trajectories: 5000
time trajectory calculation: 21.5551 s
task: 14
worker id: 23939
time create lcl and mol: 0.00288105 s
numbers of trajectories: 5000
time trajectory calculation: 17.4053 s
task: 15
worker id: 74000
time create lcl and mol: 0.0028348 s
numbers of trajectories: 5000
time trajectory calculation: 22.3378 s
task: 16
worker id: 16654
time create lcl and mol: 0.00270605 s
numbers of trajectories: 5000
time trajectory calculation: 16.3363 s
task: 17
worker id: 40056
time create lcl and mol: 0.00269794 s
numbers of trajectories: 5000
time trajectory calculation: 15.0473 s
task: 18
worker id: 1935
time create lcl and mol: 0.00268006 s
numbers of trajectories: 5000
time trajectory calculation: 14.4398 s
task: 19
worker id: 1935
time create lcl and mol: 0.00274181 s
numbers of trajectories: 5000
time trajectory calculation: 18.6969 s
CCS time: 61.474 s
*********************************************************
average value of CCS = 14382.6 Ang^2
error value of CCS = 78.9045 Ang^2
Total time: 61.6152 s
Program finished...
*********************************************************
INPUT:: Simulation Parameters 
*********************************************************
target filename                  : 7mft_pH8.xyz
number of probe                  : 10000
number of iterarions             : 10
number of tasks                  : 20
number of threads                : 24
seed number                      : 2104
gas buffer                       : N2
Target Temperature (K)           : 298
timestep (fs)                    : 10
Skin cell size (Ang)             : 0.01
Equipotential                    : no
Cut short-range interaction      : yes
LJ cutoff (Ang)                  : 12
Apply long-range interaction     : yes
Cut long-range interaction       : yes
Coulomb cutoff (Ang)             : 25
Apply induced-dipole interaction : yes
alpha (Ang^3)                    : 1.71
force_type: 6
*********************************************************
Force Field parameters: 
*********************************************************
Symbol  mass (amu)  epislon (kcal/mol)  sigma(Angstroms) 
C   12.011   0.0824736   3.2255
N   14.007   0.0758527   3.5719
H   1.008   0.0362711   1.8986
O   15.999   0.062323   3.075
S   32.06   0.138032   3.4237
P   30.9738   0.145372   3.47
*********************************************************
MOLECULE:: orientation around the inertia principal axis 
*********************************************************
Inertia matrix a.u. Ang^2: 
{  3.51383e+08  4.27042e+06  -4.26747e+07  }
{  4.27042e+06  2.75451e+08  -5.64992e+07  }
{  -4.26747e+07  -5.64992e+07  3.69398e+08  }
Rotation matrix applied to molecule: 
{  0.513266  0.32531  -0.794186  }
{  0.150399  0.876963  0.456417  }
{  0.844948  -0.353708  0.401189  }
Molecule radius: 87.7709 Ang 
orientation time of molecule target: 0.040751 s
target mass: 264620 amu
gas mass: 28.014 amu
reduce mass: 28.014 amu
charge state: -39.0028 e
*********************************************************
Geometric Ellipsoid: 
*********************************************************
maximal distances: 47.8796  73.4924  85.5038  Ang
Initial axis length: 98.9872  124.6  136.611  Ang
Ellipsoid axis length: 101.957  127.57  139.581  Ang
ellipsoid calculation time: 0.000282049 s
maximal impact parameter: 139.581 Ang
*********************************************************
Linked-cell: 
Numbers of cells: 8976
Nx: 17 Ny: 22 Nz: 24
Filled cells: 454
Empty cells: 8522
Average atoms per cell: 81.7863
Maximum atoms per cell: 193
Minimum atoms per cell: 1
Simulation box: 
lx: 204.17 Ang
ly: 264.22 Ang
lz: 288.24 Ang
linked-cell calculation time: 0.011622 s
time info: 0.00124288 s
*********************************************************
Trajectory calculations 
*********************************************************
out target time: 60.3976 s
Ntraj: 10000
Nfree: 2336
Nscatter: 7663
Nlost: 1
omega: 14613.7
Ntraj: 10000
Nfree: 2313
Nscatter: 7680
Nlost: 7
omega: 14571.9
Ntraj: 10000
Nfree: 2199
Nscatter: 7799
Nlost: 2
omega: 14466.6
Ntraj: 10000
Nfree: 2306
Nscatter: 7692
Nlost: 2
omega: 14061.1
Ntraj: 10000
Nfree: 2282
Nscatter: 7715
Nlost: 3
omega: 14235.1
Ntraj: 10000
Nfree: 2291
Nscatter: 7705
Nlost: 4
omega: 14439.7
Ntraj: 10000
Nfree: 2258
Nscatter: 7740
Nlost: 2
omega: 14140.8
Ntraj: 10000
Nfree: 2301
Nscatter: 7698
Nlost: 1
omega: 14271
Ntraj: 10000
Nfree: 2263
Nscatter: 7737
Nlost: 0
omega: 14130.6
Ntraj: 10000
Nfree: 2204
Nscatter: 7794
Nlost: 2
omega: 14895.9
*********************************************************
task: 0
worker id: 25959
time create lcl and mol: 0.00278401 s
numbers of trajectories: 5000
time trajectory calculation: 23.597 s
task: 1
worker id: 4121
time create lcl and mol: 0.00268388 s
numbers of trajectories: 5000
time trajectory calculation: 17.6325 s
task: 2
worker id: 18687
time create lcl and mol: 0.00286794 s
numbers of trajectories: 5000
time trajectory calculation: 27.9349 s
task: 3
worker id: 48875
time create lcl and mol: 0.00296807 s
numbers of trajectories: 5000
time trajectory calculation: 23.3315 s
task: 4
worker id: 32474
time create lcl and mol: 0.0026269 s
numbers of trajectories: 5000
time trajectory calculation: 25.4562 s
task: 5
worker id: 42089
time create lcl and mol: 0.00281501 s
numbers of trajectories: 5000
time trajectory calculation: 15.0572 s
task: 6
worker id: 76032
time create lcl and mol: 0.00275922 s
numbers of trajectories: 5000
time trajectory calculation: 24.059 s
task: 7
worker id: 79169
time create lcl and mol: 0.0028379 s
numbers of trajectories: 5000
time trajectory calculation: 26.2722 s
task: 8
worker id: 4121
time create lcl and mol: 0.00264597 s
numbers of trajectories: 5000
time trajectory calculation: 22.5144 s
task: 9
worker id: 79169
time create lcl and mol: 0.00261998 s
numbers of trajectories: 5000
time trajectory calculation: 24.3849 s
task: 10
worker id: 18687
time create lcl and mol: 0.00268698 s
numbers of trajectories: 5000
time trajectory calculation: 28.8545 s
task: 11
worker id: 4121
time create lcl and mol: 0.00276303 s
numbers of trajectories: 5000
time trajectory calculation: 20.1473 s
task: 12
worker id: 25959
time create lcl and mol: 0.00332594 s
numbers of trajectories: 5000
time trajectory calculation: 26.868 s
task: 13
worker id: 76032
time create lcl and mol: 0.00269389 s
numbers of trajectories: 5000
time trajectory calculation: 21.9702 s
task: 14
worker id: 48875
time create lcl and mol: 0.00274301 s
numbers of trajectories: 5000
time trajectory calculation: 17.5571 s
task: 15
worker id: 42089
time create lcl and mol: 0.00287104 s
numbers of trajectories: 5000
time trajectory calculation: 22.4999 s
task: 16
worker id: 42089
time create lcl and mol: 0.00263095 s
numbers of trajectories: 5000
time trajectory calculation: 15.9926 s
task: 17
worker id: 32474
time create lcl and mol: 0.00279808 s
numbers of trajectories: 5000
time trajectory calculation: 14.8602 s
task: 18
worker id: 48875
time create lcl and mol: 0.00271177 s
numbers of trajectories: 5000
time trajectory calculation: 14.4703 s
task: 19
worker id: 32474
time create lcl and mol: 0.00274801 s
numbers of trajectories: 5000
time trajectory calculation: 18.7552 s
CCS time: 60.4081 s
*********************************************************
average value of CCS = 14382.6 Ang^2
error value of CCS = 78.9045 Ang^2
Total time: 60.4659 s
Program finished...
*********************************************************
INPUT:: Simulation Parameters 
*********************************************************
target filename                  : 7mft_pH8.xyz
number of probe                  : 10000
number of iterarions             : 10
number of tasks                  : 20
number of threads                : 24
seed number                      : 2104
gas buffer                       : N2
Target Temperature (K)           : 298
timestep (fs)                    : 10
Skin cell size (Ang)             : 0.01
Equipotential                    : no
Cut short-range interaction      : yes
LJ cutoff (Ang)                  : 12
Apply long-range interaction     : yes
Cut long-range interaction       : yes
Coulomb cutoff (Ang)             : 25
Apply induced-dipole interaction : yes
alpha (Ang^3)                    : 1.71
force_type: 6
*********************************************************
Force Field parameters: 
*********************************************************
Symbol  mass (amu)  epislon (kcal/mol)  sigma(Angstroms) 
C   12.011   0.0824736   3.2255
N   14.007   0.0758527   3.5719
H   1.008   0.0362711   1.8986
O   15.999   0.062323   3.075
S   32.06   0.138032   3.4237
P   30.9738   0.145372   3.47
*********************************************************
MOLECULE:: orientation around the inertia principal axis 
*********************************************************
Inertia matrix a.u. Ang^2: 
{  3.51383e+08  4.27042e+06  -4.26747e+07  }
{  4.27042e+06  2.75451e+08  -5.64992e+07  }
{  -4.26747e+07  -5.64992e+07  3.69398e+08  }
Rotation matrix applied to molecule: 
{  0.513266  0.32531  -0.794186  }
{  0.150399  0.876963  0.456417  }
{  0.844948  -0.353708  0.401189  }
Molecule radius: 87.7709 Ang 
orientation time of molecule target: 0.0410061 s
target mass: 264620 amu
gas mass: 28.014 amu
reduce mass: 28.014 amu
charge state: -39.0028 e
*********************************************************
Geometric Ellipsoid: 
*********************************************************
maximal distances: 47.8796  73.4924  85.5038  Ang
Initial axis length: 98.9872  124.6  136.611  Ang
Ellipsoid axis length: 101.957  127.57  139.581  Ang
ellipsoid calculation time: 0.000285864 s
maximal impact parameter: 139.581 Ang
*********************************************************
Linked-cell: 
Numbers of cells: 8976
Nx: 17 Ny: 22 Nz: 24
Filled cells: 454
Empty cells: 8522
Average atoms per cell: 81.7863
Maximum atoms per cell: 193
Minimum atoms per cell: 1
Simulation box: 
lx: 204.17 Ang
ly: 264.22 Ang
lz: 288.24 Ang
linked-cell calculation time: 0.0117269 s
time info: 0.00121093 s
*********************************************************
Trajectory calculations 
*********************************************************
out target time: 64.9392 s
Ntraj: 10000
Nfree: 2336
Nscatter: 7663
Nlost: 1
omega: 14613.7
Ntraj: 10000
Nfree: 2313
Nscatter: 7680
Nlost: 7
omega: 14571.9
Ntraj: 10000
Nfree: 2199
Nscatter: 7799
Nlost: 2
omega: 14466.6
Ntraj: 10000
Nfree: 2306
Nscatter: 7692
Nlost: 2
omega: 14061.1
Ntraj: 10000
Nfree: 2282
Nscatter: 7715
Nlost: 3
omega: 14235.1
Ntraj: 10000
Nfree: 2291
Nscatter: 7705
Nlost: 4
omega: 14439.7
Ntraj: 10000
Nfree: 2258
Nscatter: 7740
Nlost: 2
omega: 14140.8
Ntraj: 10000
Nfree: 2301
Nscatter: 7698
Nlost: 1
omega: 14271
Ntraj: 10000
Nfree: 2263
Nscatter: 7737
Nlost: 0
omega: 14130.6
Ntraj: 10000
Nfree: 2204
Nscatter: 7794
Nlost: 2
omega: 14895.9
*********************************************************
task: 0
worker id: 81166
time create lcl and mol: 0.00279307 s
numbers of trajectories: 5000
time trajectory calculation: 22.9099 s
task: 1
worker id: 20690
time create lcl and mol: 0.00276709 s
numbers of trajectories: 5000
time trajectory calculation: 16.9549 s
task: 2
worker id: 81166
time create lcl and mol: 0.002738 s
numbers of trajectories: 5000
time trajectory calculation: 27.9156 s
task: 3
worker id: 78019
time create lcl and mol: 0.00261903 s
numbers of trajectories: 5000
time trajectory calculation: 22.8165 s
task: 4
worker id: 44081
time create lcl and mol: 0.00273299 s
numbers of trajectories: 5000
time trajectory calculation: 25.5273 s
task: 5
worker id: 50863
time create lcl and mol: 0.00261903 s
numbers of trajectories: 5000
time trajectory calculation: 14.8871 s
task: 6
worker id: 20690
time create lcl and mol: 0.002738 s
numbers of trajectories: 5000
time trajectory calculation: 24.2822 s
task: 7
worker id: 6111
time create lcl and mol: 0.00272512 s
numbers of trajectories: 5000
time trajectory calculation: 26.0829 s
task: 8
worker id: 27953
time create lcl and mol: 0.00279093 s
numbers of trajectories: 5000
time trajectory calculation: 22.8877 s
task: 9
worker id: 20690
time create lcl and mol: 0.00269604 s
numbers of trajectories: 5000
time trajectory calculation: 23.6221 s
task: 10
worker id: 50863
time create lcl and mol: 0.00277805 s
numbers of trajectories: 5000
time trajectory calculation: 28.853 s
task: 11
worker id: 78019
time create lcl and mol: 0.00260282 s
numbers of trajectories: 5000
time trajectory calculation: 20.3276 s
task: 12
worker id: 34466
time create lcl and mol: 0.00267911 s
numbers of trajectories: 5000
time trajectory calculation: 26.6478 s
task: 13
worker id: 44081
time create lcl and mol: 0.00268483 s
numbers of trajectories: 5000
time trajectory calculation: 21.6099 s
task: 14
worker id: 27953
time create lcl and mol: 0.00276208 s
numbers of trajectories: 5000
time trajectory calculation: 17.3333 s
task: 15
worker id: 27953
time create lcl and mol: 0.00275898 s
numbers of trajectories: 5000
time trajectory calculation: 22.8646 s
task: 16
worker id: 44081
time create lcl and mol: 0.00281501 s
numbers of trajectories: 5000
time trajectory calculation: 16.0769 s
task: 17
worker id: 6111
time create lcl and mol: 0.00287294 s
numbers of trajectories: 5000
time trajectory calculation: 15.313 s
task: 18
worker id: 34466
time create lcl and mol: 0.0027349 s
numbers of trajectories: 5000
time trajectory calculation: 14.3711 s
task: 19
worker id: 34466
time create lcl and mol: 0.00255895 s
numbers of trajectories: 5000
time trajectory calculation: 18.2304 s
CCS time: 64.9496 s
*********************************************************
average value of CCS = 14382.6 Ang^2
error value of CCS = 78.9045 Ang^2
Total time: 65.0083 s
Program finished...
*********************************************************
INPUT:: Simulation Parameters 
*********************************************************
target filename                  : 7mft_pH8.xyz
number of probe                  : 10000
number of iterarions             : 10
number of tasks                  : 20
number of threads                : 24
seed number                      : 2104
gas buffer                       : N2
Target Temperature (K)           : 298
timestep (fs)                    : 10
Skin cell size (Ang)             : 0.01
Equipotential                    : no
Cut short-range interaction      : yes
LJ cutoff (Ang)                  : 12
Apply long-range interaction     : yes
Cut long-range interaction       : yes
Coulomb cutoff (Ang)             : 25
Apply induced-dipole interaction : yes
alpha (Ang^3)                    : 1.71
force_type: 6
*********************************************************
Force Field parameters: 
*********************************************************
Symbol  mass (amu)  epislon (kcal/mol)  sigma(Angstroms) 
C   12.011   0.0824736   3.2255
N   14.007   0.0758527   3.5719
H   1.008   0.0362711   1.8986
O   15.999   0.062323   3.075
S   32.06   0.138032   3.4237
P   30.9738   0.145372   3.47
*********************************************************
MOLECULE:: orientation around the inertia principal axis 
*********************************************************
Inertia matrix a.u. Ang^2: 
{  3.51383e+08  4.27042e+06  -4.26747e+07  }
{  4.27042e+06  2.75451e+08  -5.64992e+07  }
{  -4.26747e+07  -5.64992e+07  3.69398e+08  }
Rotation matrix applied to molecule: 
{  0.513266  0.32531  -0.794186  }
{  0.150399  0.876963  0.456417  }
{  0.844948  -0.353708  0.401189  }
Molecule radius: 87.7709 Ang 
orientation time of molecule target: 0.0405829 s
target mass: 264620 amu
gas mass: 28.014 amu
reduce mass: 28.014 amu
charge state: -39.0028 e
*********************************************************
Geometric Ellipsoid: 
*********************************************************
maximal distances: 47.8796  73.4924  85.5038  Ang
Initial axis length: 98.9872  124.6  136.611  Ang
Ellipsoid axis length: 101.957  127.57  139.581  Ang
ellipsoid calculation time: 0.000275135 s
maximal impact parameter: 139.581 Ang
*********************************************************
Linked-cell: 
Numbers of cells: 8976
Nx: 17 Ny: 22 Nz: 24
Filled cells: 454
Empty cells: 8522
Average atoms per cell: 81.7863
Maximum atoms per cell: 193
Minimum atoms per cell: 1
Simulation box: 
lx: 204.17 Ang
ly: 264.22 Ang
lz: 288.24 Ang
linked-cell calculation time: 0.011626 s
time info: 0.00123715 s
*********************************************************
Trajectory calculations 
*********************************************************
out target time: 69.4292 s
Ntraj: 10000
Nfree: 2336
Nscatter: 7663
Nlost: 1
omega: 14613.7
Ntraj: 10000
Nfree: 2313
Nscatter: 7680
Nlost: 7
omega: 14571.9
Ntraj: 10000
Nfree: 2199
Nscatter: 7799
Nlost: 2
omega: 14466.6
Ntraj: 10000
Nfree: 2306
Nscatter: 7692
Nlost: 2
omega: 14061.1
Ntraj: 10000
Nfree: 2282
Nscatter: 7715
Nlost: 3
omega: 14235.1
Ntraj: 10000
Nfree: 2291
Nscatter: 7705
Nlost: 4
omega: 14439.7
Ntraj: 10000
Nfree: 2258
Nscatter: 7740
Nlost: 2
omega: 14140.8
Ntraj: 10000
Nfree: 2301
Nscatter: 7698
Nlost: 1
omega: 14271
Ntraj: 10000
Nfree: 2263
Nscatter: 7737
Nlost: 0
omega: 14130.6
Ntraj: 10000
Nfree: 2204
Nscatter: 7794
Nlost: 2
omega: 14895.9
*********************************************************
task: 0
worker id: 23006
time create lcl and mol: 0.00275803 s
numbers of trajectories: 5000
time trajectory calculation: 23.3824 s
task: 1
worker id: 83459
time create lcl and mol: 0.00291204 s
numbers of trajectories: 5000
time trajectory calculation: 17.3989 s
task: 2
worker id: 46375
time create lcl and mol: 0.00275683 s
numbers of trajectories: 5000
time trajectory calculation: 27.7636 s
task: 3
worker id: 53161
time create lcl and mol: 0.002707 s
numbers of trajectories: 5000
time trajectory calculation: 22.5066 s
task: 4
worker id: 8415
time create lcl and mol: 0.00303197 s
numbers of trajectories: 5000
time trajectory calculation: 25.4817 s
task: 5
worker id: 30267
time create lcl and mol: 0.00272799 s
numbers of trajectories: 5000
time trajectory calculation: 15.0688 s
task: 6
worker id: 80319
time create lcl and mol: 0.00281787 s
numbers of trajectories: 5000
time trajectory calculation: 23.6908 s
task: 7
worker id: 36765
time create lcl and mol: 0.00280094 s
numbers of trajectories: 5000
time trajectory calculation: 26.6955 s
task: 8
worker id: 80319
time create lcl and mol: 0.00276899 s
numbers of trajectories: 5000
time trajectory calculation: 23.2199 s
task: 9
worker id: 83459
time create lcl and mol: 0.00282502 s
numbers of trajectories: 5000
time trajectory calculation: 23.488 s
task: 10
worker id: 36765
time create lcl and mol: 0.0027492 s
numbers of trajectories: 5000
time trajectory calculation: 28.2529 s
task: 11
worker id: 23006
time create lcl and mol: 0.00280499 s
numbers of trajectories: 5000
time trajectory calculation: 20.6804 s
task: 12
worker id: 53161
time create lcl and mol: 0.002877 s
numbers of trajectories: 5000
time trajectory calculation: 26.7097 s
task: 13
worker id: 8415
time create lcl and mol: 0.00266695 s
numbers of trajectories: 5000
time trajectory calculation: 22.0259 s
task: 14
worker id: 46375
time create lcl and mol: 0.00270891 s
numbers of trajectories: 5000
time trajectory calculation: 17.5716 s
task: 15
worker id: 83459
time create lcl and mol: 0.00278211 s
numbers of trajectories: 5000
time trajectory calculation: 22.6849 s
task: 16
worker id: 30267
time create lcl and mol: 0.00264788 s
numbers of trajectories: 5000
time trajectory calculation: 16.3818 s
task: 17
worker id: 23006
time create lcl and mol: 0.00278997 s
numbers of trajectories: 5000
time trajectory calculation: 14.9837 s
task: 18
worker id: 36765
time create lcl and mol: 0.00271416 s
numbers of trajectories: 5000
time trajectory calculation: 14.3826 s
task: 19
worker id: 30267
time create lcl and mol: 0.00286889 s
numbers of trajectories: 5000
time trajectory calculation: 18.7908 s
CCS time: 69.4397 s
*********************************************************
average value of CCS = 14382.6 Ang^2
error value of CCS = 78.9045 Ang^2
Total time: 69.4971 s
Program finished...
*********************************************************
INPUT:: Simulation Parameters 
*********************************************************
target filename                  : 7mft_pH8.xyz
number of probe                  : 10000
number of iterarions             : 10
number of tasks                  : 20
number of threads                : 24
seed number                      : 2104
gas buffer                       : N2
Target Temperature (K)           : 298
timestep (fs)                    : 10
Skin cell size (Ang)             : 0.01
Equipotential                    : no
Cut short-range interaction      : yes
LJ cutoff (Ang)                  : 12
Apply long-range interaction     : yes
Cut long-range interaction       : yes
Coulomb cutoff (Ang)             : 25
Apply induced-dipole interaction : yes
alpha (Ang^3)                    : 1.71
force_type: 6
*********************************************************
Force Field parameters: 
*********************************************************
Symbol  mass (amu)  epislon (kcal/mol)  sigma(Angstroms) 
C   12.011   0.0824736   3.2255
N   14.007   0.0758527   3.5719
H   1.008   0.0362711   1.8986
O   15.999   0.062323   3.075
S   32.06   0.138032   3.4237
P   30.9738   0.145372   3.47
*********************************************************
MOLECULE:: orientation around the inertia principal axis 
*********************************************************
Inertia matrix a.u. Ang^2: 
{  3.51383e+08  4.27042e+06  -4.26747e+07  }
{  4.27042e+06  2.75451e+08  -5.64992e+07  }
{  -4.26747e+07  -5.64992e+07  3.69398e+08  }
Rotation matrix applied to molecule: 
{  0.513266  0.32531  -0.794186  }
{  0.150399  0.876963  0.456417  }
{  0.844948  -0.353708  0.401189  }
Molecule radius: 87.7709 Ang 
orientation time of molecule target: 0.041122 s
target mass: 264620 amu
gas mass: 28.014 amu
reduce mass: 28.014 amu
charge state: -39.0028 e
*********************************************************
Geometric Ellipsoid: 
*********************************************************
maximal distances: 47.8796  73.4924  85.5038  Ang
Initial axis length: 98.9872  124.6  136.611  Ang
Ellipsoid axis length: 101.957  127.57  139.581  Ang
ellipsoid calculation time: 0.000281096 s
maximal impact parameter: 139.581 Ang
*********************************************************
Linked-cell: 
Numbers of cells: 8976
Nx: 17 Ny: 22 Nz: 24
Filled cells: 454
Empty cells: 8522
Average atoms per cell: 81.7863
Maximum atoms per cell: 193
Minimum atoms per cell: 1
Simulation box: 
lx: 204.17 Ang
ly: 264.22 Ang
lz: 288.24 Ang
linked-cell calculation time: 0.011688 s
time info: 0.00120902 s
*********************************************************
Trajectory calculations 
*********************************************************
out target time: 64.3263 s
Ntraj: 10000
Nfree: 2336
Nscatter: 7663
Nlost: 1
omega: 14613.7
Ntraj: 10000
Nfree: 2313
Nscatter: 7680
Nlost: 7
omega: 14571.9
Ntraj: 10000
Nfree: 2199
Nscatter: 7799
Nlost: 2
omega: 14466.6
Ntraj: 10000
Nfree: 2306
Nscatter: 7692
Nlost: 2
omega: 14061.1
Ntraj: 10000
Nfree: 2282
Nscatter: 7715
Nlost: 3
omega: 14235.1
Ntraj: 10000
Nfree: 2291
Nscatter: 7705
Nlost: 4
omega: 14439.7
Ntraj: 10000
Nfree: 2258
Nscatter: 7740
Nlost: 2
omega: 14140.8
Ntraj: 10000
Nfree: 2301
Nscatter: 7698
Nlost: 1
omega: 14271
Ntraj: 10000
Nfree: 2263
Nscatter: 7737
Nlost: 0
omega: 14130.6
Ntraj: 10000
Nfree: 2204
Nscatter: 7794
Nlost: 2
omega: 14895.9
*********************************************************
task: 0
worker id: 39104
time create lcl and mol: 0.00255013 s
numbers of trajectories: 5000
time trajectory calculation: 22.9968 s
task: 1
worker id: 32601
time create lcl and mol: 0.00257301 s
numbers of trajectories: 5000
time trajectory calculation: 17.6405 s
task: 2
worker id: 55496
time create lcl and mol: 0.00257587 s
numbers of trajectories: 5000
time trajectory calculation: 27.8998 s
task: 3
worker id: 85823
time create lcl and mol: 0.00271893 s
numbers of trajectories: 5000
time trajectory calculation: 23.2174 s
task: 4
worker id: 82659
time create lcl and mol: 0.00268483 s
numbers of trajectories: 5000
time trajectory calculation: 25.263 s
task: 5
worker id: 48713
time create lcl and mol: 0.00284481 s
numbers of trajectories: 5000
time trajectory calculation: 15.0348 s
task: 6
worker id: 10762
time create lcl and mol: 0.00274992 s
numbers of trajectories: 5000
time trajectory calculation: 24.4845 s
task: 7
worker id: 25361
time create lcl and mol: 0.00267315 s
numbers of trajectories: 5000
time trajectory calculation: 26.7871 s
task: 8
worker id: 10762
time create lcl and mol: 0.00277019 s
numbers of trajectories: 5000
time trajectory calculation: 22.7462 s
task: 9
worker id: 39104
time create lcl and mol: 0.00256896 s
numbers of trajectories: 5000
time trajectory calculation: 23.9151 s
task: 10
worker id: 85823
time create lcl and mol: 0.002635 s
numbers of trajectories: 5000
time trajectory calculation: 28.7304 s
task: 11
worker id: 55496
time create lcl and mol: 0.00289607 s
numbers of trajectories: 5000
time trajectory calculation: 20.5808 s
task: 12
worker id: 48713
time create lcl and mol: 0.00286818 s
numbers of trajectories: 5000
time trajectory calculation: 26.7147 s
task: 13
worker id: 32601
time create lcl and mol: 0.00293684 s
numbers of trajectories: 5000
time trajectory calculation: 21.3688 s
task: 14
worker id: 39104
time create lcl and mol: 0.0026381 s
numbers of trajectories: 5000
time trajectory calculation: 17.3289 s
task: 15
worker id: 25361
time create lcl and mol: 0.00269794 s
numbers of trajectories: 5000
time trajectory calculation: 22.5392 s
task: 16
worker id: 32601
time create lcl and mol: 0.00255799 s
numbers of trajectories: 5000
time trajectory calculation: 15.9667 s
task: 17
worker id: 48713
time create lcl and mol: 0.00260305 s
numbers of trajectories: 5000
time trajectory calculation: 15.3278 s
task: 18
worker id: 82659
time create lcl and mol: 0.00258088 s
numbers of trajectories: 5000
time trajectory calculation: 13.7951 s
task: 19
worker id: 82659
time create lcl and mol: 0.0026691 s
numbers of trajectories: 5000
time trajectory calculation: 18.7775 s
CCS time: 64.3367 s
*********************************************************
average value of CCS = 14382.6 Ang^2
error value of CCS = 78.9045 Ang^2
Total time: 64.3949 s
Program finished...
*********************************************************
INPUT:: Simulation Parameters 
*********************************************************
target filename                  : 7mft_pH8.xyz
number of probe                  : 10000
number of iterarions             : 10
number of tasks                  : 20
number of threads                : 24
seed number                      : 2104
gas buffer                       : N2
Target Temperature (K)           : 298
timestep (fs)                    : 10
Skin cell size (Ang)             : 0.01
Equipotential                    : no
Cut short-range interaction      : yes
LJ cutoff (Ang)                  : 12
Apply long-range interaction     : yes
Cut long-range interaction       : yes
Coulomb cutoff (Ang)             : 25
Apply induced-dipole interaction : yes
alpha (Ang^3)                    : 1.71
force_type: 6
*********************************************************
Force Field parameters: 
*********************************************************
Symbol  mass (amu)  epislon (kcal/mol)  sigma(Angstroms) 
C   12.011   0.0824736   3.2255
N   14.007   0.0758527   3.5719
H   1.008   0.0362711   1.8986
O   15.999   0.062323   3.075
S   32.06   0.138032   3.4237
P   30.9738   0.145372   3.47
*********************************************************
MOLECULE:: orientation around the inertia principal axis 
*********************************************************
Inertia matrix a.u. Ang^2: 
{  3.51383e+08  4.27042e+06  -4.26747e+07  }
{  4.27042e+06  2.75451e+08  -5.64992e+07  }
{  -4.26747e+07  -5.64992e+07  3.69398e+08  }
Rotation matrix applied to molecule: 
{  0.513266  0.32531  -0.794186  }
{  0.150399  0.876963  0.456417  }
{  0.844948  -0.353708  0.401189  }
Molecule radius: 87.7709 Ang 
orientation time of molecule target: 0.101581 s
target mass: 264620 amu
gas mass: 28.014 amu
reduce mass: 28.014 amu
charge state: -39.0028 e
*********************************************************
Geometric Ellipsoid: 
*********************************************************
maximal distances: 47.8796  73.4924  85.5038  Ang
Initial axis length: 98.9872  124.6  136.611  Ang
Ellipsoid axis length: 101.957  127.57  139.581  Ang
ellipsoid calculation time: 0.000280142 s
maximal impact parameter: 139.581 Ang
*********************************************************
Linked-cell: 
Numbers of cells: 8976
Nx: 17 Ny: 22 Nz: 24
Filled cells: 454
Empty cells: 8522
Average atoms per cell: 81.7863
Maximum atoms per cell: 193
Minimum atoms per cell: 1
Simulation box: 
lx: 204.17 Ang
ly: 264.22 Ang
lz: 288.24 Ang
linked-cell calculation time: 0.011615 s
time info: 0.00118709 s
*********************************************************
Trajectory calculations 
*********************************************************
out target time: 62.9245 s
Ntraj: 10000
Nfree: 2336
Nscatter: 7663
Nlost: 1
omega: 14613.7
Ntraj: 10000
Nfree: 2313
Nscatter: 7680
Nlost: 7
omega: 14571.9
Ntraj: 10000
Nfree: 2199
Nscatter: 7799
Nlost: 2
omega: 14466.6
Ntraj: 10000
Nfree: 2306
Nscatter: 7692
Nlost: 2
omega: 14061.1
Ntraj: 10000
Nfree: 2282
Nscatter: 7715
Nlost: 3
omega: 14235.1
Ntraj: 10000
Nfree: 2291
Nscatter: 7705
Nlost: 4
omega: 14439.7
Ntraj: 10000
Nfree: 2258
Nscatter: 7740
Nlost: 2
omega: 14140.8
Ntraj: 10000
Nfree: 2301
Nscatter: 7698
Nlost: 1
omega: 14271
Ntraj: 10000
Nfree: 2263
Nscatter: 7737
Nlost: 0
omega: 14130.6
Ntraj: 10000
Nfree: 2204
Nscatter: 7794
Nlost: 2
omega: 14895.9
*********************************************************
task: 0
worker id: 91959
time create lcl and mol: 0.00279999 s
numbers of trajectories: 5000
time trajectory calculation: 22.3497 s
task: 1
worker id: 79603
time create lcl and mol: 0.00294399 s
numbers of trajectories: 5000
time trajectory calculation: 17.3313 s
task: 2
worker id: 78817
time create lcl and mol: 0.00271797 s
numbers of trajectories: 5000
time trajectory calculation: 27.5098 s
task: 3
worker id: 78364
time create lcl and mol: 0.002702 s
numbers of trajectories: 5000
time trajectory calculation: 23.4513 s
task: 4
worker id: 79099
time create lcl and mol: 0.00282598 s
numbers of trajectories: 5000
time trajectory calculation: 24.7248 s
task: 5
worker id: 78691
time create lcl and mol: 0.00273395 s
numbers of trajectories: 5000
time trajectory calculation: 14.9575 s
task: 6
worker id: 77597
time create lcl and mol: 0.00286007 s
numbers of trajectories: 5000
time trajectory calculation: 23.9332 s
task: 7
worker id: 79230
time create lcl and mol: 0.00266504 s
numbers of trajectories: 5000
time trajectory calculation: 26.1407 s
task: 8
worker id: 78817
time create lcl and mol: 0.00276303 s
numbers of trajectories: 5000
time trajectory calculation: 22.4103 s
task: 9
worker id: 91959
time create lcl and mol: 0.00247502 s
numbers of trajectories: 5000
time trajectory calculation: 23.9741 s
task: 10
worker id: 79099
time create lcl and mol: 0.00267196 s
numbers of trajectories: 5000
time trajectory calculation: 28.6741 s
task: 11
worker id: 77597
time create lcl and mol: 0.00274897 s
numbers of trajectories: 5000
time trajectory calculation: 20.14 s
task: 12
worker id: 78364
time create lcl and mol: 0.00268292 s
numbers of trajectories: 5000
time trajectory calculation: 26.4846 s
task: 13
worker id: 79603
time create lcl and mol: 0.00264907 s
numbers of trajectories: 5000
time trajectory calculation: 22.1327 s
task: 14
worker id: 78691
time create lcl and mol: 0.0028379 s
numbers of trajectories: 5000
time trajectory calculation: 17.5544 s
task: 15
worker id: 79603
time create lcl and mol: 0.00270891 s
numbers of trajectories: 5000
time trajectory calculation: 22.4538 s
task: 16
worker id: 91959
time create lcl and mol: 0.00292683 s
numbers of trajectories: 5000
time trajectory calculation: 16.5036 s
task: 17
worker id: 77597
time create lcl and mol: 0.00276518 s
numbers of trajectories: 5000
time trajectory calculation: 15.2271 s
task: 18
worker id: 79230
time create lcl and mol: 0.00276303 s
numbers of trajectories: 5000
time trajectory calculation: 14.0844 s
task: 19
worker id: 78691
time create lcl and mol: 0.00274801 s
numbers of trajectories: 5000
time trajectory calculation: 18.6146 s
CCS time: 62.9348 s
*********************************************************
average value of CCS = 14382.6 Ang^2
error value of CCS = 78.9045 Ang^2
Total time: 63.0527 s
Program finished...
*********************************************************
INPUT:: Simulation Parameters 
*********************************************************
target filename                  : 7mft_pH8.xyz
number of probe                  : 10000
number of iterarions             : 10
number of tasks                  : 20
number of threads                : 24
seed number                      : 2104
gas buffer                       : N2
Target Temperature (K)           : 298
timestep (fs)                    : 10
Skin cell size (Ang)             : 0.01
Equipotential                    : no
Cut short-range interaction      : yes
LJ cutoff (Ang)                  : 12
Apply long-range interaction     : yes
Cut long-range interaction       : yes
Coulomb cutoff (Ang)             : 25
Apply induced-dipole interaction : yes
alpha (Ang^3)                    : 1.71
force_type: 6
*********************************************************
Force Field parameters: 
*********************************************************
Symbol  mass (amu)  epislon (kcal/mol)  sigma(Angstroms) 
C   12.011   0.0824736   3.2255
N   14.007   0.0758527   3.5719
H   1.008   0.0362711   1.8986
O   15.999   0.062323   3.075
S   32.06   0.138032   3.4237
P   30.9738   0.145372   3.47
*********************************************************
MOLECULE:: orientation around the inertia principal axis 
*********************************************************
Inertia matrix a.u. Ang^2: 
{  3.51383e+08  4.27042e+06  -4.26747e+07  }
{  4.27042e+06  2.75451e+08  -5.64992e+07  }
{  -4.26747e+07  -5.64992e+07  3.69398e+08  }
Rotation matrix applied to molecule: 
{  0.513266  0.32531  -0.794186  }
{  0.150399  0.876963  0.456417  }
{  0.844948  -0.353708  0.401189  }
Molecule radius: 87.7709 Ang 
orientation time of molecule target: 0.040668 s
target mass: 264620 amu
gas mass: 28.014 amu
reduce mass: 28.014 amu
charge state: -39.0028 e
*********************************************************
Geometric Ellipsoid: 
*********************************************************
maximal distances: 47.8796  73.4924  85.5038  Ang
Initial axis length: 98.9872  124.6  136.611  Ang
Ellipsoid axis length: 101.957  127.57  139.581  Ang
ellipsoid calculation time: 0.000272036 s
maximal impact parameter: 139.581 Ang
*********************************************************
Linked-cell: 
Numbers of cells: 8976
Nx: 17 Ny: 22 Nz: 24
Filled cells: 454
Empty cells: 8522
Average atoms per cell: 81.7863
Maximum atoms per cell: 193
Minimum atoms per cell: 1
Simulation box: 
lx: 204.17 Ang
ly: 264.22 Ang
lz: 288.24 Ang
linked-cell calculation time: 0.0117068 s
time info: 0.00122404 s
*********************************************************
Trajectory calculations 
*********************************************************
out target time: 68.6855 s
Ntraj: 10000
Nfree: 2336
Nscatter: 7663
Nlost: 1
omega: 14613.7
Ntraj: 10000
Nfree: 2313
Nscatter: 7680
Nlost: 7
omega: 14571.9
Ntraj: 10000
Nfree: 2199
Nscatter: 7799
Nlost: 2
omega: 14466.6
Ntraj: 10000
Nfree: 2306
Nscatter: 7692
Nlost: 2
omega: 14061.1
Ntraj: 10000
Nfree: 2282
Nscatter: 7715
Nlost: 3
omega: 14235.1
Ntraj: 10000
Nfree: 2291
Nscatter: 7705
Nlost: 4
omega: 14439.7
Ntraj: 10000
Nfree: 2258
Nscatter: 7740
Nlost: 2
omega: 14140.8
Ntraj: 10000
Nfree: 2301
Nscatter: 7698
Nlost: 1
omega: 14271
Ntraj: 10000
Nfree: 2263
Nscatter: 7737
Nlost: 0
omega: 14130.6
Ntraj: 10000
Nfree: 2204
Nscatter: 7794
Nlost: 2
omega: 14895.9
*********************************************************
task: 0
worker id: 94005
time create lcl and mol: 0.00276899 s
numbers of trajectories: 5000
time trajectory calculation: 22.5564 s
task: 1
worker id: 94005
time create lcl and mol: 0.002707 s
numbers of trajectories: 5000
time trajectory calculation: 17.6626 s
task: 2
worker id: 81267
time create lcl and mol: 0.00267696 s
numbers of trajectories: 5000
time trajectory calculation: 27.9821 s
task: 3
worker id: 81632
time create lcl and mol: 0.00291109 s
numbers of trajectories: 5000
time trajectory calculation: 22.5421 s
task: 4
worker id: 81632
time create lcl and mol: 0.00264192 s
numbers of trajectories: 5000
time trajectory calculation: 25.0914 s
task: 5
worker id: 81267
time create lcl and mol: 0.00264597 s
numbers of trajectories: 5000
time trajectory calculation: 15.1643 s
task: 6
worker id: 81132
time create lcl and mol: 0.00271702 s
numbers of trajectories: 5000
time trajectory calculation: 24.586 s
task: 7
worker id: 79629
time create lcl and mol: 0.00272298 s
numbers of trajectories: 5000
time trajectory calculation: 26.9377 s
task: 8
worker id: 80724
time create lcl and mol: 0.00268102 s
numbers of trajectories: 5000
time trajectory calculation: 23.0666 s
task: 9
worker id: 80847
time create lcl and mol: 0.00265312 s
numbers of trajectories: 5000
time trajectory calculation: 24.104 s
task: 10
worker id: 94005
time create lcl and mol: 0.00255179 s
numbers of trajectories: 5000
time trajectory calculation: 28.367 s
task: 11
worker id: 81132
time create lcl and mol: 0.00325108 s
numbers of trajectories: 5000
time trajectory calculation: 20.5385 s
task: 12
worker id: 80394
time create lcl and mol: 0.00260496 s
numbers of trajectories: 5000
time trajectory calculation: 26.5366 s
task: 13
worker id: 79629
time create lcl and mol: 0.00269294 s
numbers of trajectories: 5000
time trajectory calculation: 22.1333 s
task: 14
worker id: 80847
time create lcl and mol: 0.00271177 s
numbers of trajectories: 5000
time trajectory calculation: 17.7077 s
task: 15
worker id: 80724
time create lcl and mol: 0.00283504 s
numbers of trajectories: 5000
time trajectory calculation: 22.7932 s
task: 16
worker id: 80847
time create lcl and mol: 0.00265694 s
numbers of trajectories: 5000
time trajectory calculation: 16.2483 s
task: 17
worker id: 81267
time create lcl and mol: 0.00274992 s
numbers of trajectories: 5000
time trajectory calculation: 15.1101 s
task: 18
worker id: 79629
time create lcl and mol: 0.00290895 s
numbers of trajectories: 5000
time trajectory calculation: 14.7327 s
task: 19
worker id: 80394
time create lcl and mol: 0.00257683 s
numbers of trajectories: 5000
time trajectory calculation: 18.2028 s
CCS time: 68.6959 s
*********************************************************
average value of CCS = 14382.6 Ang^2
error value of CCS = 78.9045 Ang^2
Total time: 68.7537 s
Program finished...
*********************************************************
INPUT:: Simulation Parameters 
*********************************************************
target filename                  : 7mft_pH8.xyz
number of probe                  : 10000
number of iterarions             : 10
number of tasks                  : 20
number of threads                : 24
seed number                      : 2104
gas buffer                       : N2
Target Temperature (K)           : 298
timestep (fs)                    : 10
Skin cell size (Ang)             : 0.01
Equipotential                    : no
Cut short-range interaction      : yes
LJ cutoff (Ang)                  : 12
Apply long-range interaction     : yes
Cut long-range interaction       : yes
Coulomb cutoff (Ang)             : 25
Apply induced-dipole interaction : yes
alpha (Ang^3)                    : 1.71
force_type: 6
*********************************************************
Force Field parameters: 
*********************************************************
Symbol  mass (amu)  epislon (kcal/mol)  sigma(Angstroms) 
C   12.011   0.0824736   3.2255
N   14.007   0.0758527   3.5719
H   1.008   0.0362711   1.8986
O   15.999   0.062323   3.075
S   32.06   0.138032   3.4237
P   30.9738   0.145372   3.47
*********************************************************
MOLECULE:: orientation around the inertia principal axis 
*********************************************************
Inertia matrix a.u. Ang^2: 
{  3.51383e+08  4.27042e+06  -4.26747e+07  }
{  4.27042e+06  2.75451e+08  -5.64992e+07  }
{  -4.26747e+07  -5.64992e+07  3.69398e+08  }
Rotation matrix applied to molecule: 
{  0.513266  0.32531  -0.794186  }
{  0.150399  0.876963  0.456417  }
{  0.844948  -0.353708  0.401189  }
Molecule radius: 87.7709 Ang 
orientation time of molecule target: 0.0408368 s
target mass: 264620 amu
gas mass: 28.014 amu
reduce mass: 28.014 amu
charge state: -39.0028 e
*********************************************************
Geometric Ellipsoid: 
*********************************************************
maximal distances: 47.8796  73.4924  85.5038  Ang
Initial axis length: 98.9872  124.6  136.611  Ang
Ellipsoid axis length: 101.957  127.57  139.581  Ang
ellipsoid calculation time: 0.000290155 s
maximal impact parameter: 139.581 Ang
*********************************************************
Linked-cell: 
Numbers of cells: 8976
Nx: 17 Ny: 22 Nz: 24
Filled cells: 454
Empty cells: 8522
Average atoms per cell: 81.7863
Maximum atoms per cell: 193
Minimum atoms per cell: 1
Simulation box: 
lx: 204.17 Ang
ly: 264.22 Ang
lz: 288.24 Ang
linked-cell calculation time: 0.0116172 s
time info: 0.00117898 s
*********************************************************
Trajectory calculations 
*********************************************************
out target time: 68.159 s
Ntraj: 10000
Nfree: 2336
Nscatter: 7663
Nlost: 1
omega: 14613.7
Ntraj: 10000
Nfree: 2313
Nscatter: 7680
Nlost: 7
omega: 14571.9
Ntraj: 10000
Nfree: 2199
Nscatter: 7799
Nlost: 2
omega: 14466.6
Ntraj: 10000
Nfree: 2306
Nscatter: 7692
Nlost: 2
omega: 14061.1
Ntraj: 10000
Nfree: 2282
Nscatter: 7715
Nlost: 3
omega: 14235.1
Ntraj: 10000
Nfree: 2291
Nscatter: 7705
Nlost: 4
omega: 14439.7
Ntraj: 10000
Nfree: 2258
Nscatter: 7740
Nlost: 2
omega: 14140.8
Ntraj: 10000
Nfree: 2301
Nscatter: 7698
Nlost: 1
omega: 14271
Ntraj: 10000
Nfree: 2263
Nscatter: 7737
Nlost: 0
omega: 14130.6
Ntraj: 10000
Nfree: 2204
Nscatter: 7794
Nlost: 2
omega: 14895.9
*********************************************************
task: 0
worker id: 82694
time create lcl and mol: 0.00290203 s
numbers of trajectories: 5000
time trajectory calculation: 22.9896 s
task: 1
worker id: 83435
time create lcl and mol: 0.00268006 s
numbers of trajectories: 5000
time trajectory calculation: 17.473 s
task: 2
worker id: 81932
time create lcl and mol: 0.0027101 s
numbers of trajectories: 5000
time trajectory calculation: 27.4131 s
task: 3
worker id: 83576
time create lcl and mol: 0.00271606 s
numbers of trajectories: 5000
time trajectory calculation: 23.1143 s
task: 4
worker id: 96320
time create lcl and mol: 0.00277805 s
numbers of trajectories: 5000
time trajectory calculation: 25.0169 s
task: 5
worker id: 83936
time create lcl and mol: 0.00274301 s
numbers of trajectories: 5000
time trajectory calculation: 15.0841 s
task: 6
worker id: 83147
time create lcl and mol: 0.00266218 s
numbers of trajectories: 5000
time trajectory calculation: 24.6897 s
task: 7
worker id: 83027
time create lcl and mol: 0.00271988 s
numbers of trajectories: 5000
time trajectory calculation: 26.4325 s
task: 8
worker id: 83576
time create lcl and mol: 0.002702 s
numbers of trajectories: 5000
time trajectory calculation: 22.7299 s
task: 9
worker id: 83435
time create lcl and mol: 0.00269985 s
numbers of trajectories: 5000
time trajectory calculation: 24.3885 s
task: 10
worker id: 83147
time create lcl and mol: 0.00260806 s
numbers of trajectories: 5000
time trajectory calculation: 27.7778 s
task: 11
worker id: 96320
time create lcl and mol: 0.00302792 s
numbers of trajectories: 5000
time trajectory calculation: 20.3958 s
task: 12
worker id: 81932
time create lcl and mol: 0.002635 s
numbers of trajectories: 5000
time trajectory calculation: 26.0745 s
task: 13
worker id: 83027
time create lcl and mol: 0.0026021 s
numbers of trajectories: 5000
time trajectory calculation: 21.483 s
task: 14
worker id: 96320
time create lcl and mol: 0.00284004 s
numbers of trajectories: 5000
time trajectory calculation: 17.3476 s
task: 15
worker id: 82694
time create lcl and mol: 0.00277805 s
numbers of trajectories: 5000
time trajectory calculation: 23.2567 s
task: 16
worker id: 83147
time create lcl and mol: 0.00268817 s
numbers of trajectories: 5000
time trajectory calculation: 15.6069 s
task: 17
worker id: 83435
time create lcl and mol: 0.00258017 s
numbers of trajectories: 5000
time trajectory calculation: 14.8577 s
task: 18
worker id: 83936
time create lcl and mol: 0.00277591 s
numbers of trajectories: 5000
time trajectory calculation: 14.2293 s
task: 19
worker id: 83936
time create lcl and mol: 0.00258493 s
numbers of trajectories: 5000
time trajectory calculation: 18.8612 s
CCS time: 68.1693 s
*********************************************************
average value of CCS = 14382.6 Ang^2
error value of CCS = 78.9045 Ang^2
Total time: 68.2274 s
Program finished...
*********************************************************
INPUT:: Simulation Parameters 
*********************************************************
target filename                  : 7mft_pH8.xyz
number of probe                  : 10000
number of iterarions             : 10
number of tasks                  : 20
number of threads                : 24
seed number                      : 2104
gas buffer                       : N2
Target Temperature (K)           : 298
timestep (fs)                    : 10
Skin cell size (Ang)             : 0.01
Equipotential                    : no
Cut short-range interaction      : yes
LJ cutoff (Ang)                  : 12
Apply long-range interaction     : yes
Cut long-range interaction       : yes
Coulomb cutoff (Ang)             : 25
Apply induced-dipole interaction : yes
alpha (Ang^3)                    : 1.71
force_type: 6
*********************************************************
Force Field parameters: 
*********************************************************
Symbol  mass (amu)  epislon (kcal/mol)  sigma(Angstroms) 
C   12.011   0.0824736   3.2255
N   14.007   0.0758527   3.5719
H   1.008   0.0362711   1.8986
O   15.999   0.062323   3.075
S   32.06   0.138032   3.4237
P   30.9738   0.145372   3.47
*********************************************************
MOLECULE:: orientation around the inertia principal axis 
*********************************************************
Inertia matrix a.u. Ang^2: 
{  3.51383e+08  4.27042e+06  -4.26747e+07  }
{  4.27042e+06  2.75451e+08  -5.64992e+07  }
{  -4.26747e+07  -5.64992e+07  3.69398e+08  }
Rotation matrix applied to molecule: 
{  0.513266  0.32531  -0.794186  }
{  0.150399  0.876963  0.456417  }
{  0.844948  -0.353708  0.401189  }
Molecule radius: 87.7709 Ang 
orientation time of molecule target: 0.040694 s
target mass: 264620 amu
gas mass: 28.014 amu
reduce mass: 28.014 amu
charge state: -39.0028 e
*********************************************************
Geometric Ellipsoid: 
*********************************************************
maximal distances: 47.8796  73.4924  85.5038  Ang
Initial axis length: 98.9872  124.6  136.611  Ang
Ellipsoid axis length: 101.957  127.57  139.581  Ang
ellipsoid calculation time: 0.00029397 s
maximal impact parameter: 139.581 Ang
*********************************************************
Linked-cell: 
Numbers of cells: 8976
Nx: 17 Ny: 22 Nz: 24
Filled cells: 454
Empty cells: 8522
Average atoms per cell: 81.7863
Maximum atoms per cell: 193
Minimum atoms per cell: 1
Simulation box: 
lx: 204.17 Ang
ly: 264.22 Ang
lz: 288.24 Ang
linked-cell calculation time: 0.0117061 s
time info: 0.00121403 s
*********************************************************
Trajectory calculations 
*********************************************************
out target time: 70.0312 s
Ntraj: 10000
Nfree: 2336
Nscatter: 7663
Nlost: 1
omega: 14613.7
Ntraj: 10000
Nfree: 2313
Nscatter: 7680
Nlost: 7
omega: 14571.9
Ntraj: 10000
Nfree: 2199
Nscatter: 7799
Nlost: 2
omega: 14466.6
Ntraj: 10000
Nfree: 2306
Nscatter: 7692
Nlost: 2
omega: 14061.1
Ntraj: 10000
Nfree: 2282
Nscatter: 7715
Nlost: 3
omega: 14235.1
Ntraj: 10000
Nfree: 2291
Nscatter: 7705
Nlost: 4
omega: 14439.7
Ntraj: 10000
Nfree: 2258
Nscatter: 7740
Nlost: 2
omega: 14140.8
Ntraj: 10000
Nfree: 2301
Nscatter: 7698
Nlost: 1
omega: 14271
Ntraj: 10000
Nfree: 2263
Nscatter: 7737
Nlost: 0
omega: 14130.6
Ntraj: 10000
Nfree: 2204
Nscatter: 7794
Nlost: 2
omega: 14895.9
*********************************************************
task: 0
worker id: 84235
time create lcl and mol: 0.00278401 s
numbers of trajectories: 5000
time trajectory calculation: 22.7847 s
task: 1
worker id: 85875
time create lcl and mol: 0.002707 s
numbers of trajectories: 5000
time trajectory calculation: 17.5819 s
task: 2
worker id: 85875
time create lcl and mol: 0.0029099 s
numbers of trajectories: 5000
time trajectory calculation: 27.9613 s
task: 3
worker id: 858
time create lcl and mol: 0.00274205 s
numbers of trajectories: 5000
time trajectory calculation: 22.6313 s
task: 4
worker id: 84995
time create lcl and mol: 0.00262094 s
numbers of trajectories: 5000
time trajectory calculation: 25.1704 s
task: 5
worker id: 85737
time create lcl and mol: 0.0028801 s
numbers of trajectories: 5000
time trajectory calculation: 14.9014 s
task: 6
worker id: 84235
time create lcl and mol: 0.00253987 s
numbers of trajectories: 5000
time trajectory calculation: 24.4755 s
task: 7
worker id: 84995
time create lcl and mol: 0.00279021 s
numbers of trajectories: 5000
time trajectory calculation: 26.7326 s
task: 8
worker id: 86234
time create lcl and mol: 0.0026989 s
numbers of trajectories: 5000
time trajectory calculation: 23.3006 s
task: 9
worker id: 85327
time create lcl and mol: 0.00281596 s
numbers of trajectories: 5000
time trajectory calculation: 24.3859 s
task: 10
worker id: 85327
time create lcl and mol: 0.00270295 s
numbers of trajectories: 5000
time trajectory calculation: 28.2987 s
task: 11
worker id: 86234
time create lcl and mol: 0.00286508 s
numbers of trajectories: 5000
time trajectory calculation: 20.1085 s
task: 12
worker id: 858
time create lcl and mol: 0.00265908 s
numbers of trajectories: 5000
time trajectory calculation: 26.7143 s
task: 13
worker id: 85449
time create lcl and mol: 0.00274587 s
numbers of trajectories: 5000
time trajectory calculation: 21.5278 s
task: 14
worker id: 85327
time create lcl and mol: 0.00264883 s
numbers of trajectories: 5000
time trajectory calculation: 17.2617 s
task: 15
worker id: 85449
time create lcl and mol: 0.00263405 s
numbers of trajectories: 5000
time trajectory calculation: 22.9931 s
task: 16
worker id: 85449
time create lcl and mol: 0.00276804 s
numbers of trajectories: 5000
time trajectory calculation: 16.2307 s
task: 17
worker id: 85737
time create lcl and mol: 0.0026691 s
numbers of trajectories: 5000
time trajectory calculation: 15.0162 s
task: 18
worker id: 84235
time create lcl and mol: 0.00272608 s
numbers of trajectories: 5000
time trajectory calculation: 14.0138 s
task: 19
worker id: 85737
time create lcl and mol: 0.00276613 s
numbers of trajectories: 5000
time trajectory calculation: 18.6793 s
CCS time: 70.0417 s
*********************************************************
average value of CCS = 14382.6 Ang^2
error value of CCS = 78.9045 Ang^2
Total time: 70.0995 s
Program finished...
*********************************************************
INPUT:: Simulation Parameters 
*********************************************************
target filename                  : 7mft_pH8.xyz
number of probe                  : 10000
number of iterarions             : 10
number of tasks                  : 20
number of threads                : 24
seed number                      : 2104
gas buffer                       : N2
Target Temperature (K)           : 298
timestep (fs)                    : 10
Skin cell size (Ang)             : 0.01
Equipotential                    : no
Cut short-range interaction      : yes
LJ cutoff (Ang)                  : 12
Apply long-range interaction     : yes
Cut long-range interaction       : yes
Coulomb cutoff (Ang)             : 25
Apply induced-dipole interaction : yes
alpha (Ang^3)                    : 1.71
force_type: 6
*********************************************************
Force Field parameters: 
*********************************************************
Symbol  mass (amu)  epislon (kcal/mol)  sigma(Angstroms) 
C   12.011   0.0824736   3.2255
N   14.007   0.0758527   3.5719
H   1.008   0.0362711   1.8986
O   15.999   0.062323   3.075
S   32.06   0.138032   3.4237
P   30.9738   0.145372   3.47
*********************************************************
MOLECULE:: orientation around the inertia principal axis 
*********************************************************
Inertia matrix a.u. Ang^2: 
{  3.51383e+08  4.27042e+06  -4.26747e+07  }
{  4.27042e+06  2.75451e+08  -5.64992e+07  }
{  -4.26747e+07  -5.64992e+07  3.69398e+08  }
Rotation matrix applied to molecule: 
{  0.513266  0.32531  -0.794186  }
{  0.150399  0.876963  0.456417  }
{  0.844948  -0.353708  0.401189  }
Molecule radius: 87.7709 Ang 
orientation time of molecule target: 0.041292 s
target mass: 264620 amu
gas mass: 28.014 amu
reduce mass: 28.014 amu
charge state: -39.0028 e
*********************************************************
Geometric Ellipsoid: 
*********************************************************
maximal distances: 47.8796  73.4924  85.5038  Ang
Initial axis length: 98.9872  124.6  136.611  Ang
Ellipsoid axis length: 101.957  127.57  139.581  Ang
ellipsoid calculation time: 0.000279903 s
maximal impact parameter: 139.581 Ang
*********************************************************
Linked-cell: 
Numbers of cells: 8976
Nx: 17 Ny: 22 Nz: 24
Filled cells: 454
Empty cells: 8522
Average atoms per cell: 81.7863
Maximum atoms per cell: 193
Minimum atoms per cell: 1
Simulation box: 
lx: 204.17 Ang
ly: 264.22 Ang
lz: 288.24 Ang
linked-cell calculation time: 0.0115919 s
time info: 0.001194 s
*********************************************************
Trajectory calculations 
*********************************************************
out target time: 63.6375 s
Ntraj: 10000
Nfree: 2336
Nscatter: 7663
Nlost: 1
omega: 14613.7
Ntraj: 10000
Nfree: 2313
Nscatter: 7680
Nlost: 7
omega: 14571.9
Ntraj: 10000
Nfree: 2199
Nscatter: 7799
Nlost: 2
omega: 14466.6
Ntraj: 10000
Nfree: 2306
Nscatter: 7692
Nlost: 2
omega: 14061.1
Ntraj: 10000
Nfree: 2282
Nscatter: 7715
Nlost: 3
omega: 14235.1
Ntraj: 10000
Nfree: 2291
Nscatter: 7705
Nlost: 4
omega: 14439.7
Ntraj: 10000
Nfree: 2258
Nscatter: 7740
Nlost: 2
omega: 14140.8
Ntraj: 10000
Nfree: 2301
Nscatter: 7698
Nlost: 1
omega: 14271
Ntraj: 10000
Nfree: 2263
Nscatter: 7737
Nlost: 0
omega: 14130.6
Ntraj: 10000
Nfree: 2204
Nscatter: 7794
Nlost: 2
omega: 14895.9
*********************************************************
task: 0
worker id: 86540
time create lcl and mol: 0.0029161 s
numbers of trajectories: 5000
time trajectory calculation: 22.7187 s
task: 1
worker id: 88180
time create lcl and mol: 0.00276208 s
numbers of trajectories: 5000
time trajectory calculation: 17.5341 s
task: 2
worker id: 87629
time create lcl and mol: 0.00294709 s
numbers of trajectories: 5000
time trajectory calculation: 27.971 s
task: 3
worker id: 88037
time create lcl and mol: 0.00270605 s
numbers of trajectories: 5000
time trajectory calculation: 22.867 s
task: 4
worker id: 87754
time create lcl and mol: 0.00295305 s
numbers of trajectories: 5000
time trajectory calculation: 25.8868 s
task: 5
worker id: 3418
time create lcl and mol: 0.00282502 s
numbers of trajectories: 5000
time trajectory calculation: 15.2097 s
task: 6
worker id: 88541
time create lcl and mol: 0.00284791 s
numbers of trajectories: 5000
time trajectory calculation: 24.1038 s
task: 7
worker id: 87294
time create lcl and mol: 0.00274301 s
numbers of trajectories: 5000
time trajectory calculation: 27.0077 s
task: 8
worker id: 88541
time create lcl and mol: 0.00265813 s
numbers of trajectories: 5000
time trajectory calculation: 23.3783 s
task: 9
worker id: 88180
time create lcl and mol: 0.00283909 s
numbers of trajectories: 5000
time trajectory calculation: 23.7969 s
task: 10
worker id: 87754
time create lcl and mol: 0.00268292 s
numbers of trajectories: 5000
time trajectory calculation: 28.546 s
task: 11
worker id: 88037
time create lcl and mol: 0.00266099 s
numbers of trajectories: 5000
time trajectory calculation: 20.4226 s
task: 12
worker id: 87629
time create lcl and mol: 0.00276399 s
numbers of trajectories: 5000
time trajectory calculation: 26.1441 s
task: 13
worker id: 87294
time create lcl and mol: 0.00262594 s
numbers of trajectories: 5000
time trajectory calculation: 22.0558 s
task: 14
worker id: 88037
time create lcl and mol: 0.00278282 s
numbers of trajectories: 5000
time trajectory calculation: 17.3413 s
task: 15
worker id: 86540
time create lcl and mol: 0.00265598 s
numbers of trajectories: 5000
time trajectory calculation: 22.1277 s
task: 16
worker id: 88541
time create lcl and mol: 0.00270987 s
numbers of trajectories: 5000
time trajectory calculation: 16.0533 s
task: 17
worker id: 88180
time create lcl and mol: 0.00275707 s
numbers of trajectories: 5000
time trajectory calculation: 15.1609 s
task: 18
worker id: 3418
time create lcl and mol: 0.00270295 s
numbers of trajectories: 5000
time trajectory calculation: 14.4679 s
task: 19
worker id: 3418
time create lcl and mol: 0.0028491 s
numbers of trajectories: 5000
time trajectory calculation: 18.85 s
CCS time: 63.6479 s
*********************************************************
average value of CCS = 14382.6 Ang^2
error value of CCS = 78.9045 Ang^2
Total time: 63.7064 s
Program finished...
