*********************************************************
INPUT:: Simulation Parameters 
*********************************************************
target filename                  : 09_1cfd_carga_7_min.xyz
number of probe                  : 10000
number of iterarions             : 10
number of tasks                  : 14
number of threads                : 24
seed number                      : 2104
gas buffer                       : N2
Target Temperature (K)           : 298
timestep (fs)                    : 10
Skin cell size (Ang)             : 0.01
Equipotential                    : no
Cut short-range interaction      : yes
LJ cutoff (Ang)                  : 12
Apply long-range interaction     : yes
Cut long-range interaction       : yes
Coulomb cutoff (Ang)             : 25
Apply induced-dipole interaction : yes
alpha (Ang^3)                    : 1.71
force_type: 6
*********************************************************
Force Field parameters: 
*********************************************************
Symbol  mass (amu)  epislon (kcal/mol)  sigma(Angstroms) 
C   12.011   0.0824736   3.2255
N   14.007   0.0758527   3.5719
H   1.008   0.0362711   1.8986
O   15.999   0.062323   3.075
S   32.06   0.138032   3.4237
P   30.9738   0.145372   3.47
*********************************************************
MOLECULE:: orientation around the inertia principal axis 
*********************************************************
Inertia matrix a.u. Ang^2: 
{  3.67619e+06  -2.34047e+06  620245  }
{  -2.34047e+06  4.07793e+06  342199  }
{  620245  342199  6.46441e+06  }
Rotation matrix applied to molecule: 
{  0.34945  -0.197899  0.915817  }
{  0.733098  0.666444  -0.135718  }
{  -0.583483  0.71881  0.377968  }
Molecule radius: 36.3181 Ang 
orientation time of molecule target: 0.0545399 s
target mass: 16713.5 amu
gas mass: 28.014 amu
reduce mass: 28.014 amu
charge state: 7 e
*********************************************************
Geometric Ellipsoid: 
*********************************************************
maximal distances: 14.0369  18.4497  36.0991  Ang
Initial axis length: 65.1445  69.5573  87.2067  Ang
Ellipsoid axis length: 69.2045  73.6173  91.2667  Ang
ellipsoid calculation time: 4.79221e-05 s
maximal impact parameter: 91.2667 Ang
*********************************************************
Linked-cell: 
Numbers of cells: 2496
Nx: 12 Ny: 13 Nz: 16
Filled cells: 44
Empty cells: 2452
Average atoms per cell: 52.1136
Maximum atoms per cell: 159
Minimum atoms per cell: 1
Simulation box: 
lx: 144.12 Ang
ly: 156.13 Ang
lz: 192.16 Ang
linked-cell calculation time: 0.00260615 s
time info: 0.000114918 s
*********************************************************
Trajectory calculations 
*********************************************************
out target time: 12.3496 s
Ntraj: 10000
Nfree: 2821
Nscatter: 7172
Nlost: 7
omega: 2295.18
Ntraj: 10000
Nfree: 2752
Nscatter: 7240
Nlost: 8
omega: 2439.74
Ntraj: 10000
Nfree: 2637
Nscatter: 7351
Nlost: 12
omega: 2281.04
Ntraj: 10000
Nfree: 2784
Nscatter: 7203
Nlost: 13
omega: 2347.16
Ntraj: 10000
Nfree: 2706
Nscatter: 7280
Nlost: 14
omega: 2420.93
Ntraj: 10000
Nfree: 2766
Nscatter: 7229
Nlost: 5
omega: 2405.44
Ntraj: 10000
Nfree: 2750
Nscatter: 7238
Nlost: 12
omega: 2330.95
Ntraj: 10000
Nfree: 2726
Nscatter: 7269
Nlost: 5
omega: 2225.21
Ntraj: 10000
Nfree: 2684
Nscatter: 7310
Nlost: 6
omega: 2326.78
Ntraj: 10000
Nfree: 2612
Nscatter: 7382
Nlost: 6
omega: 2405.25
*********************************************************
task: 0
worker id: 87297
time create lcl and mol: 0.000613928 s
numbers of trajectories: 7143
time trajectory calculation: 4.99611 s
task: 1
worker id: 60544
time create lcl and mol: 0.000555992 s
numbers of trajectories: 7143
time trajectory calculation: 4.37887 s
task: 2
worker id: 34303
time create lcl and mol: 0.000700951 s
numbers of trajectories: 7143
time trajectory calculation: 5.26386 s
task: 3
worker id: 63016
time create lcl and mol: 0.000622988 s
numbers of trajectories: 7143
time trajectory calculation: 7.20328 s
task: 4
worker id: 92785
time create lcl and mol: 0.00053215 s
numbers of trajectories: 7143
time trajectory calculation: 5.16662 s
task: 5
worker id: 26930
time create lcl and mol: 0.000689983 s
numbers of trajectories: 7143
time trajectory calculation: 5.39542 s
task: 6
worker id: 11439
time create lcl and mol: 0.000597 s
numbers of trajectories: 7143
time trajectory calculation: 8.30737 s
task: 7
worker id: 17776
time create lcl and mol: 0.000594139 s
numbers of trajectories: 7143
time trajectory calculation: 4.67446 s
task: 8
worker id: 92785
time create lcl and mol: 0.00062108 s
numbers of trajectories: 7143
time trajectory calculation: 4.87211 s
task: 9
worker id: 34303
time create lcl and mol: 0.00063014 s
numbers of trajectories: 7143
time trajectory calculation: 6.433 s
task: 10
worker id: 26930
time create lcl and mol: 0.000630856 s
numbers of trajectories: 7143
time trajectory calculation: 6.34207 s
task: 11
worker id: 17776
time create lcl and mol: 0.000586033 s
numbers of trajectories: 7143
time trajectory calculation: 5.00724 s
task: 12
worker id: 87297
time create lcl and mol: 0.000586987 s
numbers of trajectories: 7142
time trajectory calculation: 4.99844 s
task: 13
worker id: 60544
time create lcl and mol: 0.000714064 s
numbers of trajectories: 7142
time trajectory calculation: 7.85432 s
CCS time: 12.3597 s
*********************************************************
average value of CCS = 2347.77 Ang^2
error value of CCS = 20.8339 Ang^2
Total time: 12.4223 s
Program finished...
*********************************************************
INPUT:: Simulation Parameters 
*********************************************************
target filename                  : 09_1cfd_carga_7_min.xyz
number of probe                  : 10000
number of iterarions             : 10
number of tasks                  : 14
number of threads                : 24
seed number                      : 2104
gas buffer                       : N2
Target Temperature (K)           : 298
timestep (fs)                    : 10
Skin cell size (Ang)             : 0.01
Equipotential                    : no
Cut short-range interaction      : yes
LJ cutoff (Ang)                  : 12
Apply long-range interaction     : yes
Cut long-range interaction       : yes
Coulomb cutoff (Ang)             : 25
Apply induced-dipole interaction : yes
alpha (Ang^3)                    : 1.71
force_type: 6
*********************************************************
Force Field parameters: 
*********************************************************
Symbol  mass (amu)  epislon (kcal/mol)  sigma(Angstroms) 
C   12.011   0.0824736   3.2255
N   14.007   0.0758527   3.5719
H   1.008   0.0362711   1.8986
O   15.999   0.062323   3.075
S   32.06   0.138032   3.4237
P   30.9738   0.145372   3.47
*********************************************************
MOLECULE:: orientation around the inertia principal axis 
*********************************************************
Inertia matrix a.u. Ang^2: 
{  3.67619e+06  -2.34047e+06  620245  }
{  -2.34047e+06  4.07793e+06  342199  }
{  620245  342199  6.46441e+06  }
Rotation matrix applied to molecule: 
{  0.34945  -0.197899  0.915817  }
{  0.733098  0.666444  -0.135718  }
{  -0.583483  0.71881  0.377968  }
Molecule radius: 36.3181 Ang 
orientation time of molecule target: 0.00301099 s
target mass: 16713.5 amu
gas mass: 28.014 amu
reduce mass: 28.014 amu
charge state: 7 e
*********************************************************
Geometric Ellipsoid: 
*********************************************************
maximal distances: 14.0369  18.4497  36.0991  Ang
Initial axis length: 65.1445  69.5573  87.2067  Ang
Ellipsoid axis length: 69.2045  73.6173  91.2667  Ang
ellipsoid calculation time: 5.4121e-05 s
maximal impact parameter: 91.2667 Ang
*********************************************************
Linked-cell: 
Numbers of cells: 2496
Nx: 12 Ny: 13 Nz: 16
Filled cells: 44
Empty cells: 2452
Average atoms per cell: 52.1136
Maximum atoms per cell: 159
Minimum atoms per cell: 1
Simulation box: 
lx: 144.12 Ang
ly: 156.13 Ang
lz: 192.16 Ang
linked-cell calculation time: 0.00258708 s
time info: 0.000118971 s
*********************************************************
Trajectory calculations 
*********************************************************
out target time: 12.2122 s
Ntraj: 10000
Nfree: 2821
Nscatter: 7172
Nlost: 7
omega: 2295.18
Ntraj: 10000
Nfree: 2752
Nscatter: 7240
Nlost: 8
omega: 2439.74
Ntraj: 10000
Nfree: 2637
Nscatter: 7351
Nlost: 12
omega: 2281.04
Ntraj: 10000
Nfree: 2784
Nscatter: 7203
Nlost: 13
omega: 2347.16
Ntraj: 10000
Nfree: 2706
Nscatter: 7280
Nlost: 14
omega: 2420.93
Ntraj: 10000
Nfree: 2766
Nscatter: 7229
Nlost: 5
omega: 2405.44
Ntraj: 10000
Nfree: 2750
Nscatter: 7238
Nlost: 12
omega: 2330.95
Ntraj: 10000
Nfree: 2726
Nscatter: 7269
Nlost: 5
omega: 2225.21
Ntraj: 10000
Nfree: 2684
Nscatter: 7310
Nlost: 6
omega: 2326.78
Ntraj: 10000
Nfree: 2612
Nscatter: 7382
Nlost: 6
omega: 2405.25
*********************************************************
task: 0
worker id: 61240
time create lcl and mol: 0.00058198 s
numbers of trajectories: 7143
time trajectory calculation: 5.08922 s
task: 1
worker id: 27625
time create lcl and mol: 0.000619888 s
numbers of trajectories: 7143
time trajectory calculation: 4.40516 s
task: 2
worker id: 12136
time create lcl and mol: 0.000608921 s
numbers of trajectories: 7143
time trajectory calculation: 5.27221 s
task: 3
worker id: 18474
time create lcl and mol: 0.000607967 s
numbers of trajectories: 7143
time trajectory calculation: 6.89249 s
task: 4
worker id: 87991
time create lcl and mol: 0.000636101 s
numbers of trajectories: 7143
time trajectory calculation: 5.1325 s
task: 5
worker id: 34999
time create lcl and mol: 0.000619888 s
numbers of trajectories: 7143
time trajectory calculation: 5.29502 s
task: 6
worker id: 93494
time create lcl and mol: 0.000617027 s
numbers of trajectories: 7143
time trajectory calculation: 8.0526 s
task: 7
worker id: 63715
time create lcl and mol: 0.000602007 s
numbers of trajectories: 7143
time trajectory calculation: 4.56011 s
task: 8
worker id: 27625
time create lcl and mol: 0.000593901 s
numbers of trajectories: 7143
time trajectory calculation: 4.75329 s
task: 9
worker id: 34999
time create lcl and mol: 0.000638962 s
numbers of trajectories: 7143
time trajectory calculation: 6.35531 s
task: 10
worker id: 12136
time create lcl and mol: 0.000618935 s
numbers of trajectories: 7143
time trajectory calculation: 6.31091 s
task: 11
worker id: 87991
time create lcl and mol: 0.000625134 s
numbers of trajectories: 7143
time trajectory calculation: 5.01487 s
task: 12
worker id: 61240
time create lcl and mol: 0.000619888 s
numbers of trajectories: 7142
time trajectory calculation: 4.92295 s
task: 13
worker id: 63715
time create lcl and mol: 0.000612974 s
numbers of trajectories: 7142
time trajectory calculation: 7.59011 s
CCS time: 12.2222 s
*********************************************************
average value of CCS = 2347.77 Ang^2
error value of CCS = 20.8339 Ang^2
Total time: 12.233 s
Program finished...
*********************************************************
INPUT:: Simulation Parameters 
*********************************************************
target filename                  : 09_1cfd_carga_7_min.xyz
number of probe                  : 10000
number of iterarions             : 10
number of tasks                  : 14
number of threads                : 24
seed number                      : 2104
gas buffer                       : N2
Target Temperature (K)           : 298
timestep (fs)                    : 10
Skin cell size (Ang)             : 0.01
Equipotential                    : no
Cut short-range interaction      : yes
LJ cutoff (Ang)                  : 12
Apply long-range interaction     : yes
Cut long-range interaction       : yes
Coulomb cutoff (Ang)             : 25
Apply induced-dipole interaction : yes
alpha (Ang^3)                    : 1.71
force_type: 6
*********************************************************
Force Field parameters: 
*********************************************************
Symbol  mass (amu)  epislon (kcal/mol)  sigma(Angstroms) 
C   12.011   0.0824736   3.2255
N   14.007   0.0758527   3.5719
H   1.008   0.0362711   1.8986
O   15.999   0.062323   3.075
S   32.06   0.138032   3.4237
P   30.9738   0.145372   3.47
*********************************************************
MOLECULE:: orientation around the inertia principal axis 
*********************************************************
Inertia matrix a.u. Ang^2: 
{  3.67619e+06  -2.34047e+06  620245  }
{  -2.34047e+06  4.07793e+06  342199  }
{  620245  342199  6.46441e+06  }
Rotation matrix applied to molecule: 
{  0.34945  -0.197899  0.915817  }
{  0.733098  0.666444  -0.135718  }
{  -0.583483  0.71881  0.377968  }
Molecule radius: 36.3181 Ang 
orientation time of molecule target: 0.002882 s
target mass: 16713.5 amu
gas mass: 28.014 amu
reduce mass: 28.014 amu
charge state: 7 e
*********************************************************
Geometric Ellipsoid: 
*********************************************************
maximal distances: 14.0369  18.4497  36.0991  Ang
Initial axis length: 65.1445  69.5573  87.2067  Ang
Ellipsoid axis length: 69.2045  73.6173  91.2667  Ang
ellipsoid calculation time: 4.79221e-05 s
maximal impact parameter: 91.2667 Ang
*********************************************************
Linked-cell: 
Numbers of cells: 2496
Nx: 12 Ny: 13 Nz: 16
Filled cells: 44
Empty cells: 2452
Average atoms per cell: 52.1136
Maximum atoms per cell: 159
Minimum atoms per cell: 1
Simulation box: 
lx: 144.12 Ang
ly: 156.13 Ang
lz: 192.16 Ang
linked-cell calculation time: 0.002527 s
time info: 0.000123978 s
*********************************************************
Trajectory calculations 
*********************************************************
out target time: 13.0729 s
Ntraj: 10000
Nfree: 2821
Nscatter: 7172
Nlost: 7
omega: 2295.18
Ntraj: 10000
Nfree: 2752
Nscatter: 7240
Nlost: 8
omega: 2439.74
Ntraj: 10000
Nfree: 2637
Nscatter: 7351
Nlost: 12
omega: 2281.04
Ntraj: 10000
Nfree: 2784
Nscatter: 7203
Nlost: 13
omega: 2347.16
Ntraj: 10000
Nfree: 2706
Nscatter: 7280
Nlost: 14
omega: 2420.93
Ntraj: 10000
Nfree: 2766
Nscatter: 7229
Nlost: 5
omega: 2405.44
Ntraj: 10000
Nfree: 2750
Nscatter: 7238
Nlost: 12
omega: 2330.95
Ntraj: 10000
Nfree: 2726
Nscatter: 7269
Nlost: 5
omega: 2225.21
Ntraj: 10000
Nfree: 2684
Nscatter: 7310
Nlost: 6
omega: 2326.78
Ntraj: 10000
Nfree: 2612
Nscatter: 7382
Nlost: 6
omega: 2405.25
*********************************************************
task: 0
worker id: 28047
time create lcl and mol: 0.000569105 s
numbers of trajectories: 7143
time trajectory calculation: 4.93262 s
task: 1
worker id: 61655
time create lcl and mol: 0.000596046 s
numbers of trajectories: 7143
time trajectory calculation: 4.34251 s
task: 2
worker id: 35414
time create lcl and mol: 0.000604868 s
numbers of trajectories: 7143
time trajectory calculation: 5.38677 s
task: 3
worker id: 93926
time create lcl and mol: 0.000707865 s
numbers of trajectories: 7143
time trajectory calculation: 6.82412 s
task: 4
worker id: 64131
time create lcl and mol: 0.000626087 s
numbers of trajectories: 7143
time trajectory calculation: 5.00499 s
task: 5
worker id: 88410
time create lcl and mol: 0.0006001 s
numbers of trajectories: 7143
time trajectory calculation: 5.46379 s
task: 6
worker id: 12553
time create lcl and mol: 0.000591993 s
numbers of trajectories: 7143
time trajectory calculation: 8.39083 s
task: 7
worker id: 18888
time create lcl and mol: 0.000681877 s
numbers of trajectories: 7143
time trajectory calculation: 4.59245 s
task: 8
worker id: 18888
time create lcl and mol: 0.000649929 s
numbers of trajectories: 7143
time trajectory calculation: 4.82552 s
task: 9
worker id: 88410
time create lcl and mol: 0.000633955 s
numbers of trajectories: 7143
time trajectory calculation: 6.49939 s
task: 10
worker id: 28047
time create lcl and mol: 0.000631094 s
numbers of trajectories: 7143
time trajectory calculation: 6.42834 s
task: 11
worker id: 64131
time create lcl and mol: 0.000638008 s
numbers of trajectories: 7143
time trajectory calculation: 5.14583 s
task: 12
worker id: 61655
time create lcl and mol: 0.000601053 s
numbers of trajectories: 7142
time trajectory calculation: 4.95816 s
task: 13
worker id: 35414
time create lcl and mol: 0.000653028 s
numbers of trajectories: 7142
time trajectory calculation: 7.62805 s
CCS time: 13.0828 s
*********************************************************
average value of CCS = 2347.77 Ang^2
error value of CCS = 20.8339 Ang^2
Total time: 13.0936 s
Program finished...
*********************************************************
INPUT:: Simulation Parameters 
*********************************************************
target filename                  : 09_1cfd_carga_7_min.xyz
number of probe                  : 10000
number of iterarions             : 10
number of tasks                  : 14
number of threads                : 24
seed number                      : 2104
gas buffer                       : N2
Target Temperature (K)           : 298
timestep (fs)                    : 10
Skin cell size (Ang)             : 0.01
Equipotential                    : no
Cut short-range interaction      : yes
LJ cutoff (Ang)                  : 12
Apply long-range interaction     : yes
Cut long-range interaction       : yes
Coulomb cutoff (Ang)             : 25
Apply induced-dipole interaction : yes
alpha (Ang^3)                    : 1.71
force_type: 6
*********************************************************
Force Field parameters: 
*********************************************************
Symbol  mass (amu)  epislon (kcal/mol)  sigma(Angstroms) 
C   12.011   0.0824736   3.2255
N   14.007   0.0758527   3.5719
H   1.008   0.0362711   1.8986
O   15.999   0.062323   3.075
S   32.06   0.138032   3.4237
P   30.9738   0.145372   3.47
*********************************************************
MOLECULE:: orientation around the inertia principal axis 
*********************************************************
Inertia matrix a.u. Ang^2: 
{  3.67619e+06  -2.34047e+06  620245  }
{  -2.34047e+06  4.07793e+06  342199  }
{  620245  342199  6.46441e+06  }
Rotation matrix applied to molecule: 
{  0.34945  -0.197899  0.915817  }
{  0.733098  0.666444  -0.135718  }
{  -0.583483  0.71881  0.377968  }
Molecule radius: 36.3181 Ang 
orientation time of molecule target: 0.00288105 s
target mass: 16713.5 amu
gas mass: 28.014 amu
reduce mass: 28.014 amu
charge state: 7 e
*********************************************************
Geometric Ellipsoid: 
*********************************************************
maximal distances: 14.0369  18.4497  36.0991  Ang
Initial axis length: 65.1445  69.5573  87.2067  Ang
Ellipsoid axis length: 69.2045  73.6173  91.2667  Ang
ellipsoid calculation time: 4.19617e-05 s
maximal impact parameter: 91.2667 Ang
*********************************************************
Linked-cell: 
Numbers of cells: 2496
Nx: 12 Ny: 13 Nz: 16
Filled cells: 44
Empty cells: 2452
Average atoms per cell: 52.1136
Maximum atoms per cell: 159
Minimum atoms per cell: 1
Simulation box: 
lx: 144.12 Ang
ly: 156.13 Ang
lz: 192.16 Ang
linked-cell calculation time: 0.00251579 s
time info: 0.000121832 s
*********************************************************
Trajectory calculations 
*********************************************************
out target time: 12.236 s
Ntraj: 10000
Nfree: 2821
Nscatter: 7172
Nlost: 7
omega: 2295.18
Ntraj: 10000
Nfree: 2752
Nscatter: 7240
Nlost: 8
omega: 2439.74
Ntraj: 10000
Nfree: 2637
Nscatter: 7351
Nlost: 12
omega: 2281.04
Ntraj: 10000
Nfree: 2784
Nscatter: 7203
Nlost: 13
omega: 2347.16
Ntraj: 10000
Nfree: 2706
Nscatter: 7280
Nlost: 14
omega: 2420.93
Ntraj: 10000
Nfree: 2766
Nscatter: 7229
Nlost: 5
omega: 2405.44
Ntraj: 10000
Nfree: 2750
Nscatter: 7238
Nlost: 12
omega: 2330.95
Ntraj: 10000
Nfree: 2726
Nscatter: 7269
Nlost: 5
omega: 2225.21
Ntraj: 10000
Nfree: 2684
Nscatter: 7310
Nlost: 6
omega: 2326.78
Ntraj: 10000
Nfree: 2612
Nscatter: 7382
Nlost: 6
omega: 2405.25
*********************************************************
task: 0
worker id: 12973
time create lcl and mol: 0.000602961 s
numbers of trajectories: 7143
time trajectory calculation: 5.09434 s
task: 1
worker id: 62082
time create lcl and mol: 0.000618935 s
numbers of trajectories: 7143
time trajectory calculation: 4.38738 s
task: 2
worker id: 88832
time create lcl and mol: 0.000597954 s
numbers of trajectories: 7143
time trajectory calculation: 5.31977 s
task: 3
worker id: 28466
time create lcl and mol: 0.000602961 s
numbers of trajectories: 7143
time trajectory calculation: 7.07194 s
task: 4
worker id: 94361
time create lcl and mol: 0.000777006 s
numbers of trajectories: 7143
time trajectory calculation: 5.05587 s
task: 5
worker id: 35837
time create lcl and mol: 0.000632048 s
numbers of trajectories: 7143
time trajectory calculation: 5.50239 s
task: 6
worker id: 64550
time create lcl and mol: 0.000795841 s
numbers of trajectories: 7143
time trajectory calculation: 8.32249 s
task: 7
worker id: 19310
time create lcl and mol: 0.000611067 s
numbers of trajectories: 7143
time trajectory calculation: 4.71687 s
task: 8
worker id: 35837
time create lcl and mol: 0.000690937 s
numbers of trajectories: 7143
time trajectory calculation: 4.83967 s
task: 9
worker id: 19310
time create lcl and mol: 0.000641823 s
numbers of trajectories: 7143
time trajectory calculation: 6.52016 s
task: 10
worker id: 88832
time create lcl and mol: 0.000616074 s
numbers of trajectories: 7143
time trajectory calculation: 6.15743 s
task: 11
worker id: 12973
time create lcl and mol: 0.000599146 s
numbers of trajectories: 7143
time trajectory calculation: 5.08105 s
task: 12
worker id: 94361
time create lcl and mol: 0.000637054 s
numbers of trajectories: 7142
time trajectory calculation: 4.97133 s
task: 13
worker id: 62082
time create lcl and mol: 0.000586987 s
numbers of trajectories: 7142
time trajectory calculation: 7.78545 s
CCS time: 12.2458 s
*********************************************************
average value of CCS = 2347.77 Ang^2
error value of CCS = 20.8339 Ang^2
Total time: 12.2566 s
Program finished...
*********************************************************
INPUT:: Simulation Parameters 
*********************************************************
target filename                  : 09_1cfd_carga_7_min.xyz
number of probe                  : 10000
number of iterarions             : 10
number of tasks                  : 14
number of threads                : 24
seed number                      : 2104
gas buffer                       : N2
Target Temperature (K)           : 298
timestep (fs)                    : 10
Skin cell size (Ang)             : 0.01
Equipotential                    : no
Cut short-range interaction      : yes
LJ cutoff (Ang)                  : 12
Apply long-range interaction     : yes
Cut long-range interaction       : yes
Coulomb cutoff (Ang)             : 25
Apply induced-dipole interaction : yes
alpha (Ang^3)                    : 1.71
force_type: 6
*********************************************************
Force Field parameters: 
*********************************************************
Symbol  mass (amu)  epislon (kcal/mol)  sigma(Angstroms) 
C   12.011   0.0824736   3.2255
N   14.007   0.0758527   3.5719
H   1.008   0.0362711   1.8986
O   15.999   0.062323   3.075
S   32.06   0.138032   3.4237
P   30.9738   0.145372   3.47
*********************************************************
MOLECULE:: orientation around the inertia principal axis 
*********************************************************
Inertia matrix a.u. Ang^2: 
{  3.67619e+06  -2.34047e+06  620245  }
{  -2.34047e+06  4.07793e+06  342199  }
{  620245  342199  6.46441e+06  }
Rotation matrix applied to molecule: 
{  0.34945  -0.197899  0.915817  }
{  0.733098  0.666444  -0.135718  }
{  -0.583483  0.71881  0.377968  }
Molecule radius: 36.3181 Ang 
orientation time of molecule target: 0.00308204 s
target mass: 16713.5 amu
gas mass: 28.014 amu
reduce mass: 28.014 amu
charge state: 7 e
*********************************************************
Geometric Ellipsoid: 
*********************************************************
maximal distances: 14.0369  18.4497  36.0991  Ang
Initial axis length: 65.1445  69.5573  87.2067  Ang
Ellipsoid axis length: 69.2045  73.6173  91.2667  Ang
ellipsoid calculation time: 5.00679e-05 s
maximal impact parameter: 91.2667 Ang
*********************************************************
Linked-cell: 
Numbers of cells: 2496
Nx: 12 Ny: 13 Nz: 16
Filled cells: 44
Empty cells: 2452
Average atoms per cell: 52.1136
Maximum atoms per cell: 159
Minimum atoms per cell: 1
Simulation box: 
lx: 144.12 Ang
ly: 156.13 Ang
lz: 192.16 Ang
linked-cell calculation time: 0.00257921 s
time info: 0.00012207 s
*********************************************************
Trajectory calculations 
*********************************************************
out target time: 12.8844 s
Ntraj: 10000
Nfree: 2821
Nscatter: 7172
Nlost: 7
omega: 2295.18
Ntraj: 10000
Nfree: 2752
Nscatter: 7240
Nlost: 8
omega: 2439.74
Ntraj: 10000
Nfree: 2637
Nscatter: 7351
Nlost: 12
omega: 2281.04
Ntraj: 10000
Nfree: 2784
Nscatter: 7203
Nlost: 13
omega: 2347.16
Ntraj: 10000
Nfree: 2706
Nscatter: 7280
Nlost: 14
omega: 2420.93
Ntraj: 10000
Nfree: 2766
Nscatter: 7229
Nlost: 5
omega: 2405.44
Ntraj: 10000
Nfree: 2750
Nscatter: 7238
Nlost: 12
omega: 2330.95
Ntraj: 10000
Nfree: 2726
Nscatter: 7269
Nlost: 5
omega: 2225.21
Ntraj: 10000
Nfree: 2684
Nscatter: 7310
Nlost: 6
omega: 2326.78
Ntraj: 10000
Nfree: 2612
Nscatter: 7382
Nlost: 6
omega: 2405.25
*********************************************************
task: 0
worker id: 95071
time create lcl and mol: 0.000529051 s
numbers of trajectories: 7143
time trajectory calculation: 5.02583 s
task: 1
worker id: 36530
time create lcl and mol: 0.000576019 s
numbers of trajectories: 7143
time trajectory calculation: 4.26327 s
task: 2
worker id: 29160
time create lcl and mol: 0.000629187 s
numbers of trajectories: 7143
time trajectory calculation: 5.38676 s
task: 3
worker id: 89528
time create lcl and mol: 0.000596046 s
numbers of trajectories: 7143
time trajectory calculation: 7.09444 s
task: 4
worker id: 13669
time create lcl and mol: 0.000623941 s
numbers of trajectories: 7143
time trajectory calculation: 5.1369 s
task: 5
worker id: 36530
time create lcl and mol: 0.00062108 s
numbers of trajectories: 7143
time trajectory calculation: 5.47321 s
task: 6
worker id: 62778
time create lcl and mol: 0.000614882 s
numbers of trajectories: 7143
time trajectory calculation: 8.32017 s
task: 7
worker id: 65246
time create lcl and mol: 0.000550985 s
numbers of trajectories: 7143
time trajectory calculation: 4.44168 s
task: 8
worker id: 20012
time create lcl and mol: 0.000653028 s
numbers of trajectories: 7143
time trajectory calculation: 4.83862 s
task: 9
worker id: 29160
time create lcl and mol: 0.000611067 s
numbers of trajectories: 7143
time trajectory calculation: 6.48257 s
task: 10
worker id: 13669
time create lcl and mol: 0.000566959 s
numbers of trajectories: 7143
time trajectory calculation: 6.30311 s
task: 11
worker id: 20012
time create lcl and mol: 0.000626087 s
numbers of trajectories: 7143
time trajectory calculation: 5.14065 s
task: 12
worker id: 65246
time create lcl and mol: 0.000629187 s
numbers of trajectories: 7142
time trajectory calculation: 4.88621 s
task: 13
worker id: 95071
time create lcl and mol: 0.000597954 s
numbers of trajectories: 7142
time trajectory calculation: 7.80621 s
CCS time: 12.8948 s
*********************************************************
average value of CCS = 2347.77 Ang^2
error value of CCS = 20.8339 Ang^2
Total time: 12.9057 s
Program finished...
*********************************************************
INPUT:: Simulation Parameters 
*********************************************************
target filename                  : 09_1cfd_carga_7_min.xyz
number of probe                  : 10000
number of iterarions             : 10
number of tasks                  : 14
number of threads                : 24
seed number                      : 2104
gas buffer                       : N2
Target Temperature (K)           : 298
timestep (fs)                    : 10
Skin cell size (Ang)             : 0.01
Equipotential                    : no
Cut short-range interaction      : yes
LJ cutoff (Ang)                  : 12
Apply long-range interaction     : yes
Cut long-range interaction       : yes
Coulomb cutoff (Ang)             : 25
Apply induced-dipole interaction : yes
alpha (Ang^3)                    : 1.71
force_type: 6
*********************************************************
Force Field parameters: 
*********************************************************
Symbol  mass (amu)  epislon (kcal/mol)  sigma(Angstroms) 
C   12.011   0.0824736   3.2255
N   14.007   0.0758527   3.5719
H   1.008   0.0362711   1.8986
O   15.999   0.062323   3.075
S   32.06   0.138032   3.4237
P   30.9738   0.145372   3.47
*********************************************************
MOLECULE:: orientation around the inertia principal axis 
*********************************************************
Inertia matrix a.u. Ang^2: 
{  3.67619e+06  -2.34047e+06  620245  }
{  -2.34047e+06  4.07793e+06  342199  }
{  620245  342199  6.46441e+06  }
Rotation matrix applied to molecule: 
{  0.34945  -0.197899  0.915817  }
{  0.733098  0.666444  -0.135718  }
{  -0.583483  0.71881  0.377968  }
Molecule radius: 36.3181 Ang 
orientation time of molecule target: 0.053961 s
target mass: 16713.5 amu
gas mass: 28.014 amu
reduce mass: 28.014 amu
charge state: 7 e
*********************************************************
Geometric Ellipsoid: 
*********************************************************
maximal distances: 14.0369  18.4497  36.0991  Ang
Initial axis length: 65.1445  69.5573  87.2067  Ang
Ellipsoid axis length: 69.2045  73.6173  91.2667  Ang
ellipsoid calculation time: 4.29153e-05 s
maximal impact parameter: 91.2667 Ang
*********************************************************
Linked-cell: 
Numbers of cells: 2496
Nx: 12 Ny: 13 Nz: 16
Filled cells: 44
Empty cells: 2452
Average atoms per cell: 52.1136
Maximum atoms per cell: 159
Minimum atoms per cell: 1
Simulation box: 
lx: 144.12 Ang
ly: 156.13 Ang
lz: 192.16 Ang
linked-cell calculation time: 0.00258708 s
time info: 0.000120878 s
*********************************************************
Trajectory calculations 
*********************************************************
out target time: 13.1176 s
Ntraj: 10000
Nfree: 2821
Nscatter: 7172
Nlost: 7
omega: 2295.18
Ntraj: 10000
Nfree: 2752
Nscatter: 7240
Nlost: 8
omega: 2439.74
Ntraj: 10000
Nfree: 2637
Nscatter: 7351
Nlost: 12
omega: 2281.04
Ntraj: 10000
Nfree: 2784
Nscatter: 7203
Nlost: 13
omega: 2347.16
Ntraj: 10000
Nfree: 2706
Nscatter: 7280
Nlost: 14
omega: 2420.93
Ntraj: 10000
Nfree: 2766
Nscatter: 7229
Nlost: 5
omega: 2405.44
Ntraj: 10000
Nfree: 2750
Nscatter: 7238
Nlost: 12
omega: 2330.95
Ntraj: 10000
Nfree: 2726
Nscatter: 7269
Nlost: 5
omega: 2225.21
Ntraj: 10000
Nfree: 2684
Nscatter: 7310
Nlost: 6
omega: 2326.78
Ntraj: 10000
Nfree: 2612
Nscatter: 7382
Nlost: 6
omega: 2405.25
*********************************************************
task: 0
worker id: 76728
time create lcl and mol: 0.000559807 s
numbers of trajectories: 7143
time trajectory calculation: 4.89491 s
task: 1
worker id: 77710
time create lcl and mol: 0.000586987 s
numbers of trajectories: 7143
time trajectory calculation: 4.1977 s
task: 2
worker id: 77423
time create lcl and mol: 0.000625134 s
numbers of trajectories: 7143
time trajectory calculation: 5.25761 s
task: 3
worker id: 82867
time create lcl and mol: 0.000615835 s
numbers of trajectories: 7143
time trajectory calculation: 6.96021 s
task: 4
worker id: 77765
time create lcl and mol: 0.000869036 s
numbers of trajectories: 7143
time trajectory calculation: 4.99245 s
task: 5
worker id: 77439
time create lcl and mol: 0.0006001 s
numbers of trajectories: 7143
time trajectory calculation: 5.195 s
task: 6
worker id: 78096
time create lcl and mol: 0.000669956 s
numbers of trajectories: 7143
time trajectory calculation: 8.46005 s
task: 7
worker id: 77810
time create lcl and mol: 0.000643015 s
numbers of trajectories: 7143
time trajectory calculation: 4.60396 s
task: 8
worker id: 76728
time create lcl and mol: 0.000573874 s
numbers of trajectories: 7143
time trajectory calculation: 4.7906 s
task: 9
worker id: 77710
time create lcl and mol: 0.000585794 s
numbers of trajectories: 7143
time trajectory calculation: 6.67276 s
task: 10
worker id: 77423
time create lcl and mol: 0.000612974 s
numbers of trajectories: 7143
time trajectory calculation: 6.17868 s
task: 11
worker id: 77810
time create lcl and mol: 0.000612974 s
numbers of trajectories: 7143
time trajectory calculation: 4.96062 s
task: 12
worker id: 77765
time create lcl and mol: 0.00062418 s
numbers of trajectories: 7142
time trajectory calculation: 4.83819 s
task: 13
worker id: 77439
time create lcl and mol: 0.000596046 s
numbers of trajectories: 7142
time trajectory calculation: 7.86228 s
CCS time: 13.1267 s
*********************************************************
average value of CCS = 2347.77 Ang^2
error value of CCS = 20.8339 Ang^2
Total time: 13.1885 s
Program finished...
*********************************************************
INPUT:: Simulation Parameters 
*********************************************************
target filename                  : 09_1cfd_carga_7_min.xyz
number of probe                  : 10000
number of iterarions             : 10
number of tasks                  : 14
number of threads                : 24
seed number                      : 2104
gas buffer                       : N2
Target Temperature (K)           : 298
timestep (fs)                    : 10
Skin cell size (Ang)             : 0.01
Equipotential                    : no
Cut short-range interaction      : yes
LJ cutoff (Ang)                  : 12
Apply long-range interaction     : yes
Cut long-range interaction       : yes
Coulomb cutoff (Ang)             : 25
Apply induced-dipole interaction : yes
alpha (Ang^3)                    : 1.71
force_type: 6
*********************************************************
Force Field parameters: 
*********************************************************
Symbol  mass (amu)  epislon (kcal/mol)  sigma(Angstroms) 
C   12.011   0.0824736   3.2255
N   14.007   0.0758527   3.5719
H   1.008   0.0362711   1.8986
O   15.999   0.062323   3.075
S   32.06   0.138032   3.4237
P   30.9738   0.145372   3.47
*********************************************************
MOLECULE:: orientation around the inertia principal axis 
*********************************************************
Inertia matrix a.u. Ang^2: 
{  3.67619e+06  -2.34047e+06  620245  }
{  -2.34047e+06  4.07793e+06  342199  }
{  620245  342199  6.46441e+06  }
Rotation matrix applied to molecule: 
{  0.34945  -0.197899  0.915817  }
{  0.733098  0.666444  -0.135718  }
{  -0.583483  0.71881  0.377968  }
Molecule radius: 36.3181 Ang 
orientation time of molecule target: 0.00286388 s
target mass: 16713.5 amu
gas mass: 28.014 amu
reduce mass: 28.014 amu
charge state: 7 e
*********************************************************
Geometric Ellipsoid: 
*********************************************************
maximal distances: 14.0369  18.4497  36.0991  Ang
Initial axis length: 65.1445  69.5573  87.2067  Ang
Ellipsoid axis length: 69.2045  73.6173  91.2667  Ang
ellipsoid calculation time: 4.19617e-05 s
maximal impact parameter: 91.2667 Ang
*********************************************************
Linked-cell: 
Numbers of cells: 2496
Nx: 12 Ny: 13 Nz: 16
Filled cells: 44
Empty cells: 2452
Average atoms per cell: 52.1136
Maximum atoms per cell: 159
Minimum atoms per cell: 1
Simulation box: 
lx: 144.12 Ang
ly: 156.13 Ang
lz: 192.16 Ang
linked-cell calculation time: 0.00257301 s
time info: 0.000115156 s
*********************************************************
Trajectory calculations 
*********************************************************
out target time: 12.0599 s
Ntraj: 10000
Nfree: 2821
Nscatter: 7172
Nlost: 7
omega: 2295.18
Ntraj: 10000
Nfree: 2752
Nscatter: 7240
Nlost: 8
omega: 2439.74
Ntraj: 10000
Nfree: 2637
Nscatter: 7351
Nlost: 12
omega: 2281.04
Ntraj: 10000
Nfree: 2784
Nscatter: 7203
Nlost: 13
omega: 2347.16
Ntraj: 10000
Nfree: 2706
Nscatter: 7280
Nlost: 14
omega: 2420.93
Ntraj: 10000
Nfree: 2766
Nscatter: 7229
Nlost: 5
omega: 2405.44
Ntraj: 10000
Nfree: 2750
Nscatter: 7238
Nlost: 12
omega: 2330.95
Ntraj: 10000
Nfree: 2726
Nscatter: 7269
Nlost: 5
omega: 2225.21
Ntraj: 10000
Nfree: 2684
Nscatter: 7310
Nlost: 6
omega: 2326.78
Ntraj: 10000
Nfree: 2612
Nscatter: 7382
Nlost: 6
omega: 2405.25
*********************************************************
task: 0
worker id: 83595
time create lcl and mol: 0.000648022 s
numbers of trajectories: 7143
time trajectory calculation: 5.04104 s
task: 1
worker id: 78477
time create lcl and mol: 0.000599861 s
numbers of trajectories: 7143
time trajectory calculation: 4.16782 s
task: 2
worker id: 78522
time create lcl and mol: 0.000560045 s
numbers of trajectories: 7143
time trajectory calculation: 5.20158 s
task: 3
worker id: 78154
time create lcl and mol: 0.000568867 s
numbers of trajectories: 7143
time trajectory calculation: 7.09477 s
task: 4
worker id: 83595
time create lcl and mol: 0.000586033 s
numbers of trajectories: 7143
time trajectory calculation: 4.92173 s
task: 5
worker id: 78421
time create lcl and mol: 0.000527859 s
numbers of trajectories: 7143
time trajectory calculation: 5.34063 s
task: 6
worker id: 78132
time create lcl and mol: 0.000584126 s
numbers of trajectories: 7143
time trajectory calculation: 8.33139 s
task: 7
worker id: 78807
time create lcl and mol: 0.000604868 s
numbers of trajectories: 7143
time trajectory calculation: 4.62683 s
task: 8
worker id: 77440
time create lcl and mol: 0.000793934 s
numbers of trajectories: 7143
time trajectory calculation: 4.82865 s
task: 9
worker id: 78807
time create lcl and mol: 0.000812054 s
numbers of trajectories: 7143
time trajectory calculation: 6.53506 s
task: 10
worker id: 78522
time create lcl and mol: 0.000597 s
numbers of trajectories: 7143
time trajectory calculation: 6.28045 s
task: 11
worker id: 77440
time create lcl and mol: 0.000638962 s
numbers of trajectories: 7143
time trajectory calculation: 5.13903 s
task: 12
worker id: 78421
time create lcl and mol: 0.000622034 s
numbers of trajectories: 7142
time trajectory calculation: 4.83005 s
task: 13
worker id: 78477
time create lcl and mol: 0.00062108 s
numbers of trajectories: 7142
time trajectory calculation: 7.8311 s
CCS time: 12.0699 s
*********************************************************
average value of CCS = 2347.77 Ang^2
error value of CCS = 20.8339 Ang^2
Total time: 12.0807 s
Program finished...
*********************************************************
INPUT:: Simulation Parameters 
*********************************************************
target filename                  : 09_1cfd_carga_7_min.xyz
number of probe                  : 10000
number of iterarions             : 10
number of tasks                  : 14
number of threads                : 24
seed number                      : 2104
gas buffer                       : N2
Target Temperature (K)           : 298
timestep (fs)                    : 10
Skin cell size (Ang)             : 0.01
Equipotential                    : no
Cut short-range interaction      : yes
LJ cutoff (Ang)                  : 12
Apply long-range interaction     : yes
Cut long-range interaction       : yes
Coulomb cutoff (Ang)             : 25
Apply induced-dipole interaction : yes
alpha (Ang^3)                    : 1.71
force_type: 6
*********************************************************
Force Field parameters: 
*********************************************************
Symbol  mass (amu)  epislon (kcal/mol)  sigma(Angstroms) 
C   12.011   0.0824736   3.2255
N   14.007   0.0758527   3.5719
H   1.008   0.0362711   1.8986
O   15.999   0.062323   3.075
S   32.06   0.138032   3.4237
P   30.9738   0.145372   3.47
*********************************************************
MOLECULE:: orientation around the inertia principal axis 
*********************************************************
Inertia matrix a.u. Ang^2: 
{  3.67619e+06  -2.34047e+06  620245  }
{  -2.34047e+06  4.07793e+06  342199  }
{  620245  342199  6.46441e+06  }
Rotation matrix applied to molecule: 
{  0.34945  -0.197899  0.915817  }
{  0.733098  0.666444  -0.135718  }
{  -0.583483  0.71881  0.377968  }
Molecule radius: 36.3181 Ang 
orientation time of molecule target: 0.00297499 s
target mass: 16713.5 amu
gas mass: 28.014 amu
reduce mass: 28.014 amu
charge state: 7 e
*********************************************************
Geometric Ellipsoid: 
*********************************************************
maximal distances: 14.0369  18.4497  36.0991  Ang
Initial axis length: 65.1445  69.5573  87.2067  Ang
Ellipsoid axis length: 69.2045  73.6173  91.2667  Ang
ellipsoid calculation time: 4.48227e-05 s
maximal impact parameter: 91.2667 Ang
*********************************************************
Linked-cell: 
Numbers of cells: 2496
Nx: 12 Ny: 13 Nz: 16
Filled cells: 44
Empty cells: 2452
Average atoms per cell: 52.1136
Maximum atoms per cell: 159
Minimum atoms per cell: 1
Simulation box: 
lx: 144.12 Ang
ly: 156.13 Ang
lz: 192.16 Ang
linked-cell calculation time: 0.0026269 s
time info: 0.000118971 s
*********************************************************
Trajectory calculations 
*********************************************************
out target time: 13.3703 s
Ntraj: 10000
Nfree: 2821
Nscatter: 7172
Nlost: 7
omega: 2295.18
Ntraj: 10000
Nfree: 2752
Nscatter: 7240
Nlost: 8
omega: 2439.74
Ntraj: 10000
Nfree: 2637
Nscatter: 7351
Nlost: 12
omega: 2281.04
Ntraj: 10000
Nfree: 2784
Nscatter: 7203
Nlost: 13
omega: 2347.16
Ntraj: 10000
Nfree: 2706
Nscatter: 7280
Nlost: 14
omega: 2420.93
Ntraj: 10000
Nfree: 2766
Nscatter: 7229
Nlost: 5
omega: 2405.44
Ntraj: 10000
Nfree: 2750
Nscatter: 7238
Nlost: 12
omega: 2330.95
Ntraj: 10000
Nfree: 2726
Nscatter: 7269
Nlost: 5
omega: 2225.21
Ntraj: 10000
Nfree: 2684
Nscatter: 7310
Nlost: 6
omega: 2326.78
Ntraj: 10000
Nfree: 2612
Nscatter: 7382
Nlost: 6
omega: 2405.25
*********************************************************
task: 0
worker id: 79227
time create lcl and mol: 0.000617027 s
numbers of trajectories: 7143
time trajectory calculation: 4.95802 s
task: 1
worker id: 78895
time create lcl and mol: 0.000789165 s
numbers of trajectories: 7143
time trajectory calculation: 4.40789 s
task: 2
worker id: 84030
time create lcl and mol: 0.000652075 s
numbers of trajectories: 7143
time trajectory calculation: 5.33811 s
task: 3
worker id: 78839
time create lcl and mol: 0.000576973 s
numbers of trajectories: 7143
time trajectory calculation: 7.07103 s
task: 4
worker id: 77856
time create lcl and mol: 0.000599861 s
numbers of trajectories: 7143
time trajectory calculation: 5.15554 s
task: 5
worker id: 78938
time create lcl and mol: 0.000566006 s
numbers of trajectories: 7143
time trajectory calculation: 5.38609 s
task: 6
worker id: 79227
time create lcl and mol: 0.000659943 s
numbers of trajectories: 7143
time trajectory calculation: 8.35041 s
task: 7
worker id: 78552
time create lcl and mol: 0.000613928 s
numbers of trajectories: 7143
time trajectory calculation: 4.50209 s
task: 8
worker id: 78572
time create lcl and mol: 0.000598192 s
numbers of trajectories: 7143
time trajectory calculation: 4.90856 s
task: 9
worker id: 78552
time create lcl and mol: 0.000618935 s
numbers of trajectories: 7143
time trajectory calculation: 6.75914 s
task: 10
worker id: 84030
time create lcl and mol: 0.000586033 s
numbers of trajectories: 7143
time trajectory calculation: 6.02893 s
task: 11
worker id: 78895
time create lcl and mol: 0.000716925 s
numbers of trajectories: 7143
time trajectory calculation: 5.02144 s
task: 12
worker id: 78572
time create lcl and mol: 0.000622988 s
numbers of trajectories: 7142
time trajectory calculation: 4.83516 s
task: 13
worker id: 77856
time create lcl and mol: 0.000748873 s
numbers of trajectories: 7142
time trajectory calculation: 7.94286 s
CCS time: 13.3804 s
*********************************************************
average value of CCS = 2347.77 Ang^2
error value of CCS = 20.8339 Ang^2
Total time: 13.3913 s
Program finished...
*********************************************************
INPUT:: Simulation Parameters 
*********************************************************
target filename                  : 09_1cfd_carga_7_min.xyz
number of probe                  : 10000
number of iterarions             : 10
number of tasks                  : 14
number of threads                : 24
seed number                      : 2104
gas buffer                       : N2
Target Temperature (K)           : 298
timestep (fs)                    : 10
Skin cell size (Ang)             : 0.01
Equipotential                    : no
Cut short-range interaction      : yes
LJ cutoff (Ang)                  : 12
Apply long-range interaction     : yes
Cut long-range interaction       : yes
Coulomb cutoff (Ang)             : 25
Apply induced-dipole interaction : yes
alpha (Ang^3)                    : 1.71
force_type: 6
*********************************************************
Force Field parameters: 
*********************************************************
Symbol  mass (amu)  epislon (kcal/mol)  sigma(Angstroms) 
C   12.011   0.0824736   3.2255
N   14.007   0.0758527   3.5719
H   1.008   0.0362711   1.8986
O   15.999   0.062323   3.075
S   32.06   0.138032   3.4237
P   30.9738   0.145372   3.47
*********************************************************
MOLECULE:: orientation around the inertia principal axis 
*********************************************************
Inertia matrix a.u. Ang^2: 
{  3.67619e+06  -2.34047e+06  620245  }
{  -2.34047e+06  4.07793e+06  342199  }
{  620245  342199  6.46441e+06  }
Rotation matrix applied to molecule: 
{  0.34945  -0.197899  0.915817  }
{  0.733098  0.666444  -0.135718  }
{  -0.583483  0.71881  0.377968  }
Molecule radius: 36.3181 Ang 
orientation time of molecule target: 0.0029161 s
target mass: 16713.5 amu
gas mass: 28.014 amu
reduce mass: 28.014 amu
charge state: 7 e
*********************************************************
Geometric Ellipsoid: 
*********************************************************
maximal distances: 14.0369  18.4497  36.0991  Ang
Initial axis length: 65.1445  69.5573  87.2067  Ang
Ellipsoid axis length: 69.2045  73.6173  91.2667  Ang
ellipsoid calculation time: 4.69685e-05 s
maximal impact parameter: 91.2667 Ang
*********************************************************
Linked-cell: 
Numbers of cells: 2496
Nx: 12 Ny: 13 Nz: 16
Filled cells: 44
Empty cells: 2452
Average atoms per cell: 52.1136
Maximum atoms per cell: 159
Minimum atoms per cell: 1
Simulation box: 
lx: 144.12 Ang
ly: 156.13 Ang
lz: 192.16 Ang
linked-cell calculation time: 0.00255799 s
time info: 0.000118971 s
*********************************************************
Trajectory calculations 
*********************************************************
out target time: 13.0517 s
Ntraj: 10000
Nfree: 2821
Nscatter: 7172
Nlost: 7
omega: 2295.18
Ntraj: 10000
Nfree: 2752
Nscatter: 7240
Nlost: 8
omega: 2439.74
Ntraj: 10000
Nfree: 2637
Nscatter: 7351
Nlost: 12
omega: 2281.04
Ntraj: 10000
Nfree: 2784
Nscatter: 7203
Nlost: 13
omega: 2347.16
Ntraj: 10000
Nfree: 2706
Nscatter: 7280
Nlost: 14
omega: 2420.93
Ntraj: 10000
Nfree: 2766
Nscatter: 7229
Nlost: 5
omega: 2405.44
Ntraj: 10000
Nfree: 2750
Nscatter: 7238
Nlost: 12
omega: 2330.95
Ntraj: 10000
Nfree: 2726
Nscatter: 7269
Nlost: 5
omega: 2225.21
Ntraj: 10000
Nfree: 2684
Nscatter: 7310
Nlost: 6
omega: 2326.78
Ntraj: 10000
Nfree: 2612
Nscatter: 7382
Nlost: 6
omega: 2405.25
*********************************************************
task: 0
worker id: 78558
time create lcl and mol: 0.000609159 s
numbers of trajectories: 7143
time trajectory calculation: 5.12212 s
task: 1
worker id: 84742
time create lcl and mol: 0.000608921 s
numbers of trajectories: 7143
time trajectory calculation: 4.39518 s
task: 2
worker id: 79252
time create lcl and mol: 0.000598907 s
numbers of trajectories: 7143
time trajectory calculation: 5.35536 s
task: 3
worker id: 79591
time create lcl and mol: 0.000620127 s
numbers of trajectories: 7143
time trajectory calculation: 6.96729 s
task: 4
worker id: 79551
time create lcl and mol: 0.000581026 s
numbers of trajectories: 7143
time trajectory calculation: 5.12025 s
task: 5
worker id: 79270
time create lcl and mol: 0.000605106 s
numbers of trajectories: 7143
time trajectory calculation: 5.45369 s
task: 6
worker id: 79927
time create lcl and mol: 0.000600815 s
numbers of trajectories: 7143
time trajectory calculation: 8.20095 s
task: 7
worker id: 79633
time create lcl and mol: 0.000614166 s
numbers of trajectories: 7143
time trajectory calculation: 4.44718 s
task: 8
worker id: 79551
time create lcl and mol: 0.000600815 s
numbers of trajectories: 7143
time trajectory calculation: 4.82682 s
task: 9
worker id: 84742
time create lcl and mol: 0.000610113 s
numbers of trajectories: 7143
time trajectory calculation: 6.35061 s
task: 10
worker id: 79252
time create lcl and mol: 0.000597 s
numbers of trajectories: 7143
time trajectory calculation: 6.18825 s
task: 11
worker id: 79633
time create lcl and mol: 0.000615835 s
numbers of trajectories: 7143
time trajectory calculation: 4.95092 s
task: 12
worker id: 79270
time create lcl and mol: 0.000643015 s
numbers of trajectories: 7142
time trajectory calculation: 4.93832 s
task: 13
worker id: 78558
time create lcl and mol: 0.000613928 s
numbers of trajectories: 7142
time trajectory calculation: 7.86735 s
CCS time: 13.0617 s
*********************************************************
average value of CCS = 2347.77 Ang^2
error value of CCS = 20.8339 Ang^2
Total time: 13.0724 s
Program finished...
*********************************************************
INPUT:: Simulation Parameters 
*********************************************************
target filename                  : 09_1cfd_carga_7_min.xyz
number of probe                  : 10000
number of iterarions             : 10
number of tasks                  : 14
number of threads                : 24
seed number                      : 2104
gas buffer                       : N2
Target Temperature (K)           : 298
timestep (fs)                    : 10
Skin cell size (Ang)             : 0.01
Equipotential                    : no
Cut short-range interaction      : yes
LJ cutoff (Ang)                  : 12
Apply long-range interaction     : yes
Cut long-range interaction       : yes
Coulomb cutoff (Ang)             : 25
Apply induced-dipole interaction : yes
alpha (Ang^3)                    : 1.71
force_type: 6
*********************************************************
Force Field parameters: 
*********************************************************
Symbol  mass (amu)  epislon (kcal/mol)  sigma(Angstroms) 
C   12.011   0.0824736   3.2255
N   14.007   0.0758527   3.5719
H   1.008   0.0362711   1.8986
O   15.999   0.062323   3.075
S   32.06   0.138032   3.4237
P   30.9738   0.145372   3.47
*********************************************************
MOLECULE:: orientation around the inertia principal axis 
*********************************************************
Inertia matrix a.u. Ang^2: 
{  3.67619e+06  -2.34047e+06  620245  }
{  -2.34047e+06  4.07793e+06  342199  }
{  620245  342199  6.46441e+06  }
Rotation matrix applied to molecule: 
{  0.34945  -0.197899  0.915817  }
{  0.733098  0.666444  -0.135718  }
{  -0.583483  0.71881  0.377968  }
Molecule radius: 36.3181 Ang 
orientation time of molecule target: 0.00301504 s
target mass: 16713.5 amu
gas mass: 28.014 amu
reduce mass: 28.014 amu
charge state: 7 e
*********************************************************
Geometric Ellipsoid: 
*********************************************************
maximal distances: 14.0369  18.4497  36.0991  Ang
Initial axis length: 65.1445  69.5573  87.2067  Ang
Ellipsoid axis length: 69.2045  73.6173  91.2667  Ang
ellipsoid calculation time: 4.50611e-05 s
maximal impact parameter: 91.2667 Ang
*********************************************************
Linked-cell: 
Numbers of cells: 2496
Nx: 12 Ny: 13 Nz: 16
Filled cells: 44
Empty cells: 2452
Average atoms per cell: 52.1136
Maximum atoms per cell: 159
Minimum atoms per cell: 1
Simulation box: 
lx: 144.12 Ang
ly: 156.13 Ang
lz: 192.16 Ang
linked-cell calculation time: 0.00267911 s
time info: 0.000120878 s
*********************************************************
Trajectory calculations 
*********************************************************
out target time: 12.1717 s
Ntraj: 10000
Nfree: 2821
Nscatter: 7172
Nlost: 7
omega: 2295.18
Ntraj: 10000
Nfree: 2752
Nscatter: 7240
Nlost: 8
omega: 2439.74
Ntraj: 10000
Nfree: 2637
Nscatter: 7351
Nlost: 12
omega: 2281.04
Ntraj: 10000
Nfree: 2784
Nscatter: 7203
Nlost: 13
omega: 2347.16
Ntraj: 10000
Nfree: 2706
Nscatter: 7280
Nlost: 14
omega: 2420.93
Ntraj: 10000
Nfree: 2766
Nscatter: 7229
Nlost: 5
omega: 2405.44
Ntraj: 10000
Nfree: 2750
Nscatter: 7238
Nlost: 12
omega: 2330.95
Ntraj: 10000
Nfree: 2726
Nscatter: 7269
Nlost: 5
omega: 2225.21
Ntraj: 10000
Nfree: 2684
Nscatter: 7310
Nlost: 6
omega: 2326.78
Ntraj: 10000
Nfree: 2612
Nscatter: 7382
Nlost: 6
omega: 2405.25
*********************************************************
task: 0
worker id: 80341
time create lcl and mol: 0.000629902 s
numbers of trajectories: 7143
time trajectory calculation: 4.98753 s
task: 1
worker id: 85170
time create lcl and mol: 0.000611782 s
numbers of trajectories: 7143
time trajectory calculation: 4.3982 s
task: 2
worker id: 80009
time create lcl and mol: 0.000597 s
numbers of trajectories: 7143
time trajectory calculation: 5.24056 s
task: 3
worker id: 80341
time create lcl and mol: 0.000622988 s
numbers of trajectories: 7143
time trajectory calculation: 6.86534 s
task: 4
worker id: 79684
time create lcl and mol: 0.000607967 s
numbers of trajectories: 7143
time trajectory calculation: 4.97577 s
task: 5
worker id: 80049
time create lcl and mol: 0.000604868 s
numbers of trajectories: 7143
time trajectory calculation: 5.52511 s
task: 6
worker id: 79954
time create lcl and mol: 0.000589132 s
numbers of trajectories: 7143
time trajectory calculation: 8.37992 s
task: 7
worker id: 80049
time create lcl and mol: 0.000607014 s
numbers of trajectories: 7143
time trajectory calculation: 4.47288 s
task: 8
worker id: 80009
time create lcl and mol: 0.000611067 s
numbers of trajectories: 7143
time trajectory calculation: 4.82215 s
task: 9
worker id: 78975
time create lcl and mol: 0.000649929 s
numbers of trajectories: 7143
time trajectory calculation: 6.73293 s
task: 10
worker id: 79669
time create lcl and mol: 0.000771999 s
numbers of trajectories: 7143
time trajectory calculation: 6.30964 s
task: 11
worker id: 78975
time create lcl and mol: 0.000586033 s
numbers of trajectories: 7143
time trajectory calculation: 5.01329 s
task: 12
worker id: 79684
time create lcl and mol: 0.000586987 s
numbers of trajectories: 7142
time trajectory calculation: 4.92374 s
task: 13
worker id: 85170
time create lcl and mol: 0.000610828 s
numbers of trajectories: 7142
time trajectory calculation: 7.71065 s
CCS time: 12.1819 s
*********************************************************
average value of CCS = 2347.77 Ang^2
error value of CCS = 20.8339 Ang^2
Total time: 12.1927 s
Program finished...
