*********************************************************
INPUT:: Simulation Parameters 
*********************************************************
target filename                  : 06_1tei_carga_20_min.xyz
number of probe                  : 10000
number of iterarions             : 10
number of tasks                  : 28
number of threads                : 24
seed number                      : 2104
gas buffer                       : N2
Target Temperature (K)           : 298
timestep (fs)                    : 10
Skin cell size (Ang)             : 0.01
Equipotential                    : no
Cut short-range interaction      : yes
LJ cutoff (Ang)                  : 12
Apply long-range interaction     : yes
Cut long-range interaction       : yes
Coulomb cutoff (Ang)             : 25
Apply induced-dipole interaction : yes
alpha (Ang^3)                    : 1.71
force_type: 6
*********************************************************
Force Field parameters: 
*********************************************************
Symbol  mass (amu)  epislon (kcal/mol)  sigma(Angstroms) 
C   12.011   0.0824736   3.2255
N   14.007   0.0758527   3.5719
H   1.008   0.0362711   1.8986
O   15.999   0.062323   3.075
S   32.06   0.138032   3.4237
P   30.9738   0.145372   3.47
*********************************************************
MOLECULE:: orientation around the inertia principal axis 
*********************************************************
Inertia matrix a.u. Ang^2: 
{  5.56984e+07  104551  187606  }
{  104551  5.52812e+07  -465330  }
{  187606  -465330  5.46598e+07  }
Rotation matrix applied to molecule: 
{  0.986908  0.0915319  0.132793  }
{  -0.160299  0.465919  0.870186  }
{  0.0177791  -0.88008  0.474492  }
Molecule radius: 47.5788 Ang 
orientation time of molecule target: 0.032948 s
target mass: 102360 amu
gas mass: 28.014 amu
reduce mass: 28.014 amu
charge state: 20 e
*********************************************************
Geometric Ellipsoid: 
*********************************************************
maximal distances: 42.0534  42.8557  44.6132  Ang
Initial axis length: 93.161  93.9633  95.7208  Ang
Ellipsoid axis length: 98.141  98.9433  100.701  Ang
ellipsoid calculation time: 0.000132084 s
maximal impact parameter: 100.701 Ang
*********************************************************
Linked-cell: 
Numbers of cells: 4913
Nx: 17 Ny: 17 Nz: 17
Filled cells: 189
Empty cells: 4724
Average atoms per cell: 75.6349
Maximum atoms per cell: 207
Minimum atoms per cell: 1
Simulation box: 
lx: 204.17 Ang
ly: 204.17 Ang
lz: 204.17 Ang
linked-cell calculation time: 0.0059278 s
time info: 0.00050807 s
*********************************************************
Trajectory calculations 
*********************************************************
out target time: 45.4312 s
Ntraj: 10000
Nfree: 280
Nscatter: 9719
Nlost: 1
omega: 6600.66
Ntraj: 10000
Nfree: 258
Nscatter: 9739
Nlost: 3
omega: 6869.98
Ntraj: 10000
Nfree: 264
Nscatter: 9735
Nlost: 1
omega: 6646.69
Ntraj: 10000
Nfree: 278
Nscatter: 9721
Nlost: 1
omega: 6834.88
Ntraj: 10000
Nfree: 295
Nscatter: 9705
Nlost: 0
omega: 6919.28
Ntraj: 10000
Nfree: 281
Nscatter: 9719
Nlost: 0
omega: 6813.25
Ntraj: 10000
Nfree: 293
Nscatter: 9705
Nlost: 2
omega: 6642.95
Ntraj: 10000
Nfree: 272
Nscatter: 9728
Nlost: 0
omega: 6625.32
Ntraj: 10000
Nfree: 271
Nscatter: 9728
Nlost: 1
omega: 6763.84
Ntraj: 10000
Nfree: 270
Nscatter: 9728
Nlost: 2
omega: 7013.45
*********************************************************
task: 0
worker id: 3059
time create lcl and mol: 0.00146103 s
numbers of trajectories: 3572
time trajectory calculation: 9.14361 s
task: 1
worker id: 1023
time create lcl and mol: 0.001436 s
numbers of trajectories: 3572
time trajectory calculation: 4.35348 s
task: 2
worker id: 24326
time create lcl and mol: 0.00162196 s
numbers of trajectories: 3572
time trajectory calculation: 8.3832 s
task: 3
worker id: 2593
time create lcl and mol: 0.00135612 s
numbers of trajectories: 3572
time trajectory calculation: 15.2654 s
task: 4
worker id: 2464
time create lcl and mol: 0.00177193 s
numbers of trajectories: 3572
time trajectory calculation: 10.6718 s
task: 5
worker id: 1023
time create lcl and mol: 0.00140095 s
numbers of trajectories: 3572
time trajectory calculation: 19.6336 s
task: 6
worker id: 2464
time create lcl and mol: 0.00144196 s
numbers of trajectories: 3572
time trajectory calculation: 18.5125 s
task: 7
worker id: 1259
time create lcl and mol: 0.00140309 s
numbers of trajectories: 3572
time trajectory calculation: 4.78238 s
task: 8
worker id: 2593
time create lcl and mol: 0.00163484 s
numbers of trajectories: 3572
time trajectory calculation: 11.4831 s
task: 9
worker id: 1259
time create lcl and mol: 0.00154591 s
numbers of trajectories: 3572
time trajectory calculation: 8.97895 s
task: 10
worker id: 3059
time create lcl and mol: 0.00145292 s
numbers of trajectories: 3572
time trajectory calculation: 16.1946 s
task: 11
worker id: 24326
time create lcl and mol: 0.00142288 s
numbers of trajectories: 3572
time trajectory calculation: 6.56536 s
task: 12
worker id: 1023
time create lcl and mol: 0.00143003 s
numbers of trajectories: 3571
time trajectory calculation: 13.1991 s
task: 13
worker id: 2593
time create lcl and mol: 0.00147605 s
numbers of trajectories: 3571
time trajectory calculation: 5.13691 s
task: 14
worker id: 2060
time create lcl and mol: 0.00143003 s
numbers of trajectories: 3571
time trajectory calculation: 5.98308 s
task: 15
worker id: 3059
time create lcl and mol: 0.00135493 s
numbers of trajectories: 3571
time trajectory calculation: 7.01908 s
task: 16
worker id: 97923
time create lcl and mol: 0.00134993 s
numbers of trajectories: 3571
time trajectory calculation: 7.05452 s
task: 17
worker id: 97923
time create lcl and mol: 0.00139093 s
numbers of trajectories: 3571
time trajectory calculation: 4.49442 s
task: 18
worker id: 1259
time create lcl and mol: 0.00147605 s
numbers of trajectories: 3571
time trajectory calculation: 15.8912 s
task: 19
worker id: 97923
time create lcl and mol: 0.00147605 s
numbers of trajectories: 3571
time trajectory calculation: 8.10243 s
task: 20
worker id: 2060
time create lcl and mol: 0.00138307 s
numbers of trajectories: 3571
time trajectory calculation: 6.54368 s
task: 21
worker id: 97923
time create lcl and mol: 0.00176811 s
numbers of trajectories: 3571
time trajectory calculation: 7.44019 s
task: 22
worker id: 3059
time create lcl and mol: 0.00149107 s
numbers of trajectories: 3571
time trajectory calculation: 5.61684 s
task: 23
worker id: 1259
time create lcl and mol: 0.00180006 s
numbers of trajectories: 3571
time trajectory calculation: 6.95353 s
task: 24
worker id: 2464
time create lcl and mol: 0.00139403 s
numbers of trajectories: 3571
time trajectory calculation: 16.1404 s
task: 25
worker id: 2060
time create lcl and mol: 0.00143886 s
numbers of trajectories: 3571
time trajectory calculation: 16.3855 s
task: 26
worker id: 24326
time create lcl and mol: 0.00146604 s
numbers of trajectories: 3571
time trajectory calculation: 14.5255 s
task: 27
worker id: 24326
time create lcl and mol: 0.00141501 s
numbers of trajectories: 3571
time trajectory calculation: 8.11127 s
CCS time: 45.4415 s
*********************************************************
average value of CCS = 6773.03 Ang^2
error value of CCS = 42.2522 Ang^2
Total time: 45.4854 s
Program finished...
*********************************************************
INPUT:: Simulation Parameters 
*********************************************************
target filename                  : 06_1tei_carga_20_min.xyz
number of probe                  : 10000
number of iterarions             : 10
number of tasks                  : 28
number of threads                : 24
seed number                      : 2104
gas buffer                       : N2
Target Temperature (K)           : 298
timestep (fs)                    : 10
Skin cell size (Ang)             : 0.01
Equipotential                    : no
Cut short-range interaction      : yes
LJ cutoff (Ang)                  : 12
Apply long-range interaction     : yes
Cut long-range interaction       : yes
Coulomb cutoff (Ang)             : 25
Apply induced-dipole interaction : yes
alpha (Ang^3)                    : 1.71
force_type: 6
*********************************************************
Force Field parameters: 
*********************************************************
Symbol  mass (amu)  epislon (kcal/mol)  sigma(Angstroms) 
C   12.011   0.0824736   3.2255
N   14.007   0.0758527   3.5719
H   1.008   0.0362711   1.8986
O   15.999   0.062323   3.075
S   32.06   0.138032   3.4237
P   30.9738   0.145372   3.47
*********************************************************
MOLECULE:: orientation around the inertia principal axis 
*********************************************************
Inertia matrix a.u. Ang^2: 
{  5.56984e+07  104551  187606  }
{  104551  5.52812e+07  -465330  }
{  187606  -465330  5.46598e+07  }
Rotation matrix applied to molecule: 
{  0.986908  0.0915319  0.132793  }
{  -0.160299  0.465919  0.870186  }
{  0.0177791  -0.88008  0.474492  }
Molecule radius: 47.5788 Ang 
orientation time of molecule target: 0.0149069 s
target mass: 102360 amu
gas mass: 28.014 amu
reduce mass: 28.014 amu
charge state: 20 e
*********************************************************
Geometric Ellipsoid: 
*********************************************************
maximal distances: 42.0534  42.8557  44.6132  Ang
Initial axis length: 93.161  93.9633  95.7208  Ang
Ellipsoid axis length: 98.141  98.9433  100.701  Ang
ellipsoid calculation time: 0.000126839 s
maximal impact parameter: 100.701 Ang
*********************************************************
Linked-cell: 
Numbers of cells: 4913
Nx: 17 Ny: 17 Nz: 17
Filled cells: 189
Empty cells: 4724
Average atoms per cell: 75.6349
Maximum atoms per cell: 207
Minimum atoms per cell: 1
Simulation box: 
lx: 204.17 Ang
ly: 204.17 Ang
lz: 204.17 Ang
linked-cell calculation time: 0.00617409 s
time info: 0.000515938 s
*********************************************************
Trajectory calculations 
*********************************************************
out target time: 41.2806 s
Ntraj: 10000
Nfree: 280
Nscatter: 9719
Nlost: 1
omega: 6600.66
Ntraj: 10000
Nfree: 258
Nscatter: 9739
Nlost: 3
omega: 6869.98
Ntraj: 10000
Nfree: 264
Nscatter: 9735
Nlost: 1
omega: 6646.69
Ntraj: 10000
Nfree: 278
Nscatter: 9721
Nlost: 1
omega: 6834.88
Ntraj: 10000
Nfree: 295
Nscatter: 9705
Nlost: 0
omega: 6919.28
Ntraj: 10000
Nfree: 281
Nscatter: 9719
Nlost: 0
omega: 6813.25
Ntraj: 10000
Nfree: 293
Nscatter: 9705
Nlost: 2
omega: 6642.95
Ntraj: 10000
Nfree: 272
Nscatter: 9728
Nlost: 0
omega: 6625.32
Ntraj: 10000
Nfree: 271
Nscatter: 9728
Nlost: 1
omega: 6763.84
Ntraj: 10000
Nfree: 270
Nscatter: 9728
Nlost: 2
omega: 7013.45
*********************************************************
task: 0
worker id: 4276
time create lcl and mol: 0.00168896 s
numbers of trajectories: 3572
time trajectory calculation: 9.14571 s
task: 1
worker id: 2879
time create lcl and mol: 0.00139809 s
numbers of trajectories: 3572
time trajectory calculation: 4.3795 s
task: 2
worker id: 3899
time create lcl and mol: 0.00146389 s
numbers of trajectories: 3572
time trajectory calculation: 8.25147 s
task: 3
worker id: 26018
time create lcl and mol: 0.00143003 s
numbers of trajectories: 3572
time trajectory calculation: 15.5054 s
task: 4
worker id: 4749
time create lcl and mol: 0.00138497 s
numbers of trajectories: 3572
time trajectory calculation: 10.6509 s
task: 5
worker id: 3117
time create lcl and mol: 0.00135994 s
numbers of trajectories: 3572
time trajectory calculation: 19.9056 s
task: 6
worker id: 4395
time create lcl and mol: 0.00139308 s
numbers of trajectories: 3572
time trajectory calculation: 18.4571 s
task: 7
worker id: 1886
time create lcl and mol: 0.00162601 s
numbers of trajectories: 3572
time trajectory calculation: 4.7374 s
task: 8
worker id: 4276
time create lcl and mol: 0.00141096 s
numbers of trajectories: 3572
time trajectory calculation: 11.0153 s
task: 9
worker id: 2879
time create lcl and mol: 0.00141907 s
numbers of trajectories: 3572
time trajectory calculation: 8.78424 s
task: 10
worker id: 1886
time create lcl and mol: 0.00137806 s
numbers of trajectories: 3572
time trajectory calculation: 16.1438 s
task: 11
worker id: 1886
time create lcl and mol: 0.00139308 s
numbers of trajectories: 3572
time trajectory calculation: 6.36694 s
task: 12
worker id: 3899
time create lcl and mol: 0.00145102 s
numbers of trajectories: 3571
time trajectory calculation: 13.6342 s
task: 13
worker id: 4749
time create lcl and mol: 0.00145793 s
numbers of trajectories: 3571
time trajectory calculation: 5.03988 s
task: 14
worker id: 2879
time create lcl and mol: 0.00139189 s
numbers of trajectories: 3571
time trajectory calculation: 5.95685 s
task: 15
worker id: 4276
time create lcl and mol: 0.00146508 s
numbers of trajectories: 3571
time trajectory calculation: 7.02486 s
task: 16
worker id: 3899
time create lcl and mol: 0.00137115 s
numbers of trajectories: 3571
time trajectory calculation: 7.17913 s
task: 17
worker id: 3117
time create lcl and mol: 0.00130606 s
numbers of trajectories: 3571
time trajectory calculation: 4.44777 s
task: 18
worker id: 26018
time create lcl and mol: 0.00139499 s
numbers of trajectories: 3571
time trajectory calculation: 16.3342 s
task: 19
worker id: 1886
time create lcl and mol: 0.00148487 s
numbers of trajectories: 3571
time trajectory calculation: 7.92005 s
task: 20
worker id: 2879
time create lcl and mol: 0.00138783 s
numbers of trajectories: 3571
time trajectory calculation: 6.53474 s
task: 21
worker id: 3899
time create lcl and mol: 0.00144315 s
numbers of trajectories: 3571
time trajectory calculation: 7.43415 s
task: 22
worker id: 26018
time create lcl and mol: 0.00146198 s
numbers of trajectories: 3571
time trajectory calculation: 5.61326 s
task: 23
worker id: 2879
time create lcl and mol: 0.00138688 s
numbers of trajectories: 3571
time trajectory calculation: 6.68691 s
task: 24
worker id: 4749
time create lcl and mol: 0.00134587 s
numbers of trajectories: 3571
time trajectory calculation: 16.2618 s
task: 25
worker id: 3117
time create lcl and mol: 0.00132895 s
numbers of trajectories: 3571
time trajectory calculation: 16.8514 s
task: 26
worker id: 4395
time create lcl and mol: 0.001616 s
numbers of trajectories: 3571
time trajectory calculation: 14.0143 s
task: 27
worker id: 4276
time create lcl and mol: 0.0014298 s
numbers of trajectories: 3571
time trajectory calculation: 8.02798 s
CCS time: 41.2914 s
*********************************************************
average value of CCS = 6773.03 Ang^2
error value of CCS = 42.2522 Ang^2
Total time: 41.3176 s
Program finished...
*********************************************************
INPUT:: Simulation Parameters 
*********************************************************
target filename                  : 06_1tei_carga_20_min.xyz
number of probe                  : 10000
number of iterarions             : 10
number of tasks                  : 28
number of threads                : 24
seed number                      : 2104
gas buffer                       : N2
Target Temperature (K)           : 298
timestep (fs)                    : 10
Skin cell size (Ang)             : 0.01
Equipotential                    : no
Cut short-range interaction      : yes
LJ cutoff (Ang)                  : 12
Apply long-range interaction     : yes
Cut long-range interaction       : yes
Coulomb cutoff (Ang)             : 25
Apply induced-dipole interaction : yes
alpha (Ang^3)                    : 1.71
force_type: 6
*********************************************************
Force Field parameters: 
*********************************************************
Symbol  mass (amu)  epislon (kcal/mol)  sigma(Angstroms) 
C   12.011   0.0824736   3.2255
N   14.007   0.0758527   3.5719
H   1.008   0.0362711   1.8986
O   15.999   0.062323   3.075
S   32.06   0.138032   3.4237
P   30.9738   0.145372   3.47
*********************************************************
MOLECULE:: orientation around the inertia principal axis 
*********************************************************
Inertia matrix a.u. Ang^2: 
{  5.56984e+07  104551  187606  }
{  104551  5.52812e+07  -465330  }
{  187606  -465330  5.46598e+07  }
Rotation matrix applied to molecule: 
{  0.986908  0.0915319  0.132793  }
{  -0.160299  0.465919  0.870186  }
{  0.0177791  -0.88008  0.474492  }
Molecule radius: 47.5788 Ang 
orientation time of molecule target: 0.0142238 s
target mass: 102360 amu
gas mass: 28.014 amu
reduce mass: 28.014 amu
charge state: 20 e
*********************************************************
Geometric Ellipsoid: 
*********************************************************
maximal distances: 42.0534  42.8557  44.6132  Ang
Initial axis length: 93.161  93.9633  95.7208  Ang
Ellipsoid axis length: 98.141  98.9433  100.701  Ang
ellipsoid calculation time: 0.000123024 s
maximal impact parameter: 100.701 Ang
*********************************************************
Linked-cell: 
Numbers of cells: 4913
Nx: 17 Ny: 17 Nz: 17
Filled cells: 189
Empty cells: 4724
Average atoms per cell: 75.6349
Maximum atoms per cell: 207
Minimum atoms per cell: 1
Simulation box: 
lx: 204.17 Ang
ly: 204.17 Ang
lz: 204.17 Ang
linked-cell calculation time: 0.00589585 s
time info: 0.000500202 s
*********************************************************
Trajectory calculations 
*********************************************************
out target time: 41.1163 s
Ntraj: 10000
Nfree: 280
Nscatter: 9719
Nlost: 1
omega: 6600.66
Ntraj: 10000
Nfree: 258
Nscatter: 9739
Nlost: 3
omega: 6869.98
Ntraj: 10000
Nfree: 264
Nscatter: 9735
Nlost: 1
omega: 6646.69
Ntraj: 10000
Nfree: 278
Nscatter: 9721
Nlost: 1
omega: 6834.88
Ntraj: 10000
Nfree: 295
Nscatter: 9705
Nlost: 0
omega: 6919.28
Ntraj: 10000
Nfree: 281
Nscatter: 9719
Nlost: 0
omega: 6813.25
Ntraj: 10000
Nfree: 293
Nscatter: 9705
Nlost: 2
omega: 6642.95
Ntraj: 10000
Nfree: 272
Nscatter: 9728
Nlost: 0
omega: 6625.32
Ntraj: 10000
Nfree: 271
Nscatter: 9728
Nlost: 1
omega: 6763.84
Ntraj: 10000
Nfree: 270
Nscatter: 9728
Nlost: 2
omega: 7013.45
*********************************************************
task: 0
worker id: 4284
time create lcl and mol: 0.00139117 s
numbers of trajectories: 3572
time trajectory calculation: 8.81395 s
task: 1
worker id: 3441
time create lcl and mol: 0.00139284 s
numbers of trajectories: 3572
time trajectory calculation: 4.30697 s
task: 2
worker id: 5293
time create lcl and mol: 0.00140691 s
numbers of trajectories: 3572
time trajectory calculation: 7.89417 s
task: 3
worker id: 5669
time create lcl and mol: 0.00138998 s
numbers of trajectories: 3572
time trajectory calculation: 15.38 s
task: 4
worker id: 5798
time create lcl and mol: 0.001405 s
numbers of trajectories: 3572
time trajectory calculation: 10.2674 s
task: 5
worker id: 27419
time create lcl and mol: 0.001369 s
numbers of trajectories: 3572
time trajectory calculation: 19.9611 s
task: 6
worker id: 4510
time create lcl and mol: 0.00139117 s
numbers of trajectories: 3572
time trajectory calculation: 18.7718 s
task: 7
worker id: 6143
time create lcl and mol: 0.00139117 s
numbers of trajectories: 3572
time trajectory calculation: 4.77059 s
task: 8
worker id: 27419
time create lcl and mol: 0.00129199 s
numbers of trajectories: 3572
time trajectory calculation: 10.9049 s
task: 9
worker id: 6143
time create lcl and mol: 0.00142694 s
numbers of trajectories: 3572
time trajectory calculation: 8.54487 s
task: 10
worker id: 5798
time create lcl and mol: 0.00140119 s
numbers of trajectories: 3572
time trajectory calculation: 16.2179 s
task: 11
worker id: 3441
time create lcl and mol: 0.00139284 s
numbers of trajectories: 3572
time trajectory calculation: 6.41554 s
task: 12
worker id: 6143
time create lcl and mol: 0.00132394 s
numbers of trajectories: 3571
time trajectory calculation: 13.3602 s
task: 13
worker id: 4510
time create lcl and mol: 0.00130606 s
numbers of trajectories: 3571
time trajectory calculation: 5.01618 s
task: 14
worker id: 6143
time create lcl and mol: 0.00147796 s
numbers of trajectories: 3571
time trajectory calculation: 5.98551 s
task: 15
worker id: 5669
time create lcl and mol: 0.00136805 s
numbers of trajectories: 3571
time trajectory calculation: 7.03657 s
task: 16
worker id: 27419
time create lcl and mol: 0.0013411 s
numbers of trajectories: 3571
time trajectory calculation: 7.0029 s
task: 17
worker id: 5798
time create lcl and mol: 0.00137591 s
numbers of trajectories: 3571
time trajectory calculation: 4.4332 s
task: 18
worker id: 4284
time create lcl and mol: 0.001333 s
numbers of trajectories: 3571
time trajectory calculation: 15.9598 s
task: 19
worker id: 5293
time create lcl and mol: 0.00136209 s
numbers of trajectories: 3571
time trajectory calculation: 7.91384 s
task: 20
worker id: 3441
time create lcl and mol: 0.00139999 s
numbers of trajectories: 3571
time trajectory calculation: 6.42905 s
task: 21
worker id: 3441
time create lcl and mol: 0.00133204 s
numbers of trajectories: 3571
time trajectory calculation: 7.49074 s
task: 22
worker id: 4510
time create lcl and mol: 0.00139809 s
numbers of trajectories: 3571
time trajectory calculation: 5.55779 s
task: 23
worker id: 3441
time create lcl and mol: 0.00128293 s
numbers of trajectories: 3571
time trajectory calculation: 6.68383 s
task: 24
worker id: 4284
time create lcl and mol: 0.00134397 s
numbers of trajectories: 3571
time trajectory calculation: 16.2638 s
task: 25
worker id: 5669
time create lcl and mol: 0.00139499 s
numbers of trajectories: 3571
time trajectory calculation: 16.5112 s
task: 26
worker id: 5293
time create lcl and mol: 0.00144196 s
numbers of trajectories: 3571
time trajectory calculation: 14.566 s
task: 27
worker id: 6143
time create lcl and mol: 0.00140381 s
numbers of trajectories: 3571
time trajectory calculation: 7.80513 s
CCS time: 41.1265 s
*********************************************************
average value of CCS = 6773.03 Ang^2
error value of CCS = 42.2522 Ang^2
Total time: 41.1515 s
Program finished...
*********************************************************
INPUT:: Simulation Parameters 
*********************************************************
target filename                  : 06_1tei_carga_20_min.xyz
number of probe                  : 10000
number of iterarions             : 10
number of tasks                  : 28
number of threads                : 24
seed number                      : 2104
gas buffer                       : N2
Target Temperature (K)           : 298
timestep (fs)                    : 10
Skin cell size (Ang)             : 0.01
Equipotential                    : no
Cut short-range interaction      : yes
LJ cutoff (Ang)                  : 12
Apply long-range interaction     : yes
Cut long-range interaction       : yes
Coulomb cutoff (Ang)             : 25
Apply induced-dipole interaction : yes
alpha (Ang^3)                    : 1.71
force_type: 6
*********************************************************
Force Field parameters: 
*********************************************************
Symbol  mass (amu)  epislon (kcal/mol)  sigma(Angstroms) 
C   12.011   0.0824736   3.2255
N   14.007   0.0758527   3.5719
H   1.008   0.0362711   1.8986
O   15.999   0.062323   3.075
S   32.06   0.138032   3.4237
P   30.9738   0.145372   3.47
*********************************************************
MOLECULE:: orientation around the inertia principal axis 
*********************************************************
Inertia matrix a.u. Ang^2: 
{  5.56984e+07  104551  187606  }
{  104551  5.52812e+07  -465330  }
{  187606  -465330  5.46598e+07  }
Rotation matrix applied to molecule: 
{  0.986908  0.0915319  0.132793  }
{  -0.160299  0.465919  0.870186  }
{  0.0177791  -0.88008  0.474492  }
Molecule radius: 47.5788 Ang 
orientation time of molecule target: 0.0143139 s
target mass: 102360 amu
gas mass: 28.014 amu
reduce mass: 28.014 amu
charge state: 20 e
*********************************************************
Geometric Ellipsoid: 
*********************************************************
maximal distances: 42.0534  42.8557  44.6132  Ang
Initial axis length: 93.161  93.9633  95.7208  Ang
Ellipsoid axis length: 98.141  98.9433  100.701  Ang
ellipsoid calculation time: 0.000133991 s
maximal impact parameter: 100.701 Ang
*********************************************************
Linked-cell: 
Numbers of cells: 4913
Nx: 17 Ny: 17 Nz: 17
Filled cells: 189
Empty cells: 4724
Average atoms per cell: 75.6349
Maximum atoms per cell: 207
Minimum atoms per cell: 1
Simulation box: 
lx: 204.17 Ang
ly: 204.17 Ang
lz: 204.17 Ang
linked-cell calculation time: 0.00589991 s
time info: 0.000496864 s
*********************************************************
Trajectory calculations 
*********************************************************
out target time: 39.1164 s
Ntraj: 10000
Nfree: 280
Nscatter: 9719
Nlost: 1
omega: 6600.66
Ntraj: 10000
Nfree: 258
Nscatter: 9739
Nlost: 3
omega: 6869.98
Ntraj: 10000
Nfree: 264
Nscatter: 9735
Nlost: 1
omega: 6646.69
Ntraj: 10000
Nfree: 278
Nscatter: 9721
Nlost: 1
omega: 6834.88
Ntraj: 10000
Nfree: 295
Nscatter: 9705
Nlost: 0
omega: 6919.28
Ntraj: 10000
Nfree: 281
Nscatter: 9719
Nlost: 0
omega: 6813.25
Ntraj: 10000
Nfree: 293
Nscatter: 9705
Nlost: 2
omega: 6642.95
Ntraj: 10000
Nfree: 272
Nscatter: 9728
Nlost: 0
omega: 6625.32
Ntraj: 10000
Nfree: 271
Nscatter: 9728
Nlost: 1
omega: 6763.84
Ntraj: 10000
Nfree: 270
Nscatter: 9728
Nlost: 2
omega: 7013.45
*********************************************************
task: 0
worker id: 5084
time create lcl and mol: 0.00132012 s
numbers of trajectories: 3572
time trajectory calculation: 8.97401 s
task: 1
worker id: 5923
time create lcl and mol: 0.00159883 s
numbers of trajectories: 3572
time trajectory calculation: 4.36994 s
task: 2
worker id: 6935
time create lcl and mol: 0.00165606 s
numbers of trajectories: 3572
time trajectory calculation: 8.07213 s
task: 3
worker id: 29075
time create lcl and mol: 0.00146198 s
numbers of trajectories: 3572
time trajectory calculation: 15.7653 s
task: 4
worker id: 6149
time create lcl and mol: 0.00146413 s
numbers of trajectories: 3572
time trajectory calculation: 10.8341 s
task: 5
worker id: 7433
time create lcl and mol: 0.00156212 s
numbers of trajectories: 3572
time trajectory calculation: 19.3892 s
task: 6
worker id: 7307
time create lcl and mol: 0.001436 s
numbers of trajectories: 3572
time trajectory calculation: 17.7945 s
task: 7
worker id: 7785
time create lcl and mol: 0.00143909 s
numbers of trajectories: 3572
time trajectory calculation: 4.66015 s
task: 8
worker id: 5923
time create lcl and mol: 0.00133586 s
numbers of trajectories: 3572
time trajectory calculation: 11.5008 s
task: 9
worker id: 7307
time create lcl and mol: 0.00143504 s
numbers of trajectories: 3572
time trajectory calculation: 8.53915 s
task: 10
worker id: 7433
time create lcl and mol: 0.00146413 s
numbers of trajectories: 3572
time trajectory calculation: 16.4905 s
task: 11
worker id: 6935
time create lcl and mol: 0.00157404 s
numbers of trajectories: 3572
time trajectory calculation: 6.27655 s
task: 12
worker id: 29075
time create lcl and mol: 0.00136089 s
numbers of trajectories: 3571
time trajectory calculation: 13.6292 s
task: 13
worker id: 29075
time create lcl and mol: 0.00145817 s
numbers of trajectories: 3571
time trajectory calculation: 5.08966 s
task: 14
worker id: 6149
time create lcl and mol: 0.00138617 s
numbers of trajectories: 3571
time trajectory calculation: 5.77612 s
task: 15
worker id: 7785
time create lcl and mol: 0.00148082 s
numbers of trajectories: 3571
time trajectory calculation: 6.97569 s
task: 16
worker id: 7785
time create lcl and mol: 0.00154018 s
numbers of trajectories: 3571
time trajectory calculation: 7.17903 s
task: 17
worker id: 29075
time create lcl and mol: 0.00142479 s
numbers of trajectories: 3571
time trajectory calculation: 4.52226 s
task: 18
worker id: 5923
time create lcl and mol: 0.00145888 s
numbers of trajectories: 3571
time trajectory calculation: 15.5322 s
task: 19
worker id: 6149
time create lcl and mol: 0.00128508 s
numbers of trajectories: 3571
time trajectory calculation: 7.79554 s
task: 20
worker id: 7307
time create lcl and mol: 0.00141811 s
numbers of trajectories: 3571
time trajectory calculation: 6.38394 s
task: 21
worker id: 5923
time create lcl and mol: 0.00152206 s
numbers of trajectories: 3571
time trajectory calculation: 7.36274 s
task: 22
worker id: 5084
time create lcl and mol: 0.00138998 s
numbers of trajectories: 3571
time trajectory calculation: 5.51128 s
task: 23
worker id: 6149
time create lcl and mol: 0.00142097 s
numbers of trajectories: 3571
time trajectory calculation: 6.82324 s
task: 24
worker id: 6935
time create lcl and mol: 0.00146699 s
numbers of trajectories: 3571
time trajectory calculation: 15.7921 s
task: 25
worker id: 7785
time create lcl and mol: 0.00140405 s
numbers of trajectories: 3571
time trajectory calculation: 16.7556 s
task: 26
worker id: 5084
time create lcl and mol: 0.00133204 s
numbers of trajectories: 3571
time trajectory calculation: 14.479 s
task: 27
worker id: 5084
time create lcl and mol: 0.00129509 s
numbers of trajectories: 3571
time trajectory calculation: 7.91728 s
CCS time: 39.1267 s
*********************************************************
average value of CCS = 6773.03 Ang^2
error value of CCS = 42.2522 Ang^2
Total time: 39.1522 s
Program finished...
*********************************************************
INPUT:: Simulation Parameters 
*********************************************************
target filename                  : 06_1tei_carga_20_min.xyz
number of probe                  : 10000
number of iterarions             : 10
number of tasks                  : 28
number of threads                : 24
seed number                      : 2104
gas buffer                       : N2
Target Temperature (K)           : 298
timestep (fs)                    : 10
Skin cell size (Ang)             : 0.01
Equipotential                    : no
Cut short-range interaction      : yes
LJ cutoff (Ang)                  : 12
Apply long-range interaction     : yes
Cut long-range interaction       : yes
Coulomb cutoff (Ang)             : 25
Apply induced-dipole interaction : yes
alpha (Ang^3)                    : 1.71
force_type: 6
*********************************************************
Force Field parameters: 
*********************************************************
Symbol  mass (amu)  epislon (kcal/mol)  sigma(Angstroms) 
C   12.011   0.0824736   3.2255
N   14.007   0.0758527   3.5719
H   1.008   0.0362711   1.8986
O   15.999   0.062323   3.075
S   32.06   0.138032   3.4237
P   30.9738   0.145372   3.47
*********************************************************
MOLECULE:: orientation around the inertia principal axis 
*********************************************************
Inertia matrix a.u. Ang^2: 
{  5.56984e+07  104551  187606  }
{  104551  5.52812e+07  -465330  }
{  187606  -465330  5.46598e+07  }
Rotation matrix applied to molecule: 
{  0.986908  0.0915319  0.132793  }
{  -0.160299  0.465919  0.870186  }
{  0.0177791  -0.88008  0.474492  }
Molecule radius: 47.5788 Ang 
orientation time of molecule target: 0.015274 s
target mass: 102360 amu
gas mass: 28.014 amu
reduce mass: 28.014 amu
charge state: 20 e
*********************************************************
Geometric Ellipsoid: 
*********************************************************
maximal distances: 42.0534  42.8557  44.6132  Ang
Initial axis length: 93.161  93.9633  95.7208  Ang
Ellipsoid axis length: 98.141  98.9433  100.701  Ang
ellipsoid calculation time: 0.000155926 s
maximal impact parameter: 100.701 Ang
*********************************************************
Linked-cell: 
Numbers of cells: 4913
Nx: 17 Ny: 17 Nz: 17
Filled cells: 189
Empty cells: 4724
Average atoms per cell: 75.6349
Maximum atoms per cell: 207
Minimum atoms per cell: 1
Simulation box: 
lx: 204.17 Ang
ly: 204.17 Ang
lz: 204.17 Ang
linked-cell calculation time: 0.0060029 s
time info: 0.000482798 s
*********************************************************
Trajectory calculations 
*********************************************************
out target time: 39.5712 s
Ntraj: 10000
Nfree: 280
Nscatter: 9719
Nlost: 1
omega: 6600.66
Ntraj: 10000
Nfree: 258
Nscatter: 9739
Nlost: 3
omega: 6869.98
Ntraj: 10000
Nfree: 264
Nscatter: 9735
Nlost: 1
omega: 6646.69
Ntraj: 10000
Nfree: 278
Nscatter: 9721
Nlost: 1
omega: 6834.88
Ntraj: 10000
Nfree: 295
Nscatter: 9705
Nlost: 0
omega: 6919.28
Ntraj: 10000
Nfree: 281
Nscatter: 9719
Nlost: 0
omega: 6813.25
Ntraj: 10000
Nfree: 293
Nscatter: 9705
Nlost: 2
omega: 6642.95
Ntraj: 10000
Nfree: 272
Nscatter: 9728
Nlost: 0
omega: 6625.32
Ntraj: 10000
Nfree: 271
Nscatter: 9728
Nlost: 1
omega: 6763.84
Ntraj: 10000
Nfree: 270
Nscatter: 9728
Nlost: 2
omega: 7013.45
*********************************************************
task: 0
worker id: 7508
time create lcl and mol: 0.00138593 s
numbers of trajectories: 3572
time trajectory calculation: 8.96761 s
task: 1
worker id: 30448
time create lcl and mol: 0.00157094 s
numbers of trajectories: 3572
time trajectory calculation: 4.26557 s
task: 2
worker id: 9145
time create lcl and mol: 0.00145102 s
numbers of trajectories: 3572
time trajectory calculation: 8.03238 s
task: 3
worker id: 7285
time create lcl and mol: 0.00145006 s
numbers of trajectories: 3572
time trajectory calculation: 15.4749 s
task: 4
worker id: 8295
time create lcl and mol: 0.001441 s
numbers of trajectories: 3572
time trajectory calculation: 10.363 s
task: 5
worker id: 6440
time create lcl and mol: 0.00154614 s
numbers of trajectories: 3572
time trajectory calculation: 19.4618 s
task: 6
worker id: 8794
time create lcl and mol: 0.00139403 s
numbers of trajectories: 3572
time trajectory calculation: 18.7868 s
task: 7
worker id: 8663
time create lcl and mol: 0.00138879 s
numbers of trajectories: 3572
time trajectory calculation: 4.59045 s
task: 8
worker id: 7508
time create lcl and mol: 0.00146079 s
numbers of trajectories: 3572
time trajectory calculation: 11.4994 s
task: 9
worker id: 9145
time create lcl and mol: 0.00142312 s
numbers of trajectories: 3572
time trajectory calculation: 8.72166 s
task: 10
worker id: 30448
time create lcl and mol: 0.00130916 s
numbers of trajectories: 3572
time trajectory calculation: 16.2639 s
task: 11
worker id: 30448
time create lcl and mol: 0.00142193 s
numbers of trajectories: 3572
time trajectory calculation: 6.48999 s
task: 12
worker id: 9145
time create lcl and mol: 0.0015161 s
numbers of trajectories: 3571
time trajectory calculation: 13.3432 s
task: 13
worker id: 8663
time create lcl and mol: 0.00130701 s
numbers of trajectories: 3571
time trajectory calculation: 5.01112 s
task: 14
worker id: 9145
time create lcl and mol: 0.00155783 s
numbers of trajectories: 3571
time trajectory calculation: 5.70898 s
task: 15
worker id: 6440
time create lcl and mol: 0.001436 s
numbers of trajectories: 3571
time trajectory calculation: 7.15705 s
task: 16
worker id: 8794
time create lcl and mol: 0.00131679 s
numbers of trajectories: 3571
time trajectory calculation: 6.91286 s
task: 17
worker id: 8794
time create lcl and mol: 0.00134301 s
numbers of trajectories: 3571
time trajectory calculation: 4.44955 s
task: 18
worker id: 8663
time create lcl and mol: 0.00141597 s
numbers of trajectories: 3571
time trajectory calculation: 16.2136 s
task: 19
worker id: 6440
time create lcl and mol: 0.00139999 s
numbers of trajectories: 3571
time trajectory calculation: 8.06663 s
task: 20
worker id: 8295
time create lcl and mol: 0.00134611 s
numbers of trajectories: 3571
time trajectory calculation: 6.51628 s
task: 21
worker id: 8663
time create lcl and mol: 0.00139999 s
numbers of trajectories: 3571
time trajectory calculation: 7.19123 s
task: 22
worker id: 30448
time create lcl and mol: 0.00149798 s
numbers of trajectories: 3571
time trajectory calculation: 5.45133 s
task: 23
worker id: 30448
time create lcl and mol: 0.00145102 s
numbers of trajectories: 3571
time trajectory calculation: 6.84252 s
task: 24
worker id: 7285
time create lcl and mol: 0.00144696 s
numbers of trajectories: 3571
time trajectory calculation: 16.0841 s
task: 25
worker id: 7508
time create lcl and mol: 0.00147104 s
numbers of trajectories: 3571
time trajectory calculation: 16.4215 s
task: 26
worker id: 8295
time create lcl and mol: 0.00140786 s
numbers of trajectories: 3571
time trajectory calculation: 14.5196 s
task: 27
worker id: 7285
time create lcl and mol: 0.00149822 s
numbers of trajectories: 3571
time trajectory calculation: 7.93176 s
CCS time: 39.5814 s
*********************************************************
average value of CCS = 6773.03 Ang^2
error value of CCS = 42.2522 Ang^2
Total time: 39.6084 s
Program finished...
