*********************************************************
INPUT:: Simulation Parameters 
*********************************************************
target filename                  : 6vsb_pH8.xyz
number of probe                  : 10000
number of iterarions             : 10
number of tasks                  : 26
number of threads                : 24
seed number                      : 2104
gas buffer                       : N2
Target Temperature (K)           : 298
timestep (fs)                    : 10
Skin cell size (Ang)             : 0.01
Equipotential                    : no
Cut short-range interaction      : yes
LJ cutoff (Ang)                  : 12
Apply long-range interaction     : yes
Cut long-range interaction       : yes
Coulomb cutoff (Ang)             : 25
Apply induced-dipole interaction : yes
alpha (Ang^3)                    : 1.71
force_type: 6
*********************************************************
Force Field parameters: 
*********************************************************
Symbol  mass (amu)  epislon (kcal/mol)  sigma(Angstroms) 
C   12.011   0.0824736   3.2255
N   14.007   0.0758527   3.5719
H   1.008   0.0362711   1.8986
O   15.999   0.062323   3.075
S   32.06   0.138032   3.4237
P   30.9738   0.145372   3.47
*********************************************************
MOLECULE:: orientation around the inertia principal axis 
*********************************************************
Inertia matrix a.u. Ang^2: 
{  5.96602e+08  -2.76401e+06  2.13405e+06  }
{  -2.76401e+06  5.91979e+08  5.29065e+06  }
{  2.13405e+06  5.29065e+06  3.21168e+08  }
Rotation matrix applied to molecule: 
{  0.905562  -0.424213  -0.00112692  }
{  0.00793947  0.0196042  -0.999776  }
{  0.42414  0.90535  0.0211208  }
Molecule radius: 92.1165 Ang 
orientation time of molecule target: 0.146528 s
target mass: 322081 amu
gas mass: 28.014 amu
reduce mass: 28.014 amu
charge state: -24.0016 e
*********************************************************
Geometric Ellipsoid: 
*********************************************************
maximal distances: 67.6873  68.9213  91.9941  Ang
Initial axis length: 118.795  120.029  143.102  Ang
Ellipsoid axis length: 126.195  127.429  150.502  Ang
ellipsoid calculation time: 0.000332832 s
maximal impact parameter: 150.502 Ang
*********************************************************
Linked-cell: 
Numbers of cells: 12584
Nx: 22 Ny: 22 Nz: 26
Filled cells: 586
Empty cells: 11998
Average atoms per cell: 76.6945
Maximum atoms per cell: 206
Minimum atoms per cell: 1
Simulation box: 
lx: 264.22 Ang
ly: 264.22 Ang
lz: 312.26 Ang
linked-cell calculation time: 0.0155449 s
time info: 0.00150299 s
*********************************************************
Trajectory calculations 
*********************************************************
out target time: 82.9586 s
Ntraj: 10000
Nfree: 2100
Nscatter: 7895
Nlost: 5
omega: 17155.8
Ntraj: 10000
Nfree: 2035
Nscatter: 7957
Nlost: 8
omega: 17550.1
Ntraj: 10000
Nfree: 1925
Nscatter: 8074
Nlost: 1
omega: 17142.7
Ntraj: 10000
Nfree: 2040
Nscatter: 7959
Nlost: 1
omega: 16752.7
Ntraj: 10000
Nfree: 2004
Nscatter: 7995
Nlost: 1
omega: 17016.3
Ntraj: 10000
Nfree: 2022
Nscatter: 7975
Nlost: 3
omega: 17033.6
Ntraj: 10000
Nfree: 2004
Nscatter: 7993
Nlost: 3
omega: 16831.7
Ntraj: 10000
Nfree: 2058
Nscatter: 7937
Nlost: 5
omega: 16600
Ntraj: 10000
Nfree: 2021
Nscatter: 7977
Nlost: 2
omega: 16966.1
Ntraj: 10000
Nfree: 1919
Nscatter: 8077
Nlost: 4
omega: 17990.7
*********************************************************
task: 0
worker id: 68948
time create lcl and mol: 0.00372815 s
numbers of trajectories: 3847
time trajectory calculation: 19.7708 s
task: 1
worker id: 75340
time create lcl and mol: 0.0036931 s
numbers of trajectories: 3847
time trajectory calculation: 25.9414 s
task: 2
worker id: 9528
time create lcl and mol: 0.00381494 s
numbers of trajectories: 3847
time trajectory calculation: 24.8265 s
task: 3
worker id: 5870
time create lcl and mol: 0.00388002 s
numbers of trajectories: 3847
time trajectory calculation: 34.0315 s
task: 4
worker id: 30267
time create lcl and mol: 0.00368094 s
numbers of trajectories: 3846
time trajectory calculation: 30.5833 s
task: 5
worker id: 52356
time create lcl and mol: 0.00378013 s
numbers of trajectories: 3846
time trajectory calculation: 14.9818 s
task: 6
worker id: 53245
time create lcl and mol: 0.00381494 s
numbers of trajectories: 3846
time trajectory calculation: 13.5129 s
task: 7
worker id: 58839
time create lcl and mol: 0.00370193 s
numbers of trajectories: 3846
time trajectory calculation: 20.82 s
task: 8
worker id: 68948
time create lcl and mol: 0.00365901 s
numbers of trajectories: 3846
time trajectory calculation: 19.3998 s
task: 9
worker id: 52356
time create lcl and mol: 0.00353289 s
numbers of trajectories: 3846
time trajectory calculation: 14.0985 s
task: 10
worker id: 9528
time create lcl and mol: 0.00370407 s
numbers of trajectories: 3846
time trajectory calculation: 21.0131 s
task: 11
worker id: 9528
time create lcl and mol: 0.00352097 s
numbers of trajectories: 3846
time trajectory calculation: 20.6926 s
task: 12
worker id: 53245
time create lcl and mol: 0.00370884 s
numbers of trajectories: 3846
time trajectory calculation: 28.71 s
task: 13
worker id: 58839
time create lcl and mol: 0.00354695 s
numbers of trajectories: 3846
time trajectory calculation: 16.7563 s
task: 14
worker id: 5870
time create lcl and mol: 0.00404191 s
numbers of trajectories: 3846
time trajectory calculation: 29.6092 s
task: 15
worker id: 75340
time create lcl and mol: 0.00384998 s
numbers of trajectories: 3846
time trajectory calculation: 24.4182 s
task: 16
worker id: 75340
time create lcl and mol: 0.0036602 s
numbers of trajectories: 3846
time trajectory calculation: 24.1279 s
task: 17
worker id: 53245
time create lcl and mol: 0.00404 s
numbers of trajectories: 3846
time trajectory calculation: 28.9829 s
task: 18
worker id: 52356
time create lcl and mol: 0.00359607 s
numbers of trajectories: 3846
time trajectory calculation: 27.7333 s
task: 19
worker id: 68948
time create lcl and mol: 0.00374007 s
numbers of trajectories: 3846
time trajectory calculation: 21.0473 s
task: 20
worker id: 52356
time create lcl and mol: 0.0036819 s
numbers of trajectories: 3846
time trajectory calculation: 22.4191 s
task: 21
worker id: 5870
time create lcl and mol: 0.00377893 s
numbers of trajectories: 3846
time trajectory calculation: 19.2086 s
task: 22
worker id: 30267
time create lcl and mol: 0.00367808 s
numbers of trajectories: 3846
time trajectory calculation: 24.4975 s
task: 23
worker id: 53245
time create lcl and mol: 0.00353909 s
numbers of trajectories: 3846
time trajectory calculation: 10.6226 s
task: 24
worker id: 30267
time create lcl and mol: 0.00364113 s
numbers of trajectories: 3846
time trajectory calculation: 17.7465 s
task: 25
worker id: 58839
time create lcl and mol: 0.00349188 s
numbers of trajectories: 3846
time trajectory calculation: 31.8352 s
CCS time: 82.9693 s
*********************************************************
average value of CCS = 17104 Ang^2
error value of CCS = 121.358 Ang^2
Total time: 83.1367 s
Program finished...
*********************************************************
INPUT:: Simulation Parameters 
*********************************************************
target filename                  : 6vsb_pH8.xyz
number of probe                  : 10000
number of iterarions             : 10
number of tasks                  : 26
number of threads                : 24
seed number                      : 2104
gas buffer                       : N2
Target Temperature (K)           : 298
timestep (fs)                    : 10
Skin cell size (Ang)             : 0.01
Equipotential                    : no
Cut short-range interaction      : yes
LJ cutoff (Ang)                  : 12
Apply long-range interaction     : yes
Cut long-range interaction       : yes
Coulomb cutoff (Ang)             : 25
Apply induced-dipole interaction : yes
alpha (Ang^3)                    : 1.71
force_type: 6
*********************************************************
Force Field parameters: 
*********************************************************
Symbol  mass (amu)  epislon (kcal/mol)  sigma(Angstroms) 
C   12.011   0.0824736   3.2255
N   14.007   0.0758527   3.5719
H   1.008   0.0362711   1.8986
O   15.999   0.062323   3.075
S   32.06   0.138032   3.4237
P   30.9738   0.145372   3.47
*********************************************************
MOLECULE:: orientation around the inertia principal axis 
*********************************************************
Inertia matrix a.u. Ang^2: 
{  5.96602e+08  -2.76401e+06  2.13405e+06  }
{  -2.76401e+06  5.91979e+08  5.29065e+06  }
{  2.13405e+06  5.29065e+06  3.21168e+08  }
Rotation matrix applied to molecule: 
{  0.905562  -0.424213  -0.00112692  }
{  0.00793947  0.0196042  -0.999776  }
{  0.42414  0.90535  0.0211208  }
Molecule radius: 92.1165 Ang 
orientation time of molecule target: 0.049042 s
target mass: 322081 amu
gas mass: 28.014 amu
reduce mass: 28.014 amu
charge state: -24.0016 e
*********************************************************
Geometric Ellipsoid: 
*********************************************************
maximal distances: 67.6873  68.9213  91.9941  Ang
Initial axis length: 118.795  120.029  143.102  Ang
Ellipsoid axis length: 126.195  127.429  150.502  Ang
ellipsoid calculation time: 0.000324965 s
maximal impact parameter: 150.502 Ang
*********************************************************
Linked-cell: 
Numbers of cells: 12584
Nx: 22 Ny: 22 Nz: 26
Filled cells: 586
Empty cells: 11998
Average atoms per cell: 76.6945
Maximum atoms per cell: 206
Minimum atoms per cell: 1
Simulation box: 
lx: 264.22 Ang
ly: 264.22 Ang
lz: 312.26 Ang
linked-cell calculation time: 0.015625 s
time info: 0.00148892 s
*********************************************************
Trajectory calculations 
*********************************************************
out target time: 82.2183 s
Ntraj: 10000
Nfree: 2100
Nscatter: 7895
Nlost: 5
omega: 17155.8
Ntraj: 10000
Nfree: 2035
Nscatter: 7957
Nlost: 8
omega: 17550.1
Ntraj: 10000
Nfree: 1925
Nscatter: 8074
Nlost: 1
omega: 17142.7
Ntraj: 10000
Nfree: 2040
Nscatter: 7959
Nlost: 1
omega: 16752.7
Ntraj: 10000
Nfree: 2004
Nscatter: 7995
Nlost: 1
omega: 17016.3
Ntraj: 10000
Nfree: 2022
Nscatter: 7975
Nlost: 3
omega: 17033.6
Ntraj: 10000
Nfree: 2004
Nscatter: 7993
Nlost: 3
omega: 16831.7
Ntraj: 10000
Nfree: 2058
Nscatter: 7937
Nlost: 5
omega: 16600
Ntraj: 10000
Nfree: 2021
Nscatter: 7977
Nlost: 2
omega: 16966.1
Ntraj: 10000
Nfree: 1919
Nscatter: 8077
Nlost: 4
omega: 17990.7
*********************************************************
task: 0
worker id: 33192
time create lcl and mol: 0.00402689 s
numbers of trajectories: 3847
time trajectory calculation: 19.6184 s
task: 1
worker id: 56182
time create lcl and mol: 0.00365806 s
numbers of trajectories: 3847
time trajectory calculation: 26.3553 s
task: 2
worker id: 55278
time create lcl and mol: 0.00367403 s
numbers of trajectories: 3847
time trajectory calculation: 25.0574 s
task: 3
worker id: 71887
time create lcl and mol: 0.00385809 s
numbers of trajectories: 3847
time trajectory calculation: 33.8602 s
task: 4
worker id: 61765
time create lcl and mol: 0.00366402 s
numbers of trajectories: 3846
time trajectory calculation: 30.2253 s
task: 5
worker id: 8803
time create lcl and mol: 0.00384498 s
numbers of trajectories: 3846
time trajectory calculation: 15.1473 s
task: 6
worker id: 12456
time create lcl and mol: 0.00372601 s
numbers of trajectories: 3846
time trajectory calculation: 13.166 s
task: 7
worker id: 33192
time create lcl and mol: 0.00373912 s
numbers of trajectories: 3846
time trajectory calculation: 20.4765 s
task: 8
worker id: 55278
time create lcl and mol: 0.00369406 s
numbers of trajectories: 3846
time trajectory calculation: 18.814 s
task: 9
worker id: 78272
time create lcl and mol: 0.00372815 s
numbers of trajectories: 3846
time trajectory calculation: 14.1881 s
task: 10
worker id: 8803
time create lcl and mol: 0.00374889 s
numbers of trajectories: 3846
time trajectory calculation: 21.4679 s
task: 11
worker id: 56182
time create lcl and mol: 0.00350714 s
numbers of trajectories: 3846
time trajectory calculation: 20.7578 s
task: 12
worker id: 55278
time create lcl and mol: 0.00367212 s
numbers of trajectories: 3846
time trajectory calculation: 28.1132 s
task: 13
worker id: 12456
time create lcl and mol: 0.00355411 s
numbers of trajectories: 3846
time trajectory calculation: 16.7894 s
task: 14
worker id: 56182
time create lcl and mol: 0.00350809 s
numbers of trajectories: 3846
time trajectory calculation: 28.7667 s
task: 15
worker id: 61765
time create lcl and mol: 0.00339913 s
numbers of trajectories: 3846
time trajectory calculation: 23.9802 s
task: 16
worker id: 8803
time create lcl and mol: 0.00374985 s
numbers of trajectories: 3846
time trajectory calculation: 24.602 s
task: 17
worker id: 78272
time create lcl and mol: 0.00336814 s
numbers of trajectories: 3846
time trajectory calculation: 29.4916 s
task: 18
worker id: 61765
time create lcl and mol: 0.00374603 s
numbers of trajectories: 3846
time trajectory calculation: 27.3713 s
task: 19
worker id: 78272
time create lcl and mol: 0.00348711 s
numbers of trajectories: 3846
time trajectory calculation: 21.1288 s
task: 20
worker id: 12456
time create lcl and mol: 0.00328708 s
numbers of trajectories: 3846
time trajectory calculation: 22.2173 s
task: 21
worker id: 71887
time create lcl and mol: 0.0036099 s
numbers of trajectories: 3846
time trajectory calculation: 19.0698 s
task: 22
worker id: 71887
time create lcl and mol: 0.00376296 s
numbers of trajectories: 3846
time trajectory calculation: 24.172 s
task: 23
worker id: 12456
time create lcl and mol: 0.0035429 s
numbers of trajectories: 3846
time trajectory calculation: 10.5522 s
task: 24
worker id: 78272
time create lcl and mol: 0.00363016 s
numbers of trajectories: 3846
time trajectory calculation: 17.303 s
task: 25
worker id: 33192
time create lcl and mol: 0.00365996 s
numbers of trajectories: 3846
time trajectory calculation: 31.5459 s
CCS time: 82.229 s
*********************************************************
average value of CCS = 17104 Ang^2
error value of CCS = 121.358 Ang^2
Total time: 82.2993 s
Program finished...
*********************************************************
INPUT:: Simulation Parameters 
*********************************************************
target filename                  : 6vsb_pH8.xyz
number of probe                  : 10000
number of iterarions             : 10
number of tasks                  : 26
number of threads                : 24
seed number                      : 2104
gas buffer                       : N2
Target Temperature (K)           : 298
timestep (fs)                    : 10
Skin cell size (Ang)             : 0.01
Equipotential                    : no
Cut short-range interaction      : yes
LJ cutoff (Ang)                  : 12
Apply long-range interaction     : yes
Cut long-range interaction       : yes
Coulomb cutoff (Ang)             : 25
Apply induced-dipole interaction : yes
alpha (Ang^3)                    : 1.71
force_type: 6
*********************************************************
Force Field parameters: 
*********************************************************
Symbol  mass (amu)  epislon (kcal/mol)  sigma(Angstroms) 
C   12.011   0.0824736   3.2255
N   14.007   0.0758527   3.5719
H   1.008   0.0362711   1.8986
O   15.999   0.062323   3.075
S   32.06   0.138032   3.4237
P   30.9738   0.145372   3.47
*********************************************************
MOLECULE:: orientation around the inertia principal axis 
*********************************************************
Inertia matrix a.u. Ang^2: 
{  5.96602e+08  -2.76401e+06  2.13405e+06  }
{  -2.76401e+06  5.91979e+08  5.29065e+06  }
{  2.13405e+06  5.29065e+06  3.21168e+08  }
Rotation matrix applied to molecule: 
{  0.905562  -0.424213  -0.00112692  }
{  0.00793947  0.0196042  -0.999776  }
{  0.42414  0.90535  0.0211208  }
Molecule radius: 92.1165 Ang 
orientation time of molecule target: 0.0496321 s
target mass: 322081 amu
gas mass: 28.014 amu
reduce mass: 28.014 amu
charge state: -24.0016 e
*********************************************************
Geometric Ellipsoid: 
*********************************************************
maximal distances: 67.6873  68.9213  91.9941  Ang
Initial axis length: 118.795  120.029  143.102  Ang
Ellipsoid axis length: 126.195  127.429  150.502  Ang
ellipsoid calculation time: 0.000324965 s
maximal impact parameter: 150.502 Ang
*********************************************************
Linked-cell: 
Numbers of cells: 12584
Nx: 22 Ny: 22 Nz: 26
Filled cells: 586
Empty cells: 11998
Average atoms per cell: 76.6945
Maximum atoms per cell: 206
Minimum atoms per cell: 1
Simulation box: 
lx: 264.22 Ang
ly: 264.22 Ang
lz: 312.26 Ang
linked-cell calculation time: 0.0155129 s
time info: 0.00152111 s
*********************************************************
Trajectory calculations 
*********************************************************
out target time: 89.48 s
Ntraj: 10000
Nfree: 2100
Nscatter: 7895
Nlost: 5
omega: 17155.8
Ntraj: 10000
Nfree: 2035
Nscatter: 7957
Nlost: 8
omega: 17550.1
Ntraj: 10000
Nfree: 1925
Nscatter: 8074
Nlost: 1
omega: 17142.7
Ntraj: 10000
Nfree: 2040
Nscatter: 7959
Nlost: 1
omega: 16752.7
Ntraj: 10000
Nfree: 2004
Nscatter: 7995
Nlost: 1
omega: 17016.3
Ntraj: 10000
Nfree: 2022
Nscatter: 7975
Nlost: 3
omega: 17033.6
Ntraj: 10000
Nfree: 2004
Nscatter: 7993
Nlost: 3
omega: 16831.7
Ntraj: 10000
Nfree: 2058
Nscatter: 7937
Nlost: 5
omega: 16600
Ntraj: 10000
Nfree: 2021
Nscatter: 7977
Nlost: 2
omega: 16966.1
Ntraj: 10000
Nfree: 1919
Nscatter: 8077
Nlost: 4
omega: 17990.7
*********************************************************
task: 0
worker id: 58827
time create lcl and mol: 0.00387406 s
numbers of trajectories: 3847
time trajectory calculation: 19.7466 s
task: 1
worker id: 11447
time create lcl and mol: 0.00358701 s
numbers of trajectories: 3847
time trajectory calculation: 26.1387 s
task: 2
worker id: 15087
time create lcl and mol: 0.00351501 s
numbers of trajectories: 3847
time trajectory calculation: 25.276 s
task: 3
worker id: 35826
time create lcl and mol: 0.00407696 s
numbers of trajectories: 3847
time trajectory calculation: 34.3396 s
task: 4
worker id: 80904
time create lcl and mol: 0.00374198 s
numbers of trajectories: 3846
time trajectory calculation: 30.0279 s
task: 5
worker id: 15087
time create lcl and mol: 0.00369883 s
numbers of trajectories: 3846
time trajectory calculation: 15.0746 s
task: 6
worker id: 74518
time create lcl and mol: 0.00387883 s
numbers of trajectories: 3846
time trajectory calculation: 13.5819 s
task: 7
worker id: 64406
time create lcl and mol: 0.00358915 s
numbers of trajectories: 3846
time trajectory calculation: 20.6963 s
task: 8
worker id: 35826
time create lcl and mol: 0.00376105 s
numbers of trajectories: 3846
time trajectory calculation: 18.7956 s
task: 9
worker id: 64406
time create lcl and mol: 0.00377703 s
numbers of trajectories: 3846
time trajectory calculation: 14.3004 s
task: 10
worker id: 11447
time create lcl and mol: 0.00362897 s
numbers of trajectories: 3846
time trajectory calculation: 21.2827 s
task: 11
worker id: 57915
time create lcl and mol: 0.003685 s
numbers of trajectories: 3846
time trajectory calculation: 20.3607 s
task: 12
worker id: 58827
time create lcl and mol: 0.00368619 s
numbers of trajectories: 3846
time trajectory calculation: 28.0554 s
task: 13
worker id: 58827
time create lcl and mol: 0.00354004 s
numbers of trajectories: 3846
time trajectory calculation: 17.136 s
task: 14
worker id: 74518
time create lcl and mol: 0.00366211 s
numbers of trajectories: 3846
time trajectory calculation: 29.1048 s
task: 15
worker id: 80904
time create lcl and mol: 0.00347614 s
numbers of trajectories: 3846
time trajectory calculation: 24.8596 s
task: 16
worker id: 80904
time create lcl and mol: 0.00361896 s
numbers of trajectories: 3846
time trajectory calculation: 24.398 s
task: 17
worker id: 15087
time create lcl and mol: 0.00367904 s
numbers of trajectories: 3846
time trajectory calculation: 29.1001 s
task: 18
worker id: 74518
time create lcl and mol: 0.00386119 s
numbers of trajectories: 3846
time trajectory calculation: 27.3622 s
task: 19
worker id: 57915
time create lcl and mol: 0.00356889 s
numbers of trajectories: 3846
time trajectory calculation: 20.625 s
task: 20
worker id: 11447
time create lcl and mol: 0.00351095 s
numbers of trajectories: 3846
time trajectory calculation: 22.6999 s
task: 21
worker id: 74518
time create lcl and mol: 0.00348091 s
numbers of trajectories: 3846
time trajectory calculation: 19.3222 s
task: 22
worker id: 57915
time create lcl and mol: 0.00336289 s
numbers of trajectories: 3846
time trajectory calculation: 24.6429 s
task: 23
worker id: 57915
time create lcl and mol: 0.00362587 s
numbers of trajectories: 3846
time trajectory calculation: 10.5293 s
task: 24
worker id: 35826
time create lcl and mol: 0.00365186 s
numbers of trajectories: 3846
time trajectory calculation: 17.461 s
task: 25
worker id: 64406
time create lcl and mol: 0.00350904 s
numbers of trajectories: 3846
time trajectory calculation: 32.2669 s
CCS time: 89.4907 s
*********************************************************
average value of CCS = 17104 Ang^2
error value of CCS = 121.358 Ang^2
Total time: 89.5614 s
Program finished...
*********************************************************
INPUT:: Simulation Parameters 
*********************************************************
target filename                  : 6vsb_pH8.xyz
number of probe                  : 10000
number of iterarions             : 10
number of tasks                  : 26
number of threads                : 24
seed number                      : 2104
gas buffer                       : N2
Target Temperature (K)           : 298
timestep (fs)                    : 10
Skin cell size (Ang)             : 0.01
Equipotential                    : no
Cut short-range interaction      : yes
LJ cutoff (Ang)                  : 12
Apply long-range interaction     : yes
Cut long-range interaction       : yes
Coulomb cutoff (Ang)             : 25
Apply induced-dipole interaction : yes
alpha (Ang^3)                    : 1.71
force_type: 6
*********************************************************
Force Field parameters: 
*********************************************************
Symbol  mass (amu)  epislon (kcal/mol)  sigma(Angstroms) 
C   12.011   0.0824736   3.2255
N   14.007   0.0758527   3.5719
H   1.008   0.0362711   1.8986
O   15.999   0.062323   3.075
S   32.06   0.138032   3.4237
P   30.9738   0.145372   3.47
*********************************************************
MOLECULE:: orientation around the inertia principal axis 
*********************************************************
Inertia matrix a.u. Ang^2: 
{  5.96602e+08  -2.76401e+06  2.13405e+06  }
{  -2.76401e+06  5.91979e+08  5.29065e+06  }
{  2.13405e+06  5.29065e+06  3.21168e+08  }
Rotation matrix applied to molecule: 
{  0.905562  -0.424213  -0.00112692  }
{  0.00793947  0.0196042  -0.999776  }
{  0.42414  0.90535  0.0211208  }
Molecule radius: 92.1165 Ang 
orientation time of molecule target: 0.049237 s
target mass: 322081 amu
gas mass: 28.014 amu
reduce mass: 28.014 amu
charge state: -24.0016 e
*********************************************************
Geometric Ellipsoid: 
*********************************************************
maximal distances: 67.6873  68.9213  91.9941  Ang
Initial axis length: 118.795  120.029  143.102  Ang
Ellipsoid axis length: 126.195  127.429  150.502  Ang
ellipsoid calculation time: 0.000334978 s
maximal impact parameter: 150.502 Ang
*********************************************************
Linked-cell: 
Numbers of cells: 12584
Nx: 22 Ny: 22 Nz: 26
Filled cells: 586
Empty cells: 11998
Average atoms per cell: 76.6945
Maximum atoms per cell: 206
Minimum atoms per cell: 1
Simulation box: 
lx: 264.22 Ang
ly: 264.22 Ang
lz: 312.26 Ang
linked-cell calculation time: 0.0154779 s
time info: 0.0015049 s
*********************************************************
Trajectory calculations 
*********************************************************
out target time: 78.338 s
Ntraj: 10000
Nfree: 2100
Nscatter: 7895
Nlost: 5
omega: 17155.8
Ntraj: 10000
Nfree: 2035
Nscatter: 7957
Nlost: 8
omega: 17550.1
Ntraj: 10000
Nfree: 1925
Nscatter: 8074
Nlost: 1
omega: 17142.7
Ntraj: 10000
Nfree: 2040
Nscatter: 7959
Nlost: 1
omega: 16752.7
Ntraj: 10000
Nfree: 2004
Nscatter: 7995
Nlost: 1
omega: 17016.3
Ntraj: 10000
Nfree: 2022
Nscatter: 7975
Nlost: 3
omega: 17033.6
Ntraj: 10000
Nfree: 2004
Nscatter: 7993
Nlost: 3
omega: 16831.7
Ntraj: 10000
Nfree: 2058
Nscatter: 7937
Nlost: 5
omega: 16600
Ntraj: 10000
Nfree: 2021
Nscatter: 7977
Nlost: 2
omega: 16966.1
Ntraj: 10000
Nfree: 1919
Nscatter: 8077
Nlost: 4
omega: 17990.7
*********************************************************
task: 0
worker id: 14376
time create lcl and mol: 0.00339007 s
numbers of trajectories: 3847
time trajectory calculation: 19.7618 s
task: 1
worker id: 14376
time create lcl and mol: 0.00363111 s
numbers of trajectories: 3847
time trajectory calculation: 26.4399 s
task: 2
worker id: 60850
time create lcl and mol: 0.00385904 s
numbers of trajectories: 3847
time trajectory calculation: 24.953 s
task: 3
worker id: 18016
time create lcl and mol: 0.00365782 s
numbers of trajectories: 3847
time trajectory calculation: 34.2529 s
task: 4
worker id: 61785
time create lcl and mol: 0.00363684 s
numbers of trajectories: 3846
time trajectory calculation: 30.4105 s
task: 5
worker id: 38765
time create lcl and mol: 0.00382805 s
numbers of trajectories: 3846
time trajectory calculation: 15.2082 s
task: 6
worker id: 77446
time create lcl and mol: 0.00355411 s
numbers of trajectories: 3846
time trajectory calculation: 13.3645 s
task: 7
worker id: 61785
time create lcl and mol: 0.00366902 s
numbers of trajectories: 3846
time trajectory calculation: 20.5049 s
task: 8
worker id: 18016
time create lcl and mol: 0.00401998 s
numbers of trajectories: 3846
time trajectory calculation: 19.049 s
task: 9
worker id: 38765
time create lcl and mol: 0.00371814 s
numbers of trajectories: 3846
time trajectory calculation: 14.2239 s
task: 10
worker id: 60850
time create lcl and mol: 0.00362206 s
numbers of trajectories: 3846
time trajectory calculation: 21.1443 s
task: 11
worker id: 77446
time create lcl and mol: 0.0034318 s
numbers of trajectories: 3846
time trajectory calculation: 20.3191 s
task: 12
worker id: 38765
time create lcl and mol: 0.00371599 s
numbers of trajectories: 3846
time trajectory calculation: 28.416 s
task: 13
worker id: 38765
time create lcl and mol: 0.00366783 s
numbers of trajectories: 3846
time trajectory calculation: 17.1913 s
task: 14
worker id: 67333
time create lcl and mol: 0.00345588 s
numbers of trajectories: 3846
time trajectory calculation: 28.8751 s
task: 15
worker id: 83833
time create lcl and mol: 0.00359416 s
numbers of trajectories: 3846
time trajectory calculation: 25.0761 s
task: 16
worker id: 83833
time create lcl and mol: 0.00348616 s
numbers of trajectories: 3846
time trajectory calculation: 24.1104 s
task: 17
worker id: 60850
time create lcl and mol: 0.00346494 s
numbers of trajectories: 3846
time trajectory calculation: 29.3128 s
task: 18
worker id: 67333
time create lcl and mol: 0.00388598 s
numbers of trajectories: 3846
time trajectory calculation: 27.0114 s
task: 19
worker id: 18016
time create lcl and mol: 0.00368094 s
numbers of trajectories: 3846
time trajectory calculation: 20.2721 s
task: 20
worker id: 61785
time create lcl and mol: 0.00359797 s
numbers of trajectories: 3846
time trajectory calculation: 23.1266 s
task: 21
worker id: 77446
time create lcl and mol: 0.00370598 s
numbers of trajectories: 3846
time trajectory calculation: 19.2022 s
task: 22
worker id: 83833
time create lcl and mol: 0.00380397 s
numbers of trajectories: 3846
time trajectory calculation: 24.3334 s
task: 23
worker id: 67333
time create lcl and mol: 0.00371599 s
numbers of trajectories: 3846
time trajectory calculation: 10.4833 s
task: 24
worker id: 77446
time create lcl and mol: 0.00384998 s
numbers of trajectories: 3846
time trajectory calculation: 17.7117 s
task: 25
worker id: 14376
time create lcl and mol: 0.00340605 s
numbers of trajectories: 3846
time trajectory calculation: 32.0484 s
CCS time: 78.3486 s
*********************************************************
average value of CCS = 17104 Ang^2
error value of CCS = 121.358 Ang^2
Total time: 78.419 s
Program finished...
*********************************************************
INPUT:: Simulation Parameters 
*********************************************************
target filename                  : 6vsb_pH8.xyz
number of probe                  : 10000
number of iterarions             : 10
number of tasks                  : 26
number of threads                : 24
seed number                      : 2104
gas buffer                       : N2
Target Temperature (K)           : 298
timestep (fs)                    : 10
Skin cell size (Ang)             : 0.01
Equipotential                    : no
Cut short-range interaction      : yes
LJ cutoff (Ang)                  : 12
Apply long-range interaction     : yes
Cut long-range interaction       : yes
Coulomb cutoff (Ang)             : 25
Apply induced-dipole interaction : yes
alpha (Ang^3)                    : 1.71
force_type: 6
*********************************************************
Force Field parameters: 
*********************************************************
Symbol  mass (amu)  epislon (kcal/mol)  sigma(Angstroms) 
C   12.011   0.0824736   3.2255
N   14.007   0.0758527   3.5719
H   1.008   0.0362711   1.8986
O   15.999   0.062323   3.075
S   32.06   0.138032   3.4237
P   30.9738   0.145372   3.47
*********************************************************
MOLECULE:: orientation around the inertia principal axis 
*********************************************************
Inertia matrix a.u. Ang^2: 
{  5.96602e+08  -2.76401e+06  2.13405e+06  }
{  -2.76401e+06  5.91979e+08  5.29065e+06  }
{  2.13405e+06  5.29065e+06  3.21168e+08  }
Rotation matrix applied to molecule: 
{  0.905562  -0.424213  -0.00112692  }
{  0.00793947  0.0196042  -0.999776  }
{  0.42414  0.90535  0.0211208  }
Molecule radius: 92.1165 Ang 
orientation time of molecule target: 0.049053 s
target mass: 322081 amu
gas mass: 28.014 amu
reduce mass: 28.014 amu
charge state: -24.0016 e
*********************************************************
Geometric Ellipsoid: 
*********************************************************
maximal distances: 67.6873  68.9213  91.9941  Ang
Initial axis length: 118.795  120.029  143.102  Ang
Ellipsoid axis length: 126.195  127.429  150.502  Ang
ellipsoid calculation time: 0.000328064 s
maximal impact parameter: 150.502 Ang
*********************************************************
Linked-cell: 
Numbers of cells: 12584
Nx: 22 Ny: 22 Nz: 26
Filled cells: 586
Empty cells: 11998
Average atoms per cell: 76.6945
Maximum atoms per cell: 206
Minimum atoms per cell: 1
Simulation box: 
lx: 264.22 Ang
ly: 264.22 Ang
lz: 312.26 Ang
linked-cell calculation time: 0.015651 s
time info: 0.00150609 s
*********************************************************
Trajectory calculations 
*********************************************************
out target time: 80.5567 s
Ntraj: 10000
Nfree: 2100
Nscatter: 7895
Nlost: 5
omega: 17155.8
Ntraj: 10000
Nfree: 2035
Nscatter: 7957
Nlost: 8
omega: 17550.1
Ntraj: 10000
Nfree: 1925
Nscatter: 8074
Nlost: 1
omega: 17142.7
Ntraj: 10000
Nfree: 2040
Nscatter: 7959
Nlost: 1
omega: 16752.7
Ntraj: 10000
Nfree: 2004
Nscatter: 7995
Nlost: 1
omega: 17016.3
Ntraj: 10000
Nfree: 2022
Nscatter: 7975
Nlost: 3
omega: 17033.6
Ntraj: 10000
Nfree: 2004
Nscatter: 7993
Nlost: 3
omega: 16831.7
Ntraj: 10000
Nfree: 2058
Nscatter: 7937
Nlost: 5
omega: 16600
Ntraj: 10000
Nfree: 2021
Nscatter: 7977
Nlost: 2
omega: 16966.1
Ntraj: 10000
Nfree: 1919
Nscatter: 8077
Nlost: 4
omega: 17990.7
*********************************************************
task: 0
worker id: 20656
time create lcl and mol: 0.00369716 s
numbers of trajectories: 3847
time trajectory calculation: 19.944 s
task: 1
worker id: 86474
time create lcl and mol: 0.00367904 s
numbers of trajectories: 3847
time trajectory calculation: 26.0752 s
task: 2
worker id: 64437
time create lcl and mol: 0.00396299 s
numbers of trajectories: 3847
time trajectory calculation: 25.6948 s
task: 3
worker id: 69966
time create lcl and mol: 0.00364804 s
numbers of trajectories: 3847
time trajectory calculation: 33.6716 s
task: 4
worker id: 20656
time create lcl and mol: 0.00357985 s
numbers of trajectories: 3846
time trajectory calculation: 30.2783 s
task: 5
worker id: 80087
time create lcl and mol: 0.00338697 s
numbers of trajectories: 3846
time trajectory calculation: 15.1761 s
task: 6
worker id: 86474
time create lcl and mol: 0.00372887 s
numbers of trajectories: 3846
time trajectory calculation: 13.0805 s
task: 7
worker id: 41403
time create lcl and mol: 0.00383091 s
numbers of trajectories: 3846
time trajectory calculation: 20.5985 s
task: 8
worker id: 63479
time create lcl and mol: 0.00371695 s
numbers of trajectories: 3846
time trajectory calculation: 18.8914 s
task: 9
worker id: 86474
time create lcl and mol: 0.00365615 s
numbers of trajectories: 3846
time trajectory calculation: 14.0036 s
task: 10
worker id: 64437
time create lcl and mol: 0.00363803 s
numbers of trajectories: 3846
time trajectory calculation: 21.3805 s
task: 11
worker id: 86474
time create lcl and mol: 0.00367093 s
numbers of trajectories: 3846
time trajectory calculation: 20.3096 s
task: 12
worker id: 41403
time create lcl and mol: 0.00359511 s
numbers of trajectories: 3846
time trajectory calculation: 28.879 s
task: 13
worker id: 80087
time create lcl and mol: 0.00384498 s
numbers of trajectories: 3846
time trajectory calculation: 17.5273 s
task: 14
worker id: 69966
time create lcl and mol: 0.00376892 s
numbers of trajectories: 3846
time trajectory calculation: 29.2909 s
task: 15
worker id: 64437
time create lcl and mol: 0.0037961 s
numbers of trajectories: 3846
time trajectory calculation: 24.0099 s
task: 16
worker id: 63479
time create lcl and mol: 0.00370002 s
numbers of trajectories: 3846
time trajectory calculation: 24.308 s
task: 17
worker id: 80087
time create lcl and mol: 0.00372791 s
numbers of trajectories: 3846
time trajectory calculation: 29.4685 s
task: 18
worker id: 17023
time create lcl and mol: 0.003824 s
numbers of trajectories: 3846
time trajectory calculation: 27.5247 s
task: 19
worker id: 17023
time create lcl and mol: 0.00360584 s
numbers of trajectories: 3846
time trajectory calculation: 20.7911 s
task: 20
worker id: 20656
time create lcl and mol: 0.00356102 s
numbers of trajectories: 3846
time trajectory calculation: 22.8943 s
task: 21
worker id: 41403
time create lcl and mol: 0.00342512 s
numbers of trajectories: 3846
time trajectory calculation: 19.1329 s
task: 22
worker id: 63479
time create lcl and mol: 0.00370121 s
numbers of trajectories: 3846
time trajectory calculation: 24.4249 s
task: 23
worker id: 41403
time create lcl and mol: 0.00382304 s
numbers of trajectories: 3846
time trajectory calculation: 10.5034 s
task: 24
worker id: 69966
time create lcl and mol: 0.00360513 s
numbers of trajectories: 3846
time trajectory calculation: 17.1762 s
task: 25
worker id: 17023
time create lcl and mol: 0.00377202 s
numbers of trajectories: 3846
time trajectory calculation: 32.149 s
CCS time: 80.5674 s
*********************************************************
average value of CCS = 17104 Ang^2
error value of CCS = 121.358 Ang^2
Total time: 80.6377 s
Program finished...
*********************************************************
INPUT:: Simulation Parameters 
*********************************************************
target filename                  : 6vsb_pH8.xyz
number of probe                  : 10000
number of iterarions             : 10
number of tasks                  : 26
number of threads                : 24
seed number                      : 2104
gas buffer                       : N2
Target Temperature (K)           : 298
timestep (fs)                    : 10
Skin cell size (Ang)             : 0.01
Equipotential                    : no
Cut short-range interaction      : yes
LJ cutoff (Ang)                  : 12
Apply long-range interaction     : yes
Cut long-range interaction       : yes
Coulomb cutoff (Ang)             : 25
Apply induced-dipole interaction : yes
alpha (Ang^3)                    : 1.71
force_type: 6
*********************************************************
Force Field parameters: 
*********************************************************
Symbol  mass (amu)  epislon (kcal/mol)  sigma(Angstroms) 
C   12.011   0.0824736   3.2255
N   14.007   0.0758527   3.5719
H   1.008   0.0362711   1.8986
O   15.999   0.062323   3.075
S   32.06   0.138032   3.4237
P   30.9738   0.145372   3.47
*********************************************************
MOLECULE:: orientation around the inertia principal axis 
*********************************************************
Inertia matrix a.u. Ang^2: 
{  5.96602e+08  -2.76401e+06  2.13405e+06  }
{  -2.76401e+06  5.91979e+08  5.29065e+06  }
{  2.13405e+06  5.29065e+06  3.21168e+08  }
Rotation matrix applied to molecule: 
{  0.905562  -0.424213  -0.00112692  }
{  0.00793947  0.0196042  -0.999776  }
{  0.42414  0.90535  0.0211208  }
Molecule radius: 92.1165 Ang 
orientation time of molecule target: 0.120167 s
target mass: 322081 amu
gas mass: 28.014 amu
reduce mass: 28.014 amu
charge state: -24.0016 e
*********************************************************
Geometric Ellipsoid: 
*********************************************************
maximal distances: 67.6873  68.9213  91.9941  Ang
Initial axis length: 118.795  120.029  143.102  Ang
Ellipsoid axis length: 126.195  127.429  150.502  Ang
ellipsoid calculation time: 0.000333071 s
maximal impact parameter: 150.502 Ang
*********************************************************
Linked-cell: 
Numbers of cells: 12584
Nx: 22 Ny: 22 Nz: 26
Filled cells: 586
Empty cells: 11998
Average atoms per cell: 76.6945
Maximum atoms per cell: 206
Minimum atoms per cell: 1
Simulation box: 
lx: 264.22 Ang
ly: 264.22 Ang
lz: 312.26 Ang
linked-cell calculation time: 0.015635 s
time info: 0.00141501 s
*********************************************************
Trajectory calculations 
*********************************************************
out target time: 87.5186 s
Ntraj: 10000
Nfree: 2100
Nscatter: 7895
Nlost: 5
omega: 17155.8
Ntraj: 10000
Nfree: 2035
Nscatter: 7957
Nlost: 8
omega: 17550.1
Ntraj: 10000
Nfree: 1925
Nscatter: 8074
Nlost: 1
omega: 17142.7
Ntraj: 10000
Nfree: 2040
Nscatter: 7959
Nlost: 1
omega: 16752.7
Ntraj: 10000
Nfree: 2004
Nscatter: 7995
Nlost: 1
omega: 17016.3
Ntraj: 10000
Nfree: 2022
Nscatter: 7975
Nlost: 3
omega: 17033.6
Ntraj: 10000
Nfree: 2004
Nscatter: 7993
Nlost: 3
omega: 16831.7
Ntraj: 10000
Nfree: 2058
Nscatter: 7937
Nlost: 5
omega: 16600
Ntraj: 10000
Nfree: 2021
Nscatter: 7977
Nlost: 2
omega: 16966.1
Ntraj: 10000
Nfree: 1919
Nscatter: 8077
Nlost: 4
omega: 17990.7
*********************************************************
task: 0
worker id: 90031
time create lcl and mol: 0.00395012 s
numbers of trajectories: 3847
time trajectory calculation: 19.7938 s
task: 1
worker id: 89706
time create lcl and mol: 0.00378299 s
numbers of trajectories: 3847
time trajectory calculation: 26.0142 s
task: 2
worker id: 12332
time create lcl and mol: 0.00353789 s
numbers of trajectories: 3847
time trajectory calculation: 25.5437 s
task: 3
worker id: 87983
time create lcl and mol: 0.00361395 s
numbers of trajectories: 3847
time trajectory calculation: 33.6978 s
task: 4
worker id: 90174
time create lcl and mol: 0.00355887 s
numbers of trajectories: 3846
time trajectory calculation: 30.8623 s
task: 5
worker id: 88720
time create lcl and mol: 0.00370598 s
numbers of trajectories: 3846
time trajectory calculation: 15.2381 s
task: 6
worker id: 90536
time create lcl and mol: 0.00357008 s
numbers of trajectories: 3846
time trajectory calculation: 13.3954 s
task: 7
worker id: 89070
time create lcl and mol: 0.0039289 s
numbers of trajectories: 3846
time trajectory calculation: 20.8517 s
task: 8
worker id: 12332
time create lcl and mol: 0.00362706 s
numbers of trajectories: 3846
time trajectory calculation: 18.9519 s
task: 9
worker id: 90174
time create lcl and mol: 0.00369883 s
numbers of trajectories: 3846
time trajectory calculation: 14.217 s
task: 10
worker id: 90536
time create lcl and mol: 0.00351715 s
numbers of trajectories: 3846
time trajectory calculation: 21.4783 s
task: 11
worker id: 90031
time create lcl and mol: 0.00384307 s
numbers of trajectories: 3846
time trajectory calculation: 20.0546 s
task: 12
worker id: 89070
time create lcl and mol: 0.00377917 s
numbers of trajectories: 3846
time trajectory calculation: 28.7312 s
task: 13
worker id: 88720
time create lcl and mol: 0.00363994 s
numbers of trajectories: 3846
time trajectory calculation: 17.3929 s
task: 14
worker id: 90031
time create lcl and mol: 0.00328994 s
numbers of trajectories: 3846
time trajectory calculation: 28.745 s
task: 15
worker id: 89706
time create lcl and mol: 0.00377083 s
numbers of trajectories: 3846
time trajectory calculation: 25.0122 s
task: 16
worker id: 90174
time create lcl and mol: 0.00361013 s
numbers of trajectories: 3846
time trajectory calculation: 23.9219 s
task: 17
worker id: 87983
time create lcl and mol: 0.00345302 s
numbers of trajectories: 3846
time trajectory calculation: 29.8666 s
task: 18
worker id: 89070
time create lcl and mol: 0.00342298 s
numbers of trajectories: 3846
time trajectory calculation: 27.2449 s
task: 19
worker id: 90536
time create lcl and mol: 0.00349379 s
numbers of trajectories: 3846
time trajectory calculation: 20.6893 s
task: 20
worker id: 89706
time create lcl and mol: 0.00342393 s
numbers of trajectories: 3846
time trajectory calculation: 22.4253 s
task: 21
worker id: 12332
time create lcl and mol: 0.00363588 s
numbers of trajectories: 3846
time trajectory calculation: 19.0315 s
task: 22
worker id: 88720
time create lcl and mol: 0.00351405 s
numbers of trajectories: 3846
time trajectory calculation: 24.6799 s
task: 23
worker id: 90031
time create lcl and mol: 0.00364089 s
numbers of trajectories: 3846
time trajectory calculation: 10.4585 s
task: 24
worker id: 88720
time create lcl and mol: 0.0038991 s
numbers of trajectories: 3846
time trajectory calculation: 17.4063 s
task: 25
worker id: 90536
time create lcl and mol: 0.00355506 s
numbers of trajectories: 3846
time trajectory calculation: 31.8513 s
CCS time: 87.5291 s
*********************************************************
average value of CCS = 17104 Ang^2
error value of CCS = 121.358 Ang^2
Total time: 87.6703 s
Program finished...
*********************************************************
INPUT:: Simulation Parameters 
*********************************************************
target filename                  : 6vsb_pH8.xyz
number of probe                  : 10000
number of iterarions             : 10
number of tasks                  : 26
number of threads                : 24
seed number                      : 2104
gas buffer                       : N2
Target Temperature (K)           : 298
timestep (fs)                    : 10
Skin cell size (Ang)             : 0.01
Equipotential                    : no
Cut short-range interaction      : yes
LJ cutoff (Ang)                  : 12
Apply long-range interaction     : yes
Cut long-range interaction       : yes
Coulomb cutoff (Ang)             : 25
Apply induced-dipole interaction : yes
alpha (Ang^3)                    : 1.71
force_type: 6
*********************************************************
Force Field parameters: 
*********************************************************
Symbol  mass (amu)  epislon (kcal/mol)  sigma(Angstroms) 
C   12.011   0.0824736   3.2255
N   14.007   0.0758527   3.5719
H   1.008   0.0362711   1.8986
O   15.999   0.062323   3.075
S   32.06   0.138032   3.4237
P   30.9738   0.145372   3.47
*********************************************************
MOLECULE:: orientation around the inertia principal axis 
*********************************************************
Inertia matrix a.u. Ang^2: 
{  5.96602e+08  -2.76401e+06  2.13405e+06  }
{  -2.76401e+06  5.91979e+08  5.29065e+06  }
{  2.13405e+06  5.29065e+06  3.21168e+08  }
Rotation matrix applied to molecule: 
{  0.905562  -0.424213  -0.00112692  }
{  0.00793947  0.0196042  -0.999776  }
{  0.42414  0.90535  0.0211208  }
Molecule radius: 92.1165 Ang 
orientation time of molecule target: 0.0494032 s
target mass: 322081 amu
gas mass: 28.014 amu
reduce mass: 28.014 amu
charge state: -24.0016 e
*********************************************************
Geometric Ellipsoid: 
*********************************************************
maximal distances: 67.6873  68.9213  91.9941  Ang
Initial axis length: 118.795  120.029  143.102  Ang
Ellipsoid axis length: 126.195  127.429  150.502  Ang
ellipsoid calculation time: 0.000341892 s
maximal impact parameter: 150.502 Ang
*********************************************************
Linked-cell: 
Numbers of cells: 12584
Nx: 22 Ny: 22 Nz: 26
Filled cells: 586
Empty cells: 11998
Average atoms per cell: 76.6945
Maximum atoms per cell: 206
Minimum atoms per cell: 1
Simulation box: 
lx: 264.22 Ang
ly: 264.22 Ang
lz: 312.26 Ang
linked-cell calculation time: 0.0155241 s
time info: 0.00143909 s
*********************************************************
Trajectory calculations 
*********************************************************
out target time: 86.3057 s
Ntraj: 10000
Nfree: 2100
Nscatter: 7895
Nlost: 5
omega: 17155.8
Ntraj: 10000
Nfree: 2035
Nscatter: 7957
Nlost: 8
omega: 17550.1
Ntraj: 10000
Nfree: 1925
Nscatter: 8074
Nlost: 1
omega: 17142.7
Ntraj: 10000
Nfree: 2040
Nscatter: 7959
Nlost: 1
omega: 16752.7
Ntraj: 10000
Nfree: 2004
Nscatter: 7995
Nlost: 1
omega: 17016.3
Ntraj: 10000
Nfree: 2022
Nscatter: 7975
Nlost: 3
omega: 17033.6
Ntraj: 10000
Nfree: 2004
Nscatter: 7993
Nlost: 3
omega: 16831.7
Ntraj: 10000
Nfree: 2058
Nscatter: 7937
Nlost: 5
omega: 16600
Ntraj: 10000
Nfree: 2021
Nscatter: 7977
Nlost: 2
omega: 16966.1
Ntraj: 10000
Nfree: 1919
Nscatter: 8077
Nlost: 4
omega: 17990.7
*********************************************************
task: 0
worker id: 93104
time create lcl and mol: 0.0037961 s
numbers of trajectories: 3847
time trajectory calculation: 19.6615 s
task: 1
worker id: 91647
time create lcl and mol: 0.00361705 s
numbers of trajectories: 3847
time trajectory calculation: 26.3592 s
task: 2
worker id: 92960
time create lcl and mol: 0.00352407 s
numbers of trajectories: 3847
time trajectory calculation: 24.5371 s
task: 3
worker id: 15280
time create lcl and mol: 0.003546 s
numbers of trajectories: 3847
time trajectory calculation: 33.9106 s
task: 4
worker id: 91995
time create lcl and mol: 0.00363111 s
numbers of trajectories: 3846
time trajectory calculation: 30.3514 s
task: 5
worker id: 90913
time create lcl and mol: 0.00387383 s
numbers of trajectories: 3846
time trajectory calculation: 15.1716 s
task: 6
worker id: 92634
time create lcl and mol: 0.00357795 s
numbers of trajectories: 3846
time trajectory calculation: 13.4962 s
task: 7
worker id: 90913
time create lcl and mol: 0.00356793 s
numbers of trajectories: 3846
time trajectory calculation: 20.998 s
task: 8
worker id: 93465
time create lcl and mol: 0.00349188 s
numbers of trajectories: 3846
time trajectory calculation: 18.8776 s
task: 9
worker id: 91995
time create lcl and mol: 0.003654 s
numbers of trajectories: 3846
time trajectory calculation: 14.1907 s
task: 10
worker id: 92634
time create lcl and mol: 0.00360799 s
numbers of trajectories: 3846
time trajectory calculation: 20.9947 s
task: 11
worker id: 93104
time create lcl and mol: 0.00380993 s
numbers of trajectories: 3846
time trajectory calculation: 20.815 s
task: 12
worker id: 92960
time create lcl and mol: 0.00357294 s
numbers of trajectories: 3846
time trajectory calculation: 28.0985 s
task: 13
worker id: 92634
time create lcl and mol: 0.00359201 s
numbers of trajectories: 3846
time trajectory calculation: 17.6778 s
task: 14
worker id: 91647
time create lcl and mol: 0.00354695 s
numbers of trajectories: 3846
time trajectory calculation: 29.0598 s
task: 15
worker id: 91995
time create lcl and mol: 0.003546 s
numbers of trajectories: 3846
time trajectory calculation: 24.5775 s
task: 16
worker id: 93465
time create lcl and mol: 0.00360703 s
numbers of trajectories: 3846
time trajectory calculation: 24.1657 s
task: 17
worker id: 91647
time create lcl and mol: 0.00341511 s
numbers of trajectories: 3846
time trajectory calculation: 29.7022 s
task: 18
worker id: 15280
time create lcl and mol: 0.00350714 s
numbers of trajectories: 3846
time trajectory calculation: 27.6562 s
task: 19
worker id: 93465
time create lcl and mol: 0.003407 s
numbers of trajectories: 3846
time trajectory calculation: 20.8239 s
task: 20
worker id: 92960
time create lcl and mol: 0.00332808 s
numbers of trajectories: 3846
time trajectory calculation: 22.2562 s
task: 21
worker id: 92634
time create lcl and mol: 0.00341296 s
numbers of trajectories: 3846
time trajectory calculation: 19.5726 s
task: 22
worker id: 15280
time create lcl and mol: 0.00356793 s
numbers of trajectories: 3846
time trajectory calculation: 24.6548 s
task: 23
worker id: 93104
time create lcl and mol: 0.00379014 s
numbers of trajectories: 3846
time trajectory calculation: 10.4024 s
task: 24
worker id: 93104
time create lcl and mol: 0.00363994 s
numbers of trajectories: 3846
time trajectory calculation: 17.2785 s
task: 25
worker id: 90913
time create lcl and mol: 0.00334883 s
numbers of trajectories: 3846
time trajectory calculation: 32.2727 s
CCS time: 86.3165 s
*********************************************************
average value of CCS = 17104 Ang^2
error value of CCS = 121.358 Ang^2
Total time: 86.3871 s
Program finished...
[1695443115.613000] [sdumont6227:92960:0]       tag_match.c:62   UCX  WARN  unexpected tag-receive descriptor 0x55a5e95fbc00 was not matched
*********************************************************
INPUT:: Simulation Parameters 
*********************************************************
target filename                  : 6vsb_pH8.xyz
number of probe                  : 10000
number of iterarions             : 10
number of tasks                  : 26
number of threads                : 24
seed number                      : 2104
gas buffer                       : N2
Target Temperature (K)           : 298
timestep (fs)                    : 10
Skin cell size (Ang)             : 0.01
Equipotential                    : no
Cut short-range interaction      : yes
LJ cutoff (Ang)                  : 12
Apply long-range interaction     : yes
Cut long-range interaction       : yes
Coulomb cutoff (Ang)             : 25
Apply induced-dipole interaction : yes
alpha (Ang^3)                    : 1.71
force_type: 6
*********************************************************
Force Field parameters: 
*********************************************************
Symbol  mass (amu)  epislon (kcal/mol)  sigma(Angstroms) 
C   12.011   0.0824736   3.2255
N   14.007   0.0758527   3.5719
H   1.008   0.0362711   1.8986
O   15.999   0.062323   3.075
S   32.06   0.138032   3.4237
P   30.9738   0.145372   3.47
*********************************************************
MOLECULE:: orientation around the inertia principal axis 
*********************************************************
Inertia matrix a.u. Ang^2: 
{  5.96602e+08  -2.76401e+06  2.13405e+06  }
{  -2.76401e+06  5.91979e+08  5.29065e+06  }
{  2.13405e+06  5.29065e+06  3.21168e+08  }
Rotation matrix applied to molecule: 
{  0.905562  -0.424213  -0.00112692  }
{  0.00793947  0.0196042  -0.999776  }
{  0.42414  0.90535  0.0211208  }
Molecule radius: 92.1165 Ang 
orientation time of molecule target: 0.0492818 s
target mass: 322081 amu
gas mass: 28.014 amu
reduce mass: 28.014 amu
charge state: -24.0016 e
*********************************************************
Geometric Ellipsoid: 
*********************************************************
maximal distances: 67.6873  68.9213  91.9941  Ang
Initial axis length: 118.795  120.029  143.102  Ang
Ellipsoid axis length: 126.195  127.429  150.502  Ang
ellipsoid calculation time: 0.000335932 s
maximal impact parameter: 150.502 Ang
*********************************************************
Linked-cell: 
Numbers of cells: 12584
Nx: 22 Ny: 22 Nz: 26
Filled cells: 586
Empty cells: 11998
Average atoms per cell: 76.6945
Maximum atoms per cell: 206
Minimum atoms per cell: 1
Simulation box: 
lx: 264.22 Ang
ly: 264.22 Ang
lz: 312.26 Ang
linked-cell calculation time: 0.0155449 s
time info: 0.00150204 s
*********************************************************
Trajectory calculations 
*********************************************************
out target time: 86.5752 s
Ntraj: 10000
Nfree: 2100
Nscatter: 7895
Nlost: 5
omega: 17155.8
Ntraj: 10000
Nfree: 2035
Nscatter: 7957
Nlost: 8
omega: 17550.1
Ntraj: 10000
Nfree: 1925
Nscatter: 8074
Nlost: 1
omega: 17142.7
Ntraj: 10000
Nfree: 2040
Nscatter: 7959
Nlost: 1
omega: 16752.7
Ntraj: 10000
Nfree: 2004
Nscatter: 7995
Nlost: 1
omega: 17016.3
Ntraj: 10000
Nfree: 2022
Nscatter: 7975
Nlost: 3
omega: 17033.6
Ntraj: 10000
Nfree: 2004
Nscatter: 7993
Nlost: 3
omega: 16831.7
Ntraj: 10000
Nfree: 2058
Nscatter: 7937
Nlost: 5
omega: 16600
Ntraj: 10000
Nfree: 2021
Nscatter: 7977
Nlost: 2
omega: 16966.1
Ntraj: 10000
Nfree: 1919
Nscatter: 8077
Nlost: 4
omega: 17990.7
*********************************************************
task: 0
worker id: 93857
time create lcl and mol: 0.00363803 s
numbers of trajectories: 3847
time trajectory calculation: 20.0056 s
task: 1
worker id: 18235
time create lcl and mol: 0.00364208 s
numbers of trajectories: 3847
time trajectory calculation: 26.3582 s
task: 2
worker id: 95579
time create lcl and mol: 0.003613 s
numbers of trajectories: 3847
time trajectory calculation: 24.8977 s
task: 3
worker id: 96044
time create lcl and mol: 0.003865 s
numbers of trajectories: 3847
time trajectory calculation: 34.1466 s
task: 4
worker id: 95901
time create lcl and mol: 0.00348091 s
numbers of trajectories: 3846
time trajectory calculation: 30.8959 s
task: 5
worker id: 94589
time create lcl and mol: 0.00364304 s
numbers of trajectories: 3846
time trajectory calculation: 15.2124 s
task: 6
worker id: 96413
time create lcl and mol: 0.00368786 s
numbers of trajectories: 3846
time trajectory calculation: 13.63 s
task: 7
worker id: 94938
time create lcl and mol: 0.00389504 s
numbers of trajectories: 3846
time trajectory calculation: 20.7221 s
task: 8
worker id: 93857
time create lcl and mol: 0.00358486 s
numbers of trajectories: 3846
time trajectory calculation: 19.0268 s
task: 9
worker id: 94938
time create lcl and mol: 0.0036521 s
numbers of trajectories: 3846
time trajectory calculation: 14.303 s
task: 10
worker id: 94589
time create lcl and mol: 0.00363088 s
numbers of trajectories: 3846
time trajectory calculation: 21.6196 s
task: 11
worker id: 94938
time create lcl and mol: 0.00351906 s
numbers of trajectories: 3846
time trajectory calculation: 20.4546 s
task: 12
worker id: 96413
time create lcl and mol: 0.0037241 s
numbers of trajectories: 3846
time trajectory calculation: 28.3286 s
task: 13
worker id: 95579
time create lcl and mol: 0.00377393 s
numbers of trajectories: 3846
time trajectory calculation: 17.4066 s
task: 14
worker id: 96413
time create lcl and mol: 0.00363398 s
numbers of trajectories: 3846
time trajectory calculation: 28.9739 s
task: 15
worker id: 18235
time create lcl and mol: 0.00353312 s
numbers of trajectories: 3846
time trajectory calculation: 24.2871 s
task: 16
worker id: 95901
time create lcl and mol: 0.00353909 s
numbers of trajectories: 3846
time trajectory calculation: 23.8843 s
task: 17
worker id: 96044
time create lcl and mol: 0.00347495 s
numbers of trajectories: 3846
time trajectory calculation: 28.6568 s
task: 18
worker id: 94938
time create lcl and mol: 0.00360703 s
numbers of trajectories: 3846
time trajectory calculation: 28.207 s
task: 19
worker id: 93857
time create lcl and mol: 0.00354981 s
numbers of trajectories: 3846
time trajectory calculation: 20.9094 s
task: 20
worker id: 18235
time create lcl and mol: 0.00365996 s
numbers of trajectories: 3846
time trajectory calculation: 22.3518 s
task: 21
worker id: 95579
time create lcl and mol: 0.00332904 s
numbers of trajectories: 3846
time trajectory calculation: 19.513 s
task: 22
worker id: 94589
time create lcl and mol: 0.00334287 s
numbers of trajectories: 3846
time trajectory calculation: 24.5607 s
task: 23
worker id: 94589
time create lcl and mol: 0.00338006 s
numbers of trajectories: 3846
time trajectory calculation: 10.4506 s
task: 24
worker id: 95579
time create lcl and mol: 0.00328016 s
numbers of trajectories: 3846
time trajectory calculation: 17.4725 s
task: 25
worker id: 95901
time create lcl and mol: 0.00353098 s
numbers of trajectories: 3846
time trajectory calculation: 31.7064 s
CCS time: 86.5859 s
*********************************************************
average value of CCS = 17104 Ang^2
error value of CCS = 121.358 Ang^2
Total time: 86.656 s
Program finished...
*********************************************************
INPUT:: Simulation Parameters 
*********************************************************
target filename                  : 6vsb_pH8.xyz
number of probe                  : 10000
number of iterarions             : 10
number of tasks                  : 26
number of threads                : 24
seed number                      : 2104
gas buffer                       : N2
Target Temperature (K)           : 298
timestep (fs)                    : 10
Skin cell size (Ang)             : 0.01
Equipotential                    : no
Cut short-range interaction      : yes
LJ cutoff (Ang)                  : 12
Apply long-range interaction     : yes
Cut long-range interaction       : yes
Coulomb cutoff (Ang)             : 25
Apply induced-dipole interaction : yes
alpha (Ang^3)                    : 1.71
force_type: 6
*********************************************************
Force Field parameters: 
*********************************************************
Symbol  mass (amu)  epislon (kcal/mol)  sigma(Angstroms) 
C   12.011   0.0824736   3.2255
N   14.007   0.0758527   3.5719
H   1.008   0.0362711   1.8986
O   15.999   0.062323   3.075
S   32.06   0.138032   3.4237
P   30.9738   0.145372   3.47
*********************************************************
MOLECULE:: orientation around the inertia principal axis 
*********************************************************
Inertia matrix a.u. Ang^2: 
{  5.96602e+08  -2.76401e+06  2.13405e+06  }
{  -2.76401e+06  5.91979e+08  5.29065e+06  }
{  2.13405e+06  5.29065e+06  3.21168e+08  }
Rotation matrix applied to molecule: 
{  0.905562  -0.424213  -0.00112692  }
{  0.00793947  0.0196042  -0.999776  }
{  0.42414  0.90535  0.0211208  }
Molecule radius: 92.1165 Ang 
orientation time of molecule target: 0.0489321 s
target mass: 322081 amu
gas mass: 28.014 amu
reduce mass: 28.014 amu
charge state: -24.0016 e
*********************************************************
Geometric Ellipsoid: 
*********************************************************
maximal distances: 67.6873  68.9213  91.9941  Ang
Initial axis length: 118.795  120.029  143.102  Ang
Ellipsoid axis length: 126.195  127.429  150.502  Ang
ellipsoid calculation time: 0.000325918 s
maximal impact parameter: 150.502 Ang
*********************************************************
Linked-cell: 
Numbers of cells: 12584
Nx: 22 Ny: 22 Nz: 26
Filled cells: 586
Empty cells: 11998
Average atoms per cell: 76.6945
Maximum atoms per cell: 206
Minimum atoms per cell: 1
Simulation box: 
lx: 264.22 Ang
ly: 264.22 Ang
lz: 312.26 Ang
linked-cell calculation time: 0.0154819 s
time info: 0.00149083 s
*********************************************************
Trajectory calculations 
*********************************************************
out target time: 86.5288 s
Ntraj: 10000
Nfree: 2100
Nscatter: 7895
Nlost: 5
omega: 17155.8
Ntraj: 10000
Nfree: 2035
Nscatter: 7957
Nlost: 8
omega: 17550.1
Ntraj: 10000
Nfree: 1925
Nscatter: 8074
Nlost: 1
omega: 17142.7
Ntraj: 10000
Nfree: 2040
Nscatter: 7959
Nlost: 1
omega: 16752.7
Ntraj: 10000
Nfree: 2004
Nscatter: 7995
Nlost: 1
omega: 17016.3
Ntraj: 10000
Nfree: 2022
Nscatter: 7975
Nlost: 3
omega: 17033.6
Ntraj: 10000
Nfree: 2004
Nscatter: 7993
Nlost: 3
omega: 16831.7
Ntraj: 10000
Nfree: 2058
Nscatter: 7937
Nlost: 5
omega: 16600
Ntraj: 10000
Nfree: 2021
Nscatter: 7977
Nlost: 2
omega: 16966.1
Ntraj: 10000
Nfree: 1919
Nscatter: 8077
Nlost: 4
omega: 17990.7
*********************************************************
task: 0
worker id: 21210
time create lcl and mol: 0.00358605 s
numbers of trajectories: 3847
time trajectory calculation: 19.783 s
task: 1
worker id: 1656
time create lcl and mol: 0.00361896 s
numbers of trajectories: 3847
time trajectory calculation: 26.4703 s
task: 2
worker id: 1123
time create lcl and mol: 0.00392795 s
numbers of trajectories: 3847
time trajectory calculation: 24.7605 s
task: 3
worker id: 96813
time create lcl and mol: 0.00366092 s
numbers of trajectories: 3847
time trajectory calculation: 33.5309 s
task: 4
worker id: 754
time create lcl and mol: 0.00359893 s
numbers of trajectories: 3846
time trajectory calculation: 30.5783 s
task: 5
worker id: 1273
time create lcl and mol: 0.00361991 s
numbers of trajectories: 3846
time trajectory calculation: 15.3648 s
task: 6
worker id: 97544
time create lcl and mol: 0.0038619 s
numbers of trajectories: 3846
time trajectory calculation: 13.1477 s
task: 7
worker id: 97888
time create lcl and mol: 0.00359297 s
numbers of trajectories: 3846
time trajectory calculation: 20.3823 s
task: 8
worker id: 1273
time create lcl and mol: 0.00349903 s
numbers of trajectories: 3846
time trajectory calculation: 19.2729 s
task: 9
worker id: 1123
time create lcl and mol: 0.00392294 s
numbers of trajectories: 3846
time trajectory calculation: 14.0848 s
task: 10
worker id: 97544
time create lcl and mol: 0.00351214 s
numbers of trajectories: 3846
time trajectory calculation: 21.4325 s
task: 11
worker id: 96813
time create lcl and mol: 0.00381589 s
numbers of trajectories: 3846
time trajectory calculation: 20.5299 s
task: 12
worker id: 97888
time create lcl and mol: 0.00361204 s
numbers of trajectories: 3846
time trajectory calculation: 27.7159 s
task: 13
worker id: 97888
time create lcl and mol: 0.00371909 s
numbers of trajectories: 3846
time trajectory calculation: 17.5684 s
task: 14
worker id: 754
time create lcl and mol: 0.00364804 s
numbers of trajectories: 3846
time trajectory calculation: 29.8941 s
task: 15
worker id: 1273
time create lcl and mol: 0.00377607 s
numbers of trajectories: 3846
time trajectory calculation: 24.2588 s
task: 16
worker id: 754
time create lcl and mol: 0.00347614 s
numbers of trajectories: 3846
time trajectory calculation: 23.9555 s
task: 17
worker id: 1656
time create lcl and mol: 0.00353479 s
numbers of trajectories: 3846
time trajectory calculation: 29.6707 s
task: 18
worker id: 1123
time create lcl and mol: 0.00347185 s
numbers of trajectories: 3846
time trajectory calculation: 27.8151 s
task: 19
worker id: 1656
time create lcl and mol: 0.00370812 s
numbers of trajectories: 3846
time trajectory calculation: 20.7293 s
task: 20
worker id: 21210
time create lcl and mol: 0.00362492 s
numbers of trajectories: 3846
time trajectory calculation: 22.4874 s
task: 21
worker id: 21210
time create lcl and mol: 0.00351477 s
numbers of trajectories: 3846
time trajectory calculation: 19.4554 s
task: 22
worker id: 97544
time create lcl and mol: 0.00365305 s
numbers of trajectories: 3846
time trajectory calculation: 24.5785 s
task: 23
worker id: 97888
time create lcl and mol: 0.00360799 s
numbers of trajectories: 3846
time trajectory calculation: 10.388 s
task: 24
worker id: 1273
time create lcl and mol: 0.00348401 s
numbers of trajectories: 3846
time trajectory calculation: 17.1123 s
task: 25
worker id: 96813
time create lcl and mol: 0.0038259 s
numbers of trajectories: 3846
time trajectory calculation: 32.379 s
CCS time: 86.5394 s
*********************************************************
average value of CCS = 17104 Ang^2
error value of CCS = 121.358 Ang^2
Total time: 86.6095 s
Program finished...
*********************************************************
INPUT:: Simulation Parameters 
*********************************************************
target filename                  : 6vsb_pH8.xyz
number of probe                  : 10000
number of iterarions             : 10
number of tasks                  : 26
number of threads                : 24
seed number                      : 2104
gas buffer                       : N2
Target Temperature (K)           : 298
timestep (fs)                    : 10
Skin cell size (Ang)             : 0.01
Equipotential                    : no
Cut short-range interaction      : yes
LJ cutoff (Ang)                  : 12
Apply long-range interaction     : yes
Cut long-range interaction       : yes
Coulomb cutoff (Ang)             : 25
Apply induced-dipole interaction : yes
alpha (Ang^3)                    : 1.71
force_type: 6
*********************************************************
Force Field parameters: 
*********************************************************
Symbol  mass (amu)  epislon (kcal/mol)  sigma(Angstroms) 
C   12.011   0.0824736   3.2255
N   14.007   0.0758527   3.5719
H   1.008   0.0362711   1.8986
O   15.999   0.062323   3.075
S   32.06   0.138032   3.4237
P   30.9738   0.145372   3.47
*********************************************************
MOLECULE:: orientation around the inertia principal axis 
*********************************************************
Inertia matrix a.u. Ang^2: 
{  5.96602e+08  -2.76401e+06  2.13405e+06  }
{  -2.76401e+06  5.91979e+08  5.29065e+06  }
{  2.13405e+06  5.29065e+06  3.21168e+08  }
Rotation matrix applied to molecule: 
{  0.905562  -0.424213  -0.00112692  }
{  0.00793947  0.0196042  -0.999776  }
{  0.42414  0.90535  0.0211208  }
Molecule radius: 92.1165 Ang 
orientation time of molecule target: 0.049135 s
target mass: 322081 amu
gas mass: 28.014 amu
reduce mass: 28.014 amu
charge state: -24.0016 e
*********************************************************
Geometric Ellipsoid: 
*********************************************************
maximal distances: 67.6873  68.9213  91.9941  Ang
Initial axis length: 118.795  120.029  143.102  Ang
Ellipsoid axis length: 126.195  127.429  150.502  Ang
ellipsoid calculation time: 0.000334978 s
maximal impact parameter: 150.502 Ang
*********************************************************
Linked-cell: 
Numbers of cells: 12584
Nx: 22 Ny: 22 Nz: 26
Filled cells: 586
Empty cells: 11998
Average atoms per cell: 76.6945
Maximum atoms per cell: 206
Minimum atoms per cell: 1
Simulation box: 
lx: 264.22 Ang
ly: 264.22 Ang
lz: 312.26 Ang
linked-cell calculation time: 0.0153759 s
time info: 0.001441 s
*********************************************************
Trajectory calculations 
*********************************************************
out target time: 86.7547 s
Ntraj: 10000
Nfree: 2100
Nscatter: 7895
Nlost: 5
omega: 17155.8
Ntraj: 10000
Nfree: 2035
Nscatter: 7957
Nlost: 8
omega: 17550.1
Ntraj: 10000
Nfree: 1925
Nscatter: 8074
Nlost: 1
omega: 17142.7
Ntraj: 10000
Nfree: 2040
Nscatter: 7959
Nlost: 1
omega: 16752.7
Ntraj: 10000
Nfree: 2004
Nscatter: 7995
Nlost: 1
omega: 17016.3
Ntraj: 10000
Nfree: 2022
Nscatter: 7975
Nlost: 3
omega: 17033.6
Ntraj: 10000
Nfree: 2004
Nscatter: 7993
Nlost: 3
omega: 16831.7
Ntraj: 10000
Nfree: 2058
Nscatter: 7937
Nlost: 5
omega: 16600
Ntraj: 10000
Nfree: 2021
Nscatter: 7977
Nlost: 2
omega: 16966.1
Ntraj: 10000
Nfree: 1919
Nscatter: 8077
Nlost: 4
omega: 17990.7
*********************************************************
task: 0
worker id: 4403
time create lcl and mol: 0.00388408 s
numbers of trajectories: 3847
time trajectory calculation: 20.2749 s
task: 1
worker id: 4261
time create lcl and mol: 0.00358891 s
numbers of trajectories: 3847
time trajectory calculation: 26.2118 s
task: 2
worker id: 2047
time create lcl and mol: 0.00365806 s
numbers of trajectories: 3847
time trajectory calculation: 25.0355 s
task: 3
worker id: 2937
time create lcl and mol: 0.00369406 s
numbers of trajectories: 3847
time trajectory calculation: 33.3552 s
task: 4
worker id: 24169
time create lcl and mol: 0.00366807 s
numbers of trajectories: 3846
time trajectory calculation: 30.5436 s
task: 5
worker id: 3939
time create lcl and mol: 0.00369906 s
numbers of trajectories: 3846
time trajectory calculation: 14.953 s
task: 6
worker id: 4772
time create lcl and mol: 0.00359416 s
numbers of trajectories: 3846
time trajectory calculation: 12.9093 s
task: 7
worker id: 4403
time create lcl and mol: 0.00360703 s
numbers of trajectories: 3846
time trajectory calculation: 20.5599 s
task: 8
worker id: 3288
time create lcl and mol: 0.003582 s
numbers of trajectories: 3846
time trajectory calculation: 19.2167 s
task: 9
worker id: 2937
time create lcl and mol: 0.00333309 s
numbers of trajectories: 3846
time trajectory calculation: 13.9309 s
task: 10
worker id: 3939
time create lcl and mol: 0.00368309 s
numbers of trajectories: 3846
time trajectory calculation: 20.8354 s
task: 11
worker id: 2047
time create lcl and mol: 0.00363922 s
numbers of trajectories: 3846
time trajectory calculation: 20.3192 s
task: 12
worker id: 3288
time create lcl and mol: 0.00365019 s
numbers of trajectories: 3846
time trajectory calculation: 28.3095 s
task: 13
worker id: 2937
time create lcl and mol: 0.00359201 s
numbers of trajectories: 3846
time trajectory calculation: 17.4287 s
task: 14
worker id: 4772
time create lcl and mol: 0.00376606 s
numbers of trajectories: 3846
time trajectory calculation: 28.9625 s
task: 15
worker id: 24169
time create lcl and mol: 0.00354195 s
numbers of trajectories: 3846
time trajectory calculation: 24.4469 s
task: 16
worker id: 4261
time create lcl and mol: 0.00354886 s
numbers of trajectories: 3846
time trajectory calculation: 24.0863 s
task: 17
worker id: 3939
time create lcl and mol: 0.00370502 s
numbers of trajectories: 3846
time trajectory calculation: 29.5746 s
task: 18
worker id: 2047
time create lcl and mol: 0.00341797 s
numbers of trajectories: 3846
time trajectory calculation: 26.8023 s
task: 19
worker id: 3288
time create lcl and mol: 0.00338888 s
numbers of trajectories: 3846
time trajectory calculation: 20.9169 s
task: 20
worker id: 4403
time create lcl and mol: 0.00330997 s
numbers of trajectories: 3846
time trajectory calculation: 22.463 s
task: 21
worker id: 4403
time create lcl and mol: 0.00349689 s
numbers of trajectories: 3846
time trajectory calculation: 18.6393 s
task: 22
worker id: 4772
time create lcl and mol: 0.00365114 s
numbers of trajectories: 3846
time trajectory calculation: 24.1114 s
task: 23
worker id: 2047
time create lcl and mol: 0.00352812 s
numbers of trajectories: 3846
time trajectory calculation: 10.3644 s
task: 24
worker id: 4261
time create lcl and mol: 0.00363684 s
numbers of trajectories: 3846
time trajectory calculation: 17.5132 s
task: 25
worker id: 24169
time create lcl and mol: 0.00369406 s
numbers of trajectories: 3846
time trajectory calculation: 31.6722 s
CCS time: 86.7652 s
*********************************************************
average value of CCS = 17104 Ang^2
error value of CCS = 121.358 Ang^2
Total time: 86.8353 s
Program finished...
