*********************************************************
INPUT:: Simulation Parameters 
*********************************************************
target filename                  : 6ola_pH74.xyz
number of probe                  : 10000
number of iterarions             : 10
number of tasks                  : 28
number of threads                : 24
seed number                      : 2104
gas buffer                       : N2
Target Temperature (K)           : 298
timestep (fs)                    : 10
Skin cell size (Ang)             : 0.01
Equipotential                    : no
Cut short-range interaction      : yes
LJ cutoff (Ang)                  : 12
Apply long-range interaction     : yes
Cut long-range interaction       : yes
Coulomb cutoff (Ang)             : 25
Apply induced-dipole interaction : yes
alpha (Ang^3)                    : 1.71
force_type: 6
*********************************************************
Force Field parameters: 
*********************************************************
Symbol  mass (amu)  epislon (kcal/mol)  sigma(Angstroms) 
C   12.011   0.0824736   3.2255
N   14.007   0.0758527   3.5719
H   1.008   0.0362711   1.8986
O   15.999   0.062323   3.075
S   32.06   0.138032   3.4237
P   30.9738   0.145372   3.47
*********************************************************
MOLECULE:: orientation around the inertia principal axis 
*********************************************************
Inertia matrix a.u. Ang^2: 
{  6.20552e+09  146226  304150  }
{  146226  6.20532e+09  -389388  }
{  304150  -389388  6.20531e+09  }
Rotation matrix applied to molecule: 
{  0.581053  -0.406044  0.705341  }
{  -0.403981  0.608439  0.683082  }
{  -0.706518  -0.681851  0.189501  }
Molecule radius: 104.521 Ang 
orientation time of molecule target: 0.433706 s
target mass: 1.38316e+06 amu
gas mass: 28.014 amu
reduce mass: 28.014 amu
charge state: 682.99 e
*********************************************************
Geometric Ellipsoid: 
*********************************************************
maximal distances: 104.098  97.6909  104.521  Ang
Initial axis length: 155.205  148.799  155.629  Ang
Ellipsoid axis length: 161.155  154.749  161.579  Ang
ellipsoid calculation time: 0.001302 s
maximal impact parameter: 161.579 Ang
*********************************************************
Linked-cell: 
Numbers of cells: 18954
Nx: 27 Ny: 26 Nz: 27
Filled cells: 2129
Empty cells: 16825
Average atoms per cell: 91.0113
Maximum atoms per cell: 206
Minimum atoms per cell: 1
Simulation box: 
lx: 324.27 Ang
ly: 312.26 Ang
lz: 324.27 Ang
linked-cell calculation time: 0.040225 s
time info: 0.00564313 s
*********************************************************
Trajectory calculations 
*********************************************************
out target time: 99.3306 s
Ntraj: 10000
Nfree: 319
Nscatter: 9678
Nlost: 3
omega: 43834.7
Ntraj: 10000
Nfree: 271
Nscatter: 9727
Nlost: 2
omega: 44113.6
Ntraj: 10000
Nfree: 302
Nscatter: 9698
Nlost: 0
omega: 44064.3
Ntraj: 10000
Nfree: 317
Nscatter: 9681
Nlost: 2
omega: 43205.4
Ntraj: 10000
Nfree: 322
Nscatter: 9678
Nlost: 0
omega: 44286.7
Ntraj: 10000
Nfree: 302
Nscatter: 9697
Nlost: 1
omega: 44024.8
Ntraj: 10000
Nfree: 306
Nscatter: 9692
Nlost: 2
omega: 43110.7
Ntraj: 10000
Nfree: 301
Nscatter: 9698
Nlost: 1
omega: 43946.7
Ntraj: 10000
Nfree: 288
Nscatter: 9711
Nlost: 1
omega: 43744.3
Ntraj: 10000
Nfree: 293
Nscatter: 9702
Nlost: 5
omega: 44547.6
*********************************************************
task: 0
worker id: 21854
time create lcl and mol: 0.00817299 s
numbers of trajectories: 3572
time trajectory calculation: 27.1591 s
task: 1
worker id: 44555
time create lcl and mol: 0.00810599 s
numbers of trajectories: 3572
time trajectory calculation: 14.922 s
task: 2
worker id: 22333
time create lcl and mol: 0.00810599 s
numbers of trajectories: 3572
time trajectory calculation: 15.0008 s
task: 3
worker id: 22207
time create lcl and mol: 0.00808382 s
numbers of trajectories: 3572
time trajectory calculation: 31.2727 s
task: 4
worker id: 19926
time create lcl and mol: 0.00818491 s
numbers of trajectories: 3572
time trajectory calculation: 13.4578 s
task: 5
worker id: 22703
time create lcl and mol: 0.00843906 s
numbers of trajectories: 3572
time trajectory calculation: 43.4777 s
task: 6
worker id: 20779
time create lcl and mol: 0.00810003 s
numbers of trajectories: 3572
time trajectory calculation: 16.933 s
task: 7
worker id: 21022
time create lcl and mol: 0.00820088 s
numbers of trajectories: 3572
time trajectory calculation: 21.9497 s
task: 8
worker id: 21854
time create lcl and mol: 0.00829983 s
numbers of trajectories: 3572
time trajectory calculation: 24.028 s
task: 9
worker id: 44555
time create lcl and mol: 0.00796795 s
numbers of trajectories: 3572
time trajectory calculation: 25.8347 s
task: 10
worker id: 21022
time create lcl and mol: 0.00827694 s
numbers of trajectories: 3572
time trajectory calculation: 33.8437 s
task: 11
worker id: 20779
time create lcl and mol: 0.0086081 s
numbers of trajectories: 3572
time trajectory calculation: 15.2881 s
task: 12
worker id: 44555
time create lcl and mol: 0.00776815 s
numbers of trajectories: 3571
time trajectory calculation: 22.3051 s
task: 13
worker id: 21854
time create lcl and mol: 0.0081811 s
numbers of trajectories: 3571
time trajectory calculation: 23.861 s
task: 14
worker id: 19926
time create lcl and mol: 0.00873685 s
numbers of trajectories: 3571
time trajectory calculation: 13.8992 s
task: 15
worker id: 22703
time create lcl and mol: 0.00873423 s
numbers of trajectories: 3571
time trajectory calculation: 13.7308 s
task: 16
worker id: 21022
time create lcl and mol: 0.00816894 s
numbers of trajectories: 3571
time trajectory calculation: 20.2835 s
task: 17
worker id: 21854
time create lcl and mol: 0.008389 s
numbers of trajectories: 3571
time trajectory calculation: 13.5595 s
task: 18
worker id: 19926
time create lcl and mol: 0.00825214 s
numbers of trajectories: 3571
time trajectory calculation: 16.7612 s
task: 19
worker id: 22333
time create lcl and mol: 0.00793481 s
numbers of trajectories: 3571
time trajectory calculation: 65.8576 s
task: 20
worker id: 22207
time create lcl and mol: 0.00809908 s
numbers of trajectories: 3571
time trajectory calculation: 35.8206 s
task: 21
worker id: 44555
time create lcl and mol: 0.00875711 s
numbers of trajectories: 3571
time trajectory calculation: 19.1639 s
task: 22
worker id: 19926
time create lcl and mol: 0.00844502 s
numbers of trajectories: 3571
time trajectory calculation: 14.3486 s
task: 23
worker id: 22333
time create lcl and mol: 0.0081811 s
numbers of trajectories: 3571
time trajectory calculation: 18.3436 s
task: 24
worker id: 19926
time create lcl and mol: 0.00853896 s
numbers of trajectories: 3571
time trajectory calculation: 17.827 s
task: 25
worker id: 22703
time create lcl and mol: 0.00791907 s
numbers of trajectories: 3571
time trajectory calculation: 13.7911 s
task: 26
worker id: 20779
time create lcl and mol: 0.00825095 s
numbers of trajectories: 3571
time trajectory calculation: 17.715 s
task: 27
worker id: 20779
time create lcl and mol: 0.00847602 s
numbers of trajectories: 3571
time trajectory calculation: 17.0029 s
CCS time: 99.3455 s
*********************************************************
average value of CCS = 43887.9 Ang^2
error value of CCS = 133.858 Ang^2
Total time: 99.826 s
Program finished...
*********************************************************
INPUT:: Simulation Parameters 
*********************************************************
target filename                  : 6ola_pH74.xyz
number of probe                  : 10000
number of iterarions             : 10
number of tasks                  : 28
number of threads                : 24
seed number                      : 2104
gas buffer                       : N2
Target Temperature (K)           : 298
timestep (fs)                    : 10
Skin cell size (Ang)             : 0.01
Equipotential                    : no
Cut short-range interaction      : yes
LJ cutoff (Ang)                  : 12
Apply long-range interaction     : yes
Cut long-range interaction       : yes
Coulomb cutoff (Ang)             : 25
Apply induced-dipole interaction : yes
alpha (Ang^3)                    : 1.71
force_type: 6
*********************************************************
Force Field parameters: 
*********************************************************
Symbol  mass (amu)  epislon (kcal/mol)  sigma(Angstroms) 
C   12.011   0.0824736   3.2255
N   14.007   0.0758527   3.5719
H   1.008   0.0362711   1.8986
O   15.999   0.062323   3.075
S   32.06   0.138032   3.4237
P   30.9738   0.145372   3.47
*********************************************************
MOLECULE:: orientation around the inertia principal axis 
*********************************************************
Inertia matrix a.u. Ang^2: 
{  6.20552e+09  146226  304150  }
{  146226  6.20532e+09  -389388  }
{  304150  -389388  6.20531e+09  }
Rotation matrix applied to molecule: 
{  0.581053  -0.406044  0.705341  }
{  -0.403981  0.608439  0.683082  }
{  -0.706518  -0.681851  0.189501  }
Molecule radius: 104.521 Ang 
orientation time of molecule target: 0.208095 s
target mass: 1.38316e+06 amu
gas mass: 28.014 amu
reduce mass: 28.014 amu
charge state: 682.99 e
*********************************************************
Geometric Ellipsoid: 
*********************************************************
maximal distances: 104.098  97.6909  104.521  Ang
Initial axis length: 155.205  148.799  155.629  Ang
Ellipsoid axis length: 161.155  154.749  161.579  Ang
ellipsoid calculation time: 0.00119114 s
maximal impact parameter: 161.579 Ang
*********************************************************
Linked-cell: 
Numbers of cells: 18954
Nx: 27 Ny: 26 Nz: 27
Filled cells: 2129
Empty cells: 16825
Average atoms per cell: 91.0113
Maximum atoms per cell: 206
Minimum atoms per cell: 1
Simulation box: 
lx: 324.27 Ang
ly: 312.26 Ang
lz: 324.27 Ang
linked-cell calculation time: 0.0402651 s
time info: 0.00563002 s
*********************************************************
Trajectory calculations 
*********************************************************
out target time: 116.145 s
Ntraj: 10000
Nfree: 319
Nscatter: 9678
Nlost: 3
omega: 43834.7
Ntraj: 10000
Nfree: 271
Nscatter: 9727
Nlost: 2
omega: 44113.6
Ntraj: 10000
Nfree: 302
Nscatter: 9698
Nlost: 0
omega: 44064.3
Ntraj: 10000
Nfree: 317
Nscatter: 9681
Nlost: 2
omega: 43205.4
Ntraj: 10000
Nfree: 322
Nscatter: 9678
Nlost: 0
omega: 44286.7
Ntraj: 10000
Nfree: 302
Nscatter: 9697
Nlost: 1
omega: 44024.8
Ntraj: 10000
Nfree: 306
Nscatter: 9692
Nlost: 2
omega: 43110.7
Ntraj: 10000
Nfree: 301
Nscatter: 9698
Nlost: 1
omega: 43946.7
Ntraj: 10000
Nfree: 288
Nscatter: 9711
Nlost: 1
omega: 43744.3
Ntraj: 10000
Nfree: 293
Nscatter: 9702
Nlost: 5
omega: 44547.6
*********************************************************
task: 0
worker id: 25124
time create lcl and mol: 0.00839281 s
numbers of trajectories: 3572
time trajectory calculation: 26.932 s
task: 1
worker id: 25481
time create lcl and mol: 0.00835204 s
numbers of trajectories: 3572
time trajectory calculation: 14.8072 s
task: 2
worker id: 24049
time create lcl and mol: 0.00847006 s
numbers of trajectories: 3572
time trajectory calculation: 15.1489 s
task: 3
worker id: 47838
time create lcl and mol: 0.00811195 s
numbers of trajectories: 3572
time trajectory calculation: 31.142 s
task: 4
worker id: 23199
time create lcl and mol: 0.00804782 s
numbers of trajectories: 3572
time trajectory calculation: 13.7928 s
task: 5
worker id: 25974
time create lcl and mol: 0.00823307 s
numbers of trajectories: 3572
time trajectory calculation: 44.1682 s
task: 6
worker id: 25603
time create lcl and mol: 0.0082829 s
numbers of trajectories: 3572
time trajectory calculation: 17.0362 s
task: 7
worker id: 23199
time create lcl and mol: 0.00822806 s
numbers of trajectories: 3572
time trajectory calculation: 21.0347 s
task: 8
worker id: 24298
time create lcl and mol: 0.00832796 s
numbers of trajectories: 3572
time trajectory calculation: 24.378 s
task: 9
worker id: 25481
time create lcl and mol: 0.00825882 s
numbers of trajectories: 3572
time trajectory calculation: 26.3878 s
task: 10
worker id: 25124
time create lcl and mol: 0.00787306 s
numbers of trajectories: 3572
time trajectory calculation: 33.9046 s
task: 11
worker id: 25481
time create lcl and mol: 0.00847197 s
numbers of trajectories: 3572
time trajectory calculation: 15.6985 s
task: 12
worker id: 25974
time create lcl and mol: 0.00833511 s
numbers of trajectories: 3571
time trajectory calculation: 22.0722 s
task: 13
worker id: 25603
time create lcl and mol: 0.00799608 s
numbers of trajectories: 3571
time trajectory calculation: 23.5781 s
task: 14
worker id: 24298
time create lcl and mol: 0.00852299 s
numbers of trajectories: 3571
time trajectory calculation: 13.7364 s
task: 15
worker id: 24049
time create lcl and mol: 0.00879192 s
numbers of trajectories: 3571
time trajectory calculation: 13.7351 s
task: 16
worker id: 24049
time create lcl and mol: 0.00865602 s
numbers of trajectories: 3571
time trajectory calculation: 20.5357 s
task: 17
worker id: 25124
time create lcl and mol: 0.00782108 s
numbers of trajectories: 3571
time trajectory calculation: 13.5294 s
task: 18
worker id: 24298
time create lcl and mol: 0.007617 s
numbers of trajectories: 3571
time trajectory calculation: 17.1337 s
task: 19
worker id: 24049
time create lcl and mol: 0.00837398 s
numbers of trajectories: 3571
time trajectory calculation: 66.5864 s
task: 20
worker id: 23199
time create lcl and mol: 0.00837708 s
numbers of trajectories: 3571
time trajectory calculation: 34.9288 s
task: 21
worker id: 25603
time create lcl and mol: 0.00835681 s
numbers of trajectories: 3571
time trajectory calculation: 19.4312 s
task: 22
worker id: 23199
time create lcl and mol: 0.00820804 s
numbers of trajectories: 3571
time trajectory calculation: 14.2407 s
task: 23
worker id: 47838
time create lcl and mol: 0.00819898 s
numbers of trajectories: 3571
time trajectory calculation: 18.3691 s
task: 24
worker id: 25603
time create lcl and mol: 0.00840497 s
numbers of trajectories: 3571
time trajectory calculation: 17.567 s
task: 25
worker id: 24298
time create lcl and mol: 0.00777006 s
numbers of trajectories: 3571
time trajectory calculation: 13.8507 s
task: 26
worker id: 47838
time create lcl and mol: 0.00812101 s
numbers of trajectories: 3571
time trajectory calculation: 17.7677 s
task: 27
worker id: 25481
time create lcl and mol: 0.00778604 s
numbers of trajectories: 3571
time trajectory calculation: 16.8248 s
CCS time: 116.16 s
*********************************************************
average value of CCS = 43887.9 Ang^2
error value of CCS = 133.858 Ang^2
Total time: 116.414 s
Program finished...
*********************************************************
INPUT:: Simulation Parameters 
*********************************************************
target filename                  : 6ola_pH74.xyz
number of probe                  : 10000
number of iterarions             : 10
number of tasks                  : 28
number of threads                : 24
seed number                      : 2104
gas buffer                       : N2
Target Temperature (K)           : 298
timestep (fs)                    : 10
Skin cell size (Ang)             : 0.01
Equipotential                    : no
Cut short-range interaction      : yes
LJ cutoff (Ang)                  : 12
Apply long-range interaction     : yes
Cut long-range interaction       : yes
Coulomb cutoff (Ang)             : 25
Apply induced-dipole interaction : yes
alpha (Ang^3)                    : 1.71
force_type: 6
*********************************************************
Force Field parameters: 
*********************************************************
Symbol  mass (amu)  epislon (kcal/mol)  sigma(Angstroms) 
C   12.011   0.0824736   3.2255
N   14.007   0.0758527   3.5719
H   1.008   0.0362711   1.8986
O   15.999   0.062323   3.075
S   32.06   0.138032   3.4237
P   30.9738   0.145372   3.47
*********************************************************
MOLECULE:: orientation around the inertia principal axis 
*********************************************************
Inertia matrix a.u. Ang^2: 
{  6.20552e+09  146226  304150  }
{  146226  6.20532e+09  -389388  }
{  304150  -389388  6.20531e+09  }
Rotation matrix applied to molecule: 
{  0.581053  -0.406044  0.705341  }
{  -0.403981  0.608439  0.683082  }
{  -0.706518  -0.681851  0.189501  }
Molecule radius: 104.521 Ang 
orientation time of molecule target: 0.206954 s
target mass: 1.38316e+06 amu
gas mass: 28.014 amu
reduce mass: 28.014 amu
charge state: 682.99 e
*********************************************************
Geometric Ellipsoid: 
*********************************************************
maximal distances: 104.098  97.6909  104.521  Ang
Initial axis length: 155.205  148.799  155.629  Ang
Ellipsoid axis length: 161.155  154.749  161.579  Ang
ellipsoid calculation time: 0.00121784 s
maximal impact parameter: 161.579 Ang
*********************************************************
Linked-cell: 
Numbers of cells: 18954
Nx: 27 Ny: 26 Nz: 27
Filled cells: 2129
Empty cells: 16825
Average atoms per cell: 91.0113
Maximum atoms per cell: 206
Minimum atoms per cell: 1
Simulation box: 
lx: 324.27 Ang
ly: 312.26 Ang
lz: 324.27 Ang
linked-cell calculation time: 0.0398419 s
time info: 0.00563693 s
*********************************************************
Trajectory calculations 
*********************************************************
out target time: 98.0248 s
Ntraj: 10000
Nfree: 319
Nscatter: 9678
Nlost: 3
omega: 43834.7
Ntraj: 10000
Nfree: 271
Nscatter: 9727
Nlost: 2
omega: 44113.6
Ntraj: 10000
Nfree: 302
Nscatter: 9698
Nlost: 0
omega: 44064.3
Ntraj: 10000
Nfree: 317
Nscatter: 9681
Nlost: 2
omega: 43205.4
Ntraj: 10000
Nfree: 322
Nscatter: 9678
Nlost: 0
omega: 44286.7
Ntraj: 10000
Nfree: 302
Nscatter: 9697
Nlost: 1
omega: 44024.8
Ntraj: 10000
Nfree: 306
Nscatter: 9692
Nlost: 2
omega: 43110.7
Ntraj: 10000
Nfree: 301
Nscatter: 9698
Nlost: 1
omega: 43946.7
Ntraj: 10000
Nfree: 288
Nscatter: 9711
Nlost: 1
omega: 43744.3
Ntraj: 10000
Nfree: 293
Nscatter: 9702
Nlost: 5
omega: 44547.6
*********************************************************
task: 0
worker id: 29386
time create lcl and mol: 0.00812101 s
numbers of trajectories: 3572
time trajectory calculation: 25.7676 s
task: 1
worker id: 29875
time create lcl and mol: 0.00805187 s
numbers of trajectories: 3572
time trajectory calculation: 15.0501 s
task: 2
worker id: 51748
time create lcl and mol: 0.0084331 s
numbers of trajectories: 3572
time trajectory calculation: 15.3193 s
task: 3
worker id: 28190
time create lcl and mol: 0.008497 s
numbers of trajectories: 3572
time trajectory calculation: 31.33 s
task: 4
worker id: 29386
time create lcl and mol: 0.00821018 s
numbers of trajectories: 3572
time trajectory calculation: 13.9867 s
task: 5
worker id: 29500
time create lcl and mol: 0.00813317 s
numbers of trajectories: 3572
time trajectory calculation: 43.8521 s
task: 6
worker id: 27099
time create lcl and mol: 0.00809717 s
numbers of trajectories: 3572
time trajectory calculation: 16.697 s
task: 7
worker id: 27099
time create lcl and mol: 0.00830698 s
numbers of trajectories: 3572
time trajectory calculation: 21.786 s
task: 8
worker id: 51748
time create lcl and mol: 0.0080111 s
numbers of trajectories: 3572
time trajectory calculation: 23.4336 s
task: 9
worker id: 29024
time create lcl and mol: 0.008461 s
numbers of trajectories: 3572
time trajectory calculation: 26.2697 s
task: 10
worker id: 27949
time create lcl and mol: 0.00803995 s
numbers of trajectories: 3572
time trajectory calculation: 32.9987 s
task: 11
worker id: 28190
time create lcl and mol: 0.00814795 s
numbers of trajectories: 3572
time trajectory calculation: 15.7198 s
task: 12
worker id: 29024
time create lcl and mol: 0.00802088 s
numbers of trajectories: 3571
time trajectory calculation: 22.0021 s
task: 13
worker id: 51748
time create lcl and mol: 0.00798082 s
numbers of trajectories: 3571
time trajectory calculation: 23.9447 s
task: 14
worker id: 29875
time create lcl and mol: 0.00799704 s
numbers of trajectories: 3571
time trajectory calculation: 14.0943 s
task: 15
worker id: 29875
time create lcl and mol: 0.00848103 s
numbers of trajectories: 3571
time trajectory calculation: 13.8426 s
task: 16
worker id: 29500
time create lcl and mol: 0.00854707 s
numbers of trajectories: 3571
time trajectory calculation: 20.4962 s
task: 17
worker id: 29875
time create lcl and mol: 0.00764894 s
numbers of trajectories: 3571
time trajectory calculation: 13.5031 s
task: 18
worker id: 51748
time create lcl and mol: 0.00859213 s
numbers of trajectories: 3571
time trajectory calculation: 16.8437 s
task: 19
worker id: 27949
time create lcl and mol: 0.00825906 s
numbers of trajectories: 3571
time trajectory calculation: 64.94 s
task: 20
worker id: 27099
time create lcl and mol: 0.00828886 s
numbers of trajectories: 3571
time trajectory calculation: 35.6072 s
task: 21
worker id: 28190
time create lcl and mol: 0.00847816 s
numbers of trajectories: 3571
time trajectory calculation: 18.8913 s
task: 22
worker id: 29024
time create lcl and mol: 0.00802708 s
numbers of trajectories: 3571
time trajectory calculation: 14.2322 s
task: 23
worker id: 29875
time create lcl and mol: 0.00868011 s
numbers of trajectories: 3571
time trajectory calculation: 18.0906 s
task: 24
worker id: 27099
time create lcl and mol: 0.00819206 s
numbers of trajectories: 3571
time trajectory calculation: 17.5949 s
task: 25
worker id: 29386
time create lcl and mol: 0.00791693 s
numbers of trajectories: 3571
time trajectory calculation: 13.3738 s
task: 26
worker id: 29386
time create lcl and mol: 0.00858307 s
numbers of trajectories: 3571
time trajectory calculation: 17.4289 s
task: 27
worker id: 29500
time create lcl and mol: 0.00808287 s
numbers of trajectories: 3571
time trajectory calculation: 16.3271 s
CCS time: 98.0395 s
*********************************************************
average value of CCS = 43887.9 Ang^2
error value of CCS = 133.858 Ang^2
Total time: 98.2922 s
Program finished...
*********************************************************
INPUT:: Simulation Parameters 
*********************************************************
target filename                  : 6ola_pH74.xyz
number of probe                  : 10000
number of iterarions             : 10
number of tasks                  : 28
number of threads                : 24
seed number                      : 2104
gas buffer                       : N2
Target Temperature (K)           : 298
timestep (fs)                    : 10
Skin cell size (Ang)             : 0.01
Equipotential                    : no
Cut short-range interaction      : yes
LJ cutoff (Ang)                  : 12
Apply long-range interaction     : yes
Cut long-range interaction       : yes
Coulomb cutoff (Ang)             : 25
Apply induced-dipole interaction : yes
alpha (Ang^3)                    : 1.71
force_type: 6
*********************************************************
Force Field parameters: 
*********************************************************
Symbol  mass (amu)  epislon (kcal/mol)  sigma(Angstroms) 
C   12.011   0.0824736   3.2255
N   14.007   0.0758527   3.5719
H   1.008   0.0362711   1.8986
O   15.999   0.062323   3.075
S   32.06   0.138032   3.4237
P   30.9738   0.145372   3.47
*********************************************************
MOLECULE:: orientation around the inertia principal axis 
*********************************************************
Inertia matrix a.u. Ang^2: 
{  6.20552e+09  146226  304150  }
{  146226  6.20532e+09  -389388  }
{  304150  -389388  6.20531e+09  }
Rotation matrix applied to molecule: 
{  0.581053  -0.406044  0.705341  }
{  -0.403981  0.608439  0.683082  }
{  -0.706518  -0.681851  0.189501  }
Molecule radius: 104.521 Ang 
orientation time of molecule target: 0.206213 s
target mass: 1.38316e+06 amu
gas mass: 28.014 amu
reduce mass: 28.014 amu
charge state: 682.99 e
*********************************************************
Geometric Ellipsoid: 
*********************************************************
maximal distances: 104.098  97.6909  104.521  Ang
Initial axis length: 155.205  148.799  155.629  Ang
Ellipsoid axis length: 161.155  154.749  161.579  Ang
ellipsoid calculation time: 0.00121403 s
maximal impact parameter: 161.579 Ang
*********************************************************
Linked-cell: 
Numbers of cells: 18954
Nx: 27 Ny: 26 Nz: 27
Filled cells: 2129
Empty cells: 16825
Average atoms per cell: 91.0113
Maximum atoms per cell: 206
Minimum atoms per cell: 1
Simulation box: 
lx: 324.27 Ang
ly: 312.26 Ang
lz: 324.27 Ang
linked-cell calculation time: 0.039907 s
time info: 0.00577307 s
*********************************************************
Trajectory calculations 
*********************************************************
out target time: 107.457 s
Ntraj: 10000
Nfree: 319
Nscatter: 9678
Nlost: 3
omega: 43834.7
Ntraj: 10000
Nfree: 271
Nscatter: 9727
Nlost: 2
omega: 44113.6
Ntraj: 10000
Nfree: 302
Nscatter: 9698
Nlost: 0
omega: 44064.3
Ntraj: 10000
Nfree: 317
Nscatter: 9681
Nlost: 2
omega: 43205.4
Ntraj: 10000
Nfree: 322
Nscatter: 9678
Nlost: 0
omega: 44286.7
Ntraj: 10000
Nfree: 302
Nscatter: 9697
Nlost: 1
omega: 44024.8
Ntraj: 10000
Nfree: 306
Nscatter: 9692
Nlost: 2
omega: 43110.7
Ntraj: 10000
Nfree: 301
Nscatter: 9698
Nlost: 1
omega: 43946.7
Ntraj: 10000
Nfree: 288
Nscatter: 9711
Nlost: 1
omega: 43744.3
Ntraj: 10000
Nfree: 293
Nscatter: 9702
Nlost: 5
omega: 44547.6
*********************************************************
task: 0
worker id: 30359
time create lcl and mol: 0.00814199 s
numbers of trajectories: 3572
time trajectory calculation: 26.2736 s
task: 1
worker id: 30359
time create lcl and mol: 0.00809884 s
numbers of trajectories: 3572
time trajectory calculation: 14.9403 s
task: 2
worker id: 32283
time create lcl and mol: 0.00812006 s
numbers of trajectories: 3572
time trajectory calculation: 15.0554 s
task: 3
worker id: 32283
time create lcl and mol: 0.008461 s
numbers of trajectories: 3572
time trajectory calculation: 31.8952 s
task: 4
worker id: 55015
time create lcl and mol: 0.008358 s
numbers of trajectories: 3572
time trajectory calculation: 13.9489 s
task: 5
worker id: 31210
time create lcl and mol: 0.00801492 s
numbers of trajectories: 3572
time trajectory calculation: 43.6441 s
task: 6
worker id: 32283
time create lcl and mol: 0.00893807 s
numbers of trajectories: 3572
time trajectory calculation: 16.6541 s
task: 7
worker id: 32763
time create lcl and mol: 0.0080719 s
numbers of trajectories: 3572
time trajectory calculation: 20.9253 s
task: 8
worker id: 31447
time create lcl and mol: 0.00812697 s
numbers of trajectories: 3572
time trajectory calculation: 23.1448 s
task: 9
worker id: 32646
time create lcl and mol: 0.0081501 s
numbers of trajectories: 3572
time trajectory calculation: 25.4089 s
task: 10
worker id: 33133
time create lcl and mol: 0.00861788 s
numbers of trajectories: 3572
time trajectory calculation: 33.82 s
task: 11
worker id: 30359
time create lcl and mol: 0.00865889 s
numbers of trajectories: 3572
time trajectory calculation: 15.7448 s
task: 12
worker id: 32283
time create lcl and mol: 0.00844884 s
numbers of trajectories: 3571
time trajectory calculation: 21.9129 s
task: 13
worker id: 32646
time create lcl and mol: 0.00857902 s
numbers of trajectories: 3571
time trajectory calculation: 24.0694 s
task: 14
worker id: 31210
time create lcl and mol: 0.00831795 s
numbers of trajectories: 3571
time trajectory calculation: 14.1178 s
task: 15
worker id: 55015
time create lcl and mol: 0.00862908 s
numbers of trajectories: 3571
time trajectory calculation: 13.5865 s
task: 16
worker id: 32763
time create lcl and mol: 0.00824189 s
numbers of trajectories: 3571
time trajectory calculation: 20.5653 s
task: 17
worker id: 55015
time create lcl and mol: 0.00839996 s
numbers of trajectories: 3571
time trajectory calculation: 13.6227 s
task: 18
worker id: 31447
time create lcl and mol: 0.00831103 s
numbers of trajectories: 3571
time trajectory calculation: 17.0828 s
task: 19
worker id: 55015
time create lcl and mol: 0.00819588 s
numbers of trajectories: 3571
time trajectory calculation: 66.1399 s
task: 20
worker id: 32763
time create lcl and mol: 0.00796914 s
numbers of trajectories: 3571
time trajectory calculation: 35.6127 s
task: 21
worker id: 31210
time create lcl and mol: 0.00791478 s
numbers of trajectories: 3571
time trajectory calculation: 19.317 s
task: 22
worker id: 30359
time create lcl and mol: 0.00843906 s
numbers of trajectories: 3571
time trajectory calculation: 14.2807 s
task: 23
worker id: 32646
time create lcl and mol: 0.00814795 s
numbers of trajectories: 3571
time trajectory calculation: 17.7424 s
task: 24
worker id: 33133
time create lcl and mol: 0.00820589 s
numbers of trajectories: 3571
time trajectory calculation: 17.9736 s
task: 25
worker id: 31447
time create lcl and mol: 0.00780678 s
numbers of trajectories: 3571
time trajectory calculation: 13.6643 s
task: 26
worker id: 33133
time create lcl and mol: 0.00815988 s
numbers of trajectories: 3571
time trajectory calculation: 17.5974 s
task: 27
worker id: 31447
time create lcl and mol: 0.00849581 s
numbers of trajectories: 3571
time trajectory calculation: 16.9157 s
CCS time: 107.472 s
*********************************************************
average value of CCS = 43887.9 Ang^2
error value of CCS = 133.858 Ang^2
Total time: 107.724 s
Program finished...
*********************************************************
INPUT:: Simulation Parameters 
*********************************************************
target filename                  : 6ola_pH74.xyz
number of probe                  : 10000
number of iterarions             : 10
number of tasks                  : 28
number of threads                : 24
seed number                      : 2104
gas buffer                       : N2
Target Temperature (K)           : 298
timestep (fs)                    : 10
Skin cell size (Ang)             : 0.01
Equipotential                    : no
Cut short-range interaction      : yes
LJ cutoff (Ang)                  : 12
Apply long-range interaction     : yes
Cut long-range interaction       : yes
Coulomb cutoff (Ang)             : 25
Apply induced-dipole interaction : yes
alpha (Ang^3)                    : 1.71
force_type: 6
*********************************************************
Force Field parameters: 
*********************************************************
Symbol  mass (amu)  epislon (kcal/mol)  sigma(Angstroms) 
C   12.011   0.0824736   3.2255
N   14.007   0.0758527   3.5719
H   1.008   0.0362711   1.8986
O   15.999   0.062323   3.075
S   32.06   0.138032   3.4237
P   30.9738   0.145372   3.47
*********************************************************
MOLECULE:: orientation around the inertia principal axis 
*********************************************************
Inertia matrix a.u. Ang^2: 
{  6.20552e+09  146226  304150  }
{  146226  6.20532e+09  -389388  }
{  304150  -389388  6.20531e+09  }
Rotation matrix applied to molecule: 
{  0.581053  -0.406044  0.705341  }
{  -0.403981  0.608439  0.683082  }
{  -0.706518  -0.681851  0.189501  }
Molecule radius: 104.521 Ang 
orientation time of molecule target: 0.205752 s
target mass: 1.38316e+06 amu
gas mass: 28.014 amu
reduce mass: 28.014 amu
charge state: 682.99 e
*********************************************************
Geometric Ellipsoid: 
*********************************************************
maximal distances: 104.098  97.6909  104.521  Ang
Initial axis length: 155.205  148.799  155.629  Ang
Ellipsoid axis length: 161.155  154.749  161.579  Ang
ellipsoid calculation time: 0.00121689 s
maximal impact parameter: 161.579 Ang
*********************************************************
Linked-cell: 
Numbers of cells: 18954
Nx: 27 Ny: 26 Nz: 27
Filled cells: 2129
Empty cells: 16825
Average atoms per cell: 91.0113
Maximum atoms per cell: 206
Minimum atoms per cell: 1
Simulation box: 
lx: 324.27 Ang
ly: 312.26 Ang
lz: 324.27 Ang
linked-cell calculation time: 0.0401528 s
time info: 0.00587392 s
*********************************************************
Trajectory calculations 
*********************************************************
out target time: 105.99 s
Ntraj: 10000
Nfree: 319
Nscatter: 9678
Nlost: 3
omega: 43834.7
Ntraj: 10000
Nfree: 271
Nscatter: 9727
Nlost: 2
omega: 44113.6
Ntraj: 10000
Nfree: 302
Nscatter: 9698
Nlost: 0
omega: 44064.3
Ntraj: 10000
Nfree: 317
Nscatter: 9681
Nlost: 2
omega: 43205.4
Ntraj: 10000
Nfree: 322
Nscatter: 9678
Nlost: 0
omega: 44286.7
Ntraj: 10000
Nfree: 302
Nscatter: 9697
Nlost: 1
omega: 44024.8
Ntraj: 10000
Nfree: 306
Nscatter: 9692
Nlost: 2
omega: 43110.7
Ntraj: 10000
Nfree: 301
Nscatter: 9698
Nlost: 1
omega: 43946.7
Ntraj: 10000
Nfree: 288
Nscatter: 9711
Nlost: 1
omega: 43744.3
Ntraj: 10000
Nfree: 293
Nscatter: 9702
Nlost: 5
omega: 44547.6
*********************************************************
task: 0
worker id: 35071
time create lcl and mol: 0.0082531 s
numbers of trajectories: 3572
time trajectory calculation: 26.7312 s
task: 1
worker id: 36392
time create lcl and mol: 0.00843501 s
numbers of trajectories: 3572
time trajectory calculation: 14.6097 s
task: 2
worker id: 36267
time create lcl and mol: 0.00795197 s
numbers of trajectories: 3572
time trajectory calculation: 14.9624 s
task: 3
worker id: 58652
time create lcl and mol: 0.00816917 s
numbers of trajectories: 3572
time trajectory calculation: 31.6424 s
task: 4
worker id: 35908
time create lcl and mol: 0.00818419 s
numbers of trajectories: 3572
time trajectory calculation: 13.9633 s
task: 5
worker id: 34829
time create lcl and mol: 0.00843501 s
numbers of trajectories: 3572
time trajectory calculation: 43.1994 s
task: 6
worker id: 36756
time create lcl and mol: 0.00816298 s
numbers of trajectories: 3572
time trajectory calculation: 16.9785 s
task: 7
worker id: 58652
time create lcl and mol: 0.00825095 s
numbers of trajectories: 3572
time trajectory calculation: 21.7662 s
task: 8
worker id: 33972
time create lcl and mol: 0.00811505 s
numbers of trajectories: 3572
time trajectory calculation: 23.7148 s
task: 9
worker id: 36267
time create lcl and mol: 0.00824594 s
numbers of trajectories: 3572
time trajectory calculation: 26.1949 s
task: 10
worker id: 36756
time create lcl and mol: 0.00848389 s
numbers of trajectories: 3572
time trajectory calculation: 33.8772 s
task: 11
worker id: 35071
time create lcl and mol: 0.00876999 s
numbers of trajectories: 3572
time trajectory calculation: 15.7009 s
task: 12
worker id: 58652
time create lcl and mol: 0.00822783 s
numbers of trajectories: 3571
time trajectory calculation: 21.7419 s
task: 13
worker id: 35908
time create lcl and mol: 0.00838304 s
numbers of trajectories: 3571
time trajectory calculation: 23.6379 s
task: 14
worker id: 36756
time create lcl and mol: 0.00794983 s
numbers of trajectories: 3571
time trajectory calculation: 13.941 s
task: 15
worker id: 33972
time create lcl and mol: 0.00870299 s
numbers of trajectories: 3571
time trajectory calculation: 13.7326 s
task: 16
worker id: 34829
time create lcl and mol: 0.00790596 s
numbers of trajectories: 3571
time trajectory calculation: 20.4054 s
task: 17
worker id: 36392
time create lcl and mol: 0.008183 s
numbers of trajectories: 3571
time trajectory calculation: 13.7566 s
task: 18
worker id: 36392
time create lcl and mol: 0.00826597 s
numbers of trajectories: 3571
time trajectory calculation: 16.8471 s
task: 19
worker id: 36267
time create lcl and mol: 0.00814199 s
numbers of trajectories: 3571
time trajectory calculation: 64.682 s
task: 20
worker id: 33972
time create lcl and mol: 0.00831795 s
numbers of trajectories: 3571
time trajectory calculation: 34.7061 s
task: 21
worker id: 35908
time create lcl and mol: 0.00790191 s
numbers of trajectories: 3571
time trajectory calculation: 19.4281 s
task: 22
worker id: 58652
time create lcl and mol: 0.00804996 s
numbers of trajectories: 3571
time trajectory calculation: 13.7685 s
task: 23
worker id: 35071
time create lcl and mol: 0.00852203 s
numbers of trajectories: 3571
time trajectory calculation: 18.0602 s
task: 24
worker id: 35071
time create lcl and mol: 0.00759697 s
numbers of trajectories: 3571
time trajectory calculation: 17.4578 s
task: 25
worker id: 36392
time create lcl and mol: 0.00813413 s
numbers of trajectories: 3571
time trajectory calculation: 13.68 s
task: 26
worker id: 35908
time create lcl and mol: 0.00797391 s
numbers of trajectories: 3571
time trajectory calculation: 17.6423 s
task: 27
worker id: 36392
time create lcl and mol: 0.0086329 s
numbers of trajectories: 3571
time trajectory calculation: 17.0231 s
CCS time: 106.005 s
*********************************************************
average value of CCS = 43887.9 Ang^2
error value of CCS = 133.858 Ang^2
Total time: 106.257 s
Program finished...
