*********************************************************
INPUT:: Simulation Parameters 
*********************************************************
target filename                  : 08_1dpx_carga_8_min.xyz
number of probe                  : 10000
number of iterarions             : 10
number of tasks                  : 26
number of threads                : 24
seed number                      : 2104
gas buffer                       : N2
Target Temperature (K)           : 298
timestep (fs)                    : 10
Skin cell size (Ang)             : 0.01
Equipotential                    : no
Cut short-range interaction      : yes
LJ cutoff (Ang)                  : 12
Apply long-range interaction     : yes
Cut long-range interaction       : yes
Coulomb cutoff (Ang)             : 25
Apply induced-dipole interaction : yes
alpha (Ang^3)                    : 1.71
force_type: 6
*********************************************************
Force Field parameters: 
*********************************************************
Symbol  mass (amu)  epislon (kcal/mol)  sigma(Angstroms) 
C   12.011   0.0824736   3.2255
N   14.007   0.0758527   3.5719
H   1.008   0.0362711   1.8986
O   15.999   0.062323   3.075
S   32.06   0.138032   3.4237
P   30.9738   0.145372   3.47
*********************************************************
MOLECULE:: orientation around the inertia principal axis 
*********************************************************
Inertia matrix a.u. Ang^2: 
{  1.81428e+06  216790  -460318  }
{  216790  1.99723e+06  201304  }
{  -460318  201304  1.70164e+06  }
Rotation matrix applied to molecule: 
{  0.774163  0.205071  -0.598846  }
{  -0.62997  0.341856  -0.697332  }
{  0.0617163  0.917104  0.393841  }
Molecule radius: 27.4865 Ang 
orientation time of molecule target: 0.0708089 s
target mass: 14313.2 amu
gas mass: 28.014 amu
reduce mass: 28.014 amu
charge state: 8 e
*********************************************************
Geometric Ellipsoid: 
*********************************************************
maximal distances: 14.0497  17.3921  25.4195  Ang
Initial axis length: 65.1573  68.4997  76.5271  Ang
Ellipsoid axis length: 69.0973  72.4397  80.4671  Ang
ellipsoid calculation time: 4.79221e-05 s
maximal impact parameter: 80.4671 Ang
*********************************************************
Linked-cell: 
Numbers of cells: 2184
Nx: 12 Ny: 13 Nz: 14
Filled cells: 36
Empty cells: 2148
Average atoms per cell: 54.4444
Maximum atoms per cell: 185
Minimum atoms per cell: 1
Simulation box: 
lx: 144.12 Ang
ly: 156.13 Ang
lz: 168.14 Ang
linked-cell calculation time: 0.00230479 s
time info: 0.000103951 s
*********************************************************
Trajectory calculations 
*********************************************************
out target time: 11.9283 s
Ntraj: 10000
Nfree: 1634
Nscatter: 8362
Nlost: 4
omega: 1772.03
Ntraj: 10000
Nfree: 1549
Nscatter: 8449
Nlost: 2
omega: 1804.92
Ntraj: 10000
Nfree: 1473
Nscatter: 8526
Nlost: 1
omega: 1682.91
Ntraj: 10000
Nfree: 1567
Nscatter: 8432
Nlost: 1
omega: 1720.2
Ntraj: 10000
Nfree: 1539
Nscatter: 8460
Nlost: 1
omega: 1725.46
Ntraj: 10000
Nfree: 1546
Nscatter: 8452
Nlost: 2
omega: 1843.76
Ntraj: 10000
Nfree: 1555
Nscatter: 8445
Nlost: 0
omega: 1740.39
Ntraj: 10000
Nfree: 1564
Nscatter: 8435
Nlost: 1
omega: 1631.87
Ntraj: 10000
Nfree: 1562
Nscatter: 8436
Nlost: 2
omega: 1685.01
Ntraj: 10000
Nfree: 1471
Nscatter: 8528
Nlost: 1
omega: 1766
*********************************************************
task: 0
worker id: 6201
time create lcl and mol: 0.000540972 s
numbers of trajectories: 3847
time trajectory calculation: 5.97133 s
task: 1
worker id: 52762
time create lcl and mol: 0.000549793 s
numbers of trajectories: 3847
time trajectory calculation: 3.40013 s
task: 2
worker id: 52445
time create lcl and mol: 0.000564814 s
numbers of trajectories: 3847
time trajectory calculation: 3.14909 s
task: 3
worker id: 75760
time create lcl and mol: 0.000536919 s
numbers of trajectories: 3847
time trajectory calculation: 1.34371 s
task: 4
worker id: 69324
time create lcl and mol: 0.000530005 s
numbers of trajectories: 3846
time trajectory calculation: 3.46947 s
task: 5
worker id: 30635
time create lcl and mol: 0.000491142 s
numbers of trajectories: 3846
time trajectory calculation: 2.63474 s
task: 6
worker id: 59244
time create lcl and mol: 0.000519037 s
numbers of trajectories: 3846
time trajectory calculation: 2.78575 s
task: 7
worker id: 9805
time create lcl and mol: 0.000521898 s
numbers of trajectories: 3846
time trajectory calculation: 2.11419 s
task: 8
worker id: 52445
time create lcl and mol: 0.000564098 s
numbers of trajectories: 3846
time trajectory calculation: 2.69101 s
task: 9
worker id: 59244
time create lcl and mol: 0.000551224 s
numbers of trajectories: 3846
time trajectory calculation: 3.09335 s
task: 10
worker id: 69324
time create lcl and mol: 0.000514984 s
numbers of trajectories: 3846
time trajectory calculation: 5.60127 s
task: 11
worker id: 30635
time create lcl and mol: 0.000504017 s
numbers of trajectories: 3846
time trajectory calculation: 4.0403 s
task: 12
worker id: 52445
time create lcl and mol: 0.000550985 s
numbers of trajectories: 3846
time trajectory calculation: 3.34074 s
task: 13
worker id: 52762
time create lcl and mol: 0.00049901 s
numbers of trajectories: 3846
time trajectory calculation: 1.68222 s
task: 14
worker id: 9805
time create lcl and mol: 0.000516176 s
numbers of trajectories: 3846
time trajectory calculation: 2.08598 s
task: 15
worker id: 59244
time create lcl and mol: 0.000502825 s
numbers of trajectories: 3846
time trajectory calculation: 3.12209 s
task: 16
worker id: 52762
time create lcl and mol: 0.000757933 s
numbers of trajectories: 3846
time trajectory calculation: 1.42196 s
task: 17
worker id: 52762
time create lcl and mol: 0.000529051 s
numbers of trajectories: 3846
time trajectory calculation: 3.84303 s
task: 18
worker id: 6201
time create lcl and mol: 0.000551939 s
numbers of trajectories: 3846
time trajectory calculation: 3.73508 s
task: 19
worker id: 75760
time create lcl and mol: 0.000596046 s
numbers of trajectories: 3846
time trajectory calculation: 2.65143 s
task: 20
worker id: 75760
time create lcl and mol: 0.000494003 s
numbers of trajectories: 3846
time trajectory calculation: 2.23693 s
task: 21
worker id: 75760
time create lcl and mol: 0.000564098 s
numbers of trajectories: 3846
time trajectory calculation: 3.58837 s
task: 22
worker id: 9805
time create lcl and mol: 0.000556946 s
numbers of trajectories: 3846
time trajectory calculation: 4.13257 s
task: 23
worker id: 9805
time create lcl and mol: 0.000528097 s
numbers of trajectories: 3846
time trajectory calculation: 3.49067 s
task: 24
worker id: 59244
time create lcl and mol: 0.000569105 s
numbers of trajectories: 3846
time trajectory calculation: 2.16062 s
task: 25
worker id: 30635
time create lcl and mol: 0.000527143 s
numbers of trajectories: 3846
time trajectory calculation: 3.41789 s
CCS time: 11.9385 s
*********************************************************
average value of CCS = 1737.25 Ang^2
error value of CCS = 18.758 Ang^2
Total time: 12.0169 s
Program finished...
*********************************************************
INPUT:: Simulation Parameters 
*********************************************************
target filename                  : 08_1dpx_carga_8_min.xyz
number of probe                  : 10000
number of iterarions             : 10
number of tasks                  : 26
number of threads                : 24
seed number                      : 2104
gas buffer                       : N2
Target Temperature (K)           : 298
timestep (fs)                    : 10
Skin cell size (Ang)             : 0.01
Equipotential                    : no
Cut short-range interaction      : yes
LJ cutoff (Ang)                  : 12
Apply long-range interaction     : yes
Cut long-range interaction       : yes
Coulomb cutoff (Ang)             : 25
Apply induced-dipole interaction : yes
alpha (Ang^3)                    : 1.71
force_type: 6
*********************************************************
Force Field parameters: 
*********************************************************
Symbol  mass (amu)  epislon (kcal/mol)  sigma(Angstroms) 
C   12.011   0.0824736   3.2255
N   14.007   0.0758527   3.5719
H   1.008   0.0362711   1.8986
O   15.999   0.062323   3.075
S   32.06   0.138032   3.4237
P   30.9738   0.145372   3.47
*********************************************************
MOLECULE:: orientation around the inertia principal axis 
*********************************************************
Inertia matrix a.u. Ang^2: 
{  1.81428e+06  216790  -460318  }
{  216790  1.99723e+06  201304  }
{  -460318  201304  1.70164e+06  }
Rotation matrix applied to molecule: 
{  0.774163  0.205071  -0.598846  }
{  -0.62997  0.341856  -0.697332  }
{  0.0617163  0.917104  0.393841  }
Molecule radius: 27.4865 Ang 
orientation time of molecule target: 0.0026691 s
target mass: 14313.2 amu
gas mass: 28.014 amu
reduce mass: 28.014 amu
charge state: 8 e
*********************************************************
Geometric Ellipsoid: 
*********************************************************
maximal distances: 14.0497  17.3921  25.4195  Ang
Initial axis length: 65.1573  68.4997  76.5271  Ang
Ellipsoid axis length: 69.0973  72.4397  80.4671  Ang
ellipsoid calculation time: 4.41074e-05 s
maximal impact parameter: 80.4671 Ang
*********************************************************
Linked-cell: 
Numbers of cells: 2184
Nx: 12 Ny: 13 Nz: 14
Filled cells: 36
Empty cells: 2148
Average atoms per cell: 54.4444
Maximum atoms per cell: 185
Minimum atoms per cell: 1
Simulation box: 
lx: 144.12 Ang
ly: 156.13 Ang
lz: 168.14 Ang
linked-cell calculation time: 0.00234294 s
time info: 9.98974e-05 s
*********************************************************
Trajectory calculations 
*********************************************************
out target time: 11.1232 s
Ntraj: 10000
Nfree: 1634
Nscatter: 8362
Nlost: 4
omega: 1772.03
Ntraj: 10000
Nfree: 1549
Nscatter: 8449
Nlost: 2
omega: 1804.92
Ntraj: 10000
Nfree: 1473
Nscatter: 8526
Nlost: 1
omega: 1682.91
Ntraj: 10000
Nfree: 1567
Nscatter: 8432
Nlost: 1
omega: 1720.2
Ntraj: 10000
Nfree: 1539
Nscatter: 8460
Nlost: 1
omega: 1725.46
Ntraj: 10000
Nfree: 1546
Nscatter: 8452
Nlost: 2
omega: 1843.76
Ntraj: 10000
Nfree: 1555
Nscatter: 8445
Nlost: 0
omega: 1740.39
Ntraj: 10000
Nfree: 1564
Nscatter: 8435
Nlost: 1
omega: 1631.87
Ntraj: 10000
Nfree: 1562
Nscatter: 8436
Nlost: 2
omega: 1685.01
Ntraj: 10000
Nfree: 1471
Nscatter: 8528
Nlost: 1
omega: 1766
*********************************************************
task: 0
worker id: 76471
time create lcl and mol: 0.000545979 s
numbers of trajectories: 3847
time trajectory calculation: 5.96486 s
task: 1
worker id: 70032
time create lcl and mol: 0.000516891 s
numbers of trajectories: 3847
time trajectory calculation: 3.32284 s
task: 2
worker id: 53170
time create lcl and mol: 0.000550985 s
numbers of trajectories: 3847
time trajectory calculation: 3.15188 s
task: 3
worker id: 31347
time create lcl and mol: 0.000561237 s
numbers of trajectories: 3847
time trajectory calculation: 1.32446 s
task: 4
worker id: 53471
time create lcl and mol: 0.000706911 s
numbers of trajectories: 3846
time trajectory calculation: 3.4662 s
task: 5
worker id: 6925
time create lcl and mol: 0.000546932 s
numbers of trajectories: 3846
time trajectory calculation: 2.54782 s
task: 6
worker id: 59953
time create lcl and mol: 0.000539064 s
numbers of trajectories: 3846
time trajectory calculation: 2.86818 s
task: 7
worker id: 10516
time create lcl and mol: 0.000529051 s
numbers of trajectories: 3846
time trajectory calculation: 2.17259 s
task: 8
worker id: 70032
time create lcl and mol: 0.000533104 s
numbers of trajectories: 3846
time trajectory calculation: 2.7596 s
task: 9
worker id: 31347
time create lcl and mol: 0.000540018 s
numbers of trajectories: 3846
time trajectory calculation: 3.21241 s
task: 10
worker id: 31347
time create lcl and mol: 0.000527859 s
numbers of trajectories: 3846
time trajectory calculation: 5.6704 s
task: 11
worker id: 59953
time create lcl and mol: 0.000567913 s
numbers of trajectories: 3846
time trajectory calculation: 3.97543 s
task: 12
worker id: 53170
time create lcl and mol: 0.000530005 s
numbers of trajectories: 3846
time trajectory calculation: 3.2835 s
task: 13
worker id: 53170
time create lcl and mol: 0.000586033 s
numbers of trajectories: 3846
time trajectory calculation: 1.71602 s
task: 14
worker id: 53471
time create lcl and mol: 0.000536919 s
numbers of trajectories: 3846
time trajectory calculation: 2.09595 s
task: 15
worker id: 10516
time create lcl and mol: 0.000545979 s
numbers of trajectories: 3846
time trajectory calculation: 3.12386 s
task: 16
worker id: 53471
time create lcl and mol: 0.000530005 s
numbers of trajectories: 3846
time trajectory calculation: 1.37263 s
task: 17
worker id: 6925
time create lcl and mol: 0.000541925 s
numbers of trajectories: 3846
time trajectory calculation: 3.78472 s
task: 18
worker id: 70032
time create lcl and mol: 0.000559092 s
numbers of trajectories: 3846
time trajectory calculation: 3.70067 s
task: 19
worker id: 53170
time create lcl and mol: 0.000536919 s
numbers of trajectories: 3846
time trajectory calculation: 2.65834 s
task: 20
worker id: 10516
time create lcl and mol: 0.000580072 s
numbers of trajectories: 3846
time trajectory calculation: 2.2031 s
task: 21
worker id: 6925
time create lcl and mol: 0.000555992 s
numbers of trajectories: 3846
time trajectory calculation: 3.57228 s
task: 22
worker id: 53471
time create lcl and mol: 0.000532866 s
numbers of trajectories: 3846
time trajectory calculation: 4.07812 s
task: 23
worker id: 76471
time create lcl and mol: 0.000558853 s
numbers of trajectories: 3846
time trajectory calculation: 3.43851 s
task: 24
worker id: 10516
time create lcl and mol: 0.00049901 s
numbers of trajectories: 3846
time trajectory calculation: 2.26373 s
task: 25
worker id: 59953
time create lcl and mol: 0.000602007 s
numbers of trajectories: 3846
time trajectory calculation: 3.28849 s
CCS time: 11.1335 s
*********************************************************
average value of CCS = 1737.25 Ang^2
error value of CCS = 18.758 Ang^2
Total time: 11.143 s
Program finished...
*********************************************************
INPUT:: Simulation Parameters 
*********************************************************
target filename                  : 08_1dpx_carga_8_min.xyz
number of probe                  : 10000
number of iterarions             : 10
number of tasks                  : 26
number of threads                : 24
seed number                      : 2104
gas buffer                       : N2
Target Temperature (K)           : 298
timestep (fs)                    : 10
Skin cell size (Ang)             : 0.01
Equipotential                    : no
Cut short-range interaction      : yes
LJ cutoff (Ang)                  : 12
Apply long-range interaction     : yes
Cut long-range interaction       : yes
Coulomb cutoff (Ang)             : 25
Apply induced-dipole interaction : yes
alpha (Ang^3)                    : 1.71
force_type: 6
*********************************************************
Force Field parameters: 
*********************************************************
Symbol  mass (amu)  epislon (kcal/mol)  sigma(Angstroms) 
C   12.011   0.0824736   3.2255
N   14.007   0.0758527   3.5719
H   1.008   0.0362711   1.8986
O   15.999   0.062323   3.075
S   32.06   0.138032   3.4237
P   30.9738   0.145372   3.47
*********************************************************
MOLECULE:: orientation around the inertia principal axis 
*********************************************************
Inertia matrix a.u. Ang^2: 
{  1.81428e+06  216790  -460318  }
{  216790  1.99723e+06  201304  }
{  -460318  201304  1.70164e+06  }
Rotation matrix applied to molecule: 
{  0.774163  0.205071  -0.598846  }
{  -0.62997  0.341856  -0.697332  }
{  0.0617163  0.917104  0.393841  }
Molecule radius: 27.4865 Ang 
orientation time of molecule target: 0.00292492 s
target mass: 14313.2 amu
gas mass: 28.014 amu
reduce mass: 28.014 amu
charge state: 8 e
*********************************************************
Geometric Ellipsoid: 
*********************************************************
maximal distances: 14.0497  17.3921  25.4195  Ang
Initial axis length: 65.1573  68.4997  76.5271  Ang
Ellipsoid axis length: 69.0973  72.4397  80.4671  Ang
ellipsoid calculation time: 4.98295e-05 s
maximal impact parameter: 80.4671 Ang
*********************************************************
Linked-cell: 
Numbers of cells: 2184
Nx: 12 Ny: 13 Nz: 14
Filled cells: 36
Empty cells: 2148
Average atoms per cell: 54.4444
Maximum atoms per cell: 185
Minimum atoms per cell: 1
Simulation box: 
lx: 144.12 Ang
ly: 156.13 Ang
lz: 168.14 Ang
linked-cell calculation time: 0.0022409 s
time info: 0.000100851 s
*********************************************************
Trajectory calculations 
*********************************************************
out target time: 12.2414 s
Ntraj: 10000
Nfree: 1634
Nscatter: 8362
Nlost: 4
omega: 1772.03
Ntraj: 10000
Nfree: 1549
Nscatter: 8449
Nlost: 2
omega: 1804.92
Ntraj: 10000
Nfree: 1473
Nscatter: 8526
Nlost: 1
omega: 1682.91
Ntraj: 10000
Nfree: 1567
Nscatter: 8432
Nlost: 1
omega: 1720.2
Ntraj: 10000
Nfree: 1539
Nscatter: 8460
Nlost: 1
omega: 1725.46
Ntraj: 10000
Nfree: 1546
Nscatter: 8452
Nlost: 2
omega: 1843.76
Ntraj: 10000
Nfree: 1555
Nscatter: 8445
Nlost: 0
omega: 1740.39
Ntraj: 10000
Nfree: 1564
Nscatter: 8435
Nlost: 1
omega: 1631.87
Ntraj: 10000
Nfree: 1562
Nscatter: 8436
Nlost: 2
omega: 1685.01
Ntraj: 10000
Nfree: 1471
Nscatter: 8528
Nlost: 1
omega: 1766
*********************************************************
task: 0
worker id: 53597
time create lcl and mol: 0.00052309 s
numbers of trajectories: 3847
time trajectory calculation: 6.2277 s
task: 1
worker id: 31762
time create lcl and mol: 0.000544071 s
numbers of trajectories: 3847
time trajectory calculation: 3.26172 s
task: 2
worker id: 7340
time create lcl and mol: 0.000518084 s
numbers of trajectories: 3847
time trajectory calculation: 3.06429 s
task: 3
worker id: 70444
time create lcl and mol: 0.000555992 s
numbers of trajectories: 3847
time trajectory calculation: 1.40155 s
task: 4
worker id: 10932
time create lcl and mol: 0.000478983 s
numbers of trajectories: 3846
time trajectory calculation: 3.48428 s
task: 5
worker id: 60364
time create lcl and mol: 0.000516176 s
numbers of trajectories: 3846
time trajectory calculation: 2.61555 s
task: 6
worker id: 70444
time create lcl and mol: 0.000558138 s
numbers of trajectories: 3846
time trajectory calculation: 2.78052 s
task: 7
worker id: 7340
time create lcl and mol: 0.000675201 s
numbers of trajectories: 3846
time trajectory calculation: 2.20473 s
task: 8
worker id: 76884
time create lcl and mol: 0.000546217 s
numbers of trajectories: 3846
time trajectory calculation: 2.78167 s
task: 9
worker id: 60364
time create lcl and mol: 0.000550985 s
numbers of trajectories: 3846
time trajectory calculation: 3.14123 s
task: 10
worker id: 70444
time create lcl and mol: 0.000537157 s
numbers of trajectories: 3846
time trajectory calculation: 5.7454 s
task: 11
worker id: 60364
time create lcl and mol: 0.000549078 s
numbers of trajectories: 3846
time trajectory calculation: 3.94295 s
task: 12
worker id: 53885
time create lcl and mol: 0.000529051 s
numbers of trajectories: 3846
time trajectory calculation: 3.29317 s
task: 13
worker id: 76884
time create lcl and mol: 0.00059104 s
numbers of trajectories: 3846
time trajectory calculation: 1.73149 s
task: 14
worker id: 31762
time create lcl and mol: 0.000565052 s
numbers of trajectories: 3846
time trajectory calculation: 2.21373 s
task: 15
worker id: 53597
time create lcl and mol: 0.000562906 s
numbers of trajectories: 3846
time trajectory calculation: 3.18596 s
task: 16
worker id: 76884
time create lcl and mol: 0.000521898 s
numbers of trajectories: 3846
time trajectory calculation: 1.40867 s
task: 17
worker id: 53885
time create lcl and mol: 0.000620127 s
numbers of trajectories: 3846
time trajectory calculation: 3.83814 s
task: 18
worker id: 10932
time create lcl and mol: 0.000554085 s
numbers of trajectories: 3846
time trajectory calculation: 3.63826 s
task: 19
worker id: 53885
time create lcl and mol: 0.000511885 s
numbers of trajectories: 3846
time trajectory calculation: 2.66943 s
task: 20
worker id: 76884
time create lcl and mol: 0.000519991 s
numbers of trajectories: 3846
time trajectory calculation: 2.21435 s
task: 21
worker id: 10932
time create lcl and mol: 0.000562906 s
numbers of trajectories: 3846
time trajectory calculation: 3.64946 s
task: 22
worker id: 31762
time create lcl and mol: 0.000586987 s
numbers of trajectories: 3846
time trajectory calculation: 4.20219 s
task: 23
worker id: 7340
time create lcl and mol: 0.000503063 s
numbers of trajectories: 3846
time trajectory calculation: 3.54366 s
task: 24
worker id: 76884
time create lcl and mol: 0.000654936 s
numbers of trajectories: 3846
time trajectory calculation: 2.2906 s
task: 25
worker id: 7340
time create lcl and mol: 0.000542164 s
numbers of trajectories: 3846
time trajectory calculation: 3.32435 s
CCS time: 12.2516 s
*********************************************************
average value of CCS = 1737.25 Ang^2
error value of CCS = 18.758 Ang^2
Total time: 12.2623 s
Program finished...
*********************************************************
INPUT:: Simulation Parameters 
*********************************************************
target filename                  : 08_1dpx_carga_8_min.xyz
number of probe                  : 10000
number of iterarions             : 10
number of tasks                  : 26
number of threads                : 24
seed number                      : 2104
gas buffer                       : N2
Target Temperature (K)           : 298
timestep (fs)                    : 10
Skin cell size (Ang)             : 0.01
Equipotential                    : no
Cut short-range interaction      : yes
LJ cutoff (Ang)                  : 12
Apply long-range interaction     : yes
Cut long-range interaction       : yes
Coulomb cutoff (Ang)             : 25
Apply induced-dipole interaction : yes
alpha (Ang^3)                    : 1.71
force_type: 6
*********************************************************
Force Field parameters: 
*********************************************************
Symbol  mass (amu)  epislon (kcal/mol)  sigma(Angstroms) 
C   12.011   0.0824736   3.2255
N   14.007   0.0758527   3.5719
H   1.008   0.0362711   1.8986
O   15.999   0.062323   3.075
S   32.06   0.138032   3.4237
P   30.9738   0.145372   3.47
*********************************************************
MOLECULE:: orientation around the inertia principal axis 
*********************************************************
Inertia matrix a.u. Ang^2: 
{  1.81428e+06  216790  -460318  }
{  216790  1.99723e+06  201304  }
{  -460318  201304  1.70164e+06  }
Rotation matrix applied to molecule: 
{  0.774163  0.205071  -0.598846  }
{  -0.62997  0.341856  -0.697332  }
{  0.0617163  0.917104  0.393841  }
Molecule radius: 27.4865 Ang 
orientation time of molecule target: 0.00291991 s
target mass: 14313.2 amu
gas mass: 28.014 amu
reduce mass: 28.014 amu
charge state: 8 e
*********************************************************
Geometric Ellipsoid: 
*********************************************************
maximal distances: 14.0497  17.3921  25.4195  Ang
Initial axis length: 65.1573  68.4997  76.5271  Ang
Ellipsoid axis length: 69.0973  72.4397  80.4671  Ang
ellipsoid calculation time: 7.00951e-05 s
maximal impact parameter: 80.4671 Ang
*********************************************************
Linked-cell: 
Numbers of cells: 2184
Nx: 12 Ny: 13 Nz: 14
Filled cells: 36
Empty cells: 2148
Average atoms per cell: 54.4444
Maximum atoms per cell: 185
Minimum atoms per cell: 1
Simulation box: 
lx: 144.12 Ang
ly: 156.13 Ang
lz: 168.14 Ang
linked-cell calculation time: 0.00226617 s
time info: 0.000103951 s
*********************************************************
Trajectory calculations 
*********************************************************
out target time: 11.9619 s
Ntraj: 10000
Nfree: 1634
Nscatter: 8362
Nlost: 4
omega: 1772.03
Ntraj: 10000
Nfree: 1549
Nscatter: 8449
Nlost: 2
omega: 1804.92
Ntraj: 10000
Nfree: 1473
Nscatter: 8526
Nlost: 1
omega: 1682.91
Ntraj: 10000
Nfree: 1567
Nscatter: 8432
Nlost: 1
omega: 1720.2
Ntraj: 10000
Nfree: 1539
Nscatter: 8460
Nlost: 1
omega: 1725.46
Ntraj: 10000
Nfree: 1546
Nscatter: 8452
Nlost: 2
omega: 1843.76
Ntraj: 10000
Nfree: 1555
Nscatter: 8445
Nlost: 0
omega: 1740.39
Ntraj: 10000
Nfree: 1564
Nscatter: 8435
Nlost: 1
omega: 1631.87
Ntraj: 10000
Nfree: 1562
Nscatter: 8436
Nlost: 2
omega: 1685.01
Ntraj: 10000
Nfree: 1471
Nscatter: 8528
Nlost: 1
omega: 1766
*********************************************************
task: 0
worker id: 77285
time create lcl and mol: 0.000658035 s
numbers of trajectories: 3847
time trajectory calculation: 5.84488 s
task: 1
worker id: 70847
time create lcl and mol: 0.000524044 s
numbers of trajectories: 3847
time trajectory calculation: 3.32689 s
task: 2
worker id: 77285
time create lcl and mol: 0.000533819 s
numbers of trajectories: 3847
time trajectory calculation: 3.10053 s
task: 3
worker id: 54016
time create lcl and mol: 0.000545025 s
numbers of trajectories: 3847
time trajectory calculation: 1.35306 s
task: 4
worker id: 60764
time create lcl and mol: 0.000530005 s
numbers of trajectories: 3846
time trajectory calculation: 3.38313 s
task: 5
worker id: 60764
time create lcl and mol: 0.000557184 s
numbers of trajectories: 3846
time trajectory calculation: 2.61702 s
task: 6
worker id: 7741
time create lcl and mol: 0.000458956 s
numbers of trajectories: 3846
time trajectory calculation: 2.83325 s
task: 7
worker id: 54288
time create lcl and mol: 0.000538111 s
numbers of trajectories: 3846
time trajectory calculation: 2.16247 s
task: 8
worker id: 54288
time create lcl and mol: 0.000511885 s
numbers of trajectories: 3846
time trajectory calculation: 2.77258 s
task: 9
worker id: 32164
time create lcl and mol: 0.000533104 s
numbers of trajectories: 3846
time trajectory calculation: 3.167 s
task: 10
worker id: 11338
time create lcl and mol: 0.000505924 s
numbers of trajectories: 3846
time trajectory calculation: 5.68307 s
task: 11
worker id: 70847
time create lcl and mol: 0.000537157 s
numbers of trajectories: 3846
time trajectory calculation: 4.03138 s
task: 12
worker id: 54288
time create lcl and mol: 0.000529051 s
numbers of trajectories: 3846
time trajectory calculation: 3.23062 s
task: 13
worker id: 60764
time create lcl and mol: 0.000568867 s
numbers of trajectories: 3846
time trajectory calculation: 1.77227 s
task: 14
worker id: 32164
time create lcl and mol: 0.000581026 s
numbers of trajectories: 3846
time trajectory calculation: 2.13873 s
task: 15
worker id: 32164
time create lcl and mol: 0.000547886 s
numbers of trajectories: 3846
time trajectory calculation: 3.05034 s
task: 16
worker id: 60764
time create lcl and mol: 0.000538111 s
numbers of trajectories: 3846
time trajectory calculation: 1.40992 s
task: 17
worker id: 54016
time create lcl and mol: 0.000521898 s
numbers of trajectories: 3846
time trajectory calculation: 3.90438 s
task: 18
worker id: 54288
time create lcl and mol: 0.000535011 s
numbers of trajectories: 3846
time trajectory calculation: 3.72216 s
task: 19
worker id: 54016
time create lcl and mol: 0.000591993 s
numbers of trajectories: 3846
time trajectory calculation: 2.62989 s
task: 20
worker id: 7741
time create lcl and mol: 0.000529051 s
numbers of trajectories: 3846
time trajectory calculation: 2.31126 s
task: 21
worker id: 11338
time create lcl and mol: 0.000458956 s
numbers of trajectories: 3846
time trajectory calculation: 3.49992 s
task: 22
worker id: 7741
time create lcl and mol: 0.000571012 s
numbers of trajectories: 3846
time trajectory calculation: 4.26756 s
task: 23
worker id: 54016
time create lcl and mol: 0.000497103 s
numbers of trajectories: 3846
time trajectory calculation: 3.56316 s
task: 24
worker id: 32164
time create lcl and mol: 0.000630856 s
numbers of trajectories: 3846
time trajectory calculation: 2.27635 s
task: 25
worker id: 70847
time create lcl and mol: 0.000545979 s
numbers of trajectories: 3846
time trajectory calculation: 3.37511 s
CCS time: 11.9722 s
*********************************************************
average value of CCS = 1737.25 Ang^2
error value of CCS = 18.758 Ang^2
Total time: 11.983 s
Program finished...
*********************************************************
INPUT:: Simulation Parameters 
*********************************************************
target filename                  : 08_1dpx_carga_8_min.xyz
number of probe                  : 10000
number of iterarions             : 10
number of tasks                  : 26
number of threads                : 24
seed number                      : 2104
gas buffer                       : N2
Target Temperature (K)           : 298
timestep (fs)                    : 10
Skin cell size (Ang)             : 0.01
Equipotential                    : no
Cut short-range interaction      : yes
LJ cutoff (Ang)                  : 12
Apply long-range interaction     : yes
Cut long-range interaction       : yes
Coulomb cutoff (Ang)             : 25
Apply induced-dipole interaction : yes
alpha (Ang^3)                    : 1.71
force_type: 6
*********************************************************
Force Field parameters: 
*********************************************************
Symbol  mass (amu)  epislon (kcal/mol)  sigma(Angstroms) 
C   12.011   0.0824736   3.2255
N   14.007   0.0758527   3.5719
H   1.008   0.0362711   1.8986
O   15.999   0.062323   3.075
S   32.06   0.138032   3.4237
P   30.9738   0.145372   3.47
*********************************************************
MOLECULE:: orientation around the inertia principal axis 
*********************************************************
Inertia matrix a.u. Ang^2: 
{  1.81428e+06  216790  -460318  }
{  216790  1.99723e+06  201304  }
{  -460318  201304  1.70164e+06  }
Rotation matrix applied to molecule: 
{  0.774163  0.205071  -0.598846  }
{  -0.62997  0.341856  -0.697332  }
{  0.0617163  0.917104  0.393841  }
Molecule radius: 27.4865 Ang 
orientation time of molecule target: 0.00257182 s
target mass: 14313.2 amu
gas mass: 28.014 amu
reduce mass: 28.014 amu
charge state: 8 e
*********************************************************
Geometric Ellipsoid: 
*********************************************************
maximal distances: 14.0497  17.3921  25.4195  Ang
Initial axis length: 65.1573  68.4997  76.5271  Ang
Ellipsoid axis length: 69.0973  72.4397  80.4671  Ang
ellipsoid calculation time: 4.00543e-05 s
maximal impact parameter: 80.4671 Ang
*********************************************************
Linked-cell: 
Numbers of cells: 2184
Nx: 12 Ny: 13 Nz: 14
Filled cells: 36
Empty cells: 2148
Average atoms per cell: 54.4444
Maximum atoms per cell: 185
Minimum atoms per cell: 1
Simulation box: 
lx: 144.12 Ang
ly: 156.13 Ang
lz: 168.14 Ang
linked-cell calculation time: 0.00230694 s
time info: 0.00010705 s
*********************************************************
Trajectory calculations 
*********************************************************
out target time: 11.6644 s
Ntraj: 10000
Nfree: 1634
Nscatter: 8362
Nlost: 4
omega: 1772.03
Ntraj: 10000
Nfree: 1549
Nscatter: 8449
Nlost: 2
omega: 1804.92
Ntraj: 10000
Nfree: 1473
Nscatter: 8526
Nlost: 1
omega: 1682.91
Ntraj: 10000
Nfree: 1567
Nscatter: 8432
Nlost: 1
omega: 1720.2
Ntraj: 10000
Nfree: 1539
Nscatter: 8460
Nlost: 1
omega: 1725.46
Ntraj: 10000
Nfree: 1546
Nscatter: 8452
Nlost: 2
omega: 1843.76
Ntraj: 10000
Nfree: 1555
Nscatter: 8445
Nlost: 0
omega: 1740.39
Ntraj: 10000
Nfree: 1564
Nscatter: 8435
Nlost: 1
omega: 1631.87
Ntraj: 10000
Nfree: 1562
Nscatter: 8436
Nlost: 2
omega: 1685.01
Ntraj: 10000
Nfree: 1471
Nscatter: 8528
Nlost: 1
omega: 1766
*********************************************************
task: 0
worker id: 77684
time create lcl and mol: 0.00050807 s
numbers of trajectories: 3847
time trajectory calculation: 5.86947 s
task: 1
worker id: 32567
time create lcl and mol: 0.00062108 s
numbers of trajectories: 3847
time trajectory calculation: 3.33041 s
task: 2
worker id: 54430
time create lcl and mol: 0.000509024 s
numbers of trajectories: 3847
time trajectory calculation: 3.15364 s
task: 3
worker id: 54689
time create lcl and mol: 0.000547886 s
numbers of trajectories: 3847
time trajectory calculation: 1.39359 s
task: 4
worker id: 11741
time create lcl and mol: 0.000468016 s
numbers of trajectories: 3846
time trajectory calculation: 3.56619 s
task: 5
worker id: 71253
time create lcl and mol: 0.000542879 s
numbers of trajectories: 3846
time trajectory calculation: 2.59311 s
task: 6
worker id: 71253
time create lcl and mol: 0.000545979 s
numbers of trajectories: 3846
time trajectory calculation: 2.76292 s
task: 7
worker id: 8143
time create lcl and mol: 0.000477076 s
numbers of trajectories: 3846
time trajectory calculation: 2.22349 s
task: 8
worker id: 61166
time create lcl and mol: 0.000528812 s
numbers of trajectories: 3846
time trajectory calculation: 2.76939 s
task: 9
worker id: 32567
time create lcl and mol: 0.000501871 s
numbers of trajectories: 3846
time trajectory calculation: 3.22298 s
task: 10
worker id: 77684
time create lcl and mol: 0.000535011 s
numbers of trajectories: 3846
time trajectory calculation: 5.7261 s
task: 11
worker id: 54430
time create lcl and mol: 0.000552177 s
numbers of trajectories: 3846
time trajectory calculation: 4.1002 s
task: 12
worker id: 54689
time create lcl and mol: 0.000511169 s
numbers of trajectories: 3846
time trajectory calculation: 3.31664 s
task: 13
worker id: 8143
time create lcl and mol: 0.000530005 s
numbers of trajectories: 3846
time trajectory calculation: 1.74601 s
task: 14
worker id: 8143
time create lcl and mol: 0.000538111 s
numbers of trajectories: 3846
time trajectory calculation: 2.22592 s
task: 15
worker id: 71253
time create lcl and mol: 0.000543118 s
numbers of trajectories: 3846
time trajectory calculation: 3.1575 s
task: 16
worker id: 71253
time create lcl and mol: 0.000763893 s
numbers of trajectories: 3846
time trajectory calculation: 1.38672 s
task: 17
worker id: 61166
time create lcl and mol: 0.000566959 s
numbers of trajectories: 3846
time trajectory calculation: 3.83595 s
task: 18
worker id: 61166
time create lcl and mol: 0.000527143 s
numbers of trajectories: 3846
time trajectory calculation: 3.81446 s
task: 19
worker id: 54430
time create lcl and mol: 0.000553131 s
numbers of trajectories: 3846
time trajectory calculation: 2.6747 s
task: 20
worker id: 54689
time create lcl and mol: 0.000821114 s
numbers of trajectories: 3846
time trajectory calculation: 2.22382 s
task: 21
worker id: 11741
time create lcl and mol: 0.000540972 s
numbers of trajectories: 3846
time trajectory calculation: 3.6313 s
task: 22
worker id: 32567
time create lcl and mol: 0.000524998 s
numbers of trajectories: 3846
time trajectory calculation: 4.11128 s
task: 23
worker id: 54689
time create lcl and mol: 0.000573158 s
numbers of trajectories: 3846
time trajectory calculation: 3.54103 s
task: 24
worker id: 8143
time create lcl and mol: 0.00057888 s
numbers of trajectories: 3846
time trajectory calculation: 2.29496 s
task: 25
worker id: 11741
time create lcl and mol: 0.000535011 s
numbers of trajectories: 3846
time trajectory calculation: 3.31234 s
CCS time: 11.6746 s
*********************************************************
average value of CCS = 1737.25 Ang^2
error value of CCS = 18.758 Ang^2
Total time: 11.6846 s
Program finished...
*********************************************************
INPUT:: Simulation Parameters 
*********************************************************
target filename                  : 08_1dpx_carga_8_min.xyz
number of probe                  : 10000
number of iterarions             : 10
number of tasks                  : 26
number of threads                : 24
seed number                      : 2104
gas buffer                       : N2
Target Temperature (K)           : 298
timestep (fs)                    : 10
Skin cell size (Ang)             : 0.01
Equipotential                    : no
Cut short-range interaction      : yes
LJ cutoff (Ang)                  : 12
Apply long-range interaction     : yes
Cut long-range interaction       : yes
Coulomb cutoff (Ang)             : 25
Apply induced-dipole interaction : yes
alpha (Ang^3)                    : 1.71
force_type: 6
*********************************************************
Force Field parameters: 
*********************************************************
Symbol  mass (amu)  epislon (kcal/mol)  sigma(Angstroms) 
C   12.011   0.0824736   3.2255
N   14.007   0.0758527   3.5719
H   1.008   0.0362711   1.8986
O   15.999   0.062323   3.075
S   32.06   0.138032   3.4237
P   30.9738   0.145372   3.47
*********************************************************
MOLECULE:: orientation around the inertia principal axis 
*********************************************************
Inertia matrix a.u. Ang^2: 
{  1.81428e+06  216790  -460318  }
{  216790  1.99723e+06  201304  }
{  -460318  201304  1.70164e+06  }
Rotation matrix applied to molecule: 
{  0.774163  0.205071  -0.598846  }
{  -0.62997  0.341856  -0.697332  }
{  0.0617163  0.917104  0.393841  }
Molecule radius: 27.4865 Ang 
orientation time of molecule target: 0.036974 s
target mass: 14313.2 amu
gas mass: 28.014 amu
reduce mass: 28.014 amu
charge state: 8 e
*********************************************************
Geometric Ellipsoid: 
*********************************************************
maximal distances: 14.0497  17.3921  25.4195  Ang
Initial axis length: 65.1573  68.4997  76.5271  Ang
Ellipsoid axis length: 69.0973  72.4397  80.4671  Ang
ellipsoid calculation time: 4.19617e-05 s
maximal impact parameter: 80.4671 Ang
*********************************************************
Linked-cell: 
Numbers of cells: 2184
Nx: 12 Ny: 13 Nz: 14
Filled cells: 36
Empty cells: 2148
Average atoms per cell: 54.4444
Maximum atoms per cell: 185
Minimum atoms per cell: 1
Simulation box: 
lx: 144.12 Ang
ly: 156.13 Ang
lz: 168.14 Ang
linked-cell calculation time: 0.00227404 s
time info: 0.000105143 s
*********************************************************
Trajectory calculations 
*********************************************************
out target time: 13.1133 s
Ntraj: 10000
Nfree: 1634
Nscatter: 8362
Nlost: 4
omega: 1772.03
Ntraj: 10000
Nfree: 1549
Nscatter: 8449
Nlost: 2
omega: 1804.92
Ntraj: 10000
Nfree: 1473
Nscatter: 8526
Nlost: 1
omega: 1682.91
Ntraj: 10000
Nfree: 1567
Nscatter: 8432
Nlost: 1
omega: 1720.2
Ntraj: 10000
Nfree: 1539
Nscatter: 8460
Nlost: 1
omega: 1725.46
Ntraj: 10000
Nfree: 1546
Nscatter: 8452
Nlost: 2
omega: 1843.76
Ntraj: 10000
Nfree: 1555
Nscatter: 8445
Nlost: 0
omega: 1740.39
Ntraj: 10000
Nfree: 1564
Nscatter: 8435
Nlost: 1
omega: 1631.87
Ntraj: 10000
Nfree: 1562
Nscatter: 8436
Nlost: 2
omega: 1685.01
Ntraj: 10000
Nfree: 1471
Nscatter: 8528
Nlost: 1
omega: 1766
*********************************************************
task: 0
worker id: 90406
time create lcl and mol: 0.000545979 s
numbers of trajectories: 3847
time trajectory calculation: 6.07495 s
task: 1
worker id: 90104
time create lcl and mol: 0.000536919 s
numbers of trajectories: 3847
time trajectory calculation: 3.47087 s
task: 2
worker id: 89157
time create lcl and mol: 0.000521898 s
numbers of trajectories: 3847
time trajectory calculation: 3.17246 s
task: 3
worker id: 88420
time create lcl and mol: 0.000546932 s
numbers of trajectories: 3847
time trajectory calculation: 1.36378 s
task: 4
worker id: 90923
time create lcl and mol: 0.000529051 s
numbers of trajectories: 3846
time trajectory calculation: 3.43295 s
task: 5
worker id: 90570
time create lcl and mol: 0.00050807 s
numbers of trajectories: 3846
time trajectory calculation: 2.6485 s
task: 6
worker id: 88420
time create lcl and mol: 0.000560045 s
numbers of trajectories: 3846
time trajectory calculation: 2.83413 s
task: 7
worker id: 11676
time create lcl and mol: 0.000530005 s
numbers of trajectories: 3846
time trajectory calculation: 2.1541 s
task: 8
worker id: 90570
time create lcl and mol: 0.000534058 s
numbers of trajectories: 3846
time trajectory calculation: 2.68496 s
task: 9
worker id: 89499
time create lcl and mol: 0.000541925 s
numbers of trajectories: 3846
time trajectory calculation: 3.25605 s
task: 10
worker id: 90923
time create lcl and mol: 0.000509977 s
numbers of trajectories: 3846
time trajectory calculation: 5.75436 s
task: 11
worker id: 90923
time create lcl and mol: 0.000507116 s
numbers of trajectories: 3846
time trajectory calculation: 3.83135 s
task: 12
worker id: 90104
time create lcl and mol: 0.000509977 s
numbers of trajectories: 3846
time trajectory calculation: 3.18938 s
task: 13
worker id: 90104
time create lcl and mol: 0.000590086 s
numbers of trajectories: 3846
time trajectory calculation: 1.73146 s
task: 14
worker id: 89499
time create lcl and mol: 0.000514984 s
numbers of trajectories: 3846
time trajectory calculation: 2.20889 s
task: 15
worker id: 90406
time create lcl and mol: 0.000542164 s
numbers of trajectories: 3846
time trajectory calculation: 3.11571 s
task: 16
worker id: 89499
time create lcl and mol: 0.000808001 s
numbers of trajectories: 3846
time trajectory calculation: 1.41005 s
task: 17
worker id: 88420
time create lcl and mol: 0.000562906 s
numbers of trajectories: 3846
time trajectory calculation: 3.73155 s
task: 18
worker id: 11676
time create lcl and mol: 0.000566006 s
numbers of trajectories: 3846
time trajectory calculation: 3.75843 s
task: 19
worker id: 90570
time create lcl and mol: 0.000530005 s
numbers of trajectories: 3846
time trajectory calculation: 2.65045 s
task: 20
worker id: 90570
time create lcl and mol: 0.000524998 s
numbers of trajectories: 3846
time trajectory calculation: 2.27758 s
task: 21
worker id: 88420
time create lcl and mol: 0.000566959 s
numbers of trajectories: 3846
time trajectory calculation: 3.62713 s
task: 22
worker id: 11676
time create lcl and mol: 0.000534058 s
numbers of trajectories: 3846
time trajectory calculation: 4.12761 s
task: 23
worker id: 89157
time create lcl and mol: 0.00050807 s
numbers of trajectories: 3846
time trajectory calculation: 3.41201 s
task: 24
worker id: 89499
time create lcl and mol: 0.000528097 s
numbers of trajectories: 3846
time trajectory calculation: 2.27409 s
task: 25
worker id: 89157
time create lcl and mol: 0.000476122 s
numbers of trajectories: 3846
time trajectory calculation: 3.3809 s
CCS time: 13.1235 s
*********************************************************
average value of CCS = 1737.25 Ang^2
error value of CCS = 18.758 Ang^2
Total time: 13.1682 s
Program finished...
*********************************************************
INPUT:: Simulation Parameters 
*********************************************************
target filename                  : 08_1dpx_carga_8_min.xyz
number of probe                  : 10000
number of iterarions             : 10
number of tasks                  : 26
number of threads                : 24
seed number                      : 2104
gas buffer                       : N2
Target Temperature (K)           : 298
timestep (fs)                    : 10
Skin cell size (Ang)             : 0.01
Equipotential                    : no
Cut short-range interaction      : yes
LJ cutoff (Ang)                  : 12
Apply long-range interaction     : yes
Cut long-range interaction       : yes
Coulomb cutoff (Ang)             : 25
Apply induced-dipole interaction : yes
alpha (Ang^3)                    : 1.71
force_type: 6
*********************************************************
Force Field parameters: 
*********************************************************
Symbol  mass (amu)  epislon (kcal/mol)  sigma(Angstroms) 
C   12.011   0.0824736   3.2255
N   14.007   0.0758527   3.5719
H   1.008   0.0362711   1.8986
O   15.999   0.062323   3.075
S   32.06   0.138032   3.4237
P   30.9738   0.145372   3.47
*********************************************************
MOLECULE:: orientation around the inertia principal axis 
*********************************************************
Inertia matrix a.u. Ang^2: 
{  1.81428e+06  216790  -460318  }
{  216790  1.99723e+06  201304  }
{  -460318  201304  1.70164e+06  }
Rotation matrix applied to molecule: 
{  0.774163  0.205071  -0.598846  }
{  -0.62997  0.341856  -0.697332  }
{  0.0617163  0.917104  0.393841  }
Molecule radius: 27.4865 Ang 
orientation time of molecule target: 0.00260901 s
target mass: 14313.2 amu
gas mass: 28.014 amu
reduce mass: 28.014 amu
charge state: 8 e
*********************************************************
Geometric Ellipsoid: 
*********************************************************
maximal distances: 14.0497  17.3921  25.4195  Ang
Initial axis length: 65.1573  68.4997  76.5271  Ang
Ellipsoid axis length: 69.0973  72.4397  80.4671  Ang
ellipsoid calculation time: 4.91142e-05 s
maximal impact parameter: 80.4671 Ang
*********************************************************
Linked-cell: 
Numbers of cells: 2184
Nx: 12 Ny: 13 Nz: 14
Filled cells: 36
Empty cells: 2148
Average atoms per cell: 54.4444
Maximum atoms per cell: 185
Minimum atoms per cell: 1
Simulation box: 
lx: 144.12 Ang
ly: 156.13 Ang
lz: 168.14 Ang
linked-cell calculation time: 0.00233388 s
time info: 0.000101089 s
*********************************************************
Trajectory calculations 
*********************************************************
out target time: 11.9092 s
Ntraj: 10000
Nfree: 1634
Nscatter: 8362
Nlost: 4
omega: 1772.03
Ntraj: 10000
Nfree: 1549
Nscatter: 8449
Nlost: 2
omega: 1804.92
Ntraj: 10000
Nfree: 1473
Nscatter: 8526
Nlost: 1
omega: 1682.91
Ntraj: 10000
Nfree: 1567
Nscatter: 8432
Nlost: 1
omega: 1720.2
Ntraj: 10000
Nfree: 1539
Nscatter: 8460
Nlost: 1
omega: 1725.46
Ntraj: 10000
Nfree: 1546
Nscatter: 8452
Nlost: 2
omega: 1843.76
Ntraj: 10000
Nfree: 1555
Nscatter: 8445
Nlost: 0
omega: 1740.39
Ntraj: 10000
Nfree: 1564
Nscatter: 8435
Nlost: 1
omega: 1631.87
Ntraj: 10000
Nfree: 1562
Nscatter: 8436
Nlost: 2
omega: 1685.01
Ntraj: 10000
Nfree: 1471
Nscatter: 8528
Nlost: 1
omega: 1766
*********************************************************
task: 0
worker id: 91131
time create lcl and mol: 0.000534058 s
numbers of trajectories: 3847
time trajectory calculation: 6.01761 s
task: 1
worker id: 89882
time create lcl and mol: 0.000530005 s
numbers of trajectories: 3847
time trajectory calculation: 3.35591 s
task: 2
worker id: 12413
time create lcl and mol: 0.00064683 s
numbers of trajectories: 3847
time trajectory calculation: 3.15928 s
task: 3
worker id: 89146
time create lcl and mol: 0.000524998 s
numbers of trajectories: 3847
time trajectory calculation: 1.34531 s
task: 4
worker id: 91297
time create lcl and mol: 0.00050211 s
numbers of trajectories: 3846
time trajectory calculation: 3.37024 s
task: 5
worker id: 12413
time create lcl and mol: 0.000540018 s
numbers of trajectories: 3846
time trajectory calculation: 2.58399 s
task: 6
worker id: 91646
time create lcl and mol: 0.000510216 s
numbers of trajectories: 3846
time trajectory calculation: 2.82444 s
task: 7
worker id: 91646
time create lcl and mol: 0.000538111 s
numbers of trajectories: 3846
time trajectory calculation: 2.10858 s
task: 8
worker id: 89882
time create lcl and mol: 0.000540018 s
numbers of trajectories: 3846
time trajectory calculation: 2.6816 s
task: 9
worker id: 90225
time create lcl and mol: 0.000547886 s
numbers of trajectories: 3846
time trajectory calculation: 3.14699 s
task: 10
worker id: 90225
time create lcl and mol: 0.000529051 s
numbers of trajectories: 3846
time trajectory calculation: 5.6201 s
task: 11
worker id: 91131
time create lcl and mol: 0.000565052 s
numbers of trajectories: 3846
time trajectory calculation: 4.14255 s
task: 12
worker id: 89146
time create lcl and mol: 0.00054884 s
numbers of trajectories: 3846
time trajectory calculation: 3.2604 s
task: 13
worker id: 12413
time create lcl and mol: 0.000522137 s
numbers of trajectories: 3846
time trajectory calculation: 1.69103 s
task: 14
worker id: 91646
time create lcl and mol: 0.000565052 s
numbers of trajectories: 3846
time trajectory calculation: 2.22482 s
task: 15
worker id: 91297
time create lcl and mol: 0.000559092 s
numbers of trajectories: 3846
time trajectory calculation: 3.14433 s
task: 16
worker id: 89146
time create lcl and mol: 0.000564814 s
numbers of trajectories: 3846
time trajectory calculation: 1.39616 s
task: 17
worker id: 90827
time create lcl and mol: 0.000580072 s
numbers of trajectories: 3846
time trajectory calculation: 3.70911 s
task: 18
worker id: 90827
time create lcl and mol: 0.000689983 s
numbers of trajectories: 3846
time trajectory calculation: 3.84722 s
task: 19
worker id: 89146
time create lcl and mol: 0.000571966 s
numbers of trajectories: 3846
time trajectory calculation: 2.64514 s
task: 20
worker id: 91646
time create lcl and mol: 0.000546932 s
numbers of trajectories: 3846
time trajectory calculation: 2.24583 s
task: 21
worker id: 89882
time create lcl and mol: 0.000550032 s
numbers of trajectories: 3846
time trajectory calculation: 3.50754 s
task: 22
worker id: 91297
time create lcl and mol: 0.00054884 s
numbers of trajectories: 3846
time trajectory calculation: 4.11864 s
task: 23
worker id: 90827
time create lcl and mol: 0.00054884 s
numbers of trajectories: 3846
time trajectory calculation: 3.42452 s
task: 24
worker id: 89882
time create lcl and mol: 0.000521898 s
numbers of trajectories: 3846
time trajectory calculation: 2.27203 s
task: 25
worker id: 12413
time create lcl and mol: 0.000545979 s
numbers of trajectories: 3846
time trajectory calculation: 3.35601 s
CCS time: 11.9194 s
*********************************************************
average value of CCS = 1737.25 Ang^2
error value of CCS = 18.758 Ang^2
Total time: 11.9293 s
Program finished...
*********************************************************
INPUT:: Simulation Parameters 
*********************************************************
target filename                  : 08_1dpx_carga_8_min.xyz
number of probe                  : 10000
number of iterarions             : 10
number of tasks                  : 26
number of threads                : 24
seed number                      : 2104
gas buffer                       : N2
Target Temperature (K)           : 298
timestep (fs)                    : 10
Skin cell size (Ang)             : 0.01
Equipotential                    : no
Cut short-range interaction      : yes
LJ cutoff (Ang)                  : 12
Apply long-range interaction     : yes
Cut long-range interaction       : yes
Coulomb cutoff (Ang)             : 25
Apply induced-dipole interaction : yes
alpha (Ang^3)                    : 1.71
force_type: 6
*********************************************************
Force Field parameters: 
*********************************************************
Symbol  mass (amu)  epislon (kcal/mol)  sigma(Angstroms) 
C   12.011   0.0824736   3.2255
N   14.007   0.0758527   3.5719
H   1.008   0.0362711   1.8986
O   15.999   0.062323   3.075
S   32.06   0.138032   3.4237
P   30.9738   0.145372   3.47
*********************************************************
MOLECULE:: orientation around the inertia principal axis 
*********************************************************
Inertia matrix a.u. Ang^2: 
{  1.81428e+06  216790  -460318  }
{  216790  1.99723e+06  201304  }
{  -460318  201304  1.70164e+06  }
Rotation matrix applied to molecule: 
{  0.774163  0.205071  -0.598846  }
{  -0.62997  0.341856  -0.697332  }
{  0.0617163  0.917104  0.393841  }
Molecule radius: 27.4865 Ang 
orientation time of molecule target: 0.002635 s
target mass: 14313.2 amu
gas mass: 28.014 amu
reduce mass: 28.014 amu
charge state: 8 e
*********************************************************
Geometric Ellipsoid: 
*********************************************************
maximal distances: 14.0497  17.3921  25.4195  Ang
Initial axis length: 65.1573  68.4997  76.5271  Ang
Ellipsoid axis length: 69.0973  72.4397  80.4671  Ang
ellipsoid calculation time: 4.19617e-05 s
maximal impact parameter: 80.4671 Ang
*********************************************************
Linked-cell: 
Numbers of cells: 2184
Nx: 12 Ny: 13 Nz: 14
Filled cells: 36
Empty cells: 2148
Average atoms per cell: 54.4444
Maximum atoms per cell: 185
Minimum atoms per cell: 1
Simulation box: 
lx: 144.12 Ang
ly: 156.13 Ang
lz: 168.14 Ang
linked-cell calculation time: 0.002249 s
time info: 0.000101089 s
*********************************************************
Trajectory calculations 
*********************************************************
out target time: 11.535 s
Ntraj: 10000
Nfree: 1634
Nscatter: 8362
Nlost: 4
omega: 1772.03
Ntraj: 10000
Nfree: 1549
Nscatter: 8449
Nlost: 2
omega: 1804.92
Ntraj: 10000
Nfree: 1473
Nscatter: 8526
Nlost: 1
omega: 1682.91
Ntraj: 10000
Nfree: 1567
Nscatter: 8432
Nlost: 1
omega: 1720.2
Ntraj: 10000
Nfree: 1539
Nscatter: 8460
Nlost: 1
omega: 1725.46
Ntraj: 10000
Nfree: 1546
Nscatter: 8452
Nlost: 2
omega: 1843.76
Ntraj: 10000
Nfree: 1555
Nscatter: 8445
Nlost: 0
omega: 1740.39
Ntraj: 10000
Nfree: 1564
Nscatter: 8435
Nlost: 1
omega: 1631.87
Ntraj: 10000
Nfree: 1562
Nscatter: 8436
Nlost: 2
omega: 1685.01
Ntraj: 10000
Nfree: 1471
Nscatter: 8528
Nlost: 1
omega: 1766
*********************************************************
task: 0
worker id: 89553
time create lcl and mol: 0.000550985 s
numbers of trajectories: 3847
time trajectory calculation: 5.96578 s
task: 1
worker id: 90630
time create lcl and mol: 0.000534058 s
numbers of trajectories: 3847
time trajectory calculation: 3.42486 s
task: 2
worker id: 92051
time create lcl and mol: 0.000560999 s
numbers of trajectories: 3847
time trajectory calculation: 3.09864 s
task: 3
worker id: 92051
time create lcl and mol: 0.000521898 s
numbers of trajectories: 3847
time trajectory calculation: 1.38988 s
task: 4
worker id: 89553
time create lcl and mol: 0.000528097 s
numbers of trajectories: 3846
time trajectory calculation: 3.57853 s
task: 5
worker id: 91232
time create lcl and mol: 0.000550032 s
numbers of trajectories: 3846
time trajectory calculation: 2.70206 s
task: 6
worker id: 12834
time create lcl and mol: 0.000542879 s
numbers of trajectories: 3846
time trajectory calculation: 2.75521 s
task: 7
worker id: 91701
time create lcl and mol: 0.000520945 s
numbers of trajectories: 3846
time trajectory calculation: 2.17955 s
task: 8
worker id: 91537
time create lcl and mol: 0.000510931 s
numbers of trajectories: 3846
time trajectory calculation: 2.78456 s
task: 9
worker id: 90289
time create lcl and mol: 0.000788927 s
numbers of trajectories: 3846
time trajectory calculation: 3.16698 s
task: 10
worker id: 91232
time create lcl and mol: 0.000519037 s
numbers of trajectories: 3846
time trajectory calculation: 5.5224 s
task: 11
worker id: 90630
time create lcl and mol: 0.000752926 s
numbers of trajectories: 3846
time trajectory calculation: 4.12313 s
task: 12
worker id: 12834
time create lcl and mol: 0.000571012 s
numbers of trajectories: 3846
time trajectory calculation: 3.21477 s
task: 13
worker id: 12834
time create lcl and mol: 0.000547171 s
numbers of trajectories: 3846
time trajectory calculation: 1.72929 s
task: 14
worker id: 90630
time create lcl and mol: 0.00051403 s
numbers of trajectories: 3846
time trajectory calculation: 2.21405 s
task: 15
worker id: 91232
time create lcl and mol: 0.000551939 s
numbers of trajectories: 3846
time trajectory calculation: 3.15069 s
task: 16
worker id: 91537
time create lcl and mol: 0.000530005 s
numbers of trajectories: 3846
time trajectory calculation: 1.41242 s
task: 17
worker id: 92051
time create lcl and mol: 0.000509024 s
numbers of trajectories: 3846
time trajectory calculation: 3.82304 s
task: 18
worker id: 12834
time create lcl and mol: 0.000506163 s
numbers of trajectories: 3846
time trajectory calculation: 3.74283 s
task: 19
worker id: 91537
time create lcl and mol: 0.00052619 s
numbers of trajectories: 3846
time trajectory calculation: 2.62742 s
task: 20
worker id: 91537
time create lcl and mol: 0.00049901 s
numbers of trajectories: 3846
time trajectory calculation: 2.27752 s
task: 21
worker id: 91701
time create lcl and mol: 0.000516176 s
numbers of trajectories: 3846
time trajectory calculation: 3.66347 s
task: 22
worker id: 90289
time create lcl and mol: 0.000560999 s
numbers of trajectories: 3846
time trajectory calculation: 4.17961 s
task: 23
worker id: 91701
time create lcl and mol: 0.000557899 s
numbers of trajectories: 3846
time trajectory calculation: 3.49488 s
task: 24
worker id: 92051
time create lcl and mol: 0.000531912 s
numbers of trajectories: 3846
time trajectory calculation: 2.30332 s
task: 25
worker id: 90289
time create lcl and mol: 0.000522137 s
numbers of trajectories: 3846
time trajectory calculation: 3.39476 s
CCS time: 11.5452 s
*********************************************************
average value of CCS = 1737.25 Ang^2
error value of CCS = 18.758 Ang^2
Total time: 11.5553 s
Program finished...
[1695440128.184079] [sdumont6222:89967:0]       tag_match.c:62   UCX  WARN  unexpected tag-receive descriptor 0x2afcc0014200 was not matched
[1695440128.150477] [sdumont6223:12834:0]       tag_match.c:62   UCX  WARN  unexpected tag-receive descriptor 0x560458ee7c00 was not matched
[1695440128.165837] [sdumont6224:91232:0]       tag_match.c:62   UCX  WARN  unexpected tag-receive descriptor 0x562c55ee7d00 was not matched
[1695440128.175790] [sdumont6229:92051:0]       tag_match.c:62   UCX  WARN  unexpected tag-receive descriptor 0x2b7c14006bc0 was not matched
*********************************************************
INPUT:: Simulation Parameters 
*********************************************************
target filename                  : 08_1dpx_carga_8_min.xyz
number of probe                  : 10000
number of iterarions             : 10
number of tasks                  : 26
number of threads                : 24
seed number                      : 2104
gas buffer                       : N2
Target Temperature (K)           : 298
timestep (fs)                    : 10
Skin cell size (Ang)             : 0.01
Equipotential                    : no
Cut short-range interaction      : yes
LJ cutoff (Ang)                  : 12
Apply long-range interaction     : yes
Cut long-range interaction       : yes
Coulomb cutoff (Ang)             : 25
Apply induced-dipole interaction : yes
alpha (Ang^3)                    : 1.71
force_type: 6
*********************************************************
Force Field parameters: 
*********************************************************
Symbol  mass (amu)  epislon (kcal/mol)  sigma(Angstroms) 
C   12.011   0.0824736   3.2255
N   14.007   0.0758527   3.5719
H   1.008   0.0362711   1.8986
O   15.999   0.062323   3.075
S   32.06   0.138032   3.4237
P   30.9738   0.145372   3.47
*********************************************************
MOLECULE:: orientation around the inertia principal axis 
*********************************************************
Inertia matrix a.u. Ang^2: 
{  1.81428e+06  216790  -460318  }
{  216790  1.99723e+06  201304  }
{  -460318  201304  1.70164e+06  }
Rotation matrix applied to molecule: 
{  0.774163  0.205071  -0.598846  }
{  -0.62997  0.341856  -0.697332  }
{  0.0617163  0.917104  0.393841  }
Molecule radius: 27.4865 Ang 
orientation time of molecule target: 0.00256896 s
target mass: 14313.2 amu
gas mass: 28.014 amu
reduce mass: 28.014 amu
charge state: 8 e
*********************************************************
Geometric Ellipsoid: 
*********************************************************
maximal distances: 14.0497  17.3921  25.4195  Ang
Initial axis length: 65.1573  68.4997  76.5271  Ang
Ellipsoid axis length: 69.0973  72.4397  80.4671  Ang
ellipsoid calculation time: 5.19753e-05 s
maximal impact parameter: 80.4671 Ang
*********************************************************
Linked-cell: 
Numbers of cells: 2184
Nx: 12 Ny: 13 Nz: 14
Filled cells: 36
Empty cells: 2148
Average atoms per cell: 54.4444
Maximum atoms per cell: 185
Minimum atoms per cell: 1
Simulation box: 
lx: 144.12 Ang
ly: 156.13 Ang
lz: 168.14 Ang
linked-cell calculation time: 0.002285 s
time info: 0.000102997 s
*********************************************************
Trajectory calculations 
*********************************************************
out target time: 12.1982 s
Ntraj: 10000
Nfree: 1634
Nscatter: 8362
Nlost: 4
omega: 1772.03
Ntraj: 10000
Nfree: 1549
Nscatter: 8449
Nlost: 2
omega: 1804.92
Ntraj: 10000
Nfree: 1473
Nscatter: 8526
Nlost: 1
omega: 1682.91
Ntraj: 10000
Nfree: 1567
Nscatter: 8432
Nlost: 1
omega: 1720.2
Ntraj: 10000
Nfree: 1539
Nscatter: 8460
Nlost: 1
omega: 1725.46
Ntraj: 10000
Nfree: 1546
Nscatter: 8452
Nlost: 2
omega: 1843.76
Ntraj: 10000
Nfree: 1555
Nscatter: 8445
Nlost: 0
omega: 1740.39
Ntraj: 10000
Nfree: 1564
Nscatter: 8435
Nlost: 1
omega: 1631.87
Ntraj: 10000
Nfree: 1562
Nscatter: 8436
Nlost: 2
omega: 1685.01
Ntraj: 10000
Nfree: 1471
Nscatter: 8528
Nlost: 1
omega: 1766
*********************************************************
task: 0
worker id: 92456
time create lcl and mol: 0.000575066 s
numbers of trajectories: 3847
time trajectory calculation: 5.97682 s
task: 1
worker id: 91033
time create lcl and mol: 0.000535011 s
numbers of trajectories: 3847
time trajectory calculation: 3.41653 s
task: 2
worker id: 91635
time create lcl and mol: 0.000545979 s
numbers of trajectories: 3847
time trajectory calculation: 3.145 s
task: 3
worker id: 92456
time create lcl and mol: 0.00067687 s
numbers of trajectories: 3847
time trajectory calculation: 1.38506 s
task: 4
worker id: 13248
time create lcl and mol: 0.000524044 s
numbers of trajectories: 3846
time trajectory calculation: 3.59187 s
task: 5
worker id: 89955
time create lcl and mol: 0.000746965 s
numbers of trajectories: 3846
time trajectory calculation: 2.57711 s
task: 6
worker id: 92101
time create lcl and mol: 0.000726938 s
numbers of trajectories: 3846
time trajectory calculation: 2.88507 s
task: 7
worker id: 89955
time create lcl and mol: 0.000506878 s
numbers of trajectories: 3846
time trajectory calculation: 2.16912 s
task: 8
worker id: 90690
time create lcl and mol: 0.000526905 s
numbers of trajectories: 3846
time trajectory calculation: 2.77824 s
task: 9
worker id: 91033
time create lcl and mol: 0.000485897 s
numbers of trajectories: 3846
time trajectory calculation: 3.1346 s
task: 10
worker id: 91033
time create lcl and mol: 0.000568867 s
numbers of trajectories: 3846
time trajectory calculation: 5.5796 s
task: 11
worker id: 13248
time create lcl and mol: 0.000509977 s
numbers of trajectories: 3846
time trajectory calculation: 4.0341 s
task: 12
worker id: 91942
time create lcl and mol: 0.000562906 s
numbers of trajectories: 3846
time trajectory calculation: 3.28443 s
task: 13
worker id: 90690
time create lcl and mol: 0.000529051 s
numbers of trajectories: 3846
time trajectory calculation: 1.74411 s
task: 14
worker id: 92101
time create lcl and mol: 0.000542879 s
numbers of trajectories: 3846
time trajectory calculation: 2.20756 s
task: 15
worker id: 92101
time create lcl and mol: 0.00053215 s
numbers of trajectories: 3846
time trajectory calculation: 3.15773 s
task: 16
worker id: 89955
time create lcl and mol: 0.000554085 s
numbers of trajectories: 3846
time trajectory calculation: 1.41329 s
task: 17
worker id: 91635
time create lcl and mol: 0.000535011 s
numbers of trajectories: 3846
time trajectory calculation: 3.85007 s
task: 18
worker id: 91942
time create lcl and mol: 0.000509977 s
numbers of trajectories: 3846
time trajectory calculation: 3.73173 s
task: 19
worker id: 91942
time create lcl and mol: 0.000516891 s
numbers of trajectories: 3846
time trajectory calculation: 2.71022 s
task: 20
worker id: 13248
time create lcl and mol: 0.000550985 s
numbers of trajectories: 3846
time trajectory calculation: 2.29029 s
task: 21
worker id: 89955
time create lcl and mol: 0.000530005 s
numbers of trajectories: 3846
time trajectory calculation: 3.54163 s
task: 22
worker id: 90690
time create lcl and mol: 0.000522852 s
numbers of trajectories: 3846
time trajectory calculation: 4.26137 s
task: 23
worker id: 91635
time create lcl and mol: 0.000553131 s
numbers of trajectories: 3846
time trajectory calculation: 3.41575 s
task: 24
worker id: 92101
time create lcl and mol: 0.000477076 s
numbers of trajectories: 3846
time trajectory calculation: 2.17095 s
task: 25
worker id: 92456
time create lcl and mol: 0.000524998 s
numbers of trajectories: 3846
time trajectory calculation: 3.3356 s
CCS time: 12.2085 s
*********************************************************
average value of CCS = 1737.25 Ang^2
error value of CCS = 18.758 Ang^2
Total time: 12.2188 s
Program finished...
*********************************************************
INPUT:: Simulation Parameters 
*********************************************************
target filename                  : 08_1dpx_carga_8_min.xyz
number of probe                  : 10000
number of iterarions             : 10
number of tasks                  : 26
number of threads                : 24
seed number                      : 2104
gas buffer                       : N2
Target Temperature (K)           : 298
timestep (fs)                    : 10
Skin cell size (Ang)             : 0.01
Equipotential                    : no
Cut short-range interaction      : yes
LJ cutoff (Ang)                  : 12
Apply long-range interaction     : yes
Cut long-range interaction       : yes
Coulomb cutoff (Ang)             : 25
Apply induced-dipole interaction : yes
alpha (Ang^3)                    : 1.71
force_type: 6
*********************************************************
Force Field parameters: 
*********************************************************
Symbol  mass (amu)  epislon (kcal/mol)  sigma(Angstroms) 
C   12.011   0.0824736   3.2255
N   14.007   0.0758527   3.5719
H   1.008   0.0362711   1.8986
O   15.999   0.062323   3.075
S   32.06   0.138032   3.4237
P   30.9738   0.145372   3.47
*********************************************************
MOLECULE:: orientation around the inertia principal axis 
*********************************************************
Inertia matrix a.u. Ang^2: 
{  1.81428e+06  216790  -460318  }
{  216790  1.99723e+06  201304  }
{  -460318  201304  1.70164e+06  }
Rotation matrix applied to molecule: 
{  0.774163  0.205071  -0.598846  }
{  -0.62997  0.341856  -0.697332  }
{  0.0617163  0.917104  0.393841  }
Molecule radius: 27.4865 Ang 
orientation time of molecule target: 0.00260878 s
target mass: 14313.2 amu
gas mass: 28.014 amu
reduce mass: 28.014 amu
charge state: 8 e
*********************************************************
Geometric Ellipsoid: 
*********************************************************
maximal distances: 14.0497  17.3921  25.4195  Ang
Initial axis length: 65.1573  68.4997  76.5271  Ang
Ellipsoid axis length: 69.0973  72.4397  80.4671  Ang
ellipsoid calculation time: 4.72069e-05 s
maximal impact parameter: 80.4671 Ang
*********************************************************
Linked-cell: 
Numbers of cells: 2184
Nx: 12 Ny: 13 Nz: 14
Filled cells: 36
Empty cells: 2148
Average atoms per cell: 54.4444
Maximum atoms per cell: 185
Minimum atoms per cell: 1
Simulation box: 
lx: 144.12 Ang
ly: 156.13 Ang
lz: 168.14 Ang
linked-cell calculation time: 0.00237012 s
time info: 9.98974e-05 s
*********************************************************
Trajectory calculations 
*********************************************************
out target time: 11.9646 s
Ntraj: 10000
Nfree: 1634
Nscatter: 8362
Nlost: 4
omega: 1772.03
Ntraj: 10000
Nfree: 1549
Nscatter: 8449
Nlost: 2
omega: 1804.92
Ntraj: 10000
Nfree: 1473
Nscatter: 8526
Nlost: 1
omega: 1682.91
Ntraj: 10000
Nfree: 1567
Nscatter: 8432
Nlost: 1
omega: 1720.2
Ntraj: 10000
Nfree: 1539
Nscatter: 8460
Nlost: 1
omega: 1725.46
Ntraj: 10000
Nfree: 1546
Nscatter: 8452
Nlost: 2
omega: 1843.76
Ntraj: 10000
Nfree: 1555
Nscatter: 8445
Nlost: 0
omega: 1740.39
Ntraj: 10000
Nfree: 1564
Nscatter: 8435
Nlost: 1
omega: 1631.87
Ntraj: 10000
Nfree: 1562
Nscatter: 8436
Nlost: 2
omega: 1685.01
Ntraj: 10000
Nfree: 1471
Nscatter: 8528
Nlost: 1
omega: 1766
*********************************************************
task: 0
worker id: 92645
time create lcl and mol: 0.00053978 s
numbers of trajectories: 3847
time trajectory calculation: 5.94766 s
task: 1
worker id: 90661
time create lcl and mol: 0.000579834 s
numbers of trajectories: 3847
time trajectory calculation: 3.38158 s
task: 2
worker id: 93161
time create lcl and mol: 0.000533104 s
numbers of trajectories: 3847
time trajectory calculation: 3.19839 s
task: 3
worker id: 92807
time create lcl and mol: 0.000535011 s
numbers of trajectories: 3847
time trajectory calculation: 1.39756 s
task: 4
worker id: 92807
time create lcl and mol: 0.000530958 s
numbers of trajectories: 3846
time trajectory calculation: 3.44218 s
task: 5
worker id: 93161
time create lcl and mol: 0.000703812 s
numbers of trajectories: 3846
time trajectory calculation: 2.64861 s
task: 6
worker id: 13969
time create lcl and mol: 0.000525951 s
numbers of trajectories: 3846
time trajectory calculation: 2.68961 s
task: 7
worker id: 91740
time create lcl and mol: 0.000696898 s
numbers of trajectories: 3846
time trajectory calculation: 2.22577 s
task: 8
worker id: 93161
time create lcl and mol: 0.000511169 s
numbers of trajectories: 3846
time trajectory calculation: 2.7258 s
task: 9
worker id: 92340
time create lcl and mol: 0.00052309 s
numbers of trajectories: 3846
time trajectory calculation: 3.16922 s
task: 10
worker id: 91396
time create lcl and mol: 0.000482082 s
numbers of trajectories: 3846
time trajectory calculation: 5.64377 s
task: 11
worker id: 92807
time create lcl and mol: 0.000555038 s
numbers of trajectories: 3846
time trajectory calculation: 4.12349 s
task: 12
worker id: 91740
time create lcl and mol: 0.000545025 s
numbers of trajectories: 3846
time trajectory calculation: 3.29676 s
task: 13
worker id: 90661
time create lcl and mol: 0.00054884 s
numbers of trajectories: 3846
time trajectory calculation: 1.7538 s
task: 14
worker id: 90661
time create lcl and mol: 0.000545025 s
numbers of trajectories: 3846
time trajectory calculation: 2.22298 s
task: 15
worker id: 90661
time create lcl and mol: 0.00052309 s
numbers of trajectories: 3846
time trajectory calculation: 3.09077 s
task: 16
worker id: 92340
time create lcl and mol: 0.000555992 s
numbers of trajectories: 3846
time trajectory calculation: 1.41915 s
task: 17
worker id: 91396
time create lcl and mol: 0.000561953 s
numbers of trajectories: 3846
time trajectory calculation: 3.77949 s
task: 18
worker id: 92340
time create lcl and mol: 0.000884056 s
numbers of trajectories: 3846
time trajectory calculation: 3.66525 s
task: 19
worker id: 93161
time create lcl and mol: 0.000556946 s
numbers of trajectories: 3846
time trajectory calculation: 2.65892 s
task: 20
worker id: 13969
time create lcl and mol: 0.000541925 s
numbers of trajectories: 3846
time trajectory calculation: 2.23531 s
task: 21
worker id: 91740
time create lcl and mol: 0.000518084 s
numbers of trajectories: 3846
time trajectory calculation: 3.65276 s
task: 22
worker id: 92645
time create lcl and mol: 0.000517845 s
numbers of trajectories: 3846
time trajectory calculation: 4.14604 s
task: 23
worker id: 92340
time create lcl and mol: 0.000550032 s
numbers of trajectories: 3846
time trajectory calculation: 3.60056 s
task: 24
worker id: 13969
time create lcl and mol: 0.000561953 s
numbers of trajectories: 3846
time trajectory calculation: 2.26751 s
task: 25
worker id: 13969
time create lcl and mol: 0.000553846 s
numbers of trajectories: 3846
time trajectory calculation: 3.37846 s
CCS time: 11.9749 s
*********************************************************
average value of CCS = 1737.25 Ang^2
error value of CCS = 18.758 Ang^2
Total time: 11.9852 s
Program finished...
