*********************************************************
INPUT:: Simulation Parameters 
*********************************************************
target filename                  : 6vsb_pH8.xyz
number of probe                  : 10000
number of iterarions             : 10
number of tasks                  : 16
number of threads                : 24
seed number                      : 2104
gas buffer                       : N2
Target Temperature (K)           : 298
timestep (fs)                    : 10
Skin cell size (Ang)             : 0.01
Equipotential                    : no
Cut short-range interaction      : yes
LJ cutoff (Ang)                  : 12
Apply long-range interaction     : yes
Cut long-range interaction       : yes
Coulomb cutoff (Ang)             : 25
Apply induced-dipole interaction : yes
alpha (Ang^3)                    : 1.71
force_type: 6
*********************************************************
Force Field parameters: 
*********************************************************
Symbol  mass (amu)  epislon (kcal/mol)  sigma(Angstroms) 
C   12.011   0.0824736   3.2255
N   14.007   0.0758527   3.5719
H   1.008   0.0362711   1.8986
O   15.999   0.062323   3.075
S   32.06   0.138032   3.4237
P   30.9738   0.145372   3.47
*********************************************************
MOLECULE:: orientation around the inertia principal axis 
*********************************************************
Inertia matrix a.u. Ang^2: 
{  5.96602e+08  -2.76401e+06  2.13405e+06  }
{  -2.76401e+06  5.91979e+08  5.29065e+06  }
{  2.13405e+06  5.29065e+06  3.21168e+08  }
Rotation matrix applied to molecule: 
{  0.905562  -0.424213  -0.00112692  }
{  0.00793947  0.0196042  -0.999776  }
{  0.42414  0.90535  0.0211208  }
Molecule radius: 92.1165 Ang 
orientation time of molecule target: 0.0997632 s
target mass: 322081 amu
gas mass: 28.014 amu
reduce mass: 28.014 amu
charge state: -24.0016 e
*********************************************************
Geometric Ellipsoid: 
*********************************************************
maximal distances: 67.6873  68.9213  91.9941  Ang
Initial axis length: 118.795  120.029  143.102  Ang
Ellipsoid axis length: 126.195  127.429  150.502  Ang
ellipsoid calculation time: 0.000327826 s
maximal impact parameter: 150.502 Ang
*********************************************************
Linked-cell: 
Numbers of cells: 12584
Nx: 22 Ny: 22 Nz: 26
Filled cells: 586
Empty cells: 11998
Average atoms per cell: 76.6945
Maximum atoms per cell: 206
Minimum atoms per cell: 1
Simulation box: 
lx: 264.22 Ang
ly: 264.22 Ang
lz: 312.26 Ang
linked-cell calculation time: 0.015496 s
time info: 0.00152802 s
*********************************************************
Trajectory calculations 
*********************************************************
out target time: 78.4908 s
Ntraj: 10000
Nfree: 2100
Nscatter: 7895
Nlost: 5
omega: 17155.8
Ntraj: 10000
Nfree: 2035
Nscatter: 7957
Nlost: 8
omega: 17550.1
Ntraj: 10000
Nfree: 1925
Nscatter: 8074
Nlost: 1
omega: 17142.7
Ntraj: 10000
Nfree: 2040
Nscatter: 7959
Nlost: 1
omega: 16752.7
Ntraj: 10000
Nfree: 2004
Nscatter: 7995
Nlost: 1
omega: 17016.3
Ntraj: 10000
Nfree: 2022
Nscatter: 7975
Nlost: 3
omega: 17033.6
Ntraj: 10000
Nfree: 2004
Nscatter: 7993
Nlost: 3
omega: 16831.7
Ntraj: 10000
Nfree: 2058
Nscatter: 7937
Nlost: 5
omega: 16600
Ntraj: 10000
Nfree: 2021
Nscatter: 7977
Nlost: 2
omega: 16966.1
Ntraj: 10000
Nfree: 1919
Nscatter: 8077
Nlost: 4
omega: 17990.7
*********************************************************
task: 0
worker id: 42243
time create lcl and mol: 0.00373006 s
numbers of trajectories: 6250
time trajectory calculation: 21.6907 s
task: 1
worker id: 14069
time create lcl and mol: 0.00387692 s
numbers of trajectories: 6250
time trajectory calculation: 37.2114 s
task: 2
worker id: 23285
time create lcl and mol: 0.00370789 s
numbers of trajectories: 6250
time trajectory calculation: 33.1202 s
task: 3
worker id: 14069
time create lcl and mol: 0.00381207 s
numbers of trajectories: 6250
time trajectory calculation: 28.3155 s
task: 4
worker id: 42243
time create lcl and mol: 0.00361705 s
numbers of trajectories: 6250
time trajectory calculation: 26.837 s
task: 5
worker id: 23285
time create lcl and mol: 0.00373483 s
numbers of trajectories: 6250
time trajectory calculation: 22.5681 s
task: 6
worker id: 58713
time create lcl and mol: 0.00379992 s
numbers of trajectories: 6250
time trajectory calculation: 28.5659 s
task: 7
worker id: 35847
time create lcl and mol: 0.00357103 s
numbers of trajectories: 6250
time trajectory calculation: 32.1816 s
task: 8
worker id: 85275
time create lcl and mol: 0.00374699 s
numbers of trajectories: 6250
time trajectory calculation: 33.0264 s
task: 9
worker id: 87993
time create lcl and mol: 0.00369096 s
numbers of trajectories: 6250
time trajectory calculation: 26.1304 s
task: 10
worker id: 51515
time create lcl and mol: 0.00363398 s
numbers of trajectories: 6250
time trajectory calculation: 33.6614 s
task: 11
worker id: 87993
time create lcl and mol: 0.00380993 s
numbers of trajectories: 6250
time trajectory calculation: 27.0566 s
task: 12
worker id: 58713
time create lcl and mol: 0.00361204 s
numbers of trajectories: 6250
time trajectory calculation: 19.259 s
task: 13
worker id: 35847
time create lcl and mol: 0.00381112 s
numbers of trajectories: 6250
time trajectory calculation: 29.7991 s
task: 14
worker id: 51515
time create lcl and mol: 0.00367808 s
numbers of trajectories: 6250
time trajectory calculation: 27.1165 s
task: 15
worker id: 85275
time create lcl and mol: 0.00359201 s
numbers of trajectories: 6250
time trajectory calculation: 45.3802 s
CCS time: 78.5014 s
*********************************************************
average value of CCS = 17104 Ang^2
error value of CCS = 121.358 Ang^2
Total time: 78.6224 s
Program finished...
*********************************************************
INPUT:: Simulation Parameters 
*********************************************************
target filename                  : 6vsb_pH8.xyz
number of probe                  : 10000
number of iterarions             : 10
number of tasks                  : 16
number of threads                : 24
seed number                      : 2104
gas buffer                       : N2
Target Temperature (K)           : 298
timestep (fs)                    : 10
Skin cell size (Ang)             : 0.01
Equipotential                    : no
Cut short-range interaction      : yes
LJ cutoff (Ang)                  : 12
Apply long-range interaction     : yes
Cut long-range interaction       : yes
Coulomb cutoff (Ang)             : 25
Apply induced-dipole interaction : yes
alpha (Ang^3)                    : 1.71
force_type: 6
*********************************************************
Force Field parameters: 
*********************************************************
Symbol  mass (amu)  epislon (kcal/mol)  sigma(Angstroms) 
C   12.011   0.0824736   3.2255
N   14.007   0.0758527   3.5719
H   1.008   0.0362711   1.8986
O   15.999   0.062323   3.075
S   32.06   0.138032   3.4237
P   30.9738   0.145372   3.47
*********************************************************
MOLECULE:: orientation around the inertia principal axis 
*********************************************************
Inertia matrix a.u. Ang^2: 
{  5.96602e+08  -2.76401e+06  2.13405e+06  }
{  -2.76401e+06  5.91979e+08  5.29065e+06  }
{  2.13405e+06  5.29065e+06  3.21168e+08  }
Rotation matrix applied to molecule: 
{  0.905562  -0.424213  -0.00112692  }
{  0.00793947  0.0196042  -0.999776  }
{  0.42414  0.90535  0.0211208  }
Molecule radius: 92.1165 Ang 
orientation time of molecule target: 0.0491321 s
target mass: 322081 amu
gas mass: 28.014 amu
reduce mass: 28.014 amu
charge state: -24.0016 e
*********************************************************
Geometric Ellipsoid: 
*********************************************************
maximal distances: 67.6873  68.9213  91.9941  Ang
Initial axis length: 118.795  120.029  143.102  Ang
Ellipsoid axis length: 126.195  127.429  150.502  Ang
ellipsoid calculation time: 0.000326872 s
maximal impact parameter: 150.502 Ang
*********************************************************
Linked-cell: 
Numbers of cells: 12584
Nx: 22 Ny: 22 Nz: 26
Filled cells: 586
Empty cells: 11998
Average atoms per cell: 76.6945
Maximum atoms per cell: 206
Minimum atoms per cell: 1
Simulation box: 
lx: 264.22 Ang
ly: 264.22 Ang
lz: 312.26 Ang
linked-cell calculation time: 0.015692 s
time info: 0.00148606 s
*********************************************************
Trajectory calculations 
*********************************************************
out target time: 79.0163 s
Ntraj: 10000
Nfree: 2100
Nscatter: 7895
Nlost: 5
omega: 17155.8
Ntraj: 10000
Nfree: 2035
Nscatter: 7957
Nlost: 8
omega: 17550.1
Ntraj: 10000
Nfree: 1925
Nscatter: 8074
Nlost: 1
omega: 17142.7
Ntraj: 10000
Nfree: 2040
Nscatter: 7959
Nlost: 1
omega: 16752.7
Ntraj: 10000
Nfree: 2004
Nscatter: 7995
Nlost: 1
omega: 17016.3
Ntraj: 10000
Nfree: 2022
Nscatter: 7975
Nlost: 3
omega: 17033.6
Ntraj: 10000
Nfree: 2004
Nscatter: 7993
Nlost: 3
omega: 16831.7
Ntraj: 10000
Nfree: 2058
Nscatter: 7937
Nlost: 5
omega: 16600
Ntraj: 10000
Nfree: 2021
Nscatter: 7977
Nlost: 2
omega: 16966.1
Ntraj: 10000
Nfree: 1919
Nscatter: 8077
Nlost: 4
omega: 17990.7
*********************************************************
task: 0
worker id: 44853
time create lcl and mol: 0.00351191 s
numbers of trajectories: 6250
time trajectory calculation: 21.529 s
task: 1
worker id: 16681
time create lcl and mol: 0.0036819 s
numbers of trajectories: 6250
time trajectory calculation: 37.5766 s
task: 2
worker id: 38460
time create lcl and mol: 0.00392008 s
numbers of trajectories: 6250
time trajectory calculation: 32.8259 s
task: 3
worker id: 87891
time create lcl and mol: 0.0036912 s
numbers of trajectories: 6250
time trajectory calculation: 27.6199 s
task: 4
worker id: 25913
time create lcl and mol: 0.00362206 s
numbers of trajectories: 6250
time trajectory calculation: 27.5309 s
task: 5
worker id: 90609
time create lcl and mol: 0.00362682 s
numbers of trajectories: 6250
time trajectory calculation: 22.4207 s
task: 6
worker id: 61335
time create lcl and mol: 0.00352788 s
numbers of trajectories: 6250
time trajectory calculation: 27.9606 s
task: 7
worker id: 54134
time create lcl and mol: 0.00385904 s
numbers of trajectories: 6250
time trajectory calculation: 32.8822 s
task: 8
worker id: 25913
time create lcl and mol: 0.00385499 s
numbers of trajectories: 6250
time trajectory calculation: 32.7115 s
task: 9
worker id: 61335
time create lcl and mol: 0.00339293 s
numbers of trajectories: 6250
time trajectory calculation: 25.6294 s
task: 10
worker id: 16681
time create lcl and mol: 0.00370097 s
numbers of trajectories: 6250
time trajectory calculation: 34.2646 s
task: 11
worker id: 44853
time create lcl and mol: 0.0035212 s
numbers of trajectories: 6250
time trajectory calculation: 27.8223 s
task: 12
worker id: 38460
time create lcl and mol: 0.00360608 s
numbers of trajectories: 6250
time trajectory calculation: 18.8289 s
task: 13
worker id: 87891
time create lcl and mol: 0.00336194 s
numbers of trajectories: 6250
time trajectory calculation: 30.0635 s
task: 14
worker id: 90609
time create lcl and mol: 0.00356197 s
numbers of trajectories: 6250
time trajectory calculation: 27.8721 s
task: 15
worker id: 54134
time create lcl and mol: 0.00374794 s
numbers of trajectories: 6250
time trajectory calculation: 46.063 s
CCS time: 79.0268 s
*********************************************************
average value of CCS = 17104 Ang^2
error value of CCS = 121.358 Ang^2
Total time: 79.0974 s
Program finished...
[1695267950.303430] [sdumont6249:90609:0]       tag_match.c:62   UCX  WARN  unexpected tag-receive descriptor 0x563bc36a7b00 was not matched
[1695267950.304970] [sdumont6250:44853:0]       tag_match.c:62   UCX  WARN  unexpected tag-receive descriptor 0x555e38047ec0 was not matched
*********************************************************
INPUT:: Simulation Parameters 
*********************************************************
target filename                  : 6vsb_pH8.xyz
number of probe                  : 10000
number of iterarions             : 10
number of tasks                  : 16
number of threads                : 24
seed number                      : 2104
gas buffer                       : N2
Target Temperature (K)           : 298
timestep (fs)                    : 10
Skin cell size (Ang)             : 0.01
Equipotential                    : no
Cut short-range interaction      : yes
LJ cutoff (Ang)                  : 12
Apply long-range interaction     : yes
Cut long-range interaction       : yes
Coulomb cutoff (Ang)             : 25
Apply induced-dipole interaction : yes
alpha (Ang^3)                    : 1.71
force_type: 6
*********************************************************
Force Field parameters: 
*********************************************************
Symbol  mass (amu)  epislon (kcal/mol)  sigma(Angstroms) 
C   12.011   0.0824736   3.2255
N   14.007   0.0758527   3.5719
H   1.008   0.0362711   1.8986
O   15.999   0.062323   3.075
S   32.06   0.138032   3.4237
P   30.9738   0.145372   3.47
*********************************************************
MOLECULE:: orientation around the inertia principal axis 
*********************************************************
Inertia matrix a.u. Ang^2: 
{  5.96602e+08  -2.76401e+06  2.13405e+06  }
{  -2.76401e+06  5.91979e+08  5.29065e+06  }
{  2.13405e+06  5.29065e+06  3.21168e+08  }
Rotation matrix applied to molecule: 
{  0.905562  -0.424213  -0.00112692  }
{  0.00793947  0.0196042  -0.999776  }
{  0.42414  0.90535  0.0211208  }
Molecule radius: 92.1165 Ang 
orientation time of molecule target: 0.052402 s
target mass: 322081 amu
gas mass: 28.014 amu
reduce mass: 28.014 amu
charge state: -24.0016 e
*********************************************************
Geometric Ellipsoid: 
*********************************************************
maximal distances: 67.6873  68.9213  91.9941  Ang
Initial axis length: 118.795  120.029  143.102  Ang
Ellipsoid axis length: 126.195  127.429  150.502  Ang
ellipsoid calculation time: 0.000343084 s
maximal impact parameter: 150.502 Ang
*********************************************************
Linked-cell: 
Numbers of cells: 12584
Nx: 22 Ny: 22 Nz: 26
Filled cells: 586
Empty cells: 11998
Average atoms per cell: 76.6945
Maximum atoms per cell: 206
Minimum atoms per cell: 1
Simulation box: 
lx: 264.22 Ang
ly: 264.22 Ang
lz: 312.26 Ang
linked-cell calculation time: 0.0153739 s
time info: 0.00144386 s
*********************************************************
Trajectory calculations 
*********************************************************
out target time: 82.4762 s
Ntraj: 10000
Nfree: 2100
Nscatter: 7895
Nlost: 5
omega: 17155.8
Ntraj: 10000
Nfree: 2035
Nscatter: 7957
Nlost: 8
omega: 17550.1
Ntraj: 10000
Nfree: 1925
Nscatter: 8074
Nlost: 1
omega: 17142.7
Ntraj: 10000
Nfree: 2040
Nscatter: 7959
Nlost: 1
omega: 16752.7
Ntraj: 10000
Nfree: 2004
Nscatter: 7995
Nlost: 1
omega: 17016.3
Ntraj: 10000
Nfree: 2022
Nscatter: 7975
Nlost: 3
omega: 17033.6
Ntraj: 10000
Nfree: 2004
Nscatter: 7993
Nlost: 3
omega: 16831.7
Ntraj: 10000
Nfree: 2058
Nscatter: 7937
Nlost: 5
omega: 16600
Ntraj: 10000
Nfree: 2021
Nscatter: 7977
Nlost: 2
omega: 16966.1
Ntraj: 10000
Nfree: 1919
Nscatter: 8077
Nlost: 4
omega: 17990.7
*********************************************************
task: 0
worker id: 19297
time create lcl and mol: 0.00367403 s
numbers of trajectories: 6250
time trajectory calculation: 21.7053 s
task: 1
worker id: 90514
time create lcl and mol: 0.00363588 s
numbers of trajectories: 6250
time trajectory calculation: 37.6571 s
task: 2
worker id: 63947
time create lcl and mol: 0.00365806 s
numbers of trajectories: 6250
time trajectory calculation: 32.9253 s
task: 3
worker id: 93227
time create lcl and mol: 0.00381398 s
numbers of trajectories: 6250
time trajectory calculation: 27.4447 s
task: 4
worker id: 56750
time create lcl and mol: 0.00375104 s
numbers of trajectories: 6250
time trajectory calculation: 27.3715 s
task: 5
worker id: 41076
time create lcl and mol: 0.00369096 s
numbers of trajectories: 6250
time trajectory calculation: 22.1989 s
task: 6
worker id: 28538
time create lcl and mol: 0.00363183 s
numbers of trajectories: 6250
time trajectory calculation: 27.647 s
task: 7
worker id: 47479
time create lcl and mol: 0.00358915 s
numbers of trajectories: 6250
time trajectory calculation: 32.6224 s
task: 8
worker id: 93227
time create lcl and mol: 0.00360203 s
numbers of trajectories: 6250
time trajectory calculation: 33.2676 s
task: 9
worker id: 28538
time create lcl and mol: 0.00373197 s
numbers of trajectories: 6250
time trajectory calculation: 25.7981 s
task: 10
worker id: 56750
time create lcl and mol: 0.00370908 s
numbers of trajectories: 6250
time trajectory calculation: 33.1327 s
task: 11
worker id: 41076
time create lcl and mol: 0.00391507 s
numbers of trajectories: 6250
time trajectory calculation: 28.9142 s
task: 12
worker id: 47479
time create lcl and mol: 0.00380683 s
numbers of trajectories: 6250
time trajectory calculation: 19.2048 s
task: 13
worker id: 19297
time create lcl and mol: 0.00360298 s
numbers of trajectories: 6250
time trajectory calculation: 30.2597 s
task: 14
worker id: 63947
time create lcl and mol: 0.00381899 s
numbers of trajectories: 6250
time trajectory calculation: 27.4798 s
task: 15
worker id: 90514
time create lcl and mol: 0.00382805 s
numbers of trajectories: 6250
time trajectory calculation: 44.7197 s
CCS time: 82.4865 s
*********************************************************
average value of CCS = 17104 Ang^2
error value of CCS = 121.358 Ang^2
Total time: 82.5593 s
Program finished...
*********************************************************
INPUT:: Simulation Parameters 
*********************************************************
target filename                  : 6vsb_pH8.xyz
number of probe                  : 10000
number of iterarions             : 10
number of tasks                  : 16
number of threads                : 24
seed number                      : 2104
gas buffer                       : N2
Target Temperature (K)           : 298
timestep (fs)                    : 10
Skin cell size (Ang)             : 0.01
Equipotential                    : no
Cut short-range interaction      : yes
LJ cutoff (Ang)                  : 12
Apply long-range interaction     : yes
Cut long-range interaction       : yes
Coulomb cutoff (Ang)             : 25
Apply induced-dipole interaction : yes
alpha (Ang^3)                    : 1.71
force_type: 6
*********************************************************
Force Field parameters: 
*********************************************************
Symbol  mass (amu)  epislon (kcal/mol)  sigma(Angstroms) 
C   12.011   0.0824736   3.2255
N   14.007   0.0758527   3.5719
H   1.008   0.0362711   1.8986
O   15.999   0.062323   3.075
S   32.06   0.138032   3.4237
P   30.9738   0.145372   3.47
*********************************************************
MOLECULE:: orientation around the inertia principal axis 
*********************************************************
Inertia matrix a.u. Ang^2: 
{  5.96602e+08  -2.76401e+06  2.13405e+06  }
{  -2.76401e+06  5.91979e+08  5.29065e+06  }
{  2.13405e+06  5.29065e+06  3.21168e+08  }
Rotation matrix applied to molecule: 
{  0.905562  -0.424213  -0.00112692  }
{  0.00793947  0.0196042  -0.999776  }
{  0.42414  0.90535  0.0211208  }
Molecule radius: 92.1165 Ang 
orientation time of molecule target: 0.0498199 s
target mass: 322081 amu
gas mass: 28.014 amu
reduce mass: 28.014 amu
charge state: -24.0016 e
*********************************************************
Geometric Ellipsoid: 
*********************************************************
maximal distances: 67.6873  68.9213  91.9941  Ang
Initial axis length: 118.795  120.029  143.102  Ang
Ellipsoid axis length: 126.195  127.429  150.502  Ang
ellipsoid calculation time: 0.00032711 s
maximal impact parameter: 150.502 Ang
*********************************************************
Linked-cell: 
Numbers of cells: 12584
Nx: 22 Ny: 22 Nz: 26
Filled cells: 586
Empty cells: 11998
Average atoms per cell: 76.6945
Maximum atoms per cell: 206
Minimum atoms per cell: 1
Simulation box: 
lx: 264.22 Ang
ly: 264.22 Ang
lz: 312.26 Ang
linked-cell calculation time: 0.0156631 s
time info: 0.00149202 s
*********************************************************
Trajectory calculations 
*********************************************************
out target time: 70.7761 s
Ntraj: 10000
Nfree: 2100
Nscatter: 7895
Nlost: 5
omega: 17155.8
Ntraj: 10000
Nfree: 2035
Nscatter: 7957
Nlost: 8
omega: 17550.1
Ntraj: 10000
Nfree: 1925
Nscatter: 8074
Nlost: 1
omega: 17142.7
Ntraj: 10000
Nfree: 2040
Nscatter: 7959
Nlost: 1
omega: 16752.7
Ntraj: 10000
Nfree: 2004
Nscatter: 7995
Nlost: 1
omega: 17016.3
Ntraj: 10000
Nfree: 2022
Nscatter: 7975
Nlost: 3
omega: 17033.6
Ntraj: 10000
Nfree: 2004
Nscatter: 7993
Nlost: 3
omega: 16831.7
Ntraj: 10000
Nfree: 2058
Nscatter: 7937
Nlost: 5
omega: 16600
Ntraj: 10000
Nfree: 2021
Nscatter: 7977
Nlost: 2
omega: 16966.1
Ntraj: 10000
Nfree: 1919
Nscatter: 8077
Nlost: 4
omega: 17990.7
*********************************************************
task: 0
worker id: 95900
time create lcl and mol: 0.00354099 s
numbers of trajectories: 6250
time trajectory calculation: 21.4832 s
task: 1
worker id: 50159
time create lcl and mol: 0.00357199 s
numbers of trajectories: 6250
time trajectory calculation: 37.5283 s
task: 2
worker id: 21978
time create lcl and mol: 0.00380492 s
numbers of trajectories: 6250
time trajectory calculation: 32.9389 s
task: 3
worker id: 66626
time create lcl and mol: 0.00377703 s
numbers of trajectories: 6250
time trajectory calculation: 27.4165 s
task: 4
worker id: 43755
time create lcl and mol: 0.00371099 s
numbers of trajectories: 6250
time trajectory calculation: 27.3446 s
task: 5
worker id: 31243
time create lcl and mol: 0.0038898 s
numbers of trajectories: 6250
time trajectory calculation: 22.2472 s
task: 6
worker id: 59435
time create lcl and mol: 0.003757 s
numbers of trajectories: 6250
time trajectory calculation: 27.8608 s
task: 7
worker id: 93197
time create lcl and mol: 0.00379801 s
numbers of trajectories: 6250
time trajectory calculation: 33.1666 s
task: 8
worker id: 66626
time create lcl and mol: 0.0035429 s
numbers of trajectories: 6250
time trajectory calculation: 31.9979 s
task: 9
worker id: 95900
time create lcl and mol: 0.00383496 s
numbers of trajectories: 6250
time trajectory calculation: 25.6976 s
task: 10
worker id: 50159
time create lcl and mol: 0.00357604 s
numbers of trajectories: 6250
time trajectory calculation: 33.1767 s
task: 11
worker id: 43755
time create lcl and mol: 0.00381279 s
numbers of trajectories: 6250
time trajectory calculation: 27.7223 s
task: 12
worker id: 21978
time create lcl and mol: 0.00340605 s
numbers of trajectories: 6250
time trajectory calculation: 19.3027 s
task: 13
worker id: 59435
time create lcl and mol: 0.00361586 s
numbers of trajectories: 6250
time trajectory calculation: 30 s
task: 14
worker id: 93197
time create lcl and mol: 0.003443 s
numbers of trajectories: 6250
time trajectory calculation: 27.5017 s
task: 15
worker id: 31243
time create lcl and mol: 0.00379205 s
numbers of trajectories: 6250
time trajectory calculation: 46.1081 s
CCS time: 70.7866 s
*********************************************************
average value of CCS = 17104 Ang^2
error value of CCS = 121.358 Ang^2
Total time: 70.8573 s
Program finished...
*********************************************************
INPUT:: Simulation Parameters 
*********************************************************
target filename                  : 6vsb_pH8.xyz
number of probe                  : 10000
number of iterarions             : 10
number of tasks                  : 16
number of threads                : 24
seed number                      : 2104
gas buffer                       : N2
Target Temperature (K)           : 298
timestep (fs)                    : 10
Skin cell size (Ang)             : 0.01
Equipotential                    : no
Cut short-range interaction      : yes
LJ cutoff (Ang)                  : 12
Apply long-range interaction     : yes
Cut long-range interaction       : yes
Coulomb cutoff (Ang)             : 25
Apply induced-dipole interaction : yes
alpha (Ang^3)                    : 1.71
force_type: 6
*********************************************************
Force Field parameters: 
*********************************************************
Symbol  mass (amu)  epislon (kcal/mol)  sigma(Angstroms) 
C   12.011   0.0824736   3.2255
N   14.007   0.0758527   3.5719
H   1.008   0.0362711   1.8986
O   15.999   0.062323   3.075
S   32.06   0.138032   3.4237
P   30.9738   0.145372   3.47
*********************************************************
MOLECULE:: orientation around the inertia principal axis 
*********************************************************
Inertia matrix a.u. Ang^2: 
{  5.96602e+08  -2.76401e+06  2.13405e+06  }
{  -2.76401e+06  5.91979e+08  5.29065e+06  }
{  2.13405e+06  5.29065e+06  3.21168e+08  }
Rotation matrix applied to molecule: 
{  0.905562  -0.424213  -0.00112692  }
{  0.00793947  0.0196042  -0.999776  }
{  0.42414  0.90535  0.0211208  }
Molecule radius: 92.1165 Ang 
orientation time of molecule target: 0.0492051 s
target mass: 322081 amu
gas mass: 28.014 amu
reduce mass: 28.014 amu
charge state: -24.0016 e
*********************************************************
Geometric Ellipsoid: 
*********************************************************
maximal distances: 67.6873  68.9213  91.9941  Ang
Initial axis length: 118.795  120.029  143.102  Ang
Ellipsoid axis length: 126.195  127.429  150.502  Ang
ellipsoid calculation time: 0.000333071 s
maximal impact parameter: 150.502 Ang
*********************************************************
Linked-cell: 
Numbers of cells: 12584
Nx: 22 Ny: 22 Nz: 26
Filled cells: 586
Empty cells: 11998
Average atoms per cell: 76.6945
Maximum atoms per cell: 206
Minimum atoms per cell: 1
Simulation box: 
lx: 264.22 Ang
ly: 264.22 Ang
lz: 312.26 Ang
linked-cell calculation time: 0.01546 s
time info: 0.00151992 s
*********************************************************
Trajectory calculations 
*********************************************************
out target time: 72.4729 s
Ntraj: 10000
Nfree: 2100
Nscatter: 7895
Nlost: 5
omega: 17155.8
Ntraj: 10000
Nfree: 2035
Nscatter: 7957
Nlost: 8
omega: 17550.1
Ntraj: 10000
Nfree: 1925
Nscatter: 8074
Nlost: 1
omega: 17142.7
Ntraj: 10000
Nfree: 2040
Nscatter: 7959
Nlost: 1
omega: 16752.7
Ntraj: 10000
Nfree: 2004
Nscatter: 7995
Nlost: 1
omega: 17016.3
Ntraj: 10000
Nfree: 2022
Nscatter: 7975
Nlost: 3
omega: 17033.6
Ntraj: 10000
Nfree: 2004
Nscatter: 7993
Nlost: 3
omega: 16831.7
Ntraj: 10000
Nfree: 2058
Nscatter: 7937
Nlost: 5
omega: 16600
Ntraj: 10000
Nfree: 2021
Nscatter: 7977
Nlost: 2
omega: 16966.1
Ntraj: 10000
Nfree: 1919
Nscatter: 8077
Nlost: 4
omega: 17990.7
*********************************************************
task: 0
worker id: 68930
time create lcl and mol: 0.0038259 s
numbers of trajectories: 6250
time trajectory calculation: 22.1737 s
task: 1
worker id: 52462
time create lcl and mol: 0.00365782 s
numbers of trajectories: 6250
time trajectory calculation: 37.6695 s
task: 2
worker id: 46065
time create lcl and mol: 0.00378704 s
numbers of trajectories: 6250
time trajectory calculation: 32.7128 s
task: 3
worker id: 98217
time create lcl and mol: 0.00360513 s
numbers of trajectories: 6250
time trajectory calculation: 28.0598 s
task: 4
worker id: 24285
time create lcl and mol: 0.00372386 s
numbers of trajectories: 6250
time trajectory calculation: 27.8069 s
task: 5
worker id: 95497
time create lcl and mol: 0.00367999 s
numbers of trajectories: 6250
time trajectory calculation: 22.4649 s
task: 6
worker id: 61746
time create lcl and mol: 0.00356889 s
numbers of trajectories: 6250
time trajectory calculation: 27.4655 s
task: 7
worker id: 33559
time create lcl and mol: 0.00364208 s
numbers of trajectories: 6250
time trajectory calculation: 32.2607 s
task: 8
worker id: 98217
time create lcl and mol: 0.00389385 s
numbers of trajectories: 6250
time trajectory calculation: 33.3502 s
task: 9
worker id: 46065
time create lcl and mol: 0.00356698 s
numbers of trajectories: 6250
time trajectory calculation: 26.0863 s
task: 10
worker id: 68930
time create lcl and mol: 0.00384092 s
numbers of trajectories: 6250
time trajectory calculation: 34.0587 s
task: 11
worker id: 95497
time create lcl and mol: 0.00380611 s
numbers of trajectories: 6250
time trajectory calculation: 27.7995 s
task: 12
worker id: 24285
time create lcl and mol: 0.003654 s
numbers of trajectories: 6250
time trajectory calculation: 19.0097 s
task: 13
worker id: 33559
time create lcl and mol: 0.00344181 s
numbers of trajectories: 6250
time trajectory calculation: 30.2878 s
task: 14
worker id: 52462
time create lcl and mol: 0.00358391 s
numbers of trajectories: 6250
time trajectory calculation: 27.3254 s
task: 15
worker id: 61746
time create lcl and mol: 0.00359392 s
numbers of trajectories: 6250
time trajectory calculation: 44.9175 s
CCS time: 72.4836 s
*********************************************************
average value of CCS = 17104 Ang^2
error value of CCS = 121.358 Ang^2
Total time: 72.5536 s
Program finished...
*********************************************************
INPUT:: Simulation Parameters 
*********************************************************
target filename                  : 6vsb_pH8.xyz
number of probe                  : 10000
number of iterarions             : 10
number of tasks                  : 16
number of threads                : 24
seed number                      : 2104
gas buffer                       : N2
Target Temperature (K)           : 298
timestep (fs)                    : 10
Skin cell size (Ang)             : 0.01
Equipotential                    : no
Cut short-range interaction      : yes
LJ cutoff (Ang)                  : 12
Apply long-range interaction     : yes
Cut long-range interaction       : yes
Coulomb cutoff (Ang)             : 25
Apply induced-dipole interaction : yes
alpha (Ang^3)                    : 1.71
force_type: 6
*********************************************************
Force Field parameters: 
*********************************************************
Symbol  mass (amu)  epislon (kcal/mol)  sigma(Angstroms) 
C   12.011   0.0824736   3.2255
N   14.007   0.0758527   3.5719
H   1.008   0.0362711   1.8986
O   15.999   0.062323   3.075
S   32.06   0.138032   3.4237
P   30.9738   0.145372   3.47
*********************************************************
MOLECULE:: orientation around the inertia principal axis 
*********************************************************
Inertia matrix a.u. Ang^2: 
{  5.96602e+08  -2.76401e+06  2.13405e+06  }
{  -2.76401e+06  5.91979e+08  5.29065e+06  }
{  2.13405e+06  5.29065e+06  3.21168e+08  }
Rotation matrix applied to molecule: 
{  0.905562  -0.424213  -0.00112692  }
{  0.00793947  0.0196042  -0.999776  }
{  0.42414  0.90535  0.0211208  }
Molecule radius: 92.1165 Ang 
orientation time of molecule target: 0.132949 s
target mass: 322081 amu
gas mass: 28.014 amu
reduce mass: 28.014 amu
charge state: -24.0016 e
*********************************************************
Geometric Ellipsoid: 
*********************************************************
maximal distances: 67.6873  68.9213  91.9941  Ang
Initial axis length: 118.795  120.029  143.102  Ang
Ellipsoid axis length: 126.195  127.429  150.502  Ang
ellipsoid calculation time: 0.000326872 s
maximal impact parameter: 150.502 Ang
*********************************************************
Linked-cell: 
Numbers of cells: 12584
Nx: 22 Ny: 22 Nz: 26
Filled cells: 586
Empty cells: 11998
Average atoms per cell: 76.6945
Maximum atoms per cell: 206
Minimum atoms per cell: 1
Simulation box: 
lx: 264.22 Ang
ly: 264.22 Ang
lz: 312.26 Ang
linked-cell calculation time: 0.0155261 s
time info: 0.00145006 s
*********************************************************
Trajectory calculations 
*********************************************************
out target time: 67.9632 s
Ntraj: 10000
Nfree: 2100
Nscatter: 7895
Nlost: 5
omega: 17155.8
Ntraj: 10000
Nfree: 2035
Nscatter: 7957
Nlost: 8
omega: 17550.1
Ntraj: 10000
Nfree: 1925
Nscatter: 8074
Nlost: 1
omega: 17142.7
Ntraj: 10000
Nfree: 2040
Nscatter: 7959
Nlost: 1
omega: 16752.7
Ntraj: 10000
Nfree: 2004
Nscatter: 7995
Nlost: 1
omega: 17016.3
Ntraj: 10000
Nfree: 2022
Nscatter: 7975
Nlost: 3
omega: 17033.6
Ntraj: 10000
Nfree: 2004
Nscatter: 7993
Nlost: 3
omega: 16831.7
Ntraj: 10000
Nfree: 2058
Nscatter: 7937
Nlost: 5
omega: 16600
Ntraj: 10000
Nfree: 2021
Nscatter: 7977
Nlost: 2
omega: 16966.1
Ntraj: 10000
Nfree: 1919
Nscatter: 8077
Nlost: 4
omega: 17990.7
*********************************************************
task: 0
worker id: 94066
time create lcl and mol: 0.00355601 s
numbers of trajectories: 6250
time trajectory calculation: 21.706 s
task: 1
worker id: 93192
time create lcl and mol: 0.003618 s
numbers of trajectories: 6250
time trajectory calculation: 37.8143 s
task: 2
worker id: 94353
time create lcl and mol: 0.00379586 s
numbers of trajectories: 6250
time trajectory calculation: 32.8752 s
task: 3
worker id: 94783
time create lcl and mol: 0.00359297 s
numbers of trajectories: 6250
time trajectory calculation: 27.8304 s
task: 4
worker id: 94353
time create lcl and mol: 0.00365114 s
numbers of trajectories: 6250
time trajectory calculation: 27.1404 s
task: 5
worker id: 94429
time create lcl and mol: 0.00350499 s
numbers of trajectories: 6250
time trajectory calculation: 22.5926 s
task: 6
worker id: 5193
time create lcl and mol: 0.00361109 s
numbers of trajectories: 6250
time trajectory calculation: 27.6721 s
task: 7
worker id: 93896
time create lcl and mol: 0.00357199 s
numbers of trajectories: 6250
time trajectory calculation: 33.6021 s
task: 8
worker id: 94279
time create lcl and mol: 0.00360417 s
numbers of trajectories: 6250
time trajectory calculation: 33.3592 s
task: 9
worker id: 5193
time create lcl and mol: 0.00363207 s
numbers of trajectories: 6250
time trajectory calculation: 25.5986 s
task: 10
worker id: 94429
time create lcl and mol: 0.00365591 s
numbers of trajectories: 6250
time trajectory calculation: 34.1047 s
task: 11
worker id: 94783
time create lcl and mol: 0.00377297 s
numbers of trajectories: 6250
time trajectory calculation: 28.9342 s
task: 12
worker id: 93896
time create lcl and mol: 0.00356698 s
numbers of trajectories: 6250
time trajectory calculation: 19.2932 s
task: 13
worker id: 93192
time create lcl and mol: 0.00369 s
numbers of trajectories: 6250
time trajectory calculation: 30.058 s
task: 14
worker id: 94279
time create lcl and mol: 0.003654 s
numbers of trajectories: 6250
time trajectory calculation: 27.104 s
task: 15
worker id: 94066
time create lcl and mol: 0.00347805 s
numbers of trajectories: 6250
time trajectory calculation: 45.4586 s
CCS time: 67.9734 s
*********************************************************
average value of CCS = 17104 Ang^2
error value of CCS = 121.358 Ang^2
Total time: 68.1274 s
Program finished...
*********************************************************
INPUT:: Simulation Parameters 
*********************************************************
target filename                  : 6vsb_pH8.xyz
number of probe                  : 10000
number of iterarions             : 10
number of tasks                  : 16
number of threads                : 24
seed number                      : 2104
gas buffer                       : N2
Target Temperature (K)           : 298
timestep (fs)                    : 10
Skin cell size (Ang)             : 0.01
Equipotential                    : no
Cut short-range interaction      : yes
LJ cutoff (Ang)                  : 12
Apply long-range interaction     : yes
Cut long-range interaction       : yes
Coulomb cutoff (Ang)             : 25
Apply induced-dipole interaction : yes
alpha (Ang^3)                    : 1.71
force_type: 6
*********************************************************
Force Field parameters: 
*********************************************************
Symbol  mass (amu)  epislon (kcal/mol)  sigma(Angstroms) 
C   12.011   0.0824736   3.2255
N   14.007   0.0758527   3.5719
H   1.008   0.0362711   1.8986
O   15.999   0.062323   3.075
S   32.06   0.138032   3.4237
P   30.9738   0.145372   3.47
*********************************************************
MOLECULE:: orientation around the inertia principal axis 
*********************************************************
Inertia matrix a.u. Ang^2: 
{  5.96602e+08  -2.76401e+06  2.13405e+06  }
{  -2.76401e+06  5.91979e+08  5.29065e+06  }
{  2.13405e+06  5.29065e+06  3.21168e+08  }
Rotation matrix applied to molecule: 
{  0.905562  -0.424213  -0.00112692  }
{  0.00793947  0.0196042  -0.999776  }
{  0.42414  0.90535  0.0211208  }
Molecule radius: 92.1165 Ang 
orientation time of molecule target: 0.075031 s
target mass: 322081 amu
gas mass: 28.014 amu
reduce mass: 28.014 amu
charge state: -24.0016 e
*********************************************************
Geometric Ellipsoid: 
*********************************************************
maximal distances: 67.6873  68.9213  91.9941  Ang
Initial axis length: 118.795  120.029  143.102  Ang
Ellipsoid axis length: 126.195  127.429  150.502  Ang
ellipsoid calculation time: 0.000324965 s
maximal impact parameter: 150.502 Ang
*********************************************************
Linked-cell: 
Numbers of cells: 12584
Nx: 22 Ny: 22 Nz: 26
Filled cells: 586
Empty cells: 11998
Average atoms per cell: 76.6945
Maximum atoms per cell: 206
Minimum atoms per cell: 1
Simulation box: 
lx: 264.22 Ang
ly: 264.22 Ang
lz: 312.26 Ang
linked-cell calculation time: 0.0154321 s
time info: 0.0014751 s
*********************************************************
Trajectory calculations 
*********************************************************
out target time: 77.4657 s
Ntraj: 10000
Nfree: 2100
Nscatter: 7895
Nlost: 5
omega: 17155.8
Ntraj: 10000
Nfree: 2035
Nscatter: 7957
Nlost: 8
omega: 17550.1
Ntraj: 10000
Nfree: 1925
Nscatter: 8074
Nlost: 1
omega: 17142.7
Ntraj: 10000
Nfree: 2040
Nscatter: 7959
Nlost: 1
omega: 16752.7
Ntraj: 10000
Nfree: 2004
Nscatter: 7995
Nlost: 1
omega: 17016.3
Ntraj: 10000
Nfree: 2022
Nscatter: 7975
Nlost: 3
omega: 17033.6
Ntraj: 10000
Nfree: 2004
Nscatter: 7993
Nlost: 3
omega: 16831.7
Ntraj: 10000
Nfree: 2058
Nscatter: 7937
Nlost: 5
omega: 16600
Ntraj: 10000
Nfree: 2021
Nscatter: 7977
Nlost: 2
omega: 16966.1
Ntraj: 10000
Nfree: 1919
Nscatter: 8077
Nlost: 4
omega: 17990.7
*********************************************************
task: 0
worker id: 96365
time create lcl and mol: 0.00364184 s
numbers of trajectories: 6250
time trajectory calculation: 21.4863 s
task: 1
worker id: 7508
time create lcl and mol: 0.00377083 s
numbers of trajectories: 6250
time trajectory calculation: 37.166 s
task: 2
worker id: 95491
time create lcl and mol: 0.00394106 s
numbers of trajectories: 6250
time trajectory calculation: 33.4074 s
task: 3
worker id: 96730
time create lcl and mol: 0.00349092 s
numbers of trajectories: 6250
time trajectory calculation: 28.4015 s
task: 4
worker id: 96654
time create lcl and mol: 0.00371313 s
numbers of trajectories: 6250
time trajectory calculation: 26.9909 s
task: 5
worker id: 96195
time create lcl and mol: 0.00358105 s
numbers of trajectories: 6250
time trajectory calculation: 22.5524 s
task: 6
worker id: 96654
time create lcl and mol: 0.00360394 s
numbers of trajectories: 6250
time trajectory calculation: 28.1304 s
task: 7
worker id: 97086
time create lcl and mol: 0.00376391 s
numbers of trajectories: 6250
time trajectory calculation: 33.306 s
task: 8
worker id: 96580
time create lcl and mol: 0.00354409 s
numbers of trajectories: 6250
time trajectory calculation: 32.6622 s
task: 9
worker id: 97086
time create lcl and mol: 0.00344419 s
numbers of trajectories: 6250
time trajectory calculation: 25.9239 s
task: 10
worker id: 95491
time create lcl and mol: 0.00364017 s
numbers of trajectories: 6250
time trajectory calculation: 33.6735 s
task: 11
worker id: 96195
time create lcl and mol: 0.00363088 s
numbers of trajectories: 6250
time trajectory calculation: 28.9436 s
task: 12
worker id: 96730
time create lcl and mol: 0.0033958 s
numbers of trajectories: 6250
time trajectory calculation: 18.8651 s
task: 13
worker id: 7508
time create lcl and mol: 0.00362992 s
numbers of trajectories: 6250
time trajectory calculation: 30.4247 s
task: 14
worker id: 96365
time create lcl and mol: 0.00362492 s
numbers of trajectories: 6250
time trajectory calculation: 27.9759 s
task: 15
worker id: 96580
time create lcl and mol: 0.00381112 s
numbers of trajectories: 6250
time trajectory calculation: 44.7347 s
CCS time: 77.4762 s
*********************************************************
average value of CCS = 17104 Ang^2
error value of CCS = 121.358 Ang^2
Total time: 77.5721 s
Program finished...
*********************************************************
INPUT:: Simulation Parameters 
*********************************************************
target filename                  : 6vsb_pH8.xyz
number of probe                  : 10000
number of iterarions             : 10
number of tasks                  : 16
number of threads                : 24
seed number                      : 2104
gas buffer                       : N2
Target Temperature (K)           : 298
timestep (fs)                    : 10
Skin cell size (Ang)             : 0.01
Equipotential                    : no
Cut short-range interaction      : yes
LJ cutoff (Ang)                  : 12
Apply long-range interaction     : yes
Cut long-range interaction       : yes
Coulomb cutoff (Ang)             : 25
Apply induced-dipole interaction : yes
alpha (Ang^3)                    : 1.71
force_type: 6
*********************************************************
Force Field parameters: 
*********************************************************
Symbol  mass (amu)  epislon (kcal/mol)  sigma(Angstroms) 
C   12.011   0.0824736   3.2255
N   14.007   0.0758527   3.5719
H   1.008   0.0362711   1.8986
O   15.999   0.062323   3.075
S   32.06   0.138032   3.4237
P   30.9738   0.145372   3.47
*********************************************************
MOLECULE:: orientation around the inertia principal axis 
*********************************************************
Inertia matrix a.u. Ang^2: 
{  5.96602e+08  -2.76401e+06  2.13405e+06  }
{  -2.76401e+06  5.91979e+08  5.29065e+06  }
{  2.13405e+06  5.29065e+06  3.21168e+08  }
Rotation matrix applied to molecule: 
{  0.905562  -0.424213  -0.00112692  }
{  0.00793947  0.0196042  -0.999776  }
{  0.42414  0.90535  0.0211208  }
Molecule radius: 92.1165 Ang 
orientation time of molecule target: 0.0487988 s
target mass: 322081 amu
gas mass: 28.014 amu
reduce mass: 28.014 amu
charge state: -24.0016 e
*********************************************************
Geometric Ellipsoid: 
*********************************************************
maximal distances: 67.6873  68.9213  91.9941  Ang
Initial axis length: 118.795  120.029  143.102  Ang
Ellipsoid axis length: 126.195  127.429  150.502  Ang
ellipsoid calculation time: 0.000324011 s
maximal impact parameter: 150.502 Ang
*********************************************************
Linked-cell: 
Numbers of cells: 12584
Nx: 22 Ny: 22 Nz: 26
Filled cells: 586
Empty cells: 11998
Average atoms per cell: 76.6945
Maximum atoms per cell: 206
Minimum atoms per cell: 1
Simulation box: 
lx: 264.22 Ang
ly: 264.22 Ang
lz: 312.26 Ang
linked-cell calculation time: 0.0155232 s
time info: 0.00145292 s
*********************************************************
Trajectory calculations 
*********************************************************
out target time: 76.7657 s
Ntraj: 10000
Nfree: 2100
Nscatter: 7895
Nlost: 5
omega: 17155.8
Ntraj: 10000
Nfree: 2035
Nscatter: 7957
Nlost: 8
omega: 17550.1
Ntraj: 10000
Nfree: 1925
Nscatter: 8074
Nlost: 1
omega: 17142.7
Ntraj: 10000
Nfree: 2040
Nscatter: 7959
Nlost: 1
omega: 16752.7
Ntraj: 10000
Nfree: 2004
Nscatter: 7995
Nlost: 1
omega: 17016.3
Ntraj: 10000
Nfree: 2022
Nscatter: 7975
Nlost: 3
omega: 17033.6
Ntraj: 10000
Nfree: 2004
Nscatter: 7993
Nlost: 3
omega: 16831.7
Ntraj: 10000
Nfree: 2058
Nscatter: 7937
Nlost: 5
omega: 16600
Ntraj: 10000
Nfree: 2021
Nscatter: 7977
Nlost: 2
omega: 16966.1
Ntraj: 10000
Nfree: 1919
Nscatter: 8077
Nlost: 4
omega: 17990.7
*********************************************************
task: 0
worker id: 10161
time create lcl and mol: 0.00363684 s
numbers of trajectories: 6250
time trajectory calculation: 21.6948 s
task: 1
worker id: 98131
time create lcl and mol: 0.00372696 s
numbers of trajectories: 6250
time trajectory calculation: 37.4401 s
task: 2
worker id: 1130
time create lcl and mol: 0.00363207 s
numbers of trajectories: 6250
time trajectory calculation: 32.9705 s
task: 3
worker id: 98131
time create lcl and mol: 0.003546 s
numbers of trajectories: 6250
time trajectory calculation: 28.3889 s
task: 4
worker id: 1283
time create lcl and mol: 0.00376678 s
numbers of trajectories: 6250
time trajectory calculation: 27.5105 s
task: 5
worker id: 10161
time create lcl and mol: 0.00376606 s
numbers of trajectories: 6250
time trajectory calculation: 22.891 s
task: 6
worker id: 1598
time create lcl and mol: 0.00366902 s
numbers of trajectories: 6250
time trajectory calculation: 28.6097 s
task: 7
worker id: 2028
time create lcl and mol: 0.00361395 s
numbers of trajectories: 6250
time trajectory calculation: 32.6796 s
task: 8
worker id: 1680
time create lcl and mol: 0.0036211 s
numbers of trajectories: 6250
time trajectory calculation: 32.5249 s
task: 9
worker id: 1509
time create lcl and mol: 0.00362396 s
numbers of trajectories: 6250
time trajectory calculation: 25.9539 s
task: 10
worker id: 1283
time create lcl and mol: 0.00335002 s
numbers of trajectories: 6250
time trajectory calculation: 34.3619 s
task: 11
worker id: 1509
time create lcl and mol: 0.00355196 s
numbers of trajectories: 6250
time trajectory calculation: 27.8947 s
task: 12
worker id: 2028
time create lcl and mol: 0.0034852 s
numbers of trajectories: 6250
time trajectory calculation: 19.0219 s
task: 13
worker id: 1598
time create lcl and mol: 0.00366807 s
numbers of trajectories: 6250
time trajectory calculation: 29.5666 s
task: 14
worker id: 1130
time create lcl and mol: 0.00355506 s
numbers of trajectories: 6250
time trajectory calculation: 27.4823 s
task: 15
worker id: 1680
time create lcl and mol: 0.00390291 s
numbers of trajectories: 6250
time trajectory calculation: 44.1544 s
CCS time: 76.776 s
*********************************************************
average value of CCS = 17104 Ang^2
error value of CCS = 121.358 Ang^2
Total time: 76.846 s
Program finished...
*********************************************************
INPUT:: Simulation Parameters 
*********************************************************
target filename                  : 6vsb_pH8.xyz
number of probe                  : 10000
number of iterarions             : 10
number of tasks                  : 16
number of threads                : 24
seed number                      : 2104
gas buffer                       : N2
Target Temperature (K)           : 298
timestep (fs)                    : 10
Skin cell size (Ang)             : 0.01
Equipotential                    : no
Cut short-range interaction      : yes
LJ cutoff (Ang)                  : 12
Apply long-range interaction     : yes
Cut long-range interaction       : yes
Coulomb cutoff (Ang)             : 25
Apply induced-dipole interaction : yes
alpha (Ang^3)                    : 1.71
force_type: 6
*********************************************************
Force Field parameters: 
*********************************************************
Symbol  mass (amu)  epislon (kcal/mol)  sigma(Angstroms) 
C   12.011   0.0824736   3.2255
N   14.007   0.0758527   3.5719
H   1.008   0.0362711   1.8986
O   15.999   0.062323   3.075
S   32.06   0.138032   3.4237
P   30.9738   0.145372   3.47
*********************************************************
MOLECULE:: orientation around the inertia principal axis 
*********************************************************
Inertia matrix a.u. Ang^2: 
{  5.96602e+08  -2.76401e+06  2.13405e+06  }
{  -2.76401e+06  5.91979e+08  5.29065e+06  }
{  2.13405e+06  5.29065e+06  3.21168e+08  }
Rotation matrix applied to molecule: 
{  0.905562  -0.424213  -0.00112692  }
{  0.00793947  0.0196042  -0.999776  }
{  0.42414  0.90535  0.0211208  }
Molecule radius: 92.1165 Ang 
orientation time of molecule target: 0.0490301 s
target mass: 322081 amu
gas mass: 28.014 amu
reduce mass: 28.014 amu
charge state: -24.0016 e
*********************************************************
Geometric Ellipsoid: 
*********************************************************
maximal distances: 67.6873  68.9213  91.9941  Ang
Initial axis length: 118.795  120.029  143.102  Ang
Ellipsoid axis length: 126.195  127.429  150.502  Ang
ellipsoid calculation time: 0.00032711 s
maximal impact parameter: 150.502 Ang
*********************************************************
Linked-cell: 
Numbers of cells: 12584
Nx: 22 Ny: 22 Nz: 26
Filled cells: 586
Empty cells: 11998
Average atoms per cell: 76.6945
Maximum atoms per cell: 206
Minimum atoms per cell: 1
Simulation box: 
lx: 264.22 Ang
ly: 264.22 Ang
lz: 312.26 Ang
linked-cell calculation time: 0.0154021 s
time info: 0.00145006 s
*********************************************************
Trajectory calculations 
*********************************************************
out target time: 78.6106 s
Ntraj: 10000
Nfree: 2100
Nscatter: 7895
Nlost: 5
omega: 17155.8
Ntraj: 10000
Nfree: 2035
Nscatter: 7957
Nlost: 8
omega: 17550.1
Ntraj: 10000
Nfree: 1925
Nscatter: 8074
Nlost: 1
omega: 17142.7
Ntraj: 10000
Nfree: 2040
Nscatter: 7959
Nlost: 1
omega: 16752.7
Ntraj: 10000
Nfree: 2004
Nscatter: 7995
Nlost: 1
omega: 17016.3
Ntraj: 10000
Nfree: 2022
Nscatter: 7975
Nlost: 3
omega: 17033.6
Ntraj: 10000
Nfree: 2004
Nscatter: 7993
Nlost: 3
omega: 16831.7
Ntraj: 10000
Nfree: 2058
Nscatter: 7937
Nlost: 5
omega: 16600
Ntraj: 10000
Nfree: 2021
Nscatter: 7977
Nlost: 2
omega: 16966.1
Ntraj: 10000
Nfree: 1919
Nscatter: 8077
Nlost: 4
omega: 17990.7
*********************************************************
task: 0
worker id: 4094
time create lcl and mol: 0.00349402 s
numbers of trajectories: 6250
time trajectory calculation: 21.4595 s
task: 1
worker id: 3634
time create lcl and mol: 0.00360203 s
numbers of trajectories: 6250
time trajectory calculation: 38.0752 s
task: 2
worker id: 2917
time create lcl and mol: 0.00367308 s
numbers of trajectories: 6250
time trajectory calculation: 33.5058 s
task: 3
worker id: 12497
time create lcl and mol: 0.0040009 s
numbers of trajectories: 6250
time trajectory calculation: 28.4683 s
task: 4
worker id: 3799
time create lcl and mol: 0.00374579 s
numbers of trajectories: 6250
time trajectory calculation: 26.9395 s
task: 5
worker id: 4169
time create lcl and mol: 0.00350499 s
numbers of trajectories: 6250
time trajectory calculation: 22.6122 s
task: 6
worker id: 4518
time create lcl and mol: 0.00369811 s
numbers of trajectories: 6250
time trajectory calculation: 28.4676 s
task: 7
worker id: 4014
time create lcl and mol: 0.00356913 s
numbers of trajectories: 6250
time trajectory calculation: 33.1207 s
task: 8
worker id: 4518
time create lcl and mol: 0.00357604 s
numbers of trajectories: 6250
time trajectory calculation: 32.6838 s
task: 9
worker id: 3634
time create lcl and mol: 0.00346303 s
numbers of trajectories: 6250
time trajectory calculation: 25.7924 s
task: 10
worker id: 12497
time create lcl and mol: 0.00371599 s
numbers of trajectories: 6250
time trajectory calculation: 33.9827 s
task: 11
worker id: 4094
time create lcl and mol: 0.00365496 s
numbers of trajectories: 6250
time trajectory calculation: 28.1217 s
task: 12
worker id: 2917
time create lcl and mol: 0.00355315 s
numbers of trajectories: 6250
time trajectory calculation: 19.2368 s
task: 13
worker id: 3799
time create lcl and mol: 0.00356793 s
numbers of trajectories: 6250
time trajectory calculation: 30.0994 s
task: 14
worker id: 4169
time create lcl and mol: 0.00358701 s
numbers of trajectories: 6250
time trajectory calculation: 27.4305 s
task: 15
worker id: 4014
time create lcl and mol: 0.00358009 s
numbers of trajectories: 6250
time trajectory calculation: 45.3706 s
CCS time: 78.621 s
*********************************************************
average value of CCS = 17104 Ang^2
error value of CCS = 121.358 Ang^2
Total time: 78.6911 s
Program finished...
*********************************************************
INPUT:: Simulation Parameters 
*********************************************************
target filename                  : 6vsb_pH8.xyz
number of probe                  : 10000
number of iterarions             : 10
number of tasks                  : 16
number of threads                : 24
seed number                      : 2104
gas buffer                       : N2
Target Temperature (K)           : 298
timestep (fs)                    : 10
Skin cell size (Ang)             : 0.01
Equipotential                    : no
Cut short-range interaction      : yes
LJ cutoff (Ang)                  : 12
Apply long-range interaction     : yes
Cut long-range interaction       : yes
Coulomb cutoff (Ang)             : 25
Apply induced-dipole interaction : yes
alpha (Ang^3)                    : 1.71
force_type: 6
*********************************************************
Force Field parameters: 
*********************************************************
Symbol  mass (amu)  epislon (kcal/mol)  sigma(Angstroms) 
C   12.011   0.0824736   3.2255
N   14.007   0.0758527   3.5719
H   1.008   0.0362711   1.8986
O   15.999   0.062323   3.075
S   32.06   0.138032   3.4237
P   30.9738   0.145372   3.47
*********************************************************
MOLECULE:: orientation around the inertia principal axis 
*********************************************************
Inertia matrix a.u. Ang^2: 
{  5.96602e+08  -2.76401e+06  2.13405e+06  }
{  -2.76401e+06  5.91979e+08  5.29065e+06  }
{  2.13405e+06  5.29065e+06  3.21168e+08  }
Rotation matrix applied to molecule: 
{  0.905562  -0.424213  -0.00112692  }
{  0.00793947  0.0196042  -0.999776  }
{  0.42414  0.90535  0.0211208  }
Molecule radius: 92.1165 Ang 
orientation time of molecule target: 0.0492129 s
target mass: 322081 amu
gas mass: 28.014 amu
reduce mass: 28.014 amu
charge state: -24.0016 e
*********************************************************
Geometric Ellipsoid: 
*********************************************************
maximal distances: 67.6873  68.9213  91.9941  Ang
Initial axis length: 118.795  120.029  143.102  Ang
Ellipsoid axis length: 126.195  127.429  150.502  Ang
ellipsoid calculation time: 0.000334024 s
maximal impact parameter: 150.502 Ang
*********************************************************
Linked-cell: 
Numbers of cells: 12584
Nx: 22 Ny: 22 Nz: 26
Filled cells: 586
Empty cells: 11998
Average atoms per cell: 76.6945
Maximum atoms per cell: 206
Minimum atoms per cell: 1
Simulation box: 
lx: 264.22 Ang
ly: 264.22 Ang
lz: 312.26 Ang
linked-cell calculation time: 0.0154672 s
time info: 0.00144601 s
*********************************************************
Trajectory calculations 
*********************************************************
out target time: 66.7303 s
Ntraj: 10000
Nfree: 2100
Nscatter: 7895
Nlost: 5
omega: 17155.8
Ntraj: 10000
Nfree: 2035
Nscatter: 7957
Nlost: 8
omega: 17550.1
Ntraj: 10000
Nfree: 1925
Nscatter: 8074
Nlost: 1
omega: 17142.7
Ntraj: 10000
Nfree: 2040
Nscatter: 7959
Nlost: 1
omega: 16752.7
Ntraj: 10000
Nfree: 2004
Nscatter: 7995
Nlost: 1
omega: 17016.3
Ntraj: 10000
Nfree: 2022
Nscatter: 7975
Nlost: 3
omega: 17033.6
Ntraj: 10000
Nfree: 2004
Nscatter: 7993
Nlost: 3
omega: 16831.7
Ntraj: 10000
Nfree: 2058
Nscatter: 7937
Nlost: 5
omega: 16600
Ntraj: 10000
Nfree: 2021
Nscatter: 7977
Nlost: 2
omega: 16966.1
Ntraj: 10000
Nfree: 1919
Nscatter: 8077
Nlost: 4
omega: 17990.7
*********************************************************
task: 0
worker id: 5562
time create lcl and mol: 0.00361896 s
numbers of trajectories: 6250
time trajectory calculation: 21.6913 s
task: 1
worker id: 6804
time create lcl and mol: 0.00375414 s
numbers of trajectories: 6250
time trajectory calculation: 37.1569 s
task: 2
worker id: 15150
time create lcl and mol: 0.00373292 s
numbers of trajectories: 6250
time trajectory calculation: 33.307 s
task: 3
worker id: 6433
time create lcl and mol: 0.00359702 s
numbers of trajectories: 6250
time trajectory calculation: 28.3847 s
task: 4
worker id: 6271
time create lcl and mol: 0.00376201 s
numbers of trajectories: 6250
time trajectory calculation: 27.1864 s
task: 5
worker id: 6433
time create lcl and mol: 0.00360417 s
numbers of trajectories: 6250
time trajectory calculation: 22.4717 s
task: 6
worker id: 15150
time create lcl and mol: 0.00374293 s
numbers of trajectories: 6250
time trajectory calculation: 28.3172 s
task: 7
worker id: 6724
time create lcl and mol: 0.00374484 s
numbers of trajectories: 6250
time trajectory calculation: 33.0728 s
task: 8
worker id: 6271
time create lcl and mol: 0.0036099 s
numbers of trajectories: 6250
time trajectory calculation: 32.6128 s
task: 9
worker id: 6645
time create lcl and mol: 0.003618 s
numbers of trajectories: 6250
time trajectory calculation: 26.1333 s
task: 10
worker id: 7151
time create lcl and mol: 0.00383401 s
numbers of trajectories: 6250
time trajectory calculation: 33.5227 s
task: 11
worker id: 7151
time create lcl and mol: 0.00356507 s
numbers of trajectories: 6250
time trajectory calculation: 28.7962 s
task: 12
worker id: 6645
time create lcl and mol: 0.00376415 s
numbers of trajectories: 6250
time trajectory calculation: 19.1435 s
task: 13
worker id: 6724
time create lcl and mol: 0.00370789 s
numbers of trajectories: 6250
time trajectory calculation: 30.3631 s
task: 14
worker id: 6804
time create lcl and mol: 0.00353909 s
numbers of trajectories: 6250
time trajectory calculation: 26.9697 s
task: 15
worker id: 5562
time create lcl and mol: 0.0034349 s
numbers of trajectories: 6250
time trajectory calculation: 44.9736 s
CCS time: 66.7407 s
*********************************************************
average value of CCS = 17104 Ang^2
error value of CCS = 121.358 Ang^2
Total time: 66.8112 s
Program finished...
