*********************************************************
INPUT:: Simulation Parameters 
*********************************************************
target filename                  : 08_1dpx_carga_5_min.xyz
number of probe                  : 10000
number of iterarions             : 10
number of tasks                  : 18
number of threads                : 24
seed number                      : 2104
gas buffer                       : N2
Target Temperature (K)           : 298
timestep (fs)                    : 10
Skin cell size (Ang)             : 0.01
Equipotential                    : no
Cut short-range interaction      : yes
LJ cutoff (Ang)                  : 12
Apply long-range interaction     : yes
Cut long-range interaction       : yes
Coulomb cutoff (Ang)             : 25
Apply induced-dipole interaction : yes
alpha (Ang^3)                    : 1.71
force_type: 6
*********************************************************
Force Field parameters: 
*********************************************************
Symbol  mass (amu)  epislon (kcal/mol)  sigma(Angstroms) 
C   12.011   0.0824736   3.2255
N   14.007   0.0758527   3.5719
H   1.008   0.0362711   1.8986
O   15.999   0.062323   3.075
S   32.06   0.138032   3.4237
P   30.9738   0.145372   3.47
*********************************************************
MOLECULE:: orientation around the inertia principal axis 
*********************************************************
Inertia matrix a.u. Ang^2: 
{  1.81376e+06  216858  -460409  }
{  216858  1.99685e+06  201330  }
{  -460409  201330  1.70119e+06  }
Rotation matrix applied to molecule: 
{  0.77414  0.205254  -0.598814  }
{  -0.630013  0.341843  -0.6973  }
{  0.0615763  0.917068  0.393947  }
Molecule radius: 27.4871 Ang 
orientation time of molecule target: 0.0298669 s
target mass: 14310.2 amu
gas mass: 28.014 amu
reduce mass: 28.014 amu
charge state: 4.9988 e
*********************************************************
Geometric Ellipsoid: 
*********************************************************
maximal distances: 14.0491  17.3929  25.4208  Ang
Initial axis length: 65.1567  68.5005  76.5284  Ang
Ellipsoid axis length: 69.0967  72.4405  80.4684  Ang
ellipsoid calculation time: 4.3869e-05 s
maximal impact parameter: 80.4684 Ang
*********************************************************
Linked-cell: 
Numbers of cells: 2184
Nx: 12 Ny: 13 Nz: 14
Filled cells: 36
Empty cells: 2148
Average atoms per cell: 54.3611
Maximum atoms per cell: 184
Minimum atoms per cell: 1
Simulation box: 
lx: 144.12 Ang
ly: 156.13 Ang
lz: 168.14 Ang
linked-cell calculation time: 0.00229716 s
time info: 0.000103951 s
*********************************************************
Trajectory calculations 
*********************************************************
out target time: 11.5216 s
Ntraj: 10000
Nfree: 1634
Nscatter: 8366
Nlost: 0
omega: 1761.3
Ntraj: 10000
Nfree: 1550
Nscatter: 8447
Nlost: 3
omega: 1768.52
Ntraj: 10000
Nfree: 1473
Nscatter: 8523
Nlost: 4
omega: 1674.84
Ntraj: 10000
Nfree: 1567
Nscatter: 8433
Nlost: 0
omega: 1675.38
Ntraj: 10000
Nfree: 1539
Nscatter: 8460
Nlost: 1
omega: 1719.86
Ntraj: 10000
Nfree: 1546
Nscatter: 8454
Nlost: 0
omega: 1794.69
Ntraj: 10000
Nfree: 1555
Nscatter: 8441
Nlost: 4
omega: 1733.16
Ntraj: 10000
Nfree: 1564
Nscatter: 8435
Nlost: 1
omega: 1637.98
Ntraj: 10000
Nfree: 1562
Nscatter: 8437
Nlost: 1
omega: 1706.41
Ntraj: 10000
Nfree: 1471
Nscatter: 8528
Nlost: 1
omega: 1761.8
*********************************************************
task: 0
worker id: 1819
time create lcl and mol: 0.000535965 s
numbers of trajectories: 5556
time trajectory calculation: 3.00406 s
task: 1
worker id: 35828
time create lcl and mol: 0.000481129 s
numbers of trajectories: 5556
time trajectory calculation: 4.14289 s
task: 2
worker id: 83730
time create lcl and mol: 0.000591993 s
numbers of trajectories: 5556
time trajectory calculation: 5.98549 s
task: 3
worker id: 61936
time create lcl and mol: 0.000542164 s
numbers of trajectories: 5556
time trajectory calculation: 6.41619 s
task: 4
worker id: 72553
time create lcl and mol: 0.000527859 s
numbers of trajectories: 5556
time trajectory calculation: 5.97858 s
task: 5
worker id: 9041
time create lcl and mol: 0.000527143 s
numbers of trajectories: 5556
time trajectory calculation: 3.78745 s
task: 6
worker id: 90178
time create lcl and mol: 0.000552893 s
numbers of trajectories: 5556
time trajectory calculation: 3.3008 s
task: 7
worker id: 72553
time create lcl and mol: 0.00051403 s
numbers of trajectories: 5556
time trajectory calculation: 4.90068 s
task: 8
worker id: 38774
time create lcl and mol: 0.000524998 s
numbers of trajectories: 5556
time trajectory calculation: 2.76034 s
task: 9
worker id: 1819
time create lcl and mol: 0.000571012 s
numbers of trajectories: 5556
time trajectory calculation: 4.59277 s
task: 10
worker id: 83730
time create lcl and mol: 0.000668049 s
numbers of trajectories: 5555
time trajectory calculation: 5.46336 s
task: 11
worker id: 35828
time create lcl and mol: 0.000553131 s
numbers of trajectories: 5555
time trajectory calculation: 5.25238 s
task: 12
worker id: 61936
time create lcl and mol: 0.00077796 s
numbers of trajectories: 5555
time trajectory calculation: 4.77867 s
task: 13
worker id: 9041
time create lcl and mol: 0.00060606 s
numbers of trajectories: 5555
time trajectory calculation: 4.24133 s
task: 14
worker id: 38774
time create lcl and mol: 0.000560045 s
numbers of trajectories: 5555
time trajectory calculation: 2.3382 s
task: 15
worker id: 38774
time create lcl and mol: 0.000560999 s
numbers of trajectories: 5555
time trajectory calculation: 5.63579 s
task: 16
worker id: 90178
time create lcl and mol: 0.00052309 s
numbers of trajectories: 5555
time trajectory calculation: 4.93127 s
task: 17
worker id: 1819
time create lcl and mol: 0.000604153 s
numbers of trajectories: 5555
time trajectory calculation: 2.437 s
CCS time: 11.5317 s
*********************************************************
average value of CCS = 1723.4 Ang^2
error value of CCS = 14.9621 Ang^2
Total time: 11.5694 s
Program finished...
[1695275225.802924] [sdumont6079:72553:0]       tag_match.c:62   UCX  WARN  unexpected tag-receive descriptor 0x5654d173bc00 was not matched
[1695275225.806089] [sdumont6069:88401:0]       tag_match.c:62   UCX  WARN  unexpected tag-receive descriptor 0x2b3888012840 was not matched
[1695275225.805361] [sdumont6084:61936:0]       tag_match.c:62   UCX  WARN  unexpected tag-receive descriptor 0x55c52d167c00 was not matched
[1695275225.803782] [sdumont6200:9041 :0]       tag_match.c:62   UCX  WARN  unexpected tag-receive descriptor 0x555e194faac0 was not matched
*********************************************************
INPUT:: Simulation Parameters 
*********************************************************
target filename                  : 08_1dpx_carga_5_min.xyz
number of probe                  : 10000
number of iterarions             : 10
number of tasks                  : 18
number of threads                : 24
seed number                      : 2104
gas buffer                       : N2
Target Temperature (K)           : 298
timestep (fs)                    : 10
Skin cell size (Ang)             : 0.01
Equipotential                    : no
Cut short-range interaction      : yes
LJ cutoff (Ang)                  : 12
Apply long-range interaction     : yes
Cut long-range interaction       : yes
Coulomb cutoff (Ang)             : 25
Apply induced-dipole interaction : yes
alpha (Ang^3)                    : 1.71
force_type: 6
*********************************************************
Force Field parameters: 
*********************************************************
Symbol  mass (amu)  epislon (kcal/mol)  sigma(Angstroms) 
C   12.011   0.0824736   3.2255
N   14.007   0.0758527   3.5719
H   1.008   0.0362711   1.8986
O   15.999   0.062323   3.075
S   32.06   0.138032   3.4237
P   30.9738   0.145372   3.47
*********************************************************
MOLECULE:: orientation around the inertia principal axis 
*********************************************************
Inertia matrix a.u. Ang^2: 
{  1.81376e+06  216858  -460409  }
{  216858  1.99685e+06  201330  }
{  -460409  201330  1.70119e+06  }
Rotation matrix applied to molecule: 
{  0.77414  0.205254  -0.598814  }
{  -0.630013  0.341843  -0.6973  }
{  0.0615763  0.917068  0.393947  }
Molecule radius: 27.4871 Ang 
orientation time of molecule target: 0.00267601 s
target mass: 14310.2 amu
gas mass: 28.014 amu
reduce mass: 28.014 amu
charge state: 4.9988 e
*********************************************************
Geometric Ellipsoid: 
*********************************************************
maximal distances: 14.0491  17.3929  25.4208  Ang
Initial axis length: 65.1567  68.5005  76.5284  Ang
Ellipsoid axis length: 69.0967  72.4405  80.4684  Ang
ellipsoid calculation time: 4.91142e-05 s
maximal impact parameter: 80.4684 Ang
*********************************************************
Linked-cell: 
Numbers of cells: 2184
Nx: 12 Ny: 13 Nz: 14
Filled cells: 36
Empty cells: 2148
Average atoms per cell: 54.3611
Maximum atoms per cell: 184
Minimum atoms per cell: 1
Simulation box: 
lx: 144.12 Ang
ly: 156.13 Ang
lz: 168.14 Ang
linked-cell calculation time: 0.00235701 s
time info: 0.00010705 s
*********************************************************
Trajectory calculations 
*********************************************************
out target time: 11.5624 s
Ntraj: 10000
Nfree: 1634
Nscatter: 8366
Nlost: 0
omega: 1761.3
Ntraj: 10000
Nfree: 1550
Nscatter: 8447
Nlost: 3
omega: 1768.52
Ntraj: 10000
Nfree: 1473
Nscatter: 8523
Nlost: 4
omega: 1674.84
Ntraj: 10000
Nfree: 1567
Nscatter: 8433
Nlost: 0
omega: 1675.38
Ntraj: 10000
Nfree: 1539
Nscatter: 8460
Nlost: 1
omega: 1719.86
Ntraj: 10000
Nfree: 1546
Nscatter: 8454
Nlost: 0
omega: 1794.69
Ntraj: 10000
Nfree: 1555
Nscatter: 8441
Nlost: 4
omega: 1733.16
Ntraj: 10000
Nfree: 1564
Nscatter: 8435
Nlost: 1
omega: 1637.98
Ntraj: 10000
Nfree: 1562
Nscatter: 8437
Nlost: 1
omega: 1706.41
Ntraj: 10000
Nfree: 1471
Nscatter: 8528
Nlost: 1
omega: 1761.8
*********************************************************
task: 0
worker id: 39191
time create lcl and mol: 0.000538826 s
numbers of trajectories: 5556
time trajectory calculation: 3.05441 s
task: 1
worker id: 90594
time create lcl and mol: 0.000511885 s
numbers of trajectories: 5556
time trajectory calculation: 4.14217 s
task: 2
worker id: 2268
time create lcl and mol: 0.000524998 s
numbers of trajectories: 5556
time trajectory calculation: 5.82682 s
task: 3
worker id: 62357
time create lcl and mol: 0.00051713 s
numbers of trajectories: 5556
time trajectory calculation: 6.41581 s
task: 4
worker id: 72986
time create lcl and mol: 0.0007658 s
numbers of trajectories: 5556
time trajectory calculation: 5.86266 s
task: 5
worker id: 36247
time create lcl and mol: 0.000535965 s
numbers of trajectories: 5556
time trajectory calculation: 3.56318 s
task: 6
worker id: 9458
time create lcl and mol: 0.00050807 s
numbers of trajectories: 5556
time trajectory calculation: 3.37466 s
task: 7
worker id: 84146
time create lcl and mol: 0.000465155 s
numbers of trajectories: 5556
time trajectory calculation: 5.02424 s
task: 8
worker id: 90594
time create lcl and mol: 0.000500917 s
numbers of trajectories: 5556
time trajectory calculation: 2.80405 s
task: 9
worker id: 72986
time create lcl and mol: 0.000562191 s
numbers of trajectories: 5556
time trajectory calculation: 4.37867 s
task: 10
worker id: 36247
time create lcl and mol: 0.000558853 s
numbers of trajectories: 5555
time trajectory calculation: 5.56068 s
task: 11
worker id: 9458
time create lcl and mol: 0.000520945 s
numbers of trajectories: 5555
time trajectory calculation: 5.11481 s
task: 12
worker id: 62357
time create lcl and mol: 0.000522852 s
numbers of trajectories: 5555
time trajectory calculation: 4.77446 s
task: 13
worker id: 2268
time create lcl and mol: 0.00058198 s
numbers of trajectories: 5555
time trajectory calculation: 4.04894 s
task: 14
worker id: 36247
time create lcl and mol: 0.000809908 s
numbers of trajectories: 5555
time trajectory calculation: 2.36244 s
task: 15
worker id: 39191
time create lcl and mol: 0.000534058 s
numbers of trajectories: 5555
time trajectory calculation: 5.61294 s
task: 16
worker id: 84146
time create lcl and mol: 0.000530005 s
numbers of trajectories: 5555
time trajectory calculation: 4.89343 s
task: 17
worker id: 9458
time create lcl and mol: 0.000571012 s
numbers of trajectories: 5555
time trajectory calculation: 2.32613 s
CCS time: 11.5726 s
*********************************************************
average value of CCS = 1723.4 Ang^2
error value of CCS = 14.9621 Ang^2
Total time: 11.5828 s
Program finished...
[1695275238.361445] [sdumont6249:39191:0]       tag_match.c:62   UCX  WARN  unexpected tag-receive descriptor 0x556441f6cec0 was not matched
*********************************************************
INPUT:: Simulation Parameters 
*********************************************************
target filename                  : 08_1dpx_carga_5_min.xyz
number of probe                  : 10000
number of iterarions             : 10
number of tasks                  : 18
number of threads                : 24
seed number                      : 2104
gas buffer                       : N2
Target Temperature (K)           : 298
timestep (fs)                    : 10
Skin cell size (Ang)             : 0.01
Equipotential                    : no
Cut short-range interaction      : yes
LJ cutoff (Ang)                  : 12
Apply long-range interaction     : yes
Cut long-range interaction       : yes
Coulomb cutoff (Ang)             : 25
Apply induced-dipole interaction : yes
alpha (Ang^3)                    : 1.71
force_type: 6
*********************************************************
Force Field parameters: 
*********************************************************
Symbol  mass (amu)  epislon (kcal/mol)  sigma(Angstroms) 
C   12.011   0.0824736   3.2255
N   14.007   0.0758527   3.5719
H   1.008   0.0362711   1.8986
O   15.999   0.062323   3.075
S   32.06   0.138032   3.4237
P   30.9738   0.145372   3.47
*********************************************************
MOLECULE:: orientation around the inertia principal axis 
*********************************************************
Inertia matrix a.u. Ang^2: 
{  1.81376e+06  216858  -460409  }
{  216858  1.99685e+06  201330  }
{  -460409  201330  1.70119e+06  }
Rotation matrix applied to molecule: 
{  0.77414  0.205254  -0.598814  }
{  -0.630013  0.341843  -0.6973  }
{  0.0615763  0.917068  0.393947  }
Molecule radius: 27.4871 Ang 
orientation time of molecule target: 0.00259399 s
target mass: 14310.2 amu
gas mass: 28.014 amu
reduce mass: 28.014 amu
charge state: 4.9988 e
*********************************************************
Geometric Ellipsoid: 
*********************************************************
maximal distances: 14.0491  17.3929  25.4208  Ang
Initial axis length: 65.1567  68.5005  76.5284  Ang
Ellipsoid axis length: 69.0967  72.4405  80.4684  Ang
ellipsoid calculation time: 5.00679e-05 s
maximal impact parameter: 80.4684 Ang
*********************************************************
Linked-cell: 
Numbers of cells: 2184
Nx: 12 Ny: 13 Nz: 14
Filled cells: 36
Empty cells: 2148
Average atoms per cell: 54.3611
Maximum atoms per cell: 184
Minimum atoms per cell: 1
Simulation box: 
lx: 144.12 Ang
ly: 156.13 Ang
lz: 168.14 Ang
linked-cell calculation time: 0.00229287 s
time info: 0.000103951 s
*********************************************************
Trajectory calculations 
*********************************************************
out target time: 11.6212 s
Ntraj: 10000
Nfree: 1634
Nscatter: 8366
Nlost: 0
omega: 1761.3
Ntraj: 10000
Nfree: 1550
Nscatter: 8447
Nlost: 3
omega: 1768.52
Ntraj: 10000
Nfree: 1473
Nscatter: 8523
Nlost: 4
omega: 1674.84
Ntraj: 10000
Nfree: 1567
Nscatter: 8433
Nlost: 0
omega: 1675.38
Ntraj: 10000
Nfree: 1539
Nscatter: 8460
Nlost: 1
omega: 1719.86
Ntraj: 10000
Nfree: 1546
Nscatter: 8454
Nlost: 0
omega: 1794.69
Ntraj: 10000
Nfree: 1555
Nscatter: 8441
Nlost: 4
omega: 1733.16
Ntraj: 10000
Nfree: 1564
Nscatter: 8435
Nlost: 1
omega: 1637.98
Ntraj: 10000
Nfree: 1562
Nscatter: 8437
Nlost: 1
omega: 1706.41
Ntraj: 10000
Nfree: 1471
Nscatter: 8528
Nlost: 1
omega: 1761.8
*********************************************************
task: 0
worker id: 9859
time create lcl and mol: 0.00049901 s
numbers of trajectories: 5556
time trajectory calculation: 3.02012 s
task: 1
worker id: 2790
time create lcl and mol: 0.000522852 s
numbers of trajectories: 5556
time trajectory calculation: 4.01796 s
task: 2
worker id: 84550
time create lcl and mol: 0.000509024 s
numbers of trajectories: 5556
time trajectory calculation: 6.03353 s
task: 3
worker id: 73403
time create lcl and mol: 0.000533104 s
numbers of trajectories: 5556
time trajectory calculation: 6.57921 s
task: 4
worker id: 39593
time create lcl and mol: 0.000485897 s
numbers of trajectories: 5556
time trajectory calculation: 6.11234 s
task: 5
worker id: 90996
time create lcl and mol: 0.000494957 s
numbers of trajectories: 5556
time trajectory calculation: 3.59285 s
task: 6
worker id: 9859
time create lcl and mol: 0.00052619 s
numbers of trajectories: 5556
time trajectory calculation: 3.40438 s
task: 7
worker id: 36649
time create lcl and mol: 0.000512838 s
numbers of trajectories: 5556
time trajectory calculation: 4.98155 s
task: 8
worker id: 62759
time create lcl and mol: 0.000524044 s
numbers of trajectories: 5556
time trajectory calculation: 2.78806 s
task: 9
worker id: 9859
time create lcl and mol: 0.000494003 s
numbers of trajectories: 5556
time trajectory calculation: 4.56921 s
task: 10
worker id: 84550
time create lcl and mol: 0.000559092 s
numbers of trajectories: 5555
time trajectory calculation: 5.52777 s
task: 11
worker id: 90996
time create lcl and mol: 0.000546932 s
numbers of trajectories: 5555
time trajectory calculation: 5.24696 s
task: 12
worker id: 36649
time create lcl and mol: 0.000550032 s
numbers of trajectories: 5555
time trajectory calculation: 4.91306 s
task: 13
worker id: 73403
time create lcl and mol: 0.000539064 s
numbers of trajectories: 5555
time trajectory calculation: 4.15887 s
task: 14
worker id: 62759
time create lcl and mol: 0.000526905 s
numbers of trajectories: 5555
time trajectory calculation: 2.43765 s
task: 15
worker id: 2790
time create lcl and mol: 0.000576019 s
numbers of trajectories: 5555
time trajectory calculation: 5.52795 s
task: 16
worker id: 62759
time create lcl and mol: 0.000521898 s
numbers of trajectories: 5555
time trajectory calculation: 4.60667 s
task: 17
worker id: 39593
time create lcl and mol: 0.000594854 s
numbers of trajectories: 5555
time trajectory calculation: 2.47113 s
CCS time: 11.6312 s
*********************************************************
average value of CCS = 1723.4 Ang^2
error value of CCS = 14.9621 Ang^2
Total time: 11.6413 s
Program finished...
*********************************************************
INPUT:: Simulation Parameters 
*********************************************************
target filename                  : 08_1dpx_carga_5_min.xyz
number of probe                  : 10000
number of iterarions             : 10
number of tasks                  : 18
number of threads                : 24
seed number                      : 2104
gas buffer                       : N2
Target Temperature (K)           : 298
timestep (fs)                    : 10
Skin cell size (Ang)             : 0.01
Equipotential                    : no
Cut short-range interaction      : yes
LJ cutoff (Ang)                  : 12
Apply long-range interaction     : yes
Cut long-range interaction       : yes
Coulomb cutoff (Ang)             : 25
Apply induced-dipole interaction : yes
alpha (Ang^3)                    : 1.71
force_type: 6
*********************************************************
Force Field parameters: 
*********************************************************
Symbol  mass (amu)  epislon (kcal/mol)  sigma(Angstroms) 
C   12.011   0.0824736   3.2255
N   14.007   0.0758527   3.5719
H   1.008   0.0362711   1.8986
O   15.999   0.062323   3.075
S   32.06   0.138032   3.4237
P   30.9738   0.145372   3.47
*********************************************************
MOLECULE:: orientation around the inertia principal axis 
*********************************************************
Inertia matrix a.u. Ang^2: 
{  1.81376e+06  216858  -460409  }
{  216858  1.99685e+06  201330  }
{  -460409  201330  1.70119e+06  }
Rotation matrix applied to molecule: 
{  0.77414  0.205254  -0.598814  }
{  -0.630013  0.341843  -0.6973  }
{  0.0615763  0.917068  0.393947  }
Molecule radius: 27.4871 Ang 
orientation time of molecule target: 0.00271082 s
target mass: 14310.2 amu
gas mass: 28.014 amu
reduce mass: 28.014 amu
charge state: 4.9988 e
*********************************************************
Geometric Ellipsoid: 
*********************************************************
maximal distances: 14.0491  17.3929  25.4208  Ang
Initial axis length: 65.1567  68.5005  76.5284  Ang
Ellipsoid axis length: 69.0967  72.4405  80.4684  Ang
ellipsoid calculation time: 4.41074e-05 s
maximal impact parameter: 80.4684 Ang
*********************************************************
Linked-cell: 
Numbers of cells: 2184
Nx: 12 Ny: 13 Nz: 14
Filled cells: 36
Empty cells: 2148
Average atoms per cell: 54.3611
Maximum atoms per cell: 184
Minimum atoms per cell: 1
Simulation box: 
lx: 144.12 Ang
ly: 156.13 Ang
lz: 168.14 Ang
linked-cell calculation time: 0.00236392 s
time info: 0.000103951 s
*********************************************************
Trajectory calculations 
*********************************************************
out target time: 12.032 s
Ntraj: 10000
Nfree: 1634
Nscatter: 8366
Nlost: 0
omega: 1761.3
Ntraj: 10000
Nfree: 1550
Nscatter: 8447
Nlost: 3
omega: 1768.52
Ntraj: 10000
Nfree: 1473
Nscatter: 8523
Nlost: 4
omega: 1674.84
Ntraj: 10000
Nfree: 1567
Nscatter: 8433
Nlost: 0
omega: 1675.38
Ntraj: 10000
Nfree: 1539
Nscatter: 8460
Nlost: 1
omega: 1719.86
Ntraj: 10000
Nfree: 1546
Nscatter: 8454
Nlost: 0
omega: 1794.69
Ntraj: 10000
Nfree: 1555
Nscatter: 8441
Nlost: 4
omega: 1733.16
Ntraj: 10000
Nfree: 1564
Nscatter: 8435
Nlost: 1
omega: 1637.98
Ntraj: 10000
Nfree: 1562
Nscatter: 8437
Nlost: 1
omega: 1706.41
Ntraj: 10000
Nfree: 1471
Nscatter: 8528
Nlost: 1
omega: 1761.8
*********************************************************
task: 0
worker id: 74127
time create lcl and mol: 0.00071907 s
numbers of trajectories: 5556
time trajectory calculation: 3.00676 s
task: 1
worker id: 3494
time create lcl and mol: 0.000494957 s
numbers of trajectories: 5556
time trajectory calculation: 4.03219 s
task: 2
worker id: 85252
time create lcl and mol: 0.000499964 s
numbers of trajectories: 5556
time trajectory calculation: 5.93019 s
task: 3
worker id: 10557
time create lcl and mol: 0.000553131 s
numbers of trajectories: 5556
time trajectory calculation: 6.29375 s
task: 4
worker id: 40286
time create lcl and mol: 0.000550985 s
numbers of trajectories: 5556
time trajectory calculation: 6.09352 s
task: 5
worker id: 63454
time create lcl and mol: 0.000516176 s
numbers of trajectories: 5556
time trajectory calculation: 3.66157 s
task: 6
worker id: 37341
time create lcl and mol: 0.000554085 s
numbers of trajectories: 5556
time trajectory calculation: 3.25969 s
task: 7
worker id: 91691
time create lcl and mol: 0.000524998 s
numbers of trajectories: 5556
time trajectory calculation: 4.99684 s
task: 8
worker id: 40286
time create lcl and mol: 0.000529051 s
numbers of trajectories: 5556
time trajectory calculation: 2.68069 s
task: 9
worker id: 63454
time create lcl and mol: 0.000528097 s
numbers of trajectories: 5556
time trajectory calculation: 4.45951 s
task: 10
worker id: 3494
time create lcl and mol: 0.000555038 s
numbers of trajectories: 5555
time trajectory calculation: 5.60861 s
task: 11
worker id: 10557
time create lcl and mol: 0.000559092 s
numbers of trajectories: 5555
time trajectory calculation: 5.23272 s
task: 12
worker id: 74127
time create lcl and mol: 0.000537157 s
numbers of trajectories: 5555
time trajectory calculation: 4.88849 s
task: 13
worker id: 85252
time create lcl and mol: 0.000507832 s
numbers of trajectories: 5555
time trajectory calculation: 3.95079 s
task: 14
worker id: 3494
time create lcl and mol: 0.000513077 s
numbers of trajectories: 5555
time trajectory calculation: 2.29912 s
task: 15
worker id: 91691
time create lcl and mol: 0.000692129 s
numbers of trajectories: 5555
time trajectory calculation: 5.35158 s
task: 16
worker id: 37341
time create lcl and mol: 0.000566959 s
numbers of trajectories: 5555
time trajectory calculation: 5.09768 s
task: 17
worker id: 74127
time create lcl and mol: 0.000497103 s
numbers of trajectories: 5555
time trajectory calculation: 2.46271 s
CCS time: 12.0425 s
*********************************************************
average value of CCS = 1723.4 Ang^2
error value of CCS = 14.9621 Ang^2
Total time: 12.0527 s
Program finished...
*********************************************************
INPUT:: Simulation Parameters 
*********************************************************
target filename                  : 08_1dpx_carga_5_min.xyz
number of probe                  : 10000
number of iterarions             : 10
number of tasks                  : 18
number of threads                : 24
seed number                      : 2104
gas buffer                       : N2
Target Temperature (K)           : 298
timestep (fs)                    : 10
Skin cell size (Ang)             : 0.01
Equipotential                    : no
Cut short-range interaction      : yes
LJ cutoff (Ang)                  : 12
Apply long-range interaction     : yes
Cut long-range interaction       : yes
Coulomb cutoff (Ang)             : 25
Apply induced-dipole interaction : yes
alpha (Ang^3)                    : 1.71
force_type: 6
*********************************************************
Force Field parameters: 
*********************************************************
Symbol  mass (amu)  epislon (kcal/mol)  sigma(Angstroms) 
C   12.011   0.0824736   3.2255
N   14.007   0.0758527   3.5719
H   1.008   0.0362711   1.8986
O   15.999   0.062323   3.075
S   32.06   0.138032   3.4237
P   30.9738   0.145372   3.47
*********************************************************
MOLECULE:: orientation around the inertia principal axis 
*********************************************************
Inertia matrix a.u. Ang^2: 
{  1.81376e+06  216858  -460409  }
{  216858  1.99685e+06  201330  }
{  -460409  201330  1.70119e+06  }
Rotation matrix applied to molecule: 
{  0.77414  0.205254  -0.598814  }
{  -0.630013  0.341843  -0.6973  }
{  0.0615763  0.917068  0.393947  }
Molecule radius: 27.4871 Ang 
orientation time of molecule target: 0.00268793 s
target mass: 14310.2 amu
gas mass: 28.014 amu
reduce mass: 28.014 amu
charge state: 4.9988 e
*********************************************************
Geometric Ellipsoid: 
*********************************************************
maximal distances: 14.0491  17.3929  25.4208  Ang
Initial axis length: 65.1567  68.5005  76.5284  Ang
Ellipsoid axis length: 69.0967  72.4405  80.4684  Ang
ellipsoid calculation time: 4.88758e-05 s
maximal impact parameter: 80.4684 Ang
*********************************************************
Linked-cell: 
Numbers of cells: 2184
Nx: 12 Ny: 13 Nz: 14
Filled cells: 36
Empty cells: 2148
Average atoms per cell: 54.3611
Maximum atoms per cell: 184
Minimum atoms per cell: 1
Simulation box: 
lx: 144.12 Ang
ly: 156.13 Ang
lz: 168.14 Ang
linked-cell calculation time: 0.00229812 s
time info: 0.000100136 s
*********************************************************
Trajectory calculations 
*********************************************************
out target time: 12.8654 s
Ntraj: 10000
Nfree: 1634
Nscatter: 8366
Nlost: 0
omega: 1761.3
Ntraj: 10000
Nfree: 1550
Nscatter: 8447
Nlost: 3
omega: 1768.52
Ntraj: 10000
Nfree: 1473
Nscatter: 8523
Nlost: 4
omega: 1674.84
Ntraj: 10000
Nfree: 1567
Nscatter: 8433
Nlost: 0
omega: 1675.38
Ntraj: 10000
Nfree: 1539
Nscatter: 8460
Nlost: 1
omega: 1719.86
Ntraj: 10000
Nfree: 1546
Nscatter: 8454
Nlost: 0
omega: 1794.69
Ntraj: 10000
Nfree: 1555
Nscatter: 8441
Nlost: 4
omega: 1733.16
Ntraj: 10000
Nfree: 1564
Nscatter: 8435
Nlost: 1
omega: 1637.98
Ntraj: 10000
Nfree: 1562
Nscatter: 8437
Nlost: 1
omega: 1706.41
Ntraj: 10000
Nfree: 1471
Nscatter: 8528
Nlost: 1
omega: 1761.8
*********************************************************
task: 0
worker id: 85664
time create lcl and mol: 0.000613928 s
numbers of trajectories: 5556
time trajectory calculation: 2.99029 s
task: 1
worker id: 40697
time create lcl and mol: 0.000494957 s
numbers of trajectories: 5556
time trajectory calculation: 4.1712 s
task: 2
worker id: 37754
time create lcl and mol: 0.000524998 s
numbers of trajectories: 5556
time trajectory calculation: 5.92647 s
task: 3
worker id: 3912
time create lcl and mol: 0.000536919 s
numbers of trajectories: 5556
time trajectory calculation: 6.49298 s
task: 4
worker id: 63878
time create lcl and mol: 0.000522852 s
numbers of trajectories: 5556
time trajectory calculation: 5.95375 s
task: 5
worker id: 74542
time create lcl and mol: 0.000484943 s
numbers of trajectories: 5556
time trajectory calculation: 3.67535 s
task: 6
worker id: 92109
time create lcl and mol: 0.000529051 s
numbers of trajectories: 5556
time trajectory calculation: 3.35788 s
task: 7
worker id: 10970
time create lcl and mol: 0.000524044 s
numbers of trajectories: 5556
time trajectory calculation: 4.72593 s
task: 8
worker id: 63878
time create lcl and mol: 0.000497818 s
numbers of trajectories: 5556
time trajectory calculation: 2.80857 s
task: 9
worker id: 37754
time create lcl and mol: 0.000516891 s
numbers of trajectories: 5556
time trajectory calculation: 4.32145 s
task: 10
worker id: 92109
time create lcl and mol: 0.000673056 s
numbers of trajectories: 5555
time trajectory calculation: 5.37382 s
task: 11
worker id: 85664
time create lcl and mol: 0.000557899 s
numbers of trajectories: 5555
time trajectory calculation: 5.18736 s
task: 12
worker id: 40697
time create lcl and mol: 0.000483036 s
numbers of trajectories: 5555
time trajectory calculation: 4.93939 s
task: 13
worker id: 3912
time create lcl and mol: 0.000550985 s
numbers of trajectories: 5555
time trajectory calculation: 4.05307 s
task: 14
worker id: 85664
time create lcl and mol: 0.000498056 s
numbers of trajectories: 5555
time trajectory calculation: 2.4469 s
task: 15
worker id: 10970
time create lcl and mol: 0.000565052 s
numbers of trajectories: 5555
time trajectory calculation: 5.62201 s
task: 16
worker id: 74542
time create lcl and mol: 0.000516891 s
numbers of trajectories: 5555
time trajectory calculation: 4.79475 s
task: 17
worker id: 10970
time create lcl and mol: 0.000535011 s
numbers of trajectories: 5555
time trajectory calculation: 2.44734 s
CCS time: 12.8755 s
*********************************************************
average value of CCS = 1723.4 Ang^2
error value of CCS = 14.9621 Ang^2
Total time: 12.8857 s
Program finished...
*********************************************************
INPUT:: Simulation Parameters 
*********************************************************
target filename                  : 08_1dpx_carga_5_min.xyz
number of probe                  : 10000
number of iterarions             : 10
number of tasks                  : 18
number of threads                : 24
seed number                      : 2104
gas buffer                       : N2
Target Temperature (K)           : 298
timestep (fs)                    : 10
Skin cell size (Ang)             : 0.01
Equipotential                    : no
Cut short-range interaction      : yes
LJ cutoff (Ang)                  : 12
Apply long-range interaction     : yes
Cut long-range interaction       : yes
Coulomb cutoff (Ang)             : 25
Apply induced-dipole interaction : yes
alpha (Ang^3)                    : 1.71
force_type: 6
*********************************************************
Force Field parameters: 
*********************************************************
Symbol  mass (amu)  epislon (kcal/mol)  sigma(Angstroms) 
C   12.011   0.0824736   3.2255
N   14.007   0.0758527   3.5719
H   1.008   0.0362711   1.8986
O   15.999   0.062323   3.075
S   32.06   0.138032   3.4237
P   30.9738   0.145372   3.47
*********************************************************
MOLECULE:: orientation around the inertia principal axis 
*********************************************************
Inertia matrix a.u. Ang^2: 
{  1.81376e+06  216858  -460409  }
{  216858  1.99685e+06  201330  }
{  -460409  201330  1.70119e+06  }
Rotation matrix applied to molecule: 
{  0.77414  0.205254  -0.598814  }
{  -0.630013  0.341843  -0.6973  }
{  0.0615763  0.917068  0.393947  }
Molecule radius: 27.4871 Ang 
orientation time of molecule target: 0.0430069 s
target mass: 14310.2 amu
gas mass: 28.014 amu
reduce mass: 28.014 amu
charge state: 4.9988 e
*********************************************************
Geometric Ellipsoid: 
*********************************************************
maximal distances: 14.0491  17.3929  25.4208  Ang
Initial axis length: 65.1567  68.5005  76.5284  Ang
Ellipsoid axis length: 69.0967  72.4405  80.4684  Ang
ellipsoid calculation time: 4.31538e-05 s
maximal impact parameter: 80.4684 Ang
*********************************************************
Linked-cell: 
Numbers of cells: 2184
Nx: 12 Ny: 13 Nz: 14
Filled cells: 36
Empty cells: 2148
Average atoms per cell: 54.3611
Maximum atoms per cell: 184
Minimum atoms per cell: 1
Simulation box: 
lx: 144.12 Ang
ly: 156.13 Ang
lz: 168.14 Ang
linked-cell calculation time: 0.00230312 s
time info: 0.000102997 s
*********************************************************
Trajectory calculations 
*********************************************************
out target time: 11.9436 s
Ntraj: 10000
Nfree: 1634
Nscatter: 8366
Nlost: 0
omega: 1761.3
Ntraj: 10000
Nfree: 1550
Nscatter: 8447
Nlost: 3
omega: 1768.52
Ntraj: 10000
Nfree: 1473
Nscatter: 8523
Nlost: 4
omega: 1674.84
Ntraj: 10000
Nfree: 1567
Nscatter: 8433
Nlost: 0
omega: 1675.38
Ntraj: 10000
Nfree: 1539
Nscatter: 8460
Nlost: 1
omega: 1719.86
Ntraj: 10000
Nfree: 1546
Nscatter: 8454
Nlost: 0
omega: 1794.69
Ntraj: 10000
Nfree: 1555
Nscatter: 8441
Nlost: 4
omega: 1733.16
Ntraj: 10000
Nfree: 1564
Nscatter: 8435
Nlost: 1
omega: 1637.98
Ntraj: 10000
Nfree: 1562
Nscatter: 8437
Nlost: 1
omega: 1706.41
Ntraj: 10000
Nfree: 1471
Nscatter: 8528
Nlost: 1
omega: 1761.8
*********************************************************
task: 0
worker id: 40017
time create lcl and mol: 0.000516891 s
numbers of trajectories: 5556
time trajectory calculation: 3.02239 s
task: 1
worker id: 41002
time create lcl and mol: 0.000529051 s
numbers of trajectories: 5556
time trajectory calculation: 4.03869 s
task: 2
worker id: 50039
time create lcl and mol: 0.00049901 s
numbers of trajectories: 5556
time trajectory calculation: 5.73936 s
task: 3
worker id: 40702
time create lcl and mol: 0.000533104 s
numbers of trajectories: 5556
time trajectory calculation: 6.41827 s
task: 4
worker id: 39303
time create lcl and mol: 0.000530958 s
numbers of trajectories: 5556
time trajectory calculation: 5.99196 s
task: 5
worker id: 40289
time create lcl and mol: 0.000531912 s
numbers of trajectories: 5556
time trajectory calculation: 3.5546 s
task: 6
worker id: 40581
time create lcl and mol: 0.000528097 s
numbers of trajectories: 5556
time trajectory calculation: 3.35123 s
task: 7
worker id: 40385
time create lcl and mol: 0.000513077 s
numbers of trajectories: 5556
time trajectory calculation: 4.94033 s
task: 8
worker id: 41002
time create lcl and mol: 0.000546932 s
numbers of trajectories: 5556
time trajectory calculation: 2.71352 s
task: 9
worker id: 40385
time create lcl and mol: 0.000535011 s
numbers of trajectories: 5556
time trajectory calculation: 4.54285 s
task: 10
worker id: 40017
time create lcl and mol: 0.000522852 s
numbers of trajectories: 5555
time trajectory calculation: 5.52076 s
task: 11
worker id: 40289
time create lcl and mol: 0.000529051 s
numbers of trajectories: 5555
time trajectory calculation: 5.25357 s
task: 12
worker id: 40581
time create lcl and mol: 0.000514984 s
numbers of trajectories: 5555
time trajectory calculation: 5.0162 s
task: 13
worker id: 39303
time create lcl and mol: 0.000571012 s
numbers of trajectories: 5555
time trajectory calculation: 4.04865 s
task: 14
worker id: 50039
time create lcl and mol: 0.000518799 s
numbers of trajectories: 5555
time trajectory calculation: 2.49193 s
task: 15
worker id: 40702
time create lcl and mol: 0.000554085 s
numbers of trajectories: 5555
time trajectory calculation: 5.4701 s
task: 16
worker id: 41002
time create lcl and mol: 0.000545025 s
numbers of trajectories: 5555
time trajectory calculation: 4.76542 s
task: 17
worker id: 40581
time create lcl and mol: 0.000546932 s
numbers of trajectories: 5555
time trajectory calculation: 2.4608 s
CCS time: 11.9537 s
*********************************************************
average value of CCS = 1723.4 Ang^2
error value of CCS = 14.9621 Ang^2
Total time: 12.0043 s
Program finished...
*********************************************************
INPUT:: Simulation Parameters 
*********************************************************
target filename                  : 08_1dpx_carga_5_min.xyz
number of probe                  : 10000
number of iterarions             : 10
number of tasks                  : 18
number of threads                : 24
seed number                      : 2104
gas buffer                       : N2
Target Temperature (K)           : 298
timestep (fs)                    : 10
Skin cell size (Ang)             : 0.01
Equipotential                    : no
Cut short-range interaction      : yes
LJ cutoff (Ang)                  : 12
Apply long-range interaction     : yes
Cut long-range interaction       : yes
Coulomb cutoff (Ang)             : 25
Apply induced-dipole interaction : yes
alpha (Ang^3)                    : 1.71
force_type: 6
*********************************************************
Force Field parameters: 
*********************************************************
Symbol  mass (amu)  epislon (kcal/mol)  sigma(Angstroms) 
C   12.011   0.0824736   3.2255
N   14.007   0.0758527   3.5719
H   1.008   0.0362711   1.8986
O   15.999   0.062323   3.075
S   32.06   0.138032   3.4237
P   30.9738   0.145372   3.47
*********************************************************
MOLECULE:: orientation around the inertia principal axis 
*********************************************************
Inertia matrix a.u. Ang^2: 
{  1.81376e+06  216858  -460409  }
{  216858  1.99685e+06  201330  }
{  -460409  201330  1.70119e+06  }
Rotation matrix applied to molecule: 
{  0.77414  0.205254  -0.598814  }
{  -0.630013  0.341843  -0.6973  }
{  0.0615763  0.917068  0.393947  }
Molecule radius: 27.4871 Ang 
orientation time of molecule target: 0.00252986 s
target mass: 14310.2 amu
gas mass: 28.014 amu
reduce mass: 28.014 amu
charge state: 4.9988 e
*********************************************************
Geometric Ellipsoid: 
*********************************************************
maximal distances: 14.0491  17.3929  25.4208  Ang
Initial axis length: 65.1567  68.5005  76.5284  Ang
Ellipsoid axis length: 69.0967  72.4405  80.4684  Ang
ellipsoid calculation time: 5.00679e-05 s
maximal impact parameter: 80.4684 Ang
*********************************************************
Linked-cell: 
Numbers of cells: 2184
Nx: 12 Ny: 13 Nz: 14
Filled cells: 36
Empty cells: 2148
Average atoms per cell: 54.3611
Maximum atoms per cell: 184
Minimum atoms per cell: 1
Simulation box: 
lx: 144.12 Ang
ly: 156.13 Ang
lz: 168.14 Ang
linked-cell calculation time: 0.00226784 s
time info: 0.00010705 s
*********************************************************
Trajectory calculations 
*********************************************************
out target time: 12.488 s
Ntraj: 10000
Nfree: 1634
Nscatter: 8366
Nlost: 0
omega: 1761.3
Ntraj: 10000
Nfree: 1550
Nscatter: 8447
Nlost: 3
omega: 1768.52
Ntraj: 10000
Nfree: 1473
Nscatter: 8523
Nlost: 4
omega: 1674.84
Ntraj: 10000
Nfree: 1567
Nscatter: 8433
Nlost: 0
omega: 1675.38
Ntraj: 10000
Nfree: 1539
Nscatter: 8460
Nlost: 1
omega: 1719.86
Ntraj: 10000
Nfree: 1546
Nscatter: 8454
Nlost: 0
omega: 1794.69
Ntraj: 10000
Nfree: 1555
Nscatter: 8441
Nlost: 4
omega: 1733.16
Ntraj: 10000
Nfree: 1564
Nscatter: 8435
Nlost: 1
omega: 1637.98
Ntraj: 10000
Nfree: 1562
Nscatter: 8437
Nlost: 1
omega: 1706.41
Ntraj: 10000
Nfree: 1471
Nscatter: 8528
Nlost: 1
omega: 1761.8
*********************************************************
task: 0
worker id: 41103
time create lcl and mol: 0.000760078 s
numbers of trajectories: 5556
time trajectory calculation: 3.02336 s
task: 1
worker id: 40985
time create lcl and mol: 0.000544071 s
numbers of trajectories: 5556
time trajectory calculation: 4.10351 s
task: 2
worker id: 41407
time create lcl and mol: 0.000522137 s
numbers of trajectories: 5556
time trajectory calculation: 5.6629 s
task: 3
worker id: 40694
time create lcl and mol: 0.000494003 s
numbers of trajectories: 5556
time trajectory calculation: 6.50748 s
task: 4
worker id: 50460
time create lcl and mol: 0.00048995 s
numbers of trajectories: 5556
time trajectory calculation: 5.88761 s
task: 5
worker id: 39705
time create lcl and mol: 0.000556946 s
numbers of trajectories: 5556
time trajectory calculation: 3.63662 s
task: 6
worker id: 40421
time create lcl and mol: 0.000518084 s
numbers of trajectories: 5556
time trajectory calculation: 3.3374 s
task: 7
worker id: 40789
time create lcl and mol: 0.000522852 s
numbers of trajectories: 5556
time trajectory calculation: 4.76081 s
task: 8
worker id: 41407
time create lcl and mol: 0.000537872 s
numbers of trajectories: 5556
time trajectory calculation: 2.65265 s
task: 9
worker id: 50460
time create lcl and mol: 0.000511885 s
numbers of trajectories: 5556
time trajectory calculation: 4.30489 s
task: 10
worker id: 40985
time create lcl and mol: 0.00050807 s
numbers of trajectories: 5555
time trajectory calculation: 5.55659 s
task: 11
worker id: 41103
time create lcl and mol: 0.000510931 s
numbers of trajectories: 5555
time trajectory calculation: 5.25031 s
task: 12
worker id: 40789
time create lcl and mol: 0.000542879 s
numbers of trajectories: 5555
time trajectory calculation: 4.90568 s
task: 13
worker id: 41103
time create lcl and mol: 0.000522852 s
numbers of trajectories: 5555
time trajectory calculation: 4.13271 s
task: 14
worker id: 40421
time create lcl and mol: 0.000528097 s
numbers of trajectories: 5555
time trajectory calculation: 2.43221 s
task: 15
worker id: 39705
time create lcl and mol: 0.000539064 s
numbers of trajectories: 5555
time trajectory calculation: 5.72393 s
task: 16
worker id: 40694
time create lcl and mol: 0.000538826 s
numbers of trajectories: 5555
time trajectory calculation: 4.65296 s
task: 17
worker id: 40421
time create lcl and mol: 0.000491858 s
numbers of trajectories: 5555
time trajectory calculation: 2.46454 s
CCS time: 12.498 s
*********************************************************
average value of CCS = 1723.4 Ang^2
error value of CCS = 14.9621 Ang^2
Total time: 12.5078 s
Program finished...
*********************************************************
INPUT:: Simulation Parameters 
*********************************************************
target filename                  : 08_1dpx_carga_5_min.xyz
number of probe                  : 10000
number of iterarions             : 10
number of tasks                  : 18
number of threads                : 24
seed number                      : 2104
gas buffer                       : N2
Target Temperature (K)           : 298
timestep (fs)                    : 10
Skin cell size (Ang)             : 0.01
Equipotential                    : no
Cut short-range interaction      : yes
LJ cutoff (Ang)                  : 12
Apply long-range interaction     : yes
Cut long-range interaction       : yes
Coulomb cutoff (Ang)             : 25
Apply induced-dipole interaction : yes
alpha (Ang^3)                    : 1.71
force_type: 6
*********************************************************
Force Field parameters: 
*********************************************************
Symbol  mass (amu)  epislon (kcal/mol)  sigma(Angstroms) 
C   12.011   0.0824736   3.2255
N   14.007   0.0758527   3.5719
H   1.008   0.0362711   1.8986
O   15.999   0.062323   3.075
S   32.06   0.138032   3.4237
P   30.9738   0.145372   3.47
*********************************************************
MOLECULE:: orientation around the inertia principal axis 
*********************************************************
Inertia matrix a.u. Ang^2: 
{  1.81376e+06  216858  -460409  }
{  216858  1.99685e+06  201330  }
{  -460409  201330  1.70119e+06  }
Rotation matrix applied to molecule: 
{  0.77414  0.205254  -0.598814  }
{  -0.630013  0.341843  -0.6973  }
{  0.0615763  0.917068  0.393947  }
Molecule radius: 27.4871 Ang 
orientation time of molecule target: 0.00254893 s
target mass: 14310.2 amu
gas mass: 28.014 amu
reduce mass: 28.014 amu
charge state: 4.9988 e
*********************************************************
Geometric Ellipsoid: 
*********************************************************
maximal distances: 14.0491  17.3929  25.4208  Ang
Initial axis length: 65.1567  68.5005  76.5284  Ang
Ellipsoid axis length: 69.0967  72.4405  80.4684  Ang
ellipsoid calculation time: 4.91142e-05 s
maximal impact parameter: 80.4684 Ang
*********************************************************
Linked-cell: 
Numbers of cells: 2184
Nx: 12 Ny: 13 Nz: 14
Filled cells: 36
Empty cells: 2148
Average atoms per cell: 54.3611
Maximum atoms per cell: 184
Minimum atoms per cell: 1
Simulation box: 
lx: 144.12 Ang
ly: 156.13 Ang
lz: 168.14 Ang
linked-cell calculation time: 0.00243711 s
time info: 0.000102997 s
*********************************************************
Trajectory calculations 
*********************************************************
out target time: 13.6732 s
Ntraj: 10000
Nfree: 1634
Nscatter: 8366
Nlost: 0
omega: 1761.3
Ntraj: 10000
Nfree: 1550
Nscatter: 8447
Nlost: 3
omega: 1768.52
Ntraj: 10000
Nfree: 1473
Nscatter: 8523
Nlost: 4
omega: 1674.84
Ntraj: 10000
Nfree: 1567
Nscatter: 8433
Nlost: 0
omega: 1675.38
Ntraj: 10000
Nfree: 1539
Nscatter: 8460
Nlost: 1
omega: 1719.86
Ntraj: 10000
Nfree: 1546
Nscatter: 8454
Nlost: 0
omega: 1794.69
Ntraj: 10000
Nfree: 1555
Nscatter: 8441
Nlost: 4
omega: 1733.16
Ntraj: 10000
Nfree: 1564
Nscatter: 8435
Nlost: 1
omega: 1637.98
Ntraj: 10000
Nfree: 1562
Nscatter: 8437
Nlost: 1
omega: 1706.41
Ntraj: 10000
Nfree: 1471
Nscatter: 8528
Nlost: 1
omega: 1761.8
*********************************************************
task: 0
worker id: 40125
time create lcl and mol: 0.000746012 s
numbers of trajectories: 5556
time trajectory calculation: 3.00418 s
task: 1
worker id: 41406
time create lcl and mol: 0.000524044 s
numbers of trajectories: 5556
time trajectory calculation: 4.17867 s
task: 2
worker id: 41519
time create lcl and mol: 0.000478029 s
numbers of trajectories: 5556
time trajectory calculation: 5.69332 s
task: 3
worker id: 50895
time create lcl and mol: 0.000506163 s
numbers of trajectories: 5556
time trajectory calculation: 6.33449 s
task: 4
worker id: 41406
time create lcl and mol: 0.00051713 s
numbers of trajectories: 5556
time trajectory calculation: 6.12745 s
task: 5
worker id: 40839
time create lcl and mol: 0.000504971 s
numbers of trajectories: 5556
time trajectory calculation: 3.65174 s
task: 6
worker id: 41828
time create lcl and mol: 0.000539064 s
numbers of trajectories: 5556
time trajectory calculation: 3.2772 s
task: 7
worker id: 41206
time create lcl and mol: 0.000627041 s
numbers of trajectories: 5556
time trajectory calculation: 4.80457 s
task: 8
worker id: 41115
time create lcl and mol: 0.000550985 s
numbers of trajectories: 5556
time trajectory calculation: 2.66902 s
task: 9
worker id: 41206
time create lcl and mol: 0.000515938 s
numbers of trajectories: 5556
time trajectory calculation: 4.50459 s
task: 10
worker id: 41519
time create lcl and mol: 0.000826836 s
numbers of trajectories: 5555
time trajectory calculation: 5.45662 s
task: 11
worker id: 41828
time create lcl and mol: 0.000496864 s
numbers of trajectories: 5555
time trajectory calculation: 5.2122 s
task: 12
worker id: 40839
time create lcl and mol: 0.000481844 s
numbers of trajectories: 5555
time trajectory calculation: 4.9377 s
task: 13
worker id: 40125
time create lcl and mol: 0.000498056 s
numbers of trajectories: 5555
time trajectory calculation: 4.05282 s
task: 14
worker id: 50895
time create lcl and mol: 0.000542879 s
numbers of trajectories: 5555
time trajectory calculation: 2.30672 s
task: 15
worker id: 41115
time create lcl and mol: 0.000518084 s
numbers of trajectories: 5555
time trajectory calculation: 5.58524 s
task: 16
worker id: 40125
time create lcl and mol: 0.000468969 s
numbers of trajectories: 5555
time trajectory calculation: 4.71741 s
task: 17
worker id: 41519
time create lcl and mol: 0.000511885 s
numbers of trajectories: 5555
time trajectory calculation: 2.45371 s
CCS time: 13.6837 s
*********************************************************
average value of CCS = 1723.4 Ang^2
error value of CCS = 14.9621 Ang^2
Total time: 13.6934 s
Program finished...
[1695397464.085049] [sdumont6226:40125:0]       tag_match.c:62   UCX  WARN  unexpected tag-receive descriptor 0x5575f3557c00 was not matched
[1695397464.098358] [sdumont6229:41828:0]       tag_match.c:62   UCX  WARN  unexpected tag-receive descriptor 0x5616b318dc40 was not matched
[1695397464.114210] [sdumont6228:40839:0]       tag_match.c:62   UCX  WARN  unexpected tag-receive descriptor 0x55c0ace19c00 was not matched
*********************************************************
INPUT:: Simulation Parameters 
*********************************************************
target filename                  : 08_1dpx_carga_5_min.xyz
number of probe                  : 10000
number of iterarions             : 10
number of tasks                  : 18
number of threads                : 24
seed number                      : 2104
gas buffer                       : N2
Target Temperature (K)           : 298
timestep (fs)                    : 10
Skin cell size (Ang)             : 0.01
Equipotential                    : no
Cut short-range interaction      : yes
LJ cutoff (Ang)                  : 12
Apply long-range interaction     : yes
Cut long-range interaction       : yes
Coulomb cutoff (Ang)             : 25
Apply induced-dipole interaction : yes
alpha (Ang^3)                    : 1.71
force_type: 6
*********************************************************
Force Field parameters: 
*********************************************************
Symbol  mass (amu)  epislon (kcal/mol)  sigma(Angstroms) 
C   12.011   0.0824736   3.2255
N   14.007   0.0758527   3.5719
H   1.008   0.0362711   1.8986
O   15.999   0.062323   3.075
S   32.06   0.138032   3.4237
P   30.9738   0.145372   3.47
*********************************************************
MOLECULE:: orientation around the inertia principal axis 
*********************************************************
Inertia matrix a.u. Ang^2: 
{  1.81376e+06  216858  -460409  }
{  216858  1.99685e+06  201330  }
{  -460409  201330  1.70119e+06  }
Rotation matrix applied to molecule: 
{  0.77414  0.205254  -0.598814  }
{  -0.630013  0.341843  -0.6973  }
{  0.0615763  0.917068  0.393947  }
Molecule radius: 27.4871 Ang 
orientation time of molecule target: 0.00267291 s
target mass: 14310.2 amu
gas mass: 28.014 amu
reduce mass: 28.014 amu
charge state: 4.9988 e
*********************************************************
Geometric Ellipsoid: 
*********************************************************
maximal distances: 14.0491  17.3929  25.4208  Ang
Initial axis length: 65.1567  68.5005  76.5284  Ang
Ellipsoid axis length: 69.0967  72.4405  80.4684  Ang
ellipsoid calculation time: 4.79221e-05 s
maximal impact parameter: 80.4684 Ang
*********************************************************
Linked-cell: 
Numbers of cells: 2184
Nx: 12 Ny: 13 Nz: 14
Filled cells: 36
Empty cells: 2148
Average atoms per cell: 54.3611
Maximum atoms per cell: 184
Minimum atoms per cell: 1
Simulation box: 
lx: 144.12 Ang
ly: 156.13 Ang
lz: 168.14 Ang
linked-cell calculation time: 0.00226092 s
time info: 0.000103951 s
*********************************************************
Trajectory calculations 
*********************************************************
out target time: 11.6882 s
Ntraj: 10000
Nfree: 1634
Nscatter: 8366
Nlost: 0
omega: 1761.3
Ntraj: 10000
Nfree: 1550
Nscatter: 8447
Nlost: 3
omega: 1768.52
Ntraj: 10000
Nfree: 1473
Nscatter: 8523
Nlost: 4
omega: 1674.84
Ntraj: 10000
Nfree: 1567
Nscatter: 8433
Nlost: 0
omega: 1675.38
Ntraj: 10000
Nfree: 1539
Nscatter: 8460
Nlost: 1
omega: 1719.86
Ntraj: 10000
Nfree: 1546
Nscatter: 8454
Nlost: 0
omega: 1794.69
Ntraj: 10000
Nfree: 1555
Nscatter: 8441
Nlost: 4
omega: 1733.16
Ntraj: 10000
Nfree: 1564
Nscatter: 8435
Nlost: 1
omega: 1637.98
Ntraj: 10000
Nfree: 1562
Nscatter: 8437
Nlost: 1
omega: 1706.41
Ntraj: 10000
Nfree: 1471
Nscatter: 8528
Nlost: 1
omega: 1761.8
*********************************************************
task: 0
worker id: 41577
time create lcl and mol: 0.000530005 s
numbers of trajectories: 5556
time trajectory calculation: 3.02521 s
task: 1
worker id: 51644
time create lcl and mol: 0.000482082 s
numbers of trajectories: 5556
time trajectory calculation: 4.02874 s
task: 2
worker id: 42257
time create lcl and mol: 0.000485897 s
numbers of trajectories: 5556
time trajectory calculation: 5.95091 s
task: 3
worker id: 40861
time create lcl and mol: 0.000527143 s
numbers of trajectories: 5556
time trajectory calculation: 6.44488 s
task: 4
worker id: 41850
time create lcl and mol: 0.000740051 s
numbers of trajectories: 5556
time trajectory calculation: 6.164 s
task: 5
worker id: 42145
time create lcl and mol: 0.000461102 s
numbers of trajectories: 5556
time trajectory calculation: 3.47763 s
task: 6
worker id: 42564
time create lcl and mol: 0.000661135 s
numbers of trajectories: 5556
time trajectory calculation: 3.38566 s
task: 7
worker id: 41942
time create lcl and mol: 0.000627995 s
numbers of trajectories: 5556
time trajectory calculation: 4.81839 s
task: 8
worker id: 51644
time create lcl and mol: 0.000531912 s
numbers of trajectories: 5556
time trajectory calculation: 2.83125 s
task: 9
worker id: 41850
time create lcl and mol: 0.000537157 s
numbers of trajectories: 5556
time trajectory calculation: 4.61145 s
task: 10
worker id: 42564
time create lcl and mol: 0.000559807 s
numbers of trajectories: 5555
time trajectory calculation: 5.51549 s
task: 11
worker id: 41942
time create lcl and mol: 0.000538826 s
numbers of trajectories: 5555
time trajectory calculation: 5.15346 s
task: 12
worker id: 42257
time create lcl and mol: 0.000554085 s
numbers of trajectories: 5555
time trajectory calculation: 4.72972 s
task: 13
worker id: 41577
time create lcl and mol: 0.000527859 s
numbers of trajectories: 5555
time trajectory calculation: 4.14496 s
task: 14
worker id: 40861
time create lcl and mol: 0.000546932 s
numbers of trajectories: 5555
time trajectory calculation: 2.42997 s
task: 15
worker id: 42145
time create lcl and mol: 0.000538826 s
numbers of trajectories: 5555
time trajectory calculation: 5.47864 s
task: 16
worker id: 51644
time create lcl and mol: 0.000523806 s
numbers of trajectories: 5555
time trajectory calculation: 4.75573 s
task: 17
worker id: 41577
time create lcl and mol: 0.00050807 s
numbers of trajectories: 5555
time trajectory calculation: 2.47008 s
CCS time: 11.6982 s
*********************************************************
average value of CCS = 1723.4 Ang^2
error value of CCS = 14.9621 Ang^2
Total time: 11.7088 s
Program finished...
*********************************************************
INPUT:: Simulation Parameters 
*********************************************************
target filename                  : 08_1dpx_carga_5_min.xyz
number of probe                  : 10000
number of iterarions             : 10
number of tasks                  : 18
number of threads                : 24
seed number                      : 2104
gas buffer                       : N2
Target Temperature (K)           : 298
timestep (fs)                    : 10
Skin cell size (Ang)             : 0.01
Equipotential                    : no
Cut short-range interaction      : yes
LJ cutoff (Ang)                  : 12
Apply long-range interaction     : yes
Cut long-range interaction       : yes
Coulomb cutoff (Ang)             : 25
Apply induced-dipole interaction : yes
alpha (Ang^3)                    : 1.71
force_type: 6
*********************************************************
Force Field parameters: 
*********************************************************
Symbol  mass (amu)  epislon (kcal/mol)  sigma(Angstroms) 
C   12.011   0.0824736   3.2255
N   14.007   0.0758527   3.5719
H   1.008   0.0362711   1.8986
O   15.999   0.062323   3.075
S   32.06   0.138032   3.4237
P   30.9738   0.145372   3.47
*********************************************************
MOLECULE:: orientation around the inertia principal axis 
*********************************************************
Inertia matrix a.u. Ang^2: 
{  1.81376e+06  216858  -460409  }
{  216858  1.99685e+06  201330  }
{  -460409  201330  1.70119e+06  }
Rotation matrix applied to molecule: 
{  0.77414  0.205254  -0.598814  }
{  -0.630013  0.341843  -0.6973  }
{  0.0615763  0.917068  0.393947  }
Molecule radius: 27.4871 Ang 
orientation time of molecule target: 0.00266194 s
target mass: 14310.2 amu
gas mass: 28.014 amu
reduce mass: 28.014 amu
charge state: 4.9988 e
*********************************************************
Geometric Ellipsoid: 
*********************************************************
maximal distances: 14.0491  17.3929  25.4208  Ang
Initial axis length: 65.1567  68.5005  76.5284  Ang
Ellipsoid axis length: 69.0967  72.4405  80.4684  Ang
ellipsoid calculation time: 4.3869e-05 s
maximal impact parameter: 80.4684 Ang
*********************************************************
Linked-cell: 
Numbers of cells: 2184
Nx: 12 Ny: 13 Nz: 14
Filled cells: 36
Empty cells: 2148
Average atoms per cell: 54.3611
Maximum atoms per cell: 184
Minimum atoms per cell: 1
Simulation box: 
lx: 144.12 Ang
ly: 156.13 Ang
lz: 168.14 Ang
linked-cell calculation time: 0.00223804 s
time info: 0.000103951 s
*********************************************************
Trajectory calculations 
*********************************************************
out target time: 12.2085 s
Ntraj: 10000
Nfree: 1634
Nscatter: 8366
Nlost: 0
omega: 1761.3
Ntraj: 10000
Nfree: 1550
Nscatter: 8447
Nlost: 3
omega: 1768.52
Ntraj: 10000
Nfree: 1473
Nscatter: 8523
Nlost: 4
omega: 1674.84
Ntraj: 10000
Nfree: 1567
Nscatter: 8433
Nlost: 0
omega: 1675.38
Ntraj: 10000
Nfree: 1539
Nscatter: 8460
Nlost: 1
omega: 1719.86
Ntraj: 10000
Nfree: 1546
Nscatter: 8454
Nlost: 0
omega: 1794.69
Ntraj: 10000
Nfree: 1555
Nscatter: 8441
Nlost: 4
omega: 1733.16
Ntraj: 10000
Nfree: 1564
Nscatter: 8435
Nlost: 1
omega: 1637.98
Ntraj: 10000
Nfree: 1562
Nscatter: 8437
Nlost: 1
omega: 1706.41
Ntraj: 10000
Nfree: 1471
Nscatter: 8528
Nlost: 1
omega: 1761.8
*********************************************************
task: 0
worker id: 42548
time create lcl and mol: 0.000641108 s
numbers of trajectories: 5556
time trajectory calculation: 2.99896 s
task: 1
worker id: 42548
time create lcl and mol: 0.000532866 s
numbers of trajectories: 5556
time trajectory calculation: 4.19863 s
task: 2
worker id: 42966
time create lcl and mol: 0.00059104 s
numbers of trajectories: 5556
time trajectory calculation: 5.86153 s
task: 3
worker id: 52059
time create lcl and mol: 0.00051403 s
numbers of trajectories: 5556
time trajectory calculation: 6.09954 s
task: 4
worker id: 41978
time create lcl and mol: 0.000505924 s
numbers of trajectories: 5556
time trajectory calculation: 5.92739 s
task: 5
worker id: 42659
time create lcl and mol: 0.000494957 s
numbers of trajectories: 5556
time trajectory calculation: 3.56144 s
task: 6
worker id: 42256
time create lcl and mol: 0.000521898 s
numbers of trajectories: 5556
time trajectory calculation: 3.32314 s
task: 7
worker id: 52059
time create lcl and mol: 0.000550032 s
numbers of trajectories: 5556
time trajectory calculation: 4.95878 s
task: 8
worker id: 42966
time create lcl and mol: 0.000519037 s
numbers of trajectories: 5556
time trajectory calculation: 2.7493 s
task: 9
worker id: 42345
time create lcl and mol: 0.00049305 s
numbers of trajectories: 5556
time trajectory calculation: 4.62108 s
task: 10
worker id: 42345
time create lcl and mol: 0.000535965 s
numbers of trajectories: 5555
time trajectory calculation: 5.39942 s
task: 11
worker id: 41265
time create lcl and mol: 0.000542879 s
numbers of trajectories: 5555
time trajectory calculation: 5.23015 s
task: 12
worker id: 42548
time create lcl and mol: 0.000482798 s
numbers of trajectories: 5555
time trajectory calculation: 4.93384 s
task: 13
worker id: 42256
time create lcl and mol: 0.00062108 s
numbers of trajectories: 5555
time trajectory calculation: 4.00472 s
task: 14
worker id: 42256
time create lcl and mol: 0.000560045 s
numbers of trajectories: 5555
time trajectory calculation: 2.34184 s
task: 15
worker id: 42659
time create lcl and mol: 0.000531912 s
numbers of trajectories: 5555
time trajectory calculation: 5.66136 s
task: 16
worker id: 41265
time create lcl and mol: 0.00048995 s
numbers of trajectories: 5555
time trajectory calculation: 5.01337 s
task: 17
worker id: 41978
time create lcl and mol: 0.000499964 s
numbers of trajectories: 5555
time trajectory calculation: 2.40954 s
CCS time: 12.2186 s
*********************************************************
average value of CCS = 1723.4 Ang^2
error value of CCS = 14.9621 Ang^2
Total time: 12.2286 s
Program finished...
