*********************************************************
INPUT:: Simulation Parameters 
*********************************************************
target filename                  : 10_4avt_carga_31_min.xyz
number of probe                  : 10000
number of iterarions             : 10
number of tasks                  : 26
number of threads                : 24
seed number                      : 2104
gas buffer                       : N2
Target Temperature (K)           : 298
timestep (fs)                    : 10
Skin cell size (Ang)             : 0.01
Equipotential                    : no
Cut short-range interaction      : yes
LJ cutoff (Ang)                  : 12
Apply long-range interaction     : yes
Cut long-range interaction       : yes
Coulomb cutoff (Ang)             : 25
Apply induced-dipole interaction : yes
alpha (Ang^3)                    : 1.71
force_type: 6
*********************************************************
Force Field parameters: 
*********************************************************
Symbol  mass (amu)  epislon (kcal/mol)  sigma(Angstroms) 
C   12.011   0.0824736   3.2255
N   14.007   0.0758527   3.5719
H   1.008   0.0362711   1.8986
O   15.999   0.062323   3.075
S   32.06   0.138032   3.4237
P   30.9738   0.145372   3.47
*********************************************************
MOLECULE:: orientation around the inertia principal axis 
*********************************************************
Inertia matrix a.u. Ang^2: 
{  2.29035e+08  -1.13344e+07  8.2053e+06  }
{  -1.13344e+07  2.50171e+08  -1.78791e+07  }
{  8.2053e+06  -1.78791e+07  2.38415e+08  }
Rotation matrix applied to molecule: 
{  0.337034  -0.762644  0.552071  }
{  0.941493  0.272859  -0.197838  }
{  0.000241967  0.586449  0.809986  }
Molecule radius: 60.1159 Ang 
orientation time of molecule target: 0.082082 s
target mass: 232455 amu
gas mass: 28.014 amu
reduce mass: 28.014 amu
charge state: 31 e
*********************************************************
Geometric Ellipsoid: 
*********************************************************
maximal distances: 40.6569  53.3921  53.9199  Ang
Initial axis length: 91.7645  104.5  105.027  Ang
Ellipsoid axis length: 101.294  114.03  114.557  Ang
ellipsoid calculation time: 0.00024581 s
maximal impact parameter: 114.557 Ang
*********************************************************
Linked-cell: 
Numbers of cells: 6460
Nx: 17 Ny: 19 Nz: 20
Filled cells: 383
Empty cells: 6077
Average atoms per cell: 85.5718
Maximum atoms per cell: 208
Minimum atoms per cell: 1
Simulation box: 
lx: 204.17 Ang
ly: 228.19 Ang
lz: 240.2 Ang
linked-cell calculation time: 0.00926113 s
time info: 0.00107098 s
*********************************************************
Trajectory calculations 
*********************************************************
out target time: 92.2535 s
Ntraj: 10000
Nfree: 807
Nscatter: 9183
Nlost: 10
omega: 12434
Ntraj: 10000
Nfree: 768
Nscatter: 9216
Nlost: 16
omega: 12396.6
Ntraj: 10000
Nfree: 742
Nscatter: 9249
Nlost: 9
omega: 12235.9
Ntraj: 10000
Nfree: 751
Nscatter: 9239
Nlost: 10
omega: 12134
Ntraj: 10000
Nfree: 760
Nscatter: 9234
Nlost: 6
omega: 12359.1
Ntraj: 10000
Nfree: 818
Nscatter: 9167
Nlost: 15
omega: 11929.3
Ntraj: 10000
Nfree: 791
Nscatter: 9201
Nlost: 8
omega: 11665.4
Ntraj: 10000
Nfree: 800
Nscatter: 9195
Nlost: 5
omega: 11729.7
Ntraj: 10000
Nfree: 819
Nscatter: 9171
Nlost: 10
omega: 11959.1
Ntraj: 10000
Nfree: 753
Nscatter: 9233
Nlost: 14
omega: 12864.4
*********************************************************
task: 0
worker id: 41999
time create lcl and mol: 0.00210595 s
numbers of trajectories: 3847
time trajectory calculation: 31.2544 s
task: 1
worker id: 48375
time create lcl and mol: 0.0021379 s
numbers of trajectories: 3847
time trajectory calculation: 19.6997 s
task: 2
worker id: 3291
time create lcl and mol: 0.00220609 s
numbers of trajectories: 3847
time trajectory calculation: 26.6101 s
task: 3
worker id: 26101
time create lcl and mol: 0.00217009 s
numbers of trajectories: 3847
time trajectory calculation: 23.7211 s
task: 4
worker id: 48375
time create lcl and mol: 0.00204897 s
numbers of trajectories: 3846
time trajectory calculation: 34.3208 s
task: 5
worker id: 25404
time create lcl and mol: 0.00211906 s
numbers of trajectories: 3846
time trajectory calculation: 25.3366 s
task: 6
worker id: 80100
time create lcl and mol: 0.00206709 s
numbers of trajectories: 3846
time trajectory calculation: 22.9172 s
task: 7
worker id: 26101
time create lcl and mol: 0.00214505 s
numbers of trajectories: 3846
time trajectory calculation: 24.6641 s
task: 8
worker id: 76468
time create lcl and mol: 0.00207496 s
numbers of trajectories: 3846
time trajectory calculation: 21.6282 s
task: 9
worker id: 31887
time create lcl and mol: 0.00212407 s
numbers of trajectories: 3846
time trajectory calculation: 28.7203 s
task: 10
worker id: 25404
time create lcl and mol: 0.00209999 s
numbers of trajectories: 3846
time trajectory calculation: 24.2269 s
task: 11
worker id: 80100
time create lcl and mol: 0.00208282 s
numbers of trajectories: 3846
time trajectory calculation: 27.5244 s
task: 12
worker id: 25404
time create lcl and mol: 0.00200796 s
numbers of trajectories: 3846
time trajectory calculation: 21.9434 s
task: 13
worker id: 41999
time create lcl and mol: 0.00273299 s
numbers of trajectories: 3846
time trajectory calculation: 22.1896 s
task: 14
worker id: 76468
time create lcl and mol: 0.00222683 s
numbers of trajectories: 3846
time trajectory calculation: 15.2089 s
task: 15
worker id: 26101
time create lcl and mol: 0.00191021 s
numbers of trajectories: 3846
time trajectory calculation: 22.7869 s
task: 16
worker id: 48375
time create lcl and mol: 0.0020771 s
numbers of trajectories: 3846
time trajectory calculation: 26.5734 s
task: 17
worker id: 41999
time create lcl and mol: 0.00227499 s
numbers of trajectories: 3846
time trajectory calculation: 22.1174 s
task: 18
worker id: 3291
time create lcl and mol: 0.00216198 s
numbers of trajectories: 3846
time trajectory calculation: 24.6904 s
task: 19
worker id: 3291
time create lcl and mol: 0.00227094 s
numbers of trajectories: 3846
time trajectory calculation: 18.8868 s
task: 20
worker id: 31887
time create lcl and mol: 0.00207591 s
numbers of trajectories: 3846
time trajectory calculation: 27.2739 s
task: 21
worker id: 41999
time create lcl and mol: 0.00213099 s
numbers of trajectories: 3846
time trajectory calculation: 16.5535 s
task: 22
worker id: 76468
time create lcl and mol: 0.00206995 s
numbers of trajectories: 3846
time trajectory calculation: 28.0324 s
task: 23
worker id: 76468
time create lcl and mol: 0.00218582 s
numbers of trajectories: 3846
time trajectory calculation: 17.8822 s
task: 24
worker id: 80100
time create lcl and mol: 0.00202298 s
numbers of trajectories: 3846
time trajectory calculation: 29.0117 s
task: 25
worker id: 31887
time create lcl and mol: 0.0021441 s
numbers of trajectories: 3846
time trajectory calculation: 22.3208 s
CCS time: 92.2644 s
*********************************************************
average value of CCS = 12170.8 Ang^2
error value of CCS = 109.338 Ang^2
Total time: 92.3612 s
Program finished...
*********************************************************
INPUT:: Simulation Parameters 
*********************************************************
target filename                  : 10_4avt_carga_31_min.xyz
number of probe                  : 10000
number of iterarions             : 10
number of tasks                  : 26
number of threads                : 24
seed number                      : 2104
gas buffer                       : N2
Target Temperature (K)           : 298
timestep (fs)                    : 10
Skin cell size (Ang)             : 0.01
Equipotential                    : no
Cut short-range interaction      : yes
LJ cutoff (Ang)                  : 12
Apply long-range interaction     : yes
Cut long-range interaction       : yes
Coulomb cutoff (Ang)             : 25
Apply induced-dipole interaction : yes
alpha (Ang^3)                    : 1.71
force_type: 6
*********************************************************
Force Field parameters: 
*********************************************************
Symbol  mass (amu)  epislon (kcal/mol)  sigma(Angstroms) 
C   12.011   0.0824736   3.2255
N   14.007   0.0758527   3.5719
H   1.008   0.0362711   1.8986
O   15.999   0.062323   3.075
S   32.06   0.138032   3.4237
P   30.9738   0.145372   3.47
*********************************************************
MOLECULE:: orientation around the inertia principal axis 
*********************************************************
Inertia matrix a.u. Ang^2: 
{  2.29035e+08  -1.13344e+07  8.2053e+06  }
{  -1.13344e+07  2.50171e+08  -1.78791e+07  }
{  8.2053e+06  -1.78791e+07  2.38415e+08  }
Rotation matrix applied to molecule: 
{  0.337034  -0.762644  0.552071  }
{  0.941493  0.272859  -0.197838  }
{  0.000241967  0.586449  0.809986  }
Molecule radius: 60.1159 Ang 
orientation time of molecule target: 0.0318861 s
target mass: 232455 amu
gas mass: 28.014 amu
reduce mass: 28.014 amu
charge state: 31 e
*********************************************************
Geometric Ellipsoid: 
*********************************************************
maximal distances: 40.6569  53.3921  53.9199  Ang
Initial axis length: 91.7645  104.5  105.027  Ang
Ellipsoid axis length: 101.294  114.03  114.557  Ang
ellipsoid calculation time: 0.000255823 s
maximal impact parameter: 114.557 Ang
*********************************************************
Linked-cell: 
Numbers of cells: 6460
Nx: 17 Ny: 19 Nz: 20
Filled cells: 383
Empty cells: 6077
Average atoms per cell: 85.5718
Maximum atoms per cell: 208
Minimum atoms per cell: 1
Simulation box: 
lx: 204.17 Ang
ly: 228.19 Ang
lz: 240.2 Ang
linked-cell calculation time: 0.0095191 s
time info: 0.00107408 s
*********************************************************
Trajectory calculations 
*********************************************************
out target time: 98.1718 s
Ntraj: 10000
Nfree: 807
Nscatter: 9183
Nlost: 10
omega: 12434
Ntraj: 10000
Nfree: 768
Nscatter: 9216
Nlost: 16
omega: 12396.6
Ntraj: 10000
Nfree: 742
Nscatter: 9249
Nlost: 9
omega: 12235.9
Ntraj: 10000
Nfree: 751
Nscatter: 9239
Nlost: 10
omega: 12134
Ntraj: 10000
Nfree: 760
Nscatter: 9234
Nlost: 6
omega: 12359.1
Ntraj: 10000
Nfree: 818
Nscatter: 9167
Nlost: 15
omega: 11929.3
Ntraj: 10000
Nfree: 791
Nscatter: 9201
Nlost: 8
omega: 11665.4
Ntraj: 10000
Nfree: 800
Nscatter: 9195
Nlost: 5
omega: 11729.7
Ntraj: 10000
Nfree: 819
Nscatter: 9171
Nlost: 10
omega: 11959.1
Ntraj: 10000
Nfree: 753
Nscatter: 9233
Nlost: 14
omega: 12864.4
*********************************************************
task: 0
worker id: 6271
time create lcl and mol: 0.00216794 s
numbers of trajectories: 3847
time trajectory calculation: 29.9809 s
task: 1
worker id: 51340
time create lcl and mol: 0.00206399 s
numbers of trajectories: 3847
time trajectory calculation: 20.0052 s
task: 2
worker id: 79431
time create lcl and mol: 0.00205207 s
numbers of trajectories: 3847
time trajectory calculation: 26.7075 s
task: 3
worker id: 44960
time create lcl and mol: 0.00206685 s
numbers of trajectories: 3847
time trajectory calculation: 23.5248 s
task: 4
worker id: 28368
time create lcl and mol: 0.002285 s
numbers of trajectories: 3846
time trajectory calculation: 33.5249 s
task: 5
worker id: 29086
time create lcl and mol: 0.0020709 s
numbers of trajectories: 3846
time trajectory calculation: 25.6461 s
task: 6
worker id: 83060
time create lcl and mol: 0.00212812 s
numbers of trajectories: 3846
time trajectory calculation: 23.0013 s
task: 7
worker id: 34852
time create lcl and mol: 0.00223398 s
numbers of trajectories: 3846
time trajectory calculation: 24.8588 s
task: 8
worker id: 79431
time create lcl and mol: 0.00204992 s
numbers of trajectories: 3846
time trajectory calculation: 22.1003 s
task: 9
worker id: 29086
time create lcl and mol: 0.00216317 s
numbers of trajectories: 3846
time trajectory calculation: 29.6033 s
task: 10
worker id: 28368
time create lcl and mol: 0.00210214 s
numbers of trajectories: 3846
time trajectory calculation: 24.2703 s
task: 11
worker id: 34852
time create lcl and mol: 0.00211406 s
numbers of trajectories: 3846
time trajectory calculation: 27.8926 s
task: 12
worker id: 6271
time create lcl and mol: 0.002105 s
numbers of trajectories: 3846
time trajectory calculation: 22.9887 s
task: 13
worker id: 6271
time create lcl and mol: 0.00219798 s
numbers of trajectories: 3846
time trajectory calculation: 22.1257 s
task: 14
worker id: 28368
time create lcl and mol: 0.00215101 s
numbers of trajectories: 3846
time trajectory calculation: 15.0275 s
task: 15
worker id: 51340
time create lcl and mol: 0.00191212 s
numbers of trajectories: 3846
time trajectory calculation: 22.3003 s
task: 16
worker id: 34852
time create lcl and mol: 0.00215411 s
numbers of trajectories: 3846
time trajectory calculation: 26.4666 s
task: 17
worker id: 79431
time create lcl and mol: 0.00215697 s
numbers of trajectories: 3846
time trajectory calculation: 21.8292 s
task: 18
worker id: 29086
time create lcl and mol: 0.00243187 s
numbers of trajectories: 3846
time trajectory calculation: 24.3467 s
task: 19
worker id: 29086
time create lcl and mol: 0.00211191 s
numbers of trajectories: 3846
time trajectory calculation: 18.4839 s
task: 20
worker id: 51340
time create lcl and mol: 0.00196218 s
numbers of trajectories: 3846
time trajectory calculation: 27.225 s
task: 21
worker id: 28368
time create lcl and mol: 0.00222611 s
numbers of trajectories: 3846
time trajectory calculation: 16.4515 s
task: 22
worker id: 83060
time create lcl and mol: 0.00216198 s
numbers of trajectories: 3846
time trajectory calculation: 27.9749 s
task: 23
worker id: 83060
time create lcl and mol: 0.00220895 s
numbers of trajectories: 3846
time trajectory calculation: 17.8708 s
task: 24
worker id: 44960
time create lcl and mol: 0.00205088 s
numbers of trajectories: 3846
time trajectory calculation: 28.8993 s
task: 25
worker id: 44960
time create lcl and mol: 0.00190711 s
numbers of trajectories: 3846
time trajectory calculation: 22.5927 s
CCS time: 98.1826 s
*********************************************************
average value of CCS = 12170.8 Ang^2
error value of CCS = 109.338 Ang^2
Total time: 98.2295 s
Program finished...
*********************************************************
INPUT:: Simulation Parameters 
*********************************************************
target filename                  : 10_4avt_carga_31_min.xyz
number of probe                  : 10000
number of iterarions             : 10
number of tasks                  : 26
number of threads                : 24
seed number                      : 2104
gas buffer                       : N2
Target Temperature (K)           : 298
timestep (fs)                    : 10
Skin cell size (Ang)             : 0.01
Equipotential                    : no
Cut short-range interaction      : yes
LJ cutoff (Ang)                  : 12
Apply long-range interaction     : yes
Cut long-range interaction       : yes
Coulomb cutoff (Ang)             : 25
Apply induced-dipole interaction : yes
alpha (Ang^3)                    : 1.71
force_type: 6
*********************************************************
Force Field parameters: 
*********************************************************
Symbol  mass (amu)  epislon (kcal/mol)  sigma(Angstroms) 
C   12.011   0.0824736   3.2255
N   14.007   0.0758527   3.5719
H   1.008   0.0362711   1.8986
O   15.999   0.062323   3.075
S   32.06   0.138032   3.4237
P   30.9738   0.145372   3.47
*********************************************************
MOLECULE:: orientation around the inertia principal axis 
*********************************************************
Inertia matrix a.u. Ang^2: 
{  2.29035e+08  -1.13344e+07  8.2053e+06  }
{  -1.13344e+07  2.50171e+08  -1.78791e+07  }
{  8.2053e+06  -1.78791e+07  2.38415e+08  }
Rotation matrix applied to molecule: 
{  0.337034  -0.762644  0.552071  }
{  0.941493  0.272859  -0.197838  }
{  0.000241967  0.586449  0.809986  }
Molecule radius: 60.1159 Ang 
orientation time of molecule target: 0.033474 s
target mass: 232455 amu
gas mass: 28.014 amu
reduce mass: 28.014 amu
charge state: 31 e
*********************************************************
Geometric Ellipsoid: 
*********************************************************
maximal distances: 40.6569  53.3921  53.9199  Ang
Initial axis length: 91.7645  104.5  105.027  Ang
Ellipsoid axis length: 101.294  114.03  114.557  Ang
ellipsoid calculation time: 0.000265121 s
maximal impact parameter: 114.557 Ang
*********************************************************
Linked-cell: 
Numbers of cells: 6460
Nx: 17 Ny: 19 Nz: 20
Filled cells: 383
Empty cells: 6077
Average atoms per cell: 85.5718
Maximum atoms per cell: 208
Minimum atoms per cell: 1
Simulation box: 
lx: 204.17 Ang
ly: 228.19 Ang
lz: 240.2 Ang
linked-cell calculation time: 0.00949192 s
time info: 0.00107312 s
*********************************************************
Trajectory calculations 
*********************************************************
out target time: 92.1462 s
Ntraj: 10000
Nfree: 807
Nscatter: 9183
Nlost: 10
omega: 12434
Ntraj: 10000
Nfree: 768
Nscatter: 9216
Nlost: 16
omega: 12396.6
Ntraj: 10000
Nfree: 742
Nscatter: 9249
Nlost: 9
omega: 12235.9
Ntraj: 10000
Nfree: 751
Nscatter: 9239
Nlost: 10
omega: 12134
Ntraj: 10000
Nfree: 760
Nscatter: 9234
Nlost: 6
omega: 12359.1
Ntraj: 10000
Nfree: 818
Nscatter: 9167
Nlost: 15
omega: 11929.3
Ntraj: 10000
Nfree: 791
Nscatter: 9201
Nlost: 8
omega: 11665.4
Ntraj: 10000
Nfree: 800
Nscatter: 9195
Nlost: 5
omega: 11729.7
Ntraj: 10000
Nfree: 819
Nscatter: 9171
Nlost: 10
omega: 11959.1
Ntraj: 10000
Nfree: 753
Nscatter: 9233
Nlost: 14
omega: 12864.4
*********************************************************
task: 0
worker id: 32371
time create lcl and mol: 0.00240707 s
numbers of trajectories: 3847
time trajectory calculation: 30.3588 s
task: 1
worker id: 9546
time create lcl and mol: 0.00201106 s
numbers of trajectories: 3847
time trajectory calculation: 19.6086 s
task: 2
worker id: 31637
time create lcl and mol: 0.00216913 s
numbers of trajectories: 3847
time trajectory calculation: 26.7899 s
task: 3
worker id: 48232
time create lcl and mol: 0.00208092 s
numbers of trajectories: 3847
time trajectory calculation: 23.019 s
task: 4
worker id: 82709
time create lcl and mol: 0.00204492 s
numbers of trajectories: 3846
time trajectory calculation: 34.609 s
task: 5
worker id: 54615
time create lcl and mol: 0.00212407 s
numbers of trajectories: 3846
time trajectory calculation: 25.6594 s
task: 6
worker id: 86364
time create lcl and mol: 0.00212097 s
numbers of trajectories: 3846
time trajectory calculation: 23.1372 s
task: 7
worker id: 38126
time create lcl and mol: 0.00208592 s
numbers of trajectories: 3846
time trajectory calculation: 24.8256 s
task: 8
worker id: 82709
time create lcl and mol: 0.00212312 s
numbers of trajectories: 3846
time trajectory calculation: 22.313 s
task: 9
worker id: 31637
time create lcl and mol: 0.00205994 s
numbers of trajectories: 3846
time trajectory calculation: 29.9556 s
task: 10
worker id: 48232
time create lcl and mol: 0.00205088 s
numbers of trajectories: 3846
time trajectory calculation: 24.0544 s
task: 11
worker id: 32371
time create lcl and mol: 0.00220704 s
numbers of trajectories: 3846
time trajectory calculation: 27.9698 s
task: 12
worker id: 9546
time create lcl and mol: 0.0022161 s
numbers of trajectories: 3846
time trajectory calculation: 22.9667 s
task: 13
worker id: 9546
time create lcl and mol: 0.00218415 s
numbers of trajectories: 3846
time trajectory calculation: 22.3563 s
task: 14
worker id: 31637
time create lcl and mol: 0.00209689 s
numbers of trajectories: 3846
time trajectory calculation: 15.2742 s
task: 15
worker id: 54615
time create lcl and mol: 0.00212097 s
numbers of trajectories: 3846
time trajectory calculation: 22.7508 s
task: 16
worker id: 48232
time create lcl and mol: 0.00217891 s
numbers of trajectories: 3846
time trajectory calculation: 26.2318 s
task: 17
worker id: 32371
time create lcl and mol: 0.00190997 s
numbers of trajectories: 3846
time trajectory calculation: 22.3203 s
task: 18
worker id: 38126
time create lcl and mol: 0.00211501 s
numbers of trajectories: 3846
time trajectory calculation: 23.8874 s
task: 19
worker id: 86364
time create lcl and mol: 0.00215411 s
numbers of trajectories: 3846
time trajectory calculation: 18.5959 s
task: 20
worker id: 9546
time create lcl and mol: 0.00218606 s
numbers of trajectories: 3846
time trajectory calculation: 27.0908 s
task: 21
worker id: 38126
time create lcl and mol: 0.00226307 s
numbers of trajectories: 3846
time trajectory calculation: 16.6875 s
task: 22
worker id: 82709
time create lcl and mol: 0.00206399 s
numbers of trajectories: 3846
time trajectory calculation: 28.5317 s
task: 23
worker id: 86364
time create lcl and mol: 0.00259495 s
numbers of trajectories: 3846
time trajectory calculation: 17.6905 s
task: 24
worker id: 54615
time create lcl and mol: 0.0022161 s
numbers of trajectories: 3846
time trajectory calculation: 28.5809 s
task: 25
worker id: 86364
time create lcl and mol: 0.0020628 s
numbers of trajectories: 3846
time trajectory calculation: 22.1837 s
CCS time: 92.1571 s
*********************************************************
average value of CCS = 12170.8 Ang^2
error value of CCS = 109.338 Ang^2
Total time: 92.2053 s
Program finished...
*********************************************************
INPUT:: Simulation Parameters 
*********************************************************
target filename                  : 10_4avt_carga_31_min.xyz
number of probe                  : 10000
number of iterarions             : 10
number of tasks                  : 26
number of threads                : 24
seed number                      : 2104
gas buffer                       : N2
Target Temperature (K)           : 298
timestep (fs)                    : 10
Skin cell size (Ang)             : 0.01
Equipotential                    : no
Cut short-range interaction      : yes
LJ cutoff (Ang)                  : 12
Apply long-range interaction     : yes
Cut long-range interaction       : yes
Coulomb cutoff (Ang)             : 25
Apply induced-dipole interaction : yes
alpha (Ang^3)                    : 1.71
force_type: 6
*********************************************************
Force Field parameters: 
*********************************************************
Symbol  mass (amu)  epislon (kcal/mol)  sigma(Angstroms) 
C   12.011   0.0824736   3.2255
N   14.007   0.0758527   3.5719
H   1.008   0.0362711   1.8986
O   15.999   0.062323   3.075
S   32.06   0.138032   3.4237
P   30.9738   0.145372   3.47
*********************************************************
MOLECULE:: orientation around the inertia principal axis 
*********************************************************
Inertia matrix a.u. Ang^2: 
{  2.29035e+08  -1.13344e+07  8.2053e+06  }
{  -1.13344e+07  2.50171e+08  -1.78791e+07  }
{  8.2053e+06  -1.78791e+07  2.38415e+08  }
Rotation matrix applied to molecule: 
{  0.337034  -0.762644  0.552071  }
{  0.941493  0.272859  -0.197838  }
{  0.000241967  0.586449  0.809986  }
Molecule radius: 60.1159 Ang 
orientation time of molecule target: 0.0317259 s
target mass: 232455 amu
gas mass: 28.014 amu
reduce mass: 28.014 amu
charge state: 31 e
*********************************************************
Geometric Ellipsoid: 
*********************************************************
maximal distances: 40.6569  53.3921  53.9199  Ang
Initial axis length: 91.7645  104.5  105.027  Ang
Ellipsoid axis length: 101.294  114.03  114.557  Ang
ellipsoid calculation time: 0.000253916 s
maximal impact parameter: 114.557 Ang
*********************************************************
Linked-cell: 
Numbers of cells: 6460
Nx: 17 Ny: 19 Nz: 20
Filled cells: 383
Empty cells: 6077
Average atoms per cell: 85.5718
Maximum atoms per cell: 208
Minimum atoms per cell: 1
Simulation box: 
lx: 204.17 Ang
ly: 228.19 Ang
lz: 240.2 Ang
linked-cell calculation time: 0.00927281 s
time info: 0.00107813 s
*********************************************************
Trajectory calculations 
*********************************************************
out target time: 96.4588 s
Ntraj: 10000
Nfree: 807
Nscatter: 9183
Nlost: 10
omega: 12434
Ntraj: 10000
Nfree: 768
Nscatter: 9216
Nlost: 16
omega: 12396.6
Ntraj: 10000
Nfree: 742
Nscatter: 9249
Nlost: 9
omega: 12235.9
Ntraj: 10000
Nfree: 751
Nscatter: 9239
Nlost: 10
omega: 12134
Ntraj: 10000
Nfree: 760
Nscatter: 9234
Nlost: 6
omega: 12359.1
Ntraj: 10000
Nfree: 818
Nscatter: 9167
Nlost: 15
omega: 11929.3
Ntraj: 10000
Nfree: 791
Nscatter: 9201
Nlost: 8
omega: 11665.4
Ntraj: 10000
Nfree: 800
Nscatter: 9195
Nlost: 5
omega: 11729.7
Ntraj: 10000
Nfree: 819
Nscatter: 9171
Nlost: 10
omega: 11959.1
Ntraj: 10000
Nfree: 753
Nscatter: 9233
Nlost: 14
omega: 12864.4
*********************************************************
task: 0
worker id: 85657
time create lcl and mol: 0.00204396 s
numbers of trajectories: 3847
time trajectory calculation: 30.5718 s
task: 1
worker id: 34594
time create lcl and mol: 0.00211382 s
numbers of trajectories: 3847
time trajectory calculation: 19.2324 s
task: 2
worker id: 51179
time create lcl and mol: 0.00226712 s
numbers of trajectories: 3847
time trajectory calculation: 27.6595 s
task: 3
worker id: 35330
time create lcl and mol: 0.0023458 s
numbers of trajectories: 3847
time trajectory calculation: 22.792 s
task: 4
worker id: 12491
time create lcl and mol: 0.00220895 s
numbers of trajectories: 3846
time trajectory calculation: 32.9561 s
task: 5
worker id: 57573
time create lcl and mol: 0.00211692 s
numbers of trajectories: 3846
time trajectory calculation: 26.5393 s
task: 6
worker id: 89319
time create lcl and mol: 0.00201201 s
numbers of trajectories: 3846
time trajectory calculation: 23.3778 s
task: 7
worker id: 41075
time create lcl and mol: 0.00214791 s
numbers of trajectories: 3846
time trajectory calculation: 23.6545 s
task: 8
worker id: 34594
time create lcl and mol: 0.00193381 s
numbers of trajectories: 3846
time trajectory calculation: 22.1903 s
task: 9
worker id: 51179
time create lcl and mol: 0.00223398 s
numbers of trajectories: 3846
time trajectory calculation: 29.5779 s
task: 10
worker id: 89319
time create lcl and mol: 0.00214314 s
numbers of trajectories: 3846
time trajectory calculation: 24.4616 s
task: 11
worker id: 57573
time create lcl and mol: 0.00201011 s
numbers of trajectories: 3846
time trajectory calculation: 28.1454 s
task: 12
worker id: 51179
time create lcl and mol: 0.00206399 s
numbers of trajectories: 3846
time trajectory calculation: 22.5253 s
task: 13
worker id: 35330
time create lcl and mol: 0.00227809 s
numbers of trajectories: 3846
time trajectory calculation: 22.2199 s
task: 14
worker id: 12491
time create lcl and mol: 0.00205612 s
numbers of trajectories: 3846
time trajectory calculation: 15.2585 s
task: 15
worker id: 41075
time create lcl and mol: 0.00216889 s
numbers of trajectories: 3846
time trajectory calculation: 22.9836 s
task: 16
worker id: 34594
time create lcl and mol: 0.00216103 s
numbers of trajectories: 3846
time trajectory calculation: 26.5702 s
task: 17
worker id: 35330
time create lcl and mol: 0.00216985 s
numbers of trajectories: 3846
time trajectory calculation: 22.2621 s
task: 18
worker id: 12491
time create lcl and mol: 0.00219297 s
numbers of trajectories: 3846
time trajectory calculation: 24.2651 s
task: 19
worker id: 57573
time create lcl and mol: 0.00208616 s
numbers of trajectories: 3846
time trajectory calculation: 18.8552 s
task: 20
worker id: 85657
time create lcl and mol: 0.00218606 s
numbers of trajectories: 3846
time trajectory calculation: 27.3881 s
task: 21
worker id: 51179
time create lcl and mol: 0.00213814 s
numbers of trajectories: 3846
time trajectory calculation: 16.5782 s
task: 22
worker id: 89319
time create lcl and mol: 0.00215888 s
numbers of trajectories: 3846
time trajectory calculation: 28.2378 s
task: 23
worker id: 34594
time create lcl and mol: 0.00216579 s
numbers of trajectories: 3846
time trajectory calculation: 18.4444 s
task: 24
worker id: 85657
time create lcl and mol: 0.00226498 s
numbers of trajectories: 3846
time trajectory calculation: 29.1048 s
task: 25
worker id: 41075
time create lcl and mol: 0.00223398 s
numbers of trajectories: 3846
time trajectory calculation: 22.5263 s
CCS time: 96.4696 s
*********************************************************
average value of CCS = 12170.8 Ang^2
error value of CCS = 109.338 Ang^2
Total time: 96.5163 s
Program finished...
*********************************************************
INPUT:: Simulation Parameters 
*********************************************************
target filename                  : 10_4avt_carga_31_min.xyz
number of probe                  : 10000
number of iterarions             : 10
number of tasks                  : 26
number of threads                : 24
seed number                      : 2104
gas buffer                       : N2
Target Temperature (K)           : 298
timestep (fs)                    : 10
Skin cell size (Ang)             : 0.01
Equipotential                    : no
Cut short-range interaction      : yes
LJ cutoff (Ang)                  : 12
Apply long-range interaction     : yes
Cut long-range interaction       : yes
Coulomb cutoff (Ang)             : 25
Apply induced-dipole interaction : yes
alpha (Ang^3)                    : 1.71
force_type: 6
*********************************************************
Force Field parameters: 
*********************************************************
Symbol  mass (amu)  epislon (kcal/mol)  sigma(Angstroms) 
C   12.011   0.0824736   3.2255
N   14.007   0.0758527   3.5719
H   1.008   0.0362711   1.8986
O   15.999   0.062323   3.075
S   32.06   0.138032   3.4237
P   30.9738   0.145372   3.47
*********************************************************
MOLECULE:: orientation around the inertia principal axis 
*********************************************************
Inertia matrix a.u. Ang^2: 
{  2.29035e+08  -1.13344e+07  8.2053e+06  }
{  -1.13344e+07  2.50171e+08  -1.78791e+07  }
{  8.2053e+06  -1.78791e+07  2.38415e+08  }
Rotation matrix applied to molecule: 
{  0.337034  -0.762644  0.552071  }
{  0.941493  0.272859  -0.197838  }
{  0.000241967  0.586449  0.809986  }
Molecule radius: 60.1159 Ang 
orientation time of molecule target: 0.032011 s
target mass: 232455 amu
gas mass: 28.014 amu
reduce mass: 28.014 amu
charge state: 31 e
*********************************************************
Geometric Ellipsoid: 
*********************************************************
maximal distances: 40.6569  53.3921  53.9199  Ang
Initial axis length: 91.7645  104.5  105.027  Ang
Ellipsoid axis length: 101.294  114.03  114.557  Ang
ellipsoid calculation time: 0.000272989 s
maximal impact parameter: 114.557 Ang
*********************************************************
Linked-cell: 
Numbers of cells: 6460
Nx: 17 Ny: 19 Nz: 20
Filled cells: 383
Empty cells: 6077
Average atoms per cell: 85.5718
Maximum atoms per cell: 208
Minimum atoms per cell: 1
Simulation box: 
lx: 204.17 Ang
ly: 228.19 Ang
lz: 240.2 Ang
linked-cell calculation time: 0.00934792 s
time info: 0.00110507 s
*********************************************************
Trajectory calculations 
*********************************************************
out target time: 87.67 s
Ntraj: 10000
Nfree: 807
Nscatter: 9183
Nlost: 10
omega: 12434
Ntraj: 10000
Nfree: 768
Nscatter: 9216
Nlost: 16
omega: 12396.6
Ntraj: 10000
Nfree: 742
Nscatter: 9249
Nlost: 9
omega: 12235.9
Ntraj: 10000
Nfree: 751
Nscatter: 9239
Nlost: 10
omega: 12134
Ntraj: 10000
Nfree: 760
Nscatter: 9234
Nlost: 6
omega: 12359.1
Ntraj: 10000
Nfree: 818
Nscatter: 9167
Nlost: 15
omega: 11929.3
Ntraj: 10000
Nfree: 791
Nscatter: 9201
Nlost: 8
omega: 11665.4
Ntraj: 10000
Nfree: 800
Nscatter: 9195
Nlost: 5
omega: 11729.7
Ntraj: 10000
Nfree: 819
Nscatter: 9171
Nlost: 10
omega: 11959.1
Ntraj: 10000
Nfree: 753
Nscatter: 9233
Nlost: 14
omega: 12864.4
*********************************************************
task: 0
worker id: 38659
time create lcl and mol: 0.00208592 s
numbers of trajectories: 3847
time trajectory calculation: 30.9094 s
task: 1
worker id: 37854
time create lcl and mol: 0.00219202 s
numbers of trajectories: 3847
time trajectory calculation: 19.9721 s
task: 2
worker id: 88922
time create lcl and mol: 0.00239086 s
numbers of trajectories: 3847
time trajectory calculation: 26.6478 s
task: 3
worker id: 54449
time create lcl and mol: 0.00222087 s
numbers of trajectories: 3847
time trajectory calculation: 23.4191 s
task: 4
worker id: 60839
time create lcl and mol: 0.00220108 s
numbers of trajectories: 3846
time trajectory calculation: 32.0509 s
task: 5
worker id: 15762
time create lcl and mol: 0.00211406 s
numbers of trajectories: 3846
time trajectory calculation: 25.3074 s
task: 6
worker id: 92578
time create lcl and mol: 0.00211811 s
numbers of trajectories: 3846
time trajectory calculation: 23.3721 s
task: 7
worker id: 88922
time create lcl and mol: 0.00206089 s
numbers of trajectories: 3846
time trajectory calculation: 25.2865 s
task: 8
worker id: 44332
time create lcl and mol: 0.00213194 s
numbers of trajectories: 3846
time trajectory calculation: 21.5452 s
task: 9
worker id: 88922
time create lcl and mol: 0.00202608 s
numbers of trajectories: 3846
time trajectory calculation: 28.992 s
task: 10
worker id: 92578
time create lcl and mol: 0.00212693 s
numbers of trajectories: 3846
time trajectory calculation: 24.5421 s
task: 11
worker id: 37854
time create lcl and mol: 0.00222301 s
numbers of trajectories: 3846
time trajectory calculation: 27.2793 s
task: 12
worker id: 92578
time create lcl and mol: 0.00222087 s
numbers of trajectories: 3846
time trajectory calculation: 23.0194 s
task: 13
worker id: 44332
time create lcl and mol: 0.00209212 s
numbers of trajectories: 3846
time trajectory calculation: 22.3069 s
task: 14
worker id: 15762
time create lcl and mol: 0.0021379 s
numbers of trajectories: 3846
time trajectory calculation: 15.3989 s
task: 15
worker id: 60839
time create lcl and mol: 0.0022831 s
numbers of trajectories: 3846
time trajectory calculation: 23.083 s
task: 16
worker id: 38659
time create lcl and mol: 0.00230885 s
numbers of trajectories: 3846
time trajectory calculation: 26.557 s
task: 17
worker id: 15762
time create lcl and mol: 0.00203514 s
numbers of trajectories: 3846
time trajectory calculation: 22.5239 s
task: 18
worker id: 54449
time create lcl and mol: 0.00198507 s
numbers of trajectories: 3846
time trajectory calculation: 23.6212 s
task: 19
worker id: 15762
time create lcl and mol: 0.00198102 s
numbers of trajectories: 3846
time trajectory calculation: 17.9446 s
task: 20
worker id: 60839
time create lcl and mol: 0.00233793 s
numbers of trajectories: 3846
time trajectory calculation: 27.082 s
task: 21
worker id: 92578
time create lcl and mol: 0.00218701 s
numbers of trajectories: 3846
time trajectory calculation: 16.6217 s
task: 22
worker id: 44332
time create lcl and mol: 0.00215197 s
numbers of trajectories: 3846
time trajectory calculation: 28.1595 s
task: 23
worker id: 38659
time create lcl and mol: 0.00214911 s
numbers of trajectories: 3846
time trajectory calculation: 18.0822 s
task: 24
worker id: 37854
time create lcl and mol: 0.00203896 s
numbers of trajectories: 3846
time trajectory calculation: 28.523 s
task: 25
worker id: 54449
time create lcl and mol: 0.002141 s
numbers of trajectories: 3846
time trajectory calculation: 22.4228 s
CCS time: 87.6809 s
*********************************************************
average value of CCS = 12170.8 Ang^2
error value of CCS = 109.338 Ang^2
Total time: 87.7274 s
Program finished...
*********************************************************
INPUT:: Simulation Parameters 
*********************************************************
target filename                  : 10_4avt_carga_31_min.xyz
number of probe                  : 10000
number of iterarions             : 10
number of tasks                  : 26
number of threads                : 24
seed number                      : 2104
gas buffer                       : N2
Target Temperature (K)           : 298
timestep (fs)                    : 10
Skin cell size (Ang)             : 0.01
Equipotential                    : no
Cut short-range interaction      : yes
LJ cutoff (Ang)                  : 12
Apply long-range interaction     : yes
Cut long-range interaction       : yes
Coulomb cutoff (Ang)             : 25
Apply induced-dipole interaction : yes
alpha (Ang^3)                    : 1.71
force_type: 6
*********************************************************
Force Field parameters: 
*********************************************************
Symbol  mass (amu)  epislon (kcal/mol)  sigma(Angstroms) 
C   12.011   0.0824736   3.2255
N   14.007   0.0758527   3.5719
H   1.008   0.0362711   1.8986
O   15.999   0.062323   3.075
S   32.06   0.138032   3.4237
P   30.9738   0.145372   3.47
*********************************************************
MOLECULE:: orientation around the inertia principal axis 
*********************************************************
Inertia matrix a.u. Ang^2: 
{  2.29035e+08  -1.13344e+07  8.2053e+06  }
{  -1.13344e+07  2.50171e+08  -1.78791e+07  }
{  8.2053e+06  -1.78791e+07  2.38415e+08  }
Rotation matrix applied to molecule: 
{  0.337034  -0.762644  0.552071  }
{  0.941493  0.272859  -0.197838  }
{  0.000241967  0.586449  0.809986  }
Molecule radius: 60.1159 Ang 
orientation time of molecule target: 0.355923 s
target mass: 232455 amu
gas mass: 28.014 amu
reduce mass: 28.014 amu
charge state: 31 e
*********************************************************
Geometric Ellipsoid: 
*********************************************************
maximal distances: 40.6569  53.3921  53.9199  Ang
Initial axis length: 91.7645  104.5  105.027  Ang
Ellipsoid axis length: 101.294  114.03  114.557  Ang
ellipsoid calculation time: 0.000252008 s
maximal impact parameter: 114.557 Ang
*********************************************************
Linked-cell: 
Numbers of cells: 6460
Nx: 17 Ny: 19 Nz: 20
Filled cells: 383
Empty cells: 6077
Average atoms per cell: 85.5718
Maximum atoms per cell: 208
Minimum atoms per cell: 1
Simulation box: 
lx: 204.17 Ang
ly: 228.19 Ang
lz: 240.2 Ang
linked-cell calculation time: 0.0093441 s
time info: 0.00110006 s
*********************************************************
Trajectory calculations 
*********************************************************
out target time: 88.7187 s
Ntraj: 10000
Nfree: 807
Nscatter: 9183
Nlost: 10
omega: 12434
Ntraj: 10000
Nfree: 768
Nscatter: 9216
Nlost: 16
omega: 12396.6
Ntraj: 10000
Nfree: 742
Nscatter: 9249
Nlost: 9
omega: 12235.9
Ntraj: 10000
Nfree: 751
Nscatter: 9239
Nlost: 10
omega: 12134
Ntraj: 10000
Nfree: 760
Nscatter: 9234
Nlost: 6
omega: 12359.1
Ntraj: 10000
Nfree: 818
Nscatter: 9167
Nlost: 15
omega: 11929.3
Ntraj: 10000
Nfree: 791
Nscatter: 9201
Nlost: 8
omega: 11665.4
Ntraj: 10000
Nfree: 800
Nscatter: 9195
Nlost: 5
omega: 11729.7
Ntraj: 10000
Nfree: 819
Nscatter: 9171
Nlost: 10
omega: 11959.1
Ntraj: 10000
Nfree: 753
Nscatter: 9233
Nlost: 14
omega: 12864.4
*********************************************************
task: 0
worker id: 62031
time create lcl and mol: 0.00204492 s
numbers of trajectories: 3847
time trajectory calculation: 31.5385 s
task: 1
worker id: 61315
time create lcl and mol: 0.00206518 s
numbers of trajectories: 3847
time trajectory calculation: 20.7286 s
task: 2
worker id: 63027
time create lcl and mol: 0.002213 s
numbers of trajectories: 3847
time trajectory calculation: 27.5507 s
task: 3
worker id: 63336
time create lcl and mol: 0.00209403 s
numbers of trajectories: 3847
time trajectory calculation: 22.7802 s
task: 4
worker id: 63480
time create lcl and mol: 0.00211883 s
numbers of trajectories: 3846
time trajectory calculation: 32.725 s
task: 5
worker id: 83124
time create lcl and mol: 0.00209594 s
numbers of trajectories: 3846
time trajectory calculation: 26.511 s
task: 6
worker id: 63027
time create lcl and mol: 0.00220108 s
numbers of trajectories: 3846
time trajectory calculation: 23.6819 s
task: 7
worker id: 62031
time create lcl and mol: 0.002141 s
numbers of trajectories: 3846
time trajectory calculation: 24.4336 s
task: 8
worker id: 63842
time create lcl and mol: 0.002213 s
numbers of trajectories: 3846
time trajectory calculation: 22.5002 s
task: 9
worker id: 62382
time create lcl and mol: 0.00217104 s
numbers of trajectories: 3846
time trajectory calculation: 29.1324 s
task: 10
worker id: 83124
time create lcl and mol: 0.00218701 s
numbers of trajectories: 3846
time trajectory calculation: 23.9991 s
task: 11
worker id: 62382
time create lcl and mol: 0.00206399 s
numbers of trajectories: 3846
time trajectory calculation: 27.6374 s
task: 12
worker id: 63027
time create lcl and mol: 0.00222421 s
numbers of trajectories: 3846
time trajectory calculation: 22.7419 s
task: 13
worker id: 61315
time create lcl and mol: 0.00194788 s
numbers of trajectories: 3846
time trajectory calculation: 21.8832 s
task: 14
worker id: 63336
time create lcl and mol: 0.00191879 s
numbers of trajectories: 3846
time trajectory calculation: 15.201 s
task: 15
worker id: 63480
time create lcl and mol: 0.00214195 s
numbers of trajectories: 3846
time trajectory calculation: 23.104 s
task: 16
worker id: 63842
time create lcl and mol: 0.00204206 s
numbers of trajectories: 3846
time trajectory calculation: 26.7494 s
task: 17
worker id: 63480
time create lcl and mol: 0.00217986 s
numbers of trajectories: 3846
time trajectory calculation: 21.7546 s
task: 18
worker id: 61315
time create lcl and mol: 0.00212908 s
numbers of trajectories: 3846
time trajectory calculation: 23.8716 s
task: 19
worker id: 62382
time create lcl and mol: 0.00219011 s
numbers of trajectories: 3846
time trajectory calculation: 18.8354 s
task: 20
worker id: 63336
time create lcl and mol: 0.00212097 s
numbers of trajectories: 3846
time trajectory calculation: 27.2122 s
task: 21
worker id: 63336
time create lcl and mol: 0.00199413 s
numbers of trajectories: 3846
time trajectory calculation: 16.3224 s
task: 22
worker id: 83124
time create lcl and mol: 0.00204492 s
numbers of trajectories: 3846
time trajectory calculation: 28.3884 s
task: 23
worker id: 63842
time create lcl and mol: 0.0021739 s
numbers of trajectories: 3846
time trajectory calculation: 18.1468 s
task: 24
worker id: 62031
time create lcl and mol: 0.0022161 s
numbers of trajectories: 3846
time trajectory calculation: 28.7678 s
task: 25
worker id: 61315
time create lcl and mol: 0.00214601 s
numbers of trajectories: 3846
time trajectory calculation: 22.1196 s
CCS time: 88.7297 s
*********************************************************
average value of CCS = 12170.8 Ang^2
error value of CCS = 109.338 Ang^2
Total time: 89.1003 s
Program finished...
*********************************************************
INPUT:: Simulation Parameters 
*********************************************************
target filename                  : 10_4avt_carga_31_min.xyz
number of probe                  : 10000
number of iterarions             : 10
number of tasks                  : 26
number of threads                : 24
seed number                      : 2104
gas buffer                       : N2
Target Temperature (K)           : 298
timestep (fs)                    : 10
Skin cell size (Ang)             : 0.01
Equipotential                    : no
Cut short-range interaction      : yes
LJ cutoff (Ang)                  : 12
Apply long-range interaction     : yes
Cut long-range interaction       : yes
Coulomb cutoff (Ang)             : 25
Apply induced-dipole interaction : yes
alpha (Ang^3)                    : 1.71
force_type: 6
*********************************************************
Force Field parameters: 
*********************************************************
Symbol  mass (amu)  epislon (kcal/mol)  sigma(Angstroms) 
C   12.011   0.0824736   3.2255
N   14.007   0.0758527   3.5719
H   1.008   0.0362711   1.8986
O   15.999   0.062323   3.075
S   32.06   0.138032   3.4237
P   30.9738   0.145372   3.47
*********************************************************
MOLECULE:: orientation around the inertia principal axis 
*********************************************************
Inertia matrix a.u. Ang^2: 
{  2.29035e+08  -1.13344e+07  8.2053e+06  }
{  -1.13344e+07  2.50171e+08  -1.78791e+07  }
{  8.2053e+06  -1.78791e+07  2.38415e+08  }
Rotation matrix applied to molecule: 
{  0.337034  -0.762644  0.552071  }
{  0.941493  0.272859  -0.197838  }
{  0.000241967  0.586449  0.809986  }
Molecule radius: 60.1159 Ang 
orientation time of molecule target: 0.0317419 s
target mass: 232455 amu
gas mass: 28.014 amu
reduce mass: 28.014 amu
charge state: 31 e
*********************************************************
Geometric Ellipsoid: 
*********************************************************
maximal distances: 40.6569  53.3921  53.9199  Ang
Initial axis length: 91.7645  104.5  105.027  Ang
Ellipsoid axis length: 101.294  114.03  114.557  Ang
ellipsoid calculation time: 0.000253916 s
maximal impact parameter: 114.557 Ang
*********************************************************
Linked-cell: 
Numbers of cells: 6460
Nx: 17 Ny: 19 Nz: 20
Filled cells: 383
Empty cells: 6077
Average atoms per cell: 85.5718
Maximum atoms per cell: 208
Minimum atoms per cell: 1
Simulation box: 
lx: 204.17 Ang
ly: 228.19 Ang
lz: 240.2 Ang
linked-cell calculation time: 0.00917912 s
time info: 0.00103593 s
*********************************************************
Trajectory calculations 
*********************************************************
out target time: 88.3486 s
Ntraj: 10000
Nfree: 807
Nscatter: 9183
Nlost: 10
omega: 12434
Ntraj: 10000
Nfree: 768
Nscatter: 9216
Nlost: 16
omega: 12396.6
Ntraj: 10000
Nfree: 742
Nscatter: 9249
Nlost: 9
omega: 12235.9
Ntraj: 10000
Nfree: 751
Nscatter: 9239
Nlost: 10
omega: 12134
Ntraj: 10000
Nfree: 760
Nscatter: 9234
Nlost: 6
omega: 12359.1
Ntraj: 10000
Nfree: 818
Nscatter: 9167
Nlost: 15
omega: 11929.3
Ntraj: 10000
Nfree: 791
Nscatter: 9201
Nlost: 8
omega: 11665.4
Ntraj: 10000
Nfree: 800
Nscatter: 9195
Nlost: 5
omega: 11729.7
Ntraj: 10000
Nfree: 819
Nscatter: 9171
Nlost: 10
omega: 11959.1
Ntraj: 10000
Nfree: 753
Nscatter: 9233
Nlost: 14
omega: 12864.4
*********************************************************
task: 0
worker id: 65028
time create lcl and mol: 0.00215292 s
numbers of trajectories: 3847
time trajectory calculation: 30.8247 s
task: 1
worker id: 66352
time create lcl and mol: 0.00216889 s
numbers of trajectories: 3847
time trajectory calculation: 19.4856 s
task: 2
worker id: 86087
time create lcl and mol: 0.0020411 s
numbers of trajectories: 3847
time trajectory calculation: 26.4408 s
task: 3
worker id: 66497
time create lcl and mol: 0.00207305 s
numbers of trajectories: 3847
time trajectory calculation: 22.7881 s
task: 4
worker id: 66038
time create lcl and mol: 0.00212789 s
numbers of trajectories: 3846
time trajectory calculation: 35.4164 s
task: 5
worker id: 86087
time create lcl and mol: 0.00201797 s
numbers of trajectories: 3846
time trajectory calculation: 26.8126 s
task: 6
worker id: 65397
time create lcl and mol: 0.00212312 s
numbers of trajectories: 3846
time trajectory calculation: 24.39 s
task: 7
worker id: 64320
time create lcl and mol: 0.00221491 s
numbers of trajectories: 3846
time trajectory calculation: 25.1371 s
task: 8
worker id: 64320
time create lcl and mol: 0.00208998 s
numbers of trajectories: 3846
time trajectory calculation: 21.6823 s
task: 9
worker id: 66858
time create lcl and mol: 0.00210118 s
numbers of trajectories: 3846
time trajectory calculation: 29.6141 s
task: 10
worker id: 65028
time create lcl and mol: 0.00207305 s
numbers of trajectories: 3846
time trajectory calculation: 24.1109 s
task: 11
worker id: 66858
time create lcl and mol: 0.00226116 s
numbers of trajectories: 3846
time trajectory calculation: 27.8715 s
task: 12
worker id: 66497
time create lcl and mol: 0.00247598 s
numbers of trajectories: 3846
time trajectory calculation: 22.6506 s
task: 13
worker id: 65397
time create lcl and mol: 0.00211 s
numbers of trajectories: 3846
time trajectory calculation: 22.3344 s
task: 14
worker id: 66858
time create lcl and mol: 0.00228 s
numbers of trajectories: 3846
time trajectory calculation: 15.4575 s
task: 15
worker id: 65397
time create lcl and mol: 0.00217986 s
numbers of trajectories: 3846
time trajectory calculation: 23.0853 s
task: 16
worker id: 66497
time create lcl and mol: 0.00204396 s
numbers of trajectories: 3846
time trajectory calculation: 26.4996 s
task: 17
worker id: 64320
time create lcl and mol: 0.00216794 s
numbers of trajectories: 3846
time trajectory calculation: 22.1998 s
task: 18
worker id: 65028
time create lcl and mol: 0.00211096 s
numbers of trajectories: 3846
time trajectory calculation: 24.4981 s
task: 19
worker id: 66038
time create lcl and mol: 0.00213814 s
numbers of trajectories: 3846
time trajectory calculation: 18.4348 s
task: 20
worker id: 66352
time create lcl and mol: 0.00217915 s
numbers of trajectories: 3846
time trajectory calculation: 27.6135 s
task: 21
worker id: 66497
time create lcl and mol: 0.00212789 s
numbers of trajectories: 3846
time trajectory calculation: 16.1316 s
task: 22
worker id: 66038
time create lcl and mol: 0.00223112 s
numbers of trajectories: 3846
time trajectory calculation: 28.2316 s
task: 23
worker id: 65397
time create lcl and mol: 0.00194812 s
numbers of trajectories: 3846
time trajectory calculation: 18.4466 s
task: 24
worker id: 66352
time create lcl and mol: 0.00209308 s
numbers of trajectories: 3846
time trajectory calculation: 28.7475 s
task: 25
worker id: 86087
time create lcl and mol: 0.00204897 s
numbers of trajectories: 3846
time trajectory calculation: 21.7748 s
CCS time: 88.3593 s
*********************************************************
average value of CCS = 12170.8 Ang^2
error value of CCS = 109.338 Ang^2
Total time: 88.4055 s
Program finished...
*********************************************************
INPUT:: Simulation Parameters 
*********************************************************
target filename                  : 10_4avt_carga_31_min.xyz
number of probe                  : 10000
number of iterarions             : 10
number of tasks                  : 26
number of threads                : 24
seed number                      : 2104
gas buffer                       : N2
Target Temperature (K)           : 298
timestep (fs)                    : 10
Skin cell size (Ang)             : 0.01
Equipotential                    : no
Cut short-range interaction      : yes
LJ cutoff (Ang)                  : 12
Apply long-range interaction     : yes
Cut long-range interaction       : yes
Coulomb cutoff (Ang)             : 25
Apply induced-dipole interaction : yes
alpha (Ang^3)                    : 1.71
force_type: 6
*********************************************************
Force Field parameters: 
*********************************************************
Symbol  mass (amu)  epislon (kcal/mol)  sigma(Angstroms) 
C   12.011   0.0824736   3.2255
N   14.007   0.0758527   3.5719
H   1.008   0.0362711   1.8986
O   15.999   0.062323   3.075
S   32.06   0.138032   3.4237
P   30.9738   0.145372   3.47
*********************************************************
MOLECULE:: orientation around the inertia principal axis 
*********************************************************
Inertia matrix a.u. Ang^2: 
{  2.29035e+08  -1.13344e+07  8.2053e+06  }
{  -1.13344e+07  2.50171e+08  -1.78791e+07  }
{  8.2053e+06  -1.78791e+07  2.38415e+08  }
Rotation matrix applied to molecule: 
{  0.337034  -0.762644  0.552071  }
{  0.941493  0.272859  -0.197838  }
{  0.000241967  0.586449  0.809986  }
Molecule radius: 60.1159 Ang 
orientation time of molecule target: 0.0316088 s
target mass: 232455 amu
gas mass: 28.014 amu
reduce mass: 28.014 amu
charge state: 31 e
*********************************************************
Geometric Ellipsoid: 
*********************************************************
maximal distances: 40.6569  53.3921  53.9199  Ang
Initial axis length: 91.7645  104.5  105.027  Ang
Ellipsoid axis length: 101.294  114.03  114.557  Ang
ellipsoid calculation time: 0.000246048 s
maximal impact parameter: 114.557 Ang
*********************************************************
Linked-cell: 
Numbers of cells: 6460
Nx: 17 Ny: 19 Nz: 20
Filled cells: 383
Empty cells: 6077
Average atoms per cell: 85.5718
Maximum atoms per cell: 208
Minimum atoms per cell: 1
Simulation box: 
lx: 204.17 Ang
ly: 228.19 Ang
lz: 240.2 Ang
linked-cell calculation time: 0.00931001 s
time info: 0.00105596 s
*********************************************************
Trajectory calculations 
*********************************************************
out target time: 87.026 s
Ntraj: 10000
Nfree: 807
Nscatter: 9183
Nlost: 10
omega: 12434
Ntraj: 10000
Nfree: 768
Nscatter: 9216
Nlost: 16
omega: 12396.6
Ntraj: 10000
Nfree: 742
Nscatter: 9249
Nlost: 9
omega: 12235.9
Ntraj: 10000
Nfree: 751
Nscatter: 9239
Nlost: 10
omega: 12134
Ntraj: 10000
Nfree: 760
Nscatter: 9234
Nlost: 6
omega: 12359.1
Ntraj: 10000
Nfree: 818
Nscatter: 9167
Nlost: 15
omega: 11929.3
Ntraj: 10000
Nfree: 791
Nscatter: 9201
Nlost: 8
omega: 11665.4
Ntraj: 10000
Nfree: 800
Nscatter: 9195
Nlost: 5
omega: 11729.7
Ntraj: 10000
Nfree: 819
Nscatter: 9171
Nlost: 10
omega: 11959.1
Ntraj: 10000
Nfree: 753
Nscatter: 9233
Nlost: 14
omega: 12864.4
*********************************************************
task: 0
worker id: 89043
time create lcl and mol: 0.0021112 s
numbers of trajectories: 3847
time trajectory calculation: 30.4134 s
task: 1
worker id: 69434
time create lcl and mol: 0.002352 s
numbers of trajectories: 3847
time trajectory calculation: 19.752 s
task: 2
worker id: 67267
time create lcl and mol: 0.00222707 s
numbers of trajectories: 3847
time trajectory calculation: 27.4952 s
task: 3
worker id: 68993
time create lcl and mol: 0.00238895 s
numbers of trajectories: 3847
time trajectory calculation: 22.5833 s
task: 4
worker id: 69297
time create lcl and mol: 0.00211692 s
numbers of trajectories: 3846
time trajectory calculation: 34.6947 s
task: 5
worker id: 67983
time create lcl and mol: 0.00209117 s
numbers of trajectories: 3846
time trajectory calculation: 25.6506 s
task: 6
worker id: 69800
time create lcl and mol: 0.00223613 s
numbers of trajectories: 3846
time trajectory calculation: 23.4881 s
task: 7
worker id: 68354
time create lcl and mol: 0.00210381 s
numbers of trajectories: 3846
time trajectory calculation: 24.0405 s
task: 8
worker id: 69800
time create lcl and mol: 0.00195408 s
numbers of trajectories: 3846
time trajectory calculation: 22.1121 s
task: 9
worker id: 69297
time create lcl and mol: 0.00204992 s
numbers of trajectories: 3846
time trajectory calculation: 29.0025 s
task: 10
worker id: 69434
time create lcl and mol: 0.00217795 s
numbers of trajectories: 3846
time trajectory calculation: 24.5783 s
task: 11
worker id: 69434
time create lcl and mol: 0.00196409 s
numbers of trajectories: 3846
time trajectory calculation: 27.9362 s
task: 12
worker id: 67267
time create lcl and mol: 0.00206113 s
numbers of trajectories: 3846
time trajectory calculation: 22.5886 s
task: 13
worker id: 69800
time create lcl and mol: 0.0022831 s
numbers of trajectories: 3846
time trajectory calculation: 22.2892 s
task: 14
worker id: 67983
time create lcl and mol: 0.00214887 s
numbers of trajectories: 3846
time trajectory calculation: 14.7411 s
task: 15
worker id: 68993
time create lcl and mol: 0.00208282 s
numbers of trajectories: 3846
time trajectory calculation: 22.6635 s
task: 16
worker id: 67267
time create lcl and mol: 0.0020659 s
numbers of trajectories: 3846
time trajectory calculation: 26.2584 s
task: 17
worker id: 69297
time create lcl and mol: 0.00202799 s
numbers of trajectories: 3846
time trajectory calculation: 21.8608 s
task: 18
worker id: 89043
time create lcl and mol: 0.00209188 s
numbers of trajectories: 3846
time trajectory calculation: 23.7891 s
task: 19
worker id: 68993
time create lcl and mol: 0.00216222 s
numbers of trajectories: 3846
time trajectory calculation: 18.9839 s
task: 20
worker id: 67983
time create lcl and mol: 0.00207186 s
numbers of trajectories: 3846
time trajectory calculation: 26.8323 s
task: 21
worker id: 68354
time create lcl and mol: 0.00221419 s
numbers of trajectories: 3846
time trajectory calculation: 16.2186 s
task: 22
worker id: 68354
time create lcl and mol: 0.00215411 s
numbers of trajectories: 3846
time trajectory calculation: 27.8772 s
task: 23
worker id: 67983
time create lcl and mol: 0.00197387 s
numbers of trajectories: 3846
time trajectory calculation: 18.382 s
task: 24
worker id: 89043
time create lcl and mol: 0.00225902 s
numbers of trajectories: 3846
time trajectory calculation: 28.6062 s
task: 25
worker id: 68993
time create lcl and mol: 0.00221395 s
numbers of trajectories: 3846
time trajectory calculation: 22.6825 s
CCS time: 87.0371 s
*********************************************************
average value of CCS = 12170.8 Ang^2
error value of CCS = 109.338 Ang^2
Total time: 87.0835 s
Program finished...
*********************************************************
INPUT:: Simulation Parameters 
*********************************************************
target filename                  : 10_4avt_carga_31_min.xyz
number of probe                  : 10000
number of iterarions             : 10
number of tasks                  : 26
number of threads                : 24
seed number                      : 2104
gas buffer                       : N2
Target Temperature (K)           : 298
timestep (fs)                    : 10
Skin cell size (Ang)             : 0.01
Equipotential                    : no
Cut short-range interaction      : yes
LJ cutoff (Ang)                  : 12
Apply long-range interaction     : yes
Cut long-range interaction       : yes
Coulomb cutoff (Ang)             : 25
Apply induced-dipole interaction : yes
alpha (Ang^3)                    : 1.71
force_type: 6
*********************************************************
Force Field parameters: 
*********************************************************
Symbol  mass (amu)  epislon (kcal/mol)  sigma(Angstroms) 
C   12.011   0.0824736   3.2255
N   14.007   0.0758527   3.5719
H   1.008   0.0362711   1.8986
O   15.999   0.062323   3.075
S   32.06   0.138032   3.4237
P   30.9738   0.145372   3.47
*********************************************************
MOLECULE:: orientation around the inertia principal axis 
*********************************************************
Inertia matrix a.u. Ang^2: 
{  2.29035e+08  -1.13344e+07  8.2053e+06  }
{  -1.13344e+07  2.50171e+08  -1.78791e+07  }
{  8.2053e+06  -1.78791e+07  2.38415e+08  }
Rotation matrix applied to molecule: 
{  0.337034  -0.762644  0.552071  }
{  0.941493  0.272859  -0.197838  }
{  0.000241967  0.586449  0.809986  }
Molecule radius: 60.1159 Ang 
orientation time of molecule target: 0.03176 s
target mass: 232455 amu
gas mass: 28.014 amu
reduce mass: 28.014 amu
charge state: 31 e
*********************************************************
Geometric Ellipsoid: 
*********************************************************
maximal distances: 40.6569  53.3921  53.9199  Ang
Initial axis length: 91.7645  104.5  105.027  Ang
Ellipsoid axis length: 101.294  114.03  114.557  Ang
ellipsoid calculation time: 0.000257015 s
maximal impact parameter: 114.557 Ang
*********************************************************
Linked-cell: 
Numbers of cells: 6460
Nx: 17 Ny: 19 Nz: 20
Filled cells: 383
Empty cells: 6077
Average atoms per cell: 85.5718
Maximum atoms per cell: 208
Minimum atoms per cell: 1
Simulation box: 
lx: 204.17 Ang
ly: 228.19 Ang
lz: 240.2 Ang
linked-cell calculation time: 0.00917983 s
time info: 0.00102997 s
*********************************************************
Trajectory calculations 
*********************************************************
out target time: 95.4856 s
Ntraj: 10000
Nfree: 807
Nscatter: 9183
Nlost: 10
omega: 12434
Ntraj: 10000
Nfree: 768
Nscatter: 9216
Nlost: 16
omega: 12396.6
Ntraj: 10000
Nfree: 742
Nscatter: 9249
Nlost: 9
omega: 12235.9
Ntraj: 10000
Nfree: 751
Nscatter: 9239
Nlost: 10
omega: 12134
Ntraj: 10000
Nfree: 760
Nscatter: 9234
Nlost: 6
omega: 12359.1
Ntraj: 10000
Nfree: 818
Nscatter: 9167
Nlost: 15
omega: 11929.3
Ntraj: 10000
Nfree: 791
Nscatter: 9201
Nlost: 8
omega: 11665.4
Ntraj: 10000
Nfree: 800
Nscatter: 9195
Nlost: 5
omega: 11729.7
Ntraj: 10000
Nfree: 819
Nscatter: 9171
Nlost: 10
omega: 11959.1
Ntraj: 10000
Nfree: 753
Nscatter: 9233
Nlost: 14
omega: 12864.4
*********************************************************
task: 0
worker id: 71296
time create lcl and mol: 0.00220299 s
numbers of trajectories: 3847
time trajectory calculation: 30.2768 s
task: 1
worker id: 91988
time create lcl and mol: 0.00212193 s
numbers of trajectories: 3847
time trajectory calculation: 19.9157 s
task: 2
worker id: 91988
time create lcl and mol: 0.00199008 s
numbers of trajectories: 3847
time trajectory calculation: 27.9182 s
task: 3
worker id: 72234
time create lcl and mol: 0.00205994 s
numbers of trajectories: 3847
time trajectory calculation: 23.6738 s
task: 4
worker id: 70923
time create lcl and mol: 0.00191092 s
numbers of trajectories: 3846
time trajectory calculation: 32.9628 s
task: 5
worker id: 72372
time create lcl and mol: 0.00213504 s
numbers of trajectories: 3846
time trajectory calculation: 25.1245 s
task: 6
worker id: 72234
time create lcl and mol: 0.00214505 s
numbers of trajectories: 3846
time trajectory calculation: 24.1583 s
task: 7
worker id: 70214
time create lcl and mol: 0.00212598 s
numbers of trajectories: 3846
time trajectory calculation: 24.7335 s
task: 8
worker id: 70214
time create lcl and mol: 0.00198102 s
numbers of trajectories: 3846
time trajectory calculation: 22.3845 s
task: 9
worker id: 72234
time create lcl and mol: 0.0021379 s
numbers of trajectories: 3846
time trajectory calculation: 29.7381 s
task: 10
worker id: 70923
time create lcl and mol: 0.00215197 s
numbers of trajectories: 3846
time trajectory calculation: 24.2876 s
task: 11
worker id: 72741
time create lcl and mol: 0.00217795 s
numbers of trajectories: 3846
time trajectory calculation: 27.758 s
task: 12
worker id: 91988
time create lcl and mol: 0.00251794 s
numbers of trajectories: 3846
time trajectory calculation: 22.2166 s
task: 13
worker id: 72741
time create lcl and mol: 0.00209498 s
numbers of trajectories: 3846
time trajectory calculation: 22.2801 s
task: 14
worker id: 70923
time create lcl and mol: 0.0021131 s
numbers of trajectories: 3846
time trajectory calculation: 15.1296 s
task: 15
worker id: 71296
time create lcl and mol: 0.00206494 s
numbers of trajectories: 3846
time trajectory calculation: 22.5434 s
task: 16
worker id: 71928
time create lcl and mol: 0.00210381 s
numbers of trajectories: 3846
time trajectory calculation: 26.8182 s
task: 17
worker id: 71928
time create lcl and mol: 0.00219321 s
numbers of trajectories: 3846
time trajectory calculation: 21.5245 s
task: 18
worker id: 70214
time create lcl and mol: 0.00215197 s
numbers of trajectories: 3846
time trajectory calculation: 24.0574 s
task: 19
worker id: 72741
time create lcl and mol: 0.00199699 s
numbers of trajectories: 3846
time trajectory calculation: 18.7019 s
task: 20
worker id: 72372
time create lcl and mol: 0.00209618 s
numbers of trajectories: 3846
time trajectory calculation: 26.8213 s
task: 21
worker id: 72741
time create lcl and mol: 0.00208497 s
numbers of trajectories: 3846
time trajectory calculation: 16.4995 s
task: 22
worker id: 72372
time create lcl and mol: 0.00205088 s
numbers of trajectories: 3846
time trajectory calculation: 28.3335 s
task: 23
worker id: 72234
time create lcl and mol: 0.00207305 s
numbers of trajectories: 3846
time trajectory calculation: 17.8307 s
task: 24
worker id: 71928
time create lcl and mol: 0.00209808 s
numbers of trajectories: 3846
time trajectory calculation: 28.6868 s
task: 25
worker id: 71296
time create lcl and mol: 0.00208211 s
numbers of trajectories: 3846
time trajectory calculation: 22.416 s
CCS time: 95.4963 s
*********************************************************
average value of CCS = 12170.8 Ang^2
error value of CCS = 109.338 Ang^2
Total time: 95.5429 s
Program finished...
*********************************************************
INPUT:: Simulation Parameters 
*********************************************************
target filename                  : 10_4avt_carga_31_min.xyz
number of probe                  : 10000
number of iterarions             : 10
number of tasks                  : 26
number of threads                : 24
seed number                      : 2104
gas buffer                       : N2
Target Temperature (K)           : 298
timestep (fs)                    : 10
Skin cell size (Ang)             : 0.01
Equipotential                    : no
Cut short-range interaction      : yes
LJ cutoff (Ang)                  : 12
Apply long-range interaction     : yes
Cut long-range interaction       : yes
Coulomb cutoff (Ang)             : 25
Apply induced-dipole interaction : yes
alpha (Ang^3)                    : 1.71
force_type: 6
*********************************************************
Force Field parameters: 
*********************************************************
Symbol  mass (amu)  epislon (kcal/mol)  sigma(Angstroms) 
C   12.011   0.0824736   3.2255
N   14.007   0.0758527   3.5719
H   1.008   0.0362711   1.8986
O   15.999   0.062323   3.075
S   32.06   0.138032   3.4237
P   30.9738   0.145372   3.47
*********************************************************
MOLECULE:: orientation around the inertia principal axis 
*********************************************************
Inertia matrix a.u. Ang^2: 
{  2.29035e+08  -1.13344e+07  8.2053e+06  }
{  -1.13344e+07  2.50171e+08  -1.78791e+07  }
{  8.2053e+06  -1.78791e+07  2.38415e+08  }
Rotation matrix applied to molecule: 
{  0.337034  -0.762644  0.552071  }
{  0.941493  0.272859  -0.197838  }
{  0.000241967  0.586449  0.809986  }
Molecule radius: 60.1159 Ang 
orientation time of molecule target: 0.031754 s
target mass: 232455 amu
gas mass: 28.014 amu
reduce mass: 28.014 amu
charge state: 31 e
*********************************************************
Geometric Ellipsoid: 
*********************************************************
maximal distances: 40.6569  53.3921  53.9199  Ang
Initial axis length: 91.7645  104.5  105.027  Ang
Ellipsoid axis length: 101.294  114.03  114.557  Ang
ellipsoid calculation time: 0.000245094 s
maximal impact parameter: 114.557 Ang
*********************************************************
Linked-cell: 
Numbers of cells: 6460
Nx: 17 Ny: 19 Nz: 20
Filled cells: 383
Empty cells: 6077
Average atoms per cell: 85.5718
Maximum atoms per cell: 208
Minimum atoms per cell: 1
Simulation box: 
lx: 204.17 Ang
ly: 228.19 Ang
lz: 240.2 Ang
linked-cell calculation time: 0.00922203 s
time info: 0.00104308 s
*********************************************************
Trajectory calculations 
*********************************************************
out target time: 91.4152 s
Ntraj: 10000
Nfree: 807
Nscatter: 9183
Nlost: 10
omega: 12434
Ntraj: 10000
Nfree: 768
Nscatter: 9216
Nlost: 16
omega: 12396.6
Ntraj: 10000
Nfree: 742
Nscatter: 9249
Nlost: 9
omega: 12235.9
Ntraj: 10000
Nfree: 751
Nscatter: 9239
Nlost: 10
omega: 12134
Ntraj: 10000
Nfree: 760
Nscatter: 9234
Nlost: 6
omega: 12359.1
Ntraj: 10000
Nfree: 818
Nscatter: 9167
Nlost: 15
omega: 11929.3
Ntraj: 10000
Nfree: 791
Nscatter: 9201
Nlost: 8
omega: 11665.4
Ntraj: 10000
Nfree: 800
Nscatter: 9195
Nlost: 5
omega: 11729.7
Ntraj: 10000
Nfree: 819
Nscatter: 9171
Nlost: 10
omega: 11959.1
Ntraj: 10000
Nfree: 753
Nscatter: 9233
Nlost: 14
omega: 12864.4
*********************************************************
task: 0
worker id: 75184
time create lcl and mol: 0.00218201 s
numbers of trajectories: 3847
time trajectory calculation: 30.5438 s
task: 1
worker id: 74241
time create lcl and mol: 0.00209284 s
numbers of trajectories: 3847
time trajectory calculation: 19.7391 s
task: 2
worker id: 94949
time create lcl and mol: 0.00222111 s
numbers of trajectories: 3847
time trajectory calculation: 27.7805 s
task: 3
worker id: 73874
time create lcl and mol: 0.00226998 s
numbers of trajectories: 3847
time trajectory calculation: 22.6056 s
task: 4
worker id: 73152
time create lcl and mol: 0.00210094 s
numbers of trajectories: 3846
time trajectory calculation: 33.4367 s
task: 5
worker id: 75322
time create lcl and mol: 0.00206804 s
numbers of trajectories: 3846
time trajectory calculation: 25.6625 s
task: 6
worker id: 74872
time create lcl and mol: 0.00209379 s
numbers of trajectories: 3846
time trajectory calculation: 23.9617 s
task: 7
worker id: 75691
time create lcl and mol: 0.00197291 s
numbers of trajectories: 3846
time trajectory calculation: 24.6192 s
task: 8
worker id: 73874
time create lcl and mol: 0.00218511 s
numbers of trajectories: 3846
time trajectory calculation: 22.6267 s
task: 9
worker id: 75184
time create lcl and mol: 0.002141 s
numbers of trajectories: 3846
time trajectory calculation: 30.0581 s
task: 10
worker id: 94949
time create lcl and mol: 0.00197601 s
numbers of trajectories: 3846
time trajectory calculation: 24.1984 s
task: 11
worker id: 74872
time create lcl and mol: 0.002105 s
numbers of trajectories: 3846
time trajectory calculation: 27.718 s
task: 12
worker id: 75691
time create lcl and mol: 0.00273204 s
numbers of trajectories: 3846
time trajectory calculation: 21.9568 s
task: 13
worker id: 73152
time create lcl and mol: 0.00215912 s
numbers of trajectories: 3846
time trajectory calculation: 22.2312 s
task: 14
worker id: 73874
time create lcl and mol: 0.00222993 s
numbers of trajectories: 3846
time trajectory calculation: 15.0132 s
task: 15
worker id: 75322
time create lcl and mol: 0.00215602 s
numbers of trajectories: 3846
time trajectory calculation: 22.4238 s
task: 16
worker id: 74872
time create lcl and mol: 0.0022099 s
numbers of trajectories: 3846
time trajectory calculation: 26.4387 s
task: 17
worker id: 94949
time create lcl and mol: 0.0020721 s
numbers of trajectories: 3846
time trajectory calculation: 22.248 s
task: 18
worker id: 74241
time create lcl and mol: 0.00211787 s
numbers of trajectories: 3846
time trajectory calculation: 24.5532 s
task: 19
worker id: 74241
time create lcl and mol: 0.00227308 s
numbers of trajectories: 3846
time trajectory calculation: 18.9286 s
task: 20
worker id: 75322
time create lcl and mol: 0.00209904 s
numbers of trajectories: 3846
time trajectory calculation: 27.0337 s
task: 21
worker id: 75691
time create lcl and mol: 0.00199699 s
numbers of trajectories: 3846
time trajectory calculation: 16.6671 s
task: 22
worker id: 74241
time create lcl and mol: 0.00197697 s
numbers of trajectories: 3846
time trajectory calculation: 28.1014 s
task: 23
worker id: 73874
time create lcl and mol: 0.00220299 s
numbers of trajectories: 3846
time trajectory calculation: 18.0492 s
task: 24
worker id: 75184
time create lcl and mol: 0.00219107 s
numbers of trajectories: 3846
time trajectory calculation: 29.0697 s
task: 25
worker id: 73152
time create lcl and mol: 0.002244 s
numbers of trajectories: 3846
time trajectory calculation: 22.2236 s
CCS time: 91.4261 s
*********************************************************
average value of CCS = 12170.8 Ang^2
error value of CCS = 109.338 Ang^2
Total time: 91.4722 s
Program finished...
