*********************************************************
INPUT:: Simulation Parameters 
*********************************************************
target filename                  : 06_1hrc_carga_5_min.xyz
number of probe                  : 10000
number of iterarions             : 10
number of tasks                  : 12
number of threads                : 24
seed number                      : 2104
gas buffer                       : N2
Target Temperature (K)           : 298
timestep (fs)                    : 10
Skin cell size (Ang)             : 0.01
Equipotential                    : no
Cut short-range interaction      : yes
LJ cutoff (Ang)                  : 12
Apply long-range interaction     : yes
Cut long-range interaction       : yes
Coulomb cutoff (Ang)             : 25
Apply induced-dipole interaction : yes
alpha (Ang^3)                    : 1.71
force_type: 6
*********************************************************
Force Field parameters: 
*********************************************************
Symbol  mass (amu)  epislon (kcal/mol)  sigma(Angstroms) 
C   12.011   0.0824736   3.2255
N   14.007   0.0758527   3.5719
H   1.008   0.0362711   1.8986
O   15.999   0.062323   3.075
S   32.06   0.138032   3.4237
P   30.9738   0.145372   3.47
*********************************************************
MOLECULE:: orientation around the inertia principal axis 
*********************************************************
Inertia matrix a.u. Ang^2: 
{  1.22096e+06  -10038.4  91543.1  }
{  -10038.4  1.40517e+06  -122477  }
{  91543.1  -122477  1.11095e+06  }
Rotation matrix applied to molecule: 
{  0.18244  -0.91071  0.370572  }
{  -0.404106  0.274139  0.872666  }
{  -0.896334  -0.308959  -0.31801  }
Molecule radius: 21.2287 Ang 
orientation time of molecule target: 0.0574811 s
target mass: 11706.6 amu
gas mass: 28.014 amu
reduce mass: 28.014 amu
charge state: 4.9988 e
*********************************************************
Geometric Ellipsoid: 
*********************************************************
maximal distances: 16.2594  19.5411  21.0159  Ang
Initial axis length: 67.367  70.6487  72.1235  Ang
Ellipsoid axis length: 69.207  72.4887  73.9635  Ang
ellipsoid calculation time: 3.91006e-05 s
maximal impact parameter: 73.9635 Ang
*********************************************************
Linked-cell: 
Numbers of cells: 2028
Nx: 12 Ny: 13 Nz: 13
Filled cells: 29
Empty cells: 1999
Average atoms per cell: 57.5172
Maximum atoms per cell: 179
Minimum atoms per cell: 1
Simulation box: 
lx: 144.12 Ang
ly: 156.13 Ang
lz: 156.13 Ang
linked-cell calculation time: 0.00213695 s
time info: 8.79765e-05 s
*********************************************************
Trajectory calculations 
*********************************************************
out target time: 12.7536 s
Ntraj: 10000
Nfree: 564
Nscatter: 9433
Nlost: 3
omega: 1587.99
Ntraj: 10000
Nfree: 521
Nscatter: 9476
Nlost: 3
omega: 1598.73
Ntraj: 10000
Nfree: 555
Nscatter: 9445
Nlost: 0
omega: 1464.82
Ntraj: 10000
Nfree: 535
Nscatter: 9464
Nlost: 1
omega: 1507.73
Ntraj: 10000
Nfree: 567
Nscatter: 9432
Nlost: 1
omega: 1602.82
Ntraj: 10000
Nfree: 562
Nscatter: 9435
Nlost: 3
omega: 1620.81
Ntraj: 10000
Nfree: 534
Nscatter: 9466
Nlost: 0
omega: 1484.53
Ntraj: 10000
Nfree: 551
Nscatter: 9449
Nlost: 0
omega: 1496.43
Ntraj: 10000
Nfree: 559
Nscatter: 9441
Nlost: 0
omega: 1498.36
Ntraj: 10000
Nfree: 523
Nscatter: 9475
Nlost: 2
omega: 1603.65
*********************************************************
task: 0
worker id: 71465
time create lcl and mol: 0.000483036 s
numbers of trajectories: 8334
time trajectory calculation: 4.57006 s
task: 1
worker id: 34504
time create lcl and mol: 0.000634909 s
numbers of trajectories: 8334
time trajectory calculation: 5.60345 s
task: 2
worker id: 56102
time create lcl and mol: 0.000496149 s
numbers of trajectories: 8334
time trajectory calculation: 5.31763 s
task: 3
worker id: 7347
time create lcl and mol: 0.000519037 s
numbers of trajectories: 8334
time trajectory calculation: 2.93694 s
task: 4
worker id: 9626
time create lcl and mol: 0.000487089 s
numbers of trajectories: 8333
time trajectory calculation: 5.0588 s
task: 5
worker id: 78947
time create lcl and mol: 0.000478983 s
numbers of trajectories: 8333
time trajectory calculation: 6.13978 s
task: 6
worker id: 36771
time create lcl and mol: 0.000511885 s
numbers of trajectories: 8333
time trajectory calculation: 5.20207 s
task: 7
worker id: 62398
time create lcl and mol: 0.000481129 s
numbers of trajectories: 8333
time trajectory calculation: 4.88685 s
task: 8
worker id: 7347
time create lcl and mol: 0.000469923 s
numbers of trajectories: 8333
time trajectory calculation: 2.93576 s
task: 9
worker id: 9626
time create lcl and mol: 0.000476837 s
numbers of trajectories: 8333
time trajectory calculation: 3.09541 s
task: 10
worker id: 71465
time create lcl and mol: 0.00050807 s
numbers of trajectories: 8333
time trajectory calculation: 4.13779 s
task: 11
worker id: 62398
time create lcl and mol: 0.000504017 s
numbers of trajectories: 8333
time trajectory calculation: 7.75296 s
CCS time: 12.7636 s
*********************************************************
average value of CCS = 1546.59 Ang^2
error value of CCS = 18.234 Ang^2
Total time: 12.8281 s
Program finished...
*********************************************************
INPUT:: Simulation Parameters 
*********************************************************
target filename                  : 06_1hrc_carga_5_min.xyz
number of probe                  : 10000
number of iterarions             : 10
number of tasks                  : 12
number of threads                : 24
seed number                      : 2104
gas buffer                       : N2
Target Temperature (K)           : 298
timestep (fs)                    : 10
Skin cell size (Ang)             : 0.01
Equipotential                    : no
Cut short-range interaction      : yes
LJ cutoff (Ang)                  : 12
Apply long-range interaction     : yes
Cut long-range interaction       : yes
Coulomb cutoff (Ang)             : 25
Apply induced-dipole interaction : yes
alpha (Ang^3)                    : 1.71
force_type: 6
*********************************************************
Force Field parameters: 
*********************************************************
Symbol  mass (amu)  epislon (kcal/mol)  sigma(Angstroms) 
C   12.011   0.0824736   3.2255
N   14.007   0.0758527   3.5719
H   1.008   0.0362711   1.8986
O   15.999   0.062323   3.075
S   32.06   0.138032   3.4237
P   30.9738   0.145372   3.47
*********************************************************
MOLECULE:: orientation around the inertia principal axis 
*********************************************************
Inertia matrix a.u. Ang^2: 
{  1.22096e+06  -10038.4  91543.1  }
{  -10038.4  1.40517e+06  -122477  }
{  91543.1  -122477  1.11095e+06  }
Rotation matrix applied to molecule: 
{  0.18244  -0.91071  0.370572  }
{  -0.404106  0.274139  0.872666  }
{  -0.896334  -0.308959  -0.31801  }
Molecule radius: 21.2287 Ang 
orientation time of molecule target: 0.00246811 s
target mass: 11706.6 amu
gas mass: 28.014 amu
reduce mass: 28.014 amu
charge state: 4.9988 e
*********************************************************
Geometric Ellipsoid: 
*********************************************************
maximal distances: 16.2594  19.5411  21.0159  Ang
Initial axis length: 67.367  70.6487  72.1235  Ang
Ellipsoid axis length: 69.207  72.4887  73.9635  Ang
ellipsoid calculation time: 4.1008e-05 s
maximal impact parameter: 73.9635 Ang
*********************************************************
Linked-cell: 
Numbers of cells: 2028
Nx: 12 Ny: 13 Nz: 13
Filled cells: 29
Empty cells: 1999
Average atoms per cell: 57.5172
Maximum atoms per cell: 179
Minimum atoms per cell: 1
Simulation box: 
lx: 144.12 Ang
ly: 156.13 Ang
lz: 156.13 Ang
linked-cell calculation time: 0.00211906 s
time info: 8.79765e-05 s
*********************************************************
Trajectory calculations 
*********************************************************
out target time: 10.7582 s
Ntraj: 10000
Nfree: 564
Nscatter: 9433
Nlost: 3
omega: 1587.99
Ntraj: 10000
Nfree: 521
Nscatter: 9476
Nlost: 3
omega: 1598.73
Ntraj: 10000
Nfree: 555
Nscatter: 9445
Nlost: 0
omega: 1464.82
Ntraj: 10000
Nfree: 535
Nscatter: 9464
Nlost: 1
omega: 1507.73
Ntraj: 10000
Nfree: 567
Nscatter: 9432
Nlost: 1
omega: 1602.82
Ntraj: 10000
Nfree: 562
Nscatter: 9435
Nlost: 3
omega: 1620.81
Ntraj: 10000
Nfree: 534
Nscatter: 9466
Nlost: 0
omega: 1484.53
Ntraj: 10000
Nfree: 551
Nscatter: 9449
Nlost: 0
omega: 1496.43
Ntraj: 10000
Nfree: 559
Nscatter: 9441
Nlost: 0
omega: 1498.36
Ntraj: 10000
Nfree: 523
Nscatter: 9475
Nlost: 2
omega: 1603.65
*********************************************************
task: 0
worker id: 37500
time create lcl and mol: 0.000501871 s
numbers of trajectories: 8334
time trajectory calculation: 4.4486 s
task: 1
worker id: 56814
time create lcl and mol: 0.000442028 s
numbers of trajectories: 8334
time trajectory calculation: 5.44607 s
task: 2
worker id: 37500
time create lcl and mol: 0.000497818 s
numbers of trajectories: 8334
time trajectory calculation: 5.17465 s
task: 3
worker id: 35218
time create lcl and mol: 0.000462055 s
numbers of trajectories: 8334
time trajectory calculation: 2.90615 s
task: 4
worker id: 10337
time create lcl and mol: 0.000511885 s
numbers of trajectories: 8333
time trajectory calculation: 5.29556 s
task: 5
worker id: 63107
time create lcl and mol: 0.000495911 s
numbers of trajectories: 8333
time trajectory calculation: 6.09429 s
task: 6
worker id: 8059
time create lcl and mol: 0.000473976 s
numbers of trajectories: 8333
time trajectory calculation: 4.96892 s
task: 7
worker id: 72182
time create lcl and mol: 0.000445127 s
numbers of trajectories: 8333
time trajectory calculation: 4.7606 s
task: 8
worker id: 79661
time create lcl and mol: 0.00071907 s
numbers of trajectories: 8333
time trajectory calculation: 3.09822 s
task: 9
worker id: 63107
time create lcl and mol: 0.000624895 s
numbers of trajectories: 8333
time trajectory calculation: 3.27172 s
task: 10
worker id: 79661
time create lcl and mol: 0.00051713 s
numbers of trajectories: 8333
time trajectory calculation: 4.0375 s
task: 11
worker id: 35218
time create lcl and mol: 0.000519991 s
numbers of trajectories: 8333
time trajectory calculation: 7.79585 s
CCS time: 10.7682 s
*********************************************************
average value of CCS = 1546.59 Ang^2
error value of CCS = 18.234 Ang^2
Total time: 10.7777 s
Program finished...
*********************************************************
INPUT:: Simulation Parameters 
*********************************************************
target filename                  : 06_1hrc_carga_5_min.xyz
number of probe                  : 10000
number of iterarions             : 10
number of tasks                  : 12
number of threads                : 24
seed number                      : 2104
gas buffer                       : N2
Target Temperature (K)           : 298
timestep (fs)                    : 10
Skin cell size (Ang)             : 0.01
Equipotential                    : no
Cut short-range interaction      : yes
LJ cutoff (Ang)                  : 12
Apply long-range interaction     : yes
Cut long-range interaction       : yes
Coulomb cutoff (Ang)             : 25
Apply induced-dipole interaction : yes
alpha (Ang^3)                    : 1.71
force_type: 6
*********************************************************
Force Field parameters: 
*********************************************************
Symbol  mass (amu)  epislon (kcal/mol)  sigma(Angstroms) 
C   12.011   0.0824736   3.2255
N   14.007   0.0758527   3.5719
H   1.008   0.0362711   1.8986
O   15.999   0.062323   3.075
S   32.06   0.138032   3.4237
P   30.9738   0.145372   3.47
*********************************************************
MOLECULE:: orientation around the inertia principal axis 
*********************************************************
Inertia matrix a.u. Ang^2: 
{  1.22096e+06  -10038.4  91543.1  }
{  -10038.4  1.40517e+06  -122477  }
{  91543.1  -122477  1.11095e+06  }
Rotation matrix applied to molecule: 
{  0.18244  -0.91071  0.370572  }
{  -0.404106  0.274139  0.872666  }
{  -0.896334  -0.308959  -0.31801  }
Molecule radius: 21.2287 Ang 
orientation time of molecule target: 0.00241494 s
target mass: 11706.6 amu
gas mass: 28.014 amu
reduce mass: 28.014 amu
charge state: 4.9988 e
*********************************************************
Geometric Ellipsoid: 
*********************************************************
maximal distances: 16.2594  19.5411  21.0159  Ang
Initial axis length: 67.367  70.6487  72.1235  Ang
Ellipsoid axis length: 69.207  72.4887  73.9635  Ang
ellipsoid calculation time: 4.29153e-05 s
maximal impact parameter: 73.9635 Ang
*********************************************************
Linked-cell: 
Numbers of cells: 2028
Nx: 12 Ny: 13 Nz: 13
Filled cells: 29
Empty cells: 1999
Average atoms per cell: 57.5172
Maximum atoms per cell: 179
Minimum atoms per cell: 1
Simulation box: 
lx: 144.12 Ang
ly: 156.13 Ang
lz: 156.13 Ang
linked-cell calculation time: 0.00211883 s
time info: 8.70228e-05 s
*********************************************************
Trajectory calculations 
*********************************************************
out target time: 12.0765 s
Ntraj: 10000
Nfree: 564
Nscatter: 9433
Nlost: 3
omega: 1587.99
Ntraj: 10000
Nfree: 521
Nscatter: 9476
Nlost: 3
omega: 1598.73
Ntraj: 10000
Nfree: 555
Nscatter: 9445
Nlost: 0
omega: 1464.82
Ntraj: 10000
Nfree: 535
Nscatter: 9464
Nlost: 1
omega: 1507.73
Ntraj: 10000
Nfree: 567
Nscatter: 9432
Nlost: 1
omega: 1602.82
Ntraj: 10000
Nfree: 562
Nscatter: 9435
Nlost: 3
omega: 1620.81
Ntraj: 10000
Nfree: 534
Nscatter: 9466
Nlost: 0
omega: 1484.53
Ntraj: 10000
Nfree: 551
Nscatter: 9449
Nlost: 0
omega: 1496.43
Ntraj: 10000
Nfree: 559
Nscatter: 9441
Nlost: 0
omega: 1498.36
Ntraj: 10000
Nfree: 523
Nscatter: 9475
Nlost: 2
omega: 1603.65
*********************************************************
task: 0
worker id: 10771
time create lcl and mol: 0.000463009 s
numbers of trajectories: 8334
time trajectory calculation: 4.55502 s
task: 1
worker id: 8496
time create lcl and mol: 0.000490904 s
numbers of trajectories: 8334
time trajectory calculation: 5.69239 s
task: 2
worker id: 72614
time create lcl and mol: 0.00047493 s
numbers of trajectories: 8334
time trajectory calculation: 5.21334 s
task: 3
worker id: 80094
time create lcl and mol: 0.000735044 s
numbers of trajectories: 8334
time trajectory calculation: 2.87324 s
task: 4
worker id: 35646
time create lcl and mol: 0.000472069 s
numbers of trajectories: 8333
time trajectory calculation: 5.25751 s
task: 5
worker id: 37948
time create lcl and mol: 0.000477076 s
numbers of trajectories: 8333
time trajectory calculation: 6.20896 s
task: 6
worker id: 63535
time create lcl and mol: 0.000525951 s
numbers of trajectories: 8333
time trajectory calculation: 4.94359 s
task: 7
worker id: 63535
time create lcl and mol: 0.000508785 s
numbers of trajectories: 8333
time trajectory calculation: 4.87704 s
task: 8
worker id: 80094
time create lcl and mol: 0.000519991 s
numbers of trajectories: 8333
time trajectory calculation: 2.88175 s
task: 9
worker id: 57242
time create lcl and mol: 0.000484943 s
numbers of trajectories: 8333
time trajectory calculation: 3.18468 s
task: 10
worker id: 57242
time create lcl and mol: 0.000447989 s
numbers of trajectories: 8333
time trajectory calculation: 4.13779 s
task: 11
worker id: 10771
time create lcl and mol: 0.000501871 s
numbers of trajectories: 8333
time trajectory calculation: 7.45049 s
CCS time: 12.0866 s
*********************************************************
average value of CCS = 1546.59 Ang^2
error value of CCS = 18.234 Ang^2
Total time: 12.0961 s
Program finished...
*********************************************************
INPUT:: Simulation Parameters 
*********************************************************
target filename                  : 06_1hrc_carga_5_min.xyz
number of probe                  : 10000
number of iterarions             : 10
number of tasks                  : 12
number of threads                : 24
seed number                      : 2104
gas buffer                       : N2
Target Temperature (K)           : 298
timestep (fs)                    : 10
Skin cell size (Ang)             : 0.01
Equipotential                    : no
Cut short-range interaction      : yes
LJ cutoff (Ang)                  : 12
Apply long-range interaction     : yes
Cut long-range interaction       : yes
Coulomb cutoff (Ang)             : 25
Apply induced-dipole interaction : yes
alpha (Ang^3)                    : 1.71
force_type: 6
*********************************************************
Force Field parameters: 
*********************************************************
Symbol  mass (amu)  epislon (kcal/mol)  sigma(Angstroms) 
C   12.011   0.0824736   3.2255
N   14.007   0.0758527   3.5719
H   1.008   0.0362711   1.8986
O   15.999   0.062323   3.075
S   32.06   0.138032   3.4237
P   30.9738   0.145372   3.47
*********************************************************
MOLECULE:: orientation around the inertia principal axis 
*********************************************************
Inertia matrix a.u. Ang^2: 
{  1.22096e+06  -10038.4  91543.1  }
{  -10038.4  1.40517e+06  -122477  }
{  91543.1  -122477  1.11095e+06  }
Rotation matrix applied to molecule: 
{  0.18244  -0.91071  0.370572  }
{  -0.404106  0.274139  0.872666  }
{  -0.896334  -0.308959  -0.31801  }
Molecule radius: 21.2287 Ang 
orientation time of molecule target: 0.00247812 s
target mass: 11706.6 amu
gas mass: 28.014 amu
reduce mass: 28.014 amu
charge state: 4.9988 e
*********************************************************
Geometric Ellipsoid: 
*********************************************************
maximal distances: 16.2594  19.5411  21.0159  Ang
Initial axis length: 67.367  70.6487  72.1235  Ang
Ellipsoid axis length: 69.207  72.4887  73.9635  Ang
ellipsoid calculation time: 3.98159e-05 s
maximal impact parameter: 73.9635 Ang
*********************************************************
Linked-cell: 
Numbers of cells: 2028
Nx: 12 Ny: 13 Nz: 13
Filled cells: 29
Empty cells: 1999
Average atoms per cell: 57.5172
Maximum atoms per cell: 179
Minimum atoms per cell: 1
Simulation box: 
lx: 144.12 Ang
ly: 156.13 Ang
lz: 156.13 Ang
linked-cell calculation time: 0.00214601 s
time info: 8.70228e-05 s
*********************************************************
Trajectory calculations 
*********************************************************
out target time: 11.7792 s
Ntraj: 10000
Nfree: 564
Nscatter: 9433
Nlost: 3
omega: 1587.99
Ntraj: 10000
Nfree: 521
Nscatter: 9476
Nlost: 3
omega: 1598.73
Ntraj: 10000
Nfree: 555
Nscatter: 9445
Nlost: 0
omega: 1464.82
Ntraj: 10000
Nfree: 535
Nscatter: 9464
Nlost: 1
omega: 1507.73
Ntraj: 10000
Nfree: 567
Nscatter: 9432
Nlost: 1
omega: 1602.82
Ntraj: 10000
Nfree: 562
Nscatter: 9435
Nlost: 3
omega: 1620.81
Ntraj: 10000
Nfree: 534
Nscatter: 9466
Nlost: 0
omega: 1484.53
Ntraj: 10000
Nfree: 551
Nscatter: 9449
Nlost: 0
omega: 1496.43
Ntraj: 10000
Nfree: 559
Nscatter: 9441
Nlost: 0
omega: 1498.36
Ntraj: 10000
Nfree: 523
Nscatter: 9475
Nlost: 2
omega: 1603.65
*********************************************************
task: 0
worker id: 11178
time create lcl and mol: 0.000638962 s
numbers of trajectories: 8334
time trajectory calculation: 4.59726 s
task: 1
worker id: 36051
time create lcl and mol: 0.000459194 s
numbers of trajectories: 8334
time trajectory calculation: 5.64622 s
task: 2
worker id: 73019
time create lcl and mol: 0.000482798 s
numbers of trajectories: 8334
time trajectory calculation: 5.21688 s
task: 3
worker id: 38366
time create lcl and mol: 0.000607014 s
numbers of trajectories: 8334
time trajectory calculation: 2.9693 s
task: 4
worker id: 80500
time create lcl and mol: 0.000487804 s
numbers of trajectories: 8333
time trajectory calculation: 5.2812 s
task: 5
worker id: 8902
time create lcl and mol: 0.000491858 s
numbers of trajectories: 8333
time trajectory calculation: 6.01632 s
task: 6
worker id: 57647
time create lcl and mol: 0.000515938 s
numbers of trajectories: 8333
time trajectory calculation: 5.17258 s
task: 7
worker id: 36051
time create lcl and mol: 0.00049901 s
numbers of trajectories: 8333
time trajectory calculation: 5.01347 s
task: 8
worker id: 38366
time create lcl and mol: 0.000478983 s
numbers of trajectories: 8333
time trajectory calculation: 3.10952 s
task: 9
worker id: 11178
time create lcl and mol: 0.000470877 s
numbers of trajectories: 8333
time trajectory calculation: 3.16987 s
task: 10
worker id: 63939
time create lcl and mol: 0.000560999 s
numbers of trajectories: 8333
time trajectory calculation: 3.99284 s
task: 11
worker id: 63939
time create lcl and mol: 0.000479937 s
numbers of trajectories: 8333
time trajectory calculation: 7.70443 s
CCS time: 11.7892 s
*********************************************************
average value of CCS = 1546.59 Ang^2
error value of CCS = 18.234 Ang^2
Total time: 11.7988 s
Program finished...
*********************************************************
INPUT:: Simulation Parameters 
*********************************************************
target filename                  : 06_1hrc_carga_5_min.xyz
number of probe                  : 10000
number of iterarions             : 10
number of tasks                  : 12
number of threads                : 24
seed number                      : 2104
gas buffer                       : N2
Target Temperature (K)           : 298
timestep (fs)                    : 10
Skin cell size (Ang)             : 0.01
Equipotential                    : no
Cut short-range interaction      : yes
LJ cutoff (Ang)                  : 12
Apply long-range interaction     : yes
Cut long-range interaction       : yes
Coulomb cutoff (Ang)             : 25
Apply induced-dipole interaction : yes
alpha (Ang^3)                    : 1.71
force_type: 6
*********************************************************
Force Field parameters: 
*********************************************************
Symbol  mass (amu)  epislon (kcal/mol)  sigma(Angstroms) 
C   12.011   0.0824736   3.2255
N   14.007   0.0758527   3.5719
H   1.008   0.0362711   1.8986
O   15.999   0.062323   3.075
S   32.06   0.138032   3.4237
P   30.9738   0.145372   3.47
*********************************************************
MOLECULE:: orientation around the inertia principal axis 
*********************************************************
Inertia matrix a.u. Ang^2: 
{  1.22096e+06  -10038.4  91543.1  }
{  -10038.4  1.40517e+06  -122477  }
{  91543.1  -122477  1.11095e+06  }
Rotation matrix applied to molecule: 
{  0.18244  -0.91071  0.370572  }
{  -0.404106  0.274139  0.872666  }
{  -0.896334  -0.308959  -0.31801  }
Molecule radius: 21.2287 Ang 
orientation time of molecule target: 0.00237203 s
target mass: 11706.6 amu
gas mass: 28.014 amu
reduce mass: 28.014 amu
charge state: 4.9988 e
*********************************************************
Geometric Ellipsoid: 
*********************************************************
maximal distances: 16.2594  19.5411  21.0159  Ang
Initial axis length: 67.367  70.6487  72.1235  Ang
Ellipsoid axis length: 69.207  72.4887  73.9635  Ang
ellipsoid calculation time: 3.79086e-05 s
maximal impact parameter: 73.9635 Ang
*********************************************************
Linked-cell: 
Numbers of cells: 2028
Nx: 12 Ny: 13 Nz: 13
Filled cells: 29
Empty cells: 1999
Average atoms per cell: 57.5172
Maximum atoms per cell: 179
Minimum atoms per cell: 1
Simulation box: 
lx: 144.12 Ang
ly: 156.13 Ang
lz: 156.13 Ang
linked-cell calculation time: 0.00214195 s
time info: 8.89301e-05 s
*********************************************************
Trajectory calculations 
*********************************************************
out target time: 12.3703 s
Ntraj: 10000
Nfree: 564
Nscatter: 9433
Nlost: 3
omega: 1587.99
Ntraj: 10000
Nfree: 521
Nscatter: 9476
Nlost: 3
omega: 1598.73
Ntraj: 10000
Nfree: 555
Nscatter: 9445
Nlost: 0
omega: 1464.82
Ntraj: 10000
Nfree: 535
Nscatter: 9464
Nlost: 1
omega: 1507.73
Ntraj: 10000
Nfree: 567
Nscatter: 9432
Nlost: 1
omega: 1602.82
Ntraj: 10000
Nfree: 562
Nscatter: 9435
Nlost: 3
omega: 1620.81
Ntraj: 10000
Nfree: 534
Nscatter: 9466
Nlost: 0
omega: 1484.53
Ntraj: 10000
Nfree: 551
Nscatter: 9449
Nlost: 0
omega: 1496.43
Ntraj: 10000
Nfree: 559
Nscatter: 9441
Nlost: 0
omega: 1498.36
Ntraj: 10000
Nfree: 523
Nscatter: 9475
Nlost: 2
omega: 1603.65
*********************************************************
task: 0
worker id: 80946
time create lcl and mol: 0.000478983 s
numbers of trajectories: 8334
time trajectory calculation: 4.5969 s
task: 1
worker id: 36497
time create lcl and mol: 0.000490904 s
numbers of trajectories: 8334
time trajectory calculation: 5.63492 s
task: 2
worker id: 64383
time create lcl and mol: 0.000479937 s
numbers of trajectories: 8334
time trajectory calculation: 5.28558 s
task: 3
worker id: 11635
time create lcl and mol: 0.000476837 s
numbers of trajectories: 8334
time trajectory calculation: 2.91998 s
task: 4
worker id: 73465
time create lcl and mol: 0.000511885 s
numbers of trajectories: 8333
time trajectory calculation: 5.32411 s
task: 5
worker id: 58093
time create lcl and mol: 0.000479937 s
numbers of trajectories: 8333
time trajectory calculation: 6.11561 s
task: 6
worker id: 9348
time create lcl and mol: 0.000479937 s
numbers of trajectories: 8333
time trajectory calculation: 5.19773 s
task: 7
worker id: 38825
time create lcl and mol: 0.000477791 s
numbers of trajectories: 8333
time trajectory calculation: 4.91216 s
task: 8
worker id: 11635
time create lcl and mol: 0.000518084 s
numbers of trajectories: 8333
time trajectory calculation: 3.04735 s
task: 9
worker id: 38825
time create lcl and mol: 0.000503063 s
numbers of trajectories: 8333
time trajectory calculation: 3.21628 s
task: 10
worker id: 9348
time create lcl and mol: 0.000515938 s
numbers of trajectories: 8333
time trajectory calculation: 4.08384 s
task: 11
worker id: 80946
time create lcl and mol: 0.000521898 s
numbers of trajectories: 8333
time trajectory calculation: 7.70928 s
CCS time: 12.3805 s
*********************************************************
average value of CCS = 1546.59 Ang^2
error value of CCS = 18.234 Ang^2
Total time: 12.3904 s
Program finished...
*********************************************************
INPUT:: Simulation Parameters 
*********************************************************
target filename                  : 06_1hrc_carga_5_min.xyz
number of probe                  : 10000
number of iterarions             : 10
number of tasks                  : 12
number of threads                : 24
seed number                      : 2104
gas buffer                       : N2
Target Temperature (K)           : 298
timestep (fs)                    : 10
Skin cell size (Ang)             : 0.01
Equipotential                    : no
Cut short-range interaction      : yes
LJ cutoff (Ang)                  : 12
Apply long-range interaction     : yes
Cut long-range interaction       : yes
Coulomb cutoff (Ang)             : 25
Apply induced-dipole interaction : yes
alpha (Ang^3)                    : 1.71
force_type: 6
*********************************************************
Force Field parameters: 
*********************************************************
Symbol  mass (amu)  epislon (kcal/mol)  sigma(Angstroms) 
C   12.011   0.0824736   3.2255
N   14.007   0.0758527   3.5719
H   1.008   0.0362711   1.8986
O   15.999   0.062323   3.075
S   32.06   0.138032   3.4237
P   30.9738   0.145372   3.47
*********************************************************
MOLECULE:: orientation around the inertia principal axis 
*********************************************************
Inertia matrix a.u. Ang^2: 
{  1.22096e+06  -10038.4  91543.1  }
{  -10038.4  1.40517e+06  -122477  }
{  91543.1  -122477  1.11095e+06  }
Rotation matrix applied to molecule: 
{  0.18244  -0.91071  0.370572  }
{  -0.404106  0.274139  0.872666  }
{  -0.896334  -0.308959  -0.31801  }
Molecule radius: 21.2287 Ang 
orientation time of molecule target: 0.0384822 s
target mass: 11706.6 amu
gas mass: 28.014 amu
reduce mass: 28.014 amu
charge state: 4.9988 e
*********************************************************
Geometric Ellipsoid: 
*********************************************************
maximal distances: 16.2594  19.5411  21.0159  Ang
Initial axis length: 67.367  70.6487  72.1235  Ang
Ellipsoid axis length: 69.207  72.4887  73.9635  Ang
ellipsoid calculation time: 3.88622e-05 s
maximal impact parameter: 73.9635 Ang
*********************************************************
Linked-cell: 
Numbers of cells: 2028
Nx: 12 Ny: 13 Nz: 13
Filled cells: 29
Empty cells: 1999
Average atoms per cell: 57.5172
Maximum atoms per cell: 179
Minimum atoms per cell: 1
Simulation box: 
lx: 144.12 Ang
ly: 156.13 Ang
lz: 156.13 Ang
linked-cell calculation time: 0.00208592 s
time info: 8.60691e-05 s
*********************************************************
Trajectory calculations 
*********************************************************
out target time: 12.6819 s
Ntraj: 10000
Nfree: 564
Nscatter: 9433
Nlost: 3
omega: 1587.99
Ntraj: 10000
Nfree: 521
Nscatter: 9476
Nlost: 3
omega: 1598.73
Ntraj: 10000
Nfree: 555
Nscatter: 9445
Nlost: 0
omega: 1464.82
Ntraj: 10000
Nfree: 535
Nscatter: 9464
Nlost: 1
omega: 1507.73
Ntraj: 10000
Nfree: 567
Nscatter: 9432
Nlost: 1
omega: 1602.82
Ntraj: 10000
Nfree: 562
Nscatter: 9435
Nlost: 3
omega: 1620.81
Ntraj: 10000
Nfree: 534
Nscatter: 9466
Nlost: 0
omega: 1484.53
Ntraj: 10000
Nfree: 551
Nscatter: 9449
Nlost: 0
omega: 1496.43
Ntraj: 10000
Nfree: 559
Nscatter: 9441
Nlost: 0
omega: 1498.36
Ntraj: 10000
Nfree: 523
Nscatter: 9475
Nlost: 2
omega: 1603.65
*********************************************************
task: 0
worker id: 27445
time create lcl and mol: 0.000522852 s
numbers of trajectories: 8334
time trajectory calculation: 4.55304 s
task: 1
worker id: 27374
time create lcl and mol: 0.000498056 s
numbers of trajectories: 8334
time trajectory calculation: 5.4445 s
task: 2
worker id: 27702
time create lcl and mol: 0.000455856 s
numbers of trajectories: 8334
time trajectory calculation: 5.12512 s
task: 3
worker id: 27503
time create lcl and mol: 0.000487804 s
numbers of trajectories: 8334
time trajectory calculation: 2.88671 s
task: 4
worker id: 27829
time create lcl and mol: 0.000442982 s
numbers of trajectories: 8333
time trajectory calculation: 5.10362 s
task: 5
worker id: 29877
time create lcl and mol: 0.000481129 s
numbers of trajectories: 8333
time trajectory calculation: 6.23232 s
task: 6
worker id: 27173
time create lcl and mol: 0.000643969 s
numbers of trajectories: 8333
time trajectory calculation: 5.08737 s
task: 7
worker id: 26624
time create lcl and mol: 0.000463963 s
numbers of trajectories: 8333
time trajectory calculation: 4.86687 s
task: 8
worker id: 27445
time create lcl and mol: 0.000506878 s
numbers of trajectories: 8333
time trajectory calculation: 3.06831 s
task: 9
worker id: 27503
time create lcl and mol: 0.000513077 s
numbers of trajectories: 8333
time trajectory calculation: 3.09702 s
task: 10
worker id: 27173
time create lcl and mol: 0.000498056 s
numbers of trajectories: 8333
time trajectory calculation: 4.16373 s
task: 11
worker id: 26624
time create lcl and mol: 0.000602961 s
numbers of trajectories: 8333
time trajectory calculation: 7.73156 s
CCS time: 12.6919 s
*********************************************************
average value of CCS = 1546.59 Ang^2
error value of CCS = 18.234 Ang^2
Total time: 12.7378 s
Program finished...
*********************************************************
INPUT:: Simulation Parameters 
*********************************************************
target filename                  : 06_1hrc_carga_5_min.xyz
number of probe                  : 10000
number of iterarions             : 10
number of tasks                  : 12
number of threads                : 24
seed number                      : 2104
gas buffer                       : N2
Target Temperature (K)           : 298
timestep (fs)                    : 10
Skin cell size (Ang)             : 0.01
Equipotential                    : no
Cut short-range interaction      : yes
LJ cutoff (Ang)                  : 12
Apply long-range interaction     : yes
Cut long-range interaction       : yes
Coulomb cutoff (Ang)             : 25
Apply induced-dipole interaction : yes
alpha (Ang^3)                    : 1.71
force_type: 6
*********************************************************
Force Field parameters: 
*********************************************************
Symbol  mass (amu)  epislon (kcal/mol)  sigma(Angstroms) 
C   12.011   0.0824736   3.2255
N   14.007   0.0758527   3.5719
H   1.008   0.0362711   1.8986
O   15.999   0.062323   3.075
S   32.06   0.138032   3.4237
P   30.9738   0.145372   3.47
*********************************************************
MOLECULE:: orientation around the inertia principal axis 
*********************************************************
Inertia matrix a.u. Ang^2: 
{  1.22096e+06  -10038.4  91543.1  }
{  -10038.4  1.40517e+06  -122477  }
{  91543.1  -122477  1.11095e+06  }
Rotation matrix applied to molecule: 
{  0.18244  -0.91071  0.370572  }
{  -0.404106  0.274139  0.872666  }
{  -0.896334  -0.308959  -0.31801  }
Molecule radius: 21.2287 Ang 
orientation time of molecule target: 0.00226116 s
target mass: 11706.6 amu
gas mass: 28.014 amu
reduce mass: 28.014 amu
charge state: 4.9988 e
*********************************************************
Geometric Ellipsoid: 
*********************************************************
maximal distances: 16.2594  19.5411  21.0159  Ang
Initial axis length: 67.367  70.6487  72.1235  Ang
Ellipsoid axis length: 69.207  72.4887  73.9635  Ang
ellipsoid calculation time: 4.60148e-05 s
maximal impact parameter: 73.9635 Ang
*********************************************************
Linked-cell: 
Numbers of cells: 2028
Nx: 12 Ny: 13 Nz: 13
Filled cells: 29
Empty cells: 1999
Average atoms per cell: 57.5172
Maximum atoms per cell: 179
Minimum atoms per cell: 1
Simulation box: 
lx: 144.12 Ang
ly: 156.13 Ang
lz: 156.13 Ang
linked-cell calculation time: 0.00212693 s
time info: 8.39233e-05 s
*********************************************************
Trajectory calculations 
*********************************************************
out target time: 12.6895 s
Ntraj: 10000
Nfree: 564
Nscatter: 9433
Nlost: 3
omega: 1587.99
Ntraj: 10000
Nfree: 521
Nscatter: 9476
Nlost: 3
omega: 1598.73
Ntraj: 10000
Nfree: 555
Nscatter: 9445
Nlost: 0
omega: 1464.82
Ntraj: 10000
Nfree: 535
Nscatter: 9464
Nlost: 1
omega: 1507.73
Ntraj: 10000
Nfree: 567
Nscatter: 9432
Nlost: 1
omega: 1602.82
Ntraj: 10000
Nfree: 562
Nscatter: 9435
Nlost: 3
omega: 1620.81
Ntraj: 10000
Nfree: 534
Nscatter: 9466
Nlost: 0
omega: 1484.53
Ntraj: 10000
Nfree: 551
Nscatter: 9449
Nlost: 0
omega: 1496.43
Ntraj: 10000
Nfree: 559
Nscatter: 9441
Nlost: 0
omega: 1498.36
Ntraj: 10000
Nfree: 523
Nscatter: 9475
Nlost: 2
omega: 1603.65
*********************************************************
task: 0
worker id: 27579
time create lcl and mol: 0.000470877 s
numbers of trajectories: 8334
time trajectory calculation: 4.52702 s
task: 1
worker id: 27907
time create lcl and mol: 0.000658989 s
numbers of trajectories: 8334
time trajectory calculation: 5.5423 s
task: 2
worker id: 27848
time create lcl and mol: 0.000458002 s
numbers of trajectories: 8334
time trajectory calculation: 5.21356 s
task: 3
worker id: 28235
time create lcl and mol: 0.000475883 s
numbers of trajectories: 8334
time trajectory calculation: 2.98905 s
task: 4
worker id: 27780
time create lcl and mol: 0.000479937 s
numbers of trajectories: 8333
time trajectory calculation: 5.24836 s
task: 5
worker id: 30296
time create lcl and mol: 0.000586033 s
numbers of trajectories: 8333
time trajectory calculation: 6.03949 s
task: 6
worker id: 27029
time create lcl and mol: 0.000460863 s
numbers of trajectories: 8333
time trajectory calculation: 4.99989 s
task: 7
worker id: 28108
time create lcl and mol: 0.000473976 s
numbers of trajectories: 8333
time trajectory calculation: 4.8869 s
task: 8
worker id: 28108
time create lcl and mol: 0.000443935 s
numbers of trajectories: 8333
time trajectory calculation: 3.06471 s
task: 9
worker id: 27579
time create lcl and mol: 0.000459909 s
numbers of trajectories: 8333
time trajectory calculation: 3.19462 s
task: 10
worker id: 28235
time create lcl and mol: 0.000566959 s
numbers of trajectories: 8333
time trajectory calculation: 4.11869 s
task: 11
worker id: 27029
time create lcl and mol: 0.000469923 s
numbers of trajectories: 8333
time trajectory calculation: 7.63269 s
CCS time: 12.6994 s
*********************************************************
average value of CCS = 1546.59 Ang^2
error value of CCS = 18.234 Ang^2
Total time: 12.7091 s
Program finished...
*********************************************************
INPUT:: Simulation Parameters 
*********************************************************
target filename                  : 06_1hrc_carga_5_min.xyz
number of probe                  : 10000
number of iterarions             : 10
number of tasks                  : 12
number of threads                : 24
seed number                      : 2104
gas buffer                       : N2
Target Temperature (K)           : 298
timestep (fs)                    : 10
Skin cell size (Ang)             : 0.01
Equipotential                    : no
Cut short-range interaction      : yes
LJ cutoff (Ang)                  : 12
Apply long-range interaction     : yes
Cut long-range interaction       : yes
Coulomb cutoff (Ang)             : 25
Apply induced-dipole interaction : yes
alpha (Ang^3)                    : 1.71
force_type: 6
*********************************************************
Force Field parameters: 
*********************************************************
Symbol  mass (amu)  epislon (kcal/mol)  sigma(Angstroms) 
C   12.011   0.0824736   3.2255
N   14.007   0.0758527   3.5719
H   1.008   0.0362711   1.8986
O   15.999   0.062323   3.075
S   32.06   0.138032   3.4237
P   30.9738   0.145372   3.47
*********************************************************
MOLECULE:: orientation around the inertia principal axis 
*********************************************************
Inertia matrix a.u. Ang^2: 
{  1.22096e+06  -10038.4  91543.1  }
{  -10038.4  1.40517e+06  -122477  }
{  91543.1  -122477  1.11095e+06  }
Rotation matrix applied to molecule: 
{  0.18244  -0.91071  0.370572  }
{  -0.404106  0.274139  0.872666  }
{  -0.896334  -0.308959  -0.31801  }
Molecule radius: 21.2287 Ang 
orientation time of molecule target: 0.00245309 s
target mass: 11706.6 amu
gas mass: 28.014 amu
reduce mass: 28.014 amu
charge state: 4.9988 e
*********************************************************
Geometric Ellipsoid: 
*********************************************************
maximal distances: 16.2594  19.5411  21.0159  Ang
Initial axis length: 67.367  70.6487  72.1235  Ang
Ellipsoid axis length: 69.207  72.4887  73.9635  Ang
ellipsoid calculation time: 4.79221e-05 s
maximal impact parameter: 73.9635 Ang
*********************************************************
Linked-cell: 
Numbers of cells: 2028
Nx: 12 Ny: 13 Nz: 13
Filled cells: 29
Empty cells: 1999
Average atoms per cell: 57.5172
Maximum atoms per cell: 179
Minimum atoms per cell: 1
Simulation box: 
lx: 144.12 Ang
ly: 156.13 Ang
lz: 156.13 Ang
linked-cell calculation time: 0.0020752 s
time info: 8.51154e-05 s
*********************************************************
Trajectory calculations 
*********************************************************
out target time: 10.332 s
Ntraj: 10000
Nfree: 564
Nscatter: 9433
Nlost: 3
omega: 1587.99
Ntraj: 10000
Nfree: 521
Nscatter: 9476
Nlost: 3
omega: 1598.73
Ntraj: 10000
Nfree: 555
Nscatter: 9445
Nlost: 0
omega: 1464.82
Ntraj: 10000
Nfree: 535
Nscatter: 9464
Nlost: 1
omega: 1507.73
Ntraj: 10000
Nfree: 567
Nscatter: 9432
Nlost: 1
omega: 1602.82
Ntraj: 10000
Nfree: 562
Nscatter: 9435
Nlost: 3
omega: 1620.81
Ntraj: 10000
Nfree: 534
Nscatter: 9466
Nlost: 0
omega: 1484.53
Ntraj: 10000
Nfree: 551
Nscatter: 9449
Nlost: 0
omega: 1496.43
Ntraj: 10000
Nfree: 559
Nscatter: 9441
Nlost: 0
omega: 1498.36
Ntraj: 10000
Nfree: 523
Nscatter: 9475
Nlost: 2
omega: 1603.65
*********************************************************
task: 0
worker id: 31052
time create lcl and mol: 0.000473022 s
numbers of trajectories: 8334
time trajectory calculation: 4.42338 s
task: 1
worker id: 28847
time create lcl and mol: 0.000494003 s
numbers of trajectories: 8334
time trajectory calculation: 5.67091 s
task: 2
worker id: 28648
time create lcl and mol: 0.000601053 s
numbers of trajectories: 8334
time trajectory calculation: 5.09712 s
task: 3
worker id: 28320
time create lcl and mol: 0.000468016 s
numbers of trajectories: 8334
time trajectory calculation: 2.89345 s
task: 4
worker id: 28591
time create lcl and mol: 0.000442028 s
numbers of trajectories: 8333
time trajectory calculation: 5.25797 s
task: 5
worker id: 28978
time create lcl and mol: 0.000442982 s
numbers of trajectories: 8333
time trajectory calculation: 5.86958 s
task: 6
worker id: 27773
time create lcl and mol: 0.000540972 s
numbers of trajectories: 8333
time trajectory calculation: 5.00481 s
task: 7
worker id: 28524
time create lcl and mol: 0.000466824 s
numbers of trajectories: 8333
time trajectory calculation: 4.83656 s
task: 8
worker id: 28524
time create lcl and mol: 0.000668049 s
numbers of trajectories: 8333
time trajectory calculation: 3.06 s
task: 9
worker id: 28978
time create lcl and mol: 0.000441074 s
numbers of trajectories: 8333
time trajectory calculation: 3.12571 s
task: 10
worker id: 28847
time create lcl and mol: 0.000458002 s
numbers of trajectories: 8333
time trajectory calculation: 4.05211 s
task: 11
worker id: 28320
time create lcl and mol: 0.00051403 s
numbers of trajectories: 8333
time trajectory calculation: 7.36395 s
CCS time: 10.3419 s
*********************************************************
average value of CCS = 1546.59 Ang^2
error value of CCS = 18.234 Ang^2
Total time: 10.3518 s
Program finished...
*********************************************************
INPUT:: Simulation Parameters 
*********************************************************
target filename                  : 06_1hrc_carga_5_min.xyz
number of probe                  : 10000
number of iterarions             : 10
number of tasks                  : 12
number of threads                : 24
seed number                      : 2104
gas buffer                       : N2
Target Temperature (K)           : 298
timestep (fs)                    : 10
Skin cell size (Ang)             : 0.01
Equipotential                    : no
Cut short-range interaction      : yes
LJ cutoff (Ang)                  : 12
Apply long-range interaction     : yes
Cut long-range interaction       : yes
Coulomb cutoff (Ang)             : 25
Apply induced-dipole interaction : yes
alpha (Ang^3)                    : 1.71
force_type: 6
*********************************************************
Force Field parameters: 
*********************************************************
Symbol  mass (amu)  epislon (kcal/mol)  sigma(Angstroms) 
C   12.011   0.0824736   3.2255
N   14.007   0.0758527   3.5719
H   1.008   0.0362711   1.8986
O   15.999   0.062323   3.075
S   32.06   0.138032   3.4237
P   30.9738   0.145372   3.47
*********************************************************
MOLECULE:: orientation around the inertia principal axis 
*********************************************************
Inertia matrix a.u. Ang^2: 
{  1.22096e+06  -10038.4  91543.1  }
{  -10038.4  1.40517e+06  -122477  }
{  91543.1  -122477  1.11095e+06  }
Rotation matrix applied to molecule: 
{  0.18244  -0.91071  0.370572  }
{  -0.404106  0.274139  0.872666  }
{  -0.896334  -0.308959  -0.31801  }
Molecule radius: 21.2287 Ang 
orientation time of molecule target: 0.00241899 s
target mass: 11706.6 amu
gas mass: 28.014 amu
reduce mass: 28.014 amu
charge state: 4.9988 e
*********************************************************
Geometric Ellipsoid: 
*********************************************************
maximal distances: 16.2594  19.5411  21.0159  Ang
Initial axis length: 67.367  70.6487  72.1235  Ang
Ellipsoid axis length: 69.207  72.4887  73.9635  Ang
ellipsoid calculation time: 4.41074e-05 s
maximal impact parameter: 73.9635 Ang
*********************************************************
Linked-cell: 
Numbers of cells: 2028
Nx: 12 Ny: 13 Nz: 13
Filled cells: 29
Empty cells: 1999
Average atoms per cell: 57.5172
Maximum atoms per cell: 179
Minimum atoms per cell: 1
Simulation box: 
lx: 144.12 Ang
ly: 156.13 Ang
lz: 156.13 Ang
linked-cell calculation time: 0.00208282 s
time info: 8.58307e-05 s
*********************************************************
Trajectory calculations 
*********************************************************
out target time: 12.213 s
Ntraj: 10000
Nfree: 564
Nscatter: 9433
Nlost: 3
omega: 1587.99
Ntraj: 10000
Nfree: 521
Nscatter: 9476
Nlost: 3
omega: 1598.73
Ntraj: 10000
Nfree: 555
Nscatter: 9445
Nlost: 0
omega: 1464.82
Ntraj: 10000
Nfree: 535
Nscatter: 9464
Nlost: 1
omega: 1507.73
Ntraj: 10000
Nfree: 567
Nscatter: 9432
Nlost: 1
omega: 1602.82
Ntraj: 10000
Nfree: 562
Nscatter: 9435
Nlost: 3
omega: 1620.81
Ntraj: 10000
Nfree: 534
Nscatter: 9466
Nlost: 0
omega: 1484.53
Ntraj: 10000
Nfree: 551
Nscatter: 9449
Nlost: 0
omega: 1496.43
Ntraj: 10000
Nfree: 559
Nscatter: 9441
Nlost: 0
omega: 1498.36
Ntraj: 10000
Nfree: 523
Nscatter: 9475
Nlost: 2
omega: 1603.65
*********************************************************
task: 0
worker id: 29402
time create lcl and mol: 0.000463009 s
numbers of trajectories: 8334
time trajectory calculation: 4.52729 s
task: 1
worker id: 29075
time create lcl and mol: 0.000501871 s
numbers of trajectories: 8334
time trajectory calculation: 5.69651 s
task: 2
worker id: 31491
time create lcl and mol: 0.000473976 s
numbers of trajectories: 8334
time trajectory calculation: 5.15153 s
task: 3
worker id: 28744
time create lcl and mol: 0.000484943 s
numbers of trajectories: 8334
time trajectory calculation: 2.90281 s
task: 4
worker id: 28950
time create lcl and mol: 0.000510931 s
numbers of trajectories: 8333
time trajectory calculation: 5.04283 s
task: 5
worker id: 29019
time create lcl and mol: 0.00062108 s
numbers of trajectories: 8333
time trajectory calculation: 6.42818 s
task: 6
worker id: 29271
time create lcl and mol: 0.000472069 s
numbers of trajectories: 8333
time trajectory calculation: 5.07594 s
task: 7
worker id: 28744
time create lcl and mol: 0.000476122 s
numbers of trajectories: 8333
time trajectory calculation: 4.98087 s
task: 8
worker id: 28198
time create lcl and mol: 0.000743866 s
numbers of trajectories: 8333
time trajectory calculation: 2.89549 s
task: 9
worker id: 28950
time create lcl and mol: 0.000475883 s
numbers of trajectories: 8333
time trajectory calculation: 3.12135 s
task: 10
worker id: 28198
time create lcl and mol: 0.000503063 s
numbers of trajectories: 8333
time trajectory calculation: 4.04357 s
task: 11
worker id: 29402
time create lcl and mol: 0.000491142 s
numbers of trajectories: 8333
time trajectory calculation: 7.62234 s
CCS time: 12.2228 s
*********************************************************
average value of CCS = 1546.59 Ang^2
error value of CCS = 18.234 Ang^2
Total time: 12.2325 s
Program finished...
*********************************************************
INPUT:: Simulation Parameters 
*********************************************************
target filename                  : 06_1hrc_carga_5_min.xyz
number of probe                  : 10000
number of iterarions             : 10
number of tasks                  : 12
number of threads                : 24
seed number                      : 2104
gas buffer                       : N2
Target Temperature (K)           : 298
timestep (fs)                    : 10
Skin cell size (Ang)             : 0.01
Equipotential                    : no
Cut short-range interaction      : yes
LJ cutoff (Ang)                  : 12
Apply long-range interaction     : yes
Cut long-range interaction       : yes
Coulomb cutoff (Ang)             : 25
Apply induced-dipole interaction : yes
alpha (Ang^3)                    : 1.71
force_type: 6
*********************************************************
Force Field parameters: 
*********************************************************
Symbol  mass (amu)  epislon (kcal/mol)  sigma(Angstroms) 
C   12.011   0.0824736   3.2255
N   14.007   0.0758527   3.5719
H   1.008   0.0362711   1.8986
O   15.999   0.062323   3.075
S   32.06   0.138032   3.4237
P   30.9738   0.145372   3.47
*********************************************************
MOLECULE:: orientation around the inertia principal axis 
*********************************************************
Inertia matrix a.u. Ang^2: 
{  1.22096e+06  -10038.4  91543.1  }
{  -10038.4  1.40517e+06  -122477  }
{  91543.1  -122477  1.11095e+06  }
Rotation matrix applied to molecule: 
{  0.18244  -0.91071  0.370572  }
{  -0.404106  0.274139  0.872666  }
{  -0.896334  -0.308959  -0.31801  }
Molecule radius: 21.2287 Ang 
orientation time of molecule target: 0.00236988 s
target mass: 11706.6 amu
gas mass: 28.014 amu
reduce mass: 28.014 amu
charge state: 4.9988 e
*********************************************************
Geometric Ellipsoid: 
*********************************************************
maximal distances: 16.2594  19.5411  21.0159  Ang
Initial axis length: 67.367  70.6487  72.1235  Ang
Ellipsoid axis length: 69.207  72.4887  73.9635  Ang
ellipsoid calculation time: 3.79086e-05 s
maximal impact parameter: 73.9635 Ang
*********************************************************
Linked-cell: 
Numbers of cells: 2028
Nx: 12 Ny: 13 Nz: 13
Filled cells: 29
Empty cells: 1999
Average atoms per cell: 57.5172
Maximum atoms per cell: 179
Minimum atoms per cell: 1
Simulation box: 
lx: 144.12 Ang
ly: 156.13 Ang
lz: 156.13 Ang
linked-cell calculation time: 0.00212502 s
time info: 8.4877e-05 s
*********************************************************
Trajectory calculations 
*********************************************************
out target time: 12.0777 s
Ntraj: 10000
Nfree: 564
Nscatter: 9433
Nlost: 3
omega: 1587.99
Ntraj: 10000
Nfree: 521
Nscatter: 9476
Nlost: 3
omega: 1598.73
Ntraj: 10000
Nfree: 555
Nscatter: 9445
Nlost: 0
omega: 1464.82
Ntraj: 10000
Nfree: 535
Nscatter: 9464
Nlost: 1
omega: 1507.73
Ntraj: 10000
Nfree: 567
Nscatter: 9432
Nlost: 1
omega: 1602.82
Ntraj: 10000
Nfree: 562
Nscatter: 9435
Nlost: 3
omega: 1620.81
Ntraj: 10000
Nfree: 534
Nscatter: 9466
Nlost: 0
omega: 1484.53
Ntraj: 10000
Nfree: 551
Nscatter: 9449
Nlost: 0
omega: 1496.43
Ntraj: 10000
Nfree: 559
Nscatter: 9441
Nlost: 0
omega: 1498.36
Ntraj: 10000
Nfree: 523
Nscatter: 9475
Nlost: 2
omega: 1603.65
*********************************************************
task: 0
worker id: 31908
time create lcl and mol: 0.000684977 s
numbers of trajectories: 8334
time trajectory calculation: 4.55352 s
task: 1
worker id: 29350
time create lcl and mol: 0.000430822 s
numbers of trajectories: 8334
time trajectory calculation: 5.71045 s
task: 2
worker id: 29148
time create lcl and mol: 0.000484943 s
numbers of trajectories: 8334
time trajectory calculation: 5.11523 s
task: 3
worker id: 29802
time create lcl and mol: 0.000725985 s
numbers of trajectories: 8334
time trajectory calculation: 2.93648 s
task: 4
worker id: 28599
time create lcl and mol: 0.000455141 s
numbers of trajectories: 8333
time trajectory calculation: 5.06843 s
task: 5
worker id: 29478
time create lcl and mol: 0.000585794 s
numbers of trajectories: 8333
time trajectory calculation: 6.23906 s
task: 6
worker id: 29420
time create lcl and mol: 0.000488997 s
numbers of trajectories: 8333
time trajectory calculation: 4.97782 s
task: 7
worker id: 29674
time create lcl and mol: 0.000446081 s
numbers of trajectories: 8333
time trajectory calculation: 4.77454 s
task: 8
worker id: 29674
time create lcl and mol: 0.000482798 s
numbers of trajectories: 8333
time trajectory calculation: 3.01837 s
task: 9
worker id: 29802
time create lcl and mol: 0.000535011 s
numbers of trajectories: 8333
time trajectory calculation: 3.18513 s
task: 10
worker id: 29420
time create lcl and mol: 0.000469923 s
numbers of trajectories: 8333
time trajectory calculation: 4.07679 s
task: 11
worker id: 31908
time create lcl and mol: 0.000484943 s
numbers of trajectories: 8333
time trajectory calculation: 7.46356 s
CCS time: 12.0875 s
*********************************************************
average value of CCS = 1546.59 Ang^2
error value of CCS = 18.234 Ang^2
Total time: 12.097 s
Program finished...
