*********************************************************
INPUT:: Simulation Parameters 
*********************************************************
target filename                  : 06_1hrc_carga_3_min.xyz
number of probe                  : 10000
number of iterarions             : 10
number of tasks                  : 28
number of threads                : 24
seed number                      : 2104
gas buffer                       : N2
Target Temperature (K)           : 298
timestep (fs)                    : 10
Skin cell size (Ang)             : 0.01
Equipotential                    : no
Cut short-range interaction      : yes
LJ cutoff (Ang)                  : 12
Apply long-range interaction     : yes
Cut long-range interaction       : yes
Coulomb cutoff (Ang)             : 25
Apply induced-dipole interaction : yes
alpha (Ang^3)                    : 1.71
force_type: 6
*********************************************************
Force Field parameters: 
*********************************************************
Symbol  mass (amu)  epislon (kcal/mol)  sigma(Angstroms) 
C   12.011   0.0824736   3.2255
N   14.007   0.0758527   3.5719
H   1.008   0.0362711   1.8986
O   15.999   0.062323   3.075
S   32.06   0.138032   3.4237
P   30.9738   0.145372   3.47
*********************************************************
MOLECULE:: orientation around the inertia principal axis 
*********************************************************
Inertia matrix a.u. Ang^2: 
{  1.22065e+06  -9942.05  91494.5  }
{  -9942.05  1.405e+06  -122592  }
{  91494.5  -122592  1.11072e+06  }
Rotation matrix applied to molecule: 
{  0.181888  -0.910794  0.370637  }
{  -0.404043  0.27441  0.87261  }
{  -0.896474  -0.308471  -0.318088  }
Molecule radius: 21.2278 Ang 
orientation time of molecule target: 0.274916 s
target mass: 11704.6 amu
gas mass: 28.014 amu
reduce mass: 28.014 amu
charge state: 2.998 e
*********************************************************
Geometric Ellipsoid: 
*********************************************************
maximal distances: 16.2609  19.5446  21.0148  Ang
Initial axis length: 67.3685  70.6522  72.1224  Ang
Ellipsoid axis length: 69.2085  72.4922  73.9624  Ang
ellipsoid calculation time: 4.1008e-05 s
maximal impact parameter: 73.9624 Ang
*********************************************************
Linked-cell: 
Numbers of cells: 2028
Nx: 12 Ny: 13 Nz: 13
Filled cells: 30
Empty cells: 1998
Average atoms per cell: 55.5333
Maximum atoms per cell: 179
Minimum atoms per cell: 1
Simulation box: 
lx: 144.12 Ang
ly: 156.13 Ang
lz: 156.13 Ang
linked-cell calculation time: 0.00206995 s
time info: 0.000110865 s
*********************************************************
Trajectory calculations 
*********************************************************
out target time: 13.8805 s
Ntraj: 10000
Nfree: 563
Nscatter: 9435
Nlost: 2
omega: 1609.11
Ntraj: 10000
Nfree: 520
Nscatter: 9480
Nlost: 0
omega: 1585.14
Ntraj: 10000
Nfree: 554
Nscatter: 9446
Nlost: 0
omega: 1513.42
Ntraj: 10000
Nfree: 535
Nscatter: 9462
Nlost: 3
omega: 1561.37
Ntraj: 10000
Nfree: 567
Nscatter: 9433
Nlost: 0
omega: 1622.36
Ntraj: 10000
Nfree: 562
Nscatter: 9435
Nlost: 3
omega: 1565.82
Ntraj: 10000
Nfree: 534
Nscatter: 9462
Nlost: 4
omega: 1448.58
Ntraj: 10000
Nfree: 551
Nscatter: 9449
Nlost: 0
omega: 1467.35
Ntraj: 10000
Nfree: 558
Nscatter: 9441
Nlost: 1
omega: 1510.56
Ntraj: 10000
Nfree: 522
Nscatter: 9477
Nlost: 1
omega: 1615.29
*********************************************************
task: 0
worker id: 51935
time create lcl and mol: 0.00051403 s
numbers of trajectories: 3572
time trajectory calculation: 4.16496 s
task: 1
worker id: 72300
time create lcl and mol: 0.000629902 s
numbers of trajectories: 3572
time trajectory calculation: 2.28587 s
task: 2
worker id: 51599
time create lcl and mol: 0.000494003 s
numbers of trajectories: 3572
time trajectory calculation: 1.83996 s
task: 3
worker id: 50099
time create lcl and mol: 0.000507116 s
numbers of trajectories: 3572
time trajectory calculation: 3.31474 s
task: 4
worker id: 51143
time create lcl and mol: 0.00059104 s
numbers of trajectories: 3572
time trajectory calculation: 2.98065 s
task: 5
worker id: 51492
time create lcl and mol: 0.000496149 s
numbers of trajectories: 3572
time trajectory calculation: 1.72149 s
task: 6
worker id: 49299
time create lcl and mol: 0.000473976 s
numbers of trajectories: 3572
time trajectory calculation: 1.89673 s
task: 7
worker id: 51492
time create lcl and mol: 0.000492096 s
numbers of trajectories: 3572
time trajectory calculation: 2.9256 s
task: 8
worker id: 50337
time create lcl and mol: 0.000470877 s
numbers of trajectories: 3572
time trajectory calculation: 2.52563 s
task: 9
worker id: 50099
time create lcl and mol: 0.000509024 s
numbers of trajectories: 3572
time trajectory calculation: 3.67057 s
task: 10
worker id: 72300
time create lcl and mol: 0.000524044 s
numbers of trajectories: 3572
time trajectory calculation: 5.6193 s
task: 11
worker id: 50099
time create lcl and mol: 0.000468969 s
numbers of trajectories: 3572
time trajectory calculation: 1.75572 s
task: 12
worker id: 49299
time create lcl and mol: 0.000451803 s
numbers of trajectories: 3571
time trajectory calculation: 1.4178 s
task: 13
worker id: 50337
time create lcl and mol: 0.0005548 s
numbers of trajectories: 3571
time trajectory calculation: 5.10758 s
task: 14
worker id: 49299
time create lcl and mol: 0.000498056 s
numbers of trajectories: 3571
time trajectory calculation: 2.51847 s
task: 15
worker id: 51492
time create lcl and mol: 0.00049901 s
numbers of trajectories: 3571
time trajectory calculation: 5.85729 s
task: 16
worker id: 51143
time create lcl and mol: 0.000490189 s
numbers of trajectories: 3571
time trajectory calculation: 4.89458 s
task: 17
worker id: 49299
time create lcl and mol: 0.000482082 s
numbers of trajectories: 3571
time trajectory calculation: 3.49957 s
task: 18
worker id: 72300
time create lcl and mol: 0.000504971 s
numbers of trajectories: 3571
time trajectory calculation: 3.85498 s
task: 19
worker id: 51599
time create lcl and mol: 0.000463009 s
numbers of trajectories: 3571
time trajectory calculation: 3.65128 s
task: 20
worker id: 51935
time create lcl and mol: 0.000535011 s
numbers of trajectories: 3571
time trajectory calculation: 1.34914 s
task: 21
worker id: 50337
time create lcl and mol: 0.000584841 s
numbers of trajectories: 3571
time trajectory calculation: 1.86239 s
task: 22
worker id: 51143
time create lcl and mol: 0.000519037 s
numbers of trajectories: 3571
time trajectory calculation: 1.63972 s
task: 23
worker id: 72300
time create lcl and mol: 0.00049305 s
numbers of trajectories: 3571
time trajectory calculation: 2.01012 s
task: 24
worker id: 51599
time create lcl and mol: 0.000500202 s
numbers of trajectories: 3571
time trajectory calculation: 2.15335 s
task: 25
worker id: 50337
time create lcl and mol: 0.000501871 s
numbers of trajectories: 3571
time trajectory calculation: 2.07289 s
task: 26
worker id: 51599
time create lcl and mol: 0.000505924 s
numbers of trajectories: 3571
time trajectory calculation: 1.92344 s
task: 27
worker id: 51935
time create lcl and mol: 0.000488997 s
numbers of trajectories: 3571
time trajectory calculation: 4.4719 s
CCS time: 13.8917 s
*********************************************************
average value of CCS = 1549.9 Ang^2
error value of CCS = 18.606 Ang^2
Total time: 14.1739 s
Program finished...
*********************************************************
INPUT:: Simulation Parameters 
*********************************************************
target filename                  : 06_1hrc_carga_3_min.xyz
number of probe                  : 10000
number of iterarions             : 10
number of tasks                  : 28
number of threads                : 24
seed number                      : 2104
gas buffer                       : N2
Target Temperature (K)           : 298
timestep (fs)                    : 10
Skin cell size (Ang)             : 0.01
Equipotential                    : no
Cut short-range interaction      : yes
LJ cutoff (Ang)                  : 12
Apply long-range interaction     : yes
Cut long-range interaction       : yes
Coulomb cutoff (Ang)             : 25
Apply induced-dipole interaction : yes
alpha (Ang^3)                    : 1.71
force_type: 6
*********************************************************
Force Field parameters: 
*********************************************************
Symbol  mass (amu)  epislon (kcal/mol)  sigma(Angstroms) 
C   12.011   0.0824736   3.2255
N   14.007   0.0758527   3.5719
H   1.008   0.0362711   1.8986
O   15.999   0.062323   3.075
S   32.06   0.138032   3.4237
P   30.9738   0.145372   3.47
*********************************************************
MOLECULE:: orientation around the inertia principal axis 
*********************************************************
Inertia matrix a.u. Ang^2: 
{  1.22065e+06  -9942.05  91494.5  }
{  -9942.05  1.405e+06  -122592  }
{  91494.5  -122592  1.11072e+06  }
Rotation matrix applied to molecule: 
{  0.181888  -0.910794  0.370637  }
{  -0.404043  0.27441  0.87261  }
{  -0.896474  -0.308471  -0.318088  }
Molecule radius: 21.2278 Ang 
orientation time of molecule target: 0.00239801 s
target mass: 11704.6 amu
gas mass: 28.014 amu
reduce mass: 28.014 amu
charge state: 2.998 e
*********************************************************
Geometric Ellipsoid: 
*********************************************************
maximal distances: 16.2609  19.5446  21.0148  Ang
Initial axis length: 67.3685  70.6522  72.1224  Ang
Ellipsoid axis length: 69.2085  72.4922  73.9624  Ang
ellipsoid calculation time: 4.00543e-05 s
maximal impact parameter: 73.9624 Ang
*********************************************************
Linked-cell: 
Numbers of cells: 2028
Nx: 12 Ny: 13 Nz: 13
Filled cells: 30
Empty cells: 1998
Average atoms per cell: 55.5333
Maximum atoms per cell: 179
Minimum atoms per cell: 1
Simulation box: 
lx: 144.12 Ang
ly: 156.13 Ang
lz: 156.13 Ang
linked-cell calculation time: 0.00216889 s
time info: 8.89301e-05 s
*********************************************************
Trajectory calculations 
*********************************************************
out target time: 13.8688 s
Ntraj: 10000
Nfree: 563
Nscatter: 9435
Nlost: 2
omega: 1609.11
Ntraj: 10000
Nfree: 520
Nscatter: 9480
Nlost: 0
omega: 1585.14
Ntraj: 10000
Nfree: 554
Nscatter: 9446
Nlost: 0
omega: 1513.42
Ntraj: 10000
Nfree: 535
Nscatter: 9462
Nlost: 3
omega: 1561.37
Ntraj: 10000
Nfree: 567
Nscatter: 9433
Nlost: 0
omega: 1622.36
Ntraj: 10000
Nfree: 562
Nscatter: 9435
Nlost: 3
omega: 1565.82
Ntraj: 10000
Nfree: 534
Nscatter: 9462
Nlost: 4
omega: 1448.58
Ntraj: 10000
Nfree: 551
Nscatter: 9449
Nlost: 0
omega: 1467.35
Ntraj: 10000
Nfree: 558
Nscatter: 9441
Nlost: 1
omega: 1510.56
Ntraj: 10000
Nfree: 522
Nscatter: 9477
Nlost: 1
omega: 1615.29
*********************************************************
task: 0
worker id: 51895
time create lcl and mol: 0.000642061 s
numbers of trajectories: 3572
time trajectory calculation: 4.20135 s
task: 1
worker id: 72721
time create lcl and mol: 0.00047493 s
numbers of trajectories: 3572
time trajectory calculation: 2.24173 s
task: 2
worker id: 51547
time create lcl and mol: 0.000577927 s
numbers of trajectories: 3572
time trajectory calculation: 1.86505 s
task: 3
worker id: 50512
time create lcl and mol: 0.000465155 s
numbers of trajectories: 3572
time trajectory calculation: 3.32137 s
task: 4
worker id: 52001
time create lcl and mol: 0.000475168 s
numbers of trajectories: 3572
time trajectory calculation: 3.05168 s
task: 5
worker id: 52339
time create lcl and mol: 0.000470877 s
numbers of trajectories: 3572
time trajectory calculation: 1.73752 s
task: 6
worker id: 49700
time create lcl and mol: 0.000468969 s
numbers of trajectories: 3572
time trajectory calculation: 1.9008 s
task: 7
worker id: 50744
time create lcl and mol: 0.000499964 s
numbers of trajectories: 3572
time trajectory calculation: 3.09604 s
task: 8
worker id: 72721
time create lcl and mol: 0.000494003 s
numbers of trajectories: 3572
time trajectory calculation: 2.49944 s
task: 9
worker id: 51547
time create lcl and mol: 0.000478029 s
numbers of trajectories: 3572
time trajectory calculation: 3.68682 s
task: 10
worker id: 49700
time create lcl and mol: 0.000500917 s
numbers of trajectories: 3572
time trajectory calculation: 5.84172 s
task: 11
worker id: 51895
time create lcl and mol: 0.000507116 s
numbers of trajectories: 3572
time trajectory calculation: 1.85036 s
task: 12
worker id: 52339
time create lcl and mol: 0.000466108 s
numbers of trajectories: 3571
time trajectory calculation: 1.40174 s
task: 13
worker id: 51547
time create lcl and mol: 0.000504971 s
numbers of trajectories: 3571
time trajectory calculation: 5.12887 s
task: 14
worker id: 50512
time create lcl and mol: 0.000473022 s
numbers of trajectories: 3571
time trajectory calculation: 2.39856 s
task: 15
worker id: 51895
time create lcl and mol: 0.000500917 s
numbers of trajectories: 3571
time trajectory calculation: 5.67235 s
task: 16
worker id: 52001
time create lcl and mol: 0.000491858 s
numbers of trajectories: 3571
time trajectory calculation: 5.12245 s
task: 17
worker id: 72721
time create lcl and mol: 0.000468969 s
numbers of trajectories: 3571
time trajectory calculation: 3.50772 s
task: 18
worker id: 52339
time create lcl and mol: 0.00051713 s
numbers of trajectories: 3571
time trajectory calculation: 3.62772 s
task: 19
worker id: 50512
time create lcl and mol: 0.000473976 s
numbers of trajectories: 3571
time trajectory calculation: 3.52294 s
task: 20
worker id: 49700
time create lcl and mol: 0.00046587 s
numbers of trajectories: 3571
time trajectory calculation: 1.34869 s
task: 21
worker id: 50744
time create lcl and mol: 0.000506878 s
numbers of trajectories: 3571
time trajectory calculation: 1.98076 s
task: 22
worker id: 50744
time create lcl and mol: 0.000512838 s
numbers of trajectories: 3571
time trajectory calculation: 1.62014 s
task: 23
worker id: 72721
time create lcl and mol: 0.000491858 s
numbers of trajectories: 3571
time trajectory calculation: 2.01298 s
task: 24
worker id: 50744
time create lcl and mol: 0.000505209 s
numbers of trajectories: 3571
time trajectory calculation: 2.23609 s
task: 25
worker id: 51895
time create lcl and mol: 0.000461817 s
numbers of trajectories: 3571
time trajectory calculation: 2.05702 s
task: 26
worker id: 52339
time create lcl and mol: 0.000488043 s
numbers of trajectories: 3571
time trajectory calculation: 1.89845 s
task: 27
worker id: 52001
time create lcl and mol: 0.000469923 s
numbers of trajectories: 3571
time trajectory calculation: 4.59824 s
CCS time: 13.879 s
*********************************************************
average value of CCS = 1549.9 Ang^2
error value of CCS = 18.606 Ang^2
Total time: 13.8883 s
Program finished...
*********************************************************
INPUT:: Simulation Parameters 
*********************************************************
target filename                  : 06_1hrc_carga_3_min.xyz
number of probe                  : 10000
number of iterarions             : 10
number of tasks                  : 28
number of threads                : 24
seed number                      : 2104
gas buffer                       : N2
Target Temperature (K)           : 298
timestep (fs)                    : 10
Skin cell size (Ang)             : 0.01
Equipotential                    : no
Cut short-range interaction      : yes
LJ cutoff (Ang)                  : 12
Apply long-range interaction     : yes
Cut long-range interaction       : yes
Coulomb cutoff (Ang)             : 25
Apply induced-dipole interaction : yes
alpha (Ang^3)                    : 1.71
force_type: 6
*********************************************************
Force Field parameters: 
*********************************************************
Symbol  mass (amu)  epislon (kcal/mol)  sigma(Angstroms) 
C   12.011   0.0824736   3.2255
N   14.007   0.0758527   3.5719
H   1.008   0.0362711   1.8986
O   15.999   0.062323   3.075
S   32.06   0.138032   3.4237
P   30.9738   0.145372   3.47
*********************************************************
MOLECULE:: orientation around the inertia principal axis 
*********************************************************
Inertia matrix a.u. Ang^2: 
{  1.22065e+06  -9942.05  91494.5  }
{  -9942.05  1.405e+06  -122592  }
{  91494.5  -122592  1.11072e+06  }
Rotation matrix applied to molecule: 
{  0.181888  -0.910794  0.370637  }
{  -0.404043  0.27441  0.87261  }
{  -0.896474  -0.308471  -0.318088  }
Molecule radius: 21.2278 Ang 
orientation time of molecule target: 0.00241303 s
target mass: 11704.6 amu
gas mass: 28.014 amu
reduce mass: 28.014 amu
charge state: 2.998 e
*********************************************************
Geometric Ellipsoid: 
*********************************************************
maximal distances: 16.2609  19.5446  21.0148  Ang
Initial axis length: 67.3685  70.6522  72.1224  Ang
Ellipsoid axis length: 69.2085  72.4922  73.9624  Ang
ellipsoid calculation time: 4.19617e-05 s
maximal impact parameter: 73.9624 Ang
*********************************************************
Linked-cell: 
Numbers of cells: 2028
Nx: 12 Ny: 13 Nz: 13
Filled cells: 30
Empty cells: 1998
Average atoms per cell: 55.5333
Maximum atoms per cell: 179
Minimum atoms per cell: 1
Simulation box: 
lx: 144.12 Ang
ly: 156.13 Ang
lz: 156.13 Ang
linked-cell calculation time: 0.00214219 s
time info: 9.01222e-05 s
*********************************************************
Trajectory calculations 
*********************************************************
out target time: 11.8478 s
Ntraj: 10000
Nfree: 563
Nscatter: 9435
Nlost: 2
omega: 1609.11
Ntraj: 10000
Nfree: 520
Nscatter: 9480
Nlost: 0
omega: 1585.14
Ntraj: 10000
Nfree: 554
Nscatter: 9446
Nlost: 0
omega: 1513.42
Ntraj: 10000
Nfree: 535
Nscatter: 9462
Nlost: 3
omega: 1561.37
Ntraj: 10000
Nfree: 567
Nscatter: 9433
Nlost: 0
omega: 1622.36
Ntraj: 10000
Nfree: 562
Nscatter: 9435
Nlost: 3
omega: 1565.82
Ntraj: 10000
Nfree: 534
Nscatter: 9462
Nlost: 4
omega: 1448.58
Ntraj: 10000
Nfree: 551
Nscatter: 9449
Nlost: 0
omega: 1467.35
Ntraj: 10000
Nfree: 558
Nscatter: 9441
Nlost: 1
omega: 1510.56
Ntraj: 10000
Nfree: 522
Nscatter: 9477
Nlost: 1
omega: 1615.29
*********************************************************
task: 0
worker id: 52721
time create lcl and mol: 0.000501871 s
numbers of trajectories: 3572
time trajectory calculation: 4.16331 s
task: 1
worker id: 73457
time create lcl and mol: 0.00048995 s
numbers of trajectories: 3572
time trajectory calculation: 2.28365 s
task: 2
worker id: 52270
time create lcl and mol: 0.00048089 s
numbers of trajectories: 3572
time trajectory calculation: 1.88265 s
task: 3
worker id: 50422
time create lcl and mol: 0.000478983 s
numbers of trajectories: 3572
time trajectory calculation: 3.23208 s
task: 4
worker id: 52620
time create lcl and mol: 0.000599146 s
numbers of trajectories: 3572
time trajectory calculation: 3.0084 s
task: 5
worker id: 51235
time create lcl and mol: 0.000465155 s
numbers of trajectories: 3572
time trajectory calculation: 1.75329 s
task: 6
worker id: 53059
time create lcl and mol: 0.000478983 s
numbers of trajectories: 3572
time trajectory calculation: 1.92384 s
task: 7
worker id: 51463
time create lcl and mol: 0.000525951 s
numbers of trajectories: 3572
time trajectory calculation: 3.09504 s
task: 8
worker id: 51463
time create lcl and mol: 0.000478983 s
numbers of trajectories: 3572
time trajectory calculation: 2.53719 s
task: 9
worker id: 53059
time create lcl and mol: 0.000495911 s
numbers of trajectories: 3572
time trajectory calculation: 3.73579 s
task: 10
worker id: 73457
time create lcl and mol: 0.00049901 s
numbers of trajectories: 3572
time trajectory calculation: 5.82453 s
task: 11
worker id: 51235
time create lcl and mol: 0.000596046 s
numbers of trajectories: 3572
time trajectory calculation: 1.91502 s
task: 12
worker id: 52620
time create lcl and mol: 0.00048089 s
numbers of trajectories: 3571
time trajectory calculation: 1.38317 s
task: 13
worker id: 52620
time create lcl and mol: 0.000506163 s
numbers of trajectories: 3571
time trajectory calculation: 4.88843 s
task: 14
worker id: 50422
time create lcl and mol: 0.000463009 s
numbers of trajectories: 3571
time trajectory calculation: 2.52295 s
task: 15
worker id: 53059
time create lcl and mol: 0.000499964 s
numbers of trajectories: 3571
time trajectory calculation: 5.62205 s
task: 16
worker id: 52721
time create lcl and mol: 0.000509977 s
numbers of trajectories: 3571
time trajectory calculation: 5.08592 s
task: 17
worker id: 51235
time create lcl and mol: 0.000518084 s
numbers of trajectories: 3571
time trajectory calculation: 3.48393 s
task: 18
worker id: 52270
time create lcl and mol: 0.000476122 s
numbers of trajectories: 3571
time trajectory calculation: 3.73856 s
task: 19
worker id: 52270
time create lcl and mol: 0.000524044 s
numbers of trajectories: 3571
time trajectory calculation: 3.66052 s
task: 20
worker id: 51463
time create lcl and mol: 0.000505924 s
numbers of trajectories: 3571
time trajectory calculation: 1.34203 s
task: 21
worker id: 52620
time create lcl and mol: 0.000504971 s
numbers of trajectories: 3571
time trajectory calculation: 1.95851 s
task: 22
worker id: 52270
time create lcl and mol: 0.000476837 s
numbers of trajectories: 3571
time trajectory calculation: 1.62641 s
task: 23
worker id: 50422
time create lcl and mol: 0.0006001 s
numbers of trajectories: 3571
time trajectory calculation: 2.03031 s
task: 24
worker id: 51463
time create lcl and mol: 0.000486851 s
numbers of trajectories: 3571
time trajectory calculation: 2.26191 s
task: 25
worker id: 50422
time create lcl and mol: 0.000491142 s
numbers of trajectories: 3571
time trajectory calculation: 2.04611 s
task: 26
worker id: 73457
time create lcl and mol: 0.000533104 s
numbers of trajectories: 3571
time trajectory calculation: 1.97946 s
task: 27
worker id: 51235
time create lcl and mol: 0.00047493 s
numbers of trajectories: 3571
time trajectory calculation: 4.60238 s
CCS time: 11.8582 s
*********************************************************
average value of CCS = 1549.9 Ang^2
error value of CCS = 18.606 Ang^2
Total time: 11.8682 s
Program finished...
*********************************************************
INPUT:: Simulation Parameters 
*********************************************************
target filename                  : 06_1hrc_carga_3_min.xyz
number of probe                  : 10000
number of iterarions             : 10
number of tasks                  : 28
number of threads                : 24
seed number                      : 2104
gas buffer                       : N2
Target Temperature (K)           : 298
timestep (fs)                    : 10
Skin cell size (Ang)             : 0.01
Equipotential                    : no
Cut short-range interaction      : yes
LJ cutoff (Ang)                  : 12
Apply long-range interaction     : yes
Cut long-range interaction       : yes
Coulomb cutoff (Ang)             : 25
Apply induced-dipole interaction : yes
alpha (Ang^3)                    : 1.71
force_type: 6
*********************************************************
Force Field parameters: 
*********************************************************
Symbol  mass (amu)  epislon (kcal/mol)  sigma(Angstroms) 
C   12.011   0.0824736   3.2255
N   14.007   0.0758527   3.5719
H   1.008   0.0362711   1.8986
O   15.999   0.062323   3.075
S   32.06   0.138032   3.4237
P   30.9738   0.145372   3.47
*********************************************************
MOLECULE:: orientation around the inertia principal axis 
*********************************************************
Inertia matrix a.u. Ang^2: 
{  1.22065e+06  -9942.05  91494.5  }
{  -9942.05  1.405e+06  -122592  }
{  91494.5  -122592  1.11072e+06  }
Rotation matrix applied to molecule: 
{  0.181888  -0.910794  0.370637  }
{  -0.404043  0.27441  0.87261  }
{  -0.896474  -0.308471  -0.318088  }
Molecule radius: 21.2278 Ang 
orientation time of molecule target: 0.00236106 s
target mass: 11704.6 amu
gas mass: 28.014 amu
reduce mass: 28.014 amu
charge state: 2.998 e
*********************************************************
Geometric Ellipsoid: 
*********************************************************
maximal distances: 16.2609  19.5446  21.0148  Ang
Initial axis length: 67.3685  70.6522  72.1224  Ang
Ellipsoid axis length: 69.2085  72.4922  73.9624  Ang
ellipsoid calculation time: 3.91006e-05 s
maximal impact parameter: 73.9624 Ang
*********************************************************
Linked-cell: 
Numbers of cells: 2028
Nx: 12 Ny: 13 Nz: 13
Filled cells: 30
Empty cells: 1998
Average atoms per cell: 55.5333
Maximum atoms per cell: 179
Minimum atoms per cell: 1
Simulation box: 
lx: 144.12 Ang
ly: 156.13 Ang
lz: 156.13 Ang
linked-cell calculation time: 0.0021069 s
time info: 8.89301e-05 s
*********************************************************
Trajectory calculations 
*********************************************************
out target time: 12.8049 s
Ntraj: 10000
Nfree: 563
Nscatter: 9435
Nlost: 2
omega: 1609.11
Ntraj: 10000
Nfree: 520
Nscatter: 9480
Nlost: 0
omega: 1585.14
Ntraj: 10000
Nfree: 554
Nscatter: 9446
Nlost: 0
omega: 1513.42
Ntraj: 10000
Nfree: 535
Nscatter: 9462
Nlost: 3
omega: 1561.37
Ntraj: 10000
Nfree: 567
Nscatter: 9433
Nlost: 0
omega: 1622.36
Ntraj: 10000
Nfree: 562
Nscatter: 9435
Nlost: 3
omega: 1565.82
Ntraj: 10000
Nfree: 534
Nscatter: 9462
Nlost: 4
omega: 1448.58
Ntraj: 10000
Nfree: 551
Nscatter: 9449
Nlost: 0
omega: 1467.35
Ntraj: 10000
Nfree: 558
Nscatter: 9441
Nlost: 1
omega: 1510.56
Ntraj: 10000
Nfree: 522
Nscatter: 9477
Nlost: 1
omega: 1615.29
*********************************************************
task: 0
worker id: 53478
time create lcl and mol: 0.00048399 s
numbers of trajectories: 3572
time trajectory calculation: 4.2476 s
task: 1
worker id: 51654
time create lcl and mol: 0.000594139 s
numbers of trajectories: 3572
time trajectory calculation: 2.28123 s
task: 2
worker id: 51880
time create lcl and mol: 0.000692844 s
numbers of trajectories: 3572
time trajectory calculation: 1.80419 s
task: 3
worker id: 53035
time create lcl and mol: 0.000468016 s
numbers of trajectories: 3572
time trajectory calculation: 3.31221 s
task: 4
worker id: 73891
time create lcl and mol: 0.000519991 s
numbers of trajectories: 3572
time trajectory calculation: 3.01096 s
task: 5
worker id: 52686
time create lcl and mol: 0.000475883 s
numbers of trajectories: 3572
time trajectory calculation: 1.76164 s
task: 6
worker id: 53139
time create lcl and mol: 0.000486135 s
numbers of trajectories: 3572
time trajectory calculation: 1.86056 s
task: 7
worker id: 73891
time create lcl and mol: 0.00047183 s
numbers of trajectories: 3572
time trajectory calculation: 3.13418 s
task: 8
worker id: 50841
time create lcl and mol: 0.000478983 s
numbers of trajectories: 3572
time trajectory calculation: 2.56026 s
task: 9
worker id: 53035
time create lcl and mol: 0.000461102 s
numbers of trajectories: 3572
time trajectory calculation: 3.71274 s
task: 10
worker id: 51654
time create lcl and mol: 0.000485182 s
numbers of trajectories: 3572
time trajectory calculation: 5.83708 s
task: 11
worker id: 52686
time create lcl and mol: 0.000460863 s
numbers of trajectories: 3572
time trajectory calculation: 1.85321 s
task: 12
worker id: 50841
time create lcl and mol: 0.000443935 s
numbers of trajectories: 3571
time trajectory calculation: 1.37655 s
task: 13
worker id: 53139
time create lcl and mol: 0.000463009 s
numbers of trajectories: 3571
time trajectory calculation: 5.16645 s
task: 14
worker id: 50841
time create lcl and mol: 0.000445843 s
numbers of trajectories: 3571
time trajectory calculation: 2.43547 s
task: 15
worker id: 53139
time create lcl and mol: 0.00049305 s
numbers of trajectories: 3571
time trajectory calculation: 5.70336 s
task: 16
worker id: 51880
time create lcl and mol: 0.000498056 s
numbers of trajectories: 3571
time trajectory calculation: 5.12435 s
task: 17
worker id: 52686
time create lcl and mol: 0.000521898 s
numbers of trajectories: 3571
time trajectory calculation: 3.54568 s
task: 18
worker id: 53478
time create lcl and mol: 0.000464916 s
numbers of trajectories: 3571
time trajectory calculation: 3.7922 s
task: 19
worker id: 50841
time create lcl and mol: 0.000438929 s
numbers of trajectories: 3571
time trajectory calculation: 3.47298 s
task: 20
worker id: 51654
time create lcl and mol: 0.000507832 s
numbers of trajectories: 3571
time trajectory calculation: 1.3789 s
task: 21
worker id: 53478
time create lcl and mol: 0.000539064 s
numbers of trajectories: 3571
time trajectory calculation: 1.87001 s
task: 22
worker id: 53478
time create lcl and mol: 0.000453949 s
numbers of trajectories: 3571
time trajectory calculation: 1.62775 s
task: 23
worker id: 51880
time create lcl and mol: 0.000476122 s
numbers of trajectories: 3571
time trajectory calculation: 2.01528 s
task: 24
worker id: 52686
time create lcl and mol: 0.000488997 s
numbers of trajectories: 3571
time trajectory calculation: 2.24653 s
task: 25
worker id: 53035
time create lcl and mol: 0.000487089 s
numbers of trajectories: 3571
time trajectory calculation: 2.07403 s
task: 26
worker id: 51880
time create lcl and mol: 0.000463963 s
numbers of trajectories: 3571
time trajectory calculation: 1.96744 s
task: 27
worker id: 73891
time create lcl and mol: 0.000483036 s
numbers of trajectories: 3571
time trajectory calculation: 4.52455 s
CCS time: 12.8151 s
*********************************************************
average value of CCS = 1549.9 Ang^2
error value of CCS = 18.606 Ang^2
Total time: 12.8249 s
Program finished...
*********************************************************
INPUT:: Simulation Parameters 
*********************************************************
target filename                  : 06_1hrc_carga_3_min.xyz
number of probe                  : 10000
number of iterarions             : 10
number of tasks                  : 28
number of threads                : 24
seed number                      : 2104
gas buffer                       : N2
Target Temperature (K)           : 298
timestep (fs)                    : 10
Skin cell size (Ang)             : 0.01
Equipotential                    : no
Cut short-range interaction      : yes
LJ cutoff (Ang)                  : 12
Apply long-range interaction     : yes
Cut long-range interaction       : yes
Coulomb cutoff (Ang)             : 25
Apply induced-dipole interaction : yes
alpha (Ang^3)                    : 1.71
force_type: 6
*********************************************************
Force Field parameters: 
*********************************************************
Symbol  mass (amu)  epislon (kcal/mol)  sigma(Angstroms) 
C   12.011   0.0824736   3.2255
N   14.007   0.0758527   3.5719
H   1.008   0.0362711   1.8986
O   15.999   0.062323   3.075
S   32.06   0.138032   3.4237
P   30.9738   0.145372   3.47
*********************************************************
MOLECULE:: orientation around the inertia principal axis 
*********************************************************
Inertia matrix a.u. Ang^2: 
{  1.22065e+06  -9942.05  91494.5  }
{  -9942.05  1.405e+06  -122592  }
{  91494.5  -122592  1.11072e+06  }
Rotation matrix applied to molecule: 
{  0.181888  -0.910794  0.370637  }
{  -0.404043  0.27441  0.87261  }
{  -0.896474  -0.308471  -0.318088  }
Molecule radius: 21.2278 Ang 
orientation time of molecule target: 0.0022769 s
target mass: 11704.6 amu
gas mass: 28.014 amu
reduce mass: 28.014 amu
charge state: 2.998 e
*********************************************************
Geometric Ellipsoid: 
*********************************************************
maximal distances: 16.2609  19.5446  21.0148  Ang
Initial axis length: 67.3685  70.6522  72.1224  Ang
Ellipsoid axis length: 69.2085  72.4922  73.9624  Ang
ellipsoid calculation time: 4.60148e-05 s
maximal impact parameter: 73.9624 Ang
*********************************************************
Linked-cell: 
Numbers of cells: 2028
Nx: 12 Ny: 13 Nz: 13
Filled cells: 30
Empty cells: 1998
Average atoms per cell: 55.5333
Maximum atoms per cell: 179
Minimum atoms per cell: 1
Simulation box: 
lx: 144.12 Ang
ly: 156.13 Ang
lz: 156.13 Ang
linked-cell calculation time: 0.00214219 s
time info: 8.89301e-05 s
*********************************************************
Trajectory calculations 
*********************************************************
out target time: 13.9822 s
Ntraj: 10000
Nfree: 563
Nscatter: 9435
Nlost: 2
omega: 1609.11
Ntraj: 10000
Nfree: 520
Nscatter: 9480
Nlost: 0
omega: 1585.14
Ntraj: 10000
Nfree: 554
Nscatter: 9446
Nlost: 0
omega: 1513.42
Ntraj: 10000
Nfree: 535
Nscatter: 9462
Nlost: 3
omega: 1561.37
Ntraj: 10000
Nfree: 567
Nscatter: 9433
Nlost: 0
omega: 1622.36
Ntraj: 10000
Nfree: 562
Nscatter: 9435
Nlost: 3
omega: 1565.82
Ntraj: 10000
Nfree: 534
Nscatter: 9462
Nlost: 4
omega: 1448.58
Ntraj: 10000
Nfree: 551
Nscatter: 9449
Nlost: 0
omega: 1467.35
Ntraj: 10000
Nfree: 558
Nscatter: 9441
Nlost: 1
omega: 1510.56
Ntraj: 10000
Nfree: 522
Nscatter: 9477
Nlost: 1
omega: 1615.29
*********************************************************
task: 0
worker id: 74599
time create lcl and mol: 0.000491858 s
numbers of trajectories: 3572
time trajectory calculation: 4.18947 s
task: 1
worker id: 51534
time create lcl and mol: 0.000499964 s
numbers of trajectories: 3572
time trajectory calculation: 2.37074 s
task: 2
worker id: 53385
time create lcl and mol: 0.000476837 s
numbers of trajectories: 3572
time trajectory calculation: 1.83069 s
task: 3
worker id: 54174
time create lcl and mol: 0.000524998 s
numbers of trajectories: 3572
time trajectory calculation: 3.24037 s
task: 4
worker id: 52576
time create lcl and mol: 0.000518084 s
numbers of trajectories: 3572
time trajectory calculation: 2.97991 s
task: 5
worker id: 53731
time create lcl and mol: 0.00051713 s
numbers of trajectories: 3572
time trajectory calculation: 1.74695 s
task: 6
worker id: 52576
time create lcl and mol: 0.000488997 s
numbers of trajectories: 3572
time trajectory calculation: 1.84764 s
task: 7
worker id: 52576
time create lcl and mol: 0.000498056 s
numbers of trajectories: 3572
time trajectory calculation: 3.02097 s
task: 8
worker id: 52576
time create lcl and mol: 0.000436068 s
numbers of trajectories: 3572
time trajectory calculation: 2.40441 s
task: 9
worker id: 53385
time create lcl and mol: 0.000514984 s
numbers of trajectories: 3572
time trajectory calculation: 3.61729 s
task: 10
worker id: 74599
time create lcl and mol: 0.000471115 s
numbers of trajectories: 3572
time trajectory calculation: 5.94468 s
task: 11
worker id: 54174
time create lcl and mol: 0.000511885 s
numbers of trajectories: 3572
time trajectory calculation: 1.75945 s
task: 12
worker id: 54174
time create lcl and mol: 0.000466108 s
numbers of trajectories: 3571
time trajectory calculation: 1.37182 s
task: 13
worker id: 53731
time create lcl and mol: 0.000519037 s
numbers of trajectories: 3571
time trajectory calculation: 5.17511 s
task: 14
worker id: 53835
time create lcl and mol: 0.000486851 s
numbers of trajectories: 3571
time trajectory calculation: 2.46131 s
task: 15
worker id: 54174
time create lcl and mol: 0.000488043 s
numbers of trajectories: 3571
time trajectory calculation: 5.86577 s
task: 16
worker id: 52348
time create lcl and mol: 0.00051403 s
numbers of trajectories: 3571
time trajectory calculation: 5.16549 s
task: 17
worker id: 51534
time create lcl and mol: 0.000454903 s
numbers of trajectories: 3571
time trajectory calculation: 3.50362 s
task: 18
worker id: 53385
time create lcl and mol: 0.000582933 s
numbers of trajectories: 3571
time trajectory calculation: 3.69131 s
task: 19
worker id: 53835
time create lcl and mol: 0.000506163 s
numbers of trajectories: 3571
time trajectory calculation: 3.57409 s
task: 20
worker id: 51534
time create lcl and mol: 0.000438929 s
numbers of trajectories: 3571
time trajectory calculation: 1.35818 s
task: 21
worker id: 53731
time create lcl and mol: 0.000478983 s
numbers of trajectories: 3571
time trajectory calculation: 1.97578 s
task: 22
worker id: 54174
time create lcl and mol: 0.00058198 s
numbers of trajectories: 3571
time trajectory calculation: 1.63719 s
task: 23
worker id: 52348
time create lcl and mol: 0.000416994 s
numbers of trajectories: 3571
time trajectory calculation: 2.03217 s
task: 24
worker id: 52348
time create lcl and mol: 0.000533819 s
numbers of trajectories: 3571
time trajectory calculation: 2.23434 s
task: 25
worker id: 53835
time create lcl and mol: 0.000482082 s
numbers of trajectories: 3571
time trajectory calculation: 2.06921 s
task: 26
worker id: 51534
time create lcl and mol: 0.000477076 s
numbers of trajectories: 3571
time trajectory calculation: 1.97933 s
task: 27
worker id: 53835
time create lcl and mol: 0.000655174 s
numbers of trajectories: 3571
time trajectory calculation: 4.59948 s
CCS time: 13.9925 s
*********************************************************
average value of CCS = 1549.9 Ang^2
error value of CCS = 18.606 Ang^2
Total time: 14.0023 s
Program finished...
