*********************************************************
INPUT:: Simulation Parameters 
*********************************************************
target filename                  : 03_3bsz_carga_14_min.xyz
number of probe                  : 10000
number of iterarions             : 10
number of tasks                  : 28
number of threads                : 24
seed number                      : 2104
gas buffer                       : N2
Target Temperature (K)           : 298
timestep (fs)                    : 10
Skin cell size (Ang)             : 0.01
Equipotential                    : no
Cut short-range interaction      : yes
LJ cutoff (Ang)                  : 12
Apply long-range interaction     : yes
Cut long-range interaction       : yes
Coulomb cutoff (Ang)             : 25
Apply induced-dipole interaction : yes
alpha (Ang^3)                    : 1.71
force_type: 6
*********************************************************
Force Field parameters: 
*********************************************************
Symbol  mass (amu)  epislon (kcal/mol)  sigma(Angstroms) 
C   12.011   0.0824736   3.2255
N   14.007   0.0758527   3.5719
H   1.008   0.0362711   1.8986
O   15.999   0.062323   3.075
S   32.06   0.138032   3.4237
P   30.9738   0.145372   3.47
*********************************************************
MOLECULE:: orientation around the inertia principal axis 
*********************************************************
Inertia matrix a.u. Ang^2: 
{  1.592e+07  -2.42743e+06  -2.87494e+06  }
{  -2.42743e+06  1.69711e+07  -604084  }
{  -2.87494e+06  -604084  1.74506e+07  }
Rotation matrix applied to molecule: 
{  0.6656  -0.394687  -0.633402  }
{  0.739056  0.466615  0.485867  }
{  0.10379  -0.791513  0.602275  }
Molecule radius: 36.1505 Ang 
orientation time of molecule target: 0.0990021 s
target mass: 52094.7 amu
gas mass: 28.014 amu
reduce mass: 28.014 amu
charge state: 13.9996 e
*********************************************************
Geometric Ellipsoid: 
*********************************************************
maximal distances: 23.5798  32.2083  34.2094  Ang
Initial axis length: 74.6874  83.3159  85.317  Ang
Ellipsoid axis length: 78.5074  87.1359  89.137  Ang
ellipsoid calculation time: 7.51019e-05 s
maximal impact parameter: 89.137 Ang
*********************************************************
Linked-cell: 
Numbers of cells: 3150
Nx: 14 Ny: 15 Nz: 15
Filled cells: 103
Empty cells: 3047
Average atoms per cell: 70.8058
Maximum atoms per cell: 199
Minimum atoms per cell: 1
Simulation box: 
lx: 168.14 Ang
ly: 180.15 Ang
lz: 180.15 Ang
linked-cell calculation time: 0.00356317 s
time info: 0.00029707 s
*********************************************************
Trajectory calculations 
*********************************************************
out target time: 27.6198 s
Ntraj: 10000
Nfree: 955
Nscatter: 9045
Nlost: 0
omega: 4228.17
Ntraj: 10000
Nfree: 905
Nscatter: 9095
Nlost: 0
omega: 4119.67
Ntraj: 10000
Nfree: 883
Nscatter: 9116
Nlost: 1
omega: 4015.83
Ntraj: 10000
Nfree: 885
Nscatter: 9115
Nlost: 0
omega: 4065.38
Ntraj: 10000
Nfree: 896
Nscatter: 9104
Nlost: 0
omega: 4154.34
Ntraj: 10000
Nfree: 948
Nscatter: 9052
Nlost: 0
omega: 4152.05
Ntraj: 10000
Nfree: 937
Nscatter: 9063
Nlost: 0
omega: 4028.73
Ntraj: 10000
Nfree: 966
Nscatter: 9033
Nlost: 1
omega: 3984.6
Ntraj: 10000
Nfree: 934
Nscatter: 9065
Nlost: 1
omega: 4032.13
Ntraj: 10000
Nfree: 882
Nscatter: 9117
Nlost: 1
omega: 4271.08
*********************************************************
task: 0
worker id: 88443
time create lcl and mol: 0.000916958 s
numbers of trajectories: 3572
time trajectory calculation: 5.5006 s
task: 1
worker id: 86597
time create lcl and mol: 0.000802994 s
numbers of trajectories: 3572
time trajectory calculation: 3.25653 s
task: 2
worker id: 88818
time create lcl and mol: 0.000854969 s
numbers of trajectories: 3572
time trajectory calculation: 4.1544 s
task: 3
worker id: 12865
time create lcl and mol: 0.000968933 s
numbers of trajectories: 3572
time trajectory calculation: 4.78145 s
task: 4
worker id: 87436
time create lcl and mol: 0.000846148 s
numbers of trajectories: 3572
time trajectory calculation: 3.25921 s
task: 5
worker id: 88942
time create lcl and mol: 0.000854015 s
numbers of trajectories: 3572
time trajectory calculation: 8.92864 s
task: 6
worker id: 86597
time create lcl and mol: 0.000838995 s
numbers of trajectories: 3572
time trajectory calculation: 4.32888 s
task: 7
worker id: 89289
time create lcl and mol: 0.000832081 s
numbers of trajectories: 3572
time trajectory calculation: 13.3821 s
task: 8
worker id: 87665
time create lcl and mol: 0.000854969 s
numbers of trajectories: 3572
time trajectory calculation: 7.1343 s
task: 9
worker id: 88443
time create lcl and mol: 0.000897884 s
numbers of trajectories: 3572
time trajectory calculation: 3.25642 s
task: 10
worker id: 12865
time create lcl and mol: 0.000905991 s
numbers of trajectories: 3572
time trajectory calculation: 3.99736 s
task: 11
worker id: 12865
time create lcl and mol: 0.000878096 s
numbers of trajectories: 3572
time trajectory calculation: 3.33775 s
task: 12
worker id: 87436
time create lcl and mol: 0.000855923 s
numbers of trajectories: 3571
time trajectory calculation: 14.863 s
task: 13
worker id: 89289
time create lcl and mol: 0.000878096 s
numbers of trajectories: 3571
time trajectory calculation: 3.34259 s
task: 14
worker id: 88818
time create lcl and mol: 0.000869036 s
numbers of trajectories: 3571
time trajectory calculation: 4.37822 s
task: 15
worker id: 87665
time create lcl and mol: 0.00111604 s
numbers of trajectories: 3571
time trajectory calculation: 3.97501 s
task: 16
worker id: 12865
time create lcl and mol: 0.000854015 s
numbers of trajectories: 3571
time trajectory calculation: 9.96257 s
task: 17
worker id: 12865
time create lcl and mol: 0.000931025 s
numbers of trajectories: 3571
time trajectory calculation: 3.6931 s
task: 18
worker id: 86597
time create lcl and mol: 0.000849009 s
numbers of trajectories: 3571
time trajectory calculation: 8.28381 s
task: 19
worker id: 88942
time create lcl and mol: 0.000910997 s
numbers of trajectories: 3571
time trajectory calculation: 4.2375 s
task: 20
worker id: 87436
time create lcl and mol: 0.000901222 s
numbers of trajectories: 3571
time trajectory calculation: 2.90112 s
task: 21
worker id: 88942
time create lcl and mol: 0.000911951 s
numbers of trajectories: 3571
time trajectory calculation: 12.7419 s
task: 22
worker id: 86597
time create lcl and mol: 0.000864983 s
numbers of trajectories: 3571
time trajectory calculation: 4.38682 s
task: 23
worker id: 88818
time create lcl and mol: 0.000859976 s
numbers of trajectories: 3571
time trajectory calculation: 5.23955 s
task: 24
worker id: 88443
time create lcl and mol: 0.000814199 s
numbers of trajectories: 3571
time trajectory calculation: 9.368 s
task: 25
worker id: 87665
time create lcl and mol: 0.000884056 s
numbers of trajectories: 3571
time trajectory calculation: 6.24372 s
task: 26
worker id: 88818
time create lcl and mol: 0.000840902 s
numbers of trajectories: 3571
time trajectory calculation: 9.65115 s
task: 27
worker id: 87436
time create lcl and mol: 0.000838995 s
numbers of trajectories: 3571
time trajectory calculation: 6.48614 s
CCS time: 27.6297 s
*********************************************************
average value of CCS = 4105.2 Ang^2
error value of CCS = 28.7685 Ang^2
Total time: 27.7378 s
Program finished...
*********************************************************
INPUT:: Simulation Parameters 
*********************************************************
target filename                  : 03_3bsz_carga_14_min.xyz
number of probe                  : 10000
number of iterarions             : 10
number of tasks                  : 28
number of threads                : 24
seed number                      : 2104
gas buffer                       : N2
Target Temperature (K)           : 298
timestep (fs)                    : 10
Skin cell size (Ang)             : 0.01
Equipotential                    : no
Cut short-range interaction      : yes
LJ cutoff (Ang)                  : 12
Apply long-range interaction     : yes
Cut long-range interaction       : yes
Coulomb cutoff (Ang)             : 25
Apply induced-dipole interaction : yes
alpha (Ang^3)                    : 1.71
force_type: 6
*********************************************************
Force Field parameters: 
*********************************************************
Symbol  mass (amu)  epislon (kcal/mol)  sigma(Angstroms) 
C   12.011   0.0824736   3.2255
N   14.007   0.0758527   3.5719
H   1.008   0.0362711   1.8986
O   15.999   0.062323   3.075
S   32.06   0.138032   3.4237
P   30.9738   0.145372   3.47
*********************************************************
MOLECULE:: orientation around the inertia principal axis 
*********************************************************
Inertia matrix a.u. Ang^2: 
{  1.592e+07  -2.42743e+06  -2.87494e+06  }
{  -2.42743e+06  1.69711e+07  -604084  }
{  -2.87494e+06  -604084  1.74506e+07  }
Rotation matrix applied to molecule: 
{  0.6656  -0.394687  -0.633402  }
{  0.739056  0.466615  0.485867  }
{  0.10379  -0.791513  0.602275  }
Molecule radius: 36.1505 Ang 
orientation time of molecule target: 0.00769496 s
target mass: 52094.7 amu
gas mass: 28.014 amu
reduce mass: 28.014 amu
charge state: 13.9996 e
*********************************************************
Geometric Ellipsoid: 
*********************************************************
maximal distances: 23.5798  32.2083  34.2094  Ang
Initial axis length: 74.6874  83.3159  85.317  Ang
Ellipsoid axis length: 78.5074  87.1359  89.137  Ang
ellipsoid calculation time: 8.01086e-05 s
maximal impact parameter: 89.137 Ang
*********************************************************
Linked-cell: 
Numbers of cells: 3150
Nx: 14 Ny: 15 Nz: 15
Filled cells: 103
Empty cells: 3047
Average atoms per cell: 70.8058
Maximum atoms per cell: 199
Minimum atoms per cell: 1
Simulation box: 
lx: 168.14 Ang
ly: 180.15 Ang
lz: 180.15 Ang
linked-cell calculation time: 0.00367379 s
time info: 0.000272989 s
*********************************************************
Trajectory calculations 
*********************************************************
out target time: 32.8301 s
Ntraj: 10000
Nfree: 955
Nscatter: 9045
Nlost: 0
omega: 4228.17
Ntraj: 10000
Nfree: 905
Nscatter: 9095
Nlost: 0
omega: 4119.67
Ntraj: 10000
Nfree: 883
Nscatter: 9116
Nlost: 1
omega: 4015.83
Ntraj: 10000
Nfree: 885
Nscatter: 9115
Nlost: 0
omega: 4065.38
Ntraj: 10000
Nfree: 896
Nscatter: 9104
Nlost: 0
omega: 4154.34
Ntraj: 10000
Nfree: 948
Nscatter: 9052
Nlost: 0
omega: 4152.05
Ntraj: 10000
Nfree: 937
Nscatter: 9063
Nlost: 0
omega: 4028.73
Ntraj: 10000
Nfree: 966
Nscatter: 9033
Nlost: 1
omega: 3984.6
Ntraj: 10000
Nfree: 934
Nscatter: 9065
Nlost: 1
omega: 4032.13
Ntraj: 10000
Nfree: 882
Nscatter: 9117
Nlost: 1
omega: 4271.08
*********************************************************
task: 0
worker id: 13916
time create lcl and mol: 0.000902891 s
numbers of trajectories: 3572
time trajectory calculation: 5.34684 s
task: 1
worker id: 89981
time create lcl and mol: 0.000905037 s
numbers of trajectories: 3572
time trajectory calculation: 3.36122 s
task: 2
worker id: 90324
time create lcl and mol: 0.000969887 s
numbers of trajectories: 3572
time trajectory calculation: 4.26697 s
task: 3
worker id: 87631
time create lcl and mol: 0.000857115 s
numbers of trajectories: 3572
time trajectory calculation: 4.71724 s
task: 4
worker id: 89479
time create lcl and mol: 0.000849962 s
numbers of trajectories: 3572
time trajectory calculation: 3.31955 s
task: 5
worker id: 88471
time create lcl and mol: 0.000901937 s
numbers of trajectories: 3572
time trajectory calculation: 8.96798 s
task: 6
worker id: 13916
time create lcl and mol: 0.000855207 s
numbers of trajectories: 3572
time trajectory calculation: 4.27155 s
task: 7
worker id: 88704
time create lcl and mol: 0.000867844 s
numbers of trajectories: 3572
time trajectory calculation: 13.2041 s
task: 8
worker id: 89855
time create lcl and mol: 0.00086689 s
numbers of trajectories: 3572
time trajectory calculation: 7.17569 s
task: 9
worker id: 13916
time create lcl and mol: 0.000883102 s
numbers of trajectories: 3572
time trajectory calculation: 3.09092 s
task: 10
worker id: 87631
time create lcl and mol: 0.000869036 s
numbers of trajectories: 3572
time trajectory calculation: 3.91556 s
task: 11
worker id: 89855
time create lcl and mol: 0.00105405 s
numbers of trajectories: 3572
time trajectory calculation: 3.23876 s
task: 12
worker id: 13916
time create lcl and mol: 0.000849009 s
numbers of trajectories: 3571
time trajectory calculation: 15.5108 s
task: 13
worker id: 89479
time create lcl and mol: 0.000916004 s
numbers of trajectories: 3571
time trajectory calculation: 3.32559 s
task: 14
worker id: 13916
time create lcl and mol: 0.00088501 s
numbers of trajectories: 3571
time trajectory calculation: 4.51064 s
task: 15
worker id: 89981
time create lcl and mol: 0.000837088 s
numbers of trajectories: 3571
time trajectory calculation: 3.95284 s
task: 16
worker id: 88704
time create lcl and mol: 0.000794888 s
numbers of trajectories: 3571
time trajectory calculation: 9.75264 s
task: 17
worker id: 89855
time create lcl and mol: 0.000891924 s
numbers of trajectories: 3571
time trajectory calculation: 3.53967 s
task: 18
worker id: 90324
time create lcl and mol: 0.000921965 s
numbers of trajectories: 3571
time trajectory calculation: 8.23997 s
task: 19
worker id: 89855
time create lcl and mol: 0.000865936 s
numbers of trajectories: 3571
time trajectory calculation: 3.97608 s
task: 20
worker id: 88471
time create lcl and mol: 0.000883102 s
numbers of trajectories: 3571
time trajectory calculation: 3.09692 s
task: 21
worker id: 89981
time create lcl and mol: 0.000846863 s
numbers of trajectories: 3571
time trajectory calculation: 13.5009 s
task: 22
worker id: 87631
time create lcl and mol: 0.000874043 s
numbers of trajectories: 3571
time trajectory calculation: 4.41864 s
task: 23
worker id: 90324
time create lcl and mol: 0.000905991 s
numbers of trajectories: 3571
time trajectory calculation: 5.30083 s
task: 24
worker id: 89479
time create lcl and mol: 0.000879049 s
numbers of trajectories: 3571
time trajectory calculation: 9.71314 s
task: 25
worker id: 89479
time create lcl and mol: 0.00087595 s
numbers of trajectories: 3571
time trajectory calculation: 6.52267 s
task: 26
worker id: 88471
time create lcl and mol: 0.000928879 s
numbers of trajectories: 3571
time trajectory calculation: 9.45427 s
task: 27
worker id: 87631
time create lcl and mol: 0.000849962 s
numbers of trajectories: 3571
time trajectory calculation: 6.53028 s
CCS time: 32.8403 s
*********************************************************
average value of CCS = 4105.2 Ang^2
error value of CCS = 28.7685 Ang^2
Total time: 32.8571 s
Program finished...
*********************************************************
INPUT:: Simulation Parameters 
*********************************************************
target filename                  : 03_3bsz_carga_14_min.xyz
number of probe                  : 10000
number of iterarions             : 10
number of tasks                  : 28
number of threads                : 24
seed number                      : 2104
gas buffer                       : N2
Target Temperature (K)           : 298
timestep (fs)                    : 10
Skin cell size (Ang)             : 0.01
Equipotential                    : no
Cut short-range interaction      : yes
LJ cutoff (Ang)                  : 12
Apply long-range interaction     : yes
Cut long-range interaction       : yes
Coulomb cutoff (Ang)             : 25
Apply induced-dipole interaction : yes
alpha (Ang^3)                    : 1.71
force_type: 6
*********************************************************
Force Field parameters: 
*********************************************************
Symbol  mass (amu)  epislon (kcal/mol)  sigma(Angstroms) 
C   12.011   0.0824736   3.2255
N   14.007   0.0758527   3.5719
H   1.008   0.0362711   1.8986
O   15.999   0.062323   3.075
S   32.06   0.138032   3.4237
P   30.9738   0.145372   3.47
*********************************************************
MOLECULE:: orientation around the inertia principal axis 
*********************************************************
Inertia matrix a.u. Ang^2: 
{  1.592e+07  -2.42743e+06  -2.87494e+06  }
{  -2.42743e+06  1.69711e+07  -604084  }
{  -2.87494e+06  -604084  1.74506e+07  }
Rotation matrix applied to molecule: 
{  0.6656  -0.394687  -0.633402  }
{  0.739056  0.466615  0.485867  }
{  0.10379  -0.791513  0.602275  }
Molecule radius: 36.1505 Ang 
orientation time of molecule target: 0.00763798 s
target mass: 52094.7 amu
gas mass: 28.014 amu
reduce mass: 28.014 amu
charge state: 13.9996 e
*********************************************************
Geometric Ellipsoid: 
*********************************************************
maximal distances: 23.5798  32.2083  34.2094  Ang
Initial axis length: 74.6874  83.3159  85.317  Ang
Ellipsoid axis length: 78.5074  87.1359  89.137  Ang
ellipsoid calculation time: 8.10623e-05 s
maximal impact parameter: 89.137 Ang
*********************************************************
Linked-cell: 
Numbers of cells: 3150
Nx: 14 Ny: 15 Nz: 15
Filled cells: 103
Empty cells: 3047
Average atoms per cell: 70.8058
Maximum atoms per cell: 199
Minimum atoms per cell: 1
Simulation box: 
lx: 168.14 Ang
ly: 180.15 Ang
lz: 180.15 Ang
linked-cell calculation time: 0.00363111 s
time info: 0.000272989 s
*********************************************************
Trajectory calculations 
*********************************************************
out target time: 27.7085 s
Ntraj: 10000
Nfree: 955
Nscatter: 9045
Nlost: 0
omega: 4228.17
Ntraj: 10000
Nfree: 905
Nscatter: 9095
Nlost: 0
omega: 4119.67
Ntraj: 10000
Nfree: 883
Nscatter: 9116
Nlost: 1
omega: 4015.83
Ntraj: 10000
Nfree: 885
Nscatter: 9115
Nlost: 0
omega: 4065.38
Ntraj: 10000
Nfree: 896
Nscatter: 9104
Nlost: 0
omega: 4154.34
Ntraj: 10000
Nfree: 948
Nscatter: 9052
Nlost: 0
omega: 4152.05
Ntraj: 10000
Nfree: 937
Nscatter: 9063
Nlost: 0
omega: 4028.73
Ntraj: 10000
Nfree: 966
Nscatter: 9033
Nlost: 1
omega: 3984.6
Ntraj: 10000
Nfree: 934
Nscatter: 9065
Nlost: 1
omega: 4032.13
Ntraj: 10000
Nfree: 882
Nscatter: 9117
Nlost: 1
omega: 4271.08
*********************************************************
task: 0
worker id: 91336
time create lcl and mol: 0.00085187 s
numbers of trajectories: 3572
time trajectory calculation: 5.63501 s
task: 1
worker id: 15291
time create lcl and mol: 0.00104213 s
numbers of trajectories: 3572
time trajectory calculation: 3.37341 s
task: 2
worker id: 90838
time create lcl and mol: 0.000839949 s
numbers of trajectories: 3572
time trajectory calculation: 4.00487 s
task: 3
worker id: 89826
time create lcl and mol: 0.000847101 s
numbers of trajectories: 3572
time trajectory calculation: 4.60194 s
task: 4
worker id: 91214
time create lcl and mol: 0.000870943 s
numbers of trajectories: 3572
time trajectory calculation: 3.26076 s
task: 5
worker id: 88991
time create lcl and mol: 0.000884056 s
numbers of trajectories: 3572
time trajectory calculation: 8.93156 s
task: 6
worker id: 90057
time create lcl and mol: 0.000966072 s
numbers of trajectories: 3572
time trajectory calculation: 4.25723 s
task: 7
worker id: 91336
time create lcl and mol: 0.00108385 s
numbers of trajectories: 3572
time trajectory calculation: 13.3174 s
task: 8
worker id: 89826
time create lcl and mol: 0.000859976 s
numbers of trajectories: 3572
time trajectory calculation: 7.09941 s
task: 9
worker id: 15291
time create lcl and mol: 0.000801086 s
numbers of trajectories: 3572
time trajectory calculation: 3.26846 s
task: 10
worker id: 15291
time create lcl and mol: 0.000835896 s
numbers of trajectories: 3572
time trajectory calculation: 4.05223 s
task: 11
worker id: 91214
time create lcl and mol: 0.000931025 s
numbers of trajectories: 3572
time trajectory calculation: 3.34582 s
task: 12
worker id: 90057
time create lcl and mol: 0.000884056 s
numbers of trajectories: 3571
time trajectory calculation: 15.663 s
task: 13
worker id: 90057
time create lcl and mol: 0.000877857 s
numbers of trajectories: 3571
time trajectory calculation: 3.34853 s
task: 14
worker id: 91683
time create lcl and mol: 0.000934124 s
numbers of trajectories: 3571
time trajectory calculation: 4.48592 s
task: 15
worker id: 15291
time create lcl and mol: 0.000922203 s
numbers of trajectories: 3571
time trajectory calculation: 3.98356 s
task: 16
worker id: 88991
time create lcl and mol: 0.000823021 s
numbers of trajectories: 3571
time trajectory calculation: 9.56352 s
task: 17
worker id: 88991
time create lcl and mol: 0.000936985 s
numbers of trajectories: 3571
time trajectory calculation: 3.66418 s
task: 18
worker id: 90838
time create lcl and mol: 0.000852108 s
numbers of trajectories: 3571
time trajectory calculation: 8.25483 s
task: 19
worker id: 91683
time create lcl and mol: 0.000881195 s
numbers of trajectories: 3571
time trajectory calculation: 4.09394 s
task: 20
worker id: 91214
time create lcl and mol: 0.000887156 s
numbers of trajectories: 3571
time trajectory calculation: 3.06495 s
task: 21
worker id: 91683
time create lcl and mol: 0.000790834 s
numbers of trajectories: 3571
time trajectory calculation: 13.0106 s
task: 22
worker id: 90057
time create lcl and mol: 0.000872135 s
numbers of trajectories: 3571
time trajectory calculation: 4.34912 s
task: 23
worker id: 15291
time create lcl and mol: 0.000917912 s
numbers of trajectories: 3571
time trajectory calculation: 5.19158 s
task: 24
worker id: 89826
time create lcl and mol: 0.000926971 s
numbers of trajectories: 3571
time trajectory calculation: 9.59146 s
task: 25
worker id: 91214
time create lcl and mol: 0.000798941 s
numbers of trajectories: 3571
time trajectory calculation: 6.23159 s
task: 26
worker id: 90838
time create lcl and mol: 0.000808001 s
numbers of trajectories: 3571
time trajectory calculation: 9.53482 s
task: 27
worker id: 91214
time create lcl and mol: 0.000849962 s
numbers of trajectories: 3571
time trajectory calculation: 6.37279 s
CCS time: 27.7187 s
*********************************************************
average value of CCS = 4105.2 Ang^2
error value of CCS = 28.7685 Ang^2
Total time: 27.7351 s
Program finished...
*********************************************************
INPUT:: Simulation Parameters 
*********************************************************
target filename                  : 03_3bsz_carga_14_min.xyz
number of probe                  : 10000
number of iterarions             : 10
number of tasks                  : 28
number of threads                : 24
seed number                      : 2104
gas buffer                       : N2
Target Temperature (K)           : 298
timestep (fs)                    : 10
Skin cell size (Ang)             : 0.01
Equipotential                    : no
Cut short-range interaction      : yes
LJ cutoff (Ang)                  : 12
Apply long-range interaction     : yes
Cut long-range interaction       : yes
Coulomb cutoff (Ang)             : 25
Apply induced-dipole interaction : yes
alpha (Ang^3)                    : 1.71
force_type: 6
*********************************************************
Force Field parameters: 
*********************************************************
Symbol  mass (amu)  epislon (kcal/mol)  sigma(Angstroms) 
C   12.011   0.0824736   3.2255
N   14.007   0.0758527   3.5719
H   1.008   0.0362711   1.8986
O   15.999   0.062323   3.075
S   32.06   0.138032   3.4237
P   30.9738   0.145372   3.47
*********************************************************
MOLECULE:: orientation around the inertia principal axis 
*********************************************************
Inertia matrix a.u. Ang^2: 
{  1.592e+07  -2.42743e+06  -2.87494e+06  }
{  -2.42743e+06  1.69711e+07  -604084  }
{  -2.87494e+06  -604084  1.74506e+07  }
Rotation matrix applied to molecule: 
{  0.6656  -0.394687  -0.633402  }
{  0.739056  0.466615  0.485867  }
{  0.10379  -0.791513  0.602275  }
Molecule radius: 36.1505 Ang 
orientation time of molecule target: 0.00757098 s
target mass: 52094.7 amu
gas mass: 28.014 amu
reduce mass: 28.014 amu
charge state: 13.9996 e
*********************************************************
Geometric Ellipsoid: 
*********************************************************
maximal distances: 23.5798  32.2083  34.2094  Ang
Initial axis length: 74.6874  83.3159  85.317  Ang
Ellipsoid axis length: 78.5074  87.1359  89.137  Ang
ellipsoid calculation time: 7.79629e-05 s
maximal impact parameter: 89.137 Ang
*********************************************************
Linked-cell: 
Numbers of cells: 3150
Nx: 14 Ny: 15 Nz: 15
Filled cells: 103
Empty cells: 3047
Average atoms per cell: 70.8058
Maximum atoms per cell: 199
Minimum atoms per cell: 1
Simulation box: 
lx: 168.14 Ang
ly: 180.15 Ang
lz: 180.15 Ang
linked-cell calculation time: 0.00363994 s
time info: 0.000263929 s
*********************************************************
Trajectory calculations 
*********************************************************
out target time: 25.86 s
Ntraj: 10000
Nfree: 955
Nscatter: 9045
Nlost: 0
omega: 4228.17
Ntraj: 10000
Nfree: 905
Nscatter: 9095
Nlost: 0
omega: 4119.67
Ntraj: 10000
Nfree: 883
Nscatter: 9116
Nlost: 1
omega: 4015.83
Ntraj: 10000
Nfree: 885
Nscatter: 9115
Nlost: 0
omega: 4065.38
Ntraj: 10000
Nfree: 896
Nscatter: 9104
Nlost: 0
omega: 4154.34
Ntraj: 10000
Nfree: 948
Nscatter: 9052
Nlost: 0
omega: 4152.05
Ntraj: 10000
Nfree: 937
Nscatter: 9063
Nlost: 0
omega: 4028.73
Ntraj: 10000
Nfree: 966
Nscatter: 9033
Nlost: 1
omega: 3984.6
Ntraj: 10000
Nfree: 934
Nscatter: 9065
Nlost: 1
omega: 4032.13
Ntraj: 10000
Nfree: 882
Nscatter: 9117
Nlost: 1
omega: 4271.08
*********************************************************
task: 0
worker id: 90852
time create lcl and mol: 0.00118017 s
numbers of trajectories: 3572
time trajectory calculation: 5.53585 s
task: 1
worker id: 92364
time create lcl and mol: 0.000865936 s
numbers of trajectories: 3572
time trajectory calculation: 3.2658 s
task: 2
worker id: 91082
time create lcl and mol: 0.00111604 s
numbers of trajectories: 3572
time trajectory calculation: 4.20422 s
task: 3
worker id: 16331
time create lcl and mol: 0.000863075 s
numbers of trajectories: 3572
time trajectory calculation: 4.77665 s
task: 4
worker id: 92715
time create lcl and mol: 0.001091 s
numbers of trajectories: 3572
time trajectory calculation: 3.36512 s
task: 5
worker id: 90017
time create lcl and mol: 0.000936985 s
numbers of trajectories: 3572
time trajectory calculation: 8.74061 s
task: 6
worker id: 91866
time create lcl and mol: 0.00088191 s
numbers of trajectories: 3572
time trajectory calculation: 4.13904 s
task: 7
worker id: 92241
time create lcl and mol: 0.000845194 s
numbers of trajectories: 3572
time trajectory calculation: 13.1926 s
task: 8
worker id: 91082
time create lcl and mol: 0.000888109 s
numbers of trajectories: 3572
time trajectory calculation: 7.14245 s
task: 9
worker id: 92364
time create lcl and mol: 0.000921965 s
numbers of trajectories: 3572
time trajectory calculation: 3.26979 s
task: 10
worker id: 92715
time create lcl and mol: 0.000873804 s
numbers of trajectories: 3572
time trajectory calculation: 4.06599 s
task: 11
worker id: 92364
time create lcl and mol: 0.00077486 s
numbers of trajectories: 3572
time trajectory calculation: 3.23905 s
task: 12
worker id: 90852
time create lcl and mol: 0.000877142 s
numbers of trajectories: 3571
time trajectory calculation: 15.6861 s
task: 13
worker id: 91082
time create lcl and mol: 0.000879049 s
numbers of trajectories: 3571
time trajectory calculation: 3.34431 s
task: 14
worker id: 92364
time create lcl and mol: 0.000940084 s
numbers of trajectories: 3571
time trajectory calculation: 4.29285 s
task: 15
worker id: 92715
time create lcl and mol: 0.000916004 s
numbers of trajectories: 3571
time trajectory calculation: 3.95014 s
task: 16
worker id: 92715
time create lcl and mol: 0.000987053 s
numbers of trajectories: 3571
time trajectory calculation: 9.93373 s
task: 17
worker id: 92715
time create lcl and mol: 0.000864983 s
numbers of trajectories: 3571
time trajectory calculation: 3.66428 s
task: 18
worker id: 92241
time create lcl and mol: 0.000869036 s
numbers of trajectories: 3571
time trajectory calculation: 8.21094 s
task: 19
worker id: 90017
time create lcl and mol: 0.000884056 s
numbers of trajectories: 3571
time trajectory calculation: 4.15812 s
task: 20
worker id: 91866
time create lcl and mol: 0.000890017 s
numbers of trajectories: 3571
time trajectory calculation: 2.92408 s
task: 21
worker id: 91866
time create lcl and mol: 0.000911951 s
numbers of trajectories: 3571
time trajectory calculation: 13.2924 s
task: 22
worker id: 92241
time create lcl and mol: 0.000879049 s
numbers of trajectories: 3571
time trajectory calculation: 4.36144 s
task: 23
worker id: 90017
time create lcl and mol: 0.000886917 s
numbers of trajectories: 3571
time trajectory calculation: 5.28057 s
task: 24
worker id: 16331
time create lcl and mol: 0.000926018 s
numbers of trajectories: 3571
time trajectory calculation: 9.17497 s
task: 25
worker id: 91082
time create lcl and mol: 0.000880003 s
numbers of trajectories: 3571
time trajectory calculation: 6.57706 s
task: 26
worker id: 16331
time create lcl and mol: 0.000898123 s
numbers of trajectories: 3571
time trajectory calculation: 9.42484 s
task: 27
worker id: 92364
time create lcl and mol: 0.000910044 s
numbers of trajectories: 3571
time trajectory calculation: 6.41468 s
CCS time: 25.8702 s
*********************************************************
average value of CCS = 4105.2 Ang^2
error value of CCS = 28.7685 Ang^2
Total time: 25.8872 s
Program finished...
*********************************************************
INPUT:: Simulation Parameters 
*********************************************************
target filename                  : 03_3bsz_carga_14_min.xyz
number of probe                  : 10000
number of iterarions             : 10
number of tasks                  : 28
number of threads                : 24
seed number                      : 2104
gas buffer                       : N2
Target Temperature (K)           : 298
timestep (fs)                    : 10
Skin cell size (Ang)             : 0.01
Equipotential                    : no
Cut short-range interaction      : yes
LJ cutoff (Ang)                  : 12
Apply long-range interaction     : yes
Cut long-range interaction       : yes
Coulomb cutoff (Ang)             : 25
Apply induced-dipole interaction : yes
alpha (Ang^3)                    : 1.71
force_type: 6
*********************************************************
Force Field parameters: 
*********************************************************
Symbol  mass (amu)  epislon (kcal/mol)  sigma(Angstroms) 
C   12.011   0.0824736   3.2255
N   14.007   0.0758527   3.5719
H   1.008   0.0362711   1.8986
O   15.999   0.062323   3.075
S   32.06   0.138032   3.4237
P   30.9738   0.145372   3.47
*********************************************************
MOLECULE:: orientation around the inertia principal axis 
*********************************************************
Inertia matrix a.u. Ang^2: 
{  1.592e+07  -2.42743e+06  -2.87494e+06  }
{  -2.42743e+06  1.69711e+07  -604084  }
{  -2.87494e+06  -604084  1.74506e+07  }
Rotation matrix applied to molecule: 
{  0.6656  -0.394687  -0.633402  }
{  0.739056  0.466615  0.485867  }
{  0.10379  -0.791513  0.602275  }
Molecule radius: 36.1505 Ang 
orientation time of molecule target: 0.007653 s
target mass: 52094.7 amu
gas mass: 28.014 amu
reduce mass: 28.014 amu
charge state: 13.9996 e
*********************************************************
Geometric Ellipsoid: 
*********************************************************
maximal distances: 23.5798  32.2083  34.2094  Ang
Initial axis length: 74.6874  83.3159  85.317  Ang
Ellipsoid axis length: 78.5074  87.1359  89.137  Ang
ellipsoid calculation time: 7.79629e-05 s
maximal impact parameter: 89.137 Ang
*********************************************************
Linked-cell: 
Numbers of cells: 3150
Nx: 14 Ny: 15 Nz: 15
Filled cells: 103
Empty cells: 3047
Average atoms per cell: 70.8058
Maximum atoms per cell: 199
Minimum atoms per cell: 1
Simulation box: 
lx: 168.14 Ang
ly: 180.15 Ang
lz: 180.15 Ang
linked-cell calculation time: 0.00353503 s
time info: 0.000247002 s
*********************************************************
Trajectory calculations 
*********************************************************
out target time: 27.5514 s
Ntraj: 10000
Nfree: 955
Nscatter: 9045
Nlost: 0
omega: 4228.17
Ntraj: 10000
Nfree: 905
Nscatter: 9095
Nlost: 0
omega: 4119.67
Ntraj: 10000
Nfree: 883
Nscatter: 9116
Nlost: 1
omega: 4015.83
Ntraj: 10000
Nfree: 885
Nscatter: 9115
Nlost: 0
omega: 4065.38
Ntraj: 10000
Nfree: 896
Nscatter: 9104
Nlost: 0
omega: 4154.34
Ntraj: 10000
Nfree: 948
Nscatter: 9052
Nlost: 0
omega: 4152.05
Ntraj: 10000
Nfree: 937
Nscatter: 9063
Nlost: 0
omega: 4028.73
Ntraj: 10000
Nfree: 966
Nscatter: 9033
Nlost: 1
omega: 3984.6
Ntraj: 10000
Nfree: 934
Nscatter: 9065
Nlost: 1
omega: 4032.13
Ntraj: 10000
Nfree: 882
Nscatter: 9117
Nlost: 1
omega: 4271.08
*********************************************************
task: 0
worker id: 91822
time create lcl and mol: 0.000920057 s
numbers of trajectories: 3572
time trajectory calculation: 5.4317 s
task: 1
worker id: 17076
time create lcl and mol: 0.000883102 s
numbers of trajectories: 3572
time trajectory calculation: 3.25541 s
task: 2
worker id: 92971
time create lcl and mol: 0.000876904 s
numbers of trajectories: 3572
time trajectory calculation: 4.19714 s
task: 3
worker id: 93447
time create lcl and mol: 0.000833035 s
numbers of trajectories: 3572
time trajectory calculation: 4.608 s
task: 4
worker id: 90752
time create lcl and mol: 0.000777006 s
numbers of trajectories: 3572
time trajectory calculation: 3.25194 s
task: 5
worker id: 93097
time create lcl and mol: 0.000846148 s
numbers of trajectories: 3572
time trajectory calculation: 8.42815 s
task: 6
worker id: 91589
time create lcl and mol: 0.000819921 s
numbers of trajectories: 3572
time trajectory calculation: 4.35545 s
task: 7
worker id: 92600
time create lcl and mol: 0.000890017 s
numbers of trajectories: 3572
time trajectory calculation: 13.0536 s
task: 8
worker id: 90752
time create lcl and mol: 0.000901937 s
numbers of trajectories: 3572
time trajectory calculation: 7.30448 s
task: 9
worker id: 93447
time create lcl and mol: 0.000815153 s
numbers of trajectories: 3572
time trajectory calculation: 3.25899 s
task: 10
worker id: 91822
time create lcl and mol: 0.00087595 s
numbers of trajectories: 3572
time trajectory calculation: 3.98992 s
task: 11
worker id: 93447
time create lcl and mol: 0.000796795 s
numbers of trajectories: 3572
time trajectory calculation: 3.29057 s
task: 12
worker id: 91589
time create lcl and mol: 0.000820875 s
numbers of trajectories: 3571
time trajectory calculation: 15.4562 s
task: 13
worker id: 90752
time create lcl and mol: 0.000890017 s
numbers of trajectories: 3571
time trajectory calculation: 3.41442 s
task: 14
worker id: 92971
time create lcl and mol: 0.000867128 s
numbers of trajectories: 3571
time trajectory calculation: 4.49563 s
task: 15
worker id: 90752
time create lcl and mol: 0.000890017 s
numbers of trajectories: 3571
time trajectory calculation: 3.83172 s
task: 16
worker id: 93097
time create lcl and mol: 0.000854015 s
numbers of trajectories: 3571
time trajectory calculation: 9.65469 s
task: 17
worker id: 92971
time create lcl and mol: 0.000895977 s
numbers of trajectories: 3571
time trajectory calculation: 3.69995 s
task: 18
worker id: 17076
time create lcl and mol: 0.000900984 s
numbers of trajectories: 3571
time trajectory calculation: 8.19539 s
task: 19
worker id: 93447
time create lcl and mol: 0.00085187 s
numbers of trajectories: 3571
time trajectory calculation: 3.94996 s
task: 20
worker id: 92971
time create lcl and mol: 0.000896931 s
numbers of trajectories: 3571
time trajectory calculation: 3.05118 s
task: 21
worker id: 91822
time create lcl and mol: 0.00102711 s
numbers of trajectories: 3571
time trajectory calculation: 13.5481 s
task: 22
worker id: 92971
time create lcl and mol: 0.000784874 s
numbers of trajectories: 3571
time trajectory calculation: 4.39726 s
task: 23
worker id: 90752
time create lcl and mol: 0.000967979 s
numbers of trajectories: 3571
time trajectory calculation: 5.2818 s
task: 24
worker id: 17076
time create lcl and mol: 0.000834942 s
numbers of trajectories: 3571
time trajectory calculation: 9.15133 s
task: 25
worker id: 92600
time create lcl and mol: 0.000909805 s
numbers of trajectories: 3571
time trajectory calculation: 6.54056 s
task: 26
worker id: 93097
time create lcl and mol: 0.000919819 s
numbers of trajectories: 3571
time trajectory calculation: 9.39768 s
task: 27
worker id: 93447
time create lcl and mol: 0.000850916 s
numbers of trajectories: 3571
time trajectory calculation: 6.29652 s
CCS time: 27.561 s
*********************************************************
average value of CCS = 4105.2 Ang^2
error value of CCS = 28.7685 Ang^2
Total time: 27.5777 s
Program finished...
