*********************************************************
INPUT:: Simulation Parameters 
*********************************************************
target filename                  : 6vsb_pH8.xyz
number of probe                  : 10000
number of iterarions             : 10
number of tasks                  : 22
number of threads                : 24
seed number                      : 2104
gas buffer                       : N2
Target Temperature (K)           : 298
timestep (fs)                    : 10
Skin cell size (Ang)             : 0.01
Equipotential                    : no
Cut short-range interaction      : yes
LJ cutoff (Ang)                  : 12
Apply long-range interaction     : yes
Cut long-range interaction       : yes
Coulomb cutoff (Ang)             : 25
Apply induced-dipole interaction : yes
alpha (Ang^3)                    : 1.71
force_type: 6
*********************************************************
Force Field parameters: 
*********************************************************
Symbol  mass (amu)  epislon (kcal/mol)  sigma(Angstroms) 
C   12.011   0.0824736   3.2255
N   14.007   0.0758527   3.5719
H   1.008   0.0362711   1.8986
O   15.999   0.062323   3.075
S   32.06   0.138032   3.4237
P   30.9738   0.145372   3.47
*********************************************************
MOLECULE:: orientation around the inertia principal axis 
*********************************************************
Inertia matrix a.u. Ang^2: 
{  5.96602e+08  -2.76401e+06  2.13405e+06  }
{  -2.76401e+06  5.91979e+08  5.29065e+06  }
{  2.13405e+06  5.29065e+06  3.21168e+08  }
Rotation matrix applied to molecule: 
{  0.905562  -0.424213  -0.00112692  }
{  0.00793947  0.0196042  -0.999776  }
{  0.42414  0.90535  0.0211208  }
Molecule radius: 92.1165 Ang 
orientation time of molecule target: 0.112863 s
target mass: 322081 amu
gas mass: 28.014 amu
reduce mass: 28.014 amu
charge state: -24.0016 e
*********************************************************
Geometric Ellipsoid: 
*********************************************************
maximal distances: 67.6873  68.9213  91.9941  Ang
Initial axis length: 118.795  120.029  143.102  Ang
Ellipsoid axis length: 126.195  127.429  150.502  Ang
ellipsoid calculation time: 0.000344038 s
maximal impact parameter: 150.502 Ang
*********************************************************
Linked-cell: 
Numbers of cells: 12584
Nx: 22 Ny: 22 Nz: 26
Filled cells: 586
Empty cells: 11998
Average atoms per cell: 76.6945
Maximum atoms per cell: 206
Minimum atoms per cell: 1
Simulation box: 
lx: 264.22 Ang
ly: 264.22 Ang
lz: 312.26 Ang
linked-cell calculation time: 0.015595 s
time info: 0.00148797 s
*********************************************************
Trajectory calculations 
*********************************************************
out target time: 82.8899 s
Ntraj: 10000
Nfree: 2100
Nscatter: 7895
Nlost: 5
omega: 17155.8
Ntraj: 10000
Nfree: 2035
Nscatter: 7957
Nlost: 8
omega: 17550.1
Ntraj: 10000
Nfree: 1925
Nscatter: 8074
Nlost: 1
omega: 17142.7
Ntraj: 10000
Nfree: 2040
Nscatter: 7959
Nlost: 1
omega: 16752.7
Ntraj: 10000
Nfree: 2004
Nscatter: 7995
Nlost: 1
omega: 17016.3
Ntraj: 10000
Nfree: 2022
Nscatter: 7975
Nlost: 3
omega: 17033.6
Ntraj: 10000
Nfree: 2004
Nscatter: 7993
Nlost: 3
omega: 16831.7
Ntraj: 10000
Nfree: 2058
Nscatter: 7937
Nlost: 5
omega: 16600
Ntraj: 10000
Nfree: 2021
Nscatter: 7977
Nlost: 2
omega: 16966.1
Ntraj: 10000
Nfree: 1919
Nscatter: 8077
Nlost: 4
omega: 17990.7
*********************************************************
task: 0
worker id: 48367
time create lcl and mol: 0.00372481 s
numbers of trajectories: 4546
time trajectory calculation: 24.3828 s
task: 1
worker id: 91071
time create lcl and mol: 0.00371099 s
numbers of trajectories: 4546
time trajectory calculation: 25.9339 s
task: 2
worker id: 48367
time create lcl and mol: 0.00359702 s
numbers of trajectories: 4546
time trajectory calculation: 32.6322 s
task: 3
worker id: 20974
time create lcl and mol: 0.00367713 s
numbers of trajectories: 4546
time trajectory calculation: 32.725 s
task: 4
worker id: 4608
time create lcl and mol: 0.00363493 s
numbers of trajectories: 4546
time trajectory calculation: 30.0279 s
task: 5
worker id: 14349
time create lcl and mol: 0.00367284 s
numbers of trajectories: 4546
time trajectory calculation: 14.8263 s
task: 6
worker id: 73660
time create lcl and mol: 0.00379896 s
numbers of trajectories: 4546
time trajectory calculation: 20.5641 s
task: 7
worker id: 51780
time create lcl and mol: 0.00376105 s
numbers of trajectories: 4546
time trajectory calculation: 19.2868 s
task: 8
worker id: 51780
time create lcl and mol: 0.00350189 s
numbers of trajectories: 4546
time trajectory calculation: 14.2269 s
task: 9
worker id: 95579
time create lcl and mol: 0.00351286 s
numbers of trajectories: 4546
time trajectory calculation: 23.9875 s
task: 10
worker id: 20974
time create lcl and mol: 0.00381684 s
numbers of trajectories: 4545
time trajectory calculation: 27.0516 s
task: 11
worker id: 91071
time create lcl and mol: 0.00373101 s
numbers of trajectories: 4545
time trajectory calculation: 29.6877 s
task: 12
worker id: 14349
time create lcl and mol: 0.00348806 s
numbers of trajectories: 4545
time trajectory calculation: 22.708 s
task: 13
worker id: 51780
time create lcl and mol: 0.00354004 s
numbers of trajectories: 4545
time trajectory calculation: 25.7032 s
task: 14
worker id: 95579
time create lcl and mol: 0.00364208 s
numbers of trajectories: 4545
time trajectory calculation: 21.9742 s
task: 15
worker id: 4608
time create lcl and mol: 0.00345993 s
numbers of trajectories: 4545
time trajectory calculation: 27.4906 s
task: 16
worker id: 95579
time create lcl and mol: 0.00374699 s
numbers of trajectories: 4545
time trajectory calculation: 24.1461 s
task: 17
worker id: 14349
time create lcl and mol: 0.00358701 s
numbers of trajectories: 4545
time trajectory calculation: 25.1029 s
task: 18
worker id: 48367
time create lcl and mol: 0.00350189 s
numbers of trajectories: 4545
time trajectory calculation: 22.7008 s
task: 19
worker id: 91071
time create lcl and mol: 0.00338483 s
numbers of trajectories: 4545
time trajectory calculation: 27.1342 s
task: 20
worker id: 4608
time create lcl and mol: 0.0035162 s
numbers of trajectories: 4545
time trajectory calculation: 18.9818 s
task: 21
worker id: 73660
time create lcl and mol: 0.00365806 s
numbers of trajectories: 4545
time trajectory calculation: 37.1193 s
CCS time: 82.9005 s
*********************************************************
average value of CCS = 17104 Ang^2
error value of CCS = 121.358 Ang^2
Total time: 83.0343 s
Program finished...
*********************************************************
INPUT:: Simulation Parameters 
*********************************************************
target filename                  : 6vsb_pH8.xyz
number of probe                  : 10000
number of iterarions             : 10
number of tasks                  : 22
number of threads                : 24
seed number                      : 2104
gas buffer                       : N2
Target Temperature (K)           : 298
timestep (fs)                    : 10
Skin cell size (Ang)             : 0.01
Equipotential                    : no
Cut short-range interaction      : yes
LJ cutoff (Ang)                  : 12
Apply long-range interaction     : yes
Cut long-range interaction       : yes
Coulomb cutoff (Ang)             : 25
Apply induced-dipole interaction : yes
alpha (Ang^3)                    : 1.71
force_type: 6
*********************************************************
Force Field parameters: 
*********************************************************
Symbol  mass (amu)  epislon (kcal/mol)  sigma(Angstroms) 
C   12.011   0.0824736   3.2255
N   14.007   0.0758527   3.5719
H   1.008   0.0362711   1.8986
O   15.999   0.062323   3.075
S   32.06   0.138032   3.4237
P   30.9738   0.145372   3.47
*********************************************************
MOLECULE:: orientation around the inertia principal axis 
*********************************************************
Inertia matrix a.u. Ang^2: 
{  5.96602e+08  -2.76401e+06  2.13405e+06  }
{  -2.76401e+06  5.91979e+08  5.29065e+06  }
{  2.13405e+06  5.29065e+06  3.21168e+08  }
Rotation matrix applied to molecule: 
{  0.905562  -0.424213  -0.00112692  }
{  0.00793947  0.0196042  -0.999776  }
{  0.42414  0.90535  0.0211208  }
Molecule radius: 92.1165 Ang 
orientation time of molecule target: 0.049196 s
target mass: 322081 amu
gas mass: 28.014 amu
reduce mass: 28.014 amu
charge state: -24.0016 e
*********************************************************
Geometric Ellipsoid: 
*********************************************************
maximal distances: 67.6873  68.9213  91.9941  Ang
Initial axis length: 118.795  120.029  143.102  Ang
Ellipsoid axis length: 126.195  127.429  150.502  Ang
ellipsoid calculation time: 0.000324011 s
maximal impact parameter: 150.502 Ang
*********************************************************
Linked-cell: 
Numbers of cells: 12584
Nx: 22 Ny: 22 Nz: 26
Filled cells: 586
Empty cells: 11998
Average atoms per cell: 76.6945
Maximum atoms per cell: 206
Minimum atoms per cell: 1
Simulation box: 
lx: 264.22 Ang
ly: 264.22 Ang
lz: 312.26 Ang
linked-cell calculation time: 0.0154691 s
time info: 0.00147891 s
*********************************************************
Trajectory calculations 
*********************************************************
out target time: 79.9755 s
Ntraj: 10000
Nfree: 2100
Nscatter: 7895
Nlost: 5
omega: 17155.8
Ntraj: 10000
Nfree: 2035
Nscatter: 7957
Nlost: 8
omega: 17550.1
Ntraj: 10000
Nfree: 1925
Nscatter: 8074
Nlost: 1
omega: 17142.7
Ntraj: 10000
Nfree: 2040
Nscatter: 7959
Nlost: 1
omega: 16752.7
Ntraj: 10000
Nfree: 2004
Nscatter: 7995
Nlost: 1
omega: 17016.3
Ntraj: 10000
Nfree: 2022
Nscatter: 7975
Nlost: 3
omega: 17033.6
Ntraj: 10000
Nfree: 2004
Nscatter: 7993
Nlost: 3
omega: 16831.7
Ntraj: 10000
Nfree: 2058
Nscatter: 7937
Nlost: 5
omega: 16600
Ntraj: 10000
Nfree: 2021
Nscatter: 7977
Nlost: 2
omega: 16966.1
Ntraj: 10000
Nfree: 1919
Nscatter: 8077
Nlost: 4
omega: 17990.7
*********************************************************
task: 0
worker id: 76334
time create lcl and mol: 0.00366712 s
numbers of trajectories: 4546
time trajectory calculation: 24.7396 s
task: 1
worker id: 17029
time create lcl and mol: 0.00356507 s
numbers of trajectories: 4546
time trajectory calculation: 25.9067 s
task: 2
worker id: 54450
time create lcl and mol: 0.00360394 s
numbers of trajectories: 4546
time trajectory calculation: 33.0736 s
task: 3
worker id: 93747
time create lcl and mol: 0.00356412 s
numbers of trajectories: 4546
time trajectory calculation: 32.4675 s
task: 4
worker id: 23651
time create lcl and mol: 0.00371003 s
numbers of trajectories: 4546
time trajectory calculation: 30.9797 s
task: 5
worker id: 51034
time create lcl and mol: 0.00370502 s
numbers of trajectories: 4546
time trajectory calculation: 14.9108 s
task: 6
worker id: 51034
time create lcl and mol: 0.00411105 s
numbers of trajectories: 4546
time trajectory calculation: 20.4537 s
task: 7
worker id: 54450
time create lcl and mol: 0.00344491 s
numbers of trajectories: 4546
time trajectory calculation: 19.3847 s
task: 8
worker id: 54450
time create lcl and mol: 0.0038631 s
numbers of trajectories: 4546
time trajectory calculation: 14.5832 s
task: 9
worker id: 23651
time create lcl and mol: 0.00357509 s
numbers of trajectories: 4546
time trajectory calculation: 23.3519 s
task: 10
worker id: 98250
time create lcl and mol: 0.00337291 s
numbers of trajectories: 4545
time trajectory calculation: 26.4969 s
task: 11
worker id: 76334
time create lcl and mol: 0.00357413 s
numbers of trajectories: 4545
time trajectory calculation: 29.5677 s
task: 12
worker id: 98250
time create lcl and mol: 0.00344992 s
numbers of trajectories: 4545
time trajectory calculation: 22.9102 s
task: 13
worker id: 76334
time create lcl and mol: 0.00352883 s
numbers of trajectories: 4545
time trajectory calculation: 25.5769 s
task: 14
worker id: 51034
time create lcl and mol: 0.0037539 s
numbers of trajectories: 4545
time trajectory calculation: 21.5764 s
task: 15
worker id: 17029
time create lcl and mol: 0.00366998 s
numbers of trajectories: 4545
time trajectory calculation: 28.0465 s
task: 16
worker id: 93747
time create lcl and mol: 0.00390911 s
numbers of trajectories: 4545
time trajectory calculation: 24.2499 s
task: 17
worker id: 23651
time create lcl and mol: 0.00388312 s
numbers of trajectories: 4545
time trajectory calculation: 25.1319 s
task: 18
worker id: 17029
time create lcl and mol: 0.0039041 s
numbers of trajectories: 4545
time trajectory calculation: 23.4814 s
task: 19
worker id: 98250
time create lcl and mol: 0.00369501 s
numbers of trajectories: 4545
time trajectory calculation: 27.3144 s
task: 20
worker id: 7277
time create lcl and mol: 0.00376511 s
numbers of trajectories: 4545
time trajectory calculation: 19.1561 s
task: 21
worker id: 7277
time create lcl and mol: 0.00342393 s
numbers of trajectories: 4545
time trajectory calculation: 37.4663 s
CCS time: 79.9859 s
*********************************************************
average value of CCS = 17104 Ang^2
error value of CCS = 121.358 Ang^2
Total time: 80.0559 s
Program finished...
*********************************************************
INPUT:: Simulation Parameters 
*********************************************************
target filename                  : 6vsb_pH8.xyz
number of probe                  : 10000
number of iterarions             : 10
number of tasks                  : 22
number of threads                : 24
seed number                      : 2104
gas buffer                       : N2
Target Temperature (K)           : 298
timestep (fs)                    : 10
Skin cell size (Ang)             : 0.01
Equipotential                    : no
Cut short-range interaction      : yes
LJ cutoff (Ang)                  : 12
Apply long-range interaction     : yes
Cut long-range interaction       : yes
Coulomb cutoff (Ang)             : 25
Apply induced-dipole interaction : yes
alpha (Ang^3)                    : 1.71
force_type: 6
*********************************************************
Force Field parameters: 
*********************************************************
Symbol  mass (amu)  epislon (kcal/mol)  sigma(Angstroms) 
C   12.011   0.0824736   3.2255
N   14.007   0.0758527   3.5719
H   1.008   0.0362711   1.8986
O   15.999   0.062323   3.075
S   32.06   0.138032   3.4237
P   30.9738   0.145372   3.47
*********************************************************
MOLECULE:: orientation around the inertia principal axis 
*********************************************************
Inertia matrix a.u. Ang^2: 
{  5.96602e+08  -2.76401e+06  2.13405e+06  }
{  -2.76401e+06  5.91979e+08  5.29065e+06  }
{  2.13405e+06  5.29065e+06  3.21168e+08  }
Rotation matrix applied to molecule: 
{  0.905562  -0.424213  -0.00112692  }
{  0.00793947  0.0196042  -0.999776  }
{  0.42414  0.90535  0.0211208  }
Molecule radius: 92.1165 Ang 
orientation time of molecule target: 0.0492699 s
target mass: 322081 amu
gas mass: 28.014 amu
reduce mass: 28.014 amu
charge state: -24.0016 e
*********************************************************
Geometric Ellipsoid: 
*********************************************************
maximal distances: 67.6873  68.9213  91.9941  Ang
Initial axis length: 118.795  120.029  143.102  Ang
Ellipsoid axis length: 126.195  127.429  150.502  Ang
ellipsoid calculation time: 0.000333071 s
maximal impact parameter: 150.502 Ang
*********************************************************
Linked-cell: 
Numbers of cells: 12584
Nx: 22 Ny: 22 Nz: 26
Filled cells: 586
Empty cells: 11998
Average atoms per cell: 76.6945
Maximum atoms per cell: 206
Minimum atoms per cell: 1
Simulation box: 
lx: 264.22 Ang
ly: 264.22 Ang
lz: 312.26 Ang
linked-cell calculation time: 0.0155301 s
time info: 0.0015018 s
*********************************************************
Trajectory calculations 
*********************************************************
out target time: 90.2773 s
Ntraj: 10000
Nfree: 2100
Nscatter: 7895
Nlost: 5
omega: 17155.8
Ntraj: 10000
Nfree: 2035
Nscatter: 7957
Nlost: 8
omega: 17550.1
Ntraj: 10000
Nfree: 1925
Nscatter: 8074
Nlost: 1
omega: 17142.7
Ntraj: 10000
Nfree: 2040
Nscatter: 7959
Nlost: 1
omega: 16752.7
Ntraj: 10000
Nfree: 2004
Nscatter: 7995
Nlost: 1
omega: 17016.3
Ntraj: 10000
Nfree: 2022
Nscatter: 7975
Nlost: 3
omega: 17033.6
Ntraj: 10000
Nfree: 2004
Nscatter: 7993
Nlost: 3
omega: 16831.7
Ntraj: 10000
Nfree: 2058
Nscatter: 7937
Nlost: 5
omega: 16600
Ntraj: 10000
Nfree: 2021
Nscatter: 7977
Nlost: 2
omega: 16966.1
Ntraj: 10000
Nfree: 1919
Nscatter: 8077
Nlost: 4
omega: 17990.7
*********************************************************
task: 0
worker id: 3328
time create lcl and mol: 0.00377297 s
numbers of trajectories: 4546
time trajectory calculation: 24.9866 s
task: 1
worker id: 53661
time create lcl and mol: 0.0036602 s
numbers of trajectories: 4546
time trajectory calculation: 26.0394 s
task: 2
worker id: 19651
time create lcl and mol: 0.00368285 s
numbers of trajectories: 4546
time trajectory calculation: 32.9043 s
task: 3
worker id: 96379
time create lcl and mol: 0.00370097 s
numbers of trajectories: 4546
time trajectory calculation: 32.1622 s
task: 4
worker id: 78953
time create lcl and mol: 0.00349498 s
numbers of trajectories: 4546
time trajectory calculation: 30.4116 s
task: 5
worker id: 57075
time create lcl and mol: 0.00383997 s
numbers of trajectories: 4546
time trajectory calculation: 14.845 s
task: 6
worker id: 26267
time create lcl and mol: 0.00363898 s
numbers of trajectories: 4546
time trajectory calculation: 20.4891 s
task: 7
worker id: 9899
time create lcl and mol: 0.00359702 s
numbers of trajectories: 4546
time trajectory calculation: 19.6133 s
task: 8
worker id: 78953
time create lcl and mol: 0.00378394 s
numbers of trajectories: 4546
time trajectory calculation: 14.6442 s
task: 9
worker id: 9899
time create lcl and mol: 0.00366211 s
numbers of trajectories: 4546
time trajectory calculation: 23.5177 s
task: 10
worker id: 9899
time create lcl and mol: 0.00377798 s
numbers of trajectories: 4545
time trajectory calculation: 27.8211 s
task: 11
worker id: 19651
time create lcl and mol: 0.00338602 s
numbers of trajectories: 4545
time trajectory calculation: 30.294 s
task: 12
worker id: 3328
time create lcl and mol: 0.0038259 s
numbers of trajectories: 4545
time trajectory calculation: 23.0524 s
task: 13
worker id: 78953
time create lcl and mol: 0.00345206 s
numbers of trajectories: 4545
time trajectory calculation: 25.4835 s
task: 14
worker id: 26267
time create lcl and mol: 0.00395489 s
numbers of trajectories: 4545
time trajectory calculation: 22.2368 s
task: 15
worker id: 53661
time create lcl and mol: 0.00383091 s
numbers of trajectories: 4545
time trajectory calculation: 27.9365 s
task: 16
worker id: 3328
time create lcl and mol: 0.00352693 s
numbers of trajectories: 4545
time trajectory calculation: 24.3618 s
task: 17
worker id: 57075
time create lcl and mol: 0.00355411 s
numbers of trajectories: 4545
time trajectory calculation: 24.5729 s
task: 18
worker id: 26267
time create lcl and mol: 0.00359106 s
numbers of trajectories: 4545
time trajectory calculation: 23.138 s
task: 19
worker id: 57075
time create lcl and mol: 0.00367498 s
numbers of trajectories: 4545
time trajectory calculation: 26.801 s
task: 20
worker id: 96379
time create lcl and mol: 0.00399685 s
numbers of trajectories: 4545
time trajectory calculation: 19.7614 s
task: 21
worker id: 96379
time create lcl and mol: 0.003721 s
numbers of trajectories: 4545
time trajectory calculation: 38.2477 s
CCS time: 90.2879 s
*********************************************************
average value of CCS = 17104 Ang^2
error value of CCS = 121.358 Ang^2
Total time: 90.358 s
Program finished...
*********************************************************
INPUT:: Simulation Parameters 
*********************************************************
target filename                  : 6vsb_pH8.xyz
number of probe                  : 10000
number of iterarions             : 10
number of tasks                  : 22
number of threads                : 24
seed number                      : 2104
gas buffer                       : N2
Target Temperature (K)           : 298
timestep (fs)                    : 10
Skin cell size (Ang)             : 0.01
Equipotential                    : no
Cut short-range interaction      : yes
LJ cutoff (Ang)                  : 12
Apply long-range interaction     : yes
Cut long-range interaction       : yes
Coulomb cutoff (Ang)             : 25
Apply induced-dipole interaction : yes
alpha (Ang^3)                    : 1.71
force_type: 6
*********************************************************
Force Field parameters: 
*********************************************************
Symbol  mass (amu)  epislon (kcal/mol)  sigma(Angstroms) 
C   12.011   0.0824736   3.2255
N   14.007   0.0758527   3.5719
H   1.008   0.0362711   1.8986
O   15.999   0.062323   3.075
S   32.06   0.138032   3.4237
P   30.9738   0.145372   3.47
*********************************************************
MOLECULE:: orientation around the inertia principal axis 
*********************************************************
Inertia matrix a.u. Ang^2: 
{  5.96602e+08  -2.76401e+06  2.13405e+06  }
{  -2.76401e+06  5.91979e+08  5.29065e+06  }
{  2.13405e+06  5.29065e+06  3.21168e+08  }
Rotation matrix applied to molecule: 
{  0.905562  -0.424213  -0.00112692  }
{  0.00793947  0.0196042  -0.999776  }
{  0.42414  0.90535  0.0211208  }
Molecule radius: 92.1165 Ang 
orientation time of molecule target: 0.0516829 s
target mass: 322081 amu
gas mass: 28.014 amu
reduce mass: 28.014 amu
charge state: -24.0016 e
*********************************************************
Geometric Ellipsoid: 
*********************************************************
maximal distances: 67.6873  68.9213  91.9941  Ang
Initial axis length: 118.795  120.029  143.102  Ang
Ellipsoid axis length: 126.195  127.429  150.502  Ang
ellipsoid calculation time: 0.000335217 s
maximal impact parameter: 150.502 Ang
*********************************************************
Linked-cell: 
Numbers of cells: 12584
Nx: 22 Ny: 22 Nz: 26
Filled cells: 586
Empty cells: 11998
Average atoms per cell: 76.6945
Maximum atoms per cell: 206
Minimum atoms per cell: 1
Simulation box: 
lx: 264.22 Ang
ly: 264.22 Ang
lz: 312.26 Ang
linked-cell calculation time: 0.015759 s
time info: 0.00149083 s
*********************************************************
Trajectory calculations 
*********************************************************
out target time: 77.5049 s
Ntraj: 10000
Nfree: 2100
Nscatter: 7895
Nlost: 5
omega: 17155.8
Ntraj: 10000
Nfree: 2035
Nscatter: 7957
Nlost: 8
omega: 17550.1
Ntraj: 10000
Nfree: 1925
Nscatter: 8074
Nlost: 1
omega: 17142.7
Ntraj: 10000
Nfree: 2040
Nscatter: 7959
Nlost: 1
omega: 16752.7
Ntraj: 10000
Nfree: 2004
Nscatter: 7995
Nlost: 1
omega: 17016.3
Ntraj: 10000
Nfree: 2022
Nscatter: 7975
Nlost: 3
omega: 17033.6
Ntraj: 10000
Nfree: 2004
Nscatter: 7993
Nlost: 3
omega: 16831.7
Ntraj: 10000
Nfree: 2058
Nscatter: 7937
Nlost: 5
omega: 16600
Ntraj: 10000
Nfree: 2021
Nscatter: 7977
Nlost: 2
omega: 16966.1
Ntraj: 10000
Nfree: 1919
Nscatter: 8077
Nlost: 4
omega: 17990.7
*********************************************************
task: 0
worker id: 12854
time create lcl and mol: 0.003685 s
numbers of trajectories: 4546
time trajectory calculation: 25.0216 s
task: 1
worker id: 60027
time create lcl and mol: 0.00454712 s
numbers of trajectories: 4546
time trajectory calculation: 26.1198 s
task: 2
worker id: 29214
time create lcl and mol: 0.00378609 s
numbers of trajectories: 4546
time trajectory calculation: 32.9181 s
task: 3
worker id: 1627
time create lcl and mol: 0.003829 s
numbers of trajectories: 4546
time trajectory calculation: 32.8383 s
task: 4
worker id: 22598
time create lcl and mol: 0.00370216 s
numbers of trajectories: 4546
time trajectory calculation: 31.6093 s
task: 5
worker id: 29214
time create lcl and mol: 0.00392604 s
numbers of trajectories: 4546
time trajectory calculation: 14.929 s
task: 6
worker id: 56621
time create lcl and mol: 0.00354004 s
numbers of trajectories: 4546
time trajectory calculation: 20.8648 s
task: 7
worker id: 12854
time create lcl and mol: 0.00364494 s
numbers of trajectories: 4546
time trajectory calculation: 19.4565 s
task: 8
worker id: 22598
time create lcl and mol: 0.00381494 s
numbers of trajectories: 4546
time trajectory calculation: 14.2908 s
task: 9
worker id: 60027
time create lcl and mol: 0.00467086 s
numbers of trajectories: 4546
time trajectory calculation: 23.6059 s
task: 10
worker id: 6297
time create lcl and mol: 0.00391102 s
numbers of trajectories: 4545
time trajectory calculation: 27.4312 s
task: 11
worker id: 1627
time create lcl and mol: 0.00391912 s
numbers of trajectories: 4545
time trajectory calculation: 29.8346 s
task: 12
worker id: 22598
time create lcl and mol: 0.00347495 s
numbers of trajectories: 4545
time trajectory calculation: 23.4322 s
task: 13
worker id: 29214
time create lcl and mol: 0.00358605 s
numbers of trajectories: 4545
time trajectory calculation: 25.9029 s
task: 14
worker id: 12854
time create lcl and mol: 0.00380898 s
numbers of trajectories: 4545
time trajectory calculation: 21.7911 s
task: 15
worker id: 60027
time create lcl and mol: 0.00453401 s
numbers of trajectories: 4545
time trajectory calculation: 27.6681 s
task: 16
worker id: 81902
time create lcl and mol: 0.00348687 s
numbers of trajectories: 4545
time trajectory calculation: 24.2898 s
task: 17
worker id: 6297
time create lcl and mol: 0.00384116 s
numbers of trajectories: 4545
time trajectory calculation: 25.1674 s
task: 18
worker id: 6297
time create lcl and mol: 0.00370789 s
numbers of trajectories: 4545
time trajectory calculation: 23.548 s
task: 19
worker id: 81902
time create lcl and mol: 0.00408292 s
numbers of trajectories: 4545
time trajectory calculation: 27.0978 s
task: 20
worker id: 81902
time create lcl and mol: 0.00368404 s
numbers of trajectories: 4545
time trajectory calculation: 19.1799 s
task: 21
worker id: 56621
time create lcl and mol: 0.00353098 s
numbers of trajectories: 4545
time trajectory calculation: 37.8292 s
CCS time: 77.5155 s
*********************************************************
average value of CCS = 17104 Ang^2
error value of CCS = 121.358 Ang^2
Total time: 77.5882 s
Program finished...
*********************************************************
INPUT:: Simulation Parameters 
*********************************************************
target filename                  : 6vsb_pH8.xyz
number of probe                  : 10000
number of iterarions             : 10
number of tasks                  : 22
number of threads                : 24
seed number                      : 2104
gas buffer                       : N2
Target Temperature (K)           : 298
timestep (fs)                    : 10
Skin cell size (Ang)             : 0.01
Equipotential                    : no
Cut short-range interaction      : yes
LJ cutoff (Ang)                  : 12
Apply long-range interaction     : yes
Cut long-range interaction       : yes
Coulomb cutoff (Ang)             : 25
Apply induced-dipole interaction : yes
alpha (Ang^3)                    : 1.71
force_type: 6
*********************************************************
Force Field parameters: 
*********************************************************
Symbol  mass (amu)  epislon (kcal/mol)  sigma(Angstroms) 
C   12.011   0.0824736   3.2255
N   14.007   0.0758527   3.5719
H   1.008   0.0362711   1.8986
O   15.999   0.062323   3.075
S   32.06   0.138032   3.4237
P   30.9738   0.145372   3.47
*********************************************************
MOLECULE:: orientation around the inertia principal axis 
*********************************************************
Inertia matrix a.u. Ang^2: 
{  5.96602e+08  -2.76401e+06  2.13405e+06  }
{  -2.76401e+06  5.91979e+08  5.29065e+06  }
{  2.13405e+06  5.29065e+06  3.21168e+08  }
Rotation matrix applied to molecule: 
{  0.905562  -0.424213  -0.00112692  }
{  0.00793947  0.0196042  -0.999776  }
{  0.42414  0.90535  0.0211208  }
Molecule radius: 92.1165 Ang 
orientation time of molecule target: 0.049165 s
target mass: 322081 amu
gas mass: 28.014 amu
reduce mass: 28.014 amu
charge state: -24.0016 e
*********************************************************
Geometric Ellipsoid: 
*********************************************************
maximal distances: 67.6873  68.9213  91.9941  Ang
Initial axis length: 118.795  120.029  143.102  Ang
Ellipsoid axis length: 126.195  127.429  150.502  Ang
ellipsoid calculation time: 0.000334978 s
maximal impact parameter: 150.502 Ang
*********************************************************
Linked-cell: 
Numbers of cells: 12584
Nx: 22 Ny: 22 Nz: 26
Filled cells: 586
Empty cells: 11998
Average atoms per cell: 76.6945
Maximum atoms per cell: 206
Minimum atoms per cell: 1
Simulation box: 
lx: 264.22 Ang
ly: 264.22 Ang
lz: 312.26 Ang
linked-cell calculation time: 0.0155089 s
time info: 0.00146985 s
*********************************************************
Trajectory calculations 
*********************************************************
out target time: 80.8167 s
Ntraj: 10000
Nfree: 2100
Nscatter: 7895
Nlost: 5
omega: 17155.8
Ntraj: 10000
Nfree: 2035
Nscatter: 7957
Nlost: 8
omega: 17550.1
Ntraj: 10000
Nfree: 1925
Nscatter: 8074
Nlost: 1
omega: 17142.7
Ntraj: 10000
Nfree: 2040
Nscatter: 7959
Nlost: 1
omega: 16752.7
Ntraj: 10000
Nfree: 2004
Nscatter: 7995
Nlost: 1
omega: 17016.3
Ntraj: 10000
Nfree: 2022
Nscatter: 7975
Nlost: 3
omega: 17033.6
Ntraj: 10000
Nfree: 2004
Nscatter: 7993
Nlost: 3
omega: 16831.7
Ntraj: 10000
Nfree: 2058
Nscatter: 7937
Nlost: 5
omega: 16600
Ntraj: 10000
Nfree: 2021
Nscatter: 7977
Nlost: 2
omega: 16966.1
Ntraj: 10000
Nfree: 1919
Nscatter: 8077
Nlost: 4
omega: 17990.7
*********************************************************
task: 0
worker id: 4428
time create lcl and mol: 0.00372195 s
numbers of trajectories: 4546
time trajectory calculation: 25.3441 s
task: 1
worker id: 25217
time create lcl and mol: 0.00380993 s
numbers of trajectories: 4546
time trajectory calculation: 25.9069 s
task: 2
worker id: 31847
time create lcl and mol: 0.00363493 s
numbers of trajectories: 4546
time trajectory calculation: 32.3137 s
task: 3
worker id: 59283
time create lcl and mol: 0.00348687 s
numbers of trajectories: 4546
time trajectory calculation: 32.2996 s
task: 4
worker id: 84522
time create lcl and mol: 0.00365305 s
numbers of trajectories: 4546
time trajectory calculation: 30.4165 s
task: 5
worker id: 62642
time create lcl and mol: 0.003582 s
numbers of trajectories: 4546
time trajectory calculation: 14.8924 s
task: 6
worker id: 62642
time create lcl and mol: 0.00365686 s
numbers of trajectories: 4546
time trajectory calculation: 20.6393 s
task: 7
worker id: 25217
time create lcl and mol: 0.00341511 s
numbers of trajectories: 4546
time trajectory calculation: 19.4312 s
task: 8
worker id: 84522
time create lcl and mol: 0.00349784 s
numbers of trajectories: 4546
time trajectory calculation: 14.1077 s
task: 9
worker id: 15471
time create lcl and mol: 0.00355482 s
numbers of trajectories: 4546
time trajectory calculation: 23.7017 s
task: 10
worker id: 4428
time create lcl and mol: 0.00345802 s
numbers of trajectories: 4545
time trajectory calculation: 27.4705 s
task: 11
worker id: 31847
time create lcl and mol: 0.00355196 s
numbers of trajectories: 4545
time trajectory calculation: 29.8984 s
task: 12
worker id: 15471
time create lcl and mol: 0.00387192 s
numbers of trajectories: 4545
time trajectory calculation: 22.9014 s
task: 13
worker id: 62642
time create lcl and mol: 0.00397396 s
numbers of trajectories: 4545
time trajectory calculation: 25.3405 s
task: 14
worker id: 4428
time create lcl and mol: 0.00334883 s
numbers of trajectories: 4545
time trajectory calculation: 22.3976 s
task: 15
worker id: 8913
time create lcl and mol: 0.00383902 s
numbers of trajectories: 4545
time trajectory calculation: 28.2531 s
task: 16
worker id: 84522
time create lcl and mol: 0.00367785 s
numbers of trajectories: 4545
time trajectory calculation: 23.9492 s
task: 17
worker id: 59283
time create lcl and mol: 0.00363684 s
numbers of trajectories: 4545
time trajectory calculation: 24.8945 s
task: 18
worker id: 59283
time create lcl and mol: 0.00378489 s
numbers of trajectories: 4545
time trajectory calculation: 23.531 s
task: 19
worker id: 15471
time create lcl and mol: 0.00367188 s
numbers of trajectories: 4545
time trajectory calculation: 26.8303 s
task: 20
worker id: 25217
time create lcl and mol: 0.00342202 s
numbers of trajectories: 4545
time trajectory calculation: 19.7798 s
task: 21
worker id: 8913
time create lcl and mol: 0.00348592 s
numbers of trajectories: 4545
time trajectory calculation: 37.9444 s
CCS time: 80.8273 s
*********************************************************
average value of CCS = 17104 Ang^2
error value of CCS = 121.358 Ang^2
Total time: 80.9107 s
Program finished...
*********************************************************
INPUT:: Simulation Parameters 
*********************************************************
target filename                  : 6vsb_pH8.xyz
number of probe                  : 10000
number of iterarions             : 10
number of tasks                  : 22
number of threads                : 24
seed number                      : 2104
gas buffer                       : N2
Target Temperature (K)           : 298
timestep (fs)                    : 10
Skin cell size (Ang)             : 0.01
Equipotential                    : no
Cut short-range interaction      : yes
LJ cutoff (Ang)                  : 12
Apply long-range interaction     : yes
Cut long-range interaction       : yes
Coulomb cutoff (Ang)             : 25
Apply induced-dipole interaction : yes
alpha (Ang^3)                    : 1.71
force_type: 6
*********************************************************
Force Field parameters: 
*********************************************************
Symbol  mass (amu)  epislon (kcal/mol)  sigma(Angstroms) 
C   12.011   0.0824736   3.2255
N   14.007   0.0758527   3.5719
H   1.008   0.0362711   1.8986
O   15.999   0.062323   3.075
S   32.06   0.138032   3.4237
P   30.9738   0.145372   3.47
*********************************************************
MOLECULE:: orientation around the inertia principal axis 
*********************************************************
Inertia matrix a.u. Ang^2: 
{  5.96602e+08  -2.76401e+06  2.13405e+06  }
{  -2.76401e+06  5.91979e+08  5.29065e+06  }
{  2.13405e+06  5.29065e+06  3.21168e+08  }
Rotation matrix applied to molecule: 
{  0.905562  -0.424213  -0.00112692  }
{  0.00793947  0.0196042  -0.999776  }
{  0.42414  0.90535  0.0211208  }
Molecule radius: 92.1165 Ang 
orientation time of molecule target: 0.107521 s
target mass: 322081 amu
gas mass: 28.014 amu
reduce mass: 28.014 amu
charge state: -24.0016 e
*********************************************************
Geometric Ellipsoid: 
*********************************************************
maximal distances: 67.6873  68.9213  91.9941  Ang
Initial axis length: 118.795  120.029  143.102  Ang
Ellipsoid axis length: 126.195  127.429  150.502  Ang
ellipsoid calculation time: 0.000334024 s
maximal impact parameter: 150.502 Ang
*********************************************************
Linked-cell: 
Numbers of cells: 12584
Nx: 22 Ny: 22 Nz: 26
Filled cells: 586
Empty cells: 11998
Average atoms per cell: 76.6945
Maximum atoms per cell: 206
Minimum atoms per cell: 1
Simulation box: 
lx: 264.22 Ang
ly: 264.22 Ang
lz: 312.26 Ang
linked-cell calculation time: 0.0154011 s
time info: 0.00142598 s
*********************************************************
Trajectory calculations 
*********************************************************
out target time: 85.8425 s
Ntraj: 10000
Nfree: 2100
Nscatter: 7895
Nlost: 5
omega: 17155.8
Ntraj: 10000
Nfree: 2035
Nscatter: 7957
Nlost: 8
omega: 17550.1
Ntraj: 10000
Nfree: 1925
Nscatter: 8074
Nlost: 1
omega: 17142.7
Ntraj: 10000
Nfree: 2040
Nscatter: 7959
Nlost: 1
omega: 16752.7
Ntraj: 10000
Nfree: 2004
Nscatter: 7995
Nlost: 1
omega: 17016.3
Ntraj: 10000
Nfree: 2022
Nscatter: 7975
Nlost: 3
omega: 17033.6
Ntraj: 10000
Nfree: 2004
Nscatter: 7993
Nlost: 3
omega: 16831.7
Ntraj: 10000
Nfree: 2058
Nscatter: 7937
Nlost: 5
omega: 16600
Ntraj: 10000
Nfree: 2021
Nscatter: 7977
Nlost: 2
omega: 16966.1
Ntraj: 10000
Nfree: 1919
Nscatter: 8077
Nlost: 4
omega: 17990.7
*********************************************************
task: 0
worker id: 57416
time create lcl and mol: 0.00362682 s
numbers of trajectories: 4546
time trajectory calculation: 24.9916 s
task: 1
worker id: 72721
time create lcl and mol: 0.00363779 s
numbers of trajectories: 4546
time trajectory calculation: 26.3021 s
task: 2
worker id: 57887
time create lcl and mol: 0.00367093 s
numbers of trajectories: 4546
time trajectory calculation: 32.6079 s
task: 3
worker id: 57111
time create lcl and mol: 0.003654 s
numbers of trajectories: 4546
time trajectory calculation: 32.681 s
task: 4
worker id: 57542
time create lcl and mol: 0.0035851 s
numbers of trajectories: 4546
time trajectory calculation: 31.2927 s
task: 5
worker id: 56790
time create lcl and mol: 0.00362802 s
numbers of trajectories: 4546
time trajectory calculation: 14.9445 s
task: 6
worker id: 55732
time create lcl and mol: 0.00378704 s
numbers of trajectories: 4546
time trajectory calculation: 20.7719 s
task: 7
worker id: 56492
time create lcl and mol: 0.00362396 s
numbers of trajectories: 4546
time trajectory calculation: 19.2919 s
task: 8
worker id: 72721
time create lcl and mol: 0.00354505 s
numbers of trajectories: 4546
time trajectory calculation: 14.6628 s
task: 9
worker id: 56492
time create lcl and mol: 0.00347304 s
numbers of trajectories: 4546
time trajectory calculation: 23.1953 s
task: 10
worker id: 56790
time create lcl and mol: 0.00353599 s
numbers of trajectories: 4545
time trajectory calculation: 27.6761 s
task: 11
worker id: 57111
time create lcl and mol: 0.00369406 s
numbers of trajectories: 4545
time trajectory calculation: 30.3635 s
task: 12
worker id: 56790
time create lcl and mol: 0.00346208 s
numbers of trajectories: 4545
time trajectory calculation: 23.3704 s
task: 13
worker id: 55732
time create lcl and mol: 0.00355792 s
numbers of trajectories: 4545
time trajectory calculation: 25.5786 s
task: 14
worker id: 57542
time create lcl and mol: 0.0035789 s
numbers of trajectories: 4545
time trajectory calculation: 22.1185 s
task: 15
worker id: 57887
time create lcl and mol: 0.00352192 s
numbers of trajectories: 4545
time trajectory calculation: 28.2744 s
task: 16
worker id: 56492
time create lcl and mol: 0.00332499 s
numbers of trajectories: 4545
time trajectory calculation: 24.2519 s
task: 17
worker id: 57887
time create lcl and mol: 0.00353503 s
numbers of trajectories: 4545
time trajectory calculation: 24.8655 s
task: 18
worker id: 72721
time create lcl and mol: 0.00338197 s
numbers of trajectories: 4545
time trajectory calculation: 23.2327 s
task: 19
worker id: 55732
time create lcl and mol: 0.00349998 s
numbers of trajectories: 4545
time trajectory calculation: 26.8786 s
task: 20
worker id: 57542
time create lcl and mol: 0.00459695 s
numbers of trajectories: 4545
time trajectory calculation: 19.0296 s
task: 21
worker id: 57416
time create lcl and mol: 0.00362396 s
numbers of trajectories: 4545
time trajectory calculation: 37.6338 s
CCS time: 85.853 s
*********************************************************
average value of CCS = 17104 Ang^2
error value of CCS = 121.358 Ang^2
Total time: 85.9815 s
Program finished...
*********************************************************
INPUT:: Simulation Parameters 
*********************************************************
target filename                  : 6vsb_pH8.xyz
number of probe                  : 10000
number of iterarions             : 10
number of tasks                  : 22
number of threads                : 24
seed number                      : 2104
gas buffer                       : N2
Target Temperature (K)           : 298
timestep (fs)                    : 10
Skin cell size (Ang)             : 0.01
Equipotential                    : no
Cut short-range interaction      : yes
LJ cutoff (Ang)                  : 12
Apply long-range interaction     : yes
Cut long-range interaction       : yes
Coulomb cutoff (Ang)             : 25
Apply induced-dipole interaction : yes
alpha (Ang^3)                    : 1.71
force_type: 6
*********************************************************
Force Field parameters: 
*********************************************************
Symbol  mass (amu)  epislon (kcal/mol)  sigma(Angstroms) 
C   12.011   0.0824736   3.2255
N   14.007   0.0758527   3.5719
H   1.008   0.0362711   1.8986
O   15.999   0.062323   3.075
S   32.06   0.138032   3.4237
P   30.9738   0.145372   3.47
*********************************************************
MOLECULE:: orientation around the inertia principal axis 
*********************************************************
Inertia matrix a.u. Ang^2: 
{  5.96602e+08  -2.76401e+06  2.13405e+06  }
{  -2.76401e+06  5.91979e+08  5.29065e+06  }
{  2.13405e+06  5.29065e+06  3.21168e+08  }
Rotation matrix applied to molecule: 
{  0.905562  -0.424213  -0.00112692  }
{  0.00793947  0.0196042  -0.999776  }
{  0.42414  0.90535  0.0211208  }
Molecule radius: 92.1165 Ang 
orientation time of molecule target: 0.0517421 s
target mass: 322081 amu
gas mass: 28.014 amu
reduce mass: 28.014 amu
charge state: -24.0016 e
*********************************************************
Geometric Ellipsoid: 
*********************************************************
maximal distances: 67.6873  68.9213  91.9941  Ang
Initial axis length: 118.795  120.029  143.102  Ang
Ellipsoid axis length: 126.195  127.429  150.502  Ang
ellipsoid calculation time: 0.000333071 s
maximal impact parameter: 150.502 Ang
*********************************************************
Linked-cell: 
Numbers of cells: 12584
Nx: 22 Ny: 22 Nz: 26
Filled cells: 586
Empty cells: 11998
Average atoms per cell: 76.6945
Maximum atoms per cell: 206
Minimum atoms per cell: 1
Simulation box: 
lx: 264.22 Ang
ly: 264.22 Ang
lz: 312.26 Ang
linked-cell calculation time: 0.0157721 s
time info: 0.00148511 s
*********************************************************
Trajectory calculations 
*********************************************************
out target time: 85.3135 s
Ntraj: 10000
Nfree: 2100
Nscatter: 7895
Nlost: 5
omega: 17155.8
Ntraj: 10000
Nfree: 2035
Nscatter: 7957
Nlost: 8
omega: 17550.1
Ntraj: 10000
Nfree: 1925
Nscatter: 8074
Nlost: 1
omega: 17142.7
Ntraj: 10000
Nfree: 2040
Nscatter: 7959
Nlost: 1
omega: 16752.7
Ntraj: 10000
Nfree: 2004
Nscatter: 7995
Nlost: 1
omega: 17016.3
Ntraj: 10000
Nfree: 2022
Nscatter: 7975
Nlost: 3
omega: 17033.6
Ntraj: 10000
Nfree: 2004
Nscatter: 7993
Nlost: 3
omega: 16831.7
Ntraj: 10000
Nfree: 2058
Nscatter: 7937
Nlost: 5
omega: 16600
Ntraj: 10000
Nfree: 2021
Nscatter: 7977
Nlost: 2
omega: 16966.1
Ntraj: 10000
Nfree: 1919
Nscatter: 8077
Nlost: 4
omega: 17990.7
*********************************************************
task: 0
worker id: 60345
time create lcl and mol: 0.00364804 s
numbers of trajectories: 4546
time trajectory calculation: 24.9062 s
task: 1
worker id: 60345
time create lcl and mol: 0.00365901 s
numbers of trajectories: 4546
time trajectory calculation: 25.6413 s
task: 2
worker id: 59717
time create lcl and mol: 0.00363708 s
numbers of trajectories: 4546
time trajectory calculation: 32.6734 s
task: 3
worker id: 75659
time create lcl and mol: 0.00366616 s
numbers of trajectories: 4546
time trajectory calculation: 32.792 s
task: 4
worker id: 60038
time create lcl and mol: 0.00355101 s
numbers of trajectories: 4546
time trajectory calculation: 30.5452 s
task: 5
worker id: 60473
time create lcl and mol: 0.00364614 s
numbers of trajectories: 4546
time trajectory calculation: 14.7101 s
task: 6
worker id: 60813
time create lcl and mol: 0.00366783 s
numbers of trajectories: 4546
time trajectory calculation: 20.2968 s
task: 7
worker id: 59415
time create lcl and mol: 0.00363111 s
numbers of trajectories: 4546
time trajectory calculation: 19.299 s
task: 8
worker id: 60473
time create lcl and mol: 0.00354791 s
numbers of trajectories: 4546
time trajectory calculation: 14.7003 s
task: 9
worker id: 59415
time create lcl and mol: 0.00355411 s
numbers of trajectories: 4546
time trajectory calculation: 23.2786 s
task: 10
worker id: 60345
time create lcl and mol: 0.00362182 s
numbers of trajectories: 4545
time trajectory calculation: 27.3403 s
task: 11
worker id: 60038
time create lcl and mol: 0.00375009 s
numbers of trajectories: 4545
time trajectory calculation: 30.4657 s
task: 12
worker id: 60813
time create lcl and mol: 0.00372386 s
numbers of trajectories: 4545
time trajectory calculation: 22.9915 s
task: 13
worker id: 59717
time create lcl and mol: 0.00349402 s
numbers of trajectories: 4545
time trajectory calculation: 26.0053 s
task: 14
worker id: 75659
time create lcl and mol: 0.00364089 s
numbers of trajectories: 4545
time trajectory calculation: 22.3987 s
task: 15
worker id: 58658
time create lcl and mol: 0.00371814 s
numbers of trajectories: 4545
time trajectory calculation: 27.9157 s
task: 16
worker id: 60038
time create lcl and mol: 0.00359392 s
numbers of trajectories: 4545
time trajectory calculation: 24.217 s
task: 17
worker id: 58658
time create lcl and mol: 0.003618 s
numbers of trajectories: 4545
time trajectory calculation: 24.5371 s
task: 18
worker id: 59415
time create lcl and mol: 0.00354099 s
numbers of trajectories: 4545
time trajectory calculation: 23.545 s
task: 19
worker id: 60473
time create lcl and mol: 0.00349593 s
numbers of trajectories: 4545
time trajectory calculation: 26.8873 s
task: 20
worker id: 58658
time create lcl and mol: 0.00363088 s
numbers of trajectories: 4545
time trajectory calculation: 19.9233 s
task: 21
worker id: 60813
time create lcl and mol: 0.00343204 s
numbers of trajectories: 4545
time trajectory calculation: 38.3047 s
CCS time: 85.324 s
*********************************************************
average value of CCS = 17104 Ang^2
error value of CCS = 121.358 Ang^2
Total time: 85.3972 s
Program finished...
[1695421520.933041] [sdumont6222:40775:0]       tag_match.c:62   UCX  WARN  unexpected tag-receive descriptor 0x2aca100140c0 was not matched
[1695421520.929792] [sdumont6229:60813:0]       tag_match.c:62   UCX  WARN  unexpected tag-receive descriptor 0x55f607cfabc0 was not matched
[1695421520.933234] [sdumont6230:59717:0]       tag_match.c:62   UCX  WARN  unexpected tag-receive descriptor 0x564cebd0db80 was not matched
[1695421520.934375] [sdumont6223:75659:0]       tag_match.c:62   UCX  WARN  unexpected tag-receive descriptor 0x55e23b818c40 was not matched
*********************************************************
INPUT:: Simulation Parameters 
*********************************************************
target filename                  : 6vsb_pH8.xyz
number of probe                  : 10000
number of iterarions             : 10
number of tasks                  : 22
number of threads                : 24
seed number                      : 2104
gas buffer                       : N2
Target Temperature (K)           : 298
timestep (fs)                    : 10
Skin cell size (Ang)             : 0.01
Equipotential                    : no
Cut short-range interaction      : yes
LJ cutoff (Ang)                  : 12
Apply long-range interaction     : yes
Cut long-range interaction       : yes
Coulomb cutoff (Ang)             : 25
Apply induced-dipole interaction : yes
alpha (Ang^3)                    : 1.71
force_type: 6
*********************************************************
Force Field parameters: 
*********************************************************
Symbol  mass (amu)  epislon (kcal/mol)  sigma(Angstroms) 
C   12.011   0.0824736   3.2255
N   14.007   0.0758527   3.5719
H   1.008   0.0362711   1.8986
O   15.999   0.062323   3.075
S   32.06   0.138032   3.4237
P   30.9738   0.145372   3.47
*********************************************************
MOLECULE:: orientation around the inertia principal axis 
*********************************************************
Inertia matrix a.u. Ang^2: 
{  5.96602e+08  -2.76401e+06  2.13405e+06  }
{  -2.76401e+06  5.91979e+08  5.29065e+06  }
{  2.13405e+06  5.29065e+06  3.21168e+08  }
Rotation matrix applied to molecule: 
{  0.905562  -0.424213  -0.00112692  }
{  0.00793947  0.0196042  -0.999776  }
{  0.42414  0.90535  0.0211208  }
Molecule radius: 92.1165 Ang 
orientation time of molecule target: 0.0515058 s
target mass: 322081 amu
gas mass: 28.014 amu
reduce mass: 28.014 amu
charge state: -24.0016 e
*********************************************************
Geometric Ellipsoid: 
*********************************************************
maximal distances: 67.6873  68.9213  91.9941  Ang
Initial axis length: 118.795  120.029  143.102  Ang
Ellipsoid axis length: 126.195  127.429  150.502  Ang
ellipsoid calculation time: 0.000350952 s
maximal impact parameter: 150.502 Ang
*********************************************************
Linked-cell: 
Numbers of cells: 12584
Nx: 22 Ny: 22 Nz: 26
Filled cells: 586
Empty cells: 11998
Average atoms per cell: 76.6945
Maximum atoms per cell: 206
Minimum atoms per cell: 1
Simulation box: 
lx: 264.22 Ang
ly: 264.22 Ang
lz: 312.26 Ang
linked-cell calculation time: 0.0158448 s
time info: 0.00149202 s
*********************************************************
Trajectory calculations 
*********************************************************
out target time: 81.1334 s
Ntraj: 10000
Nfree: 2100
Nscatter: 7895
Nlost: 5
omega: 17155.8
Ntraj: 10000
Nfree: 2035
Nscatter: 7957
Nlost: 8
omega: 17550.1
Ntraj: 10000
Nfree: 1925
Nscatter: 8074
Nlost: 1
omega: 17142.7
Ntraj: 10000
Nfree: 2040
Nscatter: 7959
Nlost: 1
omega: 16752.7
Ntraj: 10000
Nfree: 2004
Nscatter: 7995
Nlost: 1
omega: 17016.3
Ntraj: 10000
Nfree: 2022
Nscatter: 7975
Nlost: 3
omega: 17033.6
Ntraj: 10000
Nfree: 2004
Nscatter: 7993
Nlost: 3
omega: 16831.7
Ntraj: 10000
Nfree: 2058
Nscatter: 7937
Nlost: 5
omega: 16600
Ntraj: 10000
Nfree: 2021
Nscatter: 7977
Nlost: 2
omega: 16966.1
Ntraj: 10000
Nfree: 1919
Nscatter: 8077
Nlost: 4
omega: 17990.7
*********************************************************
task: 0
worker id: 62986
time create lcl and mol: 0.00379109 s
numbers of trajectories: 4546
time trajectory calculation: 24.5846 s
task: 1
worker id: 63761
time create lcl and mol: 0.00377607 s
numbers of trajectories: 4546
time trajectory calculation: 25.9401 s
task: 2
worker id: 78620
time create lcl and mol: 0.00348115 s
numbers of trajectories: 4546
time trajectory calculation: 32.7986 s
task: 3
worker id: 61607
time create lcl and mol: 0.00372982 s
numbers of trajectories: 4546
time trajectory calculation: 32.5207 s
task: 4
worker id: 63420
time create lcl and mol: 0.00381303 s
numbers of trajectories: 4546
time trajectory calculation: 30.4413 s
task: 5
worker id: 62359
time create lcl and mol: 0.00395298 s
numbers of trajectories: 4546
time trajectory calculation: 15.0143 s
task: 6
worker id: 63297
time create lcl and mol: 0.00374579 s
numbers of trajectories: 4546
time trajectory calculation: 20.7739 s
task: 7
worker id: 62656
time create lcl and mol: 0.00363207 s
numbers of trajectories: 4546
time trajectory calculation: 19.5655 s
task: 8
worker id: 62656
time create lcl and mol: 0.00340009 s
numbers of trajectories: 4546
time trajectory calculation: 14.5488 s
task: 9
worker id: 62986
time create lcl and mol: 0.00363111 s
numbers of trajectories: 4546
time trajectory calculation: 24.0248 s
task: 10
worker id: 62656
time create lcl and mol: 0.00335598 s
numbers of trajectories: 4545
time trajectory calculation: 27.2147 s
task: 11
worker id: 62359
time create lcl and mol: 0.0036211 s
numbers of trajectories: 4545
time trajectory calculation: 29.9249 s
task: 12
worker id: 61607
time create lcl and mol: 0.00362897 s
numbers of trajectories: 4545
time trajectory calculation: 23.4832 s
task: 13
worker id: 63420
time create lcl and mol: 0.00366187 s
numbers of trajectories: 4545
time trajectory calculation: 25.122 s
task: 14
worker id: 62359
time create lcl and mol: 0.00344706 s
numbers of trajectories: 4545
time trajectory calculation: 21.9606 s
task: 15
worker id: 63761
time create lcl and mol: 0.00387406 s
numbers of trajectories: 4545
time trajectory calculation: 27.9361 s
task: 16
worker id: 61607
time create lcl and mol: 0.00437999 s
numbers of trajectories: 4545
time trajectory calculation: 24.4662 s
task: 17
worker id: 78620
time create lcl and mol: 0.00340796 s
numbers of trajectories: 4545
time trajectory calculation: 25.0175 s
task: 18
worker id: 62986
time create lcl and mol: 0.0036571 s
numbers of trajectories: 4545
time trajectory calculation: 23.3459 s
task: 19
worker id: 63761
time create lcl and mol: 0.003613 s
numbers of trajectories: 4545
time trajectory calculation: 27.1662 s
task: 20
worker id: 63420
time create lcl and mol: 0.00361204 s
numbers of trajectories: 4545
time trajectory calculation: 19.6613 s
task: 21
worker id: 63297
time create lcl and mol: 0.00346899 s
numbers of trajectories: 4545
time trajectory calculation: 38.0888 s
CCS time: 81.144 s
*********************************************************
average value of CCS = 17104 Ang^2
error value of CCS = 121.358 Ang^2
Total time: 81.2169 s
Program finished...
*********************************************************
INPUT:: Simulation Parameters 
*********************************************************
target filename                  : 6vsb_pH8.xyz
number of probe                  : 10000
number of iterarions             : 10
number of tasks                  : 22
number of threads                : 24
seed number                      : 2104
gas buffer                       : N2
Target Temperature (K)           : 298
timestep (fs)                    : 10
Skin cell size (Ang)             : 0.01
Equipotential                    : no
Cut short-range interaction      : yes
LJ cutoff (Ang)                  : 12
Apply long-range interaction     : yes
Cut long-range interaction       : yes
Coulomb cutoff (Ang)             : 25
Apply induced-dipole interaction : yes
alpha (Ang^3)                    : 1.71
force_type: 6
*********************************************************
Force Field parameters: 
*********************************************************
Symbol  mass (amu)  epislon (kcal/mol)  sigma(Angstroms) 
C   12.011   0.0824736   3.2255
N   14.007   0.0758527   3.5719
H   1.008   0.0362711   1.8986
O   15.999   0.062323   3.075
S   32.06   0.138032   3.4237
P   30.9738   0.145372   3.47
*********************************************************
MOLECULE:: orientation around the inertia principal axis 
*********************************************************
Inertia matrix a.u. Ang^2: 
{  5.96602e+08  -2.76401e+06  2.13405e+06  }
{  -2.76401e+06  5.91979e+08  5.29065e+06  }
{  2.13405e+06  5.29065e+06  3.21168e+08  }
Rotation matrix applied to molecule: 
{  0.905562  -0.424213  -0.00112692  }
{  0.00793947  0.0196042  -0.999776  }
{  0.42414  0.90535  0.0211208  }
Molecule radius: 92.1165 Ang 
orientation time of molecule target: 0.0494719 s
target mass: 322081 amu
gas mass: 28.014 amu
reduce mass: 28.014 amu
charge state: -24.0016 e
*********************************************************
Geometric Ellipsoid: 
*********************************************************
maximal distances: 67.6873  68.9213  91.9941  Ang
Initial axis length: 118.795  120.029  143.102  Ang
Ellipsoid axis length: 126.195  127.429  150.502  Ang
ellipsoid calculation time: 0.000344992 s
maximal impact parameter: 150.502 Ang
*********************************************************
Linked-cell: 
Numbers of cells: 12584
Nx: 22 Ny: 22 Nz: 26
Filled cells: 586
Empty cells: 11998
Average atoms per cell: 76.6945
Maximum atoms per cell: 206
Minimum atoms per cell: 1
Simulation box: 
lx: 264.22 Ang
ly: 264.22 Ang
lz: 312.26 Ang
linked-cell calculation time: 0.0153391 s
time info: 0.00141788 s
*********************************************************
Trajectory calculations 
*********************************************************
out target time: 77.8272 s
Ntraj: 10000
Nfree: 2100
Nscatter: 7895
Nlost: 5
omega: 17155.8
Ntraj: 10000
Nfree: 2035
Nscatter: 7957
Nlost: 8
omega: 17550.1
Ntraj: 10000
Nfree: 1925
Nscatter: 8074
Nlost: 1
omega: 17142.7
Ntraj: 10000
Nfree: 2040
Nscatter: 7959
Nlost: 1
omega: 16752.7
Ntraj: 10000
Nfree: 2004
Nscatter: 7995
Nlost: 1
omega: 17016.3
Ntraj: 10000
Nfree: 2022
Nscatter: 7975
Nlost: 3
omega: 17033.6
Ntraj: 10000
Nfree: 2004
Nscatter: 7993
Nlost: 3
omega: 16831.7
Ntraj: 10000
Nfree: 2058
Nscatter: 7937
Nlost: 5
omega: 16600
Ntraj: 10000
Nfree: 2021
Nscatter: 7977
Nlost: 2
omega: 16966.1
Ntraj: 10000
Nfree: 1919
Nscatter: 8077
Nlost: 4
omega: 17990.7
*********************************************************
task: 0
worker id: 66126
time create lcl and mol: 0.00373507 s
numbers of trajectories: 4546
time trajectory calculation: 25.4929 s
task: 1
worker id: 66007
time create lcl and mol: 0.00402784 s
numbers of trajectories: 4546
time trajectory calculation: 25.9706 s
task: 2
worker id: 65370
time create lcl and mol: 0.00370312 s
numbers of trajectories: 4546
time trajectory calculation: 32.4899 s
task: 3
worker id: 66126
time create lcl and mol: 0.00377989 s
numbers of trajectories: 4546
time trajectory calculation: 32.6809 s
task: 4
worker id: 81287
time create lcl and mol: 0.00349998 s
numbers of trajectories: 4546
time trajectory calculation: 30.2784 s
task: 5
worker id: 66478
time create lcl and mol: 0.00358701 s
numbers of trajectories: 4546
time trajectory calculation: 14.9525 s
task: 6
worker id: 81287
time create lcl and mol: 0.003582 s
numbers of trajectories: 4546
time trajectory calculation: 20.2476 s
task: 7
worker id: 65370
time create lcl and mol: 0.00378394 s
numbers of trajectories: 4546
time trajectory calculation: 18.9908 s
task: 8
worker id: 66007
time create lcl and mol: 0.00363016 s
numbers of trajectories: 4546
time trajectory calculation: 14.3854 s
task: 9
worker id: 65690
time create lcl and mol: 0.0036149 s
numbers of trajectories: 4546
time trajectory calculation: 23.4722 s
task: 10
worker id: 65690
time create lcl and mol: 0.00343704 s
numbers of trajectories: 4545
time trajectory calculation: 27.0238 s
task: 11
worker id: 66007
time create lcl and mol: 0.00346994 s
numbers of trajectories: 4545
time trajectory calculation: 30.1687 s
task: 12
worker id: 65051
time create lcl and mol: 0.00359702 s
numbers of trajectories: 4545
time trajectory calculation: 23.0001 s
task: 13
worker id: 65690
time create lcl and mol: 0.00365591 s
numbers of trajectories: 4545
time trajectory calculation: 25.6229 s
task: 14
worker id: 64308
time create lcl and mol: 0.00371408 s
numbers of trajectories: 4545
time trajectory calculation: 22.1231 s
task: 15
worker id: 65051
time create lcl and mol: 0.00364685 s
numbers of trajectories: 4545
time trajectory calculation: 28.1078 s
task: 16
worker id: 66478
time create lcl and mol: 0.00359392 s
numbers of trajectories: 4545
time trajectory calculation: 24.4318 s
task: 17
worker id: 66478
time create lcl and mol: 0.00387287 s
numbers of trajectories: 4545
time trajectory calculation: 25.0493 s
task: 18
worker id: 65370
time create lcl and mol: 0.00371194 s
numbers of trajectories: 4545
time trajectory calculation: 23.5096 s
task: 19
worker id: 81287
time create lcl and mol: 0.00370717 s
numbers of trajectories: 4545
time trajectory calculation: 27.1897 s
task: 20
worker id: 65051
time create lcl and mol: 0.00354099 s
numbers of trajectories: 4545
time trajectory calculation: 19.7902 s
task: 21
worker id: 64308
time create lcl and mol: 0.00351405 s
numbers of trajectories: 4545
time trajectory calculation: 38.0169 s
CCS time: 77.8376 s
*********************************************************
average value of CCS = 17104 Ang^2
error value of CCS = 121.358 Ang^2
Total time: 77.908 s
Program finished...
*********************************************************
INPUT:: Simulation Parameters 
*********************************************************
target filename                  : 6vsb_pH8.xyz
number of probe                  : 10000
number of iterarions             : 10
number of tasks                  : 22
number of threads                : 24
seed number                      : 2104
gas buffer                       : N2
Target Temperature (K)           : 298
timestep (fs)                    : 10
Skin cell size (Ang)             : 0.01
Equipotential                    : no
Cut short-range interaction      : yes
LJ cutoff (Ang)                  : 12
Apply long-range interaction     : yes
Cut long-range interaction       : yes
Coulomb cutoff (Ang)             : 25
Apply induced-dipole interaction : yes
alpha (Ang^3)                    : 1.71
force_type: 6
*********************************************************
Force Field parameters: 
*********************************************************
Symbol  mass (amu)  epislon (kcal/mol)  sigma(Angstroms) 
C   12.011   0.0824736   3.2255
N   14.007   0.0758527   3.5719
H   1.008   0.0362711   1.8986
O   15.999   0.062323   3.075
S   32.06   0.138032   3.4237
P   30.9738   0.145372   3.47
*********************************************************
MOLECULE:: orientation around the inertia principal axis 
*********************************************************
Inertia matrix a.u. Ang^2: 
{  5.96602e+08  -2.76401e+06  2.13405e+06  }
{  -2.76401e+06  5.91979e+08  5.29065e+06  }
{  2.13405e+06  5.29065e+06  3.21168e+08  }
Rotation matrix applied to molecule: 
{  0.905562  -0.424213  -0.00112692  }
{  0.00793947  0.0196042  -0.999776  }
{  0.42414  0.90535  0.0211208  }
Molecule radius: 92.1165 Ang 
orientation time of molecule target: 0.0493479 s
target mass: 322081 amu
gas mass: 28.014 amu
reduce mass: 28.014 amu
charge state: -24.0016 e
*********************************************************
Geometric Ellipsoid: 
*********************************************************
maximal distances: 67.6873  68.9213  91.9941  Ang
Initial axis length: 118.795  120.029  143.102  Ang
Ellipsoid axis length: 126.195  127.429  150.502  Ang
ellipsoid calculation time: 0.00032711 s
maximal impact parameter: 150.502 Ang
*********************************************************
Linked-cell: 
Numbers of cells: 12584
Nx: 22 Ny: 22 Nz: 26
Filled cells: 586
Empty cells: 11998
Average atoms per cell: 76.6945
Maximum atoms per cell: 206
Minimum atoms per cell: 1
Simulation box: 
lx: 264.22 Ang
ly: 264.22 Ang
lz: 312.26 Ang
linked-cell calculation time: 0.0152881 s
time info: 0.00142789 s
*********************************************************
Trajectory calculations 
*********************************************************
out target time: 78.2837 s
Ntraj: 10000
Nfree: 2100
Nscatter: 7895
Nlost: 5
omega: 17155.8
Ntraj: 10000
Nfree: 2035
Nscatter: 7957
Nlost: 8
omega: 17550.1
Ntraj: 10000
Nfree: 1925
Nscatter: 8074
Nlost: 1
omega: 17142.7
Ntraj: 10000
Nfree: 2040
Nscatter: 7959
Nlost: 1
omega: 16752.7
Ntraj: 10000
Nfree: 2004
Nscatter: 7995
Nlost: 1
omega: 17016.3
Ntraj: 10000
Nfree: 2022
Nscatter: 7975
Nlost: 3
omega: 17033.6
Ntraj: 10000
Nfree: 2004
Nscatter: 7993
Nlost: 3
omega: 16831.7
Ntraj: 10000
Nfree: 2058
Nscatter: 7937
Nlost: 5
omega: 16600
Ntraj: 10000
Nfree: 2021
Nscatter: 7977
Nlost: 2
omega: 16966.1
Ntraj: 10000
Nfree: 1919
Nscatter: 8077
Nlost: 4
omega: 17990.7
*********************************************************
task: 0
worker id: 68766
time create lcl and mol: 0.00369096 s
numbers of trajectories: 4546
time trajectory calculation: 24.7638 s
task: 1
worker id: 83938
time create lcl and mol: 0.00363898 s
numbers of trajectories: 4546
time trajectory calculation: 25.8542 s
task: 2
worker id: 66946
time create lcl and mol: 0.00370097 s
numbers of trajectories: 4546
time trajectory calculation: 32.5552 s
task: 3
worker id: 68639
time create lcl and mol: 0.00385189 s
numbers of trajectories: 4546
time trajectory calculation: 32.3786 s
task: 4
worker id: 68017
time create lcl and mol: 0.00365686 s
numbers of trajectories: 4546
time trajectory calculation: 30.2438 s
task: 5
worker id: 68639
time create lcl and mol: 0.00355816 s
numbers of trajectories: 4546
time trajectory calculation: 14.8663 s
task: 6
worker id: 67697
time create lcl and mol: 0.00365996 s
numbers of trajectories: 4546
time trajectory calculation: 21.0012 s
task: 7
worker id: 68639
time create lcl and mol: 0.00353289 s
numbers of trajectories: 4546
time trajectory calculation: 18.8795 s
task: 8
worker id: 66946
time create lcl and mol: 0.00362182 s
numbers of trajectories: 4546
time trajectory calculation: 14.6532 s
task: 9
worker id: 67697
time create lcl and mol: 0.00356889 s
numbers of trajectories: 4546
time trajectory calculation: 23.2717 s
task: 10
worker id: 68766
time create lcl and mol: 0.00355697 s
numbers of trajectories: 4545
time trajectory calculation: 26.542 s
task: 11
worker id: 68339
time create lcl and mol: 0.00365615 s
numbers of trajectories: 4545
time trajectory calculation: 29.5922 s
task: 12
worker id: 69116
time create lcl and mol: 0.00361204 s
numbers of trajectories: 4545
time trajectory calculation: 23.3788 s
task: 13
worker id: 68017
time create lcl and mol: 0.003654 s
numbers of trajectories: 4545
time trajectory calculation: 25.8446 s
task: 14
worker id: 67697
time create lcl and mol: 0.004632 s
numbers of trajectories: 4545
time trajectory calculation: 21.954 s
task: 15
worker id: 68339
time create lcl and mol: 0.00342393 s
numbers of trajectories: 4545
time trajectory calculation: 28.0873 s
task: 16
worker id: 69116
time create lcl and mol: 0.00335789 s
numbers of trajectories: 4545
time trajectory calculation: 24.5339 s
task: 17
worker id: 69116
time create lcl and mol: 0.00379109 s
numbers of trajectories: 4545
time trajectory calculation: 24.9511 s
task: 18
worker id: 66946
time create lcl and mol: 0.00384903 s
numbers of trajectories: 4545
time trajectory calculation: 23.2887 s
task: 19
worker id: 68766
time create lcl and mol: 0.00351787 s
numbers of trajectories: 4545
time trajectory calculation: 26.8911 s
task: 20
worker id: 68339
time create lcl and mol: 0.00357795 s
numbers of trajectories: 4545
time trajectory calculation: 19.307 s
task: 21
worker id: 83938
time create lcl and mol: 0.00354886 s
numbers of trajectories: 4545
time trajectory calculation: 37.423 s
CCS time: 78.294 s
*********************************************************
average value of CCS = 17104 Ang^2
error value of CCS = 121.358 Ang^2
Total time: 78.3738 s
Program finished...
