*********************************************************
INPUT:: Simulation Parameters 
*********************************************************
target filename                  : 09_1cfd_carga_7_min.xyz
number of probe                  : 10000
number of iterarions             : 10
number of tasks                  : 30
number of threads                : 24
seed number                      : 2104
gas buffer                       : N2
Target Temperature (K)           : 298
timestep (fs)                    : 10
Skin cell size (Ang)             : 0.01
Equipotential                    : no
Cut short-range interaction      : yes
LJ cutoff (Ang)                  : 12
Apply long-range interaction     : yes
Cut long-range interaction       : yes
Coulomb cutoff (Ang)             : 25
Apply induced-dipole interaction : yes
alpha (Ang^3)                    : 1.71
force_type: 6
*********************************************************
Force Field parameters: 
*********************************************************
Symbol  mass (amu)  epislon (kcal/mol)  sigma(Angstroms) 
C   12.011   0.0824736   3.2255
N   14.007   0.0758527   3.5719
H   1.008   0.0362711   1.8986
O   15.999   0.062323   3.075
S   32.06   0.138032   3.4237
P   30.9738   0.145372   3.47
*********************************************************
MOLECULE:: orientation around the inertia principal axis 
*********************************************************
Inertia matrix a.u. Ang^2: 
{  3.67619e+06  -2.34047e+06  620245  }
{  -2.34047e+06  4.07793e+06  342199  }
{  620245  342199  6.46441e+06  }
Rotation matrix applied to molecule: 
{  0.34945  -0.197899  0.915817  }
{  0.733098  0.666444  -0.135718  }
{  -0.583483  0.71881  0.377968  }
Molecule radius: 36.3181 Ang 
orientation time of molecule target: 0.0777171 s
target mass: 16713.5 amu
gas mass: 28.014 amu
reduce mass: 28.014 amu
charge state: 7 e
*********************************************************
Geometric Ellipsoid: 
*********************************************************
maximal distances: 14.0369  18.4497  36.0991  Ang
Initial axis length: 65.1445  69.5573  87.2067  Ang
Ellipsoid axis length: 69.2045  73.6173  91.2667  Ang
ellipsoid calculation time: 4.29153e-05 s
maximal impact parameter: 91.2667 Ang
*********************************************************
Linked-cell: 
Numbers of cells: 2496
Nx: 12 Ny: 13 Nz: 16
Filled cells: 44
Empty cells: 2452
Average atoms per cell: 52.1136
Maximum atoms per cell: 159
Minimum atoms per cell: 1
Simulation box: 
lx: 144.12 Ang
ly: 156.13 Ang
lz: 192.16 Ang
linked-cell calculation time: 0.00252795 s
time info: 0.00011301 s
*********************************************************
Trajectory calculations 
*********************************************************
out target time: 16.3248 s
Ntraj: 10000
Nfree: 2821
Nscatter: 7172
Nlost: 7
omega: 2295.18
Ntraj: 10000
Nfree: 2752
Nscatter: 7240
Nlost: 8
omega: 2439.74
Ntraj: 10000
Nfree: 2637
Nscatter: 7351
Nlost: 12
omega: 2281.04
Ntraj: 10000
Nfree: 2784
Nscatter: 7203
Nlost: 13
omega: 2347.16
Ntraj: 10000
Nfree: 2706
Nscatter: 7280
Nlost: 14
omega: 2420.93
Ntraj: 10000
Nfree: 2766
Nscatter: 7229
Nlost: 5
omega: 2405.44
Ntraj: 10000
Nfree: 2750
Nscatter: 7238
Nlost: 12
omega: 2330.95
Ntraj: 10000
Nfree: 2726
Nscatter: 7269
Nlost: 5
omega: 2225.21
Ntraj: 10000
Nfree: 2684
Nscatter: 7310
Nlost: 6
omega: 2326.78
Ntraj: 10000
Nfree: 2612
Nscatter: 7382
Nlost: 6
omega: 2405.25
*********************************************************
task: 0
worker id: 62859
time create lcl and mol: 0.00061202 s
numbers of trajectories: 3334
time trajectory calculation: 3.2862 s
task: 1
worker id: 64042
time create lcl and mol: 0.000744104 s
numbers of trajectories: 3334
time trajectory calculation: 4.54179 s
task: 2
worker id: 64407
time create lcl and mol: 0.00070715 s
numbers of trajectories: 3334
time trajectory calculation: 1.22693 s
task: 3
worker id: 88027
time create lcl and mol: 0.000625134 s
numbers of trajectories: 3334
time trajectory calculation: 3.20286 s
task: 4
worker id: 61986
time create lcl and mol: 0.000611067 s
numbers of trajectories: 3334
time trajectory calculation: 4.05583 s
task: 5
worker id: 64562
time create lcl and mol: 0.000597954 s
numbers of trajectories: 3334
time trajectory calculation: 4.61296 s
task: 6
worker id: 64949
time create lcl and mol: 0.000761986 s
numbers of trajectories: 3334
time trajectory calculation: 6.73673 s
task: 7
worker id: 63118
time create lcl and mol: 0.000566959 s
numbers of trajectories: 3334
time trajectory calculation: 4.66804 s
task: 8
worker id: 64562
time create lcl and mol: 0.000622034 s
numbers of trajectories: 3334
time trajectory calculation: 3.4955 s
task: 9
worker id: 63118
time create lcl and mol: 0.000603914 s
numbers of trajectories: 3334
time trajectory calculation: 3.42265 s
task: 10
worker id: 64949
time create lcl and mol: 0.000581026 s
numbers of trajectories: 3333
time trajectory calculation: 3.5664 s
task: 11
worker id: 64407
time create lcl and mol: 0.000626087 s
numbers of trajectories: 3333
time trajectory calculation: 3.26833 s
task: 12
worker id: 64562
time create lcl and mol: 0.000628948 s
numbers of trajectories: 3333
time trajectory calculation: 2.02722 s
task: 13
worker id: 88027
time create lcl and mol: 0.000619173 s
numbers of trajectories: 3333
time trajectory calculation: 4.05445 s
task: 14
worker id: 63118
time create lcl and mol: 0.000647068 s
numbers of trajectories: 3333
time trajectory calculation: 6.57694 s
task: 15
worker id: 64949
time create lcl and mol: 0.000602961 s
numbers of trajectories: 3333
time trajectory calculation: 4.04877 s
task: 16
worker id: 62859
time create lcl and mol: 0.000611067 s
numbers of trajectories: 3333
time trajectory calculation: 2.99326 s
task: 17
worker id: 64407
time create lcl and mol: 0.000622988 s
numbers of trajectories: 3333
time trajectory calculation: 3.23715 s
task: 18
worker id: 61986
time create lcl and mol: 0.000591993 s
numbers of trajectories: 3333
time trajectory calculation: 3.47477 s
task: 19
worker id: 64042
time create lcl and mol: 0.000601053 s
numbers of trajectories: 3333
time trajectory calculation: 5.00378 s
task: 20
worker id: 61986
time create lcl and mol: 0.000625134 s
numbers of trajectories: 3333
time trajectory calculation: 4.33048 s
task: 21
worker id: 64042
time create lcl and mol: 0.00059104 s
numbers of trajectories: 3333
time trajectory calculation: 1.83043 s
task: 22
worker id: 64042
time create lcl and mol: 0.000628948 s
numbers of trajectories: 3333
time trajectory calculation: 4.85854 s
task: 23
worker id: 61986
time create lcl and mol: 0.000645161 s
numbers of trajectories: 3333
time trajectory calculation: 2.64246 s
task: 24
worker id: 62859
time create lcl and mol: 0.000643015 s
numbers of trajectories: 3333
time trajectory calculation: 3.41853 s
task: 25
worker id: 62859
time create lcl and mol: 0.000571012 s
numbers of trajectories: 3333
time trajectory calculation: 3.26039 s
task: 26
worker id: 88027
time create lcl and mol: 0.000640869 s
numbers of trajectories: 3333
time trajectory calculation: 2.53976 s
task: 27
worker id: 88027
time create lcl and mol: 0.000602961 s
numbers of trajectories: 3333
time trajectory calculation: 3.31721 s
task: 28
worker id: 64562
time create lcl and mol: 0.000604868 s
numbers of trajectories: 3333
time trajectory calculation: 2.76072 s
task: 29
worker id: 64407
time create lcl and mol: 0.000618935 s
numbers of trajectories: 3333
time trajectory calculation: 5.36313 s
CCS time: 16.3351 s
*********************************************************
average value of CCS = 2347.77 Ang^2
error value of CCS = 20.8339 Ang^2
Total time: 16.4203 s
Program finished...
*********************************************************
INPUT:: Simulation Parameters 
*********************************************************
target filename                  : 09_1cfd_carga_7_min.xyz
number of probe                  : 10000
number of iterarions             : 10
number of tasks                  : 30
number of threads                : 24
seed number                      : 2104
gas buffer                       : N2
Target Temperature (K)           : 298
timestep (fs)                    : 10
Skin cell size (Ang)             : 0.01
Equipotential                    : no
Cut short-range interaction      : yes
LJ cutoff (Ang)                  : 12
Apply long-range interaction     : yes
Cut long-range interaction       : yes
Coulomb cutoff (Ang)             : 25
Apply induced-dipole interaction : yes
alpha (Ang^3)                    : 1.71
force_type: 6
*********************************************************
Force Field parameters: 
*********************************************************
Symbol  mass (amu)  epislon (kcal/mol)  sigma(Angstroms) 
C   12.011   0.0824736   3.2255
N   14.007   0.0758527   3.5719
H   1.008   0.0362711   1.8986
O   15.999   0.062323   3.075
S   32.06   0.138032   3.4237
P   30.9738   0.145372   3.47
*********************************************************
MOLECULE:: orientation around the inertia principal axis 
*********************************************************
Inertia matrix a.u. Ang^2: 
{  3.67619e+06  -2.34047e+06  620245  }
{  -2.34047e+06  4.07793e+06  342199  }
{  620245  342199  6.46441e+06  }
Rotation matrix applied to molecule: 
{  0.34945  -0.197899  0.915817  }
{  0.733098  0.666444  -0.135718  }
{  -0.583483  0.71881  0.377968  }
Molecule radius: 36.3181 Ang 
orientation time of molecule target: 0.00296497 s
target mass: 16713.5 amu
gas mass: 28.014 amu
reduce mass: 28.014 amu
charge state: 7 e
*********************************************************
Geometric Ellipsoid: 
*********************************************************
maximal distances: 14.0369  18.4497  36.0991  Ang
Initial axis length: 65.1445  69.5573  87.2067  Ang
Ellipsoid axis length: 69.2045  73.6173  91.2667  Ang
ellipsoid calculation time: 5.19753e-05 s
maximal impact parameter: 91.2667 Ang
*********************************************************
Linked-cell: 
Numbers of cells: 2496
Nx: 12 Ny: 13 Nz: 16
Filled cells: 44
Empty cells: 2452
Average atoms per cell: 52.1136
Maximum atoms per cell: 159
Minimum atoms per cell: 1
Simulation box: 
lx: 144.12 Ang
ly: 156.13 Ang
lz: 192.16 Ang
linked-cell calculation time: 0.00254202 s
time info: 0.000117064 s
*********************************************************
Trajectory calculations 
*********************************************************
out target time: 16.6641 s
Ntraj: 10000
Nfree: 2821
Nscatter: 7172
Nlost: 7
omega: 2295.18
Ntraj: 10000
Nfree: 2752
Nscatter: 7240
Nlost: 8
omega: 2439.74
Ntraj: 10000
Nfree: 2637
Nscatter: 7351
Nlost: 12
omega: 2281.04
Ntraj: 10000
Nfree: 2784
Nscatter: 7203
Nlost: 13
omega: 2347.16
Ntraj: 10000
Nfree: 2706
Nscatter: 7280
Nlost: 14
omega: 2420.93
Ntraj: 10000
Nfree: 2766
Nscatter: 7229
Nlost: 5
omega: 2405.44
Ntraj: 10000
Nfree: 2750
Nscatter: 7238
Nlost: 12
omega: 2330.95
Ntraj: 10000
Nfree: 2726
Nscatter: 7269
Nlost: 5
omega: 2225.21
Ntraj: 10000
Nfree: 2684
Nscatter: 7310
Nlost: 6
omega: 2326.78
Ntraj: 10000
Nfree: 2612
Nscatter: 7382
Nlost: 6
omega: 2405.25
*********************************************************
task: 0
worker id: 64871
time create lcl and mol: 0.000583172 s
numbers of trajectories: 3334
time trajectory calculation: 3.20916 s
task: 1
worker id: 62402
time create lcl and mol: 0.000584126 s
numbers of trajectories: 3334
time trajectory calculation: 4.37974 s
task: 2
worker id: 65368
time create lcl and mol: 0.000602961 s
numbers of trajectories: 3334
time trajectory calculation: 1.28533 s
task: 3
worker id: 63535
time create lcl and mol: 0.000610828 s
numbers of trajectories: 3334
time trajectory calculation: 3.13234 s
task: 4
worker id: 64499
time create lcl and mol: 0.000597954 s
numbers of trajectories: 3334
time trajectory calculation: 3.86977 s
task: 5
worker id: 88443
time create lcl and mol: 0.000627041 s
numbers of trajectories: 3334
time trajectory calculation: 4.61614 s
task: 6
worker id: 63277
time create lcl and mol: 0.000617027 s
numbers of trajectories: 3334
time trajectory calculation: 6.49383 s
task: 7
worker id: 64983
time create lcl and mol: 0.000607967 s
numbers of trajectories: 3334
time trajectory calculation: 4.51791 s
task: 8
worker id: 64871
time create lcl and mol: 0.000602007 s
numbers of trajectories: 3334
time trajectory calculation: 3.52785 s
task: 9
worker id: 64983
time create lcl and mol: 0.000597 s
numbers of trajectories: 3334
time trajectory calculation: 3.49291 s
task: 10
worker id: 65368
time create lcl and mol: 0.000591993 s
numbers of trajectories: 3333
time trajectory calculation: 3.57047 s
task: 11
worker id: 64871
time create lcl and mol: 0.000629902 s
numbers of trajectories: 3333
time trajectory calculation: 3.32993 s
task: 12
worker id: 65368
time create lcl and mol: 0.000643015 s
numbers of trajectories: 3333
time trajectory calculation: 2.09715 s
task: 13
worker id: 65368
time create lcl and mol: 0.000622034 s
numbers of trajectories: 3333
time trajectory calculation: 4.06342 s
task: 14
worker id: 63277
time create lcl and mol: 0.000613928 s
numbers of trajectories: 3333
time trajectory calculation: 6.47256 s
task: 15
worker id: 88443
time create lcl and mol: 0.000700951 s
numbers of trajectories: 3333
time trajectory calculation: 3.95777 s
task: 16
worker id: 88443
time create lcl and mol: 0.000625134 s
numbers of trajectories: 3333
time trajectory calculation: 3.02519 s
task: 17
worker id: 64499
time create lcl and mol: 0.000707865 s
numbers of trajectories: 3333
time trajectory calculation: 3.00663 s
task: 18
worker id: 63535
time create lcl and mol: 0.000549078 s
numbers of trajectories: 3333
time trajectory calculation: 3.48534 s
task: 19
worker id: 64983
time create lcl and mol: 0.000586033 s
numbers of trajectories: 3333
time trajectory calculation: 5.12673 s
task: 20
worker id: 63535
time create lcl and mol: 0.00062108 s
numbers of trajectories: 3333
time trajectory calculation: 4.26703 s
task: 21
worker id: 64499
time create lcl and mol: 0.000583887 s
numbers of trajectories: 3333
time trajectory calculation: 1.93129 s
task: 22
worker id: 62402
time create lcl and mol: 0.000547171 s
numbers of trajectories: 3333
time trajectory calculation: 4.91707 s
task: 23
worker id: 62402
time create lcl and mol: 0.000603199 s
numbers of trajectories: 3333
time trajectory calculation: 2.64107 s
task: 24
worker id: 64983
time create lcl and mol: 0.00060606 s
numbers of trajectories: 3333
time trajectory calculation: 3.42728 s
task: 25
worker id: 62402
time create lcl and mol: 0.000625134 s
numbers of trajectories: 3333
time trajectory calculation: 3.25946 s
task: 26
worker id: 65368
time create lcl and mol: 0.000624895 s
numbers of trajectories: 3333
time trajectory calculation: 2.51381 s
task: 27
worker id: 63535
time create lcl and mol: 0.000598907 s
numbers of trajectories: 3333
time trajectory calculation: 3.28052 s
task: 28
worker id: 64871
time create lcl and mol: 0.000571012 s
numbers of trajectories: 3333
time trajectory calculation: 2.88002 s
task: 29
worker id: 64499
time create lcl and mol: 0.000624895 s
numbers of trajectories: 3333
time trajectory calculation: 5.54228 s
CCS time: 16.6744 s
*********************************************************
average value of CCS = 2347.77 Ang^2
error value of CCS = 20.8339 Ang^2
Total time: 16.6849 s
Program finished...
*********************************************************
INPUT:: Simulation Parameters 
*********************************************************
target filename                  : 09_1cfd_carga_7_min.xyz
number of probe                  : 10000
number of iterarions             : 10
number of tasks                  : 30
number of threads                : 24
seed number                      : 2104
gas buffer                       : N2
Target Temperature (K)           : 298
timestep (fs)                    : 10
Skin cell size (Ang)             : 0.01
Equipotential                    : no
Cut short-range interaction      : yes
LJ cutoff (Ang)                  : 12
Apply long-range interaction     : yes
Cut long-range interaction       : yes
Coulomb cutoff (Ang)             : 25
Apply induced-dipole interaction : yes
alpha (Ang^3)                    : 1.71
force_type: 6
*********************************************************
Force Field parameters: 
*********************************************************
Symbol  mass (amu)  epislon (kcal/mol)  sigma(Angstroms) 
C   12.011   0.0824736   3.2255
N   14.007   0.0758527   3.5719
H   1.008   0.0362711   1.8986
O   15.999   0.062323   3.075
S   32.06   0.138032   3.4237
P   30.9738   0.145372   3.47
*********************************************************
MOLECULE:: orientation around the inertia principal axis 
*********************************************************
Inertia matrix a.u. Ang^2: 
{  3.67619e+06  -2.34047e+06  620245  }
{  -2.34047e+06  4.07793e+06  342199  }
{  620245  342199  6.46441e+06  }
Rotation matrix applied to molecule: 
{  0.34945  -0.197899  0.915817  }
{  0.733098  0.666444  -0.135718  }
{  -0.583483  0.71881  0.377968  }
Molecule radius: 36.3181 Ang 
orientation time of molecule target: 0.00296283 s
target mass: 16713.5 amu
gas mass: 28.014 amu
reduce mass: 28.014 amu
charge state: 7 e
*********************************************************
Geometric Ellipsoid: 
*********************************************************
maximal distances: 14.0369  18.4497  36.0991  Ang
Initial axis length: 65.1445  69.5573  87.2067  Ang
Ellipsoid axis length: 69.2045  73.6173  91.2667  Ang
ellipsoid calculation time: 4.88758e-05 s
maximal impact parameter: 91.2667 Ang
*********************************************************
Linked-cell: 
Numbers of cells: 2496
Nx: 12 Ny: 13 Nz: 16
Filled cells: 44
Empty cells: 2452
Average atoms per cell: 52.1136
Maximum atoms per cell: 159
Minimum atoms per cell: 1
Simulation box: 
lx: 144.12 Ang
ly: 156.13 Ang
lz: 192.16 Ang
linked-cell calculation time: 0.00257087 s
time info: 0.000117779 s
*********************************************************
Trajectory calculations 
*********************************************************
out target time: 17.1711 s
Ntraj: 10000
Nfree: 2821
Nscatter: 7172
Nlost: 7
omega: 2295.18
Ntraj: 10000
Nfree: 2752
Nscatter: 7240
Nlost: 8
omega: 2439.74
Ntraj: 10000
Nfree: 2637
Nscatter: 7351
Nlost: 12
omega: 2281.04
Ntraj: 10000
Nfree: 2784
Nscatter: 7203
Nlost: 13
omega: 2347.16
Ntraj: 10000
Nfree: 2706
Nscatter: 7280
Nlost: 14
omega: 2420.93
Ntraj: 10000
Nfree: 2766
Nscatter: 7229
Nlost: 5
omega: 2405.44
Ntraj: 10000
Nfree: 2750
Nscatter: 7238
Nlost: 12
omega: 2330.95
Ntraj: 10000
Nfree: 2726
Nscatter: 7269
Nlost: 5
omega: 2225.21
Ntraj: 10000
Nfree: 2684
Nscatter: 7310
Nlost: 6
omega: 2326.78
Ntraj: 10000
Nfree: 2612
Nscatter: 7382
Nlost: 6
omega: 2405.25
*********************************************************
task: 0
worker id: 65604
time create lcl and mol: 0.000586987 s
numbers of trajectories: 3334
time trajectory calculation: 3.39635 s
task: 1
worker id: 64265
time create lcl and mol: 0.000584126 s
numbers of trajectories: 3334
time trajectory calculation: 4.59237 s
task: 2
worker id: 66100
time create lcl and mol: 0.000622034 s
numbers of trajectories: 3334
time trajectory calculation: 1.22084 s
task: 3
worker id: 89186
time create lcl and mol: 0.000602007 s
numbers of trajectories: 3334
time trajectory calculation: 3.27304 s
task: 4
worker id: 64265
time create lcl and mol: 0.00058198 s
numbers of trajectories: 3334
time trajectory calculation: 3.97234 s
task: 5
worker id: 65716
time create lcl and mol: 0.000602961 s
numbers of trajectories: 3334
time trajectory calculation: 4.54532 s
task: 6
worker id: 65604
time create lcl and mol: 0.000618219 s
numbers of trajectories: 3334
time trajectory calculation: 6.54676 s
task: 7
worker id: 65235
time create lcl and mol: 0.000627995 s
numbers of trajectories: 3334
time trajectory calculation: 4.63604 s
task: 8
worker id: 64007
time create lcl and mol: 0.000638962 s
numbers of trajectories: 3334
time trajectory calculation: 3.59007 s
task: 9
worker id: 65235
time create lcl and mol: 0.000566959 s
numbers of trajectories: 3334
time trajectory calculation: 3.35348 s
task: 10
worker id: 66100
time create lcl and mol: 0.000611067 s
numbers of trajectories: 3333
time trajectory calculation: 3.55895 s
task: 11
worker id: 65604
time create lcl and mol: 0.000613928 s
numbers of trajectories: 3333
time trajectory calculation: 3.23592 s
task: 12
worker id: 63130
time create lcl and mol: 0.000619888 s
numbers of trajectories: 3333
time trajectory calculation: 2.09797 s
task: 13
worker id: 63130
time create lcl and mol: 0.000629902 s
numbers of trajectories: 3333
time trajectory calculation: 4.112 s
task: 14
worker id: 66100
time create lcl and mol: 0.000628948 s
numbers of trajectories: 3333
time trajectory calculation: 6.58644 s
task: 15
worker id: 65604
time create lcl and mol: 0.000608921 s
numbers of trajectories: 3333
time trajectory calculation: 3.90329 s
task: 16
worker id: 65716
time create lcl and mol: 0.000568867 s
numbers of trajectories: 3333
time trajectory calculation: 2.88753 s
task: 17
worker id: 89186
time create lcl and mol: 0.000565052 s
numbers of trajectories: 3333
time trajectory calculation: 3.15003 s
task: 18
worker id: 89186
time create lcl and mol: 0.000617027 s
numbers of trajectories: 3333
time trajectory calculation: 3.49976 s
task: 19
worker id: 65716
time create lcl and mol: 0.000662088 s
numbers of trajectories: 3333
time trajectory calculation: 5.05971 s
task: 20
worker id: 64265
time create lcl and mol: 0.000860929 s
numbers of trajectories: 3333
time trajectory calculation: 4.26689 s
task: 21
worker id: 63130
time create lcl and mol: 0.000649929 s
numbers of trajectories: 3333
time trajectory calculation: 1.93486 s
task: 22
worker id: 65235
time create lcl and mol: 0.000604153 s
numbers of trajectories: 3333
time trajectory calculation: 4.96809 s
task: 23
worker id: 64007
time create lcl and mol: 0.000613928 s
numbers of trajectories: 3333
time trajectory calculation: 2.61116 s
task: 24
worker id: 66100
time create lcl and mol: 0.000638008 s
numbers of trajectories: 3333
time trajectory calculation: 3.36977 s
task: 25
worker id: 64007
time create lcl and mol: 0.000627995 s
numbers of trajectories: 3333
time trajectory calculation: 3.37912 s
task: 26
worker id: 64007
time create lcl and mol: 0.000634909 s
numbers of trajectories: 3333
time trajectory calculation: 2.51688 s
task: 27
worker id: 63130
time create lcl and mol: 0.000616074 s
numbers of trajectories: 3333
time trajectory calculation: 3.32357 s
task: 28
worker id: 65235
time create lcl and mol: 0.000663042 s
numbers of trajectories: 3333
time trajectory calculation: 2.91679 s
task: 29
worker id: 89186
time create lcl and mol: 0.000566006 s
numbers of trajectories: 3333
time trajectory calculation: 5.64764 s
CCS time: 17.1813 s
*********************************************************
average value of CCS = 2347.77 Ang^2
error value of CCS = 20.8339 Ang^2
Total time: 17.192 s
Program finished...
*********************************************************
INPUT:: Simulation Parameters 
*********************************************************
target filename                  : 09_1cfd_carga_7_min.xyz
number of probe                  : 10000
number of iterarions             : 10
number of tasks                  : 30
number of threads                : 24
seed number                      : 2104
gas buffer                       : N2
Target Temperature (K)           : 298
timestep (fs)                    : 10
Skin cell size (Ang)             : 0.01
Equipotential                    : no
Cut short-range interaction      : yes
LJ cutoff (Ang)                  : 12
Apply long-range interaction     : yes
Cut long-range interaction       : yes
Coulomb cutoff (Ang)             : 25
Apply induced-dipole interaction : yes
alpha (Ang^3)                    : 1.71
force_type: 6
*********************************************************
Force Field parameters: 
*********************************************************
Symbol  mass (amu)  epislon (kcal/mol)  sigma(Angstroms) 
C   12.011   0.0824736   3.2255
N   14.007   0.0758527   3.5719
H   1.008   0.0362711   1.8986
O   15.999   0.062323   3.075
S   32.06   0.138032   3.4237
P   30.9738   0.145372   3.47
*********************************************************
MOLECULE:: orientation around the inertia principal axis 
*********************************************************
Inertia matrix a.u. Ang^2: 
{  3.67619e+06  -2.34047e+06  620245  }
{  -2.34047e+06  4.07793e+06  342199  }
{  620245  342199  6.46441e+06  }
Rotation matrix applied to molecule: 
{  0.34945  -0.197899  0.915817  }
{  0.733098  0.666444  -0.135718  }
{  -0.583483  0.71881  0.377968  }
Molecule radius: 36.3181 Ang 
orientation time of molecule target: 0.0029161 s
target mass: 16713.5 amu
gas mass: 28.014 amu
reduce mass: 28.014 amu
charge state: 7 e
*********************************************************
Geometric Ellipsoid: 
*********************************************************
maximal distances: 14.0369  18.4497  36.0991  Ang
Initial axis length: 65.1445  69.5573  87.2067  Ang
Ellipsoid axis length: 69.2045  73.6173  91.2667  Ang
ellipsoid calculation time: 4.1008e-05 s
maximal impact parameter: 91.2667 Ang
*********************************************************
Linked-cell: 
Numbers of cells: 2496
Nx: 12 Ny: 13 Nz: 16
Filled cells: 44
Empty cells: 2452
Average atoms per cell: 52.1136
Maximum atoms per cell: 159
Minimum atoms per cell: 1
Simulation box: 
lx: 144.12 Ang
ly: 156.13 Ang
lz: 192.16 Ang
linked-cell calculation time: 0.00255895 s
time info: 0.00011611 s
*********************************************************
Trajectory calculations 
*********************************************************
out target time: 15.8441 s
Ntraj: 10000
Nfree: 2821
Nscatter: 7172
Nlost: 7
omega: 2295.18
Ntraj: 10000
Nfree: 2752
Nscatter: 7240
Nlost: 8
omega: 2439.74
Ntraj: 10000
Nfree: 2637
Nscatter: 7351
Nlost: 12
omega: 2281.04
Ntraj: 10000
Nfree: 2784
Nscatter: 7203
Nlost: 13
omega: 2347.16
Ntraj: 10000
Nfree: 2706
Nscatter: 7280
Nlost: 14
omega: 2420.93
Ntraj: 10000
Nfree: 2766
Nscatter: 7229
Nlost: 5
omega: 2405.44
Ntraj: 10000
Nfree: 2750
Nscatter: 7238
Nlost: 12
omega: 2330.95
Ntraj: 10000
Nfree: 2726
Nscatter: 7269
Nlost: 5
omega: 2225.21
Ntraj: 10000
Nfree: 2684
Nscatter: 7310
Nlost: 6
omega: 2326.78
Ntraj: 10000
Nfree: 2612
Nscatter: 7382
Nlost: 6
omega: 2405.25
*********************************************************
task: 0
worker id: 66316
time create lcl and mol: 0.000738144 s
numbers of trajectories: 3334
time trajectory calculation: 3.29328 s
task: 1
worker id: 65955
time create lcl and mol: 0.00061512 s
numbers of trajectories: 3334
time trajectory calculation: 4.55011 s
task: 2
worker id: 89914
time create lcl and mol: 0.000822067 s
numbers of trajectories: 3334
time trajectory calculation: 1.21937 s
task: 3
worker id: 64769
time create lcl and mol: 0.000614882 s
numbers of trajectories: 3334
time trajectory calculation: 3.17887 s
task: 4
worker id: 66429
time create lcl and mol: 0.00060606 s
numbers of trajectories: 3334
time trajectory calculation: 4.0803 s
task: 5
worker id: 63863
time create lcl and mol: 0.000684977 s
numbers of trajectories: 3334
time trajectory calculation: 4.50332 s
task: 6
worker id: 66812
time create lcl and mol: 0.000616074 s
numbers of trajectories: 3334
time trajectory calculation: 6.52046 s
task: 7
worker id: 65024
time create lcl and mol: 0.000626087 s
numbers of trajectories: 3334
time trajectory calculation: 4.49924 s
task: 8
worker id: 65024
time create lcl and mol: 0.000575066 s
numbers of trajectories: 3334
time trajectory calculation: 3.52964 s
task: 9
worker id: 66316
time create lcl and mol: 0.000617981 s
numbers of trajectories: 3334
time trajectory calculation: 3.45093 s
task: 10
worker id: 64769
time create lcl and mol: 0.000602007 s
numbers of trajectories: 3333
time trajectory calculation: 3.5193 s
task: 11
worker id: 63863
time create lcl and mol: 0.000579119 s
numbers of trajectories: 3333
time trajectory calculation: 3.25116 s
task: 12
worker id: 65024
time create lcl and mol: 0.000624895 s
numbers of trajectories: 3333
time trajectory calculation: 2.00115 s
task: 13
worker id: 66316
time create lcl and mol: 0.000582933 s
numbers of trajectories: 3333
time trajectory calculation: 3.8944 s
task: 14
worker id: 66812
time create lcl and mol: 0.000622034 s
numbers of trajectories: 3333
time trajectory calculation: 6.63041 s
task: 15
worker id: 66429
time create lcl and mol: 0.000615835 s
numbers of trajectories: 3333
time trajectory calculation: 3.96451 s
task: 16
worker id: 65955
time create lcl and mol: 0.000622988 s
numbers of trajectories: 3333
time trajectory calculation: 2.9053 s
task: 17
worker id: 64769
time create lcl and mol: 0.000638962 s
numbers of trajectories: 3333
time trajectory calculation: 3.23557 s
task: 18
worker id: 65024
time create lcl and mol: 0.000654936 s
numbers of trajectories: 3333
time trajectory calculation: 3.54052 s
task: 19
worker id: 66429
time create lcl and mol: 0.000602961 s
numbers of trajectories: 3333
time trajectory calculation: 4.823 s
task: 20
worker id: 64769
time create lcl and mol: 0.000746965 s
numbers of trajectories: 3333
time trajectory calculation: 4.31504 s
task: 21
worker id: 63863
time create lcl and mol: 0.000602961 s
numbers of trajectories: 3333
time trajectory calculation: 1.87208 s
task: 22
worker id: 89914
time create lcl and mol: 0.000644922 s
numbers of trajectories: 3333
time trajectory calculation: 4.97837 s
task: 23
worker id: 66812
time create lcl and mol: 0.000619888 s
numbers of trajectories: 3333
time trajectory calculation: 2.61943 s
task: 24
worker id: 89914
time create lcl and mol: 0.000575066 s
numbers of trajectories: 3333
time trajectory calculation: 3.44446 s
task: 25
worker id: 63863
time create lcl and mol: 0.000607967 s
numbers of trajectories: 3333
time trajectory calculation: 3.28348 s
task: 26
worker id: 89914
time create lcl and mol: 0.000599861 s
numbers of trajectories: 3333
time trajectory calculation: 2.49925 s
task: 27
worker id: 89914
time create lcl and mol: 0.000577211 s
numbers of trajectories: 3333
time trajectory calculation: 3.30765 s
task: 28
worker id: 66316
time create lcl and mol: 0.000614882 s
numbers of trajectories: 3333
time trajectory calculation: 2.84978 s
task: 29
worker id: 65955
time create lcl and mol: 0.000644922 s
numbers of trajectories: 3333
time trajectory calculation: 5.69686 s
CCS time: 15.8544 s
*********************************************************
average value of CCS = 2347.77 Ang^2
error value of CCS = 20.8339 Ang^2
Total time: 15.8652 s
Program finished...
*********************************************************
INPUT:: Simulation Parameters 
*********************************************************
target filename                  : 09_1cfd_carga_7_min.xyz
number of probe                  : 10000
number of iterarions             : 10
number of tasks                  : 30
number of threads                : 24
seed number                      : 2104
gas buffer                       : N2
Target Temperature (K)           : 298
timestep (fs)                    : 10
Skin cell size (Ang)             : 0.01
Equipotential                    : no
Cut short-range interaction      : yes
LJ cutoff (Ang)                  : 12
Apply long-range interaction     : yes
Cut long-range interaction       : yes
Coulomb cutoff (Ang)             : 25
Apply induced-dipole interaction : yes
alpha (Ang^3)                    : 1.71
force_type: 6
*********************************************************
Force Field parameters: 
*********************************************************
Symbol  mass (amu)  epislon (kcal/mol)  sigma(Angstroms) 
C   12.011   0.0824736   3.2255
N   14.007   0.0758527   3.5719
H   1.008   0.0362711   1.8986
O   15.999   0.062323   3.075
S   32.06   0.138032   3.4237
P   30.9738   0.145372   3.47
*********************************************************
MOLECULE:: orientation around the inertia principal axis 
*********************************************************
Inertia matrix a.u. Ang^2: 
{  3.67619e+06  -2.34047e+06  620245  }
{  -2.34047e+06  4.07793e+06  342199  }
{  620245  342199  6.46441e+06  }
Rotation matrix applied to molecule: 
{  0.34945  -0.197899  0.915817  }
{  0.733098  0.666444  -0.135718  }
{  -0.583483  0.71881  0.377968  }
Molecule radius: 36.3181 Ang 
orientation time of molecule target: 0.00294304 s
target mass: 16713.5 amu
gas mass: 28.014 amu
reduce mass: 28.014 amu
charge state: 7 e
*********************************************************
Geometric Ellipsoid: 
*********************************************************
maximal distances: 14.0369  18.4497  36.0991  Ang
Initial axis length: 65.1445  69.5573  87.2067  Ang
Ellipsoid axis length: 69.2045  73.6173  91.2667  Ang
ellipsoid calculation time: 4.1008e-05 s
maximal impact parameter: 91.2667 Ang
*********************************************************
Linked-cell: 
Numbers of cells: 2496
Nx: 12 Ny: 13 Nz: 16
Filled cells: 44
Empty cells: 2452
Average atoms per cell: 52.1136
Maximum atoms per cell: 159
Minimum atoms per cell: 1
Simulation box: 
lx: 144.12 Ang
ly: 156.13 Ang
lz: 192.16 Ang
linked-cell calculation time: 0.002563 s
time info: 0.000114918 s
*********************************************************
Trajectory calculations 
*********************************************************
out target time: 15.1935 s
Ntraj: 10000
Nfree: 2821
Nscatter: 7172
Nlost: 7
omega: 2295.18
Ntraj: 10000
Nfree: 2752
Nscatter: 7240
Nlost: 8
omega: 2439.74
Ntraj: 10000
Nfree: 2637
Nscatter: 7351
Nlost: 12
omega: 2281.04
Ntraj: 10000
Nfree: 2784
Nscatter: 7203
Nlost: 13
omega: 2347.16
Ntraj: 10000
Nfree: 2706
Nscatter: 7280
Nlost: 14
omega: 2420.93
Ntraj: 10000
Nfree: 2766
Nscatter: 7229
Nlost: 5
omega: 2405.44
Ntraj: 10000
Nfree: 2750
Nscatter: 7238
Nlost: 12
omega: 2330.95
Ntraj: 10000
Nfree: 2726
Nscatter: 7269
Nlost: 5
omega: 2225.21
Ntraj: 10000
Nfree: 2684
Nscatter: 7310
Nlost: 6
omega: 2326.78
Ntraj: 10000
Nfree: 2612
Nscatter: 7382
Nlost: 6
omega: 2405.25
*********************************************************
task: 0
worker id: 65489
time create lcl and mol: 0.000832081 s
numbers of trajectories: 3334
time trajectory calculation: 3.27208 s
task: 1
worker id: 90638
time create lcl and mol: 0.000602007 s
numbers of trajectories: 3334
time trajectory calculation: 4.49482 s
task: 2
worker id: 66667
time create lcl and mol: 0.000632048 s
numbers of trajectories: 3334
time trajectory calculation: 1.14779 s
task: 3
worker id: 67142
time create lcl and mol: 0.000614882 s
numbers of trajectories: 3334
time trajectory calculation: 3.14744 s
task: 4
worker id: 67029
time create lcl and mol: 0.000600815 s
numbers of trajectories: 3334
time trajectory calculation: 3.91234 s
task: 5
worker id: 64616
time create lcl and mol: 0.000580072 s
numbers of trajectories: 3334
time trajectory calculation: 4.56777 s
task: 6
worker id: 67530
time create lcl and mol: 0.000652075 s
numbers of trajectories: 3334
time trajectory calculation: 6.65849 s
task: 7
worker id: 65756
time create lcl and mol: 0.000586987 s
numbers of trajectories: 3334
time trajectory calculation: 4.63377 s
task: 8
worker id: 67530
time create lcl and mol: 0.000626087 s
numbers of trajectories: 3334
time trajectory calculation: 3.54268 s
task: 9
worker id: 65489
time create lcl and mol: 0.000639915 s
numbers of trajectories: 3334
time trajectory calculation: 3.48838 s
task: 10
worker id: 67530
time create lcl and mol: 0.000617981 s
numbers of trajectories: 3333
time trajectory calculation: 3.39608 s
task: 11
worker id: 65756
time create lcl and mol: 0.000629902 s
numbers of trajectories: 3333
time trajectory calculation: 3.3351 s
task: 12
worker id: 65756
time create lcl and mol: 0.000622034 s
numbers of trajectories: 3333
time trajectory calculation: 2.08607 s
task: 13
worker id: 90638
time create lcl and mol: 0.000663042 s
numbers of trajectories: 3333
time trajectory calculation: 3.95972 s
task: 14
worker id: 64616
time create lcl and mol: 0.000605822 s
numbers of trajectories: 3333
time trajectory calculation: 6.42438 s
task: 15
worker id: 65489
time create lcl and mol: 0.000649929 s
numbers of trajectories: 3333
time trajectory calculation: 3.8553 s
task: 16
worker id: 66667
time create lcl and mol: 0.000613213 s
numbers of trajectories: 3333
time trajectory calculation: 2.89509 s
task: 17
worker id: 67142
time create lcl and mol: 0.000607967 s
numbers of trajectories: 3333
time trajectory calculation: 3.17715 s
task: 18
worker id: 65489
time create lcl and mol: 0.000597954 s
numbers of trajectories: 3333
time trajectory calculation: 3.46469 s
task: 19
worker id: 66667
time create lcl and mol: 0.000633001 s
numbers of trajectories: 3333
time trajectory calculation: 5.05162 s
task: 20
worker id: 67142
time create lcl and mol: 0.000566959 s
numbers of trajectories: 3333
time trajectory calculation: 4.2565 s
task: 21
worker id: 67029
time create lcl and mol: 0.000610828 s
numbers of trajectories: 3333
time trajectory calculation: 1.95339 s
task: 22
worker id: 65756
time create lcl and mol: 0.000653028 s
numbers of trajectories: 3333
time trajectory calculation: 5.04093 s
task: 23
worker id: 67029
time create lcl and mol: 0.000584126 s
numbers of trajectories: 3333
time trajectory calculation: 2.63956 s
task: 24
worker id: 67142
time create lcl and mol: 0.000627995 s
numbers of trajectories: 3333
time trajectory calculation: 3.31062 s
task: 25
worker id: 67029
time create lcl and mol: 0.000786066 s
numbers of trajectories: 3333
time trajectory calculation: 3.25571 s
task: 26
worker id: 67029
time create lcl and mol: 0.000595093 s
numbers of trajectories: 3333
time trajectory calculation: 2.51344 s
task: 27
worker id: 90638
time create lcl and mol: 0.000643015 s
numbers of trajectories: 3333
time trajectory calculation: 3.33632 s
task: 28
worker id: 64616
time create lcl and mol: 0.00064683 s
numbers of trajectories: 3333
time trajectory calculation: 2.88797 s
task: 29
worker id: 66667
time create lcl and mol: 0.000622988 s
numbers of trajectories: 3333
time trajectory calculation: 5.54533 s
CCS time: 15.2036 s
*********************************************************
average value of CCS = 2347.77 Ang^2
error value of CCS = 20.8339 Ang^2
Total time: 15.2142 s
Program finished...
