*********************************************************
INPUT:: Simulation Parameters 
*********************************************************
target filename                  : 7w17.xyz
number of probe                  : 10000
number of iterarions             : 10
number of tasks                  : 24
number of threads                : 24
seed number                      : 2104
gas buffer                       : N2
Target Temperature (K)           : 298
timestep (fs)                    : 10
Skin cell size (Ang)             : 0.01
Equipotential                    : no
Cut short-range interaction      : yes
LJ cutoff (Ang)                  : 12
Apply long-range interaction     : yes
Cut long-range interaction       : yes
Coulomb cutoff (Ang)             : 25
Apply induced-dipole interaction : yes
alpha (Ang^3)                    : 1.71
force_type: 6
*********************************************************
Force Field parameters: 
*********************************************************
Symbol  mass (amu)  epislon (kcal/mol)  sigma(Angstroms) 
C   12.011   0.0824736   3.2255
N   14.007   0.0758527   3.5719
H   1.008   0.0362711   1.8986
O   15.999   0.062323   3.075
S   32.06   0.138032   3.4237
P   30.9738   0.145372   3.47
*********************************************************
MOLECULE:: orientation around the inertia principal axis 
*********************************************************
Inertia matrix a.u. Ang^2: 
{  6.63676e+10  1377.42  -497.502  }
{  1377.42  6.63676e+10  1063.62  }
{  -497.502  1063.62  6.63676e+10  }
Rotation matrix applied to molecule: 
{  0.999999  0.00114971  -0.000416152  }
{  -0.00230802  0.999996  -0.00177314  }
{  0.000414111  0.0017741  0.999998  }
Molecule radius: 171.043 Ang 
orientation time of molecule target: 3.2901 s
target mass: 5.43303e+06 amu
gas mass: 28.014 amu
reduce mass: 28.014 amu
charge state: -300 e
*********************************************************
Geometric Ellipsoid: 
*********************************************************
maximal distances: 162.188  160.956  171.043  Ang
Initial axis length: 213.295  212.063  222.151  Ang
Ellipsoid axis length: 221.755  220.523  230.611  Ang
ellipsoid calculation time: 0.00474286 s
maximal impact parameter: 230.611 Ang
*********************************************************
Linked-cell: 
Numbers of cells: 53391
Nx: 37 Ny: 37 Nz: 39
Filled cells: 7300
Empty cells: 46091
Average atoms per cell: 102.986
Maximum atoms per cell: 200
Minimum atoms per cell: 1
Simulation box: 
lx: 444.37 Ang
ly: 444.37 Ang
lz: 468.39 Ang
linked-cell calculation time: 0.133507 s
time info: 0.0183551 s
*********************************************************
Trajectory calculations 
*********************************************************
out target time: 258.52 s
Ntraj: 10000
Nfree: 565
Nscatter: 9432
Nlost: 3
omega: 114411
Ntraj: 10000
Nfree: 496
Nscatter: 9502
Nlost: 2
omega: 114891
Ntraj: 10000
Nfree: 538
Nscatter: 9456
Nlost: 6
omega: 115981
Ntraj: 10000
Nfree: 536
Nscatter: 9462
Nlost: 2
omega: 114574
Ntraj: 10000
Nfree: 580
Nscatter: 9415
Nlost: 5
omega: 116661
Ntraj: 10000
Nfree: 538
Nscatter: 9460
Nlost: 2
omega: 116174
Ntraj: 10000
Nfree: 525
Nscatter: 9475
Nlost: 0
omega: 114064
Ntraj: 10000
Nfree: 568
Nscatter: 9430
Nlost: 2
omega: 113326
Ntraj: 10000
Nfree: 535
Nscatter: 9465
Nlost: 0
omega: 114425
Ntraj: 10000
Nfree: 518
Nscatter: 9481
Nlost: 1
omega: 117691
*********************************************************
task: 0
worker id: 67163
time create lcl and mol: 0.0285139 s
numbers of trajectories: 4167
time trajectory calculation: 42.0974 s
task: 1
worker id: 42685
time create lcl and mol: 0.0257041 s
numbers of trajectories: 4167
time trajectory calculation: 22.5001 s
task: 2
worker id: 50687
time create lcl and mol: 0.0257518 s
numbers of trajectories: 4167
time trajectory calculation: 89.345 s
task: 3
worker id: 22100
time create lcl and mol: 0.027333 s
numbers of trajectories: 4167
time trajectory calculation: 31.0219 s
task: 4
worker id: 95041
time create lcl and mol: 0.0256011 s
numbers of trajectories: 4167
time trajectory calculation: 52.0704 s
task: 5
worker id: 22100
time create lcl and mol: 0.0257471 s
numbers of trajectories: 4167
time trajectory calculation: 38.4316 s
task: 6
worker id: 22100
time create lcl and mol: 0.025754 s
numbers of trajectories: 4167
time trajectory calculation: 108.755 s
task: 7
worker id: 95041
time create lcl and mol: 0.0259871 s
numbers of trajectories: 4167
time trajectory calculation: 37.6845 s
task: 8
worker id: 733
time create lcl and mol: 0.02634 s
numbers of trajectories: 4167
time trajectory calculation: 47.4448 s
task: 9
worker id: 50687
time create lcl and mol: 0.027705 s
numbers of trajectories: 4167
time trajectory calculation: 27.1525 s
task: 10
worker id: 42685
time create lcl and mol: 0.025727 s
numbers of trajectories: 4167
time trajectory calculation: 119.401 s
task: 11
worker id: 67163
time create lcl and mol: 0.0257258 s
numbers of trajectories: 4167
time trajectory calculation: 117.745 s
task: 12
worker id: 67163
time create lcl and mol: 0.0270419 s
numbers of trajectories: 4167
time trajectory calculation: 75.4652 s
task: 13
worker id: 733
time create lcl and mol: 0.027262 s
numbers of trajectories: 4167
time trajectory calculation: 93.7873 s
task: 14
worker id: 44196
time create lcl and mol: 0.026541 s
numbers of trajectories: 4167
time trajectory calculation: 28.6564 s
task: 15
worker id: 60679
time create lcl and mol: 0.02631 s
numbers of trajectories: 4167
time trajectory calculation: 58.3481 s
task: 16
worker id: 44196
time create lcl and mol: 0.025594 s
numbers of trajectories: 4166
time trajectory calculation: 64.4305 s
task: 17
worker id: 95041
time create lcl and mol: 0.027468 s
numbers of trajectories: 4166
time trajectory calculation: 59.7843 s
task: 18
worker id: 44196
time create lcl and mol: 0.0258498 s
numbers of trajectories: 4166
time trajectory calculation: 112.434 s
task: 19
worker id: 67163
time create lcl and mol: 0.026263 s
numbers of trajectories: 4166
time trajectory calculation: 22.9276 s
task: 20
worker id: 60679
time create lcl and mol: 0.026212 s
numbers of trajectories: 4166
time trajectory calculation: 26.8548 s
task: 21
worker id: 733
time create lcl and mol: 0.0258491 s
numbers of trajectories: 4166
time trajectory calculation: 28.3663 s
task: 22
worker id: 60679
time create lcl and mol: 0.026226 s
numbers of trajectories: 4166
time trajectory calculation: 121.86 s
task: 23
worker id: 50687
time create lcl and mol: 0.0264399 s
numbers of trajectories: 4166
time trajectory calculation: 25.3726 s
CCS time: 258.548 s
*********************************************************
average value of CCS = 115220 Ang^2
error value of CCS = 405.06 Ang^2
Total time: 261.982 s
Program finished...
*********************************************************
INPUT:: Simulation Parameters 
*********************************************************
target filename                  : 7w17.xyz
number of probe                  : 10000
number of iterarions             : 10
number of tasks                  : 24
number of threads                : 24
seed number                      : 2104
gas buffer                       : N2
Target Temperature (K)           : 298
timestep (fs)                    : 10
Skin cell size (Ang)             : 0.01
Equipotential                    : no
Cut short-range interaction      : yes
LJ cutoff (Ang)                  : 12
Apply long-range interaction     : yes
Cut long-range interaction       : yes
Coulomb cutoff (Ang)             : 25
Apply induced-dipole interaction : yes
alpha (Ang^3)                    : 1.71
force_type: 6
*********************************************************
Force Field parameters: 
*********************************************************
Symbol  mass (amu)  epislon (kcal/mol)  sigma(Angstroms) 
C   12.011   0.0824736   3.2255
N   14.007   0.0758527   3.5719
H   1.008   0.0362711   1.8986
O   15.999   0.062323   3.075
S   32.06   0.138032   3.4237
P   30.9738   0.145372   3.47
*********************************************************
MOLECULE:: orientation around the inertia principal axis 
*********************************************************
Inertia matrix a.u. Ang^2: 
{  6.63676e+10  1377.42  -497.502  }
{  1377.42  6.63676e+10  1063.62  }
{  -497.502  1063.62  6.63676e+10  }
Rotation matrix applied to molecule: 
{  0.999999  0.00114971  -0.000416152  }
{  -0.00230802  0.999996  -0.00177314  }
{  0.000414111  0.0017741  0.999998  }
Molecule radius: 171.043 Ang 
orientation time of molecule target: 0.802775 s
target mass: 5.43303e+06 amu
gas mass: 28.014 amu
reduce mass: 28.014 amu
charge state: -300 e
*********************************************************
Geometric Ellipsoid: 
*********************************************************
maximal distances: 162.188  160.956  171.043  Ang
Initial axis length: 213.295  212.063  222.151  Ang
Ellipsoid axis length: 221.755  220.523  230.611  Ang
ellipsoid calculation time: 0.00455809 s
maximal impact parameter: 230.611 Ang
*********************************************************
Linked-cell: 
Numbers of cells: 53391
Nx: 37 Ny: 37 Nz: 39
Filled cells: 7300
Empty cells: 46091
Average atoms per cell: 102.986
Maximum atoms per cell: 200
Minimum atoms per cell: 1
Simulation box: 
lx: 444.37 Ang
ly: 444.37 Ang
lz: 468.39 Ang
linked-cell calculation time: 0.13425 s
time info: 0.0181899 s
*********************************************************
Trajectory calculations 
*********************************************************
out target time: 254.141 s
Ntraj: 10000
Nfree: 565
Nscatter: 9432
Nlost: 3
omega: 114411
Ntraj: 10000
Nfree: 496
Nscatter: 9502
Nlost: 2
omega: 114891
Ntraj: 10000
Nfree: 538
Nscatter: 9456
Nlost: 6
omega: 115981
Ntraj: 10000
Nfree: 536
Nscatter: 9462
Nlost: 2
omega: 114574
Ntraj: 10000
Nfree: 580
Nscatter: 9415
Nlost: 5
omega: 116661
Ntraj: 10000
Nfree: 538
Nscatter: 9460
Nlost: 2
omega: 116174
Ntraj: 10000
Nfree: 525
Nscatter: 9475
Nlost: 0
omega: 114064
Ntraj: 10000
Nfree: 568
Nscatter: 9430
Nlost: 2
omega: 113326
Ntraj: 10000
Nfree: 535
Nscatter: 9465
Nlost: 0
omega: 114425
Ntraj: 10000
Nfree: 518
Nscatter: 9481
Nlost: 1
omega: 117691
*********************************************************
task: 0
worker id: 9306
time create lcl and mol: 0.026612 s
numbers of trajectories: 4167
time trajectory calculation: 41.774 s
task: 1
worker id: 52526
time create lcl and mol: 0.025661 s
numbers of trajectories: 4167
time trajectory calculation: 23.0912 s
task: 2
worker id: 75492
time create lcl and mol: 0.0268052 s
numbers of trajectories: 4167
time trajectory calculation: 90.506 s
task: 3
worker id: 5833
time create lcl and mol: 0.026016 s
numbers of trajectories: 4167
time trajectory calculation: 30.5936 s
task: 4
worker id: 30439
time create lcl and mol: 0.026732 s
numbers of trajectories: 4167
time trajectory calculation: 51.9814 s
task: 5
worker id: 75492
time create lcl and mol: 0.0265691 s
numbers of trajectories: 4167
time trajectory calculation: 38.6221 s
task: 6
worker id: 69006
time create lcl and mol: 0.0272439 s
numbers of trajectories: 4167
time trajectory calculation: 106.375 s
task: 7
worker id: 51023
time create lcl and mol: 0.025794 s
numbers of trajectories: 4167
time trajectory calculation: 36.914 s
task: 8
worker id: 59023
time create lcl and mol: 0.0258191 s
numbers of trajectories: 4167
time trajectory calculation: 46.9436 s
task: 9
worker id: 30439
time create lcl and mol: 0.0253911 s
numbers of trajectories: 4167
time trajectory calculation: 25.7697 s
task: 10
worker id: 69006
time create lcl and mol: 0.0275199 s
numbers of trajectories: 4167
time trajectory calculation: 122.23 s
task: 11
worker id: 52526
time create lcl and mol: 0.0257139 s
numbers of trajectories: 4167
time trajectory calculation: 116.726 s
task: 12
worker id: 5833
time create lcl and mol: 0.0282102 s
numbers of trajectories: 4167
time trajectory calculation: 74.0422 s
task: 13
worker id: 51023
time create lcl and mol: 0.0252321 s
numbers of trajectories: 4167
time trajectory calculation: 93.9933 s
task: 14
worker id: 52526
time create lcl and mol: 0.0270259 s
numbers of trajectories: 4167
time trajectory calculation: 29.0757 s
task: 15
worker id: 30439
time create lcl and mol: 0.025043 s
numbers of trajectories: 4167
time trajectory calculation: 58.3629 s
task: 16
worker id: 5833
time create lcl and mol: 0.0272269 s
numbers of trajectories: 4166
time trajectory calculation: 66.1876 s
task: 17
worker id: 75492
time create lcl and mol: 0.025826 s
numbers of trajectories: 4166
time trajectory calculation: 60.6019 s
task: 18
worker id: 9306
time create lcl and mol: 0.027535 s
numbers of trajectories: 4166
time trajectory calculation: 113.929 s
task: 19
worker id: 9306
time create lcl and mol: 0.026083 s
numbers of trajectories: 4166
time trajectory calculation: 23.3403 s
task: 20
worker id: 30439
time create lcl and mol: 0.025758 s
numbers of trajectories: 4166
time trajectory calculation: 28.0822 s
task: 21
worker id: 51023
time create lcl and mol: 0.0262361 s
numbers of trajectories: 4166
time trajectory calculation: 28.8067 s
task: 22
worker id: 59023
time create lcl and mol: 0.0258009 s
numbers of trajectories: 4166
time trajectory calculation: 124.873 s
task: 23
worker id: 69006
time create lcl and mol: 0.0250101 s
numbers of trajectories: 4166
time trajectory calculation: 25.2638 s
CCS time: 254.169 s
*********************************************************
average value of CCS = 115220 Ang^2
error value of CCS = 405.06 Ang^2
Total time: 255.116 s
Program finished...
*********************************************************
INPUT:: Simulation Parameters 
*********************************************************
target filename                  : 7w17.xyz
number of probe                  : 10000
number of iterarions             : 10
number of tasks                  : 24
number of threads                : 24
seed number                      : 2104
gas buffer                       : N2
Target Temperature (K)           : 298
timestep (fs)                    : 10
Skin cell size (Ang)             : 0.01
Equipotential                    : no
Cut short-range interaction      : yes
LJ cutoff (Ang)                  : 12
Apply long-range interaction     : yes
Cut long-range interaction       : yes
Coulomb cutoff (Ang)             : 25
Apply induced-dipole interaction : yes
alpha (Ang^3)                    : 1.71
force_type: 6
*********************************************************
Force Field parameters: 
*********************************************************
Symbol  mass (amu)  epislon (kcal/mol)  sigma(Angstroms) 
C   12.011   0.0824736   3.2255
N   14.007   0.0758527   3.5719
H   1.008   0.0362711   1.8986
O   15.999   0.062323   3.075
S   32.06   0.138032   3.4237
P   30.9738   0.145372   3.47
*********************************************************
MOLECULE:: orientation around the inertia principal axis 
*********************************************************
Inertia matrix a.u. Ang^2: 
{  6.63676e+10  1377.42  -497.502  }
{  1377.42  6.63676e+10  1063.62  }
{  -497.502  1063.62  6.63676e+10  }
Rotation matrix applied to molecule: 
{  0.999999  0.00114971  -0.000416152  }
{  -0.00230802  0.999996  -0.00177314  }
{  0.000414111  0.0017741  0.999998  }
Molecule radius: 171.043 Ang 
orientation time of molecule target: 0.800411 s
target mass: 5.43303e+06 amu
gas mass: 28.014 amu
reduce mass: 28.014 amu
charge state: -300 e
*********************************************************
Geometric Ellipsoid: 
*********************************************************
maximal distances: 162.188  160.956  171.043  Ang
Initial axis length: 213.295  212.063  222.151  Ang
Ellipsoid axis length: 221.755  220.523  230.611  Ang
ellipsoid calculation time: 0.00464892 s
maximal impact parameter: 230.611 Ang
*********************************************************
Linked-cell: 
Numbers of cells: 53391
Nx: 37 Ny: 37 Nz: 39
Filled cells: 7300
Empty cells: 46091
Average atoms per cell: 102.986
Maximum atoms per cell: 200
Minimum atoms per cell: 1
Simulation box: 
lx: 444.37 Ang
ly: 444.37 Ang
lz: 468.39 Ang
linked-cell calculation time: 0.133239 s
time info: 0.0178618 s
*********************************************************
Trajectory calculations 
*********************************************************
out target time: 232.321 s
Ntraj: 10000
Nfree: 565
Nscatter: 9432
Nlost: 3
omega: 114411
Ntraj: 10000
Nfree: 496
Nscatter: 9502
Nlost: 2
omega: 114891
Ntraj: 10000
Nfree: 538
Nscatter: 9456
Nlost: 6
omega: 115981
Ntraj: 10000
Nfree: 536
Nscatter: 9462
Nlost: 2
omega: 114574
Ntraj: 10000
Nfree: 580
Nscatter: 9415
Nlost: 5
omega: 116661
Ntraj: 10000
Nfree: 538
Nscatter: 9460
Nlost: 2
omega: 116174
Ntraj: 10000
Nfree: 525
Nscatter: 9475
Nlost: 0
omega: 114064
Ntraj: 10000
Nfree: 568
Nscatter: 9430
Nlost: 2
omega: 113326
Ntraj: 10000
Nfree: 535
Nscatter: 9465
Nlost: 0
omega: 114425
Ntraj: 10000
Nfree: 518
Nscatter: 9481
Nlost: 1
omega: 117691
*********************************************************
task: 0
worker id: 38816
time create lcl and mol: 0.025938 s
numbers of trajectories: 4167
time trajectory calculation: 41.51 s
task: 1
worker id: 67385
time create lcl and mol: 0.0258029 s
numbers of trajectories: 4167
time trajectory calculation: 23.2107 s
task: 2
worker id: 59407
time create lcl and mol: 0.026345 s
numbers of trajectories: 4167
time trajectory calculation: 89.6431 s
task: 3
worker id: 60894
time create lcl and mol: 0.0260949 s
numbers of trajectories: 4167
time trajectory calculation: 30.8806 s
task: 4
worker id: 77376
time create lcl and mol: 0.025687 s
numbers of trajectories: 4167
time trajectory calculation: 52.1075 s
task: 5
worker id: 59407
time create lcl and mol: 0.027339 s
numbers of trajectories: 4167
time trajectory calculation: 39.227 s
task: 6
worker id: 83858
time create lcl and mol: 0.0256269 s
numbers of trajectories: 4167
time trajectory calculation: 107.841 s
task: 7
worker id: 14200
time create lcl and mol: 0.0255039 s
numbers of trajectories: 4167
time trajectory calculation: 36.8102 s
task: 8
worker id: 17677
time create lcl and mol: 0.025377 s
numbers of trajectories: 4167
time trajectory calculation: 47.2764 s
task: 9
worker id: 38816
time create lcl and mol: 0.0263689 s
numbers of trajectories: 4167
time trajectory calculation: 27.1834 s
task: 10
worker id: 77376
time create lcl and mol: 0.0274239 s
numbers of trajectories: 4167
time trajectory calculation: 120.53 s
task: 11
worker id: 14200
time create lcl and mol: 0.0250111 s
numbers of trajectories: 4167
time trajectory calculation: 118.572 s
task: 12
worker id: 14200
time create lcl and mol: 0.0249949 s
numbers of trajectories: 4167
time trajectory calculation: 75.4838 s
task: 13
worker id: 67385
time create lcl and mol: 0.0268838 s
numbers of trajectories: 4167
time trajectory calculation: 94.3673 s
task: 14
worker id: 17677
time create lcl and mol: 0.0269208 s
numbers of trajectories: 4167
time trajectory calculation: 28.9457 s
task: 15
worker id: 17677
time create lcl and mol: 0.0247612 s
numbers of trajectories: 4167
time trajectory calculation: 58.0246 s
task: 16
worker id: 59407
time create lcl and mol: 0.0260069 s
numbers of trajectories: 4166
time trajectory calculation: 65.3329 s
task: 17
worker id: 38816
time create lcl and mol: 0.0262439 s
numbers of trajectories: 4166
time trajectory calculation: 60.9768 s
task: 18
worker id: 67385
time create lcl and mol: 0.025744 s
numbers of trajectories: 4166
time trajectory calculation: 114.498 s
task: 19
worker id: 77376
time create lcl and mol: 0.0253739 s
numbers of trajectories: 4166
time trajectory calculation: 23.285 s
task: 20
worker id: 17677
time create lcl and mol: 0.0249071 s
numbers of trajectories: 4166
time trajectory calculation: 28.8473 s
task: 21
worker id: 83858
time create lcl and mol: 0.025212 s
numbers of trajectories: 4166
time trajectory calculation: 28.4368 s
task: 22
worker id: 60894
time create lcl and mol: 0.026561 s
numbers of trajectories: 4166
time trajectory calculation: 123.346 s
task: 23
worker id: 60894
time create lcl and mol: 0.0264471 s
numbers of trajectories: 4166
time trajectory calculation: 25.3691 s
CCS time: 232.349 s
*********************************************************
average value of CCS = 115220 Ang^2
error value of CCS = 405.06 Ang^2
Total time: 233.292 s
Program finished...
*********************************************************
INPUT:: Simulation Parameters 
*********************************************************
target filename                  : 7w17.xyz
number of probe                  : 10000
number of iterarions             : 10
number of tasks                  : 24
number of threads                : 24
seed number                      : 2104
gas buffer                       : N2
Target Temperature (K)           : 298
timestep (fs)                    : 10
Skin cell size (Ang)             : 0.01
Equipotential                    : no
Cut short-range interaction      : yes
LJ cutoff (Ang)                  : 12
Apply long-range interaction     : yes
Cut long-range interaction       : yes
Coulomb cutoff (Ang)             : 25
Apply induced-dipole interaction : yes
alpha (Ang^3)                    : 1.71
force_type: 6
*********************************************************
Force Field parameters: 
*********************************************************
Symbol  mass (amu)  epislon (kcal/mol)  sigma(Angstroms) 
C   12.011   0.0824736   3.2255
N   14.007   0.0758527   3.5719
H   1.008   0.0362711   1.8986
O   15.999   0.062323   3.075
S   32.06   0.138032   3.4237
P   30.9738   0.145372   3.47
*********************************************************
MOLECULE:: orientation around the inertia principal axis 
*********************************************************
Inertia matrix a.u. Ang^2: 
{  6.63676e+10  1377.42  -497.502  }
{  1377.42  6.63676e+10  1063.62  }
{  -497.502  1063.62  6.63676e+10  }
Rotation matrix applied to molecule: 
{  0.999999  0.00114971  -0.000416152  }
{  -0.00230802  0.999996  -0.00177314  }
{  0.000414111  0.0017741  0.999998  }
Molecule radius: 171.043 Ang 
orientation time of molecule target: 0.799803 s
target mass: 5.43303e+06 amu
gas mass: 28.014 amu
reduce mass: 28.014 amu
charge state: -300 e
*********************************************************
Geometric Ellipsoid: 
*********************************************************
maximal distances: 162.188  160.956  171.043  Ang
Initial axis length: 213.295  212.063  222.151  Ang
Ellipsoid axis length: 221.755  220.523  230.611  Ang
ellipsoid calculation time: 0.00456619 s
maximal impact parameter: 230.611 Ang
*********************************************************
Linked-cell: 
Numbers of cells: 53391
Nx: 37 Ny: 37 Nz: 39
Filled cells: 7300
Empty cells: 46091
Average atoms per cell: 102.986
Maximum atoms per cell: 200
Minimum atoms per cell: 1
Simulation box: 
lx: 444.37 Ang
ly: 444.37 Ang
lz: 468.39 Ang
linked-cell calculation time: 0.133635 s
time info: 0.018594 s
*********************************************************
Trajectory calculations 
*********************************************************
out target time: 222.232 s
Ntraj: 10000
Nfree: 565
Nscatter: 9432
Nlost: 3
omega: 114411
Ntraj: 10000
Nfree: 496
Nscatter: 9502
Nlost: 2
omega: 114891
Ntraj: 10000
Nfree: 538
Nscatter: 9456
Nlost: 6
omega: 115981
Ntraj: 10000
Nfree: 536
Nscatter: 9462
Nlost: 2
omega: 114574
Ntraj: 10000
Nfree: 580
Nscatter: 9415
Nlost: 5
omega: 116661
Ntraj: 10000
Nfree: 538
Nscatter: 9460
Nlost: 2
omega: 116174
Ntraj: 10000
Nfree: 525
Nscatter: 9475
Nlost: 0
omega: 114064
Ntraj: 10000
Nfree: 568
Nscatter: 9430
Nlost: 2
omega: 113326
Ntraj: 10000
Nfree: 535
Nscatter: 9465
Nlost: 0
omega: 114425
Ntraj: 10000
Nfree: 518
Nscatter: 9481
Nlost: 1
omega: 117691
*********************************************************
task: 0
worker id: 21631
time create lcl and mol: 0.0256941 s
numbers of trajectories: 4167
time trajectory calculation: 41.7186 s
task: 1
worker id: 46236
time create lcl and mol: 0.026212 s
numbers of trajectories: 4167
time trajectory calculation: 23.2286 s
task: 2
worker id: 66836
time create lcl and mol: 0.0260851 s
numbers of trajectories: 4167
time trajectory calculation: 89.5604 s
task: 3
worker id: 68294
time create lcl and mol: 0.025203 s
numbers of trajectories: 4167
time trajectory calculation: 30.6218 s
task: 4
worker id: 91265
time create lcl and mol: 0.0257931 s
numbers of trajectories: 4167
time trajectory calculation: 51.7789 s
task: 5
worker id: 84794
time create lcl and mol: 0.0256541 s
numbers of trajectories: 4167
time trajectory calculation: 37.3141 s
task: 6
worker id: 25079
time create lcl and mol: 0.025908 s
numbers of trajectories: 4167
time trajectory calculation: 107.348 s
task: 7
worker id: 74795
time create lcl and mol: 0.025569 s
numbers of trajectories: 4167
time trajectory calculation: 36.0685 s
task: 8
worker id: 66836
time create lcl and mol: 0.025281 s
numbers of trajectories: 4167
time trajectory calculation: 48.2981 s
task: 9
worker id: 84794
time create lcl and mol: 0.027544 s
numbers of trajectories: 4167
time trajectory calculation: 26.7822 s
task: 10
worker id: 46236
time create lcl and mol: 0.0247571 s
numbers of trajectories: 4167
time trajectory calculation: 121.918 s
task: 11
worker id: 68294
time create lcl and mol: 0.0273402 s
numbers of trajectories: 4167
time trajectory calculation: 117.948 s
task: 12
worker id: 74795
time create lcl and mol: 0.025254 s
numbers of trajectories: 4167
time trajectory calculation: 75.8082 s
task: 13
worker id: 21631
time create lcl and mol: 0.0273011 s
numbers of trajectories: 4167
time trajectory calculation: 93.5025 s
task: 14
worker id: 84794
time create lcl and mol: 0.0257392 s
numbers of trajectories: 4167
time trajectory calculation: 29.3561 s
task: 15
worker id: 46236
time create lcl and mol: 0.0274382 s
numbers of trajectories: 4167
time trajectory calculation: 58.6277 s
task: 16
worker id: 74795
time create lcl and mol: 0.0255921 s
numbers of trajectories: 4166
time trajectory calculation: 65.8029 s
task: 17
worker id: 21631
time create lcl and mol: 0.0267401 s
numbers of trajectories: 4166
time trajectory calculation: 60.9199 s
task: 18
worker id: 91265
time create lcl and mol: 0.0263 s
numbers of trajectories: 4166
time trajectory calculation: 114.259 s
task: 19
worker id: 68294
time create lcl and mol: 0.0264311 s
numbers of trajectories: 4166
time trajectory calculation: 23.3446 s
task: 20
worker id: 25079
time create lcl and mol: 0.027648 s
numbers of trajectories: 4166
time trajectory calculation: 28.6163 s
task: 21
worker id: 91265
time create lcl and mol: 0.0266049 s
numbers of trajectories: 4166
time trajectory calculation: 28.6199 s
task: 22
worker id: 84794
time create lcl and mol: 0.0264821 s
numbers of trajectories: 4166
time trajectory calculation: 122.57 s
task: 23
worker id: 21631
time create lcl and mol: 0.027431 s
numbers of trajectories: 4166
time trajectory calculation: 25.806 s
CCS time: 222.261 s
*********************************************************
average value of CCS = 115220 Ang^2
error value of CCS = 405.06 Ang^2
Total time: 223.204 s
Program finished...
*********************************************************
INPUT:: Simulation Parameters 
*********************************************************
target filename                  : 7w17.xyz
number of probe                  : 10000
number of iterarions             : 10
number of tasks                  : 24
number of threads                : 24
seed number                      : 2104
gas buffer                       : N2
Target Temperature (K)           : 298
timestep (fs)                    : 10
Skin cell size (Ang)             : 0.01
Equipotential                    : no
Cut short-range interaction      : yes
LJ cutoff (Ang)                  : 12
Apply long-range interaction     : yes
Cut long-range interaction       : yes
Coulomb cutoff (Ang)             : 25
Apply induced-dipole interaction : yes
alpha (Ang^3)                    : 1.71
force_type: 6
*********************************************************
Force Field parameters: 
*********************************************************
Symbol  mass (amu)  epislon (kcal/mol)  sigma(Angstroms) 
C   12.011   0.0824736   3.2255
N   14.007   0.0758527   3.5719
H   1.008   0.0362711   1.8986
O   15.999   0.062323   3.075
S   32.06   0.138032   3.4237
P   30.9738   0.145372   3.47
*********************************************************
MOLECULE:: orientation around the inertia principal axis 
*********************************************************
Inertia matrix a.u. Ang^2: 
{  6.63676e+10  1377.42  -497.502  }
{  1377.42  6.63676e+10  1063.62  }
{  -497.502  1063.62  6.63676e+10  }
Rotation matrix applied to molecule: 
{  0.999999  0.00114971  -0.000416152  }
{  -0.00230802  0.999996  -0.00177314  }
{  0.000414111  0.0017741  0.999998  }
Molecule radius: 171.043 Ang 
orientation time of molecule target: 0.800708 s
target mass: 5.43303e+06 amu
gas mass: 28.014 amu
reduce mass: 28.014 amu
charge state: -300 e
*********************************************************
Geometric Ellipsoid: 
*********************************************************
maximal distances: 162.188  160.956  171.043  Ang
Initial axis length: 213.295  212.063  222.151  Ang
Ellipsoid axis length: 221.755  220.523  230.611  Ang
ellipsoid calculation time: 0.00465298 s
maximal impact parameter: 230.611 Ang
*********************************************************
Linked-cell: 
Numbers of cells: 53391
Nx: 37 Ny: 37 Nz: 39
Filled cells: 7300
Empty cells: 46091
Average atoms per cell: 102.986
Maximum atoms per cell: 200
Minimum atoms per cell: 1
Simulation box: 
lx: 444.37 Ang
ly: 444.37 Ang
lz: 468.39 Ang
linked-cell calculation time: 0.133569 s
time info: 0.0182409 s
*********************************************************
Trajectory calculations 
*********************************************************
out target time: 215.375 s
Ntraj: 10000
Nfree: 565
Nscatter: 9432
Nlost: 3
omega: 114411
Ntraj: 10000
Nfree: 496
Nscatter: 9502
Nlost: 2
omega: 114891
Ntraj: 10000
Nfree: 538
Nscatter: 9456
Nlost: 6
omega: 115981
Ntraj: 10000
Nfree: 536
Nscatter: 9462
Nlost: 2
omega: 114574
Ntraj: 10000
Nfree: 580
Nscatter: 9415
Nlost: 5
omega: 116661
Ntraj: 10000
Nfree: 538
Nscatter: 9460
Nlost: 2
omega: 116174
Ntraj: 10000
Nfree: 525
Nscatter: 9475
Nlost: 0
omega: 114064
Ntraj: 10000
Nfree: 568
Nscatter: 9430
Nlost: 2
omega: 113326
Ntraj: 10000
Nfree: 535
Nscatter: 9465
Nlost: 0
omega: 114425
Ntraj: 10000
Nfree: 518
Nscatter: 9481
Nlost: 1
omega: 117691
*********************************************************
task: 0
worker id: 92255
time create lcl and mol: 0.0259321 s
numbers of trajectories: 4167
time trajectory calculation: 41.6434 s
task: 1
worker id: 75754
time create lcl and mol: 0.0258601 s
numbers of trajectories: 4167
time trajectory calculation: 23.6555 s
task: 2
worker id: 974
time create lcl and mol: 0.0256481 s
numbers of trajectories: 4167
time trajectory calculation: 88.6068 s
task: 3
worker id: 82246
time create lcl and mol: 0.025738 s
numbers of trajectories: 4167
time trajectory calculation: 30.5716 s
task: 4
worker id: 75754
time create lcl and mol: 0.0246499 s
numbers of trajectories: 4167
time trajectory calculation: 52.6932 s
task: 5
worker id: 32542
time create lcl and mol: 0.027179 s
numbers of trajectories: 4167
time trajectory calculation: 39.0677 s
task: 6
worker id: 74301
time create lcl and mol: 0.0259569 s
numbers of trajectories: 4167
time trajectory calculation: 106.984 s
task: 7
worker id: 75754
time create lcl and mol: 0.0253339 s
numbers of trajectories: 4167
time trajectory calculation: 34.657 s
task: 8
worker id: 29078
time create lcl and mol: 0.0260482 s
numbers of trajectories: 4167
time trajectory calculation: 47.8059 s
task: 9
worker id: 53683
time create lcl and mol: 0.027632 s
numbers of trajectories: 4167
time trajectory calculation: 25.9693 s
task: 10
worker id: 974
time create lcl and mol: 0.0268211 s
numbers of trajectories: 4167
time trajectory calculation: 120.566 s
task: 11
worker id: 82246
time create lcl and mol: 0.0256569 s
numbers of trajectories: 4167
time trajectory calculation: 117.022 s
task: 12
worker id: 29078
time create lcl and mol: 0.0265071 s
numbers of trajectories: 4167
time trajectory calculation: 74.5583 s
task: 13
worker id: 92255
time create lcl and mol: 0.0256732 s
numbers of trajectories: 4167
time trajectory calculation: 94.4344 s
task: 14
worker id: 75754
time create lcl and mol: 0.0256989 s
numbers of trajectories: 4167
time trajectory calculation: 29.6469 s
task: 15
worker id: 92255
time create lcl and mol: 0.0272288 s
numbers of trajectories: 4167
time trajectory calculation: 57.6925 s
task: 16
worker id: 29078
time create lcl and mol: 0.0242069 s
numbers of trajectories: 4166
time trajectory calculation: 64.6419 s
task: 17
worker id: 74301
time create lcl and mol: 0.025598 s
numbers of trajectories: 4166
time trajectory calculation: 61.0024 s
task: 18
worker id: 32542
time create lcl and mol: 0.0274599 s
numbers of trajectories: 4166
time trajectory calculation: 114.49 s
task: 19
worker id: 53683
time create lcl and mol: 0.025733 s
numbers of trajectories: 4166
time trajectory calculation: 22.6678 s
task: 20
worker id: 32542
time create lcl and mol: 0.0256951 s
numbers of trajectories: 4166
time trajectory calculation: 28.1322 s
task: 21
worker id: 29078
time create lcl and mol: 0.0256109 s
numbers of trajectories: 4166
time trajectory calculation: 28.0813 s
task: 22
worker id: 53683
time create lcl and mol: 0.0274379 s
numbers of trajectories: 4166
time trajectory calculation: 121.948 s
task: 23
worker id: 75754
time create lcl and mol: 0.027477 s
numbers of trajectories: 4166
time trajectory calculation: 25.427 s
CCS time: 215.403 s
*********************************************************
average value of CCS = 115220 Ang^2
error value of CCS = 405.06 Ang^2
Total time: 216.347 s
Program finished...
*********************************************************
INPUT:: Simulation Parameters 
*********************************************************
target filename                  : 7w17.xyz
number of probe                  : 10000
number of iterarions             : 10
number of tasks                  : 24
number of threads                : 24
seed number                      : 2104
gas buffer                       : N2
Target Temperature (K)           : 298
timestep (fs)                    : 10
Skin cell size (Ang)             : 0.01
Equipotential                    : no
Cut short-range interaction      : yes
LJ cutoff (Ang)                  : 12
Apply long-range interaction     : yes
Cut long-range interaction       : yes
Coulomb cutoff (Ang)             : 25
Apply induced-dipole interaction : yes
alpha (Ang^3)                    : 1.71
force_type: 6
*********************************************************
Force Field parameters: 
*********************************************************
Symbol  mass (amu)  epislon (kcal/mol)  sigma(Angstroms) 
C   12.011   0.0824736   3.2255
N   14.007   0.0758527   3.5719
H   1.008   0.0362711   1.8986
O   15.999   0.062323   3.075
S   32.06   0.138032   3.4237
P   30.9738   0.145372   3.47
*********************************************************
MOLECULE:: orientation around the inertia principal axis 
*********************************************************
Inertia matrix a.u. Ang^2: 
{  6.63676e+10  1377.42  -497.502  }
{  1377.42  6.63676e+10  1063.62  }
{  -497.502  1063.62  6.63676e+10  }
Rotation matrix applied to molecule: 
{  0.999999  0.00114971  -0.000416152  }
{  -0.00230802  0.999996  -0.00177314  }
{  0.000414111  0.0017741  0.999998  }
Molecule radius: 171.043 Ang 
orientation time of molecule target: 3.22175 s
target mass: 5.43303e+06 amu
gas mass: 28.014 amu
reduce mass: 28.014 amu
charge state: -300 e
*********************************************************
Geometric Ellipsoid: 
*********************************************************
maximal distances: 162.188  160.956  171.043  Ang
Initial axis length: 213.295  212.063  222.151  Ang
Ellipsoid axis length: 221.755  220.523  230.611  Ang
ellipsoid calculation time: 0.00464916 s
maximal impact parameter: 230.611 Ang
*********************************************************
Linked-cell: 
Numbers of cells: 53391
Nx: 37 Ny: 37 Nz: 39
Filled cells: 7300
Empty cells: 46091
Average atoms per cell: 102.986
Maximum atoms per cell: 200
Minimum atoms per cell: 1
Simulation box: 
lx: 444.37 Ang
ly: 444.37 Ang
lz: 468.39 Ang
linked-cell calculation time: 0.131732 s
time info: 0.0179811 s
*********************************************************
Trajectory calculations 
*********************************************************
out target time: 209.101 s
Ntraj: 10000
Nfree: 565
Nscatter: 9432
Nlost: 3
omega: 114411
Ntraj: 10000
Nfree: 496
Nscatter: 9502
Nlost: 2
omega: 114891
Ntraj: 10000
Nfree: 538
Nscatter: 9456
Nlost: 6
omega: 115981
Ntraj: 10000
Nfree: 536
Nscatter: 9462
Nlost: 2
omega: 114574
Ntraj: 10000
Nfree: 580
Nscatter: 9415
Nlost: 5
omega: 116661
Ntraj: 10000
Nfree: 538
Nscatter: 9460
Nlost: 2
omega: 116174
Ntraj: 10000
Nfree: 525
Nscatter: 9475
Nlost: 0
omega: 114064
Ntraj: 10000
Nfree: 568
Nscatter: 9430
Nlost: 2
omega: 113326
Ntraj: 10000
Nfree: 535
Nscatter: 9465
Nlost: 0
omega: 114425
Ntraj: 10000
Nfree: 518
Nscatter: 9481
Nlost: 1
omega: 117691
*********************************************************
task: 0
worker id: 85034
time create lcl and mol: 0.0251999 s
numbers of trajectories: 4167
time trajectory calculation: 41.3697 s
task: 1
worker id: 5339
time create lcl and mol: 0.025821 s
numbers of trajectories: 4167
time trajectory calculation: 22.7685 s
task: 2
worker id: 85562
time create lcl and mol: 0.0257449 s
numbers of trajectories: 4167
time trajectory calculation: 86.519 s
task: 3
worker id: 84759
time create lcl and mol: 0.025774 s
numbers of trajectories: 4167
time trajectory calculation: 30.4381 s
task: 4
worker id: 84759
time create lcl and mol: 0.0273249 s
numbers of trajectories: 4167
time trajectory calculation: 52.1913 s
task: 5
worker id: 83901
time create lcl and mol: 0.025805 s
numbers of trajectories: 4167
time trajectory calculation: 38.083 s
task: 6
worker id: 83173
time create lcl and mol: 0.0257599 s
numbers of trajectories: 4167
time trajectory calculation: 106.488 s
task: 7
worker id: 85193
time create lcl and mol: 0.0256438 s
numbers of trajectories: 4167
time trajectory calculation: 35.8909 s
task: 8
worker id: 84243
time create lcl and mol: 0.0270119 s
numbers of trajectories: 4167
time trajectory calculation: 46.4322 s
task: 9
worker id: 85193
time create lcl and mol: 0.025687 s
numbers of trajectories: 4167
time trajectory calculation: 26.9846 s
task: 10
worker id: 5339
time create lcl and mol: 0.0264471 s
numbers of trajectories: 4167
time trajectory calculation: 120.865 s
task: 11
worker id: 84243
time create lcl and mol: 0.026468 s
numbers of trajectories: 4167
time trajectory calculation: 119.745 s
task: 12
worker id: 83901
time create lcl and mol: 0.0273871 s
numbers of trajectories: 4167
time trajectory calculation: 75.315 s
task: 13
worker id: 85562
time create lcl and mol: 0.026134 s
numbers of trajectories: 4167
time trajectory calculation: 93.2788 s
task: 14
worker id: 83901
time create lcl and mol: 0.0270319 s
numbers of trajectories: 4167
time trajectory calculation: 29.1426 s
task: 15
worker id: 83173
time create lcl and mol: 0.0267501 s
numbers of trajectories: 4167
time trajectory calculation: 57.5103 s
task: 16
worker id: 5339
time create lcl and mol: 0.027442 s
numbers of trajectories: 4166
time trajectory calculation: 65.2498 s
task: 17
worker id: 84759
time create lcl and mol: 0.02667 s
numbers of trajectories: 4166
time trajectory calculation: 60.3495 s
task: 18
worker id: 85193
time create lcl and mol: 0.0250368 s
numbers of trajectories: 4166
time trajectory calculation: 114.081 s
task: 19
worker id: 85193
time create lcl and mol: 0.0257301 s
numbers of trajectories: 4166
time trajectory calculation: 23.2019 s
task: 20
worker id: 84243
time create lcl and mol: 0.0263371 s
numbers of trajectories: 4166
time trajectory calculation: 28.1137 s
task: 21
worker id: 83901
time create lcl and mol: 0.025192 s
numbers of trajectories: 4166
time trajectory calculation: 28.5685 s
task: 22
worker id: 85034
time create lcl and mol: 0.0260029 s
numbers of trajectories: 4166
time trajectory calculation: 121.911 s
task: 23
worker id: 83173
time create lcl and mol: 0.0249801 s
numbers of trajectories: 4166
time trajectory calculation: 25.2372 s
CCS time: 209.129 s
*********************************************************
average value of CCS = 115220 Ang^2
error value of CCS = 405.06 Ang^2
Total time: 212.493 s
Program finished...
*********************************************************
INPUT:: Simulation Parameters 
*********************************************************
target filename                  : 7w17.xyz
number of probe                  : 10000
number of iterarions             : 10
number of tasks                  : 24
number of threads                : 24
seed number                      : 2104
gas buffer                       : N2
Target Temperature (K)           : 298
timestep (fs)                    : 10
Skin cell size (Ang)             : 0.01
Equipotential                    : no
Cut short-range interaction      : yes
LJ cutoff (Ang)                  : 12
Apply long-range interaction     : yes
Cut long-range interaction       : yes
Coulomb cutoff (Ang)             : 25
Apply induced-dipole interaction : yes
alpha (Ang^3)                    : 1.71
force_type: 6
*********************************************************
Force Field parameters: 
*********************************************************
Symbol  mass (amu)  epislon (kcal/mol)  sigma(Angstroms) 
C   12.011   0.0824736   3.2255
N   14.007   0.0758527   3.5719
H   1.008   0.0362711   1.8986
O   15.999   0.062323   3.075
S   32.06   0.138032   3.4237
P   30.9738   0.145372   3.47
*********************************************************
MOLECULE:: orientation around the inertia principal axis 
*********************************************************
Inertia matrix a.u. Ang^2: 
{  6.63676e+10  1377.42  -497.502  }
{  1377.42  6.63676e+10  1063.62  }
{  -497.502  1063.62  6.63676e+10  }
Rotation matrix applied to molecule: 
{  0.999999  0.00114971  -0.000416152  }
{  -0.00230802  0.999996  -0.00177314  }
{  0.000414111  0.0017741  0.999998  }
Molecule radius: 171.043 Ang 
orientation time of molecule target: 0.845222 s
target mass: 5.43303e+06 amu
gas mass: 28.014 amu
reduce mass: 28.014 amu
charge state: -300 e
*********************************************************
Geometric Ellipsoid: 
*********************************************************
maximal distances: 162.188  160.956  171.043  Ang
Initial axis length: 213.295  212.063  222.151  Ang
Ellipsoid axis length: 221.755  220.523  230.611  Ang
ellipsoid calculation time: 0.00465417 s
maximal impact parameter: 230.611 Ang
*********************************************************
Linked-cell: 
Numbers of cells: 53391
Nx: 37 Ny: 37 Nz: 39
Filled cells: 7300
Empty cells: 46091
Average atoms per cell: 102.986
Maximum atoms per cell: 200
Minimum atoms per cell: 1
Simulation box: 
lx: 444.37 Ang
ly: 444.37 Ang
lz: 468.39 Ang
linked-cell calculation time: 0.133286 s
time info: 0.0172501 s
*********************************************************
Trajectory calculations 
*********************************************************
out target time: 234.062 s
Ntraj: 10000
Nfree: 565
Nscatter: 9432
Nlost: 3
omega: 114411
Ntraj: 10000
Nfree: 496
Nscatter: 9502
Nlost: 2
omega: 114891
Ntraj: 10000
Nfree: 538
Nscatter: 9456
Nlost: 6
omega: 115981
Ntraj: 10000
Nfree: 536
Nscatter: 9462
Nlost: 2
omega: 114574
Ntraj: 10000
Nfree: 580
Nscatter: 9415
Nlost: 5
omega: 116661
Ntraj: 10000
Nfree: 538
Nscatter: 9460
Nlost: 2
omega: 116174
Ntraj: 10000
Nfree: 525
Nscatter: 9475
Nlost: 0
omega: 114064
Ntraj: 10000
Nfree: 568
Nscatter: 9430
Nlost: 2
omega: 113326
Ntraj: 10000
Nfree: 535
Nscatter: 9465
Nlost: 0
omega: 114425
Ntraj: 10000
Nfree: 518
Nscatter: 9481
Nlost: 1
omega: 117691
*********************************************************
task: 0
worker id: 92345
time create lcl and mol: 0.0260589 s
numbers of trajectories: 4167
time trajectory calculation: 41.3383 s
task: 1
worker id: 91976
time create lcl and mol: 0.0271931 s
numbers of trajectories: 4167
time trajectory calculation: 23.7471 s
task: 2
worker id: 12137
time create lcl and mol: 0.032433 s
numbers of trajectories: 4167
time trajectory calculation: 91.1243 s
task: 3
worker id: 91540
time create lcl and mol: 0.0261672 s
numbers of trajectories: 4167
time trajectory calculation: 30.9261 s
task: 4
worker id: 91976
time create lcl and mol: 0.026515 s
numbers of trajectories: 4167
time trajectory calculation: 51.6546 s
task: 5
worker id: 89955
time create lcl and mol: 0.0254128 s
numbers of trajectories: 4167
time trajectory calculation: 38.3055 s
task: 6
worker id: 91540
time create lcl and mol: 0.025826 s
numbers of trajectories: 4167
time trajectory calculation: 110.531 s
task: 7
worker id: 91022
time create lcl and mol: 0.0274739 s
numbers of trajectories: 4167
time trajectory calculation: 36.5223 s
task: 8
worker id: 90687
time create lcl and mol: 0.0254309 s
numbers of trajectories: 4167
time trajectory calculation: 47.1404 s
task: 9
worker id: 12137
time create lcl and mol: 0.026269 s
numbers of trajectories: 4167
time trajectory calculation: 26.3885 s
task: 10
worker id: 92345
time create lcl and mol: 0.0256588 s
numbers of trajectories: 4167
time trajectory calculation: 120.164 s
task: 11
worker id: 90687
time create lcl and mol: 0.026634 s
numbers of trajectories: 4167
time trajectory calculation: 118.93 s
task: 12
worker id: 12137
time create lcl and mol: 0.0250821 s
numbers of trajectories: 4167
time trajectory calculation: 74.5571 s
task: 13
worker id: 91540
time create lcl and mol: 0.02637 s
numbers of trajectories: 4167
time trajectory calculation: 92.3806 s
task: 14
worker id: 12137
time create lcl and mol: 0.0256431 s
numbers of trajectories: 4167
time trajectory calculation: 28.4691 s
task: 15
worker id: 89955
time create lcl and mol: 0.0257862 s
numbers of trajectories: 4167
time trajectory calculation: 58.323 s
task: 16
worker id: 89955
time create lcl and mol: 0.0265081 s
numbers of trajectories: 4166
time trajectory calculation: 67.1618 s
task: 17
worker id: 91976
time create lcl and mol: 0.0278349 s
numbers of trajectories: 4166
time trajectory calculation: 60.4697 s
task: 18
worker id: 91818
time create lcl and mol: 0.027585 s
numbers of trajectories: 4166
time trajectory calculation: 115.079 s
task: 19
worker id: 91022
time create lcl and mol: 0.0288708 s
numbers of trajectories: 4166
time trajectory calculation: 23.3451 s
task: 20
worker id: 91976
time create lcl and mol: 0.026525 s
numbers of trajectories: 4166
time trajectory calculation: 28.488 s
task: 21
worker id: 91818
time create lcl and mol: 0.026315 s
numbers of trajectories: 4166
time trajectory calculation: 27.9689 s
task: 22
worker id: 91022
time create lcl and mol: 0.02618 s
numbers of trajectories: 4166
time trajectory calculation: 119.449 s
task: 23
worker id: 91976
time create lcl and mol: 0.0276721 s
numbers of trajectories: 4166
time trajectory calculation: 25.9605 s
CCS time: 234.089 s
*********************************************************
average value of CCS = 115220 Ang^2
error value of CCS = 405.06 Ang^2
Total time: 235.077 s
Program finished...
*********************************************************
INPUT:: Simulation Parameters 
*********************************************************
target filename                  : 7w17.xyz
number of probe                  : 10000
number of iterarions             : 10
number of tasks                  : 24
number of threads                : 24
seed number                      : 2104
gas buffer                       : N2
Target Temperature (K)           : 298
timestep (fs)                    : 10
Skin cell size (Ang)             : 0.01
Equipotential                    : no
Cut short-range interaction      : yes
LJ cutoff (Ang)                  : 12
Apply long-range interaction     : yes
Cut long-range interaction       : yes
Coulomb cutoff (Ang)             : 25
Apply induced-dipole interaction : yes
alpha (Ang^3)                    : 1.71
force_type: 6
*********************************************************
Force Field parameters: 
*********************************************************
Symbol  mass (amu)  epislon (kcal/mol)  sigma(Angstroms) 
C   12.011   0.0824736   3.2255
N   14.007   0.0758527   3.5719
H   1.008   0.0362711   1.8986
O   15.999   0.062323   3.075
S   32.06   0.138032   3.4237
P   30.9738   0.145372   3.47
*********************************************************
MOLECULE:: orientation around the inertia principal axis 
*********************************************************
Inertia matrix a.u. Ang^2: 
{  6.63676e+10  1377.42  -497.502  }
{  1377.42  6.63676e+10  1063.62  }
{  -497.502  1063.62  6.63676e+10  }
Rotation matrix applied to molecule: 
{  0.999999  0.00114971  -0.000416152  }
{  -0.00230802  0.999996  -0.00177314  }
{  0.000414111  0.0017741  0.999998  }
Molecule radius: 171.043 Ang 
orientation time of molecule target: 0.798512 s
target mass: 5.43303e+06 amu
gas mass: 28.014 amu
reduce mass: 28.014 amu
charge state: -300 e
*********************************************************
Geometric Ellipsoid: 
*********************************************************
maximal distances: 162.188  160.956  171.043  Ang
Initial axis length: 213.295  212.063  222.151  Ang
Ellipsoid axis length: 221.755  220.523  230.611  Ang
ellipsoid calculation time: 0.00464797 s
maximal impact parameter: 230.611 Ang
*********************************************************
Linked-cell: 
Numbers of cells: 53391
Nx: 37 Ny: 37 Nz: 39
Filled cells: 7300
Empty cells: 46091
Average atoms per cell: 102.986
Maximum atoms per cell: 200
Minimum atoms per cell: 1
Simulation box: 
lx: 444.37 Ang
ly: 444.37 Ang
lz: 468.39 Ang
linked-cell calculation time: 0.133458 s
time info: 0.018034 s
*********************************************************
Trajectory calculations 
*********************************************************
out target time: 231.249 s
Ntraj: 10000
Nfree: 565
Nscatter: 9432
Nlost: 3
omega: 114411
Ntraj: 10000
Nfree: 496
Nscatter: 9502
Nlost: 2
omega: 114891
Ntraj: 10000
Nfree: 538
Nscatter: 9456
Nlost: 6
omega: 115981
Ntraj: 10000
Nfree: 536
Nscatter: 9462
Nlost: 2
omega: 114574
Ntraj: 10000
Nfree: 580
Nscatter: 9415
Nlost: 5
omega: 116661
Ntraj: 10000
Nfree: 538
Nscatter: 9460
Nlost: 2
omega: 116174
Ntraj: 10000
Nfree: 525
Nscatter: 9475
Nlost: 0
omega: 114064
Ntraj: 10000
Nfree: 568
Nscatter: 9430
Nlost: 2
omega: 113326
Ntraj: 10000
Nfree: 535
Nscatter: 9465
Nlost: 0
omega: 114425
Ntraj: 10000
Nfree: 518
Nscatter: 9481
Nlost: 1
omega: 117691
*********************************************************
task: 0
worker id: 598
time create lcl and mol: 0.0269601 s
numbers of trajectories: 4167
time trajectory calculation: 41.5947 s
task: 1
worker id: 19854
time create lcl and mol: 0.0268099 s
numbers of trajectories: 4167
time trajectory calculation: 22.8486 s
task: 2
worker id: 981
time create lcl and mol: 0.0258601 s
numbers of trajectories: 4167
time trajectory calculation: 89.2717 s
task: 3
worker id: 1802
time create lcl and mol: 0.026094 s
numbers of trajectories: 4167
time trajectory calculation: 30.4206 s
task: 4
worker id: 97650
time create lcl and mol: 0.0270979 s
numbers of trajectories: 4167
time trajectory calculation: 52.2624 s
task: 5
worker id: 97650
time create lcl and mol: 0.0264201 s
numbers of trajectories: 4167
time trajectory calculation: 39.6856 s
task: 6
worker id: 19854
time create lcl and mol: 0.0267892 s
numbers of trajectories: 4167
time trajectory calculation: 110.329 s
task: 7
worker id: 97650
time create lcl and mol: 0.025511 s
numbers of trajectories: 4167
time trajectory calculation: 36.4377 s
task: 8
worker id: 2367
time create lcl and mol: 0.0258341 s
numbers of trajectories: 4167
time trajectory calculation: 46.6882 s
task: 9
worker id: 1510
time create lcl and mol: 0.0258079 s
numbers of trajectories: 4167
time trajectory calculation: 26.6598 s
task: 10
worker id: 1969
time create lcl and mol: 0.0275378 s
numbers of trajectories: 4167
time trajectory calculation: 119.649 s
task: 11
worker id: 2367
time create lcl and mol: 0.025743 s
numbers of trajectories: 4167
time trajectory calculation: 119.62 s
task: 12
worker id: 598
time create lcl and mol: 0.0265551 s
numbers of trajectories: 4167
time trajectory calculation: 75.0765 s
task: 13
worker id: 981
time create lcl and mol: 0.025712 s
numbers of trajectories: 4167
time trajectory calculation: 91.2012 s
task: 14
worker id: 19854
time create lcl and mol: 0.0267971 s
numbers of trajectories: 4167
time trajectory calculation: 28.7825 s
task: 15
worker id: 1510
time create lcl and mol: 0.0264189 s
numbers of trajectories: 4167
time trajectory calculation: 56.987 s
task: 16
worker id: 19854
time create lcl and mol: 0.0260689 s
numbers of trajectories: 4166
time trajectory calculation: 66.8043 s
task: 17
worker id: 1510
time create lcl and mol: 0.025491 s
numbers of trajectories: 4166
time trajectory calculation: 60.1318 s
task: 18
worker id: 1969
time create lcl and mol: 0.0260589 s
numbers of trajectories: 4166
time trajectory calculation: 111.428 s
task: 19
worker id: 598
time create lcl and mol: 0.027045 s
numbers of trajectories: 4166
time trajectory calculation: 22.4009 s
task: 20
worker id: 981
time create lcl and mol: 0.025701 s
numbers of trajectories: 4166
time trajectory calculation: 27.4233 s
task: 21
worker id: 2367
time create lcl and mol: 0.0253339 s
numbers of trajectories: 4166
time trajectory calculation: 28.82 s
task: 22
worker id: 1802
time create lcl and mol: 0.0264399 s
numbers of trajectories: 4166
time trajectory calculation: 121.648 s
task: 23
worker id: 598
time create lcl and mol: 0.025708 s
numbers of trajectories: 4166
time trajectory calculation: 25.1784 s
CCS time: 231.277 s
*********************************************************
average value of CCS = 115220 Ang^2
error value of CCS = 405.06 Ang^2
Total time: 232.219 s
Program finished...
*********************************************************
INPUT:: Simulation Parameters 
*********************************************************
target filename                  : 7w17.xyz
number of probe                  : 10000
number of iterarions             : 10
number of tasks                  : 24
number of threads                : 24
seed number                      : 2104
gas buffer                       : N2
Target Temperature (K)           : 298
timestep (fs)                    : 10
Skin cell size (Ang)             : 0.01
Equipotential                    : no
Cut short-range interaction      : yes
LJ cutoff (Ang)                  : 12
Apply long-range interaction     : yes
Cut long-range interaction       : yes
Coulomb cutoff (Ang)             : 25
Apply induced-dipole interaction : yes
alpha (Ang^3)                    : 1.71
force_type: 6
*********************************************************
Force Field parameters: 
*********************************************************
Symbol  mass (amu)  epislon (kcal/mol)  sigma(Angstroms) 
C   12.011   0.0824736   3.2255
N   14.007   0.0758527   3.5719
H   1.008   0.0362711   1.8986
O   15.999   0.062323   3.075
S   32.06   0.138032   3.4237
P   30.9738   0.145372   3.47
*********************************************************
MOLECULE:: orientation around the inertia principal axis 
*********************************************************
Inertia matrix a.u. Ang^2: 
{  6.63676e+10  1377.42  -497.502  }
{  1377.42  6.63676e+10  1063.62  }
{  -497.502  1063.62  6.63676e+10  }
Rotation matrix applied to molecule: 
{  0.999999  0.00114971  -0.000416152  }
{  -0.00230802  0.999996  -0.00177314  }
{  0.000414111  0.0017741  0.999998  }
Molecule radius: 171.043 Ang 
orientation time of molecule target: 0.800938 s
target mass: 5.43303e+06 amu
gas mass: 28.014 amu
reduce mass: 28.014 amu
charge state: -300 e
*********************************************************
Geometric Ellipsoid: 
*********************************************************
maximal distances: 162.188  160.956  171.043  Ang
Initial axis length: 213.295  212.063  222.151  Ang
Ellipsoid axis length: 221.755  220.523  230.611  Ang
ellipsoid calculation time: 0.00464702 s
maximal impact parameter: 230.611 Ang
*********************************************************
Linked-cell: 
Numbers of cells: 53391
Nx: 37 Ny: 37 Nz: 39
Filled cells: 7300
Empty cells: 46091
Average atoms per cell: 102.986
Maximum atoms per cell: 200
Minimum atoms per cell: 1
Simulation box: 
lx: 444.37 Ang
ly: 444.37 Ang
lz: 468.39 Ang
linked-cell calculation time: 0.13207 s
time info: 0.0168099 s
*********************************************************
Trajectory calculations 
*********************************************************
out target time: 236.046 s
Ntraj: 10000
Nfree: 565
Nscatter: 9432
Nlost: 3
omega: 114411
Ntraj: 10000
Nfree: 496
Nscatter: 9502
Nlost: 2
omega: 114891
Ntraj: 10000
Nfree: 538
Nscatter: 9456
Nlost: 6
omega: 115981
Ntraj: 10000
Nfree: 536
Nscatter: 9462
Nlost: 2
omega: 114574
Ntraj: 10000
Nfree: 580
Nscatter: 9415
Nlost: 5
omega: 116661
Ntraj: 10000
Nfree: 538
Nscatter: 9460
Nlost: 2
omega: 116174
Ntraj: 10000
Nfree: 525
Nscatter: 9475
Nlost: 0
omega: 114064
Ntraj: 10000
Nfree: 568
Nscatter: 9430
Nlost: 2
omega: 113326
Ntraj: 10000
Nfree: 535
Nscatter: 9465
Nlost: 0
omega: 114425
Ntraj: 10000
Nfree: 518
Nscatter: 9481
Nlost: 1
omega: 117691
*********************************************************
task: 0
worker id: 9129
time create lcl and mol: 0.026361 s
numbers of trajectories: 4167
time trajectory calculation: 42.9609 s
task: 1
worker id: 8275
time create lcl and mol: 0.0258081 s
numbers of trajectories: 4167
time trajectory calculation: 23.1818 s
task: 2
worker id: 9409
time create lcl and mol: 0.025768 s
numbers of trajectories: 4167
time trajectory calculation: 88.7702 s
task: 3
worker id: 7537
time create lcl and mol: 0.0257339 s
numbers of trajectories: 4167
time trajectory calculation: 30.5495 s
task: 4
worker id: 9575
time create lcl and mol: 0.025233 s
numbers of trajectories: 4167
time trajectory calculation: 52.2229 s
task: 5
worker id: 9129
time create lcl and mol: 0.0257409 s
numbers of trajectories: 4167
time trajectory calculation: 37.8014 s
task: 6
worker id: 27293
time create lcl and mol: 0.025955 s
numbers of trajectories: 4167
time trajectory calculation: 106.394 s
task: 7
worker id: 27293
time create lcl and mol: 0.026906 s
numbers of trajectories: 4167
time trajectory calculation: 37.5679 s
task: 8
worker id: 9933
time create lcl and mol: 0.0275009 s
numbers of trajectories: 4167
time trajectory calculation: 48.3156 s
task: 9
worker id: 8602
time create lcl and mol: 0.0248489 s
numbers of trajectories: 4167
time trajectory calculation: 26.3873 s
task: 10
worker id: 7537
time create lcl and mol: 0.0270579 s
numbers of trajectories: 4167
time trajectory calculation: 119.637 s
task: 11
worker id: 8275
time create lcl and mol: 0.0268941 s
numbers of trajectories: 4167
time trajectory calculation: 118.861 s
task: 12
worker id: 9409
time create lcl and mol: 0.0257709 s
numbers of trajectories: 4167
time trajectory calculation: 75.0126 s
task: 13
worker id: 8275
time create lcl and mol: 0.0271261 s
numbers of trajectories: 4167
time trajectory calculation: 93.7777 s
task: 14
worker id: 9409
time create lcl and mol: 0.0269651 s
numbers of trajectories: 4167
time trajectory calculation: 29.193 s
task: 15
worker id: 9933
time create lcl and mol: 0.0267961 s
numbers of trajectories: 4167
time trajectory calculation: 57.942 s
task: 16
worker id: 9129
time create lcl and mol: 0.024756 s
numbers of trajectories: 4166
time trajectory calculation: 66.6555 s
task: 17
worker id: 9933
time create lcl and mol: 0.0253808 s
numbers of trajectories: 4166
time trajectory calculation: 60.4272 s
task: 18
worker id: 9575
time create lcl and mol: 0.0267661 s
numbers of trajectories: 4166
time trajectory calculation: 114.769 s
task: 19
worker id: 9575
time create lcl and mol: 0.0264819 s
numbers of trajectories: 4166
time trajectory calculation: 23.342 s
task: 20
worker id: 9129
time create lcl and mol: 0.0271199 s
numbers of trajectories: 4166
time trajectory calculation: 28.7662 s
task: 21
worker id: 9933
time create lcl and mol: 0.0256319 s
numbers of trajectories: 4166
time trajectory calculation: 28.2157 s
task: 22
worker id: 8602
time create lcl and mol: 0.0254731 s
numbers of trajectories: 4166
time trajectory calculation: 120.786 s
task: 23
worker id: 27293
time create lcl and mol: 0.0258329 s
numbers of trajectories: 4166
time trajectory calculation: 25.8467 s
CCS time: 236.073 s
*********************************************************
average value of CCS = 115220 Ang^2
error value of CCS = 405.06 Ang^2
Total time: 237.015 s
Program finished...
*********************************************************
INPUT:: Simulation Parameters 
*********************************************************
target filename                  : 7w17.xyz
number of probe                  : 10000
number of iterarions             : 10
number of tasks                  : 24
number of threads                : 24
seed number                      : 2104
gas buffer                       : N2
Target Temperature (K)           : 298
timestep (fs)                    : 10
Skin cell size (Ang)             : 0.01
Equipotential                    : no
Cut short-range interaction      : yes
LJ cutoff (Ang)                  : 12
Apply long-range interaction     : yes
Cut long-range interaction       : yes
Coulomb cutoff (Ang)             : 25
Apply induced-dipole interaction : yes
alpha (Ang^3)                    : 1.71
force_type: 6
*********************************************************
Force Field parameters: 
*********************************************************
Symbol  mass (amu)  epislon (kcal/mol)  sigma(Angstroms) 
C   12.011   0.0824736   3.2255
N   14.007   0.0758527   3.5719
H   1.008   0.0362711   1.8986
O   15.999   0.062323   3.075
S   32.06   0.138032   3.4237
P   30.9738   0.145372   3.47
*********************************************************
MOLECULE:: orientation around the inertia principal axis 
*********************************************************
Inertia matrix a.u. Ang^2: 
{  6.63676e+10  1377.42  -497.502  }
{  1377.42  6.63676e+10  1063.62  }
{  -497.502  1063.62  6.63676e+10  }
Rotation matrix applied to molecule: 
{  0.999999  0.00114971  -0.000416152  }
{  -0.00230802  0.999996  -0.00177314  }
{  0.000414111  0.0017741  0.999998  }
Molecule radius: 171.043 Ang 
orientation time of molecule target: 0.800026 s
target mass: 5.43303e+06 amu
gas mass: 28.014 amu
reduce mass: 28.014 amu
charge state: -300 e
*********************************************************
Geometric Ellipsoid: 
*********************************************************
maximal distances: 162.188  160.956  171.043  Ang
Initial axis length: 213.295  212.063  222.151  Ang
Ellipsoid axis length: 221.755  220.523  230.611  Ang
ellipsoid calculation time: 0.00456786 s
maximal impact parameter: 230.611 Ang
*********************************************************
Linked-cell: 
Numbers of cells: 53391
Nx: 37 Ny: 37 Nz: 39
Filled cells: 7300
Empty cells: 46091
Average atoms per cell: 102.986
Maximum atoms per cell: 200
Minimum atoms per cell: 1
Simulation box: 
lx: 444.37 Ang
ly: 444.37 Ang
lz: 468.39 Ang
linked-cell calculation time: 0.131825 s
time info: 0.0178812 s
*********************************************************
Trajectory calculations 
*********************************************************
out target time: 238.677 s
Ntraj: 10000
Nfree: 565
Nscatter: 9432
Nlost: 3
omega: 114411
Ntraj: 10000
Nfree: 496
Nscatter: 9502
Nlost: 2
omega: 114891
Ntraj: 10000
Nfree: 538
Nscatter: 9456
Nlost: 6
omega: 115981
Ntraj: 10000
Nfree: 536
Nscatter: 9462
Nlost: 2
omega: 114574
Ntraj: 10000
Nfree: 580
Nscatter: 9415
Nlost: 5
omega: 116661
Ntraj: 10000
Nfree: 538
Nscatter: 9460
Nlost: 2
omega: 116174
Ntraj: 10000
Nfree: 525
Nscatter: 9475
Nlost: 0
omega: 114064
Ntraj: 10000
Nfree: 568
Nscatter: 9430
Nlost: 2
omega: 113326
Ntraj: 10000
Nfree: 535
Nscatter: 9465
Nlost: 0
omega: 114425
Ntraj: 10000
Nfree: 518
Nscatter: 9481
Nlost: 1
omega: 117691
*********************************************************
task: 0
worker id: 17294
time create lcl and mol: 0.0257001 s
numbers of trajectories: 4167
time trajectory calculation: 40.8274 s
task: 1
worker id: 17664
time create lcl and mol: 0.0254931 s
numbers of trajectories: 4167
time trajectory calculation: 23.148 s
task: 2
worker id: 16328
time create lcl and mol: 0.0269959 s
numbers of trajectories: 4167
time trajectory calculation: 89.1382 s
task: 3
worker id: 16860
time create lcl and mol: 0.0253539 s
numbers of trajectories: 4167
time trajectory calculation: 30.3995 s
task: 4
worker id: 35035
time create lcl and mol: 0.0260291 s
numbers of trajectories: 4167
time trajectory calculation: 52.2263 s
task: 5
worker id: 15267
time create lcl and mol: 0.0254319 s
numbers of trajectories: 4167
time trajectory calculation: 38.3099 s
task: 6
worker id: 16005
time create lcl and mol: 0.025471 s
numbers of trajectories: 4167
time trajectory calculation: 105.877 s
task: 7
worker id: 17135
time create lcl and mol: 0.0253999 s
numbers of trajectories: 4167
time trajectory calculation: 35.7993 s
task: 8
worker id: 17664
time create lcl and mol: 0.026125 s
numbers of trajectories: 4167
time trajectory calculation: 48.4875 s
task: 9
worker id: 17135
time create lcl and mol: 0.0256529 s
numbers of trajectories: 4167
time trajectory calculation: 27.1646 s
task: 10
worker id: 15267
time create lcl and mol: 0.0269868 s
numbers of trajectories: 4167
time trajectory calculation: 120.367 s
task: 11
worker id: 16860
time create lcl and mol: 0.0271461 s
numbers of trajectories: 4167
time trajectory calculation: 117.958 s
task: 12
worker id: 16328
time create lcl and mol: 0.0266051 s
numbers of trajectories: 4167
time trajectory calculation: 74.8536 s
task: 13
worker id: 17135
time create lcl and mol: 0.027544 s
numbers of trajectories: 4167
time trajectory calculation: 93.3508 s
task: 14
worker id: 16860
time create lcl and mol: 0.0271399 s
numbers of trajectories: 4167
time trajectory calculation: 29.2911 s
task: 15
worker id: 35035
time create lcl and mol: 0.0263829 s
numbers of trajectories: 4167
time trajectory calculation: 57.9038 s
task: 16
worker id: 17664
time create lcl and mol: 0.0256119 s
numbers of trajectories: 4166
time trajectory calculation: 66.4015 s
task: 17
worker id: 16860
time create lcl and mol: 0.026 s
numbers of trajectories: 4166
time trajectory calculation: 60.7455 s
task: 18
worker id: 17294
time create lcl and mol: 0.025564 s
numbers of trajectories: 4166
time trajectory calculation: 114.1 s
task: 19
worker id: 17135
time create lcl and mol: 0.0251071 s
numbers of trajectories: 4166
time trajectory calculation: 22.5874 s
task: 20
worker id: 35035
time create lcl and mol: 0.0276451 s
numbers of trajectories: 4166
time trajectory calculation: 27.9051 s
task: 21
worker id: 15267
time create lcl and mol: 0.0251789 s
numbers of trajectories: 4166
time trajectory calculation: 28.277 s
task: 22
worker id: 16005
time create lcl and mol: 0.026752 s
numbers of trajectories: 4166
time trajectory calculation: 122.564 s
task: 23
worker id: 17135
time create lcl and mol: 0.0260911 s
numbers of trajectories: 4166
time trajectory calculation: 25.0304 s
CCS time: 238.704 s
*********************************************************
average value of CCS = 115220 Ang^2
error value of CCS = 405.06 Ang^2
Total time: 239.646 s
Program finished...
