*********************************************************
INPUT:: Simulation Parameters 
*********************************************************
target filename                  : 01_1mlt_carga_3_min.xyz
number of probe                  : 10000
number of iterarions             : 10
number of tasks                  : 10
number of threads                : 24
seed number                      : 2104
gas buffer                       : N2
Target Temperature (K)           : 298
timestep (fs)                    : 10
Skin cell size (Ang)             : 0.01
Equipotential                    : no
Cut short-range interaction      : yes
LJ cutoff (Ang)                  : 12
Apply long-range interaction     : yes
Cut long-range interaction       : yes
Coulomb cutoff (Ang)             : 25
Apply induced-dipole interaction : yes
alpha (Ang^3)                    : 1.71
force_type: 6
*********************************************************
Force Field parameters: 
*********************************************************
Symbol  mass (amu)  epislon (kcal/mol)  sigma(Angstroms) 
C   12.011   0.0824736   3.2255
N   14.007   0.0758527   3.5719
H   1.008   0.0362711   1.8986
O   15.999   0.062323   3.075
S   32.06   0.138032   3.4237
P   30.9738   0.145372   3.47
*********************************************************
MOLECULE:: orientation around the inertia principal axis 
*********************************************************
Inertia matrix a.u. Ang^2: 
{  112374  116279  -26361.3  }
{  116279  281882  12310.3  }
{  -26361.3  12310.3  331392  }
Rotation matrix applied to molecule: 
{  0.461441  0.875795  -0.14162  }
{  -0.886782  0.450595  -0.102872  }
{  -0.0262822  0.173055  0.984561  }
Molecule radius: 20.5023 Ang 
orientation time of molecule target: 0.0578749 s
target mass: 2850.52 amu
gas mass: 28.014 amu
reduce mass: 28.014 amu
charge state: 2.9992 e
*********************************************************
Geometric Ellipsoid: 
*********************************************************
maximal distances: 8.06564  8.36757  19.3915  Ang
Initial axis length: 59.1732  59.4752  70.4991  Ang
Ellipsoid axis length: 62.5432  62.8452  73.8691  Ang
ellipsoid calculation time: 2.90871e-05 s
maximal impact parameter: 73.8691 Ang
*********************************************************
Linked-cell: 
Numbers of cells: 1573
Nx: 11 Ny: 11 Nz: 13
Filled cells: 13
Empty cells: 1560
Average atoms per cell: 33.2308
Maximum atoms per cell: 137
Minimum atoms per cell: 2
Simulation box: 
lx: 132.11 Ang
ly: 132.11 Ang
lz: 156.13 Ang
linked-cell calculation time: 0.00164413 s
time info: 0.000971079 s
*********************************************************
Trajectory calculations 
*********************************************************
out target time: 3.90839 s
Ntraj: 10000
Nfree: 2022
Nscatter: 7973
Nlost: 5
omega: 825.806
Ntraj: 10000
Nfree: 1945
Nscatter: 8054
Nlost: 1
omega: 800.741
Ntraj: 10000
Nfree: 1865
Nscatter: 8133
Nlost: 2
omega: 763.934
Ntraj: 10000
Nfree: 1962
Nscatter: 8031
Nlost: 7
omega: 831.499
Ntraj: 10000
Nfree: 1924
Nscatter: 8066
Nlost: 10
omega: 821.285
Ntraj: 10000
Nfree: 1953
Nscatter: 8041
Nlost: 6
omega: 837.233
Ntraj: 10000
Nfree: 1916
Nscatter: 8072
Nlost: 12
omega: 709.89
Ntraj: 10000
Nfree: 1982
Nscatter: 8013
Nlost: 5
omega: 737.904
Ntraj: 10000
Nfree: 1950
Nscatter: 8043
Nlost: 7
omega: 745.339
Ntraj: 10000
Nfree: 1838
Nscatter: 8155
Nlost: 7
omega: 857.79
*********************************************************
task: 0
worker id: 92394
time create lcl and mol: 0.000364065 s
numbers of trajectories: 10000
time trajectory calculation: 1.69593 s
task: 1
worker id: 70833
time create lcl and mol: 0.000377893 s
numbers of trajectories: 10000
time trajectory calculation: 1.54717 s
task: 2
worker id: 69919
time create lcl and mol: 0.000344038 s
numbers of trajectories: 10000
time trajectory calculation: 1.79161 s
task: 3
worker id: 10068
time create lcl and mol: 0.000363827 s
numbers of trajectories: 10000
time trajectory calculation: 2.20825 s
task: 4
worker id: 43289
time create lcl and mol: 0.000359058 s
numbers of trajectories: 10000
time trajectory calculation: 2.28511 s
task: 5
worker id: 45475
time create lcl and mol: 0.000562906 s
numbers of trajectories: 10000
time trajectory calculation: 1.88066 s
task: 6
worker id: 970
time create lcl and mol: 0.000361919 s
numbers of trajectories: 10000
time trajectory calculation: 2.14337 s
task: 7
worker id: 17729
time create lcl and mol: 0.000373125 s
numbers of trajectories: 10000
time trajectory calculation: 2.38037 s
task: 8
worker id: 92394
time create lcl and mol: 0.000379086 s
numbers of trajectories: 10000
time trajectory calculation: 2.13508 s
task: 9
worker id: 70833
time create lcl and mol: 0.000336885 s
numbers of trajectories: 10000
time trajectory calculation: 1.99668 s
CCS time: 3.91939 s
*********************************************************
average value of CCS = 793.142 Ang^2
error value of CCS = 15.0438 Ang^2
Total time: 4.09421 s
Program finished...
[1695234457.770809] [sdumont6199:43289:0]       tag_match.c:62   UCX  WARN  unexpected tag-receive descriptor 0x56329cb34c00 was not matched
[1695234457.767384] [sdumont6069:46413:0]       tag_match.c:62   UCX  WARN  unexpected tag-receive descriptor 0x2b7c9c0143c0 was not matched
[1695234457.768855] [sdumont6249:45475:0]       tag_match.c:62   UCX  WARN  unexpected tag-receive descriptor 0x55e49a5d1b00 was not matched
[1695234457.771671] [sdumont6198:10068:0]       tag_match.c:62   UCX  WARN  unexpected tag-receive descriptor 0x56520fe65c40 was not matched
[1695234457.767938] [sdumont6084:70833:0]       tag_match.c:62   UCX  WARN  unexpected tag-receive descriptor 0x55cd70efac00 was not matched
*********************************************************
INPUT:: Simulation Parameters 
*********************************************************
target filename                  : 01_1mlt_carga_3_min.xyz
number of probe                  : 10000
number of iterarions             : 10
number of tasks                  : 10
number of threads                : 24
seed number                      : 2104
gas buffer                       : N2
Target Temperature (K)           : 298
timestep (fs)                    : 10
Skin cell size (Ang)             : 0.01
Equipotential                    : no
Cut short-range interaction      : yes
LJ cutoff (Ang)                  : 12
Apply long-range interaction     : yes
Cut long-range interaction       : yes
Coulomb cutoff (Ang)             : 25
Apply induced-dipole interaction : yes
alpha (Ang^3)                    : 1.71
force_type: 6
*********************************************************
Force Field parameters: 
*********************************************************
Symbol  mass (amu)  epislon (kcal/mol)  sigma(Angstroms) 
C   12.011   0.0824736   3.2255
N   14.007   0.0758527   3.5719
H   1.008   0.0362711   1.8986
O   15.999   0.062323   3.075
S   32.06   0.138032   3.4237
P   30.9738   0.145372   3.47
*********************************************************
MOLECULE:: orientation around the inertia principal axis 
*********************************************************
Inertia matrix a.u. Ang^2: 
{  112374  116279  -26361.3  }
{  116279  281882  12310.3  }
{  -26361.3  12310.3  331392  }
Rotation matrix applied to molecule: 
{  0.461441  0.875795  -0.14162  }
{  -0.886782  0.450595  -0.102872  }
{  -0.0262822  0.173055  0.984561  }
Molecule radius: 20.5023 Ang 
orientation time of molecule target: 0.00106597 s
target mass: 2850.52 amu
gas mass: 28.014 amu
reduce mass: 28.014 amu
charge state: 2.9992 e
*********************************************************
Geometric Ellipsoid: 
*********************************************************
maximal distances: 8.06564  8.36757  19.3915  Ang
Initial axis length: 59.1732  59.4752  70.4991  Ang
Ellipsoid axis length: 62.5432  62.8452  73.8691  Ang
ellipsoid calculation time: 2.98023e-05 s
maximal impact parameter: 73.8691 Ang
*********************************************************
Linked-cell: 
Numbers of cells: 1573
Nx: 11 Ny: 11 Nz: 13
Filled cells: 13
Empty cells: 1560
Average atoms per cell: 33.2308
Maximum atoms per cell: 137
Minimum atoms per cell: 2
Simulation box: 
lx: 132.11 Ang
ly: 132.11 Ang
lz: 156.13 Ang
linked-cell calculation time: 0.00161695 s
time info: 3.98159e-05 s
*********************************************************
Trajectory calculations 
*********************************************************
out target time: 3.80945 s
Ntraj: 10000
Nfree: 2022
Nscatter: 7973
Nlost: 5
omega: 825.806
Ntraj: 10000
Nfree: 1945
Nscatter: 8054
Nlost: 1
omega: 800.741
Ntraj: 10000
Nfree: 1865
Nscatter: 8133
Nlost: 2
omega: 763.934
Ntraj: 10000
Nfree: 1962
Nscatter: 8031
Nlost: 7
omega: 831.499
Ntraj: 10000
Nfree: 1924
Nscatter: 8066
Nlost: 10
omega: 821.285
Ntraj: 10000
Nfree: 1953
Nscatter: 8041
Nlost: 6
omega: 837.233
Ntraj: 10000
Nfree: 1916
Nscatter: 8072
Nlost: 12
omega: 709.89
Ntraj: 10000
Nfree: 1982
Nscatter: 8013
Nlost: 5
omega: 737.904
Ntraj: 10000
Nfree: 1950
Nscatter: 8043
Nlost: 7
omega: 745.339
Ntraj: 10000
Nfree: 1838
Nscatter: 8155
Nlost: 7
omega: 857.79
*********************************************************
task: 0
worker id: 70057
time create lcl and mol: 0.000446081 s
numbers of trajectories: 10000
time trajectory calculation: 1.76097 s
task: 1
worker id: 92524
time create lcl and mol: 0.000564814 s
numbers of trajectories: 10000
time trajectory calculation: 1.58392 s
task: 2
worker id: 45602
time create lcl and mol: 0.000348091 s
numbers of trajectories: 10000
time trajectory calculation: 1.80945 s
task: 3
worker id: 10201
time create lcl and mol: 0.000349998 s
numbers of trajectories: 10000
time trajectory calculation: 2.25565 s
task: 4
worker id: 70962
time create lcl and mol: 0.000345945 s
numbers of trajectories: 10000
time trajectory calculation: 2.32338 s
task: 5
worker id: 1097
time create lcl and mol: 0.000341892 s
numbers of trajectories: 10000
time trajectory calculation: 1.94283 s
task: 6
worker id: 17859
time create lcl and mol: 0.000324965 s
numbers of trajectories: 10000
time trajectory calculation: 2.18427 s
task: 7
worker id: 43414
time create lcl and mol: 0.000346899 s
numbers of trajectories: 10000
time trajectory calculation: 2.36319 s
task: 8
worker id: 92524
time create lcl and mol: 0.000580072 s
numbers of trajectories: 10000
time trajectory calculation: 2.11421 s
task: 9
worker id: 70057
time create lcl and mol: 0.000365973 s
numbers of trajectories: 10000
time trajectory calculation: 1.96826 s
CCS time: 3.81972 s
*********************************************************
average value of CCS = 793.142 Ang^2
error value of CCS = 15.0438 Ang^2
Total time: 3.82753 s
Program finished...
*********************************************************
INPUT:: Simulation Parameters 
*********************************************************
target filename                  : 01_1mlt_carga_3_min.xyz
number of probe                  : 10000
number of iterarions             : 10
number of tasks                  : 10
number of threads                : 24
seed number                      : 2104
gas buffer                       : N2
Target Temperature (K)           : 298
timestep (fs)                    : 10
Skin cell size (Ang)             : 0.01
Equipotential                    : no
Cut short-range interaction      : yes
LJ cutoff (Ang)                  : 12
Apply long-range interaction     : yes
Cut long-range interaction       : yes
Coulomb cutoff (Ang)             : 25
Apply induced-dipole interaction : yes
alpha (Ang^3)                    : 1.71
force_type: 6
*********************************************************
Force Field parameters: 
*********************************************************
Symbol  mass (amu)  epislon (kcal/mol)  sigma(Angstroms) 
C   12.011   0.0824736   3.2255
N   14.007   0.0758527   3.5719
H   1.008   0.0362711   1.8986
O   15.999   0.062323   3.075
S   32.06   0.138032   3.4237
P   30.9738   0.145372   3.47
*********************************************************
MOLECULE:: orientation around the inertia principal axis 
*********************************************************
Inertia matrix a.u. Ang^2: 
{  112374  116279  -26361.3  }
{  116279  281882  12310.3  }
{  -26361.3  12310.3  331392  }
Rotation matrix applied to molecule: 
{  0.461441  0.875795  -0.14162  }
{  -0.886782  0.450595  -0.102872  }
{  -0.0262822  0.173055  0.984561  }
Molecule radius: 20.5023 Ang 
orientation time of molecule target: 0.00105906 s
target mass: 2850.52 amu
gas mass: 28.014 amu
reduce mass: 28.014 amu
charge state: 2.9992 e
*********************************************************
Geometric Ellipsoid: 
*********************************************************
maximal distances: 8.06564  8.36757  19.3915  Ang
Initial axis length: 59.1732  59.4752  70.4991  Ang
Ellipsoid axis length: 62.5432  62.8452  73.8691  Ang
ellipsoid calculation time: 3.50475e-05 s
maximal impact parameter: 73.8691 Ang
*********************************************************
Linked-cell: 
Numbers of cells: 1573
Nx: 11 Ny: 11 Nz: 13
Filled cells: 13
Empty cells: 1560
Average atoms per cell: 33.2308
Maximum atoms per cell: 137
Minimum atoms per cell: 2
Simulation box: 
lx: 132.11 Ang
ly: 132.11 Ang
lz: 156.13 Ang
linked-cell calculation time: 0.00160909 s
time info: 4.19617e-05 s
*********************************************************
Trajectory calculations 
*********************************************************
out target time: 3.77205 s
Ntraj: 10000
Nfree: 2022
Nscatter: 7973
Nlost: 5
omega: 825.806
Ntraj: 10000
Nfree: 1945
Nscatter: 8054
Nlost: 1
omega: 800.741
Ntraj: 10000
Nfree: 1865
Nscatter: 8133
Nlost: 2
omega: 763.934
Ntraj: 10000
Nfree: 1962
Nscatter: 8031
Nlost: 7
omega: 831.499
Ntraj: 10000
Nfree: 1924
Nscatter: 8066
Nlost: 10
omega: 821.285
Ntraj: 10000
Nfree: 1953
Nscatter: 8041
Nlost: 6
omega: 837.233
Ntraj: 10000
Nfree: 1916
Nscatter: 8072
Nlost: 12
omega: 709.89
Ntraj: 10000
Nfree: 1982
Nscatter: 8013
Nlost: 5
omega: 737.904
Ntraj: 10000
Nfree: 1950
Nscatter: 8043
Nlost: 7
omega: 745.339
Ntraj: 10000
Nfree: 1838
Nscatter: 8155
Nlost: 7
omega: 857.79
*********************************************************
task: 0
worker id: 46024
time create lcl and mol: 0.000333071 s
numbers of trajectories: 10000
time trajectory calculation: 1.72357 s
task: 1
worker id: 10624
time create lcl and mol: 0.000347137 s
numbers of trajectories: 10000
time trajectory calculation: 1.47569 s
task: 2
worker id: 70492
time create lcl and mol: 0.000355959 s
numbers of trajectories: 10000
time trajectory calculation: 1.77066 s
task: 3
worker id: 10624
time create lcl and mol: 0.000351906 s
numbers of trajectories: 10000
time trajectory calculation: 2.10367 s
task: 4
worker id: 1552
time create lcl and mol: 0.000351191 s
numbers of trajectories: 10000
time trajectory calculation: 2.26069 s
task: 5
worker id: 18285
time create lcl and mol: 0.000342846 s
numbers of trajectories: 10000
time trajectory calculation: 1.85327 s
task: 6
worker id: 71377
time create lcl and mol: 0.000365973 s
numbers of trajectories: 10000
time trajectory calculation: 2.15666 s
task: 7
worker id: 92940
time create lcl and mol: 0.00058198 s
numbers of trajectories: 10000
time trajectory calculation: 2.30793 s
task: 8
worker id: 43842
time create lcl and mol: 0.00058198 s
numbers of trajectories: 10000
time trajectory calculation: 2.09477 s
task: 9
worker id: 46024
time create lcl and mol: 0.00033617 s
numbers of trajectories: 10000
time trajectory calculation: 1.98586 s
CCS time: 3.78202 s
*********************************************************
average value of CCS = 793.142 Ang^2
error value of CCS = 15.0438 Ang^2
Total time: 3.78962 s
Program finished...
*********************************************************
INPUT:: Simulation Parameters 
*********************************************************
target filename                  : 01_1mlt_carga_3_min.xyz
number of probe                  : 10000
number of iterarions             : 10
number of tasks                  : 10
number of threads                : 24
seed number                      : 2104
gas buffer                       : N2
Target Temperature (K)           : 298
timestep (fs)                    : 10
Skin cell size (Ang)             : 0.01
Equipotential                    : no
Cut short-range interaction      : yes
LJ cutoff (Ang)                  : 12
Apply long-range interaction     : yes
Cut long-range interaction       : yes
Coulomb cutoff (Ang)             : 25
Apply induced-dipole interaction : yes
alpha (Ang^3)                    : 1.71
force_type: 6
*********************************************************
Force Field parameters: 
*********************************************************
Symbol  mass (amu)  epislon (kcal/mol)  sigma(Angstroms) 
C   12.011   0.0824736   3.2255
N   14.007   0.0758527   3.5719
H   1.008   0.0362711   1.8986
O   15.999   0.062323   3.075
S   32.06   0.138032   3.4237
P   30.9738   0.145372   3.47
*********************************************************
MOLECULE:: orientation around the inertia principal axis 
*********************************************************
Inertia matrix a.u. Ang^2: 
{  112374  116279  -26361.3  }
{  116279  281882  12310.3  }
{  -26361.3  12310.3  331392  }
Rotation matrix applied to molecule: 
{  0.461441  0.875795  -0.14162  }
{  -0.886782  0.450595  -0.102872  }
{  -0.0262822  0.173055  0.984561  }
Molecule radius: 20.5023 Ang 
orientation time of molecule target: 0.00100279 s
target mass: 2850.52 amu
gas mass: 28.014 amu
reduce mass: 28.014 amu
charge state: 2.9992 e
*********************************************************
Geometric Ellipsoid: 
*********************************************************
maximal distances: 8.06564  8.36757  19.3915  Ang
Initial axis length: 59.1732  59.4752  70.4991  Ang
Ellipsoid axis length: 62.5432  62.8452  73.8691  Ang
ellipsoid calculation time: 3.79086e-05 s
maximal impact parameter: 73.8691 Ang
*********************************************************
Linked-cell: 
Numbers of cells: 1573
Nx: 11 Ny: 11 Nz: 13
Filled cells: 13
Empty cells: 1560
Average atoms per cell: 33.2308
Maximum atoms per cell: 137
Minimum atoms per cell: 2
Simulation box: 
lx: 132.11 Ang
ly: 132.11 Ang
lz: 156.13 Ang
linked-cell calculation time: 0.00160789 s
time info: 3.88622e-05 s
*********************************************************
Trajectory calculations 
*********************************************************
out target time: 3.81769 s
Ntraj: 10000
Nfree: 2022
Nscatter: 7973
Nlost: 5
omega: 825.806
Ntraj: 10000
Nfree: 1945
Nscatter: 8054
Nlost: 1
omega: 800.741
Ntraj: 10000
Nfree: 1865
Nscatter: 8133
Nlost: 2
omega: 763.934
Ntraj: 10000
Nfree: 1962
Nscatter: 8031
Nlost: 7
omega: 831.499
Ntraj: 10000
Nfree: 1924
Nscatter: 8066
Nlost: 10
omega: 821.285
Ntraj: 10000
Nfree: 1953
Nscatter: 8041
Nlost: 6
omega: 837.233
Ntraj: 10000
Nfree: 1916
Nscatter: 8072
Nlost: 12
omega: 709.89
Ntraj: 10000
Nfree: 1982
Nscatter: 8013
Nlost: 5
omega: 737.904
Ntraj: 10000
Nfree: 1950
Nscatter: 8043
Nlost: 7
omega: 745.339
Ntraj: 10000
Nfree: 1838
Nscatter: 8155
Nlost: 7
omega: 857.79
*********************************************************
task: 0
worker id: 71467
time create lcl and mol: 0.000633955 s
numbers of trajectories: 10000
time trajectory calculation: 1.74335 s
task: 1
worker id: 70596
time create lcl and mol: 0.000406027 s
numbers of trajectories: 10000
time trajectory calculation: 1.5812 s
task: 2
worker id: 10714
time create lcl and mol: 0.000359058 s
numbers of trajectories: 10000
time trajectory calculation: 1.72531 s
task: 3
worker id: 43931
time create lcl and mol: 0.000346899 s
numbers of trajectories: 10000
time trajectory calculation: 2.2468 s
task: 4
worker id: 46116
time create lcl and mol: 0.000442982 s
numbers of trajectories: 10000
time trajectory calculation: 2.28594 s
task: 5
worker id: 93029
time create lcl and mol: 0.000350952 s
numbers of trajectories: 10000
time trajectory calculation: 1.90782 s
task: 6
worker id: 18375
time create lcl and mol: 0.000349045 s
numbers of trajectories: 10000
time trajectory calculation: 2.15227 s
task: 7
worker id: 1642
time create lcl and mol: 0.000342846 s
numbers of trajectories: 10000
time trajectory calculation: 2.27099 s
task: 8
worker id: 70596
time create lcl and mol: 0.000377178 s
numbers of trajectories: 10000
time trajectory calculation: 2.12001 s
task: 9
worker id: 10714
time create lcl and mol: 0.000365019 s
numbers of trajectories: 10000
time trajectory calculation: 2.00971 s
CCS time: 3.82743 s
*********************************************************
average value of CCS = 793.142 Ang^2
error value of CCS = 15.0438 Ang^2
Total time: 3.83516 s
Program finished...
*********************************************************
INPUT:: Simulation Parameters 
*********************************************************
target filename                  : 01_1mlt_carga_3_min.xyz
number of probe                  : 10000
number of iterarions             : 10
number of tasks                  : 10
number of threads                : 24
seed number                      : 2104
gas buffer                       : N2
Target Temperature (K)           : 298
timestep (fs)                    : 10
Skin cell size (Ang)             : 0.01
Equipotential                    : no
Cut short-range interaction      : yes
LJ cutoff (Ang)                  : 12
Apply long-range interaction     : yes
Cut long-range interaction       : yes
Coulomb cutoff (Ang)             : 25
Apply induced-dipole interaction : yes
alpha (Ang^3)                    : 1.71
force_type: 6
*********************************************************
Force Field parameters: 
*********************************************************
Symbol  mass (amu)  epislon (kcal/mol)  sigma(Angstroms) 
C   12.011   0.0824736   3.2255
N   14.007   0.0758527   3.5719
H   1.008   0.0362711   1.8986
O   15.999   0.062323   3.075
S   32.06   0.138032   3.4237
P   30.9738   0.145372   3.47
*********************************************************
MOLECULE:: orientation around the inertia principal axis 
*********************************************************
Inertia matrix a.u. Ang^2: 
{  112374  116279  -26361.3  }
{  116279  281882  12310.3  }
{  -26361.3  12310.3  331392  }
Rotation matrix applied to molecule: 
{  0.461441  0.875795  -0.14162  }
{  -0.886782  0.450595  -0.102872  }
{  -0.0262822  0.173055  0.984561  }
Molecule radius: 20.5023 Ang 
orientation time of molecule target: 0.00109291 s
target mass: 2850.52 amu
gas mass: 28.014 amu
reduce mass: 28.014 amu
charge state: 2.9992 e
*********************************************************
Geometric Ellipsoid: 
*********************************************************
maximal distances: 8.06564  8.36757  19.3915  Ang
Initial axis length: 59.1732  59.4752  70.4991  Ang
Ellipsoid axis length: 62.5432  62.8452  73.8691  Ang
ellipsoid calculation time: 3.00407e-05 s
maximal impact parameter: 73.8691 Ang
*********************************************************
Linked-cell: 
Numbers of cells: 1573
Nx: 11 Ny: 11 Nz: 13
Filled cells: 13
Empty cells: 1560
Average atoms per cell: 33.2308
Maximum atoms per cell: 137
Minimum atoms per cell: 2
Simulation box: 
lx: 132.11 Ang
ly: 132.11 Ang
lz: 156.13 Ang
linked-cell calculation time: 0.00163388 s
time info: 4.1008e-05 s
*********************************************************
Trajectory calculations 
*********************************************************
out target time: 3.69648 s
Ntraj: 10000
Nfree: 2022
Nscatter: 7973
Nlost: 5
omega: 825.806
Ntraj: 10000
Nfree: 1945
Nscatter: 8054
Nlost: 1
omega: 800.741
Ntraj: 10000
Nfree: 1865
Nscatter: 8133
Nlost: 2
omega: 763.934
Ntraj: 10000
Nfree: 1962
Nscatter: 8031
Nlost: 7
omega: 831.499
Ntraj: 10000
Nfree: 1924
Nscatter: 8066
Nlost: 10
omega: 821.285
Ntraj: 10000
Nfree: 1953
Nscatter: 8041
Nlost: 6
omega: 837.233
Ntraj: 10000
Nfree: 1916
Nscatter: 8072
Nlost: 12
omega: 709.89
Ntraj: 10000
Nfree: 1982
Nscatter: 8013
Nlost: 5
omega: 737.904
Ntraj: 10000
Nfree: 1950
Nscatter: 8043
Nlost: 7
omega: 745.339
Ntraj: 10000
Nfree: 1838
Nscatter: 8155
Nlost: 7
omega: 857.79
*********************************************************
task: 0
worker id: 44339
time create lcl and mol: 0.000342131 s
numbers of trajectories: 10000
time trajectory calculation: 1.74425 s
task: 1
worker id: 71898
time create lcl and mol: 0.000546932 s
numbers of trajectories: 10000
time trajectory calculation: 1.49495 s
task: 2
worker id: 11133
time create lcl and mol: 0.000361919 s
numbers of trajectories: 10000
time trajectory calculation: 1.83623 s
task: 3
worker id: 46516
time create lcl and mol: 0.000324011 s
numbers of trajectories: 10000
time trajectory calculation: 2.20591 s
task: 4
worker id: 18773
time create lcl and mol: 0.000458002 s
numbers of trajectories: 10000
time trajectory calculation: 2.29733 s
task: 5
worker id: 44339
time create lcl and mol: 0.000372887 s
numbers of trajectories: 10000
time trajectory calculation: 1.88998 s
task: 6
worker id: 93444
time create lcl and mol: 0.000334024 s
numbers of trajectories: 10000
time trajectory calculation: 2.1384 s
task: 7
worker id: 71031
time create lcl and mol: 0.000362873 s
numbers of trajectories: 10000
time trajectory calculation: 2.33375 s
task: 8
worker id: 2057
time create lcl and mol: 0.000488997 s
numbers of trajectories: 10000
time trajectory calculation: 2.07589 s
task: 9
worker id: 71898
time create lcl and mol: 0.000360012 s
numbers of trajectories: 10000
time trajectory calculation: 1.93083 s
CCS time: 3.70684 s
*********************************************************
average value of CCS = 793.142 Ang^2
error value of CCS = 15.0438 Ang^2
Total time: 3.71506 s
Program finished...
*********************************************************
INPUT:: Simulation Parameters 
*********************************************************
target filename                  : 01_1mlt_carga_3_min.xyz
number of probe                  : 10000
number of iterarions             : 10
number of tasks                  : 10
number of threads                : 24
seed number                      : 2104
gas buffer                       : N2
Target Temperature (K)           : 298
timestep (fs)                    : 10
Skin cell size (Ang)             : 0.01
Equipotential                    : no
Cut short-range interaction      : yes
LJ cutoff (Ang)                  : 12
Apply long-range interaction     : yes
Cut long-range interaction       : yes
Coulomb cutoff (Ang)             : 25
Apply induced-dipole interaction : yes
alpha (Ang^3)                    : 1.71
force_type: 6
*********************************************************
Force Field parameters: 
*********************************************************
Symbol  mass (amu)  epislon (kcal/mol)  sigma(Angstroms) 
C   12.011   0.0824736   3.2255
N   14.007   0.0758527   3.5719
H   1.008   0.0362711   1.8986
O   15.999   0.062323   3.075
S   32.06   0.138032   3.4237
P   30.9738   0.145372   3.47
*********************************************************
MOLECULE:: orientation around the inertia principal axis 
*********************************************************
Inertia matrix a.u. Ang^2: 
{  112374  116279  -26361.3  }
{  116279  281882  12310.3  }
{  -26361.3  12310.3  331392  }
Rotation matrix applied to molecule: 
{  0.461441  0.875795  -0.14162  }
{  -0.886782  0.450595  -0.102872  }
{  -0.0262822  0.173055  0.984561  }
Molecule radius: 20.5023 Ang 
orientation time of molecule target: 0.146952 s
target mass: 2850.52 amu
gas mass: 28.014 amu
reduce mass: 28.014 amu
charge state: 2.9992 e
*********************************************************
Geometric Ellipsoid: 
*********************************************************
maximal distances: 8.06564  8.36757  19.3915  Ang
Initial axis length: 59.1732  59.4752  70.4991  Ang
Ellipsoid axis length: 62.5432  62.8452  73.8691  Ang
ellipsoid calculation time: 3.29018e-05 s
maximal impact parameter: 73.8691 Ang
*********************************************************
Linked-cell: 
Numbers of cells: 1573
Nx: 11 Ny: 11 Nz: 13
Filled cells: 13
Empty cells: 1560
Average atoms per cell: 33.2308
Maximum atoms per cell: 137
Minimum atoms per cell: 2
Simulation box: 
lx: 132.11 Ang
ly: 132.11 Ang
lz: 156.13 Ang
linked-cell calculation time: 0.00165606 s
time info: 0.000962973 s
*********************************************************
Trajectory calculations 
*********************************************************
out target time: 3.86998 s
Ntraj: 10000
Nfree: 2022
Nscatter: 7973
Nlost: 5
omega: 825.806
Ntraj: 10000
Nfree: 1945
Nscatter: 8054
Nlost: 1
omega: 800.741
Ntraj: 10000
Nfree: 1865
Nscatter: 8133
Nlost: 2
omega: 763.934
Ntraj: 10000
Nfree: 1962
Nscatter: 8031
Nlost: 7
omega: 831.499
Ntraj: 10000
Nfree: 1924
Nscatter: 8066
Nlost: 10
omega: 821.285
Ntraj: 10000
Nfree: 1953
Nscatter: 8041
Nlost: 6
omega: 837.233
Ntraj: 10000
Nfree: 1916
Nscatter: 8072
Nlost: 12
omega: 709.89
Ntraj: 10000
Nfree: 1982
Nscatter: 8013
Nlost: 5
omega: 737.904
Ntraj: 10000
Nfree: 1950
Nscatter: 8043
Nlost: 7
omega: 745.339
Ntraj: 10000
Nfree: 1838
Nscatter: 8155
Nlost: 7
omega: 857.79
*********************************************************
task: 0
worker id: 64371
time create lcl and mol: 0.000574112 s
numbers of trajectories: 10000
time trajectory calculation: 1.75919 s
task: 1
worker id: 64071
time create lcl and mol: 0.000355959 s
numbers of trajectories: 10000
time trajectory calculation: 1.56103 s
task: 2
worker id: 64084
time create lcl and mol: 0.000350952 s
numbers of trajectories: 10000
time trajectory calculation: 1.80093 s
task: 3
worker id: 64353
time create lcl and mol: 0.000388145 s
numbers of trajectories: 10000
time trajectory calculation: 2.15467 s
task: 4
worker id: 64361
time create lcl and mol: 0.000378132 s
numbers of trajectories: 10000
time trajectory calculation: 2.24378 s
task: 5
worker id: 64393
time create lcl and mol: 0.000350952 s
numbers of trajectories: 10000
time trajectory calculation: 1.86792 s
task: 6
worker id: 63779
time create lcl and mol: 0.000335932 s
numbers of trajectories: 10000
time trajectory calculation: 2.11247 s
task: 7
worker id: 64071
time create lcl and mol: 0.000335932 s
numbers of trajectories: 10000
time trajectory calculation: 2.22908 s
task: 8
worker id: 64384
time create lcl and mol: 0.000375986 s
numbers of trajectories: 10000
time trajectory calculation: 2.1546 s
task: 9
worker id: 64371
time create lcl and mol: 0.000351191 s
numbers of trajectories: 10000
time trajectory calculation: 1.95851 s
CCS time: 3.8821 s
*********************************************************
average value of CCS = 793.142 Ang^2
error value of CCS = 15.0438 Ang^2
Total time: 4.47749 s
Program finished...
*********************************************************
INPUT:: Simulation Parameters 
*********************************************************
target filename                  : 01_1mlt_carga_3_min.xyz
number of probe                  : 10000
number of iterarions             : 10
number of tasks                  : 10
number of threads                : 24
seed number                      : 2104
gas buffer                       : N2
Target Temperature (K)           : 298
timestep (fs)                    : 10
Skin cell size (Ang)             : 0.01
Equipotential                    : no
Cut short-range interaction      : yes
LJ cutoff (Ang)                  : 12
Apply long-range interaction     : yes
Cut long-range interaction       : yes
Coulomb cutoff (Ang)             : 25
Apply induced-dipole interaction : yes
alpha (Ang^3)                    : 1.71
force_type: 6
*********************************************************
Force Field parameters: 
*********************************************************
Symbol  mass (amu)  epislon (kcal/mol)  sigma(Angstroms) 
C   12.011   0.0824736   3.2255
N   14.007   0.0758527   3.5719
H   1.008   0.0362711   1.8986
O   15.999   0.062323   3.075
S   32.06   0.138032   3.4237
P   30.9738   0.145372   3.47
*********************************************************
MOLECULE:: orientation around the inertia principal axis 
*********************************************************
Inertia matrix a.u. Ang^2: 
{  112374  116279  -26361.3  }
{  116279  281882  12310.3  }
{  -26361.3  12310.3  331392  }
Rotation matrix applied to molecule: 
{  0.461441  0.875795  -0.14162  }
{  -0.886782  0.450595  -0.102872  }
{  -0.0262822  0.173055  0.984561  }
Molecule radius: 20.5023 Ang 
orientation time of molecule target: 0.00100803 s
target mass: 2850.52 amu
gas mass: 28.014 amu
reduce mass: 28.014 amu
charge state: 2.9992 e
*********************************************************
Geometric Ellipsoid: 
*********************************************************
maximal distances: 8.06564  8.36757  19.3915  Ang
Initial axis length: 59.1732  59.4752  70.4991  Ang
Ellipsoid axis length: 62.5432  62.8452  73.8691  Ang
ellipsoid calculation time: 3.40939e-05 s
maximal impact parameter: 73.8691 Ang
*********************************************************
Linked-cell: 
Numbers of cells: 1573
Nx: 11 Ny: 11 Nz: 13
Filled cells: 13
Empty cells: 1560
Average atoms per cell: 33.2308
Maximum atoms per cell: 137
Minimum atoms per cell: 2
Simulation box: 
lx: 132.11 Ang
ly: 132.11 Ang
lz: 156.13 Ang
linked-cell calculation time: 0.00166893 s
time info: 3.79086e-05 s
*********************************************************
Trajectory calculations 
*********************************************************
out target time: 3.88693 s
Ntraj: 10000
Nfree: 2022
Nscatter: 7973
Nlost: 5
omega: 825.806
Ntraj: 10000
Nfree: 1945
Nscatter: 8054
Nlost: 1
omega: 800.741
Ntraj: 10000
Nfree: 1865
Nscatter: 8133
Nlost: 2
omega: 763.934
Ntraj: 10000
Nfree: 1962
Nscatter: 8031
Nlost: 7
omega: 831.499
Ntraj: 10000
Nfree: 1924
Nscatter: 8066
Nlost: 10
omega: 821.285
Ntraj: 10000
Nfree: 1953
Nscatter: 8041
Nlost: 6
omega: 837.233
Ntraj: 10000
Nfree: 1916
Nscatter: 8072
Nlost: 12
omega: 709.89
Ntraj: 10000
Nfree: 1982
Nscatter: 8013
Nlost: 5
omega: 737.904
Ntraj: 10000
Nfree: 1950
Nscatter: 8043
Nlost: 7
omega: 745.339
Ntraj: 10000
Nfree: 1838
Nscatter: 8155
Nlost: 7
omega: 857.79
*********************************************************
task: 0
worker id: 64197
time create lcl and mol: 0.000331879 s
numbers of trajectories: 10000
time trajectory calculation: 1.68957 s
task: 1
worker id: 64451
time create lcl and mol: 0.000346899 s
numbers of trajectories: 10000
time trajectory calculation: 1.52875 s
task: 2
worker id: 64468
time create lcl and mol: 0.000549078 s
numbers of trajectories: 10000
time trajectory calculation: 1.80889 s
task: 3
worker id: 64197
time create lcl and mol: 0.000324965 s
numbers of trajectories: 10000
time trajectory calculation: 2.1232 s
task: 4
worker id: 64493
time create lcl and mol: 0.000357151 s
numbers of trajectories: 10000
time trajectory calculation: 2.31279 s
task: 5
worker id: 64464
time create lcl and mol: 0.000352144 s
numbers of trajectories: 10000
time trajectory calculation: 1.90296 s
task: 6
worker id: 64483
time create lcl and mol: 0.000332117 s
numbers of trajectories: 10000
time trajectory calculation: 2.08625 s
task: 7
worker id: 64172
time create lcl and mol: 0.000327826 s
numbers of trajectories: 10000
time trajectory calculation: 2.33679 s
task: 8
worker id: 64451
time create lcl and mol: 0.000363111 s
numbers of trajectories: 10000
time trajectory calculation: 2.11164 s
task: 9
worker id: 63878
time create lcl and mol: 0.000336885 s
numbers of trajectories: 10000
time trajectory calculation: 1.97106 s
CCS time: 3.89672 s
*********************************************************
average value of CCS = 793.142 Ang^2
error value of CCS = 15.0438 Ang^2
Total time: 3.9045 s
Program finished...
*********************************************************
INPUT:: Simulation Parameters 
*********************************************************
target filename                  : 01_1mlt_carga_3_min.xyz
number of probe                  : 10000
number of iterarions             : 10
number of tasks                  : 10
number of threads                : 24
seed number                      : 2104
gas buffer                       : N2
Target Temperature (K)           : 298
timestep (fs)                    : 10
Skin cell size (Ang)             : 0.01
Equipotential                    : no
Cut short-range interaction      : yes
LJ cutoff (Ang)                  : 12
Apply long-range interaction     : yes
Cut long-range interaction       : yes
Coulomb cutoff (Ang)             : 25
Apply induced-dipole interaction : yes
alpha (Ang^3)                    : 1.71
force_type: 6
*********************************************************
Force Field parameters: 
*********************************************************
Symbol  mass (amu)  epislon (kcal/mol)  sigma(Angstroms) 
C   12.011   0.0824736   3.2255
N   14.007   0.0758527   3.5719
H   1.008   0.0362711   1.8986
O   15.999   0.062323   3.075
S   32.06   0.138032   3.4237
P   30.9738   0.145372   3.47
*********************************************************
MOLECULE:: orientation around the inertia principal axis 
*********************************************************
Inertia matrix a.u. Ang^2: 
{  112374  116279  -26361.3  }
{  116279  281882  12310.3  }
{  -26361.3  12310.3  331392  }
Rotation matrix applied to molecule: 
{  0.461441  0.875795  -0.14162  }
{  -0.886782  0.450595  -0.102872  }
{  -0.0262822  0.173055  0.984561  }
Molecule radius: 20.5023 Ang 
orientation time of molecule target: 0.00099802 s
target mass: 2850.52 amu
gas mass: 28.014 amu
reduce mass: 28.014 amu
charge state: 2.9992 e
*********************************************************
Geometric Ellipsoid: 
*********************************************************
maximal distances: 8.06564  8.36757  19.3915  Ang
Initial axis length: 59.1732  59.4752  70.4991  Ang
Ellipsoid axis length: 62.5432  62.8452  73.8691  Ang
ellipsoid calculation time: 4.19617e-05 s
maximal impact parameter: 73.8691 Ang
*********************************************************
Linked-cell: 
Numbers of cells: 1573
Nx: 11 Ny: 11 Nz: 13
Filled cells: 13
Empty cells: 1560
Average atoms per cell: 33.2308
Maximum atoms per cell: 137
Minimum atoms per cell: 2
Simulation box: 
lx: 132.11 Ang
ly: 132.11 Ang
lz: 156.13 Ang
linked-cell calculation time: 0.00165606 s
time info: 3.60012e-05 s
*********************************************************
Trajectory calculations 
*********************************************************
out target time: 3.80042 s
Ntraj: 10000
Nfree: 2022
Nscatter: 7973
Nlost: 5
omega: 825.806
Ntraj: 10000
Nfree: 1945
Nscatter: 8054
Nlost: 1
omega: 800.741
Ntraj: 10000
Nfree: 1865
Nscatter: 8133
Nlost: 2
omega: 763.934
Ntraj: 10000
Nfree: 1962
Nscatter: 8031
Nlost: 7
omega: 831.499
Ntraj: 10000
Nfree: 1924
Nscatter: 8066
Nlost: 10
omega: 821.285
Ntraj: 10000
Nfree: 1953
Nscatter: 8041
Nlost: 6
omega: 837.233
Ntraj: 10000
Nfree: 1916
Nscatter: 8072
Nlost: 12
omega: 709.89
Ntraj: 10000
Nfree: 1982
Nscatter: 8013
Nlost: 5
omega: 737.904
Ntraj: 10000
Nfree: 1950
Nscatter: 8043
Nlost: 7
omega: 745.339
Ntraj: 10000
Nfree: 1838
Nscatter: 8155
Nlost: 7
omega: 857.79
*********************************************************
task: 0
worker id: 64605
time create lcl and mol: 0.000339985 s
numbers of trajectories: 10000
time trajectory calculation: 1.71037 s
task: 1
worker id: 64893
time create lcl and mol: 0.000365019 s
numbers of trajectories: 10000
time trajectory calculation: 1.55712 s
task: 2
worker id: 64911
time create lcl and mol: 0.000344992 s
numbers of trajectories: 10000
time trajectory calculation: 1.77877 s
task: 3
worker id: 64647
time create lcl and mol: 0.000355959 s
numbers of trajectories: 10000
time trajectory calculation: 2.19817 s
task: 4
worker id: 64921
time create lcl and mol: 0.000325918 s
numbers of trajectories: 10000
time trajectory calculation: 2.22303 s
task: 5
worker id: 64311
time create lcl and mol: 0.000343084 s
numbers of trajectories: 10000
time trajectory calculation: 1.90007 s
task: 6
worker id: 64887
time create lcl and mol: 0.000413179 s
numbers of trajectories: 10000
time trajectory calculation: 2.08533 s
task: 7
worker id: 64905
time create lcl and mol: 0.000323057 s
numbers of trajectories: 10000
time trajectory calculation: 2.30101 s
task: 8
worker id: 64605
time create lcl and mol: 0.000339985 s
numbers of trajectories: 10000
time trajectory calculation: 2.01791 s
task: 9
worker id: 64893
time create lcl and mol: 0.000355005 s
numbers of trajectories: 10000
time trajectory calculation: 2.00977 s
CCS time: 3.81059 s
*********************************************************
average value of CCS = 793.142 Ang^2
error value of CCS = 15.0438 Ang^2
Total time: 3.81836 s
Program finished...
*********************************************************
INPUT:: Simulation Parameters 
*********************************************************
target filename                  : 01_1mlt_carga_3_min.xyz
number of probe                  : 10000
number of iterarions             : 10
number of tasks                  : 10
number of threads                : 24
seed number                      : 2104
gas buffer                       : N2
Target Temperature (K)           : 298
timestep (fs)                    : 10
Skin cell size (Ang)             : 0.01
Equipotential                    : no
Cut short-range interaction      : yes
LJ cutoff (Ang)                  : 12
Apply long-range interaction     : yes
Cut long-range interaction       : yes
Coulomb cutoff (Ang)             : 25
Apply induced-dipole interaction : yes
alpha (Ang^3)                    : 1.71
force_type: 6
*********************************************************
Force Field parameters: 
*********************************************************
Symbol  mass (amu)  epislon (kcal/mol)  sigma(Angstroms) 
C   12.011   0.0824736   3.2255
N   14.007   0.0758527   3.5719
H   1.008   0.0362711   1.8986
O   15.999   0.062323   3.075
S   32.06   0.138032   3.4237
P   30.9738   0.145372   3.47
*********************************************************
MOLECULE:: orientation around the inertia principal axis 
*********************************************************
Inertia matrix a.u. Ang^2: 
{  112374  116279  -26361.3  }
{  116279  281882  12310.3  }
{  -26361.3  12310.3  331392  }
Rotation matrix applied to molecule: 
{  0.461441  0.875795  -0.14162  }
{  -0.886782  0.450595  -0.102872  }
{  -0.0262822  0.173055  0.984561  }
Molecule radius: 20.5023 Ang 
orientation time of molecule target: 0.00115108 s
target mass: 2850.52 amu
gas mass: 28.014 amu
reduce mass: 28.014 amu
charge state: 2.9992 e
*********************************************************
Geometric Ellipsoid: 
*********************************************************
maximal distances: 8.06564  8.36757  19.3915  Ang
Initial axis length: 59.1732  59.4752  70.4991  Ang
Ellipsoid axis length: 62.5432  62.8452  73.8691  Ang
ellipsoid calculation time: 3.88622e-05 s
maximal impact parameter: 73.8691 Ang
*********************************************************
Linked-cell: 
Numbers of cells: 1573
Nx: 11 Ny: 11 Nz: 13
Filled cells: 13
Empty cells: 1560
Average atoms per cell: 33.2308
Maximum atoms per cell: 137
Minimum atoms per cell: 2
Simulation box: 
lx: 132.11 Ang
ly: 132.11 Ang
lz: 156.13 Ang
linked-cell calculation time: 0.00163603 s
time info: 4.1008e-05 s
*********************************************************
Trajectory calculations 
*********************************************************
out target time: 3.87252 s
Ntraj: 10000
Nfree: 2022
Nscatter: 7973
Nlost: 5
omega: 825.806
Ntraj: 10000
Nfree: 1945
Nscatter: 8054
Nlost: 1
omega: 800.741
Ntraj: 10000
Nfree: 1865
Nscatter: 8133
Nlost: 2
omega: 763.934
Ntraj: 10000
Nfree: 1962
Nscatter: 8031
Nlost: 7
omega: 831.499
Ntraj: 10000
Nfree: 1924
Nscatter: 8066
Nlost: 10
omega: 821.285
Ntraj: 10000
Nfree: 1953
Nscatter: 8041
Nlost: 6
omega: 837.233
Ntraj: 10000
Nfree: 1916
Nscatter: 8072
Nlost: 12
omega: 709.89
Ntraj: 10000
Nfree: 1982
Nscatter: 8013
Nlost: 5
omega: 737.904
Ntraj: 10000
Nfree: 1950
Nscatter: 8043
Nlost: 7
omega: 745.339
Ntraj: 10000
Nfree: 1838
Nscatter: 8155
Nlost: 7
omega: 857.79
*********************************************************
task: 0
worker id: 64752
time create lcl and mol: 0.000416994 s
numbers of trajectories: 10000
time trajectory calculation: 1.71257 s
task: 1
worker id: 64698
time create lcl and mol: 0.00033617 s
numbers of trajectories: 10000
time trajectory calculation: 1.55923 s
task: 2
worker id: 65011
time create lcl and mol: 0.000329971 s
numbers of trajectories: 10000
time trajectory calculation: 1.76709 s
task: 3
worker id: 65002
time create lcl and mol: 0.000309944 s
numbers of trajectories: 10000
time trajectory calculation: 2.2264 s
task: 4
worker id: 64400
time create lcl and mol: 0.000332832 s
numbers of trajectories: 10000
time trajectory calculation: 2.2582 s
task: 5
worker id: 64978
time create lcl and mol: 0.000354052 s
numbers of trajectories: 10000
time trajectory calculation: 1.88423 s
task: 6
worker id: 64997
time create lcl and mol: 0.000319958 s
numbers of trajectories: 10000
time trajectory calculation: 2.12735 s
task: 7
worker id: 64984
time create lcl and mol: 0.000347137 s
numbers of trajectories: 10000
time trajectory calculation: 2.25265 s
task: 8
worker id: 64752
time create lcl and mol: 0.000339985 s
numbers of trajectories: 10000
time trajectory calculation: 2.10324 s
task: 9
worker id: 64698
time create lcl and mol: 0.000344992 s
numbers of trajectories: 10000
time trajectory calculation: 1.94177 s
CCS time: 3.88252 s
*********************************************************
average value of CCS = 793.142 Ang^2
error value of CCS = 15.0438 Ang^2
Total time: 3.89046 s
Program finished...
*********************************************************
INPUT:: Simulation Parameters 
*********************************************************
target filename                  : 01_1mlt_carga_3_min.xyz
number of probe                  : 10000
number of iterarions             : 10
number of tasks                  : 10
number of threads                : 24
seed number                      : 2104
gas buffer                       : N2
Target Temperature (K)           : 298
timestep (fs)                    : 10
Skin cell size (Ang)             : 0.01
Equipotential                    : no
Cut short-range interaction      : yes
LJ cutoff (Ang)                  : 12
Apply long-range interaction     : yes
Cut long-range interaction       : yes
Coulomb cutoff (Ang)             : 25
Apply induced-dipole interaction : yes
alpha (Ang^3)                    : 1.71
force_type: 6
*********************************************************
Force Field parameters: 
*********************************************************
Symbol  mass (amu)  epislon (kcal/mol)  sigma(Angstroms) 
C   12.011   0.0824736   3.2255
N   14.007   0.0758527   3.5719
H   1.008   0.0362711   1.8986
O   15.999   0.062323   3.075
S   32.06   0.138032   3.4237
P   30.9738   0.145372   3.47
*********************************************************
MOLECULE:: orientation around the inertia principal axis 
*********************************************************
Inertia matrix a.u. Ang^2: 
{  112374  116279  -26361.3  }
{  116279  281882  12310.3  }
{  -26361.3  12310.3  331392  }
Rotation matrix applied to molecule: 
{  0.461441  0.875795  -0.14162  }
{  -0.886782  0.450595  -0.102872  }
{  -0.0262822  0.173055  0.984561  }
Molecule radius: 20.5023 Ang 
orientation time of molecule target: 0.00100708 s
target mass: 2850.52 amu
gas mass: 28.014 amu
reduce mass: 28.014 amu
charge state: 2.9992 e
*********************************************************
Geometric Ellipsoid: 
*********************************************************
maximal distances: 8.06564  8.36757  19.3915  Ang
Initial axis length: 59.1732  59.4752  70.4991  Ang
Ellipsoid axis length: 62.5432  62.8452  73.8691  Ang
ellipsoid calculation time: 4.00543e-05 s
maximal impact parameter: 73.8691 Ang
*********************************************************
Linked-cell: 
Numbers of cells: 1573
Nx: 11 Ny: 11 Nz: 13
Filled cells: 13
Empty cells: 1560
Average atoms per cell: 33.2308
Maximum atoms per cell: 137
Minimum atoms per cell: 2
Simulation box: 
lx: 132.11 Ang
ly: 132.11 Ang
lz: 156.13 Ang
linked-cell calculation time: 0.00165105 s
time info: 4.00543e-05 s
*********************************************************
Trajectory calculations 
*********************************************************
out target time: 3.67919 s
Ntraj: 10000
Nfree: 2022
Nscatter: 7973
Nlost: 5
omega: 825.806
Ntraj: 10000
Nfree: 1945
Nscatter: 8054
Nlost: 1
omega: 800.741
Ntraj: 10000
Nfree: 1865
Nscatter: 8133
Nlost: 2
omega: 763.934
Ntraj: 10000
Nfree: 1962
Nscatter: 8031
Nlost: 7
omega: 831.499
Ntraj: 10000
Nfree: 1924
Nscatter: 8066
Nlost: 10
omega: 821.285
Ntraj: 10000
Nfree: 1953
Nscatter: 8041
Nlost: 6
omega: 837.233
Ntraj: 10000
Nfree: 1916
Nscatter: 8072
Nlost: 12
omega: 709.89
Ntraj: 10000
Nfree: 1982
Nscatter: 8013
Nlost: 5
omega: 737.904
Ntraj: 10000
Nfree: 1950
Nscatter: 8043
Nlost: 7
omega: 745.339
Ntraj: 10000
Nfree: 1838
Nscatter: 8155
Nlost: 7
omega: 857.79
*********************************************************
task: 0
worker id: 65412
time create lcl and mol: 0.000360012 s
numbers of trajectories: 10000
time trajectory calculation: 1.67087 s
task: 1
worker id: 65412
time create lcl and mol: 0.000343084 s
numbers of trajectories: 10000
time trajectory calculation: 1.55479 s
task: 2
worker id: 65411
time create lcl and mol: 0.000339031 s
numbers of trajectories: 10000
time trajectory calculation: 1.78483 s
task: 3
worker id: 65395
time create lcl and mol: 0.000325918 s
numbers of trajectories: 10000
time trajectory calculation: 2.17769 s
task: 4
worker id: 64806
time create lcl and mol: 0.000357866 s
numbers of trajectories: 10000
time trajectory calculation: 2.26675 s
task: 5
worker id: 65411
time create lcl and mol: 0.000347853 s
numbers of trajectories: 10000
time trajectory calculation: 1.8337 s
task: 6
worker id: 65166
time create lcl and mol: 0.000352859 s
numbers of trajectories: 10000
time trajectory calculation: 2.09848 s
task: 7
worker id: 65099
time create lcl and mol: 0.000525951 s
numbers of trajectories: 10000
time trajectory calculation: 2.32792 s
task: 8
worker id: 65378
time create lcl and mol: 0.000307083 s
numbers of trajectories: 10000
time trajectory calculation: 2.12939 s
task: 9
worker id: 65400
time create lcl and mol: 0.000327826 s
numbers of trajectories: 10000
time trajectory calculation: 1.99818 s
CCS time: 3.68925 s
*********************************************************
average value of CCS = 793.142 Ang^2
error value of CCS = 15.0438 Ang^2
Total time: 3.69708 s
Program finished...
