*********************************************************
INPUT:: Simulation Parameters 
*********************************************************
target filename                  : 6ola_pH74.xyz
number of probe                  : 10000
number of iterarions             : 10
number of tasks                  : 18
number of threads                : 24
seed number                      : 2104
gas buffer                       : N2
Target Temperature (K)           : 298
timestep (fs)                    : 10
Skin cell size (Ang)             : 0.01
Equipotential                    : no
Cut short-range interaction      : yes
LJ cutoff (Ang)                  : 12
Apply long-range interaction     : yes
Cut long-range interaction       : yes
Coulomb cutoff (Ang)             : 25
Apply induced-dipole interaction : yes
alpha (Ang^3)                    : 1.71
force_type: 6
*********************************************************
Force Field parameters: 
*********************************************************
Symbol  mass (amu)  epislon (kcal/mol)  sigma(Angstroms) 
C   12.011   0.0824736   3.2255
N   14.007   0.0758527   3.5719
H   1.008   0.0362711   1.8986
O   15.999   0.062323   3.075
S   32.06   0.138032   3.4237
P   30.9738   0.145372   3.47
*********************************************************
MOLECULE:: orientation around the inertia principal axis 
*********************************************************
Inertia matrix a.u. Ang^2: 
{  6.20552e+09  146226  304150  }
{  146226  6.20532e+09  -389388  }
{  304150  -389388  6.20531e+09  }
Rotation matrix applied to molecule: 
{  0.581053  -0.406044  0.705341  }
{  -0.403981  0.608439  0.683082  }
{  -0.706518  -0.681851  0.189501  }
Molecule radius: 104.521 Ang 
orientation time of molecule target: 0.413699 s
target mass: 1.38316e+06 amu
gas mass: 28.014 amu
reduce mass: 28.014 amu
charge state: 682.99 e
*********************************************************
Geometric Ellipsoid: 
*********************************************************
maximal distances: 104.098  97.6909  104.521  Ang
Initial axis length: 155.205  148.799  155.629  Ang
Ellipsoid axis length: 161.155  154.749  161.579  Ang
ellipsoid calculation time: 0.00128889 s
maximal impact parameter: 161.579 Ang
*********************************************************
Linked-cell: 
Numbers of cells: 18954
Nx: 27 Ny: 26 Nz: 27
Filled cells: 2129
Empty cells: 16825
Average atoms per cell: 91.0113
Maximum atoms per cell: 206
Minimum atoms per cell: 1
Simulation box: 
lx: 324.27 Ang
ly: 312.26 Ang
lz: 324.27 Ang
linked-cell calculation time: 0.0409081 s
time info: 0.0061059 s
*********************************************************
Trajectory calculations 
*********************************************************
out target time: 112.688 s
Ntraj: 10000
Nfree: 319
Nscatter: 9678
Nlost: 3
omega: 43834.7
Ntraj: 10000
Nfree: 271
Nscatter: 9727
Nlost: 2
omega: 44113.6
Ntraj: 10000
Nfree: 302
Nscatter: 9698
Nlost: 0
omega: 44064.3
Ntraj: 10000
Nfree: 317
Nscatter: 9681
Nlost: 2
omega: 43205.4
Ntraj: 10000
Nfree: 322
Nscatter: 9678
Nlost: 0
omega: 44286.7
Ntraj: 10000
Nfree: 302
Nscatter: 9697
Nlost: 1
omega: 44024.8
Ntraj: 10000
Nfree: 306
Nscatter: 9692
Nlost: 2
omega: 43110.7
Ntraj: 10000
Nfree: 301
Nscatter: 9698
Nlost: 1
omega: 43946.7
Ntraj: 10000
Nfree: 288
Nscatter: 9711
Nlost: 1
omega: 43744.3
Ntraj: 10000
Nfree: 293
Nscatter: 9702
Nlost: 5
omega: 44547.6
*********************************************************
task: 0
worker id: 78903
time create lcl and mol: 0.00815511 s
numbers of trajectories: 5556
time trajectory calculation: 26.2736 s
task: 1
worker id: 75930
time create lcl and mol: 0.00811315 s
numbers of trajectories: 5556
time trajectory calculation: 22.203 s
task: 2
worker id: 78903
time create lcl and mol: 0.00820684 s
numbers of trajectories: 5556
time trajectory calculation: 27.6239 s
task: 3
worker id: 42044
time create lcl and mol: 0.00825 s
numbers of trajectories: 5556
time trajectory calculation: 39.6675 s
task: 4
worker id: 4296
time create lcl and mol: 0.00814104 s
numbers of trajectories: 5556
time trajectory calculation: 26.3496 s
task: 5
worker id: 26110
time create lcl and mol: 0.00815988 s
numbers of trajectories: 5556
time trajectory calculation: 33.9669 s
task: 6
worker id: 16467
time create lcl and mol: 0.00839877 s
numbers of trajectories: 5556
time trajectory calculation: 40.3859 s
task: 7
worker id: 49014
time create lcl and mol: 0.00817895 s
numbers of trajectories: 5556
time trajectory calculation: 28.0964 s
task: 8
worker id: 78903
time create lcl and mol: 0.00819492 s
numbers of trajectories: 5556
time trajectory calculation: 25.5471 s
task: 9
worker id: 32590
time create lcl and mol: 0.0083251 s
numbers of trajectories: 5556
time trajectory calculation: 21.2784 s
task: 10
worker id: 32590
time create lcl and mol: 0.00812292 s
numbers of trajectories: 5555
time trajectory calculation: 26.2956 s
task: 11
worker id: 26110
time create lcl and mol: 0.00807309 s
numbers of trajectories: 5555
time trajectory calculation: 22.0867 s
task: 12
worker id: 16467
time create lcl and mol: 0.00857997 s
numbers of trajectories: 5555
time trajectory calculation: 72.1841 s
task: 13
worker id: 75930
time create lcl and mol: 0.00767207 s
numbers of trajectories: 5555
time trajectory calculation: 29.9688 s
task: 14
worker id: 4296
time create lcl and mol: 0.00855803 s
numbers of trajectories: 5555
time trajectory calculation: 29.8633 s
task: 15
worker id: 49014
time create lcl and mol: 0.00825 s
numbers of trajectories: 5555
time trajectory calculation: 25.6487 s
task: 16
worker id: 42044
time create lcl and mol: 0.00859118 s
numbers of trajectories: 5555
time trajectory calculation: 24.1383 s
task: 17
worker id: 32590
time create lcl and mol: 0.00809598 s
numbers of trajectories: 5555
time trajectory calculation: 22.7584 s
CCS time: 112.705 s
*********************************************************
average value of CCS = 43887.9 Ang^2
error value of CCS = 133.858 Ang^2
Total time: 113.165 s
Program finished...
*********************************************************
INPUT:: Simulation Parameters 
*********************************************************
target filename                  : 6ola_pH74.xyz
number of probe                  : 10000
number of iterarions             : 10
number of tasks                  : 18
number of threads                : 24
seed number                      : 2104
gas buffer                       : N2
Target Temperature (K)           : 298
timestep (fs)                    : 10
Skin cell size (Ang)             : 0.01
Equipotential                    : no
Cut short-range interaction      : yes
LJ cutoff (Ang)                  : 12
Apply long-range interaction     : yes
Cut long-range interaction       : yes
Coulomb cutoff (Ang)             : 25
Apply induced-dipole interaction : yes
alpha (Ang^3)                    : 1.71
force_type: 6
*********************************************************
Force Field parameters: 
*********************************************************
Symbol  mass (amu)  epislon (kcal/mol)  sigma(Angstroms) 
C   12.011   0.0824736   3.2255
N   14.007   0.0758527   3.5719
H   1.008   0.0362711   1.8986
O   15.999   0.062323   3.075
S   32.06   0.138032   3.4237
P   30.9738   0.145372   3.47
*********************************************************
MOLECULE:: orientation around the inertia principal axis 
*********************************************************
Inertia matrix a.u. Ang^2: 
{  6.20552e+09  146226  304150  }
{  146226  6.20532e+09  -389388  }
{  304150  -389388  6.20531e+09  }
Rotation matrix applied to molecule: 
{  0.581053  -0.406044  0.705341  }
{  -0.403981  0.608439  0.683082  }
{  -0.706518  -0.681851  0.189501  }
Molecule radius: 104.521 Ang 
orientation time of molecule target: 0.207645 s
target mass: 1.38316e+06 amu
gas mass: 28.014 amu
reduce mass: 28.014 amu
charge state: 682.99 e
*********************************************************
Geometric Ellipsoid: 
*********************************************************
maximal distances: 104.098  97.6909  104.521  Ang
Initial axis length: 155.205  148.799  155.629  Ang
Ellipsoid axis length: 161.155  154.749  161.579  Ang
ellipsoid calculation time: 0.00121713 s
maximal impact parameter: 161.579 Ang
*********************************************************
Linked-cell: 
Numbers of cells: 18954
Nx: 27 Ny: 26 Nz: 27
Filled cells: 2129
Empty cells: 16825
Average atoms per cell: 91.0113
Maximum atoms per cell: 206
Minimum atoms per cell: 1
Simulation box: 
lx: 324.27 Ang
ly: 312.26 Ang
lz: 324.27 Ang
linked-cell calculation time: 0.0407171 s
time info: 0.00607014 s
*********************************************************
Trajectory calculations 
*********************************************************
out target time: 98.8949 s
Ntraj: 10000
Nfree: 319
Nscatter: 9678
Nlost: 3
omega: 43834.7
Ntraj: 10000
Nfree: 271
Nscatter: 9727
Nlost: 2
omega: 44113.6
Ntraj: 10000
Nfree: 302
Nscatter: 9698
Nlost: 0
omega: 44064.3
Ntraj: 10000
Nfree: 317
Nscatter: 9681
Nlost: 2
omega: 43205.4
Ntraj: 10000
Nfree: 322
Nscatter: 9678
Nlost: 0
omega: 44286.7
Ntraj: 10000
Nfree: 302
Nscatter: 9697
Nlost: 1
omega: 44024.8
Ntraj: 10000
Nfree: 306
Nscatter: 9692
Nlost: 2
omega: 43110.7
Ntraj: 10000
Nfree: 301
Nscatter: 9698
Nlost: 1
omega: 43946.7
Ntraj: 10000
Nfree: 288
Nscatter: 9711
Nlost: 1
omega: 43744.3
Ntraj: 10000
Nfree: 293
Nscatter: 9702
Nlost: 5
omega: 44547.6
*********************************************************
task: 0
worker id: 29999
time create lcl and mol: 0.00801992 s
numbers of trajectories: 5556
time trajectory calculation: 25.7907 s
task: 1
worker id: 79819
time create lcl and mol: 0.00839186 s
numbers of trajectories: 5556
time trajectory calculation: 22.3197 s
task: 2
worker id: 82786
time create lcl and mol: 0.00815296 s
numbers of trajectories: 5556
time trajectory calculation: 27.8349 s
task: 3
worker id: 20366
time create lcl and mol: 0.00814104 s
numbers of trajectories: 5556
time trajectory calculation: 40.4847 s
task: 4
worker id: 8184
time create lcl and mol: 0.00811815 s
numbers of trajectories: 5556
time trajectory calculation: 26.2341 s
task: 5
worker id: 45936
time create lcl and mol: 0.00810313 s
numbers of trajectories: 5556
time trajectory calculation: 34.858 s
task: 6
worker id: 52901
time create lcl and mol: 0.00800204 s
numbers of trajectories: 5556
time trajectory calculation: 41.0906 s
task: 7
worker id: 52901
time create lcl and mol: 0.00798702 s
numbers of trajectories: 5556
time trajectory calculation: 28.5087 s
task: 8
worker id: 36480
time create lcl and mol: 0.00868177 s
numbers of trajectories: 5556
time trajectory calculation: 25.3824 s
task: 9
worker id: 8184
time create lcl and mol: 0.00868011 s
numbers of trajectories: 5556
time trajectory calculation: 21.1393 s
task: 10
worker id: 29999
time create lcl and mol: 0.00809288 s
numbers of trajectories: 5555
time trajectory calculation: 26.66 s
task: 11
worker id: 20366
time create lcl and mol: 0.00809908 s
numbers of trajectories: 5555
time trajectory calculation: 22.6405 s
task: 12
worker id: 36480
time create lcl and mol: 0.00879192 s
numbers of trajectories: 5555
time trajectory calculation: 73.3975 s
task: 13
worker id: 45936
time create lcl and mol: 0.00816894 s
numbers of trajectories: 5555
time trajectory calculation: 30.0886 s
task: 14
worker id: 79819
time create lcl and mol: 0.0078702 s
numbers of trajectories: 5555
time trajectory calculation: 29.9484 s
task: 15
worker id: 82786
time create lcl and mol: 0.00762105 s
numbers of trajectories: 5555
time trajectory calculation: 26.6309 s
task: 16
worker id: 8184
time create lcl and mol: 0.010294 s
numbers of trajectories: 5555
time trajectory calculation: 24.063 s
task: 17
worker id: 79819
time create lcl and mol: 0.00806308 s
numbers of trajectories: 5555
time trajectory calculation: 22.9108 s
CCS time: 98.911 s
*********************************************************
average value of CCS = 43887.9 Ang^2
error value of CCS = 133.858 Ang^2
Total time: 99.1654 s
Program finished...
*********************************************************
INPUT:: Simulation Parameters 
*********************************************************
target filename                  : 6ola_pH74.xyz
number of probe                  : 10000
number of iterarions             : 10
number of tasks                  : 18
number of threads                : 24
seed number                      : 2104
gas buffer                       : N2
Target Temperature (K)           : 298
timestep (fs)                    : 10
Skin cell size (Ang)             : 0.01
Equipotential                    : no
Cut short-range interaction      : yes
LJ cutoff (Ang)                  : 12
Apply long-range interaction     : yes
Cut long-range interaction       : yes
Coulomb cutoff (Ang)             : 25
Apply induced-dipole interaction : yes
alpha (Ang^3)                    : 1.71
force_type: 6
*********************************************************
Force Field parameters: 
*********************************************************
Symbol  mass (amu)  epislon (kcal/mol)  sigma(Angstroms) 
C   12.011   0.0824736   3.2255
N   14.007   0.0758527   3.5719
H   1.008   0.0362711   1.8986
O   15.999   0.062323   3.075
S   32.06   0.138032   3.4237
P   30.9738   0.145372   3.47
*********************************************************
MOLECULE:: orientation around the inertia principal axis 
*********************************************************
Inertia matrix a.u. Ang^2: 
{  6.20552e+09  146226  304150  }
{  146226  6.20532e+09  -389388  }
{  304150  -389388  6.20531e+09  }
Rotation matrix applied to molecule: 
{  0.581053  -0.406044  0.705341  }
{  -0.403981  0.608439  0.683082  }
{  -0.706518  -0.681851  0.189501  }
Molecule radius: 104.521 Ang 
orientation time of molecule target: 0.206733 s
target mass: 1.38316e+06 amu
gas mass: 28.014 amu
reduce mass: 28.014 amu
charge state: 682.99 e
*********************************************************
Geometric Ellipsoid: 
*********************************************************
maximal distances: 104.098  97.6909  104.521  Ang
Initial axis length: 155.205  148.799  155.629  Ang
Ellipsoid axis length: 161.155  154.749  161.579  Ang
ellipsoid calculation time: 0.0011909 s
maximal impact parameter: 161.579 Ang
*********************************************************
Linked-cell: 
Numbers of cells: 18954
Nx: 27 Ny: 26 Nz: 27
Filled cells: 2129
Empty cells: 16825
Average atoms per cell: 91.0113
Maximum atoms per cell: 206
Minimum atoms per cell: 1
Simulation box: 
lx: 324.27 Ang
ly: 312.26 Ang
lz: 324.27 Ang
linked-cell calculation time: 0.0408161 s
time info: 0.00620008 s
*********************************************************
Trajectory calculations 
*********************************************************
out target time: 100.759 s
Ntraj: 10000
Nfree: 319
Nscatter: 9678
Nlost: 3
omega: 43834.7
Ntraj: 10000
Nfree: 271
Nscatter: 9727
Nlost: 2
omega: 44113.6
Ntraj: 10000
Nfree: 302
Nscatter: 9698
Nlost: 0
omega: 44064.3
Ntraj: 10000
Nfree: 317
Nscatter: 9681
Nlost: 2
omega: 43205.4
Ntraj: 10000
Nfree: 322
Nscatter: 9678
Nlost: 0
omega: 44286.7
Ntraj: 10000
Nfree: 302
Nscatter: 9697
Nlost: 1
omega: 44024.8
Ntraj: 10000
Nfree: 306
Nscatter: 9692
Nlost: 2
omega: 43110.7
Ntraj: 10000
Nfree: 301
Nscatter: 9698
Nlost: 1
omega: 43946.7
Ntraj: 10000
Nfree: 288
Nscatter: 9711
Nlost: 1
omega: 43744.3
Ntraj: 10000
Nfree: 293
Nscatter: 9702
Nlost: 5
omega: 44547.6
*********************************************************
task: 0
worker id: 23685
time create lcl and mol: 0.00831389 s
numbers of trajectories: 5556
time trajectory calculation: 25.9756 s
task: 1
worker id: 56189
time create lcl and mol: 0.00826883 s
numbers of trajectories: 5556
time trajectory calculation: 22.3481 s
task: 2
worker id: 86104
time create lcl and mol: 0.00809979 s
numbers of trajectories: 5556
time trajectory calculation: 27.7248 s
task: 3
worker id: 49219
time create lcl and mol: 0.00819397 s
numbers of trajectories: 5556
time trajectory calculation: 40.5774 s
task: 4
worker id: 83123
time create lcl and mol: 0.0082221 s
numbers of trajectories: 5556
time trajectory calculation: 26.077 s
task: 5
worker id: 11476
time create lcl and mol: 0.008111 s
numbers of trajectories: 5556
time trajectory calculation: 35.033 s
task: 6
worker id: 33293
time create lcl and mol: 0.00827193 s
numbers of trajectories: 5556
time trajectory calculation: 41.3591 s
task: 7
worker id: 39766
time create lcl and mol: 0.00798106 s
numbers of trajectories: 5556
time trajectory calculation: 28.4776 s
task: 8
worker id: 33293
time create lcl and mol: 0.00852609 s
numbers of trajectories: 5556
time trajectory calculation: 25.2354 s
task: 9
worker id: 56189
time create lcl and mol: 0.00843287 s
numbers of trajectories: 5556
time trajectory calculation: 21.0198 s
task: 10
worker id: 23685
time create lcl and mol: 0.00847912 s
numbers of trajectories: 5555
time trajectory calculation: 26.2053 s
task: 11
worker id: 11476
time create lcl and mol: 0.00826192 s
numbers of trajectories: 5555
time trajectory calculation: 22.188 s
task: 12
worker id: 86104
time create lcl and mol: 0.00799298 s
numbers of trajectories: 5555
time trajectory calculation: 72.9444 s
task: 13
worker id: 56189
time create lcl and mol: 0.00806808 s
numbers of trajectories: 5555
time trajectory calculation: 29.942 s
task: 14
worker id: 83123
time create lcl and mol: 0.00986314 s
numbers of trajectories: 5555
time trajectory calculation: 29.3198 s
task: 15
worker id: 49219
time create lcl and mol: 0.00793719 s
numbers of trajectories: 5555
time trajectory calculation: 26.4642 s
task: 16
worker id: 23685
time create lcl and mol: 0.00787616 s
numbers of trajectories: 5555
time trajectory calculation: 24.507 s
task: 17
worker id: 39766
time create lcl and mol: 0.00827193 s
numbers of trajectories: 5555
time trajectory calculation: 22.6887 s
CCS time: 100.775 s
*********************************************************
average value of CCS = 43887.9 Ang^2
error value of CCS = 133.858 Ang^2
Total time: 101.029 s
Program finished...
*********************************************************
INPUT:: Simulation Parameters 
*********************************************************
target filename                  : 6ola_pH74.xyz
number of probe                  : 10000
number of iterarions             : 10
number of tasks                  : 18
number of threads                : 24
seed number                      : 2104
gas buffer                       : N2
Target Temperature (K)           : 298
timestep (fs)                    : 10
Skin cell size (Ang)             : 0.01
Equipotential                    : no
Cut short-range interaction      : yes
LJ cutoff (Ang)                  : 12
Apply long-range interaction     : yes
Cut long-range interaction       : yes
Coulomb cutoff (Ang)             : 25
Apply induced-dipole interaction : yes
alpha (Ang^3)                    : 1.71
force_type: 6
*********************************************************
Force Field parameters: 
*********************************************************
Symbol  mass (amu)  epislon (kcal/mol)  sigma(Angstroms) 
C   12.011   0.0824736   3.2255
N   14.007   0.0758527   3.5719
H   1.008   0.0362711   1.8986
O   15.999   0.062323   3.075
S   32.06   0.138032   3.4237
P   30.9738   0.145372   3.47
*********************************************************
MOLECULE:: orientation around the inertia principal axis 
*********************************************************
Inertia matrix a.u. Ang^2: 
{  6.20552e+09  146226  304150  }
{  146226  6.20532e+09  -389388  }
{  304150  -389388  6.20531e+09  }
Rotation matrix applied to molecule: 
{  0.581053  -0.406044  0.705341  }
{  -0.403981  0.608439  0.683082  }
{  -0.706518  -0.681851  0.189501  }
Molecule radius: 104.521 Ang 
orientation time of molecule target: 0.218593 s
target mass: 1.38316e+06 amu
gas mass: 28.014 amu
reduce mass: 28.014 amu
charge state: 682.99 e
*********************************************************
Geometric Ellipsoid: 
*********************************************************
maximal distances: 104.098  97.6909  104.521  Ang
Initial axis length: 155.205  148.799  155.629  Ang
Ellipsoid axis length: 161.155  154.749  161.579  Ang
ellipsoid calculation time: 0.00124002 s
maximal impact parameter: 161.579 Ang
*********************************************************
Linked-cell: 
Numbers of cells: 18954
Nx: 27 Ny: 26 Nz: 27
Filled cells: 2129
Empty cells: 16825
Average atoms per cell: 91.0113
Maximum atoms per cell: 206
Minimum atoms per cell: 1
Simulation box: 
lx: 324.27 Ang
ly: 312.26 Ang
lz: 324.27 Ang
linked-cell calculation time: 0.042614 s
time info: 0.00541997 s
*********************************************************
Trajectory calculations 
*********************************************************
out target time: 106.73 s
Ntraj: 10000
Nfree: 319
Nscatter: 9678
Nlost: 3
omega: 43834.7
Ntraj: 10000
Nfree: 271
Nscatter: 9727
Nlost: 2
omega: 44113.6
Ntraj: 10000
Nfree: 302
Nscatter: 9698
Nlost: 0
omega: 44064.3
Ntraj: 10000
Nfree: 317
Nscatter: 9681
Nlost: 2
omega: 43205.4
Ntraj: 10000
Nfree: 322
Nscatter: 9678
Nlost: 0
omega: 44286.7
Ntraj: 10000
Nfree: 302
Nscatter: 9697
Nlost: 1
omega: 44024.8
Ntraj: 10000
Nfree: 306
Nscatter: 9692
Nlost: 2
omega: 43110.7
Ntraj: 10000
Nfree: 301
Nscatter: 9698
Nlost: 1
omega: 43946.7
Ntraj: 10000
Nfree: 288
Nscatter: 9711
Nlost: 1
omega: 43744.3
Ntraj: 10000
Nfree: 293
Nscatter: 9702
Nlost: 5
omega: 44547.6
*********************************************************
task: 0
worker id: 52469
time create lcl and mol: 0.00814605 s
numbers of trajectories: 5556
time trajectory calculation: 25.85 s
task: 1
worker id: 14721
time create lcl and mol: 0.00843596 s
numbers of trajectories: 5556
time trajectory calculation: 22.2573 s
task: 2
worker id: 86372
time create lcl and mol: 0.00815415 s
numbers of trajectories: 5556
time trajectory calculation: 28.0318 s
task: 3
worker id: 26941
time create lcl and mol: 0.00809908 s
numbers of trajectories: 5556
time trajectory calculation: 40.8807 s
task: 4
worker id: 36544
time create lcl and mol: 0.00824499 s
numbers of trajectories: 5556
time trajectory calculation: 25.412 s
task: 5
worker id: 89350
time create lcl and mol: 0.00804901 s
numbers of trajectories: 5556
time trajectory calculation: 34.6909 s
task: 6
worker id: 59444
time create lcl and mol: 0.00816894 s
numbers of trajectories: 5556
time trajectory calculation: 40.3091 s
task: 7
worker id: 43001
time create lcl and mol: 0.00831795 s
numbers of trajectories: 5556
time trajectory calculation: 27.7278 s
task: 8
worker id: 14721
time create lcl and mol: 0.00797009 s
numbers of trajectories: 5556
time trajectory calculation: 25.5613 s
task: 9
worker id: 26941
time create lcl and mol: 0.00815988 s
numbers of trajectories: 5556
time trajectory calculation: 21.1142 s
task: 10
worker id: 86372
time create lcl and mol: 0.00780511 s
numbers of trajectories: 5555
time trajectory calculation: 26.2156 s
task: 11
worker id: 36544
time create lcl and mol: 0.00838995 s
numbers of trajectories: 5555
time trajectory calculation: 21.8683 s
task: 12
worker id: 89350
time create lcl and mol: 0.00819802 s
numbers of trajectories: 5555
time trajectory calculation: 71.9494 s
task: 13
worker id: 43001
time create lcl and mol: 0.00835299 s
numbers of trajectories: 5555
time trajectory calculation: 30.2717 s
task: 14
worker id: 59444
time create lcl and mol: 0.00802493 s
numbers of trajectories: 5555
time trajectory calculation: 30.0605 s
task: 15
worker id: 14721
time create lcl and mol: 0.00860715 s
numbers of trajectories: 5555
time trajectory calculation: 26.6701 s
task: 16
worker id: 52469
time create lcl and mol: 0.00780392 s
numbers of trajectories: 5555
time trajectory calculation: 24.5665 s
task: 17
worker id: 36544
time create lcl and mol: 0.00777602 s
numbers of trajectories: 5555
time trajectory calculation: 22.8008 s
CCS time: 106.746 s
*********************************************************
average value of CCS = 43887.9 Ang^2
error value of CCS = 133.858 Ang^2
Total time: 107.013 s
Program finished...
*********************************************************
INPUT:: Simulation Parameters 
*********************************************************
target filename                  : 6ola_pH74.xyz
number of probe                  : 10000
number of iterarions             : 10
number of tasks                  : 18
number of threads                : 24
seed number                      : 2104
gas buffer                       : N2
Target Temperature (K)           : 298
timestep (fs)                    : 10
Skin cell size (Ang)             : 0.01
Equipotential                    : no
Cut short-range interaction      : yes
LJ cutoff (Ang)                  : 12
Apply long-range interaction     : yes
Cut long-range interaction       : yes
Coulomb cutoff (Ang)             : 25
Apply induced-dipole interaction : yes
alpha (Ang^3)                    : 1.71
force_type: 6
*********************************************************
Force Field parameters: 
*********************************************************
Symbol  mass (amu)  epislon (kcal/mol)  sigma(Angstroms) 
C   12.011   0.0824736   3.2255
N   14.007   0.0758527   3.5719
H   1.008   0.0362711   1.8986
O   15.999   0.062323   3.075
S   32.06   0.138032   3.4237
P   30.9738   0.145372   3.47
*********************************************************
MOLECULE:: orientation around the inertia principal axis 
*********************************************************
Inertia matrix a.u. Ang^2: 
{  6.20552e+09  146226  304150  }
{  146226  6.20532e+09  -389388  }
{  304150  -389388  6.20531e+09  }
Rotation matrix applied to molecule: 
{  0.581053  -0.406044  0.705341  }
{  -0.403981  0.608439  0.683082  }
{  -0.706518  -0.681851  0.189501  }
Molecule radius: 104.521 Ang 
orientation time of molecule target: 0.207448 s
target mass: 1.38316e+06 amu
gas mass: 28.014 amu
reduce mass: 28.014 amu
charge state: 682.99 e
*********************************************************
Geometric Ellipsoid: 
*********************************************************
maximal distances: 104.098  97.6909  104.521  Ang
Initial axis length: 155.205  148.799  155.629  Ang
Ellipsoid axis length: 161.155  154.749  161.579  Ang
ellipsoid calculation time: 0.00130105 s
maximal impact parameter: 161.579 Ang
*********************************************************
Linked-cell: 
Numbers of cells: 18954
Nx: 27 Ny: 26 Nz: 27
Filled cells: 2129
Empty cells: 16825
Average atoms per cell: 91.0113
Maximum atoms per cell: 206
Minimum atoms per cell: 1
Simulation box: 
lx: 324.27 Ang
ly: 312.26 Ang
lz: 324.27 Ang
linked-cell calculation time: 0.0409679 s
time info: 0.00608397 s
*********************************************************
Trajectory calculations 
*********************************************************
out target time: 111.792 s
Ntraj: 10000
Nfree: 319
Nscatter: 9678
Nlost: 3
omega: 43834.7
Ntraj: 10000
Nfree: 271
Nscatter: 9727
Nlost: 2
omega: 44113.6
Ntraj: 10000
Nfree: 302
Nscatter: 9698
Nlost: 0
omega: 44064.3
Ntraj: 10000
Nfree: 317
Nscatter: 9681
Nlost: 2
omega: 43205.4
Ntraj: 10000
Nfree: 322
Nscatter: 9678
Nlost: 0
omega: 44286.7
Ntraj: 10000
Nfree: 302
Nscatter: 9697
Nlost: 1
omega: 44024.8
Ntraj: 10000
Nfree: 306
Nscatter: 9692
Nlost: 2
omega: 43110.7
Ntraj: 10000
Nfree: 301
Nscatter: 9698
Nlost: 1
omega: 43946.7
Ntraj: 10000
Nfree: 288
Nscatter: 9711
Nlost: 1
omega: 43744.3
Ntraj: 10000
Nfree: 293
Nscatter: 9702
Nlost: 5
omega: 44547.6
*********************************************************
task: 0
worker id: 89959
time create lcl and mol: 0.00822377 s
numbers of trajectories: 5556
time trajectory calculation: 25.9168 s
task: 1
worker id: 63026
time create lcl and mol: 0.00838304 s
numbers of trajectories: 5556
time trajectory calculation: 22.2775 s
task: 2
worker id: 40137
time create lcl and mol: 0.00882196 s
numbers of trajectories: 5556
time trajectory calculation: 27.9503 s
task: 3
worker id: 56060
time create lcl and mol: 0.00815701 s
numbers of trajectories: 5556
time trajectory calculation: 39.1573 s
task: 4
worker id: 30535
time create lcl and mol: 0.00830889 s
numbers of trajectories: 5556
time trajectory calculation: 26.2247 s
task: 5
worker id: 92935
time create lcl and mol: 0.00834203 s
numbers of trajectories: 5556
time trajectory calculation: 35.4352 s
task: 6
worker id: 18307
time create lcl and mol: 0.00846004 s
numbers of trajectories: 5556
time trajectory calculation: 41.2907 s
task: 7
worker id: 40137
time create lcl and mol: 0.00810003 s
numbers of trajectories: 5556
time trajectory calculation: 28.5128 s
task: 8
worker id: 92935
time create lcl and mol: 0.00855398 s
numbers of trajectories: 5556
time trajectory calculation: 25.1125 s
task: 9
worker id: 46586
time create lcl and mol: 0.0080092 s
numbers of trajectories: 5556
time trajectory calculation: 21.0503 s
task: 10
worker id: 30535
time create lcl and mol: 0.00815797 s
numbers of trajectories: 5555
time trajectory calculation: 26.6504 s
task: 11
worker id: 63026
time create lcl and mol: 0.00839901 s
numbers of trajectories: 5555
time trajectory calculation: 22.2743 s
task: 12
worker id: 56060
time create lcl and mol: 0.00845504 s
numbers of trajectories: 5555
time trajectory calculation: 72.5433 s
task: 13
worker id: 46586
time create lcl and mol: 0.00845408 s
numbers of trajectories: 5555
time trajectory calculation: 29.0951 s
task: 14
worker id: 18307
time create lcl and mol: 0.00778985 s
numbers of trajectories: 5555
time trajectory calculation: 29.8452 s
task: 15
worker id: 46586
time create lcl and mol: 0.00852013 s
numbers of trajectories: 5555
time trajectory calculation: 26.5811 s
task: 16
worker id: 89959
time create lcl and mol: 0.00843596 s
numbers of trajectories: 5555
time trajectory calculation: 24.092 s
task: 17
worker id: 63026
time create lcl and mol: 0.00881195 s
numbers of trajectories: 5555
time trajectory calculation: 22.8674 s
CCS time: 111.809 s
*********************************************************
average value of CCS = 43887.9 Ang^2
error value of CCS = 133.858 Ang^2
Total time: 112.063 s
Program finished...
*********************************************************
INPUT:: Simulation Parameters 
*********************************************************
target filename                  : 6ola_pH74.xyz
number of probe                  : 10000
number of iterarions             : 10
number of tasks                  : 18
number of threads                : 24
seed number                      : 2104
gas buffer                       : N2
Target Temperature (K)           : 298
timestep (fs)                    : 10
Skin cell size (Ang)             : 0.01
Equipotential                    : no
Cut short-range interaction      : yes
LJ cutoff (Ang)                  : 12
Apply long-range interaction     : yes
Cut long-range interaction       : yes
Coulomb cutoff (Ang)             : 25
Apply induced-dipole interaction : yes
alpha (Ang^3)                    : 1.71
force_type: 6
*********************************************************
Force Field parameters: 
*********************************************************
Symbol  mass (amu)  epislon (kcal/mol)  sigma(Angstroms) 
C   12.011   0.0824736   3.2255
N   14.007   0.0758527   3.5719
H   1.008   0.0362711   1.8986
O   15.999   0.062323   3.075
S   32.06   0.138032   3.4237
P   30.9738   0.145372   3.47
*********************************************************
MOLECULE:: orientation around the inertia principal axis 
*********************************************************
Inertia matrix a.u. Ang^2: 
{  6.20552e+09  146226  304150  }
{  146226  6.20532e+09  -389388  }
{  304150  -389388  6.20531e+09  }
Rotation matrix applied to molecule: 
{  0.581053  -0.406044  0.705341  }
{  -0.403981  0.608439  0.683082  }
{  -0.706518  -0.681851  0.189501  }
Molecule radius: 104.521 Ang 
orientation time of molecule target: 0.418938 s
target mass: 1.38316e+06 amu
gas mass: 28.014 amu
reduce mass: 28.014 amu
charge state: 682.99 e
*********************************************************
Geometric Ellipsoid: 
*********************************************************
maximal distances: 104.098  97.6909  104.521  Ang
Initial axis length: 155.205  148.799  155.629  Ang
Ellipsoid axis length: 161.155  154.749  161.579  Ang
ellipsoid calculation time: 0.00127602 s
maximal impact parameter: 161.579 Ang
*********************************************************
Linked-cell: 
Numbers of cells: 18954
Nx: 27 Ny: 26 Nz: 27
Filled cells: 2129
Empty cells: 16825
Average atoms per cell: 91.0113
Maximum atoms per cell: 206
Minimum atoms per cell: 1
Simulation box: 
lx: 324.27 Ang
ly: 312.26 Ang
lz: 324.27 Ang
linked-cell calculation time: 0.040936 s
time info: 0.004987 s
*********************************************************
Trajectory calculations 
*********************************************************
out target time: 94.1107 s
Ntraj: 10000
Nfree: 319
Nscatter: 9678
Nlost: 3
omega: 43834.7
Ntraj: 10000
Nfree: 271
Nscatter: 9727
Nlost: 2
omega: 44113.6
Ntraj: 10000
Nfree: 302
Nscatter: 9698
Nlost: 0
omega: 44064.3
Ntraj: 10000
Nfree: 317
Nscatter: 9681
Nlost: 2
omega: 43205.4
Ntraj: 10000
Nfree: 322
Nscatter: 9678
Nlost: 0
omega: 44286.7
Ntraj: 10000
Nfree: 302
Nscatter: 9697
Nlost: 1
omega: 44024.8
Ntraj: 10000
Nfree: 306
Nscatter: 9692
Nlost: 2
omega: 43110.7
Ntraj: 10000
Nfree: 301
Nscatter: 9698
Nlost: 1
omega: 43946.7
Ntraj: 10000
Nfree: 288
Nscatter: 9711
Nlost: 1
omega: 43744.3
Ntraj: 10000
Nfree: 293
Nscatter: 9702
Nlost: 5
omega: 44547.6
*********************************************************
task: 0
worker id: 92950
time create lcl and mol: 0.00813293 s
numbers of trajectories: 5556
time trajectory calculation: 25.8363 s
task: 1
worker id: 82200
time create lcl and mol: 0.00800419 s
numbers of trajectories: 5556
time trajectory calculation: 22.3871 s
task: 2
worker id: 82557
time create lcl and mol: 0.00807381 s
numbers of trajectories: 5556
time trajectory calculation: 27.7356 s
task: 3
worker id: 80735
time create lcl and mol: 0.008214 s
numbers of trajectories: 5556
time trajectory calculation: 40.3867 s
task: 4
worker id: 81794
time create lcl and mol: 0.00784802 s
numbers of trajectories: 5556
time trajectory calculation: 26.3655 s
task: 5
worker id: 81842
time create lcl and mol: 0.00843692 s
numbers of trajectories: 5556
time trajectory calculation: 35.198 s
task: 6
worker id: 80735
time create lcl and mol: 0.00811887 s
numbers of trajectories: 5556
time trajectory calculation: 40.7674 s
task: 7
worker id: 81427
time create lcl and mol: 0.0080061 s
numbers of trajectories: 5556
time trajectory calculation: 28.7059 s
task: 8
worker id: 81794
time create lcl and mol: 0.00869703 s
numbers of trajectories: 5556
time trajectory calculation: 25.5128 s
task: 9
worker id: 82061
time create lcl and mol: 0.00808215 s
numbers of trajectories: 5556
time trajectory calculation: 21.1611 s
task: 10
worker id: 81427
time create lcl and mol: 0.00814414 s
numbers of trajectories: 5555
time trajectory calculation: 26.6035 s
task: 11
worker id: 81794
time create lcl and mol: 0.00962996 s
numbers of trajectories: 5555
time trajectory calculation: 22.1911 s
task: 12
worker id: 82061
time create lcl and mol: 0.00835609 s
numbers of trajectories: 5555
time trajectory calculation: 72.8552 s
task: 13
worker id: 81842
time create lcl and mol: 0.00846791 s
numbers of trajectories: 5555
time trajectory calculation: 30.6766 s
task: 14
worker id: 92950
time create lcl and mol: 0.0085969 s
numbers of trajectories: 5555
time trajectory calculation: 30.3159 s
task: 15
worker id: 82557
time create lcl and mol: 0.00822806 s
numbers of trajectories: 5555
time trajectory calculation: 26.4765 s
task: 16
worker id: 82200
time create lcl and mol: 0.0083468 s
numbers of trajectories: 5555
time trajectory calculation: 24.0033 s
task: 17
worker id: 82200
time create lcl and mol: 0.00802493 s
numbers of trajectories: 5555
time trajectory calculation: 22.795 s
CCS time: 94.1256 s
*********************************************************
average value of CCS = 43887.9 Ang^2
error value of CCS = 133.858 Ang^2
Total time: 94.5921 s
Program finished...
*********************************************************
INPUT:: Simulation Parameters 
*********************************************************
target filename                  : 6ola_pH74.xyz
number of probe                  : 10000
number of iterarions             : 10
number of tasks                  : 18
number of threads                : 24
seed number                      : 2104
gas buffer                       : N2
Target Temperature (K)           : 298
timestep (fs)                    : 10
Skin cell size (Ang)             : 0.01
Equipotential                    : no
Cut short-range interaction      : yes
LJ cutoff (Ang)                  : 12
Apply long-range interaction     : yes
Cut long-range interaction       : yes
Coulomb cutoff (Ang)             : 25
Apply induced-dipole interaction : yes
alpha (Ang^3)                    : 1.71
force_type: 6
*********************************************************
Force Field parameters: 
*********************************************************
Symbol  mass (amu)  epislon (kcal/mol)  sigma(Angstroms) 
C   12.011   0.0824736   3.2255
N   14.007   0.0758527   3.5719
H   1.008   0.0362711   1.8986
O   15.999   0.062323   3.075
S   32.06   0.138032   3.4237
P   30.9738   0.145372   3.47
*********************************************************
MOLECULE:: orientation around the inertia principal axis 
*********************************************************
Inertia matrix a.u. Ang^2: 
{  6.20552e+09  146226  304150  }
{  146226  6.20532e+09  -389388  }
{  304150  -389388  6.20531e+09  }
Rotation matrix applied to molecule: 
{  0.581053  -0.406044  0.705341  }
{  -0.403981  0.608439  0.683082  }
{  -0.706518  -0.681851  0.189501  }
Molecule radius: 104.521 Ang 
orientation time of molecule target: 0.208181 s
target mass: 1.38316e+06 amu
gas mass: 28.014 amu
reduce mass: 28.014 amu
charge state: 682.99 e
*********************************************************
Geometric Ellipsoid: 
*********************************************************
maximal distances: 104.098  97.6909  104.521  Ang
Initial axis length: 155.205  148.799  155.629  Ang
Ellipsoid axis length: 161.155  154.749  161.579  Ang
ellipsoid calculation time: 0.00121307 s
maximal impact parameter: 161.579 Ang
*********************************************************
Linked-cell: 
Numbers of cells: 18954
Nx: 27 Ny: 26 Nz: 27
Filled cells: 2129
Empty cells: 16825
Average atoms per cell: 91.0113
Maximum atoms per cell: 206
Minimum atoms per cell: 1
Simulation box: 
lx: 324.27 Ang
ly: 312.26 Ang
lz: 324.27 Ang
linked-cell calculation time: 0.0397708 s
time info: 0.00574708 s
*********************************************************
Trajectory calculations 
*********************************************************
out target time: 99.7486 s
Ntraj: 10000
Nfree: 319
Nscatter: 9678
Nlost: 3
omega: 43834.7
Ntraj: 10000
Nfree: 271
Nscatter: 9727
Nlost: 2
omega: 44113.6
Ntraj: 10000
Nfree: 302
Nscatter: 9698
Nlost: 0
omega: 44064.3
Ntraj: 10000
Nfree: 317
Nscatter: 9681
Nlost: 2
omega: 43205.4
Ntraj: 10000
Nfree: 322
Nscatter: 9678
Nlost: 0
omega: 44286.7
Ntraj: 10000
Nfree: 302
Nscatter: 9697
Nlost: 1
omega: 44024.8
Ntraj: 10000
Nfree: 306
Nscatter: 9692
Nlost: 2
omega: 43110.7
Ntraj: 10000
Nfree: 301
Nscatter: 9698
Nlost: 1
omega: 43946.7
Ntraj: 10000
Nfree: 288
Nscatter: 9711
Nlost: 1
omega: 43744.3
Ntraj: 10000
Nfree: 293
Nscatter: 9702
Nlost: 5
omega: 44547.6
*********************************************************
task: 0
worker id: 84387
time create lcl and mol: 0.00798798 s
numbers of trajectories: 5556
time trajectory calculation: 25.9464 s
task: 1
worker id: 85161
time create lcl and mol: 0.00779295 s
numbers of trajectories: 5556
time trajectory calculation: 22.3995 s
task: 2
worker id: 83695
time create lcl and mol: 0.00771499 s
numbers of trajectories: 5556
time trajectory calculation: 27.7344 s
task: 3
worker id: 84748
time create lcl and mol: 0.00837588 s
numbers of trajectories: 5556
time trajectory calculation: 39.8047 s
task: 4
worker id: 95921
time create lcl and mol: 0.00797415 s
numbers of trajectories: 5556
time trajectory calculation: 25.8504 s
task: 5
worker id: 85517
time create lcl and mol: 0.0074749 s
numbers of trajectories: 5556
time trajectory calculation: 34.5424 s
task: 6
worker id: 84797
time create lcl and mol: 0.00795698 s
numbers of trajectories: 5556
time trajectory calculation: 40.5753 s
task: 7
worker id: 95921
time create lcl and mol: 0.00828695 s
numbers of trajectories: 5556
time trajectory calculation: 28.5181 s
task: 8
worker id: 85016
time create lcl and mol: 0.00778604 s
numbers of trajectories: 5556
time trajectory calculation: 25.0171 s
task: 9
worker id: 85016
time create lcl and mol: 0.00823307 s
numbers of trajectories: 5556
time trajectory calculation: 21.2242 s
task: 10
worker id: 85016
time create lcl and mol: 0.00826097 s
numbers of trajectories: 5555
time trajectory calculation: 26.4726 s
task: 11
worker id: 84387
time create lcl and mol: 0.00869417 s
numbers of trajectories: 5555
time trajectory calculation: 22.2909 s
task: 12
worker id: 83695
time create lcl and mol: 0.00854683 s
numbers of trajectories: 5555
time trajectory calculation: 71.8955 s
task: 13
worker id: 84748
time create lcl and mol: 0.0083952 s
numbers of trajectories: 5555
time trajectory calculation: 30.1185 s
task: 14
worker id: 85161
time create lcl and mol: 0.008605 s
numbers of trajectories: 5555
time trajectory calculation: 29.7027 s
task: 15
worker id: 85517
time create lcl and mol: 0.00850201 s
numbers of trajectories: 5555
time trajectory calculation: 26.8173 s
task: 16
worker id: 84797
time create lcl and mol: 0.00819087 s
numbers of trajectories: 5555
time trajectory calculation: 24.6144 s
task: 17
worker id: 84387
time create lcl and mol: 0.00790882 s
numbers of trajectories: 5555
time trajectory calculation: 22.5714 s
CCS time: 99.7636 s
*********************************************************
average value of CCS = 43887.9 Ang^2
error value of CCS = 133.858 Ang^2
Total time: 100.018 s
Program finished...
*********************************************************
INPUT:: Simulation Parameters 
*********************************************************
target filename                  : 6ola_pH74.xyz
number of probe                  : 10000
number of iterarions             : 10
number of tasks                  : 18
number of threads                : 24
seed number                      : 2104
gas buffer                       : N2
Target Temperature (K)           : 298
timestep (fs)                    : 10
Skin cell size (Ang)             : 0.01
Equipotential                    : no
Cut short-range interaction      : yes
LJ cutoff (Ang)                  : 12
Apply long-range interaction     : yes
Cut long-range interaction       : yes
Coulomb cutoff (Ang)             : 25
Apply induced-dipole interaction : yes
alpha (Ang^3)                    : 1.71
force_type: 6
*********************************************************
Force Field parameters: 
*********************************************************
Symbol  mass (amu)  epislon (kcal/mol)  sigma(Angstroms) 
C   12.011   0.0824736   3.2255
N   14.007   0.0758527   3.5719
H   1.008   0.0362711   1.8986
O   15.999   0.062323   3.075
S   32.06   0.138032   3.4237
P   30.9738   0.145372   3.47
*********************************************************
MOLECULE:: orientation around the inertia principal axis 
*********************************************************
Inertia matrix a.u. Ang^2: 
{  6.20552e+09  146226  304150  }
{  146226  6.20532e+09  -389388  }
{  304150  -389388  6.20531e+09  }
Rotation matrix applied to molecule: 
{  0.581053  -0.406044  0.705341  }
{  -0.403981  0.608439  0.683082  }
{  -0.706518  -0.681851  0.189501  }
Molecule radius: 104.521 Ang 
orientation time of molecule target: 0.208272 s
target mass: 1.38316e+06 amu
gas mass: 28.014 amu
reduce mass: 28.014 amu
charge state: 682.99 e
*********************************************************
Geometric Ellipsoid: 
*********************************************************
maximal distances: 104.098  97.6909  104.521  Ang
Initial axis length: 155.205  148.799  155.629  Ang
Ellipsoid axis length: 161.155  154.749  161.579  Ang
ellipsoid calculation time: 0.00122094 s
maximal impact parameter: 161.579 Ang
*********************************************************
Linked-cell: 
Numbers of cells: 18954
Nx: 27 Ny: 26 Nz: 27
Filled cells: 2129
Empty cells: 16825
Average atoms per cell: 91.0113
Maximum atoms per cell: 206
Minimum atoms per cell: 1
Simulation box: 
lx: 324.27 Ang
ly: 312.26 Ang
lz: 324.27 Ang
linked-cell calculation time: 0.0399899 s
time info: 0.00535417 s
*********************************************************
Trajectory calculations 
*********************************************************
out target time: 113.465 s
Ntraj: 10000
Nfree: 319
Nscatter: 9678
Nlost: 3
omega: 43834.7
Ntraj: 10000
Nfree: 271
Nscatter: 9727
Nlost: 2
omega: 44113.6
Ntraj: 10000
Nfree: 302
Nscatter: 9698
Nlost: 0
omega: 44064.3
Ntraj: 10000
Nfree: 317
Nscatter: 9681
Nlost: 2
omega: 43205.4
Ntraj: 10000
Nfree: 322
Nscatter: 9678
Nlost: 0
omega: 44286.7
Ntraj: 10000
Nfree: 302
Nscatter: 9697
Nlost: 1
omega: 44024.8
Ntraj: 10000
Nfree: 306
Nscatter: 9692
Nlost: 2
omega: 43110.7
Ntraj: 10000
Nfree: 301
Nscatter: 9698
Nlost: 1
omega: 43946.7
Ntraj: 10000
Nfree: 288
Nscatter: 9711
Nlost: 1
omega: 43744.3
Ntraj: 10000
Nfree: 293
Nscatter: 9702
Nlost: 5
omega: 44547.6
*********************************************************
task: 0
worker id: 1838
time create lcl and mol: 0.00811005 s
numbers of trajectories: 5556
time trajectory calculation: 25.6091 s
task: 1
worker id: 88616
time create lcl and mol: 0.00816107 s
numbers of trajectories: 5556
time trajectory calculation: 22.3347 s
task: 2
worker id: 88347
time create lcl and mol: 0.00837302 s
numbers of trajectories: 5556
time trajectory calculation: 27.6541 s
task: 3
worker id: 87296
time create lcl and mol: 0.00800991 s
numbers of trajectories: 5556
time trajectory calculation: 40.3056 s
task: 4
worker id: 88762
time create lcl and mol: 0.008039 s
numbers of trajectories: 5556
time trajectory calculation: 25.6393 s
task: 5
worker id: 88394
time create lcl and mol: 0.00828099 s
numbers of trajectories: 5556
time trajectory calculation: 35.5338 s
task: 6
worker id: 87985
time create lcl and mol: 0.00816989 s
numbers of trajectories: 5556
time trajectory calculation: 40.8311 s
task: 7
worker id: 89116
time create lcl and mol: 0.00853205 s
numbers of trajectories: 5556
time trajectory calculation: 28.8312 s
task: 8
worker id: 88394
time create lcl and mol: 0.00823522 s
numbers of trajectories: 5556
time trajectory calculation: 25.5269 s
task: 9
worker id: 88616
time create lcl and mol: 0.00836301 s
numbers of trajectories: 5556
time trajectory calculation: 21.1642 s
task: 10
worker id: 88347
time create lcl and mol: 0.00777793 s
numbers of trajectories: 5555
time trajectory calculation: 26.5354 s
task: 11
worker id: 89116
time create lcl and mol: 0.00828409 s
numbers of trajectories: 5555
time trajectory calculation: 22.3511 s
task: 12
worker id: 87985
time create lcl and mol: 0.00788689 s
numbers of trajectories: 5555
time trajectory calculation: 72.5543 s
task: 13
worker id: 87296
time create lcl and mol: 0.00815606 s
numbers of trajectories: 5555
time trajectory calculation: 30.0488 s
task: 14
worker id: 88616
time create lcl and mol: 0.00828409 s
numbers of trajectories: 5555
time trajectory calculation: 29.2258 s
task: 15
worker id: 1838
time create lcl and mol: 0.0083549 s
numbers of trajectories: 5555
time trajectory calculation: 26.5148 s
task: 16
worker id: 88762
time create lcl and mol: 0.00825405 s
numbers of trajectories: 5555
time trajectory calculation: 24.4784 s
task: 17
worker id: 1838
time create lcl and mol: 0.00814915 s
numbers of trajectories: 5555
time trajectory calculation: 22.9762 s
CCS time: 113.479 s
*********************************************************
average value of CCS = 43887.9 Ang^2
error value of CCS = 133.858 Ang^2
Total time: 113.734 s
Program finished...
*********************************************************
INPUT:: Simulation Parameters 
*********************************************************
target filename                  : 6ola_pH74.xyz
number of probe                  : 10000
number of iterarions             : 10
number of tasks                  : 18
number of threads                : 24
seed number                      : 2104
gas buffer                       : N2
Target Temperature (K)           : 298
timestep (fs)                    : 10
Skin cell size (Ang)             : 0.01
Equipotential                    : no
Cut short-range interaction      : yes
LJ cutoff (Ang)                  : 12
Apply long-range interaction     : yes
Cut long-range interaction       : yes
Coulomb cutoff (Ang)             : 25
Apply induced-dipole interaction : yes
alpha (Ang^3)                    : 1.71
force_type: 6
*********************************************************
Force Field parameters: 
*********************************************************
Symbol  mass (amu)  epislon (kcal/mol)  sigma(Angstroms) 
C   12.011   0.0824736   3.2255
N   14.007   0.0758527   3.5719
H   1.008   0.0362711   1.8986
O   15.999   0.062323   3.075
S   32.06   0.138032   3.4237
P   30.9738   0.145372   3.47
*********************************************************
MOLECULE:: orientation around the inertia principal axis 
*********************************************************
Inertia matrix a.u. Ang^2: 
{  6.20552e+09  146226  304150  }
{  146226  6.20532e+09  -389388  }
{  304150  -389388  6.20531e+09  }
Rotation matrix applied to molecule: 
{  0.581053  -0.406044  0.705341  }
{  -0.403981  0.608439  0.683082  }
{  -0.706518  -0.681851  0.189501  }
Molecule radius: 104.521 Ang 
orientation time of molecule target: 0.206836 s
target mass: 1.38316e+06 amu
gas mass: 28.014 amu
reduce mass: 28.014 amu
charge state: 682.99 e
*********************************************************
Geometric Ellipsoid: 
*********************************************************
maximal distances: 104.098  97.6909  104.521  Ang
Initial axis length: 155.205  148.799  155.629  Ang
Ellipsoid axis length: 161.155  154.749  161.579  Ang
ellipsoid calculation time: 0.00122595 s
maximal impact parameter: 161.579 Ang
*********************************************************
Linked-cell: 
Numbers of cells: 18954
Nx: 27 Ny: 26 Nz: 27
Filled cells: 2129
Empty cells: 16825
Average atoms per cell: 91.0113
Maximum atoms per cell: 206
Minimum atoms per cell: 1
Simulation box: 
lx: 324.27 Ang
ly: 312.26 Ang
lz: 324.27 Ang
linked-cell calculation time: 0.0396242 s
time info: 0.00576186 s
*********************************************************
Trajectory calculations 
*********************************************************
out target time: 94.1338 s
Ntraj: 10000
Nfree: 319
Nscatter: 9678
Nlost: 3
omega: 43834.7
Ntraj: 10000
Nfree: 271
Nscatter: 9727
Nlost: 2
omega: 44113.6
Ntraj: 10000
Nfree: 302
Nscatter: 9698
Nlost: 0
omega: 44064.3
Ntraj: 10000
Nfree: 317
Nscatter: 9681
Nlost: 2
omega: 43205.4
Ntraj: 10000
Nfree: 322
Nscatter: 9678
Nlost: 0
omega: 44286.7
Ntraj: 10000
Nfree: 302
Nscatter: 9697
Nlost: 1
omega: 44024.8
Ntraj: 10000
Nfree: 306
Nscatter: 9692
Nlost: 2
omega: 43110.7
Ntraj: 10000
Nfree: 301
Nscatter: 9698
Nlost: 1
omega: 43946.7
Ntraj: 10000
Nfree: 288
Nscatter: 9711
Nlost: 1
omega: 43744.3
Ntraj: 10000
Nfree: 293
Nscatter: 9702
Nlost: 5
omega: 44547.6
*********************************************************
task: 0
worker id: 92345
time create lcl and mol: 0.00799799 s
numbers of trajectories: 5556
time trajectory calculation: 25.4701 s
task: 1
worker id: 90884
time create lcl and mol: 0.00794506 s
numbers of trajectories: 5556
time trajectory calculation: 22.8256 s
task: 2
worker id: 5610
time create lcl and mol: 0.00805593 s
numbers of trajectories: 5556
time trajectory calculation: 27.3762 s
task: 3
worker id: 91937
time create lcl and mol: 0.00825787 s
numbers of trajectories: 5556
time trajectory calculation: 40.3562 s
task: 4
worker id: 90884
time create lcl and mol: 0.00810313 s
numbers of trajectories: 5556
time trajectory calculation: 25.895 s
task: 5
worker id: 92204
time create lcl and mol: 0.00804996 s
numbers of trajectories: 5556
time trajectory calculation: 34.707 s
task: 6
worker id: 91572
time create lcl and mol: 0.00824404 s
numbers of trajectories: 5556
time trajectory calculation: 40.08 s
task: 7
worker id: 92704
time create lcl and mol: 0.00858498 s
numbers of trajectories: 5556
time trajectory calculation: 28.9043 s
task: 8
worker id: 92204
time create lcl and mol: 0.0082469 s
numbers of trajectories: 5556
time trajectory calculation: 25.4276 s
task: 9
worker id: 91985
time create lcl and mol: 0.00804901 s
numbers of trajectories: 5556
time trajectory calculation: 21.2163 s
task: 10
worker id: 91572
time create lcl and mol: 0.0079751 s
numbers of trajectories: 5555
time trajectory calculation: 26.4104 s
task: 11
worker id: 92704
time create lcl and mol: 0.00836992 s
numbers of trajectories: 5555
time trajectory calculation: 22.2068 s
task: 12
worker id: 91985
time create lcl and mol: 0.00783086 s
numbers of trajectories: 5555
time trajectory calculation: 72.8316 s
task: 13
worker id: 5610
time create lcl and mol: 0.00853896 s
numbers of trajectories: 5555
time trajectory calculation: 29.9576 s
task: 14
worker id: 92345
time create lcl and mol: 0.00819492 s
numbers of trajectories: 5555
time trajectory calculation: 29.2395 s
task: 15
worker id: 90884
time create lcl and mol: 0.00791693 s
numbers of trajectories: 5555
time trajectory calculation: 26.1645 s
task: 16
worker id: 91937
time create lcl and mol: 0.00812602 s
numbers of trajectories: 5555
time trajectory calculation: 24.6216 s
task: 17
worker id: 92704
time create lcl and mol: 0.00845599 s
numbers of trajectories: 5555
time trajectory calculation: 22.8904 s
CCS time: 94.1486 s
*********************************************************
average value of CCS = 43887.9 Ang^2
error value of CCS = 133.858 Ang^2
Total time: 94.4014 s
Program finished...
*********************************************************
INPUT:: Simulation Parameters 
*********************************************************
target filename                  : 6ola_pH74.xyz
number of probe                  : 10000
number of iterarions             : 10
number of tasks                  : 18
number of threads                : 24
seed number                      : 2104
gas buffer                       : N2
Target Temperature (K)           : 298
timestep (fs)                    : 10
Skin cell size (Ang)             : 0.01
Equipotential                    : no
Cut short-range interaction      : yes
LJ cutoff (Ang)                  : 12
Apply long-range interaction     : yes
Cut long-range interaction       : yes
Coulomb cutoff (Ang)             : 25
Apply induced-dipole interaction : yes
alpha (Ang^3)                    : 1.71
force_type: 6
*********************************************************
Force Field parameters: 
*********************************************************
Symbol  mass (amu)  epislon (kcal/mol)  sigma(Angstroms) 
C   12.011   0.0824736   3.2255
N   14.007   0.0758527   3.5719
H   1.008   0.0362711   1.8986
O   15.999   0.062323   3.075
S   32.06   0.138032   3.4237
P   30.9738   0.145372   3.47
*********************************************************
MOLECULE:: orientation around the inertia principal axis 
*********************************************************
Inertia matrix a.u. Ang^2: 
{  6.20552e+09  146226  304150  }
{  146226  6.20532e+09  -389388  }
{  304150  -389388  6.20531e+09  }
Rotation matrix applied to molecule: 
{  0.581053  -0.406044  0.705341  }
{  -0.403981  0.608439  0.683082  }
{  -0.706518  -0.681851  0.189501  }
Molecule radius: 104.521 Ang 
orientation time of molecule target: 0.207206 s
target mass: 1.38316e+06 amu
gas mass: 28.014 amu
reduce mass: 28.014 amu
charge state: 682.99 e
*********************************************************
Geometric Ellipsoid: 
*********************************************************
maximal distances: 104.098  97.6909  104.521  Ang
Initial axis length: 155.205  148.799  155.629  Ang
Ellipsoid axis length: 161.155  154.749  161.579  Ang
ellipsoid calculation time: 0.00127602 s
maximal impact parameter: 161.579 Ang
*********************************************************
Linked-cell: 
Numbers of cells: 18954
Nx: 27 Ny: 26 Nz: 27
Filled cells: 2129
Empty cells: 16825
Average atoms per cell: 91.0113
Maximum atoms per cell: 206
Minimum atoms per cell: 1
Simulation box: 
lx: 324.27 Ang
ly: 312.26 Ang
lz: 324.27 Ang
linked-cell calculation time: 0.040478 s
time info: 0.00569797 s
*********************************************************
Trajectory calculations 
*********************************************************
out target time: 106.414 s
Ntraj: 10000
Nfree: 319
Nscatter: 9678
Nlost: 3
omega: 43834.7
Ntraj: 10000
Nfree: 271
Nscatter: 9727
Nlost: 2
omega: 44113.6
Ntraj: 10000
Nfree: 302
Nscatter: 9698
Nlost: 0
omega: 44064.3
Ntraj: 10000
Nfree: 317
Nscatter: 9681
Nlost: 2
omega: 43205.4
Ntraj: 10000
Nfree: 322
Nscatter: 9678
Nlost: 0
omega: 44286.7
Ntraj: 10000
Nfree: 302
Nscatter: 9697
Nlost: 1
omega: 44024.8
Ntraj: 10000
Nfree: 306
Nscatter: 9692
Nlost: 2
omega: 43110.7
Ntraj: 10000
Nfree: 301
Nscatter: 9698
Nlost: 1
omega: 43946.7
Ntraj: 10000
Nfree: 288
Nscatter: 9711
Nlost: 1
omega: 43744.3
Ntraj: 10000
Nfree: 293
Nscatter: 9702
Nlost: 5
omega: 44547.6
*********************************************************
task: 0
worker id: 94120
time create lcl and mol: 0.00819182 s
numbers of trajectories: 5556
time trajectory calculation: 26.277 s
task: 1
worker id: 95218
time create lcl and mol: 0.00820279 s
numbers of trajectories: 5556
time trajectory calculation: 22.3157 s
task: 2
worker id: 95447
time create lcl and mol: 0.00848603 s
numbers of trajectories: 5556
time trajectory calculation: 28.1104 s
task: 3
worker id: 95182
time create lcl and mol: 0.00868297 s
numbers of trajectories: 5556
time trajectory calculation: 39.7575 s
task: 4
worker id: 94808
time create lcl and mol: 0.00839496 s
numbers of trajectories: 5556
time trajectory calculation: 26.3634 s
task: 5
worker id: 95944
time create lcl and mol: 0.00812888 s
numbers of trajectories: 5556
time trajectory calculation: 34.7505 s
task: 6
worker id: 8858
time create lcl and mol: 0.008255 s
numbers of trajectories: 5556
time trajectory calculation: 40.3775 s
task: 7
worker id: 95586
time create lcl and mol: 0.00827003 s
numbers of trajectories: 5556
time trajectory calculation: 29.0372 s
task: 8
worker id: 95586
time create lcl and mol: 0.00804305 s
numbers of trajectories: 5556
time trajectory calculation: 25.5928 s
task: 9
worker id: 8858
time create lcl and mol: 0.00803709 s
numbers of trajectories: 5556
time trajectory calculation: 21.1768 s
task: 10
worker id: 94120
time create lcl and mol: 0.00775695 s
numbers of trajectories: 5555
time trajectory calculation: 26.3401 s
task: 11
worker id: 94808
time create lcl and mol: 0.00856709 s
numbers of trajectories: 5555
time trajectory calculation: 22.492 s
task: 12
worker id: 95944
time create lcl and mol: 0.00844884 s
numbers of trajectories: 5555
time trajectory calculation: 71.5719 s
task: 13
worker id: 95447
time create lcl and mol: 0.00806999 s
numbers of trajectories: 5555
time trajectory calculation: 30.2552 s
task: 14
worker id: 95182
time create lcl and mol: 0.00824594 s
numbers of trajectories: 5555
time trajectory calculation: 29.6747 s
task: 15
worker id: 95218
time create lcl and mol: 0.00819802 s
numbers of trajectories: 5555
time trajectory calculation: 26.4216 s
task: 16
worker id: 8858
time create lcl and mol: 0.00829506 s
numbers of trajectories: 5555
time trajectory calculation: 24.3352 s
task: 17
worker id: 95218
time create lcl and mol: 0.0085001 s
numbers of trajectories: 5555
time trajectory calculation: 23.0847 s
CCS time: 106.429 s
*********************************************************
average value of CCS = 43887.9 Ang^2
error value of CCS = 133.858 Ang^2
Total time: 106.683 s
Program finished...
