*********************************************************
INPUT:: Simulation Parameters 
*********************************************************
target filename                  : 10_4avt_carga_31_min.xyz
number of probe                  : 10000
number of iterarions             : 10
number of tasks                  : 14
number of threads                : 24
seed number                      : 2104
gas buffer                       : N2
Target Temperature (K)           : 298
timestep (fs)                    : 10
Skin cell size (Ang)             : 0.01
Equipotential                    : no
Cut short-range interaction      : yes
LJ cutoff (Ang)                  : 12
Apply long-range interaction     : yes
Cut long-range interaction       : yes
Coulomb cutoff (Ang)             : 25
Apply induced-dipole interaction : yes
alpha (Ang^3)                    : 1.71
force_type: 6
*********************************************************
Force Field parameters: 
*********************************************************
Symbol  mass (amu)  epislon (kcal/mol)  sigma(Angstroms) 
C   12.011   0.0824736   3.2255
N   14.007   0.0758527   3.5719
H   1.008   0.0362711   1.8986
O   15.999   0.062323   3.075
S   32.06   0.138032   3.4237
P   30.9738   0.145372   3.47
*********************************************************
MOLECULE:: orientation around the inertia principal axis 
*********************************************************
Inertia matrix a.u. Ang^2: 
{  2.29035e+08  -1.13344e+07  8.2053e+06  }
{  -1.13344e+07  2.50171e+08  -1.78791e+07  }
{  8.2053e+06  -1.78791e+07  2.38415e+08  }
Rotation matrix applied to molecule: 
{  0.337034  -0.762644  0.552071  }
{  0.941493  0.272859  -0.197838  }
{  0.000241967  0.586449  0.809986  }
Molecule radius: 60.1159 Ang 
orientation time of molecule target: 0.072665 s
target mass: 232455 amu
gas mass: 28.014 amu
reduce mass: 28.014 amu
charge state: 31 e
*********************************************************
Geometric Ellipsoid: 
*********************************************************
maximal distances: 40.6569  53.3921  53.9199  Ang
Initial axis length: 91.7645  104.5  105.027  Ang
Ellipsoid axis length: 101.294  114.03  114.557  Ang
ellipsoid calculation time: 0.000246048 s
maximal impact parameter: 114.557 Ang
*********************************************************
Linked-cell: 
Numbers of cells: 6460
Nx: 17 Ny: 19 Nz: 20
Filled cells: 383
Empty cells: 6077
Average atoms per cell: 85.5718
Maximum atoms per cell: 208
Minimum atoms per cell: 1
Simulation box: 
lx: 204.17 Ang
ly: 228.19 Ang
lz: 240.2 Ang
linked-cell calculation time: 0.00928903 s
time info: 0.00106907 s
*********************************************************
Trajectory calculations 
*********************************************************
out target time: 72.1712 s
Ntraj: 10000
Nfree: 807
Nscatter: 9183
Nlost: 10
omega: 12434
Ntraj: 10000
Nfree: 768
Nscatter: 9216
Nlost: 16
omega: 12396.6
Ntraj: 10000
Nfree: 742
Nscatter: 9249
Nlost: 9
omega: 12235.9
Ntraj: 10000
Nfree: 751
Nscatter: 9239
Nlost: 10
omega: 12134
Ntraj: 10000
Nfree: 760
Nscatter: 9234
Nlost: 6
omega: 12359.1
Ntraj: 10000
Nfree: 818
Nscatter: 9167
Nlost: 15
omega: 11929.3
Ntraj: 10000
Nfree: 791
Nscatter: 9201
Nlost: 8
omega: 11665.4
Ntraj: 10000
Nfree: 800
Nscatter: 9195
Nlost: 5
omega: 11729.7
Ntraj: 10000
Nfree: 819
Nscatter: 9171
Nlost: 10
omega: 11959.1
Ntraj: 10000
Nfree: 753
Nscatter: 9233
Nlost: 14
omega: 12864.4
*********************************************************
task: 0
worker id: 22988
time create lcl and mol: 0.00209904 s
numbers of trajectories: 7143
time trajectory calculation: 42.5434 s
task: 1
worker id: 20523
time create lcl and mol: 0.00234079 s
numbers of trajectories: 7143
time trajectory calculation: 34.9488 s
task: 2
worker id: 68911
time create lcl and mol: 0.00212598 s
numbers of trajectories: 7143
time trajectory calculation: 41.0721 s
task: 3
worker id: 91779
time create lcl and mol: 0.00216603 s
numbers of trajectories: 7143
time trajectory calculation: 33.2775 s
task: 4
worker id: 47236
time create lcl and mol: 0.00225282 s
numbers of trajectories: 7143
time trajectory calculation: 32.0857 s
task: 5
worker id: 53486
time create lcl and mol: 0.00205088 s
numbers of trajectories: 7143
time trajectory calculation: 33.4656 s
task: 6
worker id: 84429
time create lcl and mol: 0.00220513 s
numbers of trajectories: 7143
time trajectory calculation: 24.8758 s
task: 7
worker id: 75273
time create lcl and mol: 0.00219917 s
numbers of trajectories: 7143
time trajectory calculation: 29.732 s
task: 8
worker id: 91779
time create lcl and mol: 0.00215602 s
numbers of trajectories: 7143
time trajectory calculation: 32.9333 s
task: 9
worker id: 20523
time create lcl and mol: 0.00219011 s
numbers of trajectories: 7143
time trajectory calculation: 32.9282 s
task: 10
worker id: 47236
time create lcl and mol: 0.0021441 s
numbers of trajectories: 7143
time trajectory calculation: 33.4163 s
task: 11
worker id: 53486
time create lcl and mol: 0.00220513 s
numbers of trajectories: 7143
time trajectory calculation: 38.6401 s
task: 12
worker id: 84429
time create lcl and mol: 0.00225091 s
numbers of trajectories: 7142
time trajectory calculation: 42.4458 s
task: 13
worker id: 75273
time create lcl and mol: 0.00225115 s
numbers of trajectories: 7142
time trajectory calculation: 40.3244 s
CCS time: 72.1819 s
*********************************************************
average value of CCS = 12170.8 Ang^2
error value of CCS = 109.338 Ang^2
Total time: 72.2694 s
Program finished...
*********************************************************
INPUT:: Simulation Parameters 
*********************************************************
target filename                  : 10_4avt_carga_31_min.xyz
number of probe                  : 10000
number of iterarions             : 10
number of tasks                  : 14
number of threads                : 24
seed number                      : 2104
gas buffer                       : N2
Target Temperature (K)           : 298
timestep (fs)                    : 10
Skin cell size (Ang)             : 0.01
Equipotential                    : no
Cut short-range interaction      : yes
LJ cutoff (Ang)                  : 12
Apply long-range interaction     : yes
Cut long-range interaction       : yes
Coulomb cutoff (Ang)             : 25
Apply induced-dipole interaction : yes
alpha (Ang^3)                    : 1.71
force_type: 6
*********************************************************
Force Field parameters: 
*********************************************************
Symbol  mass (amu)  epislon (kcal/mol)  sigma(Angstroms) 
C   12.011   0.0824736   3.2255
N   14.007   0.0758527   3.5719
H   1.008   0.0362711   1.8986
O   15.999   0.062323   3.075
S   32.06   0.138032   3.4237
P   30.9738   0.145372   3.47
*********************************************************
MOLECULE:: orientation around the inertia principal axis 
*********************************************************
Inertia matrix a.u. Ang^2: 
{  2.29035e+08  -1.13344e+07  8.2053e+06  }
{  -1.13344e+07  2.50171e+08  -1.78791e+07  }
{  8.2053e+06  -1.78791e+07  2.38415e+08  }
Rotation matrix applied to molecule: 
{  0.337034  -0.762644  0.552071  }
{  0.941493  0.272859  -0.197838  }
{  0.000241967  0.586449  0.809986  }
Molecule radius: 60.1159 Ang 
orientation time of molecule target: 0.0335078 s
target mass: 232455 amu
gas mass: 28.014 amu
reduce mass: 28.014 amu
charge state: 31 e
*********************************************************
Geometric Ellipsoid: 
*********************************************************
maximal distances: 40.6569  53.3921  53.9199  Ang
Initial axis length: 91.7645  104.5  105.027  Ang
Ellipsoid axis length: 101.294  114.03  114.557  Ang
ellipsoid calculation time: 0.000252962 s
maximal impact parameter: 114.557 Ang
*********************************************************
Linked-cell: 
Numbers of cells: 6460
Nx: 17 Ny: 19 Nz: 20
Filled cells: 383
Empty cells: 6077
Average atoms per cell: 85.5718
Maximum atoms per cell: 208
Minimum atoms per cell: 1
Simulation box: 
lx: 204.17 Ang
ly: 228.19 Ang
lz: 240.2 Ang
linked-cell calculation time: 0.00970387 s
time info: 0.00110102 s
*********************************************************
Trajectory calculations 
*********************************************************
out target time: 75.0432 s
Ntraj: 10000
Nfree: 807
Nscatter: 9183
Nlost: 10
omega: 12434
Ntraj: 10000
Nfree: 768
Nscatter: 9216
Nlost: 16
omega: 12396.6
Ntraj: 10000
Nfree: 742
Nscatter: 9249
Nlost: 9
omega: 12235.9
Ntraj: 10000
Nfree: 751
Nscatter: 9239
Nlost: 10
omega: 12134
Ntraj: 10000
Nfree: 760
Nscatter: 9234
Nlost: 6
omega: 12359.1
Ntraj: 10000
Nfree: 818
Nscatter: 9167
Nlost: 15
omega: 11929.3
Ntraj: 10000
Nfree: 791
Nscatter: 9201
Nlost: 8
omega: 11665.4
Ntraj: 10000
Nfree: 800
Nscatter: 9195
Nlost: 5
omega: 11729.7
Ntraj: 10000
Nfree: 819
Nscatter: 9171
Nlost: 10
omega: 11959.1
Ntraj: 10000
Nfree: 753
Nscatter: 9233
Nlost: 14
omega: 12864.4
*********************************************************
task: 0
worker id: 86770
time create lcl and mol: 0.00222993 s
numbers of trajectories: 7143
time trajectory calculation: 44.4326 s
task: 1
worker id: 71244
time create lcl and mol: 0.00244308 s
numbers of trajectories: 7143
time trajectory calculation: 34.488 s
task: 2
worker id: 49567
time create lcl and mol: 0.00227904 s
numbers of trajectories: 7143
time trajectory calculation: 41.3033 s
task: 3
worker id: 55837
time create lcl and mol: 0.00226307 s
numbers of trajectories: 7143
time trajectory calculation: 34.058 s
task: 4
worker id: 22852
time create lcl and mol: 0.00220203 s
numbers of trajectories: 7143
time trajectory calculation: 32.8569 s
task: 5
worker id: 94116
time create lcl and mol: 0.00211406 s
numbers of trajectories: 7143
time trajectory calculation: 32.6173 s
task: 6
worker id: 25337
time create lcl and mol: 0.00211191 s
numbers of trajectories: 7143
time trajectory calculation: 25.8692 s
task: 7
worker id: 77608
time create lcl and mol: 0.00214505 s
numbers of trajectories: 7143
time trajectory calculation: 29.7714 s
task: 8
worker id: 94116
time create lcl and mol: 0.00217891 s
numbers of trajectories: 7143
time trajectory calculation: 33.3673 s
task: 9
worker id: 25337
time create lcl and mol: 0.00212479 s
numbers of trajectories: 7143
time trajectory calculation: 32.0833 s
task: 10
worker id: 55837
time create lcl and mol: 0.00209212 s
numbers of trajectories: 7143
time trajectory calculation: 33.9977 s
task: 11
worker id: 71244
time create lcl and mol: 0.0022049 s
numbers of trajectories: 7143
time trajectory calculation: 38.8219 s
task: 12
worker id: 22852
time create lcl and mol: 0.00222707 s
numbers of trajectories: 7142
time trajectory calculation: 42.1144 s
task: 13
worker id: 77608
time create lcl and mol: 0.00213695 s
numbers of trajectories: 7142
time trajectory calculation: 40.1123 s
CCS time: 75.0543 s
*********************************************************
average value of CCS = 12170.8 Ang^2
error value of CCS = 109.338 Ang^2
Total time: 75.1029 s
Program finished...
*********************************************************
INPUT:: Simulation Parameters 
*********************************************************
target filename                  : 10_4avt_carga_31_min.xyz
number of probe                  : 10000
number of iterarions             : 10
number of tasks                  : 14
number of threads                : 24
seed number                      : 2104
gas buffer                       : N2
Target Temperature (K)           : 298
timestep (fs)                    : 10
Skin cell size (Ang)             : 0.01
Equipotential                    : no
Cut short-range interaction      : yes
LJ cutoff (Ang)                  : 12
Apply long-range interaction     : yes
Cut long-range interaction       : yes
Coulomb cutoff (Ang)             : 25
Apply induced-dipole interaction : yes
alpha (Ang^3)                    : 1.71
force_type: 6
*********************************************************
Force Field parameters: 
*********************************************************
Symbol  mass (amu)  epislon (kcal/mol)  sigma(Angstroms) 
C   12.011   0.0824736   3.2255
N   14.007   0.0758527   3.5719
H   1.008   0.0362711   1.8986
O   15.999   0.062323   3.075
S   32.06   0.138032   3.4237
P   30.9738   0.145372   3.47
*********************************************************
MOLECULE:: orientation around the inertia principal axis 
*********************************************************
Inertia matrix a.u. Ang^2: 
{  2.29035e+08  -1.13344e+07  8.2053e+06  }
{  -1.13344e+07  2.50171e+08  -1.78791e+07  }
{  8.2053e+06  -1.78791e+07  2.38415e+08  }
Rotation matrix applied to molecule: 
{  0.337034  -0.762644  0.552071  }
{  0.941493  0.272859  -0.197838  }
{  0.000241967  0.586449  0.809986  }
Molecule radius: 60.1159 Ang 
orientation time of molecule target: 0.0317771 s
target mass: 232455 amu
gas mass: 28.014 amu
reduce mass: 28.014 amu
charge state: 31 e
*********************************************************
Geometric Ellipsoid: 
*********************************************************
maximal distances: 40.6569  53.3921  53.9199  Ang
Initial axis length: 91.7645  104.5  105.027  Ang
Ellipsoid axis length: 101.294  114.03  114.557  Ang
ellipsoid calculation time: 0.000257015 s
maximal impact parameter: 114.557 Ang
*********************************************************
Linked-cell: 
Numbers of cells: 6460
Nx: 17 Ny: 19 Nz: 20
Filled cells: 383
Empty cells: 6077
Average atoms per cell: 85.5718
Maximum atoms per cell: 208
Minimum atoms per cell: 1
Simulation box: 
lx: 204.17 Ang
ly: 228.19 Ang
lz: 240.2 Ang
linked-cell calculation time: 0.00929594 s
time info: 0.00106812 s
*********************************************************
Trajectory calculations 
*********************************************************
out target time: 74.1806 s
Ntraj: 10000
Nfree: 807
Nscatter: 9183
Nlost: 10
omega: 12434
Ntraj: 10000
Nfree: 768
Nscatter: 9216
Nlost: 16
omega: 12396.6
Ntraj: 10000
Nfree: 742
Nscatter: 9249
Nlost: 9
omega: 12235.9
Ntraj: 10000
Nfree: 751
Nscatter: 9239
Nlost: 10
omega: 12134
Ntraj: 10000
Nfree: 760
Nscatter: 9234
Nlost: 6
omega: 12359.1
Ntraj: 10000
Nfree: 818
Nscatter: 9167
Nlost: 15
omega: 11929.3
Ntraj: 10000
Nfree: 791
Nscatter: 9201
Nlost: 8
omega: 11665.4
Ntraj: 10000
Nfree: 800
Nscatter: 9195
Nlost: 5
omega: 11729.7
Ntraj: 10000
Nfree: 819
Nscatter: 9171
Nlost: 10
omega: 11959.1
Ntraj: 10000
Nfree: 753
Nscatter: 9233
Nlost: 14
omega: 12864.4
*********************************************************
task: 0
worker id: 89378
time create lcl and mol: 0.00209093 s
numbers of trajectories: 7143
time trajectory calculation: 44.0155 s
task: 1
worker id: 27950
time create lcl and mol: 0.00222898 s
numbers of trajectories: 7143
time trajectory calculation: 33.9251 s
task: 2
worker id: 73865
time create lcl and mol: 0.00225997 s
numbers of trajectories: 7143
time trajectory calculation: 40.8055 s
task: 3
worker id: 80217
time create lcl and mol: 0.00215483 s
numbers of trajectories: 7143
time trajectory calculation: 33.9948 s
task: 4
worker id: 96727
time create lcl and mol: 0.00202489 s
numbers of trajectories: 7143
time trajectory calculation: 31.9763 s
task: 5
worker id: 58462
time create lcl and mol: 0.00208592 s
numbers of trajectories: 7143
time trajectory calculation: 33.9019 s
task: 6
worker id: 25474
time create lcl and mol: 0.00213194 s
numbers of trajectories: 7143
time trajectory calculation: 24.8398 s
task: 7
worker id: 52180
time create lcl and mol: 0.00229216 s
numbers of trajectories: 7143
time trajectory calculation: 30.6474 s
task: 8
worker id: 52180
time create lcl and mol: 0.00231981 s
numbers of trajectories: 7143
time trajectory calculation: 31.9987 s
task: 9
worker id: 80217
time create lcl and mol: 0.00217295 s
numbers of trajectories: 7143
time trajectory calculation: 32.549 s
task: 10
worker id: 96727
time create lcl and mol: 0.00214696 s
numbers of trajectories: 7143
time trajectory calculation: 33.2751 s
task: 11
worker id: 27950
time create lcl and mol: 0.00208187 s
numbers of trajectories: 7143
time trajectory calculation: 38.5656 s
task: 12
worker id: 25474
time create lcl and mol: 0.00205398 s
numbers of trajectories: 7142
time trajectory calculation: 42.7163 s
task: 13
worker id: 58462
time create lcl and mol: 0.00205803 s
numbers of trajectories: 7142
time trajectory calculation: 40.2184 s
CCS time: 74.1913 s
*********************************************************
average value of CCS = 12170.8 Ang^2
error value of CCS = 109.338 Ang^2
Total time: 74.238 s
Program finished...
*********************************************************
INPUT:: Simulation Parameters 
*********************************************************
target filename                  : 10_4avt_carga_31_min.xyz
number of probe                  : 10000
number of iterarions             : 10
number of tasks                  : 14
number of threads                : 24
seed number                      : 2104
gas buffer                       : N2
Target Temperature (K)           : 298
timestep (fs)                    : 10
Skin cell size (Ang)             : 0.01
Equipotential                    : no
Cut short-range interaction      : yes
LJ cutoff (Ang)                  : 12
Apply long-range interaction     : yes
Cut long-range interaction       : yes
Coulomb cutoff (Ang)             : 25
Apply induced-dipole interaction : yes
alpha (Ang^3)                    : 1.71
force_type: 6
*********************************************************
Force Field parameters: 
*********************************************************
Symbol  mass (amu)  epislon (kcal/mol)  sigma(Angstroms) 
C   12.011   0.0824736   3.2255
N   14.007   0.0758527   3.5719
H   1.008   0.0362711   1.8986
O   15.999   0.062323   3.075
S   32.06   0.138032   3.4237
P   30.9738   0.145372   3.47
*********************************************************
MOLECULE:: orientation around the inertia principal axis 
*********************************************************
Inertia matrix a.u. Ang^2: 
{  2.29035e+08  -1.13344e+07  8.2053e+06  }
{  -1.13344e+07  2.50171e+08  -1.78791e+07  }
{  8.2053e+06  -1.78791e+07  2.38415e+08  }
Rotation matrix applied to molecule: 
{  0.337034  -0.762644  0.552071  }
{  0.941493  0.272859  -0.197838  }
{  0.000241967  0.586449  0.809986  }
Molecule radius: 60.1159 Ang 
orientation time of molecule target: 0.0318329 s
target mass: 232455 amu
gas mass: 28.014 amu
reduce mass: 28.014 amu
charge state: 31 e
*********************************************************
Geometric Ellipsoid: 
*********************************************************
maximal distances: 40.6569  53.3921  53.9199  Ang
Initial axis length: 91.7645  104.5  105.027  Ang
Ellipsoid axis length: 101.294  114.03  114.557  Ang
ellipsoid calculation time: 0.000252962 s
maximal impact parameter: 114.557 Ang
*********************************************************
Linked-cell: 
Numbers of cells: 6460
Nx: 17 Ny: 19 Nz: 20
Filled cells: 383
Empty cells: 6077
Average atoms per cell: 85.5718
Maximum atoms per cell: 208
Minimum atoms per cell: 1
Simulation box: 
lx: 204.17 Ang
ly: 228.19 Ang
lz: 240.2 Ang
linked-cell calculation time: 0.00933909 s
time info: 0.00108504 s
*********************************************************
Trajectory calculations 
*********************************************************
out target time: 76.6472 s
Ntraj: 10000
Nfree: 807
Nscatter: 9183
Nlost: 10
omega: 12434
Ntraj: 10000
Nfree: 768
Nscatter: 9216
Nlost: 16
omega: 12396.6
Ntraj: 10000
Nfree: 742
Nscatter: 9249
Nlost: 9
omega: 12235.9
Ntraj: 10000
Nfree: 751
Nscatter: 9239
Nlost: 10
omega: 12134
Ntraj: 10000
Nfree: 760
Nscatter: 9234
Nlost: 6
omega: 12359.1
Ntraj: 10000
Nfree: 818
Nscatter: 9167
Nlost: 15
omega: 11929.3
Ntraj: 10000
Nfree: 791
Nscatter: 9201
Nlost: 8
omega: 11665.4
Ntraj: 10000
Nfree: 800
Nscatter: 9195
Nlost: 5
omega: 11729.7
Ntraj: 10000
Nfree: 819
Nscatter: 9171
Nlost: 10
omega: 11959.1
Ntraj: 10000
Nfree: 753
Nscatter: 9233
Nlost: 14
omega: 12864.4
*********************************************************
task: 0
worker id: 1609
time create lcl and mol: 0.00227714 s
numbers of trajectories: 7143
time trajectory calculation: 43.7039 s
task: 1
worker id: 76471
time create lcl and mol: 0.00202298 s
numbers of trajectories: 7143
time trajectory calculation: 34.4954 s
task: 2
worker id: 28073
time create lcl and mol: 0.00217795 s
numbers of trajectories: 7143
time trajectory calculation: 41.0537 s
task: 3
worker id: 61085
time create lcl and mol: 0.00213194 s
numbers of trajectories: 7143
time trajectory calculation: 33.3147 s
task: 4
worker id: 76471
time create lcl and mol: 0.00226903 s
numbers of trajectories: 7143
time trajectory calculation: 31.4316 s
task: 5
worker id: 1609
time create lcl and mol: 0.00212097 s
numbers of trajectories: 7143
time trajectory calculation: 32.8466 s
task: 6
worker id: 91981
time create lcl and mol: 0.0022471 s
numbers of trajectories: 7143
time trajectory calculation: 25.011 s
task: 7
worker id: 54788
time create lcl and mol: 0.00222802 s
numbers of trajectories: 7143
time trajectory calculation: 29.2806 s
task: 8
worker id: 30550
time create lcl and mol: 0.00219202 s
numbers of trajectories: 7143
time trajectory calculation: 33.2099 s
task: 9
worker id: 82819
time create lcl and mol: 0.00220013 s
numbers of trajectories: 7143
time trajectory calculation: 32.8452 s
task: 10
worker id: 82819
time create lcl and mol: 0.00215983 s
numbers of trajectories: 7143
time trajectory calculation: 32.5429 s
task: 11
worker id: 91981
time create lcl and mol: 0.00214601 s
numbers of trajectories: 7143
time trajectory calculation: 37.6636 s
task: 12
worker id: 30550
time create lcl and mol: 0.00206304 s
numbers of trajectories: 7142
time trajectory calculation: 42.2719 s
task: 13
worker id: 54788
time create lcl and mol: 0.00228715 s
numbers of trajectories: 7142
time trajectory calculation: 40.005 s
CCS time: 76.6579 s
*********************************************************
average value of CCS = 12170.8 Ang^2
error value of CCS = 109.338 Ang^2
Total time: 76.7041 s
Program finished...
*********************************************************
INPUT:: Simulation Parameters 
*********************************************************
target filename                  : 10_4avt_carga_31_min.xyz
number of probe                  : 10000
number of iterarions             : 10
number of tasks                  : 14
number of threads                : 24
seed number                      : 2104
gas buffer                       : N2
Target Temperature (K)           : 298
timestep (fs)                    : 10
Skin cell size (Ang)             : 0.01
Equipotential                    : no
Cut short-range interaction      : yes
LJ cutoff (Ang)                  : 12
Apply long-range interaction     : yes
Cut long-range interaction       : yes
Coulomb cutoff (Ang)             : 25
Apply induced-dipole interaction : yes
alpha (Ang^3)                    : 1.71
force_type: 6
*********************************************************
Force Field parameters: 
*********************************************************
Symbol  mass (amu)  epislon (kcal/mol)  sigma(Angstroms) 
C   12.011   0.0824736   3.2255
N   14.007   0.0758527   3.5719
H   1.008   0.0362711   1.8986
O   15.999   0.062323   3.075
S   32.06   0.138032   3.4237
P   30.9738   0.145372   3.47
*********************************************************
MOLECULE:: orientation around the inertia principal axis 
*********************************************************
Inertia matrix a.u. Ang^2: 
{  2.29035e+08  -1.13344e+07  8.2053e+06  }
{  -1.13344e+07  2.50171e+08  -1.78791e+07  }
{  8.2053e+06  -1.78791e+07  2.38415e+08  }
Rotation matrix applied to molecule: 
{  0.337034  -0.762644  0.552071  }
{  0.941493  0.272859  -0.197838  }
{  0.000241967  0.586449  0.809986  }
Molecule radius: 60.1159 Ang 
orientation time of molecule target: 0.0317941 s
target mass: 232455 amu
gas mass: 28.014 amu
reduce mass: 28.014 amu
charge state: 31 e
*********************************************************
Geometric Ellipsoid: 
*********************************************************
maximal distances: 40.6569  53.3921  53.9199  Ang
Initial axis length: 91.7645  104.5  105.027  Ang
Ellipsoid axis length: 101.294  114.03  114.557  Ang
ellipsoid calculation time: 0.000246048 s
maximal impact parameter: 114.557 Ang
*********************************************************
Linked-cell: 
Numbers of cells: 6460
Nx: 17 Ny: 19 Nz: 20
Filled cells: 383
Empty cells: 6077
Average atoms per cell: 85.5718
Maximum atoms per cell: 208
Minimum atoms per cell: 1
Simulation box: 
lx: 204.17 Ang
ly: 228.19 Ang
lz: 240.2 Ang
linked-cell calculation time: 0.0095849 s
time info: 0.00106001 s
*********************************************************
Trajectory calculations 
*********************************************************
out target time: 75.2385 s
Ntraj: 10000
Nfree: 807
Nscatter: 9183
Nlost: 10
omega: 12434
Ntraj: 10000
Nfree: 768
Nscatter: 9216
Nlost: 16
omega: 12396.6
Ntraj: 10000
Nfree: 742
Nscatter: 9249
Nlost: 9
omega: 12235.9
Ntraj: 10000
Nfree: 751
Nscatter: 9239
Nlost: 10
omega: 12134
Ntraj: 10000
Nfree: 760
Nscatter: 9234
Nlost: 6
omega: 12359.1
Ntraj: 10000
Nfree: 818
Nscatter: 9167
Nlost: 15
omega: 11929.3
Ntraj: 10000
Nfree: 791
Nscatter: 9201
Nlost: 8
omega: 11665.4
Ntraj: 10000
Nfree: 800
Nscatter: 9195
Nlost: 5
omega: 11729.7
Ntraj: 10000
Nfree: 819
Nscatter: 9171
Nlost: 10
omega: 11959.1
Ntraj: 10000
Nfree: 753
Nscatter: 9233
Nlost: 14
omega: 12864.4
*********************************************************
task: 0
worker id: 94330
time create lcl and mol: 0.00214505 s
numbers of trajectories: 7143
time trajectory calculation: 43.6086 s
task: 1
worker id: 32891
time create lcl and mol: 0.00219297 s
numbers of trajectories: 7143
time trajectory calculation: 34.2128 s
task: 2
worker id: 78812
time create lcl and mol: 0.00229287 s
numbers of trajectories: 7143
time trajectory calculation: 40.7936 s
task: 3
worker id: 57120
time create lcl and mol: 0.00236011 s
numbers of trajectories: 7143
time trajectory calculation: 35.3297 s
task: 4
worker id: 4121
time create lcl and mol: 0.00217295 s
numbers of trajectories: 7143
time trajectory calculation: 32.4667 s
task: 5
worker id: 30410
time create lcl and mol: 0.00217104 s
numbers of trajectories: 7143
time trajectory calculation: 32.6306 s
task: 6
worker id: 63438
time create lcl and mol: 0.00236607 s
numbers of trajectories: 7143
time trajectory calculation: 24.5389 s
task: 7
worker id: 85158
time create lcl and mol: 0.00231981 s
numbers of trajectories: 7143
time trajectory calculation: 29.2539 s
task: 8
worker id: 63438
time create lcl and mol: 0.00217009 s
numbers of trajectories: 7143
time trajectory calculation: 33.3103 s
task: 9
worker id: 85158
time create lcl and mol: 0.0021081 s
numbers of trajectories: 7143
time trajectory calculation: 32.664 s
task: 10
worker id: 57120
time create lcl and mol: 0.00202012 s
numbers of trajectories: 7143
time trajectory calculation: 33.05 s
task: 11
worker id: 32891
time create lcl and mol: 0.00224495 s
numbers of trajectories: 7143
time trajectory calculation: 38.1467 s
task: 12
worker id: 4121
time create lcl and mol: 0.00221109 s
numbers of trajectories: 7142
time trajectory calculation: 42.7023 s
task: 13
worker id: 30410
time create lcl and mol: 0.0021472 s
numbers of trajectories: 7142
time trajectory calculation: 40.2825 s
CCS time: 75.2492 s
*********************************************************
average value of CCS = 12170.8 Ang^2
error value of CCS = 109.338 Ang^2
Total time: 75.2963 s
Program finished...
*********************************************************
INPUT:: Simulation Parameters 
*********************************************************
target filename                  : 10_4avt_carga_31_min.xyz
number of probe                  : 10000
number of iterarions             : 10
number of tasks                  : 14
number of threads                : 24
seed number                      : 2104
gas buffer                       : N2
Target Temperature (K)           : 298
timestep (fs)                    : 10
Skin cell size (Ang)             : 0.01
Equipotential                    : no
Cut short-range interaction      : yes
LJ cutoff (Ang)                  : 12
Apply long-range interaction     : yes
Cut long-range interaction       : yes
Coulomb cutoff (Ang)             : 25
Apply induced-dipole interaction : yes
alpha (Ang^3)                    : 1.71
force_type: 6
*********************************************************
Force Field parameters: 
*********************************************************
Symbol  mass (amu)  epislon (kcal/mol)  sigma(Angstroms) 
C   12.011   0.0824736   3.2255
N   14.007   0.0758527   3.5719
H   1.008   0.0362711   1.8986
O   15.999   0.062323   3.075
S   32.06   0.138032   3.4237
P   30.9738   0.145372   3.47
*********************************************************
MOLECULE:: orientation around the inertia principal axis 
*********************************************************
Inertia matrix a.u. Ang^2: 
{  2.29035e+08  -1.13344e+07  8.2053e+06  }
{  -1.13344e+07  2.50171e+08  -1.78791e+07  }
{  8.2053e+06  -1.78791e+07  2.38415e+08  }
Rotation matrix applied to molecule: 
{  0.337034  -0.762644  0.552071  }
{  0.941493  0.272859  -0.197838  }
{  0.000241967  0.586449  0.809986  }
Molecule radius: 60.1159 Ang 
orientation time of molecule target: 0.0980861 s
target mass: 232455 amu
gas mass: 28.014 amu
reduce mass: 28.014 amu
charge state: 31 e
*********************************************************
Geometric Ellipsoid: 
*********************************************************
maximal distances: 40.6569  53.3921  53.9199  Ang
Initial axis length: 91.7645  104.5  105.027  Ang
Ellipsoid axis length: 101.294  114.03  114.557  Ang
ellipsoid calculation time: 0.000253916 s
maximal impact parameter: 114.557 Ang
*********************************************************
Linked-cell: 
Numbers of cells: 6460
Nx: 17 Ny: 19 Nz: 20
Filled cells: 383
Empty cells: 6077
Average atoms per cell: 85.5718
Maximum atoms per cell: 208
Minimum atoms per cell: 1
Simulation box: 
lx: 204.17 Ang
ly: 228.19 Ang
lz: 240.2 Ang
linked-cell calculation time: 0.00942707 s
time info: 0.00103307 s
*********************************************************
Trajectory calculations 
*********************************************************
out target time: 74.577 s
Ntraj: 10000
Nfree: 807
Nscatter: 9183
Nlost: 10
omega: 12434
Ntraj: 10000
Nfree: 768
Nscatter: 9216
Nlost: 16
omega: 12396.6
Ntraj: 10000
Nfree: 742
Nscatter: 9249
Nlost: 9
omega: 12235.9
Ntraj: 10000
Nfree: 751
Nscatter: 9239
Nlost: 10
omega: 12134
Ntraj: 10000
Nfree: 760
Nscatter: 9234
Nlost: 6
omega: 12359.1
Ntraj: 10000
Nfree: 818
Nscatter: 9167
Nlost: 15
omega: 11929.3
Ntraj: 10000
Nfree: 791
Nscatter: 9201
Nlost: 8
omega: 11665.4
Ntraj: 10000
Nfree: 800
Nscatter: 9195
Nlost: 5
omega: 11729.7
Ntraj: 10000
Nfree: 819
Nscatter: 9171
Nlost: 10
omega: 11959.1
Ntraj: 10000
Nfree: 753
Nscatter: 9233
Nlost: 14
omega: 12864.4
*********************************************************
task: 0
worker id: 38647
time create lcl and mol: 0.00205779 s
numbers of trajectories: 7143
time trajectory calculation: 42.1129 s
task: 1
worker id: 38991
time create lcl and mol: 0.00209117 s
numbers of trajectories: 7143
time trajectory calculation: 34.1791 s
task: 2
worker id: 37936
time create lcl and mol: 0.0022471 s
numbers of trajectories: 7143
time trajectory calculation: 40.6687 s
task: 3
worker id: 38932
time create lcl and mol: 0.00212502 s
numbers of trajectories: 7143
time trajectory calculation: 33.5341 s
task: 4
worker id: 44870
time create lcl and mol: 0.00219798 s
numbers of trajectories: 7143
time trajectory calculation: 32.4813 s
task: 5
worker id: 38991
time create lcl and mol: 0.00211596 s
numbers of trajectories: 7143
time trajectory calculation: 32.523 s
task: 6
worker id: 38644
time create lcl and mol: 0.00213909 s
numbers of trajectories: 7143
time trajectory calculation: 24.8802 s
task: 7
worker id: 39348
time create lcl and mol: 0.00212908 s
numbers of trajectories: 7143
time trajectory calculation: 29.5536 s
task: 8
worker id: 38644
time create lcl and mol: 0.00208688 s
numbers of trajectories: 7143
time trajectory calculation: 32.8667 s
task: 9
worker id: 38932
time create lcl and mol: 0.0020721 s
numbers of trajectories: 7143
time trajectory calculation: 32.3493 s
task: 10
worker id: 38991
time create lcl and mol: 0.00205088 s
numbers of trajectories: 7143
time trajectory calculation: 33.5747 s
task: 11
worker id: 38991
time create lcl and mol: 0.00206089 s
numbers of trajectories: 7143
time trajectory calculation: 38.3481 s
task: 12
worker id: 44870
time create lcl and mol: 0.00226283 s
numbers of trajectories: 7142
time trajectory calculation: 41.9815 s
task: 13
worker id: 39348
time create lcl and mol: 0.00199389 s
numbers of trajectories: 7142
time trajectory calculation: 39.9331 s
CCS time: 74.5878 s
*********************************************************
average value of CCS = 12170.8 Ang^2
error value of CCS = 109.338 Ang^2
Total time: 74.7005 s
Program finished...
*********************************************************
INPUT:: Simulation Parameters 
*********************************************************
target filename                  : 10_4avt_carga_31_min.xyz
number of probe                  : 10000
number of iterarions             : 10
number of tasks                  : 14
number of threads                : 24
seed number                      : 2104
gas buffer                       : N2
Target Temperature (K)           : 298
timestep (fs)                    : 10
Skin cell size (Ang)             : 0.01
Equipotential                    : no
Cut short-range interaction      : yes
LJ cutoff (Ang)                  : 12
Apply long-range interaction     : yes
Cut long-range interaction       : yes
Coulomb cutoff (Ang)             : 25
Apply induced-dipole interaction : yes
alpha (Ang^3)                    : 1.71
force_type: 6
*********************************************************
Force Field parameters: 
*********************************************************
Symbol  mass (amu)  epislon (kcal/mol)  sigma(Angstroms) 
C   12.011   0.0824736   3.2255
N   14.007   0.0758527   3.5719
H   1.008   0.0362711   1.8986
O   15.999   0.062323   3.075
S   32.06   0.138032   3.4237
P   30.9738   0.145372   3.47
*********************************************************
MOLECULE:: orientation around the inertia principal axis 
*********************************************************
Inertia matrix a.u. Ang^2: 
{  2.29035e+08  -1.13344e+07  8.2053e+06  }
{  -1.13344e+07  2.50171e+08  -1.78791e+07  }
{  8.2053e+06  -1.78791e+07  2.38415e+08  }
Rotation matrix applied to molecule: 
{  0.337034  -0.762644  0.552071  }
{  0.941493  0.272859  -0.197838  }
{  0.000241967  0.586449  0.809986  }
Molecule radius: 60.1159 Ang 
orientation time of molecule target: 0.031841 s
target mass: 232455 amu
gas mass: 28.014 amu
reduce mass: 28.014 amu
charge state: 31 e
*********************************************************
Geometric Ellipsoid: 
*********************************************************
maximal distances: 40.6569  53.3921  53.9199  Ang
Initial axis length: 91.7645  104.5  105.027  Ang
Ellipsoid axis length: 101.294  114.03  114.557  Ang
ellipsoid calculation time: 0.000262022 s
maximal impact parameter: 114.557 Ang
*********************************************************
Linked-cell: 
Numbers of cells: 6460
Nx: 17 Ny: 19 Nz: 20
Filled cells: 383
Empty cells: 6077
Average atoms per cell: 85.5718
Maximum atoms per cell: 208
Minimum atoms per cell: 1
Simulation box: 
lx: 204.17 Ang
ly: 228.19 Ang
lz: 240.2 Ang
linked-cell calculation time: 0.00931716 s
time info: 0.000880003 s
*********************************************************
Trajectory calculations 
*********************************************************
out target time: 73.1746 s
Ntraj: 10000
Nfree: 807
Nscatter: 9183
Nlost: 10
omega: 12434
Ntraj: 10000
Nfree: 768
Nscatter: 9216
Nlost: 16
omega: 12396.6
Ntraj: 10000
Nfree: 742
Nscatter: 9249
Nlost: 9
omega: 12235.9
Ntraj: 10000
Nfree: 751
Nscatter: 9239
Nlost: 10
omega: 12134
Ntraj: 10000
Nfree: 760
Nscatter: 9234
Nlost: 6
omega: 12359.1
Ntraj: 10000
Nfree: 818
Nscatter: 9167
Nlost: 15
omega: 11929.3
Ntraj: 10000
Nfree: 791
Nscatter: 9201
Nlost: 8
omega: 11665.4
Ntraj: 10000
Nfree: 800
Nscatter: 9195
Nlost: 5
omega: 11729.7
Ntraj: 10000
Nfree: 819
Nscatter: 9171
Nlost: 10
omega: 11959.1
Ntraj: 10000
Nfree: 753
Nscatter: 9233
Nlost: 14
omega: 12864.4
*********************************************************
task: 0
worker id: 40971
time create lcl and mol: 0.00213099 s
numbers of trajectories: 7143
time trajectory calculation: 43.3544 s
task: 1
worker id: 41311
time create lcl and mol: 0.00207496 s
numbers of trajectories: 7143
time trajectory calculation: 35.0793 s
task: 2
worker id: 41256
time create lcl and mol: 0.00207114 s
numbers of trajectories: 7143
time trajectory calculation: 41.3058 s
task: 3
worker id: 40962
time create lcl and mol: 0.00214696 s
numbers of trajectories: 7143
time trajectory calculation: 34.4608 s
task: 4
worker id: 41314
time create lcl and mol: 0.00210905 s
numbers of trajectories: 7143
time trajectory calculation: 32.1217 s
task: 5
worker id: 41668
time create lcl and mol: 0.00206399 s
numbers of trajectories: 7143
time trajectory calculation: 32.9514 s
task: 6
worker id: 40254
time create lcl and mol: 0.00205112 s
numbers of trajectories: 7143
time trajectory calculation: 25.0637 s
task: 7
worker id: 47202
time create lcl and mol: 0.00226402 s
numbers of trajectories: 7143
time trajectory calculation: 29.2727 s
task: 8
worker id: 41311
time create lcl and mol: 0.0019629 s
numbers of trajectories: 7143
time trajectory calculation: 32.0378 s
task: 9
worker id: 40962
time create lcl and mol: 0.002244 s
numbers of trajectories: 7143
time trajectory calculation: 33.0064 s
task: 10
worker id: 41314
time create lcl and mol: 0.00225687 s
numbers of trajectories: 7143
time trajectory calculation: 33.2108 s
task: 11
worker id: 40254
time create lcl and mol: 0.00202203 s
numbers of trajectories: 7143
time trajectory calculation: 38.3005 s
task: 12
worker id: 47202
time create lcl and mol: 0.00208092 s
numbers of trajectories: 7142
time trajectory calculation: 42.839 s
task: 13
worker id: 41668
time create lcl and mol: 0.00207901 s
numbers of trajectories: 7142
time trajectory calculation: 40.1388 s
CCS time: 73.1858 s
*********************************************************
average value of CCS = 12170.8 Ang^2
error value of CCS = 109.338 Ang^2
Total time: 73.2325 s
Program finished...
*********************************************************
INPUT:: Simulation Parameters 
*********************************************************
target filename                  : 10_4avt_carga_31_min.xyz
number of probe                  : 10000
number of iterarions             : 10
number of tasks                  : 14
number of threads                : 24
seed number                      : 2104
gas buffer                       : N2
Target Temperature (K)           : 298
timestep (fs)                    : 10
Skin cell size (Ang)             : 0.01
Equipotential                    : no
Cut short-range interaction      : yes
LJ cutoff (Ang)                  : 12
Apply long-range interaction     : yes
Cut long-range interaction       : yes
Coulomb cutoff (Ang)             : 25
Apply induced-dipole interaction : yes
alpha (Ang^3)                    : 1.71
force_type: 6
*********************************************************
Force Field parameters: 
*********************************************************
Symbol  mass (amu)  epislon (kcal/mol)  sigma(Angstroms) 
C   12.011   0.0824736   3.2255
N   14.007   0.0758527   3.5719
H   1.008   0.0362711   1.8986
O   15.999   0.062323   3.075
S   32.06   0.138032   3.4237
P   30.9738   0.145372   3.47
*********************************************************
MOLECULE:: orientation around the inertia principal axis 
*********************************************************
Inertia matrix a.u. Ang^2: 
{  2.29035e+08  -1.13344e+07  8.2053e+06  }
{  -1.13344e+07  2.50171e+08  -1.78791e+07  }
{  8.2053e+06  -1.78791e+07  2.38415e+08  }
Rotation matrix applied to molecule: 
{  0.337034  -0.762644  0.552071  }
{  0.941493  0.272859  -0.197838  }
{  0.000241967  0.586449  0.809986  }
Molecule radius: 60.1159 Ang 
orientation time of molecule target: 0.0318501 s
target mass: 232455 amu
gas mass: 28.014 amu
reduce mass: 28.014 amu
charge state: 31 e
*********************************************************
Geometric Ellipsoid: 
*********************************************************
maximal distances: 40.6569  53.3921  53.9199  Ang
Initial axis length: 91.7645  104.5  105.027  Ang
Ellipsoid axis length: 101.294  114.03  114.557  Ang
ellipsoid calculation time: 0.000265121 s
maximal impact parameter: 114.557 Ang
*********************************************************
Linked-cell: 
Numbers of cells: 6460
Nx: 17 Ny: 19 Nz: 20
Filled cells: 383
Empty cells: 6077
Average atoms per cell: 85.5718
Maximum atoms per cell: 208
Minimum atoms per cell: 1
Simulation box: 
lx: 204.17 Ang
ly: 228.19 Ang
lz: 240.2 Ang
linked-cell calculation time: 0.00921106 s
time info: 0.00103283 s
*********************************************************
Trajectory calculations 
*********************************************************
out target time: 75.1447 s
Ntraj: 10000
Nfree: 807
Nscatter: 9183
Nlost: 10
omega: 12434
Ntraj: 10000
Nfree: 768
Nscatter: 9216
Nlost: 16
omega: 12396.6
Ntraj: 10000
Nfree: 742
Nscatter: 9249
Nlost: 9
omega: 12235.9
Ntraj: 10000
Nfree: 751
Nscatter: 9239
Nlost: 10
omega: 12134
Ntraj: 10000
Nfree: 760
Nscatter: 9234
Nlost: 6
omega: 12359.1
Ntraj: 10000
Nfree: 818
Nscatter: 9167
Nlost: 15
omega: 11929.3
Ntraj: 10000
Nfree: 791
Nscatter: 9201
Nlost: 8
omega: 11665.4
Ntraj: 10000
Nfree: 800
Nscatter: 9195
Nlost: 5
omega: 11729.7
Ntraj: 10000
Nfree: 819
Nscatter: 9171
Nlost: 10
omega: 11959.1
Ntraj: 10000
Nfree: 753
Nscatter: 9233
Nlost: 14
omega: 12864.4
*********************************************************
task: 0
worker id: 43873
time create lcl and mol: 0.00205588 s
numbers of trajectories: 7143
time trajectory calculation: 41.4831 s
task: 1
worker id: 49837
time create lcl and mol: 0.00219893 s
numbers of trajectories: 7143
time trajectory calculation: 33.4304 s
task: 2
worker id: 43594
time create lcl and mol: 0.00213194 s
numbers of trajectories: 7143
time trajectory calculation: 40.7879 s
task: 3
worker id: 43935
time create lcl and mol: 0.00210214 s
numbers of trajectories: 7143
time trajectory calculation: 35.1691 s
task: 4
worker id: 43582
time create lcl and mol: 0.00208902 s
numbers of trajectories: 7143
time trajectory calculation: 33.2118 s
task: 5
worker id: 42869
time create lcl and mol: 0.00228095 s
numbers of trajectories: 7143
time trajectory calculation: 33.3163 s
task: 6
worker id: 44286
time create lcl and mol: 0.00219798 s
numbers of trajectories: 7143
time trajectory calculation: 25.7188 s
task: 7
worker id: 43582
time create lcl and mol: 0.00225091 s
numbers of trajectories: 7143
time trajectory calculation: 30.1531 s
task: 8
worker id: 43930
time create lcl and mol: 0.00201797 s
numbers of trajectories: 7143
time trajectory calculation: 31.7504 s
task: 9
worker id: 49837
time create lcl and mol: 0.00212407 s
numbers of trajectories: 7143
time trajectory calculation: 32.7842 s
task: 10
worker id: 42869
time create lcl and mol: 0.00200486 s
numbers of trajectories: 7143
time trajectory calculation: 33.114 s
task: 11
worker id: 44286
time create lcl and mol: 0.00207901 s
numbers of trajectories: 7143
time trajectory calculation: 38.5632 s
task: 12
worker id: 43930
time create lcl and mol: 0.0021112 s
numbers of trajectories: 7142
time trajectory calculation: 42.9351 s
task: 13
worker id: 43935
time create lcl and mol: 0.00215101 s
numbers of trajectories: 7142
time trajectory calculation: 39.9136 s
CCS time: 75.1552 s
*********************************************************
average value of CCS = 12170.8 Ang^2
error value of CCS = 109.338 Ang^2
Total time: 75.2019 s
Program finished...
*********************************************************
INPUT:: Simulation Parameters 
*********************************************************
target filename                  : 10_4avt_carga_31_min.xyz
number of probe                  : 10000
number of iterarions             : 10
number of tasks                  : 14
number of threads                : 24
seed number                      : 2104
gas buffer                       : N2
Target Temperature (K)           : 298
timestep (fs)                    : 10
Skin cell size (Ang)             : 0.01
Equipotential                    : no
Cut short-range interaction      : yes
LJ cutoff (Ang)                  : 12
Apply long-range interaction     : yes
Cut long-range interaction       : yes
Coulomb cutoff (Ang)             : 25
Apply induced-dipole interaction : yes
alpha (Ang^3)                    : 1.71
force_type: 6
*********************************************************
Force Field parameters: 
*********************************************************
Symbol  mass (amu)  epislon (kcal/mol)  sigma(Angstroms) 
C   12.011   0.0824736   3.2255
N   14.007   0.0758527   3.5719
H   1.008   0.0362711   1.8986
O   15.999   0.062323   3.075
S   32.06   0.138032   3.4237
P   30.9738   0.145372   3.47
*********************************************************
MOLECULE:: orientation around the inertia principal axis 
*********************************************************
Inertia matrix a.u. Ang^2: 
{  2.29035e+08  -1.13344e+07  8.2053e+06  }
{  -1.13344e+07  2.50171e+08  -1.78791e+07  }
{  8.2053e+06  -1.78791e+07  2.38415e+08  }
Rotation matrix applied to molecule: 
{  0.337034  -0.762644  0.552071  }
{  0.941493  0.272859  -0.197838  }
{  0.000241967  0.586449  0.809986  }
Molecule radius: 60.1159 Ang 
orientation time of molecule target: 0.0316689 s
target mass: 232455 amu
gas mass: 28.014 amu
reduce mass: 28.014 amu
charge state: 31 e
*********************************************************
Geometric Ellipsoid: 
*********************************************************
maximal distances: 40.6569  53.3921  53.9199  Ang
Initial axis length: 91.7645  104.5  105.027  Ang
Ellipsoid axis length: 101.294  114.03  114.557  Ang
ellipsoid calculation time: 0.000271082 s
maximal impact parameter: 114.557 Ang
*********************************************************
Linked-cell: 
Numbers of cells: 6460
Nx: 17 Ny: 19 Nz: 20
Filled cells: 383
Empty cells: 6077
Average atoms per cell: 85.5718
Maximum atoms per cell: 208
Minimum atoms per cell: 1
Simulation box: 
lx: 204.17 Ang
ly: 228.19 Ang
lz: 240.2 Ang
linked-cell calculation time: 0.00931907 s
time info: 0.001091 s
*********************************************************
Trajectory calculations 
*********************************************************
out target time: 74.256 s
Ntraj: 10000
Nfree: 807
Nscatter: 9183
Nlost: 10
omega: 12434
Ntraj: 10000
Nfree: 768
Nscatter: 9216
Nlost: 16
omega: 12396.6
Ntraj: 10000
Nfree: 742
Nscatter: 9249
Nlost: 9
omega: 12235.9
Ntraj: 10000
Nfree: 751
Nscatter: 9239
Nlost: 10
omega: 12134
Ntraj: 10000
Nfree: 760
Nscatter: 9234
Nlost: 6
omega: 12359.1
Ntraj: 10000
Nfree: 818
Nscatter: 9167
Nlost: 15
omega: 11929.3
Ntraj: 10000
Nfree: 791
Nscatter: 9201
Nlost: 8
omega: 11665.4
Ntraj: 10000
Nfree: 800
Nscatter: 9195
Nlost: 5
omega: 11729.7
Ntraj: 10000
Nfree: 819
Nscatter: 9171
Nlost: 10
omega: 11959.1
Ntraj: 10000
Nfree: 753
Nscatter: 9233
Nlost: 14
omega: 12864.4
*********************************************************
task: 0
worker id: 46586
time create lcl and mol: 0.00217104 s
numbers of trajectories: 7143
time trajectory calculation: 42.35 s
task: 1
worker id: 46232
time create lcl and mol: 0.00204897 s
numbers of trajectories: 7143
time trajectory calculation: 35.3764 s
task: 2
worker id: 52152
time create lcl and mol: 0.00211906 s
numbers of trajectories: 7143
time trajectory calculation: 42.7251 s
task: 3
worker id: 46232
time create lcl and mol: 0.00212407 s
numbers of trajectories: 7143
time trajectory calculation: 35.5714 s
task: 4
worker id: 46174
time create lcl and mol: 0.00220299 s
numbers of trajectories: 7143
time trajectory calculation: 32.2646 s
task: 5
worker id: 45884
time create lcl and mol: 0.00238109 s
numbers of trajectories: 7143
time trajectory calculation: 32.7475 s
task: 6
worker id: 45169
time create lcl and mol: 0.00205588 s
numbers of trajectories: 7143
time trajectory calculation: 24.8747 s
task: 7
worker id: 45169
time create lcl and mol: 0.00215316 s
numbers of trajectories: 7143
time trajectory calculation: 30.2841 s
task: 8
worker id: 46241
time create lcl and mol: 0.00211716 s
numbers of trajectories: 7143
time trajectory calculation: 33.4152 s
task: 9
worker id: 45900
time create lcl and mol: 0.00220299 s
numbers of trajectories: 7143
time trajectory calculation: 32.6274 s
task: 10
worker id: 45884
time create lcl and mol: 0.00208211 s
numbers of trajectories: 7143
time trajectory calculation: 33.5785 s
task: 11
worker id: 46174
time create lcl and mol: 0.00222397 s
numbers of trajectories: 7143
time trajectory calculation: 38.6154 s
task: 12
worker id: 45900
time create lcl and mol: 0.00212193 s
numbers of trajectories: 7142
time trajectory calculation: 41.5442 s
task: 13
worker id: 46241
time create lcl and mol: 0.00209403 s
numbers of trajectories: 7142
time trajectory calculation: 38.8581 s
CCS time: 74.2669 s
*********************************************************
average value of CCS = 12170.8 Ang^2
error value of CCS = 109.338 Ang^2
Total time: 74.3131 s
Program finished...
*********************************************************
INPUT:: Simulation Parameters 
*********************************************************
target filename                  : 10_4avt_carga_31_min.xyz
number of probe                  : 10000
number of iterarions             : 10
number of tasks                  : 14
number of threads                : 24
seed number                      : 2104
gas buffer                       : N2
Target Temperature (K)           : 298
timestep (fs)                    : 10
Skin cell size (Ang)             : 0.01
Equipotential                    : no
Cut short-range interaction      : yes
LJ cutoff (Ang)                  : 12
Apply long-range interaction     : yes
Cut long-range interaction       : yes
Coulomb cutoff (Ang)             : 25
Apply induced-dipole interaction : yes
alpha (Ang^3)                    : 1.71
force_type: 6
*********************************************************
Force Field parameters: 
*********************************************************
Symbol  mass (amu)  epislon (kcal/mol)  sigma(Angstroms) 
C   12.011   0.0824736   3.2255
N   14.007   0.0758527   3.5719
H   1.008   0.0362711   1.8986
O   15.999   0.062323   3.075
S   32.06   0.138032   3.4237
P   30.9738   0.145372   3.47
*********************************************************
MOLECULE:: orientation around the inertia principal axis 
*********************************************************
Inertia matrix a.u. Ang^2: 
{  2.29035e+08  -1.13344e+07  8.2053e+06  }
{  -1.13344e+07  2.50171e+08  -1.78791e+07  }
{  8.2053e+06  -1.78791e+07  2.38415e+08  }
Rotation matrix applied to molecule: 
{  0.337034  -0.762644  0.552071  }
{  0.941493  0.272859  -0.197838  }
{  0.000241967  0.586449  0.809986  }
Molecule radius: 60.1159 Ang 
orientation time of molecule target: 0.0317819 s
target mass: 232455 amu
gas mass: 28.014 amu
reduce mass: 28.014 amu
charge state: 31 e
*********************************************************
Geometric Ellipsoid: 
*********************************************************
maximal distances: 40.6569  53.3921  53.9199  Ang
Initial axis length: 91.7645  104.5  105.027  Ang
Ellipsoid axis length: 101.294  114.03  114.557  Ang
ellipsoid calculation time: 0.000251055 s
maximal impact parameter: 114.557 Ang
*********************************************************
Linked-cell: 
Numbers of cells: 6460
Nx: 17 Ny: 19 Nz: 20
Filled cells: 383
Empty cells: 6077
Average atoms per cell: 85.5718
Maximum atoms per cell: 208
Minimum atoms per cell: 1
Simulation box: 
lx: 204.17 Ang
ly: 228.19 Ang
lz: 240.2 Ang
linked-cell calculation time: 0.00922298 s
time info: 0.00107908 s
*********************************************************
Trajectory calculations 
*********************************************************
out target time: 72.5061 s
Ntraj: 10000
Nfree: 807
Nscatter: 9183
Nlost: 10
omega: 12434
Ntraj: 10000
Nfree: 768
Nscatter: 9216
Nlost: 16
omega: 12396.6
Ntraj: 10000
Nfree: 742
Nscatter: 9249
Nlost: 9
omega: 12235.9
Ntraj: 10000
Nfree: 751
Nscatter: 9239
Nlost: 10
omega: 12134
Ntraj: 10000
Nfree: 760
Nscatter: 9234
Nlost: 6
omega: 12359.1
Ntraj: 10000
Nfree: 818
Nscatter: 9167
Nlost: 15
omega: 11929.3
Ntraj: 10000
Nfree: 791
Nscatter: 9201
Nlost: 8
omega: 11665.4
Ntraj: 10000
Nfree: 800
Nscatter: 9195
Nlost: 5
omega: 11729.7
Ntraj: 10000
Nfree: 819
Nscatter: 9171
Nlost: 10
omega: 11959.1
Ntraj: 10000
Nfree: 753
Nscatter: 9233
Nlost: 14
omega: 12864.4
*********************************************************
task: 0
worker id: 47809
time create lcl and mol: 0.00209188 s
numbers of trajectories: 7143
time trajectory calculation: 42.5786 s
task: 1
worker id: 48521
time create lcl and mol: 0.00214291 s
numbers of trajectories: 7143
time trajectory calculation: 35.3047 s
task: 2
worker id: 48878
time create lcl and mol: 0.00212884 s
numbers of trajectories: 7143
time trajectory calculation: 41.456 s
task: 3
worker id: 54804
time create lcl and mol: 0.00209689 s
numbers of trajectories: 7143
time trajectory calculation: 33.4469 s
task: 4
worker id: 48812
time create lcl and mol: 0.00217009 s
numbers of trajectories: 7143
time trajectory calculation: 33.4284 s
task: 5
worker id: 49224
time create lcl and mol: 0.00203896 s
numbers of trajectories: 7143
time trajectory calculation: 34.199 s
task: 6
worker id: 49224
time create lcl and mol: 0.00225592 s
numbers of trajectories: 7143
time trajectory calculation: 24.572 s
task: 7
worker id: 48878
time create lcl and mol: 0.00216413 s
numbers of trajectories: 7143
time trajectory calculation: 30.144 s
task: 8
worker id: 48546
time create lcl and mol: 0.00215697 s
numbers of trajectories: 7143
time trajectory calculation: 32.9277 s
task: 9
worker id: 54804
time create lcl and mol: 0.00207114 s
numbers of trajectories: 7143
time trajectory calculation: 32.5827 s
task: 10
worker id: 48521
time create lcl and mol: 0.00214887 s
numbers of trajectories: 7143
time trajectory calculation: 33.5284 s
task: 11
worker id: 48546
time create lcl and mol: 0.00208592 s
numbers of trajectories: 7143
time trajectory calculation: 37.5387 s
task: 12
worker id: 48873
time create lcl and mol: 0.00204992 s
numbers of trajectories: 7142
time trajectory calculation: 41.6546 s
task: 13
worker id: 48812
time create lcl and mol: 0.0019269 s
numbers of trajectories: 7142
time trajectory calculation: 39.0128 s
CCS time: 72.5167 s
*********************************************************
average value of CCS = 12170.8 Ang^2
error value of CCS = 109.338 Ang^2
Total time: 72.5631 s
Program finished...
