*********************************************************
INPUT:: Simulation Parameters 
*********************************************************
target filename                  : 09_1aqf_carga_31_min.xyz
number of probe                  : 10000
number of iterarions             : 10
number of tasks                  : 26
number of threads                : 24
seed number                      : 2104
gas buffer                       : N2
Target Temperature (K)           : 298
timestep (fs)                    : 10
Skin cell size (Ang)             : 0.01
Equipotential                    : no
Cut short-range interaction      : yes
LJ cutoff (Ang)                  : 12
Apply long-range interaction     : yes
Cut long-range interaction       : yes
Coulomb cutoff (Ang)             : 25
Apply induced-dipole interaction : yes
alpha (Ang^3)                    : 1.71
force_type: 6
*********************************************************
Force Field parameters: 
*********************************************************
Symbol  mass (amu)  epislon (kcal/mol)  sigma(Angstroms) 
C   12.011   0.0824736   3.2255
N   14.007   0.0758527   3.5719
H   1.008   0.0362711   1.8986
O   15.999   0.062323   3.075
S   32.06   0.138032   3.4237
P   30.9738   0.145372   3.47
*********************************************************
MOLECULE:: orientation around the inertia principal axis 
*********************************************************
Inertia matrix a.u. Ang^2: 
{  3.06475e+08  -1.24859e+07  2.8268e+06  }
{  -1.24859e+07  2.10003e+08  6.06891e+07  }
{  2.8268e+06  6.06891e+07  2.38764e+08  }
Rotation matrix applied to molecule: 
{  0.967096  -0.210263  -0.143226  }
{  0.0793105  0.78409  -0.615559  }
{  0.241732  0.583946  0.774967  }
Molecule radius: 70.6159 Ang 
orientation time of molecule target: 0.10632 s
target mass: 227289 amu
gas mass: 28.014 amu
reduce mass: 28.014 amu
charge state: 31 e
*********************************************************
Geometric Ellipsoid: 
*********************************************************
maximal distances: 46.8728  52.0299  62.5643  Ang
Initial axis length: 97.9804  103.138  113.672  Ang
Ellipsoid axis length: 111.57  116.728  127.262  Ang
ellipsoid calculation time: 0.000265121 s
maximal impact parameter: 127.262 Ang
*********************************************************
Linked-cell: 
Numbers of cells: 8360
Nx: 19 Ny: 20 Nz: 22
Filled cells: 400
Empty cells: 7960
Average atoms per cell: 80.425
Maximum atoms per cell: 202
Minimum atoms per cell: 1
Simulation box: 
lx: 228.19 Ang
ly: 240.2 Ang
lz: 264.22 Ang
linked-cell calculation time: 0.011678 s
time info: 0.000993967 s
*********************************************************
Trajectory calculations 
*********************************************************
out target time: 51.8274 s
Ntraj: 10000
Nfree: 1417
Nscatter: 8582
Nlost: 1
omega: 12411
Ntraj: 10000
Nfree: 1311
Nscatter: 8688
Nlost: 1
omega: 12592.4
Ntraj: 10000
Nfree: 1283
Nscatter: 8715
Nlost: 2
omega: 11992.3
Ntraj: 10000
Nfree: 1316
Nscatter: 8684
Nlost: 0
omega: 12229.2
Ntraj: 10000
Nfree: 1314
Nscatter: 8685
Nlost: 1
omega: 12320.9
Ntraj: 10000
Nfree: 1328
Nscatter: 8672
Nlost: 0
omega: 12367.5
Ntraj: 10000
Nfree: 1332
Nscatter: 8667
Nlost: 1
omega: 11865.6
Ntraj: 10000
Nfree: 1366
Nscatter: 8632
Nlost: 2
omega: 11771.1
Ntraj: 10000
Nfree: 1338
Nscatter: 8661
Nlost: 1
omega: 12447.4
Ntraj: 10000
Nfree: 1254
Nscatter: 8745
Nlost: 1
omega: 12607.7
*********************************************************
task: 0
worker id: 70161
time create lcl and mol: 0.00244403 s
numbers of trajectories: 3847
time trajectory calculation: 16.4227 s
task: 1
worker id: 15489
time create lcl and mol: 0.00250983 s
numbers of trajectories: 3847
time trajectory calculation: 8.45213 s
task: 2
worker id: 16108
time create lcl and mol: 0.00265193 s
numbers of trajectories: 3847
time trajectory calculation: 18.5259 s
task: 3
worker id: 32056
time create lcl and mol: 0.00256491 s
numbers of trajectories: 3847
time trajectory calculation: 15.4909 s
task: 4
worker id: 66532
time create lcl and mol: 0.00264406 s
numbers of trajectories: 3846
time trajectory calculation: 18.0932 s
task: 5
worker id: 90918
time create lcl and mol: 0.00245595 s
numbers of trajectories: 3846
time trajectory calculation: 21.5596 s
task: 6
worker id: 38447
time create lcl and mol: 0.00241995 s
numbers of trajectories: 3846
time trajectory calculation: 22.1847 s
task: 7
worker id: 70161
time create lcl and mol: 0.00264788 s
numbers of trajectories: 3846
time trajectory calculation: 22.4526 s
task: 8
worker id: 21960
time create lcl and mol: 0.002424 s
numbers of trajectories: 3846
time trajectory calculation: 15.6866 s
task: 9
worker id: 16108
time create lcl and mol: 0.00246906 s
numbers of trajectories: 3846
time trajectory calculation: 7.56085 s
task: 10
worker id: 16108
time create lcl and mol: 0.00251579 s
numbers of trajectories: 3846
time trajectory calculation: 8.94427 s
task: 11
worker id: 90918
time create lcl and mol: 0.00227904 s
numbers of trajectories: 3846
time trajectory calculation: 18.7092 s
task: 12
worker id: 15489
time create lcl and mol: 0.00255799 s
numbers of trajectories: 3846
time trajectory calculation: 10.8868 s
task: 13
worker id: 15489
time create lcl and mol: 0.00253296 s
numbers of trajectories: 3846
time trajectory calculation: 17.1183 s
task: 14
worker id: 16108
time create lcl and mol: 0.00255489 s
numbers of trajectories: 3846
time trajectory calculation: 12.1403 s
task: 15
worker id: 32056
time create lcl and mol: 0.00253701 s
numbers of trajectories: 3846
time trajectory calculation: 15.1163 s
task: 16
worker id: 90918
time create lcl and mol: 0.00239301 s
numbers of trajectories: 3846
time trajectory calculation: 9.57698 s
task: 17
worker id: 70161
time create lcl and mol: 0.00257301 s
numbers of trajectories: 3846
time trajectory calculation: 10.2476 s
task: 18
worker id: 38447
time create lcl and mol: 0.00243807 s
numbers of trajectories: 3846
time trajectory calculation: 7.10021 s
task: 19
worker id: 66532
time create lcl and mol: 0.00257897 s
numbers of trajectories: 3846
time trajectory calculation: 11.9534 s
task: 20
worker id: 21960
time create lcl and mol: 0.00243902 s
numbers of trajectories: 3846
time trajectory calculation: 24.4531 s
task: 21
worker id: 38447
time create lcl and mol: 0.00258803 s
numbers of trajectories: 3846
time trajectory calculation: 10.4133 s
task: 22
worker id: 66532
time create lcl and mol: 0.00265813 s
numbers of trajectories: 3846
time trajectory calculation: 15.2735 s
task: 23
worker id: 32056
time create lcl and mol: 0.00248599 s
numbers of trajectories: 3846
time trajectory calculation: 10.6306 s
task: 24
worker id: 15489
time create lcl and mol: 0.00257611 s
numbers of trajectories: 3846
time trajectory calculation: 15.2695 s
task: 25
worker id: 21960
time create lcl and mol: 0.00243807 s
numbers of trajectories: 3846
time trajectory calculation: 11.2549 s
CCS time: 51.8381 s
*********************************************************
average value of CCS = 12260.5 Ang^2
error value of CCS = 87.8465 Ang^2
Total time: 51.9614 s
Program finished...
*********************************************************
INPUT:: Simulation Parameters 
*********************************************************
target filename                  : 09_1aqf_carga_31_min.xyz
number of probe                  : 10000
number of iterarions             : 10
number of tasks                  : 26
number of threads                : 24
seed number                      : 2104
gas buffer                       : N2
Target Temperature (K)           : 298
timestep (fs)                    : 10
Skin cell size (Ang)             : 0.01
Equipotential                    : no
Cut short-range interaction      : yes
LJ cutoff (Ang)                  : 12
Apply long-range interaction     : yes
Cut long-range interaction       : yes
Coulomb cutoff (Ang)             : 25
Apply induced-dipole interaction : yes
alpha (Ang^3)                    : 1.71
force_type: 6
*********************************************************
Force Field parameters: 
*********************************************************
Symbol  mass (amu)  epislon (kcal/mol)  sigma(Angstroms) 
C   12.011   0.0824736   3.2255
N   14.007   0.0758527   3.5719
H   1.008   0.0362711   1.8986
O   15.999   0.062323   3.075
S   32.06   0.138032   3.4237
P   30.9738   0.145372   3.47
*********************************************************
MOLECULE:: orientation around the inertia principal axis 
*********************************************************
Inertia matrix a.u. Ang^2: 
{  3.06475e+08  -1.24859e+07  2.8268e+06  }
{  -1.24859e+07  2.10003e+08  6.06891e+07  }
{  2.8268e+06  6.06891e+07  2.38764e+08  }
Rotation matrix applied to molecule: 
{  0.967096  -0.210263  -0.143226  }
{  0.0793105  0.78409  -0.615559  }
{  0.241732  0.583946  0.774967  }
Molecule radius: 70.6159 Ang 
orientation time of molecule target: 0.0311551 s
target mass: 227289 amu
gas mass: 28.014 amu
reduce mass: 28.014 amu
charge state: 31 e
*********************************************************
Geometric Ellipsoid: 
*********************************************************
maximal distances: 46.8728  52.0299  62.5643  Ang
Initial axis length: 97.9804  103.138  113.672  Ang
Ellipsoid axis length: 111.57  116.728  127.262  Ang
ellipsoid calculation time: 0.000252008 s
maximal impact parameter: 127.262 Ang
*********************************************************
Linked-cell: 
Numbers of cells: 8360
Nx: 19 Ny: 20 Nz: 22
Filled cells: 400
Empty cells: 7960
Average atoms per cell: 80.425
Maximum atoms per cell: 202
Minimum atoms per cell: 1
Simulation box: 
lx: 228.19 Ang
ly: 240.2 Ang
lz: 264.22 Ang
linked-cell calculation time: 0.0108938 s
time info: 0.00106215 s
*********************************************************
Trajectory calculations 
*********************************************************
out target time: 62.5278 s
Ntraj: 10000
Nfree: 1417
Nscatter: 8582
Nlost: 1
omega: 12411
Ntraj: 10000
Nfree: 1311
Nscatter: 8688
Nlost: 1
omega: 12592.4
Ntraj: 10000
Nfree: 1283
Nscatter: 8715
Nlost: 2
omega: 11992.3
Ntraj: 10000
Nfree: 1316
Nscatter: 8684
Nlost: 0
omega: 12229.2
Ntraj: 10000
Nfree: 1314
Nscatter: 8685
Nlost: 1
omega: 12320.9
Ntraj: 10000
Nfree: 1328
Nscatter: 8672
Nlost: 0
omega: 12367.5
Ntraj: 10000
Nfree: 1332
Nscatter: 8667
Nlost: 1
omega: 11865.6
Ntraj: 10000
Nfree: 1366
Nscatter: 8632
Nlost: 2
omega: 11771.1
Ntraj: 10000
Nfree: 1338
Nscatter: 8661
Nlost: 1
omega: 12447.4
Ntraj: 10000
Nfree: 1254
Nscatter: 8745
Nlost: 1
omega: 12607.7
*********************************************************
task: 0
worker id: 92900
time create lcl and mol: 0.00247312 s
numbers of trajectories: 3847
time trajectory calculation: 16.9714 s
task: 1
worker id: 23948
time create lcl and mol: 0.00244403 s
numbers of trajectories: 3847
time trajectory calculation: 8.43193 s
task: 2
worker id: 34040
time create lcl and mol: 0.00248003 s
numbers of trajectories: 3847
time trajectory calculation: 18.4613 s
task: 3
worker id: 34040
time create lcl and mol: 0.00243306 s
numbers of trajectories: 3847
time trajectory calculation: 14.7692 s
task: 4
worker id: 18102
time create lcl and mol: 0.00230312 s
numbers of trajectories: 3846
time trajectory calculation: 18.1366 s
task: 5
worker id: 18102
time create lcl and mol: 0.00243092 s
numbers of trajectories: 3846
time trajectory calculation: 22.5707 s
task: 6
worker id: 40429
time create lcl and mol: 0.00247908 s
numbers of trajectories: 3846
time trajectory calculation: 22.5243 s
task: 7
worker id: 68515
time create lcl and mol: 0.00257492 s
numbers of trajectories: 3846
time trajectory calculation: 22.7692 s
task: 8
worker id: 68515
time create lcl and mol: 0.00247192 s
numbers of trajectories: 3846
time trajectory calculation: 15.6116 s
task: 9
worker id: 72158
time create lcl and mol: 0.00240684 s
numbers of trajectories: 3846
time trajectory calculation: 7.58275 s
task: 10
worker id: 68515
time create lcl and mol: 0.00265908 s
numbers of trajectories: 3846
time trajectory calculation: 9.14101 s
task: 11
worker id: 17471
time create lcl and mol: 0.00247979 s
numbers of trajectories: 3846
time trajectory calculation: 19.2565 s
task: 12
worker id: 40429
time create lcl and mol: 0.00265408 s
numbers of trajectories: 3846
time trajectory calculation: 11.0898 s
task: 13
worker id: 72158
time create lcl and mol: 0.00256205 s
numbers of trajectories: 3846
time trajectory calculation: 17.1224 s
task: 14
worker id: 72158
time create lcl and mol: 0.00251293 s
numbers of trajectories: 3846
time trajectory calculation: 11.8344 s
task: 15
worker id: 92900
time create lcl and mol: 0.00279093 s
numbers of trajectories: 3846
time trajectory calculation: 15.6667 s
task: 16
worker id: 17471
time create lcl and mol: 0.00257397 s
numbers of trajectories: 3846
time trajectory calculation: 9.49998 s
task: 17
worker id: 92900
time create lcl and mol: 0.00264215 s
numbers of trajectories: 3846
time trajectory calculation: 10.1788 s
task: 18
worker id: 68515
time create lcl and mol: 0.00249314 s
numbers of trajectories: 3846
time trajectory calculation: 7.22818 s
task: 19
worker id: 72158
time create lcl and mol: 0.00247216 s
numbers of trajectories: 3846
time trajectory calculation: 11.8691 s
task: 20
worker id: 23948
time create lcl and mol: 0.00259209 s
numbers of trajectories: 3846
time trajectory calculation: 23.6487 s
task: 21
worker id: 34040
time create lcl and mol: 0.00252986 s
numbers of trajectories: 3846
time trajectory calculation: 10.4526 s
task: 22
worker id: 23948
time create lcl and mol: 0.00252986 s
numbers of trajectories: 3846
time trajectory calculation: 15.2845 s
task: 23
worker id: 40429
time create lcl and mol: 0.0024569 s
numbers of trajectories: 3846
time trajectory calculation: 10.3339 s
task: 24
worker id: 23948
time create lcl and mol: 0.00238705 s
numbers of trajectories: 3846
time trajectory calculation: 15.0576 s
task: 25
worker id: 17471
time create lcl and mol: 0.00272512 s
numbers of trajectories: 3846
time trajectory calculation: 11.2259 s
CCS time: 62.5386 s
*********************************************************
average value of CCS = 12260.5 Ang^2
error value of CCS = 87.8465 Ang^2
Total time: 62.5864 s
Program finished...
*********************************************************
INPUT:: Simulation Parameters 
*********************************************************
target filename                  : 09_1aqf_carga_31_min.xyz
number of probe                  : 10000
number of iterarions             : 10
number of tasks                  : 26
number of threads                : 24
seed number                      : 2104
gas buffer                       : N2
Target Temperature (K)           : 298
timestep (fs)                    : 10
Skin cell size (Ang)             : 0.01
Equipotential                    : no
Cut short-range interaction      : yes
LJ cutoff (Ang)                  : 12
Apply long-range interaction     : yes
Cut long-range interaction       : yes
Coulomb cutoff (Ang)             : 25
Apply induced-dipole interaction : yes
alpha (Ang^3)                    : 1.71
force_type: 6
*********************************************************
Force Field parameters: 
*********************************************************
Symbol  mass (amu)  epislon (kcal/mol)  sigma(Angstroms) 
C   12.011   0.0824736   3.2255
N   14.007   0.0758527   3.5719
H   1.008   0.0362711   1.8986
O   15.999   0.062323   3.075
S   32.06   0.138032   3.4237
P   30.9738   0.145372   3.47
*********************************************************
MOLECULE:: orientation around the inertia principal axis 
*********************************************************
Inertia matrix a.u. Ang^2: 
{  3.06475e+08  -1.24859e+07  2.8268e+06  }
{  -1.24859e+07  2.10003e+08  6.06891e+07  }
{  2.8268e+06  6.06891e+07  2.38764e+08  }
Rotation matrix applied to molecule: 
{  0.967096  -0.210263  -0.143226  }
{  0.0793105  0.78409  -0.615559  }
{  0.241732  0.583946  0.774967  }
Molecule radius: 70.6159 Ang 
orientation time of molecule target: 0.0310071 s
target mass: 227289 amu
gas mass: 28.014 amu
reduce mass: 28.014 amu
charge state: 31 e
*********************************************************
Geometric Ellipsoid: 
*********************************************************
maximal distances: 46.8728  52.0299  62.5643  Ang
Initial axis length: 97.9804  103.138  113.672  Ang
Ellipsoid axis length: 111.57  116.728  127.262  Ang
ellipsoid calculation time: 0.000250816 s
maximal impact parameter: 127.262 Ang
*********************************************************
Linked-cell: 
Numbers of cells: 8360
Nx: 19 Ny: 20 Nz: 22
Filled cells: 400
Empty cells: 7960
Average atoms per cell: 80.425
Maximum atoms per cell: 202
Minimum atoms per cell: 1
Simulation box: 
lx: 228.19 Ang
ly: 240.2 Ang
lz: 264.22 Ang
linked-cell calculation time: 0.0108449 s
time info: 0.00109601 s
*********************************************************
Trajectory calculations 
*********************************************************
out target time: 60.749 s
Ntraj: 10000
Nfree: 1417
Nscatter: 8582
Nlost: 1
omega: 12411
Ntraj: 10000
Nfree: 1311
Nscatter: 8688
Nlost: 1
omega: 12592.4
Ntraj: 10000
Nfree: 1283
Nscatter: 8715
Nlost: 2
omega: 11992.3
Ntraj: 10000
Nfree: 1316
Nscatter: 8684
Nlost: 0
omega: 12229.2
Ntraj: 10000
Nfree: 1314
Nscatter: 8685
Nlost: 1
omega: 12320.9
Ntraj: 10000
Nfree: 1328
Nscatter: 8672
Nlost: 0
omega: 12367.5
Ntraj: 10000
Nfree: 1332
Nscatter: 8667
Nlost: 1
omega: 11865.6
Ntraj: 10000
Nfree: 1366
Nscatter: 8632
Nlost: 2
omega: 11771.1
Ntraj: 10000
Nfree: 1338
Nscatter: 8661
Nlost: 1
omega: 12447.4
Ntraj: 10000
Nfree: 1254
Nscatter: 8745
Nlost: 1
omega: 12607.7
*********************************************************
task: 0
worker id: 94900
time create lcl and mol: 0.00238395 s
numbers of trajectories: 3847
time trajectory calculation: 17.2259 s
task: 1
worker id: 70513
time create lcl and mol: 0.0024879 s
numbers of trajectories: 3847
time trajectory calculation: 8.53495 s
task: 2
worker id: 20113
time create lcl and mol: 0.00268412 s
numbers of trajectories: 3847
time trajectory calculation: 18.1942 s
task: 3
worker id: 42422
time create lcl and mol: 0.00254107 s
numbers of trajectories: 3847
time trajectory calculation: 15.4312 s
task: 4
worker id: 25935
time create lcl and mol: 0.00244808 s
numbers of trajectories: 3846
time trajectory calculation: 17.8158 s
task: 5
worker id: 19461
time create lcl and mol: 0.00279713 s
numbers of trajectories: 3846
time trajectory calculation: 22.5248 s
task: 6
worker id: 36036
time create lcl and mol: 0.00266099 s
numbers of trajectories: 3846
time trajectory calculation: 22.2398 s
task: 7
worker id: 74150
time create lcl and mol: 0.00253987 s
numbers of trajectories: 3846
time trajectory calculation: 22.8596 s
task: 8
worker id: 25935
time create lcl and mol: 0.00230813 s
numbers of trajectories: 3846
time trajectory calculation: 15.5426 s
task: 9
worker id: 19461
time create lcl and mol: 0.00272012 s
numbers of trajectories: 3846
time trajectory calculation: 7.57353 s
task: 10
worker id: 70513
time create lcl and mol: 0.00244713 s
numbers of trajectories: 3846
time trajectory calculation: 8.88458 s
task: 11
worker id: 94900
time create lcl and mol: 0.00255585 s
numbers of trajectories: 3846
time trajectory calculation: 19.2032 s
task: 12
worker id: 70513
time create lcl and mol: 0.00267601 s
numbers of trajectories: 3846
time trajectory calculation: 11.0545 s
task: 13
worker id: 20113
time create lcl and mol: 0.0024519 s
numbers of trajectories: 3846
time trajectory calculation: 16.9501 s
task: 14
worker id: 74150
time create lcl and mol: 0.00333095 s
numbers of trajectories: 3846
time trajectory calculation: 12.0351 s
task: 15
worker id: 42422
time create lcl and mol: 0.00254107 s
numbers of trajectories: 3846
time trajectory calculation: 15.3115 s
task: 16
worker id: 70513
time create lcl and mol: 0.00242591 s
numbers of trajectories: 3846
time trajectory calculation: 9.68888 s
task: 17
worker id: 20113
time create lcl and mol: 0.00268888 s
numbers of trajectories: 3846
time trajectory calculation: 9.93656 s
task: 18
worker id: 25935
time create lcl and mol: 0.00230789 s
numbers of trajectories: 3846
time trajectory calculation: 7.35903 s
task: 19
worker id: 36036
time create lcl and mol: 0.00240183 s
numbers of trajectories: 3846
time trajectory calculation: 11.9092 s
task: 20
worker id: 94900
time create lcl and mol: 0.00258899 s
numbers of trajectories: 3846
time trajectory calculation: 24.2364 s
task: 21
worker id: 25935
time create lcl and mol: 0.0024581 s
numbers of trajectories: 3846
time trajectory calculation: 10.3778 s
task: 22
worker id: 36036
time create lcl and mol: 0.00250697 s
numbers of trajectories: 3846
time trajectory calculation: 15.6402 s
task: 23
worker id: 19461
time create lcl and mol: 0.00260401 s
numbers of trajectories: 3846
time trajectory calculation: 10.5353 s
task: 24
worker id: 42422
time create lcl and mol: 0.00254297 s
numbers of trajectories: 3846
time trajectory calculation: 14.7964 s
task: 25
worker id: 74150
time create lcl and mol: 0.00242805 s
numbers of trajectories: 3846
time trajectory calculation: 10.8647 s
CCS time: 60.7601 s
*********************************************************
average value of CCS = 12260.5 Ang^2
error value of CCS = 87.8465 Ang^2
Total time: 60.8073 s
Program finished...
*********************************************************
INPUT:: Simulation Parameters 
*********************************************************
target filename                  : 09_1aqf_carga_31_min.xyz
number of probe                  : 10000
number of iterarions             : 10
number of tasks                  : 26
number of threads                : 24
seed number                      : 2104
gas buffer                       : N2
Target Temperature (K)           : 298
timestep (fs)                    : 10
Skin cell size (Ang)             : 0.01
Equipotential                    : no
Cut short-range interaction      : yes
LJ cutoff (Ang)                  : 12
Apply long-range interaction     : yes
Cut long-range interaction       : yes
Coulomb cutoff (Ang)             : 25
Apply induced-dipole interaction : yes
alpha (Ang^3)                    : 1.71
force_type: 6
*********************************************************
Force Field parameters: 
*********************************************************
Symbol  mass (amu)  epislon (kcal/mol)  sigma(Angstroms) 
C   12.011   0.0824736   3.2255
N   14.007   0.0758527   3.5719
H   1.008   0.0362711   1.8986
O   15.999   0.062323   3.075
S   32.06   0.138032   3.4237
P   30.9738   0.145372   3.47
*********************************************************
MOLECULE:: orientation around the inertia principal axis 
*********************************************************
Inertia matrix a.u. Ang^2: 
{  3.06475e+08  -1.24859e+07  2.8268e+06  }
{  -1.24859e+07  2.10003e+08  6.06891e+07  }
{  2.8268e+06  6.06891e+07  2.38764e+08  }
Rotation matrix applied to molecule: 
{  0.967096  -0.210263  -0.143226  }
{  0.0793105  0.78409  -0.615559  }
{  0.241732  0.583946  0.774967  }
Molecule radius: 70.6159 Ang 
orientation time of molecule target: 0.0311229 s
target mass: 227289 amu
gas mass: 28.014 amu
reduce mass: 28.014 amu
charge state: 31 e
*********************************************************
Geometric Ellipsoid: 
*********************************************************
maximal distances: 46.8728  52.0299  62.5643  Ang
Initial axis length: 97.9804  103.138  113.672  Ang
Ellipsoid axis length: 111.57  116.728  127.262  Ang
ellipsoid calculation time: 0.000244856 s
maximal impact parameter: 127.262 Ang
*********************************************************
Linked-cell: 
Numbers of cells: 8360
Nx: 19 Ny: 20 Nz: 22
Filled cells: 400
Empty cells: 7960
Average atoms per cell: 80.425
Maximum atoms per cell: 202
Minimum atoms per cell: 1
Simulation box: 
lx: 228.19 Ang
ly: 240.2 Ang
lz: 264.22 Ang
linked-cell calculation time: 0.0108151 s
time info: 0.00106406 s
*********************************************************
Trajectory calculations 
*********************************************************
out target time: 54.7875 s
Ntraj: 10000
Nfree: 1417
Nscatter: 8582
Nlost: 1
omega: 12411
Ntraj: 10000
Nfree: 1311
Nscatter: 8688
Nlost: 1
omega: 12592.4
Ntraj: 10000
Nfree: 1283
Nscatter: 8715
Nlost: 2
omega: 11992.3
Ntraj: 10000
Nfree: 1316
Nscatter: 8684
Nlost: 0
omega: 12229.2
Ntraj: 10000
Nfree: 1314
Nscatter: 8685
Nlost: 1
omega: 12320.9
Ntraj: 10000
Nfree: 1328
Nscatter: 8672
Nlost: 0
omega: 12367.5
Ntraj: 10000
Nfree: 1332
Nscatter: 8667
Nlost: 1
omega: 11865.6
Ntraj: 10000
Nfree: 1366
Nscatter: 8632
Nlost: 2
omega: 11771.1
Ntraj: 10000
Nfree: 1338
Nscatter: 8661
Nlost: 1
omega: 12447.4
Ntraj: 10000
Nfree: 1254
Nscatter: 8745
Nlost: 1
omega: 12607.7
*********************************************************
task: 0
worker id: 44419
time create lcl and mol: 0.002455 s
numbers of trajectories: 3847
time trajectory calculation: 16.7642 s
task: 1
worker id: 96890
time create lcl and mol: 0.00241685 s
numbers of trajectories: 3847
time trajectory calculation: 8.17319 s
task: 2
worker id: 76139
time create lcl and mol: 0.00229597 s
numbers of trajectories: 3847
time trajectory calculation: 17.6791 s
task: 3
worker id: 44419
time create lcl and mol: 0.00244689 s
numbers of trajectories: 3847
time trajectory calculation: 15.4932 s
task: 4
worker id: 27924
time create lcl and mol: 0.00248909 s
numbers of trajectories: 3846
time trajectory calculation: 17.9717 s
task: 5
worker id: 38038
time create lcl and mol: 0.00275087 s
numbers of trajectories: 3846
time trajectory calculation: 22.0624 s
task: 6
worker id: 22116
time create lcl and mol: 0.00251389 s
numbers of trajectories: 3846
time trajectory calculation: 22.748 s
task: 7
worker id: 72505
time create lcl and mol: 0.00232792 s
numbers of trajectories: 3846
time trajectory calculation: 22.9997 s
task: 8
worker id: 76139
time create lcl and mol: 0.00252199 s
numbers of trajectories: 3846
time trajectory calculation: 15.4376 s
task: 9
worker id: 21447
time create lcl and mol: 0.00246119 s
numbers of trajectories: 3846
time trajectory calculation: 7.57665 s
task: 10
worker id: 22116
time create lcl and mol: 0.00270987 s
numbers of trajectories: 3846
time trajectory calculation: 9.07092 s
task: 11
worker id: 76139
time create lcl and mol: 0.00246692 s
numbers of trajectories: 3846
time trajectory calculation: 19.0999 s
task: 12
worker id: 72505
time create lcl and mol: 0.00243807 s
numbers of trajectories: 3846
time trajectory calculation: 11.0422 s
task: 13
worker id: 38038
time create lcl and mol: 0.00240517 s
numbers of trajectories: 3846
time trajectory calculation: 17.6399 s
task: 14
worker id: 21447
time create lcl and mol: 0.00248218 s
numbers of trajectories: 3846
time trajectory calculation: 11.7702 s
task: 15
worker id: 27924
time create lcl and mol: 0.00255799 s
numbers of trajectories: 3846
time trajectory calculation: 15.4356 s
task: 16
worker id: 27924
time create lcl and mol: 0.00227094 s
numbers of trajectories: 3846
time trajectory calculation: 9.74252 s
task: 17
worker id: 21447
time create lcl and mol: 0.00244212 s
numbers of trajectories: 3846
time trajectory calculation: 9.98573 s
task: 18
worker id: 44419
time create lcl and mol: 0.0023222 s
numbers of trajectories: 3846
time trajectory calculation: 7.32033 s
task: 19
worker id: 96890
time create lcl and mol: 0.00252318 s
numbers of trajectories: 3846
time trajectory calculation: 11.8165 s
task: 20
worker id: 96890
time create lcl and mol: 0.00255585 s
numbers of trajectories: 3846
time trajectory calculation: 24.7015 s
task: 21
worker id: 44419
time create lcl and mol: 0.00250101 s
numbers of trajectories: 3846
time trajectory calculation: 10.0738 s
task: 22
worker id: 21447
time create lcl and mol: 0.00249815 s
numbers of trajectories: 3846
time trajectory calculation: 15.3218 s
task: 23
worker id: 22116
time create lcl and mol: 0.00249696 s
numbers of trajectories: 3846
time trajectory calculation: 10.5794 s
task: 24
worker id: 38038
time create lcl and mol: 0.00258088 s
numbers of trajectories: 3846
time trajectory calculation: 15.0021 s
task: 25
worker id: 72505
time create lcl and mol: 0.00272012 s
numbers of trajectories: 3846
time trajectory calculation: 11.2486 s
CCS time: 54.7983 s
*********************************************************
average value of CCS = 12260.5 Ang^2
error value of CCS = 87.8465 Ang^2
Total time: 54.8457 s
Program finished...
*********************************************************
INPUT:: Simulation Parameters 
*********************************************************
target filename                  : 09_1aqf_carga_31_min.xyz
number of probe                  : 10000
number of iterarions             : 10
number of tasks                  : 26
number of threads                : 24
seed number                      : 2104
gas buffer                       : N2
Target Temperature (K)           : 298
timestep (fs)                    : 10
Skin cell size (Ang)             : 0.01
Equipotential                    : no
Cut short-range interaction      : yes
LJ cutoff (Ang)                  : 12
Apply long-range interaction     : yes
Cut long-range interaction       : yes
Coulomb cutoff (Ang)             : 25
Apply induced-dipole interaction : yes
alpha (Ang^3)                    : 1.71
force_type: 6
*********************************************************
Force Field parameters: 
*********************************************************
Symbol  mass (amu)  epislon (kcal/mol)  sigma(Angstroms) 
C   12.011   0.0824736   3.2255
N   14.007   0.0758527   3.5719
H   1.008   0.0362711   1.8986
O   15.999   0.062323   3.075
S   32.06   0.138032   3.4237
P   30.9738   0.145372   3.47
*********************************************************
MOLECULE:: orientation around the inertia principal axis 
*********************************************************
Inertia matrix a.u. Ang^2: 
{  3.06475e+08  -1.24859e+07  2.8268e+06  }
{  -1.24859e+07  2.10003e+08  6.06891e+07  }
{  2.8268e+06  6.06891e+07  2.38764e+08  }
Rotation matrix applied to molecule: 
{  0.967096  -0.210263  -0.143226  }
{  0.0793105  0.78409  -0.615559  }
{  0.241732  0.583946  0.774967  }
Molecule radius: 70.6159 Ang 
orientation time of molecule target: 0.031533 s
target mass: 227289 amu
gas mass: 28.014 amu
reduce mass: 28.014 amu
charge state: 31 e
*********************************************************
Geometric Ellipsoid: 
*********************************************************
maximal distances: 46.8728  52.0299  62.5643  Ang
Initial axis length: 97.9804  103.138  113.672  Ang
Ellipsoid axis length: 111.57  116.728  127.262  Ang
ellipsoid calculation time: 0.000266075 s
maximal impact parameter: 127.262 Ang
*********************************************************
Linked-cell: 
Numbers of cells: 8360
Nx: 19 Ny: 20 Nz: 22
Filled cells: 400
Empty cells: 7960
Average atoms per cell: 80.425
Maximum atoms per cell: 202
Minimum atoms per cell: 1
Simulation box: 
lx: 228.19 Ang
ly: 240.2 Ang
lz: 264.22 Ang
linked-cell calculation time: 0.0109229 s
time info: 0.00107408 s
*********************************************************
Trajectory calculations 
*********************************************************
out target time: 56.1292 s
Ntraj: 10000
Nfree: 1417
Nscatter: 8582
Nlost: 1
omega: 12411
Ntraj: 10000
Nfree: 1311
Nscatter: 8688
Nlost: 1
omega: 12592.4
Ntraj: 10000
Nfree: 1283
Nscatter: 8715
Nlost: 2
omega: 11992.3
Ntraj: 10000
Nfree: 1316
Nscatter: 8684
Nlost: 0
omega: 12229.2
Ntraj: 10000
Nfree: 1314
Nscatter: 8685
Nlost: 1
omega: 12320.9
Ntraj: 10000
Nfree: 1328
Nscatter: 8672
Nlost: 0
omega: 12367.5
Ntraj: 10000
Nfree: 1332
Nscatter: 8667
Nlost: 1
omega: 11865.6
Ntraj: 10000
Nfree: 1366
Nscatter: 8632
Nlost: 2
omega: 11771.1
Ntraj: 10000
Nfree: 1338
Nscatter: 8661
Nlost: 1
omega: 12447.4
Ntraj: 10000
Nfree: 1254
Nscatter: 8745
Nlost: 1
omega: 12607.7
*********************************************************
task: 0
worker id: 24116
time create lcl and mol: 0.00273514 s
numbers of trajectories: 3847
time trajectory calculation: 17.3232 s
task: 1
worker id: 29914
time create lcl and mol: 0.00257492 s
numbers of trajectories: 3847
time trajectory calculation: 8.25505 s
task: 2
worker id: 1134
time create lcl and mol: 0.00254512 s
numbers of trajectories: 3847
time trajectory calculation: 18.0922 s
task: 3
worker id: 46403
time create lcl and mol: 0.00266004 s
numbers of trajectories: 3847
time trajectory calculation: 15.2461 s
task: 4
worker id: 23428
time create lcl and mol: 0.00250387 s
numbers of trajectories: 3846
time trajectory calculation: 17.6129 s
task: 5
worker id: 74484
time create lcl and mol: 0.00261807 s
numbers of trajectories: 3846
time trajectory calculation: 22.4325 s
task: 6
worker id: 40027
time create lcl and mol: 0.00259495 s
numbers of trajectories: 3846
time trajectory calculation: 22.7725 s
task: 7
worker id: 78124
time create lcl and mol: 0.00241113 s
numbers of trajectories: 3846
time trajectory calculation: 22.4425 s
task: 8
worker id: 29914
time create lcl and mol: 0.00256395 s
numbers of trajectories: 3846
time trajectory calculation: 15.2869 s
task: 9
worker id: 1134
time create lcl and mol: 0.00259423 s
numbers of trajectories: 3846
time trajectory calculation: 7.54317 s
task: 10
worker id: 74484
time create lcl and mol: 0.00261998 s
numbers of trajectories: 3846
time trajectory calculation: 9.01494 s
task: 11
worker id: 40027
time create lcl and mol: 0.00254703 s
numbers of trajectories: 3846
time trajectory calculation: 19.0429 s
task: 12
worker id: 24116
time create lcl and mol: 0.00243616 s
numbers of trajectories: 3846
time trajectory calculation: 11.0533 s
task: 13
worker id: 23428
time create lcl and mol: 0.0026741 s
numbers of trajectories: 3846
time trajectory calculation: 17.1816 s
task: 14
worker id: 29914
time create lcl and mol: 0.00241208 s
numbers of trajectories: 3846
time trajectory calculation: 11.8587 s
task: 15
worker id: 24116
time create lcl and mol: 0.00259399 s
numbers of trajectories: 3846
time trajectory calculation: 15.601 s
task: 16
worker id: 29914
time create lcl and mol: 0.00251198 s
numbers of trajectories: 3846
time trajectory calculation: 9.48314 s
task: 17
worker id: 29914
time create lcl and mol: 0.00247693 s
numbers of trajectories: 3846
time trajectory calculation: 10.1187 s
task: 18
worker id: 46403
time create lcl and mol: 0.00255704 s
numbers of trajectories: 3846
time trajectory calculation: 7.43935 s
task: 19
worker id: 24116
time create lcl and mol: 0.00269699 s
numbers of trajectories: 3846
time trajectory calculation: 12.0571 s
task: 20
worker id: 46403
time create lcl and mol: 0.00251603 s
numbers of trajectories: 3846
time trajectory calculation: 24.3507 s
task: 21
worker id: 74484
time create lcl and mol: 0.00258303 s
numbers of trajectories: 3846
time trajectory calculation: 10.3089 s
task: 22
worker id: 1134
time create lcl and mol: 0.00246096 s
numbers of trajectories: 3846
time trajectory calculation: 15.2873 s
task: 23
worker id: 78124
time create lcl and mol: 0.00266194 s
numbers of trajectories: 3846
time trajectory calculation: 10.5423 s
task: 24
worker id: 78124
time create lcl and mol: 0.00249505 s
numbers of trajectories: 3846
time trajectory calculation: 14.6447 s
task: 25
worker id: 23428
time create lcl and mol: 0.00245094 s
numbers of trajectories: 3846
time trajectory calculation: 11.3061 s
CCS time: 56.1401 s
*********************************************************
average value of CCS = 12260.5 Ang^2
error value of CCS = 87.8465 Ang^2
Total time: 56.1877 s
Program finished...
*********************************************************
INPUT:: Simulation Parameters 
*********************************************************
target filename                  : 09_1aqf_carga_31_min.xyz
number of probe                  : 10000
number of iterarions             : 10
number of tasks                  : 26
number of threads                : 24
seed number                      : 2104
gas buffer                       : N2
Target Temperature (K)           : 298
timestep (fs)                    : 10
Skin cell size (Ang)             : 0.01
Equipotential                    : no
Cut short-range interaction      : yes
LJ cutoff (Ang)                  : 12
Apply long-range interaction     : yes
Cut long-range interaction       : yes
Coulomb cutoff (Ang)             : 25
Apply induced-dipole interaction : yes
alpha (Ang^3)                    : 1.71
force_type: 6
*********************************************************
Force Field parameters: 
*********************************************************
Symbol  mass (amu)  epislon (kcal/mol)  sigma(Angstroms) 
C   12.011   0.0824736   3.2255
N   14.007   0.0758527   3.5719
H   1.008   0.0362711   1.8986
O   15.999   0.062323   3.075
S   32.06   0.138032   3.4237
P   30.9738   0.145372   3.47
*********************************************************
MOLECULE:: orientation around the inertia principal axis 
*********************************************************
Inertia matrix a.u. Ang^2: 
{  3.06475e+08  -1.24859e+07  2.8268e+06  }
{  -1.24859e+07  2.10003e+08  6.06891e+07  }
{  2.8268e+06  6.06891e+07  2.38764e+08  }
Rotation matrix applied to molecule: 
{  0.967096  -0.210263  -0.143226  }
{  0.0793105  0.78409  -0.615559  }
{  0.241732  0.583946  0.774967  }
Molecule radius: 70.6159 Ang 
orientation time of molecule target: 0.11401 s
target mass: 227289 amu
gas mass: 28.014 amu
reduce mass: 28.014 amu
charge state: 31 e
*********************************************************
Geometric Ellipsoid: 
*********************************************************
maximal distances: 46.8728  52.0299  62.5643  Ang
Initial axis length: 97.9804  103.138  113.672  Ang
Ellipsoid axis length: 111.57  116.728  127.262  Ang
ellipsoid calculation time: 0.000250101 s
maximal impact parameter: 127.262 Ang
*********************************************************
Linked-cell: 
Numbers of cells: 8360
Nx: 19 Ny: 20 Nz: 22
Filled cells: 400
Empty cells: 7960
Average atoms per cell: 80.425
Maximum atoms per cell: 202
Minimum atoms per cell: 1
Simulation box: 
lx: 228.19 Ang
ly: 240.2 Ang
lz: 264.22 Ang
linked-cell calculation time: 0.011373 s
time info: 0.00108504 s
*********************************************************
Trajectory calculations 
*********************************************************
out target time: 54.1255 s
Ntraj: 10000
Nfree: 1417
Nscatter: 8582
Nlost: 1
omega: 12411
Ntraj: 10000
Nfree: 1311
Nscatter: 8688
Nlost: 1
omega: 12592.4
Ntraj: 10000
Nfree: 1283
Nscatter: 8715
Nlost: 2
omega: 11992.3
Ntraj: 10000
Nfree: 1316
Nscatter: 8684
Nlost: 0
omega: 12229.2
Ntraj: 10000
Nfree: 1314
Nscatter: 8685
Nlost: 1
omega: 12320.9
Ntraj: 10000
Nfree: 1328
Nscatter: 8672
Nlost: 0
omega: 12367.5
Ntraj: 10000
Nfree: 1332
Nscatter: 8667
Nlost: 1
omega: 11865.6
Ntraj: 10000
Nfree: 1366
Nscatter: 8632
Nlost: 2
omega: 11771.1
Ntraj: 10000
Nfree: 1338
Nscatter: 8661
Nlost: 1
omega: 12447.4
Ntraj: 10000
Nfree: 1254
Nscatter: 8745
Nlost: 1
omega: 12607.7
*********************************************************
task: 0
worker id: 53058
time create lcl and mol: 0.00260997 s
numbers of trajectories: 3847
time trajectory calculation: 16.6931 s
task: 1
worker id: 52069
time create lcl and mol: 0.00262523 s
numbers of trajectories: 3847
time trajectory calculation: 8.57181 s
task: 2
worker id: 73087
time create lcl and mol: 0.00251484 s
numbers of trajectories: 3847
time trajectory calculation: 17.7236 s
task: 3
worker id: 53514
time create lcl and mol: 0.00250101 s
numbers of trajectories: 3847
time trajectory calculation: 15.513 s
task: 4
worker id: 53365
time create lcl and mol: 0.00241613 s
numbers of trajectories: 3846
time trajectory calculation: 17.928 s
task: 5
worker id: 51336
time create lcl and mol: 0.00259709 s
numbers of trajectories: 3846
time trajectory calculation: 22.4386 s
task: 6
worker id: 53876
time create lcl and mol: 0.00267482 s
numbers of trajectories: 3846
time trajectory calculation: 22.1405 s
task: 7
worker id: 52426
time create lcl and mol: 0.00250912 s
numbers of trajectories: 3846
time trajectory calculation: 22.886 s
task: 8
worker id: 51336
time create lcl and mol: 0.00241995 s
numbers of trajectories: 3846
time trajectory calculation: 15.3285 s
task: 9
worker id: 53514
time create lcl and mol: 0.00246787 s
numbers of trajectories: 3846
time trajectory calculation: 7.46336 s
task: 10
worker id: 52426
time create lcl and mol: 0.0024159 s
numbers of trajectories: 3846
time trajectory calculation: 8.97415 s
task: 11
worker id: 53876
time create lcl and mol: 0.00234389 s
numbers of trajectories: 3846
time trajectory calculation: 19.0233 s
task: 12
worker id: 53058
time create lcl and mol: 0.00264907 s
numbers of trajectories: 3846
time trajectory calculation: 10.9008 s
task: 13
worker id: 52069
time create lcl and mol: 0.00262809 s
numbers of trajectories: 3846
time trajectory calculation: 16.7322 s
task: 14
worker id: 53365
time create lcl and mol: 0.0023241 s
numbers of trajectories: 3846
time trajectory calculation: 12.0826 s
task: 15
worker id: 73087
time create lcl and mol: 0.00244093 s
numbers of trajectories: 3846
time trajectory calculation: 15.5341 s
task: 16
worker id: 53365
time create lcl and mol: 0.00260901 s
numbers of trajectories: 3846
time trajectory calculation: 9.6624 s
task: 17
worker id: 52426
time create lcl and mol: 0.00238013 s
numbers of trajectories: 3846
time trajectory calculation: 10.101 s
task: 18
worker id: 53365
time create lcl and mol: 0.00260592 s
numbers of trajectories: 3846
time trajectory calculation: 7.46178 s
task: 19
worker id: 53514
time create lcl and mol: 0.00235891 s
numbers of trajectories: 3846
time trajectory calculation: 12.0785 s
task: 20
worker id: 52069
time create lcl and mol: 0.00228691 s
numbers of trajectories: 3846
time trajectory calculation: 23.1655 s
task: 21
worker id: 51336
time create lcl and mol: 0.00242901 s
numbers of trajectories: 3846
time trajectory calculation: 10.4702 s
task: 22
worker id: 73087
time create lcl and mol: 0.00248098 s
numbers of trajectories: 3846
time trajectory calculation: 15.4954 s
task: 23
worker id: 53514
time create lcl and mol: 0.00230503 s
numbers of trajectories: 3846
time trajectory calculation: 10.1562 s
task: 24
worker id: 53058
time create lcl and mol: 0.00257492 s
numbers of trajectories: 3846
time trajectory calculation: 15.2835 s
task: 25
worker id: 53058
time create lcl and mol: 0.002599 s
numbers of trajectories: 3846
time trajectory calculation: 11.1553 s
CCS time: 54.1371 s
*********************************************************
average value of CCS = 12260.5 Ang^2
error value of CCS = 87.8465 Ang^2
Total time: 54.2674 s
Program finished...
*********************************************************
INPUT:: Simulation Parameters 
*********************************************************
target filename                  : 09_1aqf_carga_31_min.xyz
number of probe                  : 10000
number of iterarions             : 10
number of tasks                  : 26
number of threads                : 24
seed number                      : 2104
gas buffer                       : N2
Target Temperature (K)           : 298
timestep (fs)                    : 10
Skin cell size (Ang)             : 0.01
Equipotential                    : no
Cut short-range interaction      : yes
LJ cutoff (Ang)                  : 12
Apply long-range interaction     : yes
Cut long-range interaction       : yes
Coulomb cutoff (Ang)             : 25
Apply induced-dipole interaction : yes
alpha (Ang^3)                    : 1.71
force_type: 6
*********************************************************
Force Field parameters: 
*********************************************************
Symbol  mass (amu)  epislon (kcal/mol)  sigma(Angstroms) 
C   12.011   0.0824736   3.2255
N   14.007   0.0758527   3.5719
H   1.008   0.0362711   1.8986
O   15.999   0.062323   3.075
S   32.06   0.138032   3.4237
P   30.9738   0.145372   3.47
*********************************************************
MOLECULE:: orientation around the inertia principal axis 
*********************************************************
Inertia matrix a.u. Ang^2: 
{  3.06475e+08  -1.24859e+07  2.8268e+06  }
{  -1.24859e+07  2.10003e+08  6.06891e+07  }
{  2.8268e+06  6.06891e+07  2.38764e+08  }
Rotation matrix applied to molecule: 
{  0.967096  -0.210263  -0.143226  }
{  0.0793105  0.78409  -0.615559  }
{  0.241732  0.583946  0.774967  }
Molecule radius: 70.6159 Ang 
orientation time of molecule target: 0.031209 s
target mass: 227289 amu
gas mass: 28.014 amu
reduce mass: 28.014 amu
charge state: 31 e
*********************************************************
Geometric Ellipsoid: 
*********************************************************
maximal distances: 46.8728  52.0299  62.5643  Ang
Initial axis length: 97.9804  103.138  113.672  Ang
Ellipsoid axis length: 111.57  116.728  127.262  Ang
ellipsoid calculation time: 0.000250101 s
maximal impact parameter: 127.262 Ang
*********************************************************
Linked-cell: 
Numbers of cells: 8360
Nx: 19 Ny: 20 Nz: 22
Filled cells: 400
Empty cells: 7960
Average atoms per cell: 80.425
Maximum atoms per cell: 202
Minimum atoms per cell: 1
Simulation box: 
lx: 228.19 Ang
ly: 240.2 Ang
lz: 264.22 Ang
linked-cell calculation time: 0.010951 s
time info: 0.00103498 s
*********************************************************
Trajectory calculations 
*********************************************************
out target time: 55.6732 s
Ntraj: 10000
Nfree: 1417
Nscatter: 8582
Nlost: 1
omega: 12411
Ntraj: 10000
Nfree: 1311
Nscatter: 8688
Nlost: 1
omega: 12592.4
Ntraj: 10000
Nfree: 1283
Nscatter: 8715
Nlost: 2
omega: 11992.3
Ntraj: 10000
Nfree: 1316
Nscatter: 8684
Nlost: 0
omega: 12229.2
Ntraj: 10000
Nfree: 1314
Nscatter: 8685
Nlost: 1
omega: 12320.9
Ntraj: 10000
Nfree: 1328
Nscatter: 8672
Nlost: 0
omega: 12367.5
Ntraj: 10000
Nfree: 1332
Nscatter: 8667
Nlost: 1
omega: 11865.6
Ntraj: 10000
Nfree: 1366
Nscatter: 8632
Nlost: 2
omega: 11771.1
Ntraj: 10000
Nfree: 1338
Nscatter: 8661
Nlost: 1
omega: 12447.4
Ntraj: 10000
Nfree: 1254
Nscatter: 8745
Nlost: 1
omega: 12607.7
*********************************************************
task: 0
worker id: 55498
time create lcl and mol: 0.00246286 s
numbers of trajectories: 3847
time trajectory calculation: 16.4675 s
task: 1
worker id: 53322
time create lcl and mol: 0.00243402 s
numbers of trajectories: 3847
time trajectory calculation: 8.42661 s
task: 2
worker id: 55357
time create lcl and mol: 0.00247812 s
numbers of trajectories: 3847
time trajectory calculation: 17.9816 s
task: 3
worker id: 55046
time create lcl and mol: 0.00277209 s
numbers of trajectories: 3847
time trajectory calculation: 15.6903 s
task: 4
worker id: 75087
time create lcl and mol: 0.00249982 s
numbers of trajectories: 3846
time trajectory calculation: 17.6134 s
task: 5
worker id: 54057
time create lcl and mol: 0.00248003 s
numbers of trajectories: 3846
time trajectory calculation: 22.2678 s
task: 6
worker id: 55862
time create lcl and mol: 0.00247288 s
numbers of trajectories: 3846
time trajectory calculation: 22.3099 s
task: 7
worker id: 54412
time create lcl and mol: 0.0024879 s
numbers of trajectories: 3846
time trajectory calculation: 22.5355 s
task: 8
worker id: 55046
time create lcl and mol: 0.0024271 s
numbers of trajectories: 3846
time trajectory calculation: 15.6556 s
task: 9
worker id: 55498
time create lcl and mol: 0.00251102 s
numbers of trajectories: 3846
time trajectory calculation: 7.6019 s
task: 10
worker id: 55357
time create lcl and mol: 0.00246406 s
numbers of trajectories: 3846
time trajectory calculation: 8.98772 s
task: 11
worker id: 75087
time create lcl and mol: 0.0024159 s
numbers of trajectories: 3846
time trajectory calculation: 19.6446 s
task: 12
worker id: 54412
time create lcl and mol: 0.00255799 s
numbers of trajectories: 3846
time trajectory calculation: 10.9546 s
task: 13
worker id: 55046
time create lcl and mol: 0.00254703 s
numbers of trajectories: 3846
time trajectory calculation: 17.317 s
task: 14
worker id: 53322
time create lcl and mol: 0.00251508 s
numbers of trajectories: 3846
time trajectory calculation: 11.8654 s
task: 15
worker id: 55862
time create lcl and mol: 0.00231814 s
numbers of trajectories: 3846
time trajectory calculation: 15.5844 s
task: 16
worker id: 54057
time create lcl and mol: 0.00243592 s
numbers of trajectories: 3846
time trajectory calculation: 9.55833 s
task: 17
worker id: 54057
time create lcl and mol: 0.00267315 s
numbers of trajectories: 3846
time trajectory calculation: 10.3046 s
task: 18
worker id: 75087
time create lcl and mol: 0.00233722 s
numbers of trajectories: 3846
time trajectory calculation: 7.50845 s
task: 19
worker id: 55862
time create lcl and mol: 0.00237203 s
numbers of trajectories: 3846
time trajectory calculation: 11.7936 s
task: 20
worker id: 53322
time create lcl and mol: 0.00241613 s
numbers of trajectories: 3846
time trajectory calculation: 24.1306 s
task: 21
worker id: 55498
time create lcl and mol: 0.00250483 s
numbers of trajectories: 3846
time trajectory calculation: 10.2514 s
task: 22
worker id: 55498
time create lcl and mol: 0.002666 s
numbers of trajectories: 3846
time trajectory calculation: 15.8284 s
task: 23
worker id: 54412
time create lcl and mol: 0.00253606 s
numbers of trajectories: 3846
time trajectory calculation: 10.5322 s
task: 24
worker id: 55357
time create lcl and mol: 0.00228405 s
numbers of trajectories: 3846
time trajectory calculation: 14.9257 s
task: 25
worker id: 53322
time create lcl and mol: 0.00247598 s
numbers of trajectories: 3846
time trajectory calculation: 11.1491 s
CCS time: 55.684 s
*********************************************************
average value of CCS = 12260.5 Ang^2
error value of CCS = 87.8465 Ang^2
Total time: 55.7314 s
Program finished...
*********************************************************
INPUT:: Simulation Parameters 
*********************************************************
target filename                  : 09_1aqf_carga_31_min.xyz
number of probe                  : 10000
number of iterarions             : 10
number of tasks                  : 26
number of threads                : 24
seed number                      : 2104
gas buffer                       : N2
Target Temperature (K)           : 298
timestep (fs)                    : 10
Skin cell size (Ang)             : 0.01
Equipotential                    : no
Cut short-range interaction      : yes
LJ cutoff (Ang)                  : 12
Apply long-range interaction     : yes
Cut long-range interaction       : yes
Coulomb cutoff (Ang)             : 25
Apply induced-dipole interaction : yes
alpha (Ang^3)                    : 1.71
force_type: 6
*********************************************************
Force Field parameters: 
*********************************************************
Symbol  mass (amu)  epislon (kcal/mol)  sigma(Angstroms) 
C   12.011   0.0824736   3.2255
N   14.007   0.0758527   3.5719
H   1.008   0.0362711   1.8986
O   15.999   0.062323   3.075
S   32.06   0.138032   3.4237
P   30.9738   0.145372   3.47
*********************************************************
MOLECULE:: orientation around the inertia principal axis 
*********************************************************
Inertia matrix a.u. Ang^2: 
{  3.06475e+08  -1.24859e+07  2.8268e+06  }
{  -1.24859e+07  2.10003e+08  6.06891e+07  }
{  2.8268e+06  6.06891e+07  2.38764e+08  }
Rotation matrix applied to molecule: 
{  0.967096  -0.210263  -0.143226  }
{  0.0793105  0.78409  -0.615559  }
{  0.241732  0.583946  0.774967  }
Molecule radius: 70.6159 Ang 
orientation time of molecule target: 0.03105 s
target mass: 227289 amu
gas mass: 28.014 amu
reduce mass: 28.014 amu
charge state: 31 e
*********************************************************
Geometric Ellipsoid: 
*********************************************************
maximal distances: 46.8728  52.0299  62.5643  Ang
Initial axis length: 97.9804  103.138  113.672  Ang
Ellipsoid axis length: 111.57  116.728  127.262  Ang
ellipsoid calculation time: 0.000244141 s
maximal impact parameter: 127.262 Ang
*********************************************************
Linked-cell: 
Numbers of cells: 8360
Nx: 19 Ny: 20 Nz: 22
Filled cells: 400
Empty cells: 7960
Average atoms per cell: 80.425
Maximum atoms per cell: 202
Minimum atoms per cell: 1
Simulation box: 
lx: 228.19 Ang
ly: 240.2 Ang
lz: 264.22 Ang
linked-cell calculation time: 0.010777 s
time info: 0.00102401 s
*********************************************************
Trajectory calculations 
*********************************************************
out target time: 60.0852 s
Ntraj: 10000
Nfree: 1417
Nscatter: 8582
Nlost: 1
omega: 12411
Ntraj: 10000
Nfree: 1311
Nscatter: 8688
Nlost: 1
omega: 12592.4
Ntraj: 10000
Nfree: 1283
Nscatter: 8715
Nlost: 2
omega: 11992.3
Ntraj: 10000
Nfree: 1316
Nscatter: 8684
Nlost: 0
omega: 12229.2
Ntraj: 10000
Nfree: 1314
Nscatter: 8685
Nlost: 1
omega: 12320.9
Ntraj: 10000
Nfree: 1328
Nscatter: 8672
Nlost: 0
omega: 12367.5
Ntraj: 10000
Nfree: 1332
Nscatter: 8667
Nlost: 1
omega: 11865.6
Ntraj: 10000
Nfree: 1366
Nscatter: 8632
Nlost: 2
omega: 11771.1
Ntraj: 10000
Nfree: 1338
Nscatter: 8661
Nlost: 1
omega: 12447.4
Ntraj: 10000
Nfree: 1254
Nscatter: 8745
Nlost: 1
omega: 12607.7
*********************************************************
task: 0
worker id: 57342
time create lcl and mol: 0.00243902 s
numbers of trajectories: 3847
time trajectory calculation: 16.7932 s
task: 1
worker id: 57031
time create lcl and mol: 0.00233507 s
numbers of trajectories: 3847
time trajectory calculation: 8.41107 s
task: 2
worker id: 57482
time create lcl and mol: 0.00272799 s
numbers of trajectories: 3847
time trajectory calculation: 17.9837 s
task: 3
worker id: 77088
time create lcl and mol: 0.00251913 s
numbers of trajectories: 3847
time trajectory calculation: 15.5362 s
task: 4
worker id: 57482
time create lcl and mol: 0.00234103 s
numbers of trajectories: 3846
time trajectory calculation: 18.3351 s
task: 5
worker id: 56045
time create lcl and mol: 0.002496 s
numbers of trajectories: 3846
time trajectory calculation: 21.9719 s
task: 6
worker id: 56395
time create lcl and mol: 0.00249696 s
numbers of trajectories: 3846
time trajectory calculation: 22.0116 s
task: 7
worker id: 56395
time create lcl and mol: 0.00247812 s
numbers of trajectories: 3846
time trajectory calculation: 22.353 s
task: 8
worker id: 56395
time create lcl and mol: 0.00237083 s
numbers of trajectories: 3846
time trajectory calculation: 15.615 s
task: 9
worker id: 56045
time create lcl and mol: 0.00235295 s
numbers of trajectories: 3846
time trajectory calculation: 7.44345 s
task: 10
worker id: 57031
time create lcl and mol: 0.0024662 s
numbers of trajectories: 3846
time trajectory calculation: 8.59507 s
task: 11
worker id: 57031
time create lcl and mol: 0.00259781 s
numbers of trajectories: 3846
time trajectory calculation: 19.3979 s
task: 12
worker id: 55319
time create lcl and mol: 0.00266004 s
numbers of trajectories: 3846
time trajectory calculation: 10.7838 s
task: 13
worker id: 57342
time create lcl and mol: 0.00334096 s
numbers of trajectories: 3846
time trajectory calculation: 17.0811 s
task: 14
worker id: 77088
time create lcl and mol: 0.00248694 s
numbers of trajectories: 3846
time trajectory calculation: 12.0666 s
task: 15
worker id: 55319
time create lcl and mol: 0.00255919 s
numbers of trajectories: 3846
time trajectory calculation: 15.0397 s
task: 16
worker id: 57842
time create lcl and mol: 0.00254202 s
numbers of trajectories: 3846
time trajectory calculation: 9.77732 s
task: 17
worker id: 55319
time create lcl and mol: 0.00244617 s
numbers of trajectories: 3846
time trajectory calculation: 10.2151 s
task: 18
worker id: 57031
time create lcl and mol: 0.00264907 s
numbers of trajectories: 3846
time trajectory calculation: 7.25885 s
task: 19
worker id: 55319
time create lcl and mol: 0.00260496 s
numbers of trajectories: 3846
time trajectory calculation: 11.8277 s
task: 20
worker id: 57842
time create lcl and mol: 0.00257897 s
numbers of trajectories: 3846
time trajectory calculation: 23.6457 s
task: 21
worker id: 56045
time create lcl and mol: 0.00250793 s
numbers of trajectories: 3846
time trajectory calculation: 10.4839 s
task: 22
worker id: 77088
time create lcl and mol: 0.00246215 s
numbers of trajectories: 3846
time trajectory calculation: 15.7482 s
task: 23
worker id: 57342
time create lcl and mol: 0.00241089 s
numbers of trajectories: 3846
time trajectory calculation: 10.1858 s
task: 24
worker id: 57842
time create lcl and mol: 0.00252008 s
numbers of trajectories: 3846
time trajectory calculation: 15.4739 s
task: 25
worker id: 57482
time create lcl and mol: 0.00247693 s
numbers of trajectories: 3846
time trajectory calculation: 11.2054 s
CCS time: 60.0959 s
*********************************************************
average value of CCS = 12260.5 Ang^2
error value of CCS = 87.8465 Ang^2
Total time: 60.1431 s
Program finished...
*********************************************************
INPUT:: Simulation Parameters 
*********************************************************
target filename                  : 09_1aqf_carga_31_min.xyz
number of probe                  : 10000
number of iterarions             : 10
number of tasks                  : 26
number of threads                : 24
seed number                      : 2104
gas buffer                       : N2
Target Temperature (K)           : 298
timestep (fs)                    : 10
Skin cell size (Ang)             : 0.01
Equipotential                    : no
Cut short-range interaction      : yes
LJ cutoff (Ang)                  : 12
Apply long-range interaction     : yes
Cut long-range interaction       : yes
Coulomb cutoff (Ang)             : 25
Apply induced-dipole interaction : yes
alpha (Ang^3)                    : 1.71
force_type: 6
*********************************************************
Force Field parameters: 
*********************************************************
Symbol  mass (amu)  epislon (kcal/mol)  sigma(Angstroms) 
C   12.011   0.0824736   3.2255
N   14.007   0.0758527   3.5719
H   1.008   0.0362711   1.8986
O   15.999   0.062323   3.075
S   32.06   0.138032   3.4237
P   30.9738   0.145372   3.47
*********************************************************
MOLECULE:: orientation around the inertia principal axis 
*********************************************************
Inertia matrix a.u. Ang^2: 
{  3.06475e+08  -1.24859e+07  2.8268e+06  }
{  -1.24859e+07  2.10003e+08  6.06891e+07  }
{  2.8268e+06  6.06891e+07  2.38764e+08  }
Rotation matrix applied to molecule: 
{  0.967096  -0.210263  -0.143226  }
{  0.0793105  0.78409  -0.615559  }
{  0.241732  0.583946  0.774967  }
Molecule radius: 70.6159 Ang 
orientation time of molecule target: 0.0313029 s
target mass: 227289 amu
gas mass: 28.014 amu
reduce mass: 28.014 amu
charge state: 31 e
*********************************************************
Geometric Ellipsoid: 
*********************************************************
maximal distances: 46.8728  52.0299  62.5643  Ang
Initial axis length: 97.9804  103.138  113.672  Ang
Ellipsoid axis length: 111.57  116.728  127.262  Ang
ellipsoid calculation time: 0.000254154 s
maximal impact parameter: 127.262 Ang
*********************************************************
Linked-cell: 
Numbers of cells: 8360
Nx: 19 Ny: 20 Nz: 22
Filled cells: 400
Empty cells: 7960
Average atoms per cell: 80.425
Maximum atoms per cell: 202
Minimum atoms per cell: 1
Simulation box: 
lx: 228.19 Ang
ly: 240.2 Ang
lz: 264.22 Ang
linked-cell calculation time: 0.010884 s
time info: 0.000952005 s
*********************************************************
Trajectory calculations 
*********************************************************
out target time: 60.6075 s
Ntraj: 10000
Nfree: 1417
Nscatter: 8582
Nlost: 1
omega: 12411
Ntraj: 10000
Nfree: 1311
Nscatter: 8688
Nlost: 1
omega: 12592.4
Ntraj: 10000
Nfree: 1283
Nscatter: 8715
Nlost: 2
omega: 11992.3
Ntraj: 10000
Nfree: 1316
Nscatter: 8684
Nlost: 0
omega: 12229.2
Ntraj: 10000
Nfree: 1314
Nscatter: 8685
Nlost: 1
omega: 12320.9
Ntraj: 10000
Nfree: 1328
Nscatter: 8672
Nlost: 0
omega: 12367.5
Ntraj: 10000
Nfree: 1332
Nscatter: 8667
Nlost: 1
omega: 11865.6
Ntraj: 10000
Nfree: 1366
Nscatter: 8632
Nlost: 2
omega: 11771.1
Ntraj: 10000
Nfree: 1338
Nscatter: 8661
Nlost: 1
omega: 12447.4
Ntraj: 10000
Nfree: 1254
Nscatter: 8745
Nlost: 1
omega: 12607.7
*********************************************************
task: 0
worker id: 59357
time create lcl and mol: 0.00230598 s
numbers of trajectories: 3847
time trajectory calculation: 17.0313 s
task: 1
worker id: 59859
time create lcl and mol: 0.00246716 s
numbers of trajectories: 3847
time trajectory calculation: 8.63304 s
task: 2
worker id: 79114
time create lcl and mol: 0.00246596 s
numbers of trajectories: 3847
time trajectory calculation: 17.9713 s
task: 3
worker id: 58061
time create lcl and mol: 0.002491 s
numbers of trajectories: 3847
time trajectory calculation: 15.5851 s
task: 4
worker id: 57338
time create lcl and mol: 0.00243115 s
numbers of trajectories: 3846
time trajectory calculation: 17.6223 s
task: 5
worker id: 58413
time create lcl and mol: 0.00243807 s
numbers of trajectories: 3846
time trajectory calculation: 22.5348 s
task: 6
worker id: 59357
time create lcl and mol: 0.00233912 s
numbers of trajectories: 3846
time trajectory calculation: 22.586 s
task: 7
worker id: 58413
time create lcl and mol: 0.00244188 s
numbers of trajectories: 3846
time trajectory calculation: 23.0287 s
task: 8
worker id: 59048
time create lcl and mol: 0.00262713 s
numbers of trajectories: 3846
time trajectory calculation: 15.6967 s
task: 9
worker id: 59859
time create lcl and mol: 0.00255513 s
numbers of trajectories: 3846
time trajectory calculation: 7.53419 s
task: 10
worker id: 59048
time create lcl and mol: 0.00235891 s
numbers of trajectories: 3846
time trajectory calculation: 8.65643 s
task: 11
worker id: 59500
time create lcl and mol: 0.00240493 s
numbers of trajectories: 3846
time trajectory calculation: 19.1744 s
task: 12
worker id: 58061
time create lcl and mol: 0.00250292 s
numbers of trajectories: 3846
time trajectory calculation: 10.7037 s
task: 13
worker id: 57338
time create lcl and mol: 0.00234795 s
numbers of trajectories: 3846
time trajectory calculation: 17.6216 s
task: 14
worker id: 79114
time create lcl and mol: 0.00240898 s
numbers of trajectories: 3846
time trajectory calculation: 12.0826 s
task: 15
worker id: 57338
time create lcl and mol: 0.00245404 s
numbers of trajectories: 3846
time trajectory calculation: 14.9702 s
task: 16
worker id: 58061
time create lcl and mol: 0.00251794 s
numbers of trajectories: 3846
time trajectory calculation: 9.55881 s
task: 17
worker id: 59500
time create lcl and mol: 0.00232601 s
numbers of trajectories: 3846
time trajectory calculation: 10.1769 s
task: 18
worker id: 59048
time create lcl and mol: 0.00247908 s
numbers of trajectories: 3846
time trajectory calculation: 7.37746 s
task: 19
worker id: 59500
time create lcl and mol: 0.00250793 s
numbers of trajectories: 3846
time trajectory calculation: 12.0212 s
task: 20
worker id: 58061
time create lcl and mol: 0.00238299 s
numbers of trajectories: 3846
time trajectory calculation: 24.6624 s
task: 21
worker id: 59048
time create lcl and mol: 0.00249219 s
numbers of trajectories: 3846
time trajectory calculation: 10.0381 s
task: 22
worker id: 59859
time create lcl and mol: 0.00251198 s
numbers of trajectories: 3846
time trajectory calculation: 15.8864 s
task: 23
worker id: 59048
time create lcl and mol: 0.00247192 s
numbers of trajectories: 3846
time trajectory calculation: 10.6316 s
task: 24
worker id: 79114
time create lcl and mol: 0.00242591 s
numbers of trajectories: 3846
time trajectory calculation: 14.8374 s
task: 25
worker id: 59859
time create lcl and mol: 0.0025351 s
numbers of trajectories: 3846
time trajectory calculation: 11.2566 s
CCS time: 60.6183 s
*********************************************************
average value of CCS = 12260.5 Ang^2
error value of CCS = 87.8465 Ang^2
Total time: 60.666 s
Program finished...
*********************************************************
INPUT:: Simulation Parameters 
*********************************************************
target filename                  : 09_1aqf_carga_31_min.xyz
number of probe                  : 10000
number of iterarions             : 10
number of tasks                  : 26
number of threads                : 24
seed number                      : 2104
gas buffer                       : N2
Target Temperature (K)           : 298
timestep (fs)                    : 10
Skin cell size (Ang)             : 0.01
Equipotential                    : no
Cut short-range interaction      : yes
LJ cutoff (Ang)                  : 12
Apply long-range interaction     : yes
Cut long-range interaction       : yes
Coulomb cutoff (Ang)             : 25
Apply induced-dipole interaction : yes
alpha (Ang^3)                    : 1.71
force_type: 6
*********************************************************
Force Field parameters: 
*********************************************************
Symbol  mass (amu)  epislon (kcal/mol)  sigma(Angstroms) 
C   12.011   0.0824736   3.2255
N   14.007   0.0758527   3.5719
H   1.008   0.0362711   1.8986
O   15.999   0.062323   3.075
S   32.06   0.138032   3.4237
P   30.9738   0.145372   3.47
*********************************************************
MOLECULE:: orientation around the inertia principal axis 
*********************************************************
Inertia matrix a.u. Ang^2: 
{  3.06475e+08  -1.24859e+07  2.8268e+06  }
{  -1.24859e+07  2.10003e+08  6.06891e+07  }
{  2.8268e+06  6.06891e+07  2.38764e+08  }
Rotation matrix applied to molecule: 
{  0.967096  -0.210263  -0.143226  }
{  0.0793105  0.78409  -0.615559  }
{  0.241732  0.583946  0.774967  }
Molecule radius: 70.6159 Ang 
orientation time of molecule target: 0.0310359 s
target mass: 227289 amu
gas mass: 28.014 amu
reduce mass: 28.014 amu
charge state: 31 e
*********************************************************
Geometric Ellipsoid: 
*********************************************************
maximal distances: 46.8728  52.0299  62.5643  Ang
Initial axis length: 97.9804  103.138  113.672  Ang
Ellipsoid axis length: 111.57  116.728  127.262  Ang
ellipsoid calculation time: 0.000242949 s
maximal impact parameter: 127.262 Ang
*********************************************************
Linked-cell: 
Numbers of cells: 8360
Nx: 19 Ny: 20 Nz: 22
Filled cells: 400
Empty cells: 7960
Average atoms per cell: 80.425
Maximum atoms per cell: 202
Minimum atoms per cell: 1
Simulation box: 
lx: 228.19 Ang
ly: 240.2 Ang
lz: 264.22 Ang
linked-cell calculation time: 0.0107899 s
time info: 0.00101995 s
*********************************************************
Trajectory calculations 
*********************************************************
out target time: 56.5724 s
Ntraj: 10000
Nfree: 1417
Nscatter: 8582
Nlost: 1
omega: 12411
Ntraj: 10000
Nfree: 1311
Nscatter: 8688
Nlost: 1
omega: 12592.4
Ntraj: 10000
Nfree: 1283
Nscatter: 8715
Nlost: 2
omega: 11992.3
Ntraj: 10000
Nfree: 1316
Nscatter: 8684
Nlost: 0
omega: 12229.2
Ntraj: 10000
Nfree: 1314
Nscatter: 8685
Nlost: 1
omega: 12320.9
Ntraj: 10000
Nfree: 1328
Nscatter: 8672
Nlost: 0
omega: 12367.5
Ntraj: 10000
Nfree: 1332
Nscatter: 8667
Nlost: 1
omega: 11865.6
Ntraj: 10000
Nfree: 1366
Nscatter: 8632
Nlost: 2
omega: 11771.1
Ntraj: 10000
Nfree: 1338
Nscatter: 8661
Nlost: 1
omega: 12447.4
Ntraj: 10000
Nfree: 1254
Nscatter: 8745
Nlost: 1
omega: 12607.7
*********************************************************
task: 0
worker id: 61855
time create lcl and mol: 0.00250411 s
numbers of trajectories: 3847
time trajectory calculation: 16.7116 s
task: 1
worker id: 61348
time create lcl and mol: 0.00257802 s
numbers of trajectories: 3847
time trajectory calculation: 8.57698 s
task: 2
worker id: 61493
time create lcl and mol: 0.00247002 s
numbers of trajectories: 3847
time trajectory calculation: 17.977 s
task: 3
worker id: 81126
time create lcl and mol: 0.00253797 s
numbers of trajectories: 3847
time trajectory calculation: 15.3871 s
task: 4
worker id: 60401
time create lcl and mol: 0.00257277 s
numbers of trajectories: 3846
time trajectory calculation: 18.1571 s
task: 5
worker id: 59332
time create lcl and mol: 0.00248504 s
numbers of trajectories: 3846
time trajectory calculation: 22.2334 s
task: 6
worker id: 60051
time create lcl and mol: 0.00257993 s
numbers of trajectories: 3846
time trajectory calculation: 21.9649 s
task: 7
worker id: 61039
time create lcl and mol: 0.00275111 s
numbers of trajectories: 3846
time trajectory calculation: 22.9749 s
task: 8
worker id: 59332
time create lcl and mol: 0.00254703 s
numbers of trajectories: 3846
time trajectory calculation: 15.1555 s
task: 9
worker id: 61039
time create lcl and mol: 0.00247788 s
numbers of trajectories: 3846
time trajectory calculation: 7.58383 s
task: 10
worker id: 60401
time create lcl and mol: 0.00249887 s
numbers of trajectories: 3846
time trajectory calculation: 9.07596 s
task: 11
worker id: 59332
time create lcl and mol: 0.00250602 s
numbers of trajectories: 3846
time trajectory calculation: 19.0969 s
task: 12
worker id: 81126
time create lcl and mol: 0.00250602 s
numbers of trajectories: 3846
time trajectory calculation: 10.9197 s
task: 13
worker id: 60401
time create lcl and mol: 0.00237989 s
numbers of trajectories: 3846
time trajectory calculation: 17.2564 s
task: 14
worker id: 61348
time create lcl and mol: 0.00227785 s
numbers of trajectories: 3846
time trajectory calculation: 11.6309 s
task: 15
worker id: 61855
time create lcl and mol: 0.00239015 s
numbers of trajectories: 3846
time trajectory calculation: 15.3236 s
task: 16
worker id: 61348
time create lcl and mol: 0.00242281 s
numbers of trajectories: 3846
time trajectory calculation: 9.57598 s
task: 17
worker id: 60051
time create lcl and mol: 0.00232196 s
numbers of trajectories: 3846
time trajectory calculation: 9.95654 s
task: 18
worker id: 61039
time create lcl and mol: 0.00263596 s
numbers of trajectories: 3846
time trajectory calculation: 7.27656 s
task: 19
worker id: 81126
time create lcl and mol: 0.00257087 s
numbers of trajectories: 3846
time trajectory calculation: 11.9196 s
task: 20
worker id: 61493
time create lcl and mol: 0.00250506 s
numbers of trajectories: 3846
time trajectory calculation: 24.3647 s
task: 21
worker id: 61348
time create lcl and mol: 0.00241303 s
numbers of trajectories: 3846
time trajectory calculation: 10.5091 s
task: 22
worker id: 61039
time create lcl and mol: 0.00228214 s
numbers of trajectories: 3846
time trajectory calculation: 15.0466 s
task: 23
worker id: 81126
time create lcl and mol: 0.00246692 s
numbers of trajectories: 3846
time trajectory calculation: 10.5153 s
task: 24
worker id: 60051
time create lcl and mol: 0.00237298 s
numbers of trajectories: 3846
time trajectory calculation: 15.3076 s
task: 25
worker id: 61855
time create lcl and mol: 0.0025208 s
numbers of trajectories: 3846
time trajectory calculation: 11.0827 s
CCS time: 56.5832 s
*********************************************************
average value of CCS = 12260.5 Ang^2
error value of CCS = 87.8465 Ang^2
Total time: 56.6305 s
Program finished...
