*********************************************************
INPUT:: Simulation Parameters 
*********************************************************
target filename                  : 11_1gzx_carga_13_min_final.xyz
number of probe                  : 10000
number of iterarions             : 10
number of tasks                  : 24
number of threads                : 24
seed number                      : 2104
gas buffer                       : N2
Target Temperature (K)           : 298
timestep (fs)                    : 10
Skin cell size (Ang)             : 0.01
Equipotential                    : no
Cut short-range interaction      : yes
LJ cutoff (Ang)                  : 12
Apply long-range interaction     : yes
Cut long-range interaction       : yes
Coulomb cutoff (Ang)             : 25
Apply induced-dipole interaction : yes
alpha (Ang^3)                    : 1.71
force_type: 6
*********************************************************
Force Field parameters: 
*********************************************************
Symbol  mass (amu)  epislon (kcal/mol)  sigma(Angstroms) 
C   12.011   0.0824736   3.2255
N   14.007   0.0758527   3.5719
H   1.008   0.0362711   1.8986
O   15.999   0.062323   3.075
S   32.06   0.138032   3.4237
P   30.9738   0.145372   3.47
*********************************************************
MOLECULE:: orientation around the inertia principal axis 
*********************************************************
Inertia matrix a.u. Ang^2: 
{  6.94702e+06  1.15605e+06  2.76905e+06  }
{  1.15605e+06  1.17697e+07  -661328  }
{  2.76905e+06  -661328  9.8774e+06  }
Rotation matrix applied to molecule: 
{  0.196263  0.97936  -0.0483255  }
{  -0.840922  0.193458  0.505395  }
{  0.504312  -0.0585522  0.861534  }
Molecule radius: 35.2852 Ang 
orientation time of molecule target: 0.033803 s
target mass: 30988.7 amu
gas mass: 28.014 amu
reduce mass: 28.014 amu
charge state: 13 e
*********************************************************
Geometric Ellipsoid: 
*********************************************************
maximal distances: 19.861  21.2021  33.0243  Ang
Initial axis length: 70.9686  72.3097  84.1319  Ang
Ellipsoid axis length: 78.1386  79.4797  91.3019  Ang
ellipsoid calculation time: 5.79357e-05 s
maximal impact parameter: 91.3019 Ang
*********************************************************
Linked-cell: 
Numbers of cells: 3136
Nx: 14 Ny: 14 Nz: 16
Filled cells: 75
Empty cells: 3061
Average atoms per cell: 58.56
Maximum atoms per cell: 171
Minimum atoms per cell: 1
Simulation box: 
lx: 168.14 Ang
ly: 168.14 Ang
lz: 192.16 Ang
linked-cell calculation time: 0.00335002 s
time info: 0.000192165 s
*********************************************************
Trajectory calculations 
*********************************************************
out target time: 23.7409 s
Ntraj: 10000
Nfree: 1832
Nscatter: 8144
Nlost: 24
omega: 3128.35
Ntraj: 10000
Nfree: 1777
Nscatter: 8211
Nlost: 12
omega: 3217.45
Ntraj: 10000
Nfree: 1690
Nscatter: 8301
Nlost: 9
omega: 3238.97
Ntraj: 10000
Nfree: 1769
Nscatter: 8221
Nlost: 10
omega: 3193.23
Ntraj: 10000
Nfree: 1764
Nscatter: 8225
Nlost: 11
omega: 3118.85
Ntraj: 10000
Nfree: 1767
Nscatter: 8216
Nlost: 17
omega: 3295.48
Ntraj: 10000
Nfree: 1746
Nscatter: 8246
Nlost: 8
omega: 3114.71
Ntraj: 10000
Nfree: 1776
Nscatter: 8216
Nlost: 8
omega: 3074.17
Ntraj: 10000
Nfree: 1756
Nscatter: 8234
Nlost: 10
omega: 3107.83
Ntraj: 10000
Nfree: 1663
Nscatter: 8328
Nlost: 9
omega: 3270.73
*********************************************************
task: 0
worker id: 12129
time create lcl and mol: 0.00080204 s
numbers of trajectories: 4167
time trajectory calculation: 7.87448 s
task: 1
worker id: 12129
time create lcl and mol: 0.000829935 s
numbers of trajectories: 4167
time trajectory calculation: 10.213 s
task: 2
worker id: 90678
time create lcl and mol: 0.000808954 s
numbers of trajectories: 4167
time trajectory calculation: 7.67664 s
task: 3
worker id: 46401
time create lcl and mol: 0.000847101 s
numbers of trajectories: 4167
time trajectory calculation: 7.75272 s
task: 4
worker id: 46401
time create lcl and mol: 0.000818014 s
numbers of trajectories: 4167
time trajectory calculation: 9.75834 s
task: 5
worker id: 93232
time create lcl and mol: 0.000777006 s
numbers of trajectories: 4167
time trajectory calculation: 5.73424 s
task: 6
worker id: 46401
time create lcl and mol: 0.000844002 s
numbers of trajectories: 4167
time trajectory calculation: 5.31573 s
task: 7
worker id: 18694
time create lcl and mol: 0.000776052 s
numbers of trajectories: 4167
time trajectory calculation: 4.51541 s
task: 8
worker id: 93232
time create lcl and mol: 0.000876904 s
numbers of trajectories: 4167
time trajectory calculation: 7.15556 s
task: 9
worker id: 49832
time create lcl and mol: 0.000810862 s
numbers of trajectories: 4167
time trajectory calculation: 5.6143 s
task: 10
worker id: 1983
time create lcl and mol: 0.000795841 s
numbers of trajectories: 4167
time trajectory calculation: 7.26585 s
task: 11
worker id: 49832
time create lcl and mol: 0.00083518 s
numbers of trajectories: 4167
time trajectory calculation: 5.23449 s
task: 12
worker id: 71197
time create lcl and mol: 0.000752926 s
numbers of trajectories: 4167
time trajectory calculation: 8.40019 s
task: 13
worker id: 71197
time create lcl and mol: 0.000822067 s
numbers of trajectories: 4167
time trajectory calculation: 5.14417 s
task: 14
worker id: 93232
time create lcl and mol: 0.000809908 s
numbers of trajectories: 4167
time trajectory calculation: 4.97071 s
task: 15
worker id: 49832
time create lcl and mol: 0.000756025 s
numbers of trajectories: 4167
time trajectory calculation: 8.85557 s
task: 16
worker id: 18694
time create lcl and mol: 0.000864983 s
numbers of trajectories: 4166
time trajectory calculation: 5.84802 s
task: 17
worker id: 71197
time create lcl and mol: 0.000853062 s
numbers of trajectories: 4166
time trajectory calculation: 4.79367 s
task: 18
worker id: 90678
time create lcl and mol: 0.00079298 s
numbers of trajectories: 4166
time trajectory calculation: 5.98926 s
task: 19
worker id: 12129
time create lcl and mol: 0.000888824 s
numbers of trajectories: 4166
time trajectory calculation: 5.5709 s
task: 20
worker id: 18694
time create lcl and mol: 0.000855923 s
numbers of trajectories: 4166
time trajectory calculation: 5.89282 s
task: 21
worker id: 90678
time create lcl and mol: 0.000809908 s
numbers of trajectories: 4166
time trajectory calculation: 4.7958 s
task: 22
worker id: 1983
time create lcl and mol: 0.000804901 s
numbers of trajectories: 4166
time trajectory calculation: 8.0393 s
task: 23
worker id: 1983
time create lcl and mol: 0.000799894 s
numbers of trajectories: 4166
time trajectory calculation: 6.67229 s
CCS time: 23.7513 s
*********************************************************
average value of CCS = 3175.98 Ang^2
error value of CCS = 23.1384 Ang^2
Total time: 23.7937 s
Program finished...
*********************************************************
INPUT:: Simulation Parameters 
*********************************************************
target filename                  : 11_1gzx_carga_13_min_final.xyz
number of probe                  : 10000
number of iterarions             : 10
number of tasks                  : 24
number of threads                : 24
seed number                      : 2104
gas buffer                       : N2
Target Temperature (K)           : 298
timestep (fs)                    : 10
Skin cell size (Ang)             : 0.01
Equipotential                    : no
Cut short-range interaction      : yes
LJ cutoff (Ang)                  : 12
Apply long-range interaction     : yes
Cut long-range interaction       : yes
Coulomb cutoff (Ang)             : 25
Apply induced-dipole interaction : yes
alpha (Ang^3)                    : 1.71
force_type: 6
*********************************************************
Force Field parameters: 
*********************************************************
Symbol  mass (amu)  epislon (kcal/mol)  sigma(Angstroms) 
C   12.011   0.0824736   3.2255
N   14.007   0.0758527   3.5719
H   1.008   0.0362711   1.8986
O   15.999   0.062323   3.075
S   32.06   0.138032   3.4237
P   30.9738   0.145372   3.47
*********************************************************
MOLECULE:: orientation around the inertia principal axis 
*********************************************************
Inertia matrix a.u. Ang^2: 
{  6.94702e+06  1.15605e+06  2.76905e+06  }
{  1.15605e+06  1.17697e+07  -661328  }
{  2.76905e+06  -661328  9.8774e+06  }
Rotation matrix applied to molecule: 
{  0.196263  0.97936  -0.0483255  }
{  -0.840922  0.193458  0.505395  }
{  0.504312  -0.0585522  0.861534  }
Molecule radius: 35.2852 Ang 
orientation time of molecule target: 0.00554895 s
target mass: 30988.7 amu
gas mass: 28.014 amu
reduce mass: 28.014 amu
charge state: 13 e
*********************************************************
Geometric Ellipsoid: 
*********************************************************
maximal distances: 19.861  21.2021  33.0243  Ang
Initial axis length: 70.9686  72.3097  84.1319  Ang
Ellipsoid axis length: 78.1386  79.4797  91.3019  Ang
ellipsoid calculation time: 6.48499e-05 s
maximal impact parameter: 91.3019 Ang
*********************************************************
Linked-cell: 
Numbers of cells: 3136
Nx: 14 Ny: 14 Nz: 16
Filled cells: 75
Empty cells: 3061
Average atoms per cell: 58.56
Maximum atoms per cell: 171
Minimum atoms per cell: 1
Simulation box: 
lx: 168.14 Ang
ly: 168.14 Ang
lz: 192.16 Ang
linked-cell calculation time: 0.00347996 s
time info: 0.000191212 s
*********************************************************
Trajectory calculations 
*********************************************************
out target time: 23.887 s
Ntraj: 10000
Nfree: 1832
Nscatter: 8144
Nlost: 24
omega: 3128.35
Ntraj: 10000
Nfree: 1777
Nscatter: 8211
Nlost: 12
omega: 3217.45
Ntraj: 10000
Nfree: 1690
Nscatter: 8301
Nlost: 9
omega: 3238.97
Ntraj: 10000
Nfree: 1769
Nscatter: 8221
Nlost: 10
omega: 3193.23
Ntraj: 10000
Nfree: 1764
Nscatter: 8225
Nlost: 11
omega: 3118.85
Ntraj: 10000
Nfree: 1767
Nscatter: 8216
Nlost: 17
omega: 3295.48
Ntraj: 10000
Nfree: 1746
Nscatter: 8246
Nlost: 8
omega: 3114.71
Ntraj: 10000
Nfree: 1776
Nscatter: 8216
Nlost: 8
omega: 3074.17
Ntraj: 10000
Nfree: 1756
Nscatter: 8234
Nlost: 10
omega: 3107.83
Ntraj: 10000
Nfree: 1663
Nscatter: 8328
Nlost: 9
omega: 3270.73
*********************************************************
task: 0
worker id: 47146
time create lcl and mol: 0.000923872 s
numbers of trajectories: 4167
time trajectory calculation: 7.65616 s
task: 1
worker id: 50586
time create lcl and mol: 0.000912905 s
numbers of trajectories: 4167
time trajectory calculation: 10.2947 s
task: 2
worker id: 71942
time create lcl and mol: 0.000808001 s
numbers of trajectories: 4167
time trajectory calculation: 7.69401 s
task: 3
worker id: 47146
time create lcl and mol: 0.000779152 s
numbers of trajectories: 4167
time trajectory calculation: 7.65219 s
task: 4
worker id: 93980
time create lcl and mol: 0.00077486 s
numbers of trajectories: 4167
time trajectory calculation: 9.57998 s
task: 5
worker id: 91443
time create lcl and mol: 0.000782013 s
numbers of trajectories: 4167
time trajectory calculation: 5.65462 s
task: 6
worker id: 71942
time create lcl and mol: 0.000726938 s
numbers of trajectories: 4167
time trajectory calculation: 5.33733 s
task: 7
worker id: 91443
time create lcl and mol: 0.000803947 s
numbers of trajectories: 4167
time trajectory calculation: 4.8064 s
task: 8
worker id: 71942
time create lcl and mol: 0.000784874 s
numbers of trajectories: 4167
time trajectory calculation: 7.12748 s
task: 9
worker id: 47146
time create lcl and mol: 0.000823975 s
numbers of trajectories: 4167
time trajectory calculation: 5.60545 s
task: 10
worker id: 12880
time create lcl and mol: 0.000786066 s
numbers of trajectories: 4167
time trajectory calculation: 7.38613 s
task: 11
worker id: 91443
time create lcl and mol: 0.000794888 s
numbers of trajectories: 4167
time trajectory calculation: 5.13435 s
task: 12
worker id: 50586
time create lcl and mol: 0.000797987 s
numbers of trajectories: 4167
time trajectory calculation: 8.55061 s
task: 13
worker id: 2887
time create lcl and mol: 0.000778913 s
numbers of trajectories: 4167
time trajectory calculation: 5.06125 s
task: 14
worker id: 50586
time create lcl and mol: 0.000846148 s
numbers of trajectories: 4167
time trajectory calculation: 4.9486 s
task: 15
worker id: 2887
time create lcl and mol: 0.000822783 s
numbers of trajectories: 4167
time trajectory calculation: 8.78039 s
task: 16
worker id: 12880
time create lcl and mol: 0.000738144 s
numbers of trajectories: 4166
time trajectory calculation: 5.69437 s
task: 17
worker id: 93980
time create lcl and mol: 0.000825882 s
numbers of trajectories: 4166
time trajectory calculation: 4.97479 s
task: 18
worker id: 12880
time create lcl and mol: 0.00100183 s
numbers of trajectories: 4166
time trajectory calculation: 5.90313 s
task: 19
worker id: 19449
time create lcl and mol: 0.000813007 s
numbers of trajectories: 4166
time trajectory calculation: 5.66385 s
task: 20
worker id: 2887
time create lcl and mol: 0.000794888 s
numbers of trajectories: 4166
time trajectory calculation: 5.96342 s
task: 21
worker id: 19449
time create lcl and mol: 0.000858068 s
numbers of trajectories: 4166
time trajectory calculation: 4.72946 s
task: 22
worker id: 19449
time create lcl and mol: 0.000877857 s
numbers of trajectories: 4166
time trajectory calculation: 7.80169 s
task: 23
worker id: 93980
time create lcl and mol: 0.000838995 s
numbers of trajectories: 4166
time trajectory calculation: 6.45887 s
CCS time: 23.8976 s
*********************************************************
average value of CCS = 3175.98 Ang^2
error value of CCS = 23.1384 Ang^2
Total time: 23.9115 s
Program finished...
*********************************************************
INPUT:: Simulation Parameters 
*********************************************************
target filename                  : 11_1gzx_carga_13_min_final.xyz
number of probe                  : 10000
number of iterarions             : 10
number of tasks                  : 24
number of threads                : 24
seed number                      : 2104
gas buffer                       : N2
Target Temperature (K)           : 298
timestep (fs)                    : 10
Skin cell size (Ang)             : 0.01
Equipotential                    : no
Cut short-range interaction      : yes
LJ cutoff (Ang)                  : 12
Apply long-range interaction     : yes
Cut long-range interaction       : yes
Coulomb cutoff (Ang)             : 25
Apply induced-dipole interaction : yes
alpha (Ang^3)                    : 1.71
force_type: 6
*********************************************************
Force Field parameters: 
*********************************************************
Symbol  mass (amu)  epislon (kcal/mol)  sigma(Angstroms) 
C   12.011   0.0824736   3.2255
N   14.007   0.0758527   3.5719
H   1.008   0.0362711   1.8986
O   15.999   0.062323   3.075
S   32.06   0.138032   3.4237
P   30.9738   0.145372   3.47
*********************************************************
MOLECULE:: orientation around the inertia principal axis 
*********************************************************
Inertia matrix a.u. Ang^2: 
{  6.94702e+06  1.15605e+06  2.76905e+06  }
{  1.15605e+06  1.17697e+07  -661328  }
{  2.76905e+06  -661328  9.8774e+06  }
Rotation matrix applied to molecule: 
{  0.196263  0.97936  -0.0483255  }
{  -0.840922  0.193458  0.505395  }
{  0.504312  -0.0585522  0.861534  }
Molecule radius: 35.2852 Ang 
orientation time of molecule target: 0.00556803 s
target mass: 30988.7 amu
gas mass: 28.014 amu
reduce mass: 28.014 amu
charge state: 13 e
*********************************************************
Geometric Ellipsoid: 
*********************************************************
maximal distances: 19.861  21.2021  33.0243  Ang
Initial axis length: 70.9686  72.3097  84.1319  Ang
Ellipsoid axis length: 78.1386  79.4797  91.3019  Ang
ellipsoid calculation time: 6.19888e-05 s
maximal impact parameter: 91.3019 Ang
*********************************************************
Linked-cell: 
Numbers of cells: 3136
Nx: 14 Ny: 14 Nz: 16
Filled cells: 75
Empty cells: 3061
Average atoms per cell: 58.56
Maximum atoms per cell: 171
Minimum atoms per cell: 1
Simulation box: 
lx: 168.14 Ang
ly: 168.14 Ang
lz: 192.16 Ang
linked-cell calculation time: 0.00354409 s
time info: 0.000201941 s
*********************************************************
Trajectory calculations 
*********************************************************
out target time: 23.3238 s
Ntraj: 10000
Nfree: 1832
Nscatter: 8144
Nlost: 24
omega: 3128.35
Ntraj: 10000
Nfree: 1777
Nscatter: 8211
Nlost: 12
omega: 3217.45
Ntraj: 10000
Nfree: 1690
Nscatter: 8301
Nlost: 9
omega: 3238.97
Ntraj: 10000
Nfree: 1769
Nscatter: 8221
Nlost: 10
omega: 3193.23
Ntraj: 10000
Nfree: 1764
Nscatter: 8225
Nlost: 11
omega: 3118.85
Ntraj: 10000
Nfree: 1767
Nscatter: 8216
Nlost: 17
omega: 3295.48
Ntraj: 10000
Nfree: 1746
Nscatter: 8246
Nlost: 8
omega: 3114.71
Ntraj: 10000
Nfree: 1776
Nscatter: 8216
Nlost: 8
omega: 3074.17
Ntraj: 10000
Nfree: 1756
Nscatter: 8234
Nlost: 10
omega: 3107.83
Ntraj: 10000
Nfree: 1663
Nscatter: 8328
Nlost: 9
omega: 3270.73
*********************************************************
task: 0
worker id: 72661
time create lcl and mol: 0.000814915 s
numbers of trajectories: 4167
time trajectory calculation: 7.52364 s
task: 1
worker id: 51303
time create lcl and mol: 0.000832081 s
numbers of trajectories: 4167
time trajectory calculation: 10.3339 s
task: 2
worker id: 3610
time create lcl and mol: 0.000782013 s
numbers of trajectories: 4167
time trajectory calculation: 7.42628 s
task: 3
worker id: 92176
time create lcl and mol: 0.000783205 s
numbers of trajectories: 4167
time trajectory calculation: 7.69371 s
task: 4
worker id: 47863
time create lcl and mol: 0.000801802 s
numbers of trajectories: 4167
time trajectory calculation: 9.61385 s
task: 5
worker id: 3610
time create lcl and mol: 0.000785112 s
numbers of trajectories: 4167
time trajectory calculation: 5.45924 s
task: 6
worker id: 3610
time create lcl and mol: 0.000803947 s
numbers of trajectories: 4167
time trajectory calculation: 5.32738 s
task: 7
worker id: 20166
time create lcl and mol: 0.000857115 s
numbers of trajectories: 4167
time trajectory calculation: 4.63563 s
task: 8
worker id: 92176
time create lcl and mol: 0.000780821 s
numbers of trajectories: 4167
time trajectory calculation: 7.22956 s
task: 9
worker id: 72661
time create lcl and mol: 0.000877857 s
numbers of trajectories: 4167
time trajectory calculation: 5.61274 s
task: 10
worker id: 13599
time create lcl and mol: 0.000801086 s
numbers of trajectories: 4167
time trajectory calculation: 7.23051 s
task: 11
worker id: 20166
time create lcl and mol: 0.000874996 s
numbers of trajectories: 4167
time trajectory calculation: 5.18098 s
task: 12
worker id: 92176
time create lcl and mol: 0.000813007 s
numbers of trajectories: 4167
time trajectory calculation: 8.33244 s
task: 13
worker id: 47863
time create lcl and mol: 0.000999928 s
numbers of trajectories: 4167
time trajectory calculation: 5.09944 s
task: 14
worker id: 20166
time create lcl and mol: 0.000776052 s
numbers of trajectories: 4167
time trajectory calculation: 4.88349 s
task: 15
worker id: 94695
time create lcl and mol: 0.000738144 s
numbers of trajectories: 4167
time trajectory calculation: 9.06551 s
task: 16
worker id: 94695
time create lcl and mol: 0.000845909 s
numbers of trajectories: 4166
time trajectory calculation: 5.91639 s
task: 17
worker id: 13599
time create lcl and mol: 0.000833988 s
numbers of trajectories: 4166
time trajectory calculation: 4.89164 s
task: 18
worker id: 20166
time create lcl and mol: 0.000820875 s
numbers of trajectories: 4166
time trajectory calculation: 5.76127 s
task: 19
worker id: 94695
time create lcl and mol: 0.000808954 s
numbers of trajectories: 4166
time trajectory calculation: 5.55806 s
task: 20
worker id: 47863
time create lcl and mol: 0.000819921 s
numbers of trajectories: 4166
time trajectory calculation: 5.93684 s
task: 21
worker id: 13599
time create lcl and mol: 0.000725031 s
numbers of trajectories: 4166
time trajectory calculation: 4.82956 s
task: 22
worker id: 51303
time create lcl and mol: 0.000833988 s
numbers of trajectories: 4166
time trajectory calculation: 7.94377 s
task: 23
worker id: 72661
time create lcl and mol: 0.00081706 s
numbers of trajectories: 4166
time trajectory calculation: 6.4448 s
CCS time: 23.3344 s
*********************************************************
average value of CCS = 3175.98 Ang^2
error value of CCS = 23.1384 Ang^2
Total time: 23.3487 s
Program finished...
*********************************************************
INPUT:: Simulation Parameters 
*********************************************************
target filename                  : 11_1gzx_carga_13_min_final.xyz
number of probe                  : 10000
number of iterarions             : 10
number of tasks                  : 24
number of threads                : 24
seed number                      : 2104
gas buffer                       : N2
Target Temperature (K)           : 298
timestep (fs)                    : 10
Skin cell size (Ang)             : 0.01
Equipotential                    : no
Cut short-range interaction      : yes
LJ cutoff (Ang)                  : 12
Apply long-range interaction     : yes
Cut long-range interaction       : yes
Coulomb cutoff (Ang)             : 25
Apply induced-dipole interaction : yes
alpha (Ang^3)                    : 1.71
force_type: 6
*********************************************************
Force Field parameters: 
*********************************************************
Symbol  mass (amu)  epislon (kcal/mol)  sigma(Angstroms) 
C   12.011   0.0824736   3.2255
N   14.007   0.0758527   3.5719
H   1.008   0.0362711   1.8986
O   15.999   0.062323   3.075
S   32.06   0.138032   3.4237
P   30.9738   0.145372   3.47
*********************************************************
MOLECULE:: orientation around the inertia principal axis 
*********************************************************
Inertia matrix a.u. Ang^2: 
{  6.94702e+06  1.15605e+06  2.76905e+06  }
{  1.15605e+06  1.17697e+07  -661328  }
{  2.76905e+06  -661328  9.8774e+06  }
Rotation matrix applied to molecule: 
{  0.196263  0.97936  -0.0483255  }
{  -0.840922  0.193458  0.505395  }
{  0.504312  -0.0585522  0.861534  }
Molecule radius: 35.2852 Ang 
orientation time of molecule target: 0.0052681 s
target mass: 30988.7 amu
gas mass: 28.014 amu
reduce mass: 28.014 amu
charge state: 13 e
*********************************************************
Geometric Ellipsoid: 
*********************************************************
maximal distances: 19.861  21.2021  33.0243  Ang
Initial axis length: 70.9686  72.3097  84.1319  Ang
Ellipsoid axis length: 78.1386  79.4797  91.3019  Ang
ellipsoid calculation time: 6.58035e-05 s
maximal impact parameter: 91.3019 Ang
*********************************************************
Linked-cell: 
Numbers of cells: 3136
Nx: 14 Ny: 14 Nz: 16
Filled cells: 75
Empty cells: 3061
Average atoms per cell: 58.56
Maximum atoms per cell: 171
Minimum atoms per cell: 1
Simulation box: 
lx: 168.14 Ang
ly: 168.14 Ang
lz: 192.16 Ang
linked-cell calculation time: 0.00337005 s
time info: 0.00019002 s
*********************************************************
Trajectory calculations 
*********************************************************
out target time: 25.6482 s
Ntraj: 10000
Nfree: 1832
Nscatter: 8144
Nlost: 24
omega: 3128.35
Ntraj: 10000
Nfree: 1777
Nscatter: 8211
Nlost: 12
omega: 3217.45
Ntraj: 10000
Nfree: 1690
Nscatter: 8301
Nlost: 9
omega: 3238.97
Ntraj: 10000
Nfree: 1769
Nscatter: 8221
Nlost: 10
omega: 3193.23
Ntraj: 10000
Nfree: 1764
Nscatter: 8225
Nlost: 11
omega: 3118.85
Ntraj: 10000
Nfree: 1767
Nscatter: 8216
Nlost: 17
omega: 3295.48
Ntraj: 10000
Nfree: 1746
Nscatter: 8246
Nlost: 8
omega: 3114.71
Ntraj: 10000
Nfree: 1776
Nscatter: 8216
Nlost: 8
omega: 3074.17
Ntraj: 10000
Nfree: 1756
Nscatter: 8234
Nlost: 10
omega: 3107.83
Ntraj: 10000
Nfree: 1663
Nscatter: 8328
Nlost: 9
omega: 3270.73
*********************************************************
task: 0
worker id: 73697
time create lcl and mol: 0.00096488 s
numbers of trajectories: 4167
time trajectory calculation: 7.70026 s
task: 1
worker id: 14637
time create lcl and mol: 0.000828028 s
numbers of trajectories: 4167
time trajectory calculation: 10.0655 s
task: 2
worker id: 93230
time create lcl and mol: 0.000813961 s
numbers of trajectories: 4167
time trajectory calculation: 7.78204 s
task: 3
worker id: 95736
time create lcl and mol: 0.000815868 s
numbers of trajectories: 4167
time trajectory calculation: 7.59883 s
task: 4
worker id: 48904
time create lcl and mol: 0.000797033 s
numbers of trajectories: 4167
time trajectory calculation: 9.36805 s
task: 5
worker id: 21206
time create lcl and mol: 0.000974894 s
numbers of trajectories: 4167
time trajectory calculation: 5.82313 s
task: 6
worker id: 52345
time create lcl and mol: 0.000802994 s
numbers of trajectories: 4167
time trajectory calculation: 5.16239 s
task: 7
worker id: 4656
time create lcl and mol: 0.000793934 s
numbers of trajectories: 4167
time trajectory calculation: 4.55495 s
task: 8
worker id: 4656
time create lcl and mol: 0.000825167 s
numbers of trajectories: 4167
time trajectory calculation: 7.21237 s
task: 9
worker id: 93230
time create lcl and mol: 0.000866175 s
numbers of trajectories: 4167
time trajectory calculation: 5.66003 s
task: 10
worker id: 14637
time create lcl and mol: 0.000803947 s
numbers of trajectories: 4167
time trajectory calculation: 7.46877 s
task: 11
worker id: 52345
time create lcl and mol: 0.000749111 s
numbers of trajectories: 4167
time trajectory calculation: 4.98001 s
task: 12
worker id: 48904
time create lcl and mol: 0.000824928 s
numbers of trajectories: 4167
time trajectory calculation: 8.3225 s
task: 13
worker id: 14637
time create lcl and mol: 0.001055 s
numbers of trajectories: 4167
time trajectory calculation: 4.94788 s
task: 14
worker id: 93230
time create lcl and mol: 0.000819921 s
numbers of trajectories: 4167
time trajectory calculation: 4.91409 s
task: 15
worker id: 52345
time create lcl and mol: 0.000802994 s
numbers of trajectories: 4167
time trajectory calculation: 8.85215 s
task: 16
worker id: 95736
time create lcl and mol: 0.000849009 s
numbers of trajectories: 4166
time trajectory calculation: 5.9223 s
task: 17
worker id: 73697
time create lcl and mol: 0.000800133 s
numbers of trajectories: 4166
time trajectory calculation: 5.018 s
task: 18
worker id: 21206
time create lcl and mol: 0.000772953 s
numbers of trajectories: 4166
time trajectory calculation: 5.98316 s
task: 19
worker id: 73697
time create lcl and mol: 0.000754118 s
numbers of trajectories: 4166
time trajectory calculation: 5.56401 s
task: 20
worker id: 4656
time create lcl and mol: 0.00079298 s
numbers of trajectories: 4166
time trajectory calculation: 5.99152 s
task: 21
worker id: 95736
time create lcl and mol: 0.000781059 s
numbers of trajectories: 4166
time trajectory calculation: 4.88678 s
task: 22
worker id: 48904
time create lcl and mol: 0.000777006 s
numbers of trajectories: 4166
time trajectory calculation: 7.86197 s
task: 23
worker id: 21206
time create lcl and mol: 0.000771046 s
numbers of trajectories: 4166
time trajectory calculation: 6.53144 s
CCS time: 25.6585 s
*********************************************************
average value of CCS = 3175.98 Ang^2
error value of CCS = 23.1384 Ang^2
Total time: 25.6723 s
Program finished...
*********************************************************
INPUT:: Simulation Parameters 
*********************************************************
target filename                  : 11_1gzx_carga_13_min_final.xyz
number of probe                  : 10000
number of iterarions             : 10
number of tasks                  : 24
number of threads                : 24
seed number                      : 2104
gas buffer                       : N2
Target Temperature (K)           : 298
timestep (fs)                    : 10
Skin cell size (Ang)             : 0.01
Equipotential                    : no
Cut short-range interaction      : yes
LJ cutoff (Ang)                  : 12
Apply long-range interaction     : yes
Cut long-range interaction       : yes
Coulomb cutoff (Ang)             : 25
Apply induced-dipole interaction : yes
alpha (Ang^3)                    : 1.71
force_type: 6
*********************************************************
Force Field parameters: 
*********************************************************
Symbol  mass (amu)  epislon (kcal/mol)  sigma(Angstroms) 
C   12.011   0.0824736   3.2255
N   14.007   0.0758527   3.5719
H   1.008   0.0362711   1.8986
O   15.999   0.062323   3.075
S   32.06   0.138032   3.4237
P   30.9738   0.145372   3.47
*********************************************************
MOLECULE:: orientation around the inertia principal axis 
*********************************************************
Inertia matrix a.u. Ang^2: 
{  6.94702e+06  1.15605e+06  2.76905e+06  }
{  1.15605e+06  1.17697e+07  -661328  }
{  2.76905e+06  -661328  9.8774e+06  }
Rotation matrix applied to molecule: 
{  0.196263  0.97936  -0.0483255  }
{  -0.840922  0.193458  0.505395  }
{  0.504312  -0.0585522  0.861534  }
Molecule radius: 35.2852 Ang 
orientation time of molecule target: 0.00528502 s
target mass: 30988.7 amu
gas mass: 28.014 amu
reduce mass: 28.014 amu
charge state: 13 e
*********************************************************
Geometric Ellipsoid: 
*********************************************************
maximal distances: 19.861  21.2021  33.0243  Ang
Initial axis length: 70.9686  72.3097  84.1319  Ang
Ellipsoid axis length: 78.1386  79.4797  91.3019  Ang
ellipsoid calculation time: 6.29425e-05 s
maximal impact parameter: 91.3019 Ang
*********************************************************
Linked-cell: 
Numbers of cells: 3136
Nx: 14 Ny: 14 Nz: 16
Filled cells: 75
Empty cells: 3061
Average atoms per cell: 58.56
Maximum atoms per cell: 171
Minimum atoms per cell: 1
Simulation box: 
lx: 168.14 Ang
ly: 168.14 Ang
lz: 192.16 Ang
linked-cell calculation time: 0.00335693 s
time info: 0.000188112 s
*********************************************************
Trajectory calculations 
*********************************************************
out target time: 24.6779 s
Ntraj: 10000
Nfree: 1832
Nscatter: 8144
Nlost: 24
omega: 3128.35
Ntraj: 10000
Nfree: 1777
Nscatter: 8211
Nlost: 12
omega: 3217.45
Ntraj: 10000
Nfree: 1690
Nscatter: 8301
Nlost: 9
omega: 3238.97
Ntraj: 10000
Nfree: 1769
Nscatter: 8221
Nlost: 10
omega: 3193.23
Ntraj: 10000
Nfree: 1764
Nscatter: 8225
Nlost: 11
omega: 3118.85
Ntraj: 10000
Nfree: 1767
Nscatter: 8216
Nlost: 17
omega: 3295.48
Ntraj: 10000
Nfree: 1746
Nscatter: 8246
Nlost: 8
omega: 3114.71
Ntraj: 10000
Nfree: 1776
Nscatter: 8216
Nlost: 8
omega: 3074.17
Ntraj: 10000
Nfree: 1756
Nscatter: 8234
Nlost: 10
omega: 3107.83
Ntraj: 10000
Nfree: 1663
Nscatter: 8328
Nlost: 9
omega: 3270.73
*********************************************************
task: 0
worker id: 15697
time create lcl and mol: 0.000775099 s
numbers of trajectories: 4167
time trajectory calculation: 7.57222 s
task: 1
worker id: 96791
time create lcl and mol: 0.00090003 s
numbers of trajectories: 4167
time trajectory calculation: 10.1649 s
task: 2
worker id: 74750
time create lcl and mol: 0.000813007 s
numbers of trajectories: 4167
time trajectory calculation: 7.76812 s
task: 3
worker id: 94296
time create lcl and mol: 0.000844002 s
numbers of trajectories: 4167
time trajectory calculation: 7.78654 s
task: 4
worker id: 49962
time create lcl and mol: 0.000794888 s
numbers of trajectories: 4167
time trajectory calculation: 9.73929 s
task: 5
worker id: 22259
time create lcl and mol: 0.000821829 s
numbers of trajectories: 4167
time trajectory calculation: 5.63006 s
task: 6
worker id: 53398
time create lcl and mol: 0.000760078 s
numbers of trajectories: 4167
time trajectory calculation: 5.09484 s
task: 7
worker id: 5723
time create lcl and mol: 0.000792027 s
numbers of trajectories: 4167
time trajectory calculation: 4.65952 s
task: 8
worker id: 15697
time create lcl and mol: 0.000770092 s
numbers of trajectories: 4167
time trajectory calculation: 7.16206 s
task: 9
worker id: 49962
time create lcl and mol: 0.000798941 s
numbers of trajectories: 4167
time trajectory calculation: 5.70548 s
task: 10
worker id: 5723
time create lcl and mol: 0.00080204 s
numbers of trajectories: 4167
time trajectory calculation: 7.32483 s
task: 11
worker id: 74750
time create lcl and mol: 0.000816107 s
numbers of trajectories: 4167
time trajectory calculation: 5.18327 s
task: 12
worker id: 53398
time create lcl and mol: 0.000793934 s
numbers of trajectories: 4167
time trajectory calculation: 8.55444 s
task: 13
worker id: 49962
time create lcl and mol: 0.0008111 s
numbers of trajectories: 4167
time trajectory calculation: 4.98634 s
task: 14
worker id: 5723
time create lcl and mol: 0.000758886 s
numbers of trajectories: 4167
time trajectory calculation: 4.97632 s
task: 15
worker id: 94296
time create lcl and mol: 0.000857115 s
numbers of trajectories: 4167
time trajectory calculation: 8.85753 s
task: 16
worker id: 22259
time create lcl and mol: 0.000858068 s
numbers of trajectories: 4166
time trajectory calculation: 5.95188 s
task: 17
worker id: 22259
time create lcl and mol: 0.000840902 s
numbers of trajectories: 4166
time trajectory calculation: 4.93466 s
task: 18
worker id: 74750
time create lcl and mol: 0.000776052 s
numbers of trajectories: 4166
time trajectory calculation: 6.08896 s
task: 19
worker id: 96791
time create lcl and mol: 0.000845909 s
numbers of trajectories: 4166
time trajectory calculation: 5.56274 s
task: 20
worker id: 96791
time create lcl and mol: 0.000845194 s
numbers of trajectories: 4166
time trajectory calculation: 6.21474 s
task: 21
worker id: 53398
time create lcl and mol: 0.000823975 s
numbers of trajectories: 4166
time trajectory calculation: 4.75112 s
task: 22
worker id: 22259
time create lcl and mol: 0.000808001 s
numbers of trajectories: 4166
time trajectory calculation: 8.05172 s
task: 23
worker id: 15697
time create lcl and mol: 0.000827074 s
numbers of trajectories: 4166
time trajectory calculation: 6.52095 s
CCS time: 24.6881 s
*********************************************************
average value of CCS = 3175.98 Ang^2
error value of CCS = 23.1384 Ang^2
Total time: 24.7022 s
Program finished...
*********************************************************
INPUT:: Simulation Parameters 
*********************************************************
target filename                  : 11_1gzx_carga_13_min_final.xyz
number of probe                  : 10000
number of iterarions             : 10
number of tasks                  : 24
number of threads                : 24
seed number                      : 2104
gas buffer                       : N2
Target Temperature (K)           : 298
timestep (fs)                    : 10
Skin cell size (Ang)             : 0.01
Equipotential                    : no
Cut short-range interaction      : yes
LJ cutoff (Ang)                  : 12
Apply long-range interaction     : yes
Cut long-range interaction       : yes
Coulomb cutoff (Ang)             : 25
Apply induced-dipole interaction : yes
alpha (Ang^3)                    : 1.71
force_type: 6
*********************************************************
Force Field parameters: 
*********************************************************
Symbol  mass (amu)  epislon (kcal/mol)  sigma(Angstroms) 
C   12.011   0.0824736   3.2255
N   14.007   0.0758527   3.5719
H   1.008   0.0362711   1.8986
O   15.999   0.062323   3.075
S   32.06   0.138032   3.4237
P   30.9738   0.145372   3.47
*********************************************************
MOLECULE:: orientation around the inertia principal axis 
*********************************************************
Inertia matrix a.u. Ang^2: 
{  6.94702e+06  1.15605e+06  2.76905e+06  }
{  1.15605e+06  1.17697e+07  -661328  }
{  2.76905e+06  -661328  9.8774e+06  }
Rotation matrix applied to molecule: 
{  0.196263  0.97936  -0.0483255  }
{  -0.840922  0.193458  0.505395  }
{  0.504312  -0.0585522  0.861534  }
Molecule radius: 35.2852 Ang 
orientation time of molecule target: 0.0460939 s
target mass: 30988.7 amu
gas mass: 28.014 amu
reduce mass: 28.014 amu
charge state: 13 e
*********************************************************
Geometric Ellipsoid: 
*********************************************************
maximal distances: 19.861  21.2021  33.0243  Ang
Initial axis length: 70.9686  72.3097  84.1319  Ang
Ellipsoid axis length: 78.1386  79.4797  91.3019  Ang
ellipsoid calculation time: 6.00815e-05 s
maximal impact parameter: 91.3019 Ang
*********************************************************
Linked-cell: 
Numbers of cells: 3136
Nx: 14 Ny: 14 Nz: 16
Filled cells: 75
Empty cells: 3061
Average atoms per cell: 58.56
Maximum atoms per cell: 171
Minimum atoms per cell: 1
Simulation box: 
lx: 168.14 Ang
ly: 168.14 Ang
lz: 192.16 Ang
linked-cell calculation time: 0.00346708 s
time info: 0.000184059 s
*********************************************************
Trajectory calculations 
*********************************************************
out target time: 23.5823 s
Ntraj: 10000
Nfree: 1832
Nscatter: 8144
Nlost: 24
omega: 3128.35
Ntraj: 10000
Nfree: 1777
Nscatter: 8211
Nlost: 12
omega: 3217.45
Ntraj: 10000
Nfree: 1690
Nscatter: 8301
Nlost: 9
omega: 3238.97
Ntraj: 10000
Nfree: 1769
Nscatter: 8221
Nlost: 10
omega: 3193.23
Ntraj: 10000
Nfree: 1764
Nscatter: 8225
Nlost: 11
omega: 3118.85
Ntraj: 10000
Nfree: 1767
Nscatter: 8216
Nlost: 17
omega: 3295.48
Ntraj: 10000
Nfree: 1746
Nscatter: 8246
Nlost: 8
omega: 3114.71
Ntraj: 10000
Nfree: 1776
Nscatter: 8216
Nlost: 8
omega: 3074.17
Ntraj: 10000
Nfree: 1756
Nscatter: 8234
Nlost: 10
omega: 3107.83
Ntraj: 10000
Nfree: 1663
Nscatter: 8328
Nlost: 9
omega: 3270.73
*********************************************************
task: 0
worker id: 37950
time create lcl and mol: 0.000803947 s
numbers of trajectories: 4167
time trajectory calculation: 7.77883 s
task: 1
worker id: 35999
time create lcl and mol: 0.000801086 s
numbers of trajectories: 4167
time trajectory calculation: 10.1158 s
task: 2
worker id: 54645
time create lcl and mol: 0.000833988 s
numbers of trajectories: 4167
time trajectory calculation: 7.73764 s
task: 3
worker id: 36745
time create lcl and mol: 0.000830889 s
numbers of trajectories: 4167
time trajectory calculation: 7.61018 s
task: 4
worker id: 37504
time create lcl and mol: 0.000935793 s
numbers of trajectories: 4167
time trajectory calculation: 9.43958 s
task: 5
worker id: 37798
time create lcl and mol: 0.000756025 s
numbers of trajectories: 4167
time trajectory calculation: 5.56837 s
task: 6
worker id: 38314
time create lcl and mol: 0.000859022 s
numbers of trajectories: 4167
time trajectory calculation: 5.17352 s
task: 7
worker id: 37059
time create lcl and mol: 0.000764132 s
numbers of trajectories: 4167
time trajectory calculation: 4.59548 s
task: 8
worker id: 37950
time create lcl and mol: 0.000766993 s
numbers of trajectories: 4167
time trajectory calculation: 7.16015 s
task: 9
worker id: 37504
time create lcl and mol: 0.000772953 s
numbers of trajectories: 4167
time trajectory calculation: 5.51574 s
task: 10
worker id: 54645
time create lcl and mol: 0.000816107 s
numbers of trajectories: 4167
time trajectory calculation: 7.50222 s
task: 11
worker id: 36745
time create lcl and mol: 0.000722885 s
numbers of trajectories: 4167
time trajectory calculation: 5.09976 s
task: 12
worker id: 35999
time create lcl and mol: 0.000710964 s
numbers of trajectories: 4167
time trajectory calculation: 8.56119 s
task: 13
worker id: 37798
time create lcl and mol: 0.000778913 s
numbers of trajectories: 4167
time trajectory calculation: 4.95579 s
task: 14
worker id: 35999
time create lcl and mol: 0.000743151 s
numbers of trajectories: 4167
time trajectory calculation: 4.81329 s
task: 15
worker id: 38314
time create lcl and mol: 0.000780106 s
numbers of trajectories: 4167
time trajectory calculation: 8.92039 s
task: 16
worker id: 37059
time create lcl and mol: 0.000857115 s
numbers of trajectories: 4166
time trajectory calculation: 5.97965 s
task: 17
worker id: 36745
time create lcl and mol: 0.000782013 s
numbers of trajectories: 4166
time trajectory calculation: 5.02808 s
task: 18
worker id: 37059
time create lcl and mol: 0.00077486 s
numbers of trajectories: 4166
time trajectory calculation: 5.92078 s
task: 19
worker id: 38314
time create lcl and mol: 0.000841141 s
numbers of trajectories: 4166
time trajectory calculation: 5.56384 s
task: 20
worker id: 37504
time create lcl and mol: 0.000782967 s
numbers of trajectories: 4166
time trajectory calculation: 6.11379 s
task: 21
worker id: 54645
time create lcl and mol: 0.000786066 s
numbers of trajectories: 4166
time trajectory calculation: 4.9018 s
task: 22
worker id: 37798
time create lcl and mol: 0.000808001 s
numbers of trajectories: 4166
time trajectory calculation: 7.9587 s
task: 23
worker id: 37950
time create lcl and mol: 0.000782013 s
numbers of trajectories: 4166
time trajectory calculation: 6.50844 s
CCS time: 23.5929 s
*********************************************************
average value of CCS = 3175.98 Ang^2
error value of CCS = 23.1384 Ang^2
Total time: 23.6476 s
Program finished...
*********************************************************
INPUT:: Simulation Parameters 
*********************************************************
target filename                  : 11_1gzx_carga_13_min_final.xyz
number of probe                  : 10000
number of iterarions             : 10
number of tasks                  : 24
number of threads                : 24
seed number                      : 2104
gas buffer                       : N2
Target Temperature (K)           : 298
timestep (fs)                    : 10
Skin cell size (Ang)             : 0.01
Equipotential                    : no
Cut short-range interaction      : yes
LJ cutoff (Ang)                  : 12
Apply long-range interaction     : yes
Cut long-range interaction       : yes
Coulomb cutoff (Ang)             : 25
Apply induced-dipole interaction : yes
alpha (Ang^3)                    : 1.71
force_type: 6
*********************************************************
Force Field parameters: 
*********************************************************
Symbol  mass (amu)  epislon (kcal/mol)  sigma(Angstroms) 
C   12.011   0.0824736   3.2255
N   14.007   0.0758527   3.5719
H   1.008   0.0362711   1.8986
O   15.999   0.062323   3.075
S   32.06   0.138032   3.4237
P   30.9738   0.145372   3.47
*********************************************************
MOLECULE:: orientation around the inertia principal axis 
*********************************************************
Inertia matrix a.u. Ang^2: 
{  6.94702e+06  1.15605e+06  2.76905e+06  }
{  1.15605e+06  1.17697e+07  -661328  }
{  2.76905e+06  -661328  9.8774e+06  }
Rotation matrix applied to molecule: 
{  0.196263  0.97936  -0.0483255  }
{  -0.840922  0.193458  0.505395  }
{  0.504312  -0.0585522  0.861534  }
Molecule radius: 35.2852 Ang 
orientation time of molecule target: 0.00531602 s
target mass: 30988.7 amu
gas mass: 28.014 amu
reduce mass: 28.014 amu
charge state: 13 e
*********************************************************
Geometric Ellipsoid: 
*********************************************************
maximal distances: 19.861  21.2021  33.0243  Ang
Initial axis length: 70.9686  72.3097  84.1319  Ang
Ellipsoid axis length: 78.1386  79.4797  91.3019  Ang
ellipsoid calculation time: 7.20024e-05 s
maximal impact parameter: 91.3019 Ang
*********************************************************
Linked-cell: 
Numbers of cells: 3136
Nx: 14 Ny: 14 Nz: 16
Filled cells: 75
Empty cells: 3061
Average atoms per cell: 58.56
Maximum atoms per cell: 171
Minimum atoms per cell: 1
Simulation box: 
lx: 168.14 Ang
ly: 168.14 Ang
lz: 192.16 Ang
linked-cell calculation time: 0.00334716 s
time info: 0.000186205 s
*********************************************************
Trajectory calculations 
*********************************************************
out target time: 22.3565 s
Ntraj: 10000
Nfree: 1832
Nscatter: 8144
Nlost: 24
omega: 3128.35
Ntraj: 10000
Nfree: 1777
Nscatter: 8211
Nlost: 12
omega: 3217.45
Ntraj: 10000
Nfree: 1690
Nscatter: 8301
Nlost: 9
omega: 3238.97
Ntraj: 10000
Nfree: 1769
Nscatter: 8221
Nlost: 10
omega: 3193.23
Ntraj: 10000
Nfree: 1764
Nscatter: 8225
Nlost: 11
omega: 3118.85
Ntraj: 10000
Nfree: 1767
Nscatter: 8216
Nlost: 17
omega: 3295.48
Ntraj: 10000
Nfree: 1746
Nscatter: 8246
Nlost: 8
omega: 3114.71
Ntraj: 10000
Nfree: 1776
Nscatter: 8216
Nlost: 8
omega: 3074.17
Ntraj: 10000
Nfree: 1756
Nscatter: 8234
Nlost: 10
omega: 3107.83
Ntraj: 10000
Nfree: 1663
Nscatter: 8328
Nlost: 9
omega: 3270.73
*********************************************************
task: 0
worker id: 39045
time create lcl and mol: 0.000778913 s
numbers of trajectories: 4167
time trajectory calculation: 7.69592 s
task: 1
worker id: 38524
time create lcl and mol: 0.000805855 s
numbers of trajectories: 4167
time trajectory calculation: 10.0448 s
task: 2
worker id: 38678
time create lcl and mol: 0.000790119 s
numbers of trajectories: 4167
time trajectory calculation: 7.58286 s
task: 3
worker id: 37788
time create lcl and mol: 0.000752926 s
numbers of trajectories: 4167
time trajectory calculation: 7.70291 s
task: 4
worker id: 55394
time create lcl and mol: 0.000885963 s
numbers of trajectories: 4167
time trajectory calculation: 9.47884 s
task: 5
worker id: 38524
time create lcl and mol: 0.000798941 s
numbers of trajectories: 4167
time trajectory calculation: 5.67774 s
task: 6
worker id: 37474
time create lcl and mol: 0.00077486 s
numbers of trajectories: 4167
time trajectory calculation: 5.30566 s
task: 7
worker id: 36729
time create lcl and mol: 0.000947952 s
numbers of trajectories: 4167
time trajectory calculation: 4.76958 s
task: 8
worker id: 38231
time create lcl and mol: 0.000800133 s
numbers of trajectories: 4167
time trajectory calculation: 7.16074 s
task: 9
worker id: 37474
time create lcl and mol: 0.000799179 s
numbers of trajectories: 4167
time trajectory calculation: 5.71254 s
task: 10
worker id: 38678
time create lcl and mol: 0.000772953 s
numbers of trajectories: 4167
time trajectory calculation: 7.48046 s
task: 11
worker id: 38231
time create lcl and mol: 0.000799894 s
numbers of trajectories: 4167
time trajectory calculation: 5.22559 s
task: 12
worker id: 37474
time create lcl and mol: 0.000792027 s
numbers of trajectories: 4167
time trajectory calculation: 8.54606 s
task: 13
worker id: 38678
time create lcl and mol: 0.000744104 s
numbers of trajectories: 4167
time trajectory calculation: 5.14657 s
task: 14
worker id: 38231
time create lcl and mol: 0.00079298 s
numbers of trajectories: 4167
time trajectory calculation: 4.83925 s
task: 15
worker id: 39045
time create lcl and mol: 0.00082016 s
numbers of trajectories: 4167
time trajectory calculation: 9.02831 s
task: 16
worker id: 55394
time create lcl and mol: 0.000824928 s
numbers of trajectories: 4166
time trajectory calculation: 6.00922 s
task: 17
worker id: 36729
time create lcl and mol: 0.000724077 s
numbers of trajectories: 4166
time trajectory calculation: 4.9112 s
task: 18
worker id: 38524
time create lcl and mol: 0.000970125 s
numbers of trajectories: 4166
time trajectory calculation: 6.00585 s
task: 19
worker id: 39045
time create lcl and mol: 0.000766993 s
numbers of trajectories: 4166
time trajectory calculation: 5.53743 s
task: 20
worker id: 37788
time create lcl and mol: 0.000771999 s
numbers of trajectories: 4166
time trajectory calculation: 5.8894 s
task: 21
worker id: 55394
time create lcl and mol: 0.000790119 s
numbers of trajectories: 4166
time trajectory calculation: 4.74593 s
task: 22
worker id: 37788
time create lcl and mol: 0.000740051 s
numbers of trajectories: 4166
time trajectory calculation: 8.0028 s
task: 23
worker id: 36729
time create lcl and mol: 0.000778913 s
numbers of trajectories: 4166
time trajectory calculation: 6.5722 s
CCS time: 22.3666 s
*********************************************************
average value of CCS = 3175.98 Ang^2
error value of CCS = 23.1384 Ang^2
Total time: 22.3809 s
Program finished...
*********************************************************
INPUT:: Simulation Parameters 
*********************************************************
target filename                  : 11_1gzx_carga_13_min_final.xyz
number of probe                  : 10000
number of iterarions             : 10
number of tasks                  : 24
number of threads                : 24
seed number                      : 2104
gas buffer                       : N2
Target Temperature (K)           : 298
timestep (fs)                    : 10
Skin cell size (Ang)             : 0.01
Equipotential                    : no
Cut short-range interaction      : yes
LJ cutoff (Ang)                  : 12
Apply long-range interaction     : yes
Cut long-range interaction       : yes
Coulomb cutoff (Ang)             : 25
Apply induced-dipole interaction : yes
alpha (Ang^3)                    : 1.71
force_type: 6
*********************************************************
Force Field parameters: 
*********************************************************
Symbol  mass (amu)  epislon (kcal/mol)  sigma(Angstroms) 
C   12.011   0.0824736   3.2255
N   14.007   0.0758527   3.5719
H   1.008   0.0362711   1.8986
O   15.999   0.062323   3.075
S   32.06   0.138032   3.4237
P   30.9738   0.145372   3.47
*********************************************************
MOLECULE:: orientation around the inertia principal axis 
*********************************************************
Inertia matrix a.u. Ang^2: 
{  6.94702e+06  1.15605e+06  2.76905e+06  }
{  1.15605e+06  1.17697e+07  -661328  }
{  2.76905e+06  -661328  9.8774e+06  }
Rotation matrix applied to molecule: 
{  0.196263  0.97936  -0.0483255  }
{  -0.840922  0.193458  0.505395  }
{  0.504312  -0.0585522  0.861534  }
Molecule radius: 35.2852 Ang 
orientation time of molecule target: 0.00520992 s
target mass: 30988.7 amu
gas mass: 28.014 amu
reduce mass: 28.014 amu
charge state: 13 e
*********************************************************
Geometric Ellipsoid: 
*********************************************************
maximal distances: 19.861  21.2021  33.0243  Ang
Initial axis length: 70.9686  72.3097  84.1319  Ang
Ellipsoid axis length: 78.1386  79.4797  91.3019  Ang
ellipsoid calculation time: 5.79357e-05 s
maximal impact parameter: 91.3019 Ang
*********************************************************
Linked-cell: 
Numbers of cells: 3136
Nx: 14 Ny: 14 Nz: 16
Filled cells: 75
Empty cells: 3061
Average atoms per cell: 58.56
Maximum atoms per cell: 171
Minimum atoms per cell: 1
Simulation box: 
lx: 168.14 Ang
ly: 168.14 Ang
lz: 192.16 Ang
linked-cell calculation time: 0.00335693 s
time info: 0.000183105 s
*********************************************************
Trajectory calculations 
*********************************************************
out target time: 23.1446 s
Ntraj: 10000
Nfree: 1832
Nscatter: 8144
Nlost: 24
omega: 3128.35
Ntraj: 10000
Nfree: 1777
Nscatter: 8211
Nlost: 12
omega: 3217.45
Ntraj: 10000
Nfree: 1690
Nscatter: 8301
Nlost: 9
omega: 3238.97
Ntraj: 10000
Nfree: 1769
Nscatter: 8221
Nlost: 10
omega: 3193.23
Ntraj: 10000
Nfree: 1764
Nscatter: 8225
Nlost: 11
omega: 3118.85
Ntraj: 10000
Nfree: 1767
Nscatter: 8216
Nlost: 17
omega: 3295.48
Ntraj: 10000
Nfree: 1746
Nscatter: 8246
Nlost: 8
omega: 3114.71
Ntraj: 10000
Nfree: 1776
Nscatter: 8216
Nlost: 8
omega: 3074.17
Ntraj: 10000
Nfree: 1756
Nscatter: 8234
Nlost: 10
omega: 3107.83
Ntraj: 10000
Nfree: 1663
Nscatter: 8328
Nlost: 9
omega: 3270.73
*********************************************************
task: 0
worker id: 38194
time create lcl and mol: 0.000812054 s
numbers of trajectories: 4167
time trajectory calculation: 7.75603 s
task: 1
worker id: 39241
time create lcl and mol: 0.000797033 s
numbers of trajectories: 4167
time trajectory calculation: 10.247 s
task: 2
worker id: 56127
time create lcl and mol: 0.000774145 s
numbers of trajectories: 4167
time trajectory calculation: 7.64736 s
task: 3
worker id: 39395
time create lcl and mol: 0.000831127 s
numbers of trajectories: 4167
time trajectory calculation: 7.76488 s
task: 4
worker id: 37443
time create lcl and mol: 0.00080204 s
numbers of trajectories: 4167
time trajectory calculation: 9.63951 s
task: 5
worker id: 39241
time create lcl and mol: 0.000749111 s
numbers of trajectories: 4167
time trajectory calculation: 5.67509 s
task: 6
worker id: 38507
time create lcl and mol: 0.000787973 s
numbers of trajectories: 4167
time trajectory calculation: 5.28167 s
task: 7
worker id: 38949
time create lcl and mol: 0.000765085 s
numbers of trajectories: 4167
time trajectory calculation: 4.61792 s
task: 8
worker id: 39762
time create lcl and mol: 0.000730991 s
numbers of trajectories: 4167
time trajectory calculation: 7.28613 s
task: 9
worker id: 38949
time create lcl and mol: 0.000831842 s
numbers of trajectories: 4167
time trajectory calculation: 5.62548 s
task: 10
worker id: 56127
time create lcl and mol: 0.000761986 s
numbers of trajectories: 4167
time trajectory calculation: 7.33591 s
task: 11
worker id: 39762
time create lcl and mol: 0.000761986 s
numbers of trajectories: 4167
time trajectory calculation: 5.14236 s
task: 12
worker id: 37443
time create lcl and mol: 0.000764132 s
numbers of trajectories: 4167
time trajectory calculation: 8.63255 s
task: 13
worker id: 38949
time create lcl and mol: 0.000825882 s
numbers of trajectories: 4167
time trajectory calculation: 5.09709 s
task: 14
worker id: 39241
time create lcl and mol: 0.00078392 s
numbers of trajectories: 4167
time trajectory calculation: 4.97479 s
task: 15
worker id: 39395
time create lcl and mol: 0.000813961 s
numbers of trajectories: 4167
time trajectory calculation: 8.60582 s
task: 16
worker id: 56127
time create lcl and mol: 0.000994921 s
numbers of trajectories: 4166
time trajectory calculation: 5.95586 s
task: 17
worker id: 39762
time create lcl and mol: 0.000782013 s
numbers of trajectories: 4166
time trajectory calculation: 4.73012 s
task: 18
worker id: 38507
time create lcl and mol: 0.000786066 s
numbers of trajectories: 4166
time trajectory calculation: 6.03149 s
task: 19
worker id: 38949
time create lcl and mol: 0.000838995 s
numbers of trajectories: 4166
time trajectory calculation: 5.6834 s
task: 20
worker id: 38194
time create lcl and mol: 0.000812054 s
numbers of trajectories: 4166
time trajectory calculation: 5.98932 s
task: 21
worker id: 38194
time create lcl and mol: 0.000800133 s
numbers of trajectories: 4166
time trajectory calculation: 4.84507 s
task: 22
worker id: 38507
time create lcl and mol: 0.000764847 s
numbers of trajectories: 4166
time trajectory calculation: 7.90631 s
task: 23
worker id: 39395
time create lcl and mol: 0.0008111 s
numbers of trajectories: 4166
time trajectory calculation: 6.66968 s
CCS time: 23.1547 s
*********************************************************
average value of CCS = 3175.98 Ang^2
error value of CCS = 23.1384 Ang^2
Total time: 23.1686 s
Program finished...
[1695429682.012424] [sdumont6230:38507:0]       tag_match.c:62   UCX  WARN  unexpected tag-receive descriptor 0x2b7a2c006b00 was not matched
[1695429682.015661] [sdumont6228:38194:0]       tag_match.c:62   UCX  WARN  unexpected tag-receive descriptor 0x2b4d94006bc0 was not matched
[1695429682.012324] [sdumont6226:37443:0]       tag_match.c:62   UCX  WARN  unexpected tag-receive descriptor 0x55f899533c00 was not matched
[1695429682.008266] [sdumont6223:56127:0]       tag_match.c:62   UCX  WARN  unexpected tag-receive descriptor 0x55b10d30ab80 was not matched
[1695429682.014046] [sdumont6229:39762:0]       tag_match.c:62   UCX  WARN  unexpected tag-receive descriptor 0x55b05d9a7b00 was not matched
*********************************************************
INPUT:: Simulation Parameters 
*********************************************************
target filename                  : 11_1gzx_carga_13_min_final.xyz
number of probe                  : 10000
number of iterarions             : 10
number of tasks                  : 24
number of threads                : 24
seed number                      : 2104
gas buffer                       : N2
Target Temperature (K)           : 298
timestep (fs)                    : 10
Skin cell size (Ang)             : 0.01
Equipotential                    : no
Cut short-range interaction      : yes
LJ cutoff (Ang)                  : 12
Apply long-range interaction     : yes
Cut long-range interaction       : yes
Coulomb cutoff (Ang)             : 25
Apply induced-dipole interaction : yes
alpha (Ang^3)                    : 1.71
force_type: 6
*********************************************************
Force Field parameters: 
*********************************************************
Symbol  mass (amu)  epislon (kcal/mol)  sigma(Angstroms) 
C   12.011   0.0824736   3.2255
N   14.007   0.0758527   3.5719
H   1.008   0.0362711   1.8986
O   15.999   0.062323   3.075
S   32.06   0.138032   3.4237
P   30.9738   0.145372   3.47
*********************************************************
MOLECULE:: orientation around the inertia principal axis 
*********************************************************
Inertia matrix a.u. Ang^2: 
{  6.94702e+06  1.15605e+06  2.76905e+06  }
{  1.15605e+06  1.17697e+07  -661328  }
{  2.76905e+06  -661328  9.8774e+06  }
Rotation matrix applied to molecule: 
{  0.196263  0.97936  -0.0483255  }
{  -0.840922  0.193458  0.505395  }
{  0.504312  -0.0585522  0.861534  }
Molecule radius: 35.2852 Ang 
orientation time of molecule target: 0.00525498 s
target mass: 30988.7 amu
gas mass: 28.014 amu
reduce mass: 28.014 amu
charge state: 13 e
*********************************************************
Geometric Ellipsoid: 
*********************************************************
maximal distances: 19.861  21.2021  33.0243  Ang
Initial axis length: 70.9686  72.3097  84.1319  Ang
Ellipsoid axis length: 78.1386  79.4797  91.3019  Ang
ellipsoid calculation time: 5.60284e-05 s
maximal impact parameter: 91.3019 Ang
*********************************************************
Linked-cell: 
Numbers of cells: 3136
Nx: 14 Ny: 14 Nz: 16
Filled cells: 75
Empty cells: 3061
Average atoms per cell: 58.56
Maximum atoms per cell: 171
Minimum atoms per cell: 1
Simulation box: 
lx: 168.14 Ang
ly: 168.14 Ang
lz: 192.16 Ang
linked-cell calculation time: 0.00332499 s
time info: 0.000185013 s
*********************************************************
Trajectory calculations 
*********************************************************
out target time: 23.0363 s
Ntraj: 10000
Nfree: 1832
Nscatter: 8144
Nlost: 24
omega: 3128.35
Ntraj: 10000
Nfree: 1777
Nscatter: 8211
Nlost: 12
omega: 3217.45
Ntraj: 10000
Nfree: 1690
Nscatter: 8301
Nlost: 9
omega: 3238.97
Ntraj: 10000
Nfree: 1769
Nscatter: 8221
Nlost: 10
omega: 3193.23
Ntraj: 10000
Nfree: 1764
Nscatter: 8225
Nlost: 11
omega: 3118.85
Ntraj: 10000
Nfree: 1767
Nscatter: 8216
Nlost: 17
omega: 3295.48
Ntraj: 10000
Nfree: 1746
Nscatter: 8246
Nlost: 8
omega: 3114.71
Ntraj: 10000
Nfree: 1776
Nscatter: 8216
Nlost: 8
omega: 3074.17
Ntraj: 10000
Nfree: 1756
Nscatter: 8234
Nlost: 10
omega: 3107.83
Ntraj: 10000
Nfree: 1663
Nscatter: 8328
Nlost: 9
omega: 3270.73
*********************************************************
task: 0
worker id: 39989
time create lcl and mol: 0.000784874 s
numbers of trajectories: 4167
time trajectory calculation: 7.67664 s
task: 1
worker id: 38480
time create lcl and mol: 0.000782967 s
numbers of trajectories: 4167
time trajectory calculation: 9.94122 s
task: 2
worker id: 39545
time create lcl and mol: 0.000785112 s
numbers of trajectories: 4167
time trajectory calculation: 7.54013 s
task: 3
worker id: 39233
time create lcl and mol: 0.000798225 s
numbers of trajectories: 4167
time trajectory calculation: 7.62018 s
task: 4
worker id: 40432
time create lcl and mol: 0.000824928 s
numbers of trajectories: 4167
time trajectory calculation: 9.93765 s
task: 5
worker id: 57178
time create lcl and mol: 0.000827074 s
numbers of trajectories: 4167
time trajectory calculation: 5.63029 s
task: 6
worker id: 40276
time create lcl and mol: 0.000918865 s
numbers of trajectories: 4167
time trajectory calculation: 5.13872 s
task: 7
worker id: 40799
time create lcl and mol: 0.000801086 s
numbers of trajectories: 4167
time trajectory calculation: 4.59986 s
task: 8
worker id: 39233
time create lcl and mol: 0.000775099 s
numbers of trajectories: 4167
time trajectory calculation: 7.22324 s
task: 9
worker id: 39545
time create lcl and mol: 0.000821829 s
numbers of trajectories: 4167
time trajectory calculation: 5.72064 s
task: 10
worker id: 40799
time create lcl and mol: 0.000787973 s
numbers of trajectories: 4167
time trajectory calculation: 7.24044 s
task: 11
worker id: 57178
time create lcl and mol: 0.000834942 s
numbers of trajectories: 4167
time trajectory calculation: 5.25279 s
task: 12
worker id: 39989
time create lcl and mol: 0.000804901 s
numbers of trajectories: 4167
time trajectory calculation: 8.4721 s
task: 13
worker id: 57178
time create lcl and mol: 0.000816107 s
numbers of trajectories: 4167
time trajectory calculation: 5.08266 s
task: 14
worker id: 40432
time create lcl and mol: 0.000844955 s
numbers of trajectories: 4167
time trajectory calculation: 4.99768 s
task: 15
worker id: 40799
time create lcl and mol: 0.000895977 s
numbers of trajectories: 4167
time trajectory calculation: 8.95194 s
task: 16
worker id: 40276
time create lcl and mol: 0.000804901 s
numbers of trajectories: 4166
time trajectory calculation: 5.72069 s
task: 17
worker id: 38480
time create lcl and mol: 0.000777006 s
numbers of trajectories: 4166
time trajectory calculation: 4.92995 s
task: 18
worker id: 40276
time create lcl and mol: 0.000839949 s
numbers of trajectories: 4166
time trajectory calculation: 6.06076 s
task: 19
worker id: 39545
time create lcl and mol: 0.000791073 s
numbers of trajectories: 4166
time trajectory calculation: 5.61508 s
task: 20
worker id: 40432
time create lcl and mol: 0.000819921 s
numbers of trajectories: 4166
time trajectory calculation: 6.01161 s
task: 21
worker id: 57178
time create lcl and mol: 0.000827074 s
numbers of trajectories: 4166
time trajectory calculation: 4.87942 s
task: 22
worker id: 38480
time create lcl and mol: 0.000741005 s
numbers of trajectories: 4166
time trajectory calculation: 8.08979 s
task: 23
worker id: 39233
time create lcl and mol: 0.000745058 s
numbers of trajectories: 4166
time trajectory calculation: 6.26724 s
CCS time: 23.0465 s
*********************************************************
average value of CCS = 3175.98 Ang^2
error value of CCS = 23.1384 Ang^2
Total time: 23.0602 s
Program finished...
*********************************************************
INPUT:: Simulation Parameters 
*********************************************************
target filename                  : 11_1gzx_carga_13_min_final.xyz
number of probe                  : 10000
number of iterarions             : 10
number of tasks                  : 24
number of threads                : 24
seed number                      : 2104
gas buffer                       : N2
Target Temperature (K)           : 298
timestep (fs)                    : 10
Skin cell size (Ang)             : 0.01
Equipotential                    : no
Cut short-range interaction      : yes
LJ cutoff (Ang)                  : 12
Apply long-range interaction     : yes
Cut long-range interaction       : yes
Coulomb cutoff (Ang)             : 25
Apply induced-dipole interaction : yes
alpha (Ang^3)                    : 1.71
force_type: 6
*********************************************************
Force Field parameters: 
*********************************************************
Symbol  mass (amu)  epislon (kcal/mol)  sigma(Angstroms) 
C   12.011   0.0824736   3.2255
N   14.007   0.0758527   3.5719
H   1.008   0.0362711   1.8986
O   15.999   0.062323   3.075
S   32.06   0.138032   3.4237
P   30.9738   0.145372   3.47
*********************************************************
MOLECULE:: orientation around the inertia principal axis 
*********************************************************
Inertia matrix a.u. Ang^2: 
{  6.94702e+06  1.15605e+06  2.76905e+06  }
{  1.15605e+06  1.17697e+07  -661328  }
{  2.76905e+06  -661328  9.8774e+06  }
Rotation matrix applied to molecule: 
{  0.196263  0.97936  -0.0483255  }
{  -0.840922  0.193458  0.505395  }
{  0.504312  -0.0585522  0.861534  }
Molecule radius: 35.2852 Ang 
orientation time of molecule target: 0.00523901 s
target mass: 30988.7 amu
gas mass: 28.014 amu
reduce mass: 28.014 amu
charge state: 13 e
*********************************************************
Geometric Ellipsoid: 
*********************************************************
maximal distances: 19.861  21.2021  33.0243  Ang
Initial axis length: 70.9686  72.3097  84.1319  Ang
Ellipsoid axis length: 78.1386  79.4797  91.3019  Ang
ellipsoid calculation time: 5.88894e-05 s
maximal impact parameter: 91.3019 Ang
*********************************************************
Linked-cell: 
Numbers of cells: 3136
Nx: 14 Ny: 14 Nz: 16
Filled cells: 75
Empty cells: 3061
Average atoms per cell: 58.56
Maximum atoms per cell: 171
Minimum atoms per cell: 1
Simulation box: 
lx: 168.14 Ang
ly: 168.14 Ang
lz: 192.16 Ang
linked-cell calculation time: 0.0034318 s
time info: 0.000185966 s
*********************************************************
Trajectory calculations 
*********************************************************
out target time: 26.0763 s
Ntraj: 10000
Nfree: 1832
Nscatter: 8144
Nlost: 24
omega: 3128.35
Ntraj: 10000
Nfree: 1777
Nscatter: 8211
Nlost: 12
omega: 3217.45
Ntraj: 10000
Nfree: 1690
Nscatter: 8301
Nlost: 9
omega: 3238.97
Ntraj: 10000
Nfree: 1769
Nscatter: 8221
Nlost: 10
omega: 3193.23
Ntraj: 10000
Nfree: 1764
Nscatter: 8225
Nlost: 11
omega: 3118.85
Ntraj: 10000
Nfree: 1767
Nscatter: 8216
Nlost: 17
omega: 3295.48
Ntraj: 10000
Nfree: 1746
Nscatter: 8246
Nlost: 8
omega: 3114.71
Ntraj: 10000
Nfree: 1776
Nscatter: 8216
Nlost: 8
omega: 3074.17
Ntraj: 10000
Nfree: 1756
Nscatter: 8234
Nlost: 10
omega: 3107.83
Ntraj: 10000
Nfree: 1663
Nscatter: 8328
Nlost: 9
omega: 3270.73
*********************************************************
task: 0
worker id: 41145
time create lcl and mol: 0.00089407 s
numbers of trajectories: 4167
time trajectory calculation: 7.63486 s
task: 1
worker id: 57908
time create lcl and mol: 0.000814915 s
numbers of trajectories: 4167
time trajectory calculation: 10.3112 s
task: 2
worker id: 40995
time create lcl and mol: 0.000981092 s
numbers of trajectories: 4167
time trajectory calculation: 7.685 s
task: 3
worker id: 57908
time create lcl and mol: 0.000831842 s
numbers of trajectories: 4167
time trajectory calculation: 7.46062 s
task: 4
worker id: 40707
time create lcl and mol: 0.000769138 s
numbers of trajectories: 4167
time trajectory calculation: 9.64046 s
task: 5
worker id: 40995
time create lcl and mol: 0.000822783 s
numbers of trajectories: 4167
time trajectory calculation: 5.66032 s
task: 6
worker id: 41514
time create lcl and mol: 0.000827789 s
numbers of trajectories: 4167
time trajectory calculation: 5.34832 s
task: 7
worker id: 41145
time create lcl and mol: 0.000771046 s
numbers of trajectories: 4167
time trajectory calculation: 4.62731 s
task: 8
worker id: 39947
time create lcl and mol: 0.000769854 s
numbers of trajectories: 4167
time trajectory calculation: 6.90073 s
task: 9
worker id: 39199
time create lcl and mol: 0.0007689 s
numbers of trajectories: 4167
time trajectory calculation: 5.62895 s
task: 10
worker id: 40707
time create lcl and mol: 0.000849009 s
numbers of trajectories: 4167
time trajectory calculation: 7.32569 s
task: 11
worker id: 41145
time create lcl and mol: 0.000776052 s
numbers of trajectories: 4167
time trajectory calculation: 5.12098 s
task: 12
worker id: 40995
time create lcl and mol: 0.000804901 s
numbers of trajectories: 4167
time trajectory calculation: 8.56216 s
task: 13
worker id: 39947
time create lcl and mol: 0.000835896 s
numbers of trajectories: 4167
time trajectory calculation: 5.08396 s
task: 14
worker id: 40260
time create lcl and mol: 0.000854015 s
numbers of trajectories: 4167
time trajectory calculation: 4.97447 s
task: 15
worker id: 40707
time create lcl and mol: 0.000797987 s
numbers of trajectories: 4167
time trajectory calculation: 9.03307 s
task: 16
worker id: 39199
time create lcl and mol: 0.00088501 s
numbers of trajectories: 4166
time trajectory calculation: 5.89353 s
task: 17
worker id: 41514
time create lcl and mol: 0.000776052 s
numbers of trajectories: 4166
time trajectory calculation: 4.94935 s
task: 18
worker id: 40260
time create lcl and mol: 0.000997066 s
numbers of trajectories: 4166
time trajectory calculation: 6.0277 s
task: 19
worker id: 57908
time create lcl and mol: 0.00080204 s
numbers of trajectories: 4166
time trajectory calculation: 5.65165 s
task: 20
worker id: 41514
time create lcl and mol: 0.000780106 s
numbers of trajectories: 4166
time trajectory calculation: 6.05361 s
task: 21
worker id: 39947
time create lcl and mol: 0.000818968 s
numbers of trajectories: 4166
time trajectory calculation: 4.85855 s
task: 22
worker id: 39199
time create lcl and mol: 0.000828028 s
numbers of trajectories: 4166
time trajectory calculation: 7.86454 s
task: 23
worker id: 40260
time create lcl and mol: 0.000859022 s
numbers of trajectories: 4166
time trajectory calculation: 6.73484 s
CCS time: 26.0865 s
*********************************************************
average value of CCS = 3175.98 Ang^2
error value of CCS = 23.1384 Ang^2
Total time: 26.1001 s
Program finished...
