*********************************************************
INPUT:: Simulation Parameters 
*********************************************************
target filename                  : 10_4avt_carga_31_min.xyz
number of probe                  : 10000
number of iterarions             : 10
number of tasks                  : 18
number of threads                : 24
seed number                      : 2104
gas buffer                       : N2
Target Temperature (K)           : 298
timestep (fs)                    : 10
Skin cell size (Ang)             : 0.01
Equipotential                    : no
Cut short-range interaction      : yes
LJ cutoff (Ang)                  : 12
Apply long-range interaction     : yes
Cut long-range interaction       : yes
Coulomb cutoff (Ang)             : 25
Apply induced-dipole interaction : yes
alpha (Ang^3)                    : 1.71
force_type: 6
*********************************************************
Force Field parameters: 
*********************************************************
Symbol  mass (amu)  epislon (kcal/mol)  sigma(Angstroms) 
C   12.011   0.0824736   3.2255
N   14.007   0.0758527   3.5719
H   1.008   0.0362711   1.8986
O   15.999   0.062323   3.075
S   32.06   0.138032   3.4237
P   30.9738   0.145372   3.47
*********************************************************
MOLECULE:: orientation around the inertia principal axis 
*********************************************************
Inertia matrix a.u. Ang^2: 
{  2.29035e+08  -1.13344e+07  8.2053e+06  }
{  -1.13344e+07  2.50171e+08  -1.78791e+07  }
{  8.2053e+06  -1.78791e+07  2.38415e+08  }
Rotation matrix applied to molecule: 
{  0.337034  -0.762644  0.552071  }
{  0.941493  0.272859  -0.197838  }
{  0.000241967  0.586449  0.809986  }
Molecule radius: 60.1159 Ang 
orientation time of molecule target: 0.0762911 s
target mass: 232455 amu
gas mass: 28.014 amu
reduce mass: 28.014 amu
charge state: 31 e
*********************************************************
Geometric Ellipsoid: 
*********************************************************
maximal distances: 40.6569  53.3921  53.9199  Ang
Initial axis length: 91.7645  104.5  105.027  Ang
Ellipsoid axis length: 101.294  114.03  114.557  Ang
ellipsoid calculation time: 0.000245094 s
maximal impact parameter: 114.557 Ang
*********************************************************
Linked-cell: 
Numbers of cells: 6460
Nx: 17 Ny: 19 Nz: 20
Filled cells: 383
Empty cells: 6077
Average atoms per cell: 85.5718
Maximum atoms per cell: 208
Minimum atoms per cell: 1
Simulation box: 
lx: 204.17 Ang
ly: 228.19 Ang
lz: 240.2 Ang
linked-cell calculation time: 0.00932884 s
time info: 0.0010941 s
*********************************************************
Trajectory calculations 
*********************************************************
out target time: 78.2737 s
Ntraj: 10000
Nfree: 807
Nscatter: 9183
Nlost: 10
omega: 12434
Ntraj: 10000
Nfree: 768
Nscatter: 9216
Nlost: 16
omega: 12396.6
Ntraj: 10000
Nfree: 742
Nscatter: 9249
Nlost: 9
omega: 12235.9
Ntraj: 10000
Nfree: 751
Nscatter: 9239
Nlost: 10
omega: 12134
Ntraj: 10000
Nfree: 760
Nscatter: 9234
Nlost: 6
omega: 12359.1
Ntraj: 10000
Nfree: 818
Nscatter: 9167
Nlost: 15
omega: 11929.3
Ntraj: 10000
Nfree: 791
Nscatter: 9201
Nlost: 8
omega: 11665.4
Ntraj: 10000
Nfree: 800
Nscatter: 9195
Nlost: 5
omega: 11729.7
Ntraj: 10000
Nfree: 819
Nscatter: 9171
Nlost: 10
omega: 11959.1
Ntraj: 10000
Nfree: 753
Nscatter: 9233
Nlost: 14
omega: 12864.4
*********************************************************
task: 0
worker id: 55301
time create lcl and mol: 0.00220799 s
numbers of trajectories: 5556
time trajectory calculation: 28.2049 s
task: 1
worker id: 71172
time create lcl and mol: 0.00218701 s
numbers of trajectories: 5556
time trajectory calculation: 26.8598 s
task: 2
worker id: 7507
time create lcl and mol: 0.00219393 s
numbers of trajectories: 5556
time trajectory calculation: 25.3303 s
task: 3
worker id: 78139
time create lcl and mol: 0.00196886 s
numbers of trajectories: 5556
time trajectory calculation: 27.5966 s
task: 4
worker id: 33491
time create lcl and mol: 0.002249 s
numbers of trajectories: 5556
time trajectory calculation: 25.8105 s
task: 5
worker id: 45212
time create lcl and mol: 0.00197887 s
numbers of trajectories: 5556
time trajectory calculation: 28.6477 s
task: 6
worker id: 10443
time create lcl and mol: 0.00211096 s
numbers of trajectories: 5556
time trajectory calculation: 26.8231 s
task: 7
worker id: 61756
time create lcl and mol: 0.00212383 s
numbers of trajectories: 5556
time trajectory calculation: 28.5309 s
task: 8
worker id: 33491
time create lcl and mol: 0.00229406 s
numbers of trajectories: 5556
time trajectory calculation: 27.6717 s
task: 9
worker id: 7507
time create lcl and mol: 0.00217414 s
numbers of trajectories: 5556
time trajectory calculation: 27.4391 s
task: 10
worker id: 45212
time create lcl and mol: 0.00204611 s
numbers of trajectories: 5555
time trajectory calculation: 28.0485 s
task: 11
worker id: 7507
time create lcl and mol: 0.002033 s
numbers of trajectories: 5555
time trajectory calculation: 25.3985 s
task: 12
worker id: 61756
time create lcl and mol: 0.00210285 s
numbers of trajectories: 5555
time trajectory calculation: 29.7625 s
task: 13
worker id: 10443
time create lcl and mol: 0.00230694 s
numbers of trajectories: 5555
time trajectory calculation: 17.6534 s
task: 14
worker id: 10443
time create lcl and mol: 0.0019629 s
numbers of trajectories: 5555
time trajectory calculation: 28.1783 s
task: 15
worker id: 55301
time create lcl and mol: 0.00224185 s
numbers of trajectories: 5555
time trajectory calculation: 30.3842 s
task: 16
worker id: 78139
time create lcl and mol: 0.0022378 s
numbers of trajectories: 5555
time trajectory calculation: 34.1272 s
task: 17
worker id: 71172
time create lcl and mol: 0.00214195 s
numbers of trajectories: 5555
time trajectory calculation: 29.887 s
CCS time: 78.2846 s
*********************************************************
average value of CCS = 12170.8 Ang^2
error value of CCS = 109.338 Ang^2
Total time: 78.3753 s
Program finished...
*********************************************************
INPUT:: Simulation Parameters 
*********************************************************
target filename                  : 10_4avt_carga_31_min.xyz
number of probe                  : 10000
number of iterarions             : 10
number of tasks                  : 18
number of threads                : 24
seed number                      : 2104
gas buffer                       : N2
Target Temperature (K)           : 298
timestep (fs)                    : 10
Skin cell size (Ang)             : 0.01
Equipotential                    : no
Cut short-range interaction      : yes
LJ cutoff (Ang)                  : 12
Apply long-range interaction     : yes
Cut long-range interaction       : yes
Coulomb cutoff (Ang)             : 25
Apply induced-dipole interaction : yes
alpha (Ang^3)                    : 1.71
force_type: 6
*********************************************************
Force Field parameters: 
*********************************************************
Symbol  mass (amu)  epislon (kcal/mol)  sigma(Angstroms) 
C   12.011   0.0824736   3.2255
N   14.007   0.0758527   3.5719
H   1.008   0.0362711   1.8986
O   15.999   0.062323   3.075
S   32.06   0.138032   3.4237
P   30.9738   0.145372   3.47
*********************************************************
MOLECULE:: orientation around the inertia principal axis 
*********************************************************
Inertia matrix a.u. Ang^2: 
{  2.29035e+08  -1.13344e+07  8.2053e+06  }
{  -1.13344e+07  2.50171e+08  -1.78791e+07  }
{  8.2053e+06  -1.78791e+07  2.38415e+08  }
Rotation matrix applied to molecule: 
{  0.337034  -0.762644  0.552071  }
{  0.941493  0.272859  -0.197838  }
{  0.000241967  0.586449  0.809986  }
Molecule radius: 60.1159 Ang 
orientation time of molecule target: 0.0318961 s
target mass: 232455 amu
gas mass: 28.014 amu
reduce mass: 28.014 amu
charge state: 31 e
*********************************************************
Geometric Ellipsoid: 
*********************************************************
maximal distances: 40.6569  53.3921  53.9199  Ang
Initial axis length: 91.7645  104.5  105.027  Ang
Ellipsoid axis length: 101.294  114.03  114.557  Ang
ellipsoid calculation time: 0.000254869 s
maximal impact parameter: 114.557 Ang
*********************************************************
Linked-cell: 
Numbers of cells: 6460
Nx: 17 Ny: 19 Nz: 20
Filled cells: 383
Empty cells: 6077
Average atoms per cell: 85.5718
Maximum atoms per cell: 208
Minimum atoms per cell: 1
Simulation box: 
lx: 204.17 Ang
ly: 228.19 Ang
lz: 240.2 Ang
linked-cell calculation time: 0.00925183 s
time info: 0.00108218 s
*********************************************************
Trajectory calculations 
*********************************************************
out target time: 80.5393 s
Ntraj: 10000
Nfree: 807
Nscatter: 9183
Nlost: 10
omega: 12434
Ntraj: 10000
Nfree: 768
Nscatter: 9216
Nlost: 16
omega: 12396.6
Ntraj: 10000
Nfree: 742
Nscatter: 9249
Nlost: 9
omega: 12235.9
Ntraj: 10000
Nfree: 751
Nscatter: 9239
Nlost: 10
omega: 12134
Ntraj: 10000
Nfree: 760
Nscatter: 9234
Nlost: 6
omega: 12359.1
Ntraj: 10000
Nfree: 818
Nscatter: 9167
Nlost: 15
omega: 11929.3
Ntraj: 10000
Nfree: 791
Nscatter: 9201
Nlost: 8
omega: 11665.4
Ntraj: 10000
Nfree: 800
Nscatter: 9195
Nlost: 5
omega: 11729.7
Ntraj: 10000
Nfree: 819
Nscatter: 9171
Nlost: 10
omega: 11959.1
Ntraj: 10000
Nfree: 753
Nscatter: 9233
Nlost: 14
omega: 12864.4
*********************************************************
task: 0
worker id: 80764
time create lcl and mol: 0.00210309 s
numbers of trajectories: 5556
time trajectory calculation: 28.4824 s
task: 1
worker id: 36125
time create lcl and mol: 0.00222301 s
numbers of trajectories: 5556
time trajectory calculation: 24.3527 s
task: 2
worker id: 64421
time create lcl and mol: 0.0019691 s
numbers of trajectories: 5556
time trajectory calculation: 25.7291 s
task: 3
worker id: 47850
time create lcl and mol: 0.00203013 s
numbers of trajectories: 5556
time trajectory calculation: 27.9069 s
task: 4
worker id: 13072
time create lcl and mol: 0.0021739 s
numbers of trajectories: 5556
time trajectory calculation: 26.998 s
task: 5
worker id: 10145
time create lcl and mol: 0.00207114 s
numbers of trajectories: 5556
time trajectory calculation: 28.8834 s
task: 6
worker id: 80764
time create lcl and mol: 0.0021801 s
numbers of trajectories: 5556
time trajectory calculation: 27.759 s
task: 7
worker id: 47850
time create lcl and mol: 0.00215101 s
numbers of trajectories: 5556
time trajectory calculation: 28.4302 s
task: 8
worker id: 73800
time create lcl and mol: 0.00230002 s
numbers of trajectories: 5556
time trajectory calculation: 27.3492 s
task: 9
worker id: 13072
time create lcl and mol: 0.00212407 s
numbers of trajectories: 5556
time trajectory calculation: 27.4825 s
task: 10
worker id: 10145
time create lcl and mol: 0.0022471 s
numbers of trajectories: 5555
time trajectory calculation: 28.1186 s
task: 11
worker id: 36125
time create lcl and mol: 0.00216794 s
numbers of trajectories: 5555
time trajectory calculation: 26.0433 s
task: 12
worker id: 64421
time create lcl and mol: 0.00214195 s
numbers of trajectories: 5555
time trajectory calculation: 30.1554 s
task: 13
worker id: 13072
time create lcl and mol: 0.00249219 s
numbers of trajectories: 5555
time trajectory calculation: 16.7823 s
task: 14
worker id: 57925
time create lcl and mol: 0.00201988 s
numbers of trajectories: 5555
time trajectory calculation: 28.3972 s
task: 15
worker id: 73800
time create lcl and mol: 0.00200891 s
numbers of trajectories: 5555
time trajectory calculation: 28.8747 s
task: 16
worker id: 57925
time create lcl and mol: 0.00211406 s
numbers of trajectories: 5555
time trajectory calculation: 34.5987 s
task: 17
worker id: 36125
time create lcl and mol: 0.00199699 s
numbers of trajectories: 5555
time trajectory calculation: 30.0569 s
CCS time: 80.55 s
*********************************************************
average value of CCS = 12170.8 Ang^2
error value of CCS = 109.338 Ang^2
Total time: 80.5965 s
Program finished...
*********************************************************
INPUT:: Simulation Parameters 
*********************************************************
target filename                  : 10_4avt_carga_31_min.xyz
number of probe                  : 10000
number of iterarions             : 10
number of tasks                  : 18
number of threads                : 24
seed number                      : 2104
gas buffer                       : N2
Target Temperature (K)           : 298
timestep (fs)                    : 10
Skin cell size (Ang)             : 0.01
Equipotential                    : no
Cut short-range interaction      : yes
LJ cutoff (Ang)                  : 12
Apply long-range interaction     : yes
Cut long-range interaction       : yes
Coulomb cutoff (Ang)             : 25
Apply induced-dipole interaction : yes
alpha (Ang^3)                    : 1.71
force_type: 6
*********************************************************
Force Field parameters: 
*********************************************************
Symbol  mass (amu)  epislon (kcal/mol)  sigma(Angstroms) 
C   12.011   0.0824736   3.2255
N   14.007   0.0758527   3.5719
H   1.008   0.0362711   1.8986
O   15.999   0.062323   3.075
S   32.06   0.138032   3.4237
P   30.9738   0.145372   3.47
*********************************************************
MOLECULE:: orientation around the inertia principal axis 
*********************************************************
Inertia matrix a.u. Ang^2: 
{  2.29035e+08  -1.13344e+07  8.2053e+06  }
{  -1.13344e+07  2.50171e+08  -1.78791e+07  }
{  8.2053e+06  -1.78791e+07  2.38415e+08  }
Rotation matrix applied to molecule: 
{  0.337034  -0.762644  0.552071  }
{  0.941493  0.272859  -0.197838  }
{  0.000241967  0.586449  0.809986  }
Molecule radius: 60.1159 Ang 
orientation time of molecule target: 0.0320959 s
target mass: 232455 amu
gas mass: 28.014 amu
reduce mass: 28.014 amu
charge state: 31 e
*********************************************************
Geometric Ellipsoid: 
*********************************************************
maximal distances: 40.6569  53.3921  53.9199  Ang
Initial axis length: 91.7645  104.5  105.027  Ang
Ellipsoid axis length: 101.294  114.03  114.557  Ang
ellipsoid calculation time: 0.000253916 s
maximal impact parameter: 114.557 Ang
*********************************************************
Linked-cell: 
Numbers of cells: 6460
Nx: 17 Ny: 19 Nz: 20
Filled cells: 383
Empty cells: 6077
Average atoms per cell: 85.5718
Maximum atoms per cell: 208
Minimum atoms per cell: 1
Simulation box: 
lx: 204.17 Ang
ly: 228.19 Ang
lz: 240.2 Ang
linked-cell calculation time: 0.00914788 s
time info: 0.00102901 s
*********************************************************
Trajectory calculations 
*********************************************************
out target time: 80.0962 s
Ntraj: 10000
Nfree: 807
Nscatter: 9183
Nlost: 10
omega: 12434
Ntraj: 10000
Nfree: 768
Nscatter: 9216
Nlost: 16
omega: 12396.6
Ntraj: 10000
Nfree: 742
Nscatter: 9249
Nlost: 9
omega: 12235.9
Ntraj: 10000
Nfree: 751
Nscatter: 9239
Nlost: 10
omega: 12134
Ntraj: 10000
Nfree: 760
Nscatter: 9234
Nlost: 6
omega: 12359.1
Ntraj: 10000
Nfree: 818
Nscatter: 9167
Nlost: 15
omega: 11929.3
Ntraj: 10000
Nfree: 791
Nscatter: 9201
Nlost: 8
omega: 11665.4
Ntraj: 10000
Nfree: 800
Nscatter: 9195
Nlost: 5
omega: 11729.7
Ntraj: 10000
Nfree: 819
Nscatter: 9171
Nlost: 10
omega: 11959.1
Ntraj: 10000
Nfree: 753
Nscatter: 9233
Nlost: 14
omega: 12864.4
*********************************************************
task: 0
worker id: 15684
time create lcl and mol: 0.00208688 s
numbers of trajectories: 5556
time trajectory calculation: 27.7173 s
task: 1
worker id: 38737
time create lcl and mol: 0.00221491 s
numbers of trajectories: 5556
time trajectory calculation: 23.8738 s
task: 2
worker id: 12759
time create lcl and mol: 0.00213599 s
numbers of trajectories: 5556
time trajectory calculation: 25.7512 s
task: 3
worker id: 76425
time create lcl and mol: 0.00204897 s
numbers of trajectories: 5556
time trajectory calculation: 27.875 s
task: 4
worker id: 83431
time create lcl and mol: 0.00208402 s
numbers of trajectories: 5556
time trajectory calculation: 26.1334 s
task: 5
worker id: 50484
time create lcl and mol: 0.00234294 s
numbers of trajectories: 5556
time trajectory calculation: 29.5561 s
task: 6
worker id: 60537
time create lcl and mol: 0.00250292 s
numbers of trajectories: 5556
time trajectory calculation: 26.8767 s
task: 7
worker id: 67035
time create lcl and mol: 0.00205898 s
numbers of trajectories: 5556
time trajectory calculation: 28.2339 s
task: 8
worker id: 83431
time create lcl and mol: 0.002033 s
numbers of trajectories: 5556
time trajectory calculation: 27.0708 s
task: 9
worker id: 38737
time create lcl and mol: 0.0021081 s
numbers of trajectories: 5556
time trajectory calculation: 27.4843 s
task: 10
worker id: 60537
time create lcl and mol: 0.0022099 s
numbers of trajectories: 5555
time trajectory calculation: 27.7574 s
task: 11
worker id: 15684
time create lcl and mol: 0.00220799 s
numbers of trajectories: 5555
time trajectory calculation: 25.8617 s
task: 12
worker id: 12759
time create lcl and mol: 0.00218701 s
numbers of trajectories: 5555
time trajectory calculation: 29.6727 s
task: 13
worker id: 83431
time create lcl and mol: 0.00219488 s
numbers of trajectories: 5555
time trajectory calculation: 17.3111 s
task: 14
worker id: 38737
time create lcl and mol: 0.002177 s
numbers of trajectories: 5555
time trajectory calculation: 28.6446 s
task: 15
worker id: 76425
time create lcl and mol: 0.00220895 s
numbers of trajectories: 5555
time trajectory calculation: 29.4381 s
task: 16
worker id: 67035
time create lcl and mol: 0.00220799 s
numbers of trajectories: 5555
time trajectory calculation: 33.8441 s
task: 17
worker id: 50484
time create lcl and mol: 0.00217795 s
numbers of trajectories: 5555
time trajectory calculation: 28.7242 s
CCS time: 80.1067 s
*********************************************************
average value of CCS = 12170.8 Ang^2
error value of CCS = 109.338 Ang^2
Total time: 80.1528 s
Program finished...
[1695277430.731748] [sdumont6084:38737:0]       tag_match.c:62   UCX  WARN  unexpected tag-receive descriptor 0x2b0594006bc0 was not matched
[1695277430.733361] [sdumont6249:15684:0]       tag_match.c:62   UCX  WARN  unexpected tag-receive descriptor 0x55e4d1653b00 was not matched
[1695277430.733495] [sdumont6250:67035:0]       tag_match.c:62   UCX  WARN  unexpected tag-receive descriptor 0x55d902f6fac0 was not matched
*********************************************************
INPUT:: Simulation Parameters 
*********************************************************
target filename                  : 10_4avt_carga_31_min.xyz
number of probe                  : 10000
number of iterarions             : 10
number of tasks                  : 18
number of threads                : 24
seed number                      : 2104
gas buffer                       : N2
Target Temperature (K)           : 298
timestep (fs)                    : 10
Skin cell size (Ang)             : 0.01
Equipotential                    : no
Cut short-range interaction      : yes
LJ cutoff (Ang)                  : 12
Apply long-range interaction     : yes
Cut long-range interaction       : yes
Coulomb cutoff (Ang)             : 25
Apply induced-dipole interaction : yes
alpha (Ang^3)                    : 1.71
force_type: 6
*********************************************************
Force Field parameters: 
*********************************************************
Symbol  mass (amu)  epislon (kcal/mol)  sigma(Angstroms) 
C   12.011   0.0824736   3.2255
N   14.007   0.0758527   3.5719
H   1.008   0.0362711   1.8986
O   15.999   0.062323   3.075
S   32.06   0.138032   3.4237
P   30.9738   0.145372   3.47
*********************************************************
MOLECULE:: orientation around the inertia principal axis 
*********************************************************
Inertia matrix a.u. Ang^2: 
{  2.29035e+08  -1.13344e+07  8.2053e+06  }
{  -1.13344e+07  2.50171e+08  -1.78791e+07  }
{  8.2053e+06  -1.78791e+07  2.38415e+08  }
Rotation matrix applied to molecule: 
{  0.337034  -0.762644  0.552071  }
{  0.941493  0.272859  -0.197838  }
{  0.000241967  0.586449  0.809986  }
Molecule radius: 60.1159 Ang 
orientation time of molecule target: 0.0318239 s
target mass: 232455 amu
gas mass: 28.014 amu
reduce mass: 28.014 amu
charge state: 31 e
*********************************************************
Geometric Ellipsoid: 
*********************************************************
maximal distances: 40.6569  53.3921  53.9199  Ang
Initial axis length: 91.7645  104.5  105.027  Ang
Ellipsoid axis length: 101.294  114.03  114.557  Ang
ellipsoid calculation time: 0.000260115 s
maximal impact parameter: 114.557 Ang
*********************************************************
Linked-cell: 
Numbers of cells: 6460
Nx: 17 Ny: 19 Nz: 20
Filled cells: 383
Empty cells: 6077
Average atoms per cell: 85.5718
Maximum atoms per cell: 208
Minimum atoms per cell: 1
Simulation box: 
lx: 204.17 Ang
ly: 228.19 Ang
lz: 240.2 Ang
linked-cell calculation time: 0.00931406 s
time info: 0.00106907 s
*********************************************************
Trajectory calculations 
*********************************************************
out target time: 79.8764 s
Ntraj: 10000
Nfree: 807
Nscatter: 9183
Nlost: 10
omega: 12434
Ntraj: 10000
Nfree: 768
Nscatter: 9216
Nlost: 16
omega: 12396.6
Ntraj: 10000
Nfree: 742
Nscatter: 9249
Nlost: 9
omega: 12235.9
Ntraj: 10000
Nfree: 751
Nscatter: 9239
Nlost: 10
omega: 12134
Ntraj: 10000
Nfree: 760
Nscatter: 9234
Nlost: 6
omega: 12359.1
Ntraj: 10000
Nfree: 818
Nscatter: 9167
Nlost: 15
omega: 11929.3
Ntraj: 10000
Nfree: 791
Nscatter: 9201
Nlost: 8
omega: 11665.4
Ntraj: 10000
Nfree: 800
Nscatter: 9195
Nlost: 5
omega: 11729.7
Ntraj: 10000
Nfree: 819
Nscatter: 9171
Nlost: 10
omega: 11959.1
Ntraj: 10000
Nfree: 753
Nscatter: 9233
Nlost: 14
omega: 12864.4
*********************************************************
task: 0
worker id: 18598
time create lcl and mol: 0.002033 s
numbers of trajectories: 5556
time trajectory calculation: 29.298 s
task: 1
worker id: 69949
time create lcl and mol: 0.0020349 s
numbers of trajectories: 5556
time trajectory calculation: 25.6635 s
task: 2
worker id: 63443
time create lcl and mol: 0.00215387 s
numbers of trajectories: 5556
time trajectory calculation: 25.6164 s
task: 3
worker id: 86356
time create lcl and mol: 0.00217795 s
numbers of trajectories: 5556
time trajectory calculation: 27.61 s
task: 4
worker id: 53420
time create lcl and mol: 0.00212693 s
numbers of trajectories: 5556
time trajectory calculation: 25.9285 s
task: 5
worker id: 41672
time create lcl and mol: 0.00206113 s
numbers of trajectories: 5556
time trajectory calculation: 29.8984 s
task: 6
worker id: 79355
time create lcl and mol: 0.00223398 s
numbers of trajectories: 5556
time trajectory calculation: 26.2676 s
task: 7
worker id: 79355
time create lcl and mol: 0.00205898 s
numbers of trajectories: 5556
time trajectory calculation: 29.0022 s
task: 8
worker id: 69949
time create lcl and mol: 0.00219703 s
numbers of trajectories: 5556
time trajectory calculation: 26.3153 s
task: 9
worker id: 69949
time create lcl and mol: 0.00209212 s
numbers of trajectories: 5556
time trajectory calculation: 27.8104 s
task: 10
worker id: 15680
time create lcl and mol: 0.00206089 s
numbers of trajectories: 5555
time trajectory calculation: 27.793 s
task: 11
worker id: 53420
time create lcl and mol: 0.00211811 s
numbers of trajectories: 5555
time trajectory calculation: 26.0648 s
task: 12
worker id: 41672
time create lcl and mol: 0.0022018 s
numbers of trajectories: 5555
time trajectory calculation: 30.1732 s
task: 13
worker id: 15680
time create lcl and mol: 0.00201607 s
numbers of trajectories: 5555
time trajectory calculation: 17.3554 s
task: 14
worker id: 18598
time create lcl and mol: 0.00227594 s
numbers of trajectories: 5555
time trajectory calculation: 28.972 s
task: 15
worker id: 63443
time create lcl and mol: 0.0022862 s
numbers of trajectories: 5555
time trajectory calculation: 28.8278 s
task: 16
worker id: 86356
time create lcl and mol: 0.002105 s
numbers of trajectories: 5555
time trajectory calculation: 34.2108 s
task: 17
worker id: 15680
time create lcl and mol: 0.00195909 s
numbers of trajectories: 5555
time trajectory calculation: 28.967 s
CCS time: 79.8875 s
*********************************************************
average value of CCS = 12170.8 Ang^2
error value of CCS = 109.338 Ang^2
Total time: 79.934 s
Program finished...
*********************************************************
INPUT:: Simulation Parameters 
*********************************************************
target filename                  : 10_4avt_carga_31_min.xyz
number of probe                  : 10000
number of iterarions             : 10
number of tasks                  : 18
number of threads                : 24
seed number                      : 2104
gas buffer                       : N2
Target Temperature (K)           : 298
timestep (fs)                    : 10
Skin cell size (Ang)             : 0.01
Equipotential                    : no
Cut short-range interaction      : yes
LJ cutoff (Ang)                  : 12
Apply long-range interaction     : yes
Cut long-range interaction       : yes
Coulomb cutoff (Ang)             : 25
Apply induced-dipole interaction : yes
alpha (Ang^3)                    : 1.71
force_type: 6
*********************************************************
Force Field parameters: 
*********************************************************
Symbol  mass (amu)  epislon (kcal/mol)  sigma(Angstroms) 
C   12.011   0.0824736   3.2255
N   14.007   0.0758527   3.5719
H   1.008   0.0362711   1.8986
O   15.999   0.062323   3.075
S   32.06   0.138032   3.4237
P   30.9738   0.145372   3.47
*********************************************************
MOLECULE:: orientation around the inertia principal axis 
*********************************************************
Inertia matrix a.u. Ang^2: 
{  2.29035e+08  -1.13344e+07  8.2053e+06  }
{  -1.13344e+07  2.50171e+08  -1.78791e+07  }
{  8.2053e+06  -1.78791e+07  2.38415e+08  }
Rotation matrix applied to molecule: 
{  0.337034  -0.762644  0.552071  }
{  0.941493  0.272859  -0.197838  }
{  0.000241967  0.586449  0.809986  }
Molecule radius: 60.1159 Ang 
orientation time of molecule target: 0.0317669 s
target mass: 232455 amu
gas mass: 28.014 amu
reduce mass: 28.014 amu
charge state: 31 e
*********************************************************
Geometric Ellipsoid: 
*********************************************************
maximal distances: 40.6569  53.3921  53.9199  Ang
Initial axis length: 91.7645  104.5  105.027  Ang
Ellipsoid axis length: 101.294  114.03  114.557  Ang
ellipsoid calculation time: 0.000252962 s
maximal impact parameter: 114.557 Ang
*********************************************************
Linked-cell: 
Numbers of cells: 6460
Nx: 17 Ny: 19 Nz: 20
Filled cells: 383
Empty cells: 6077
Average atoms per cell: 85.5718
Maximum atoms per cell: 208
Minimum atoms per cell: 1
Simulation box: 
lx: 204.17 Ang
ly: 228.19 Ang
lz: 240.2 Ang
linked-cell calculation time: 0.00932598 s
time info: 0.00107193 s
*********************************************************
Trajectory calculations 
*********************************************************
out target time: 81.2113 s
Ntraj: 10000
Nfree: 807
Nscatter: 9183
Nlost: 10
omega: 12434
Ntraj: 10000
Nfree: 768
Nscatter: 9216
Nlost: 16
omega: 12396.6
Ntraj: 10000
Nfree: 742
Nscatter: 9249
Nlost: 9
omega: 12235.9
Ntraj: 10000
Nfree: 751
Nscatter: 9239
Nlost: 10
omega: 12134
Ntraj: 10000
Nfree: 760
Nscatter: 9234
Nlost: 6
omega: 12359.1
Ntraj: 10000
Nfree: 818
Nscatter: 9167
Nlost: 15
omega: 11929.3
Ntraj: 10000
Nfree: 791
Nscatter: 9201
Nlost: 8
omega: 11665.4
Ntraj: 10000
Nfree: 800
Nscatter: 9195
Nlost: 5
omega: 11729.7
Ntraj: 10000
Nfree: 819
Nscatter: 9171
Nlost: 10
omega: 11959.1
Ntraj: 10000
Nfree: 753
Nscatter: 9233
Nlost: 14
omega: 12864.4
*********************************************************
task: 0
worker id: 89016
time create lcl and mol: 0.00212789 s
numbers of trajectories: 5556
time trajectory calculation: 28.7065 s
task: 1
worker id: 82024
time create lcl and mol: 0.00218606 s
numbers of trajectories: 5556
time trajectory calculation: 23.6967 s
task: 2
worker id: 56104
time create lcl and mol: 0.00214219 s
numbers of trajectories: 5556
time trajectory calculation: 25.5171 s
task: 3
worker id: 18359
time create lcl and mol: 0.00220299 s
numbers of trajectories: 5556
time trajectory calculation: 27.5619 s
task: 4
worker id: 66121
time create lcl and mol: 0.00210881 s
numbers of trajectories: 5556
time trajectory calculation: 26.8148 s
task: 5
worker id: 44338
time create lcl and mol: 0.00238013 s
numbers of trajectories: 5556
time trajectory calculation: 28.742 s
task: 6
worker id: 21277
time create lcl and mol: 0.00214291 s
numbers of trajectories: 5556
time trajectory calculation: 27.2532 s
task: 7
worker id: 72626
time create lcl and mol: 0.00212002 s
numbers of trajectories: 5556
time trajectory calculation: 27.9025 s
task: 8
worker id: 18359
time create lcl and mol: 0.00226593 s
numbers of trajectories: 5556
time trajectory calculation: 27.5973 s
task: 9
worker id: 82024
time create lcl and mol: 0.00212216 s
numbers of trajectories: 5556
time trajectory calculation: 27.4794 s
task: 10
worker id: 44338
time create lcl and mol: 0.00209904 s
numbers of trajectories: 5555
time trajectory calculation: 27.7928 s
task: 11
worker id: 56104
time create lcl and mol: 0.00214887 s
numbers of trajectories: 5555
time trajectory calculation: 25.6289 s
task: 12
worker id: 56104
time create lcl and mol: 0.00206995 s
numbers of trajectories: 5555
time trajectory calculation: 29.9658 s
task: 13
worker id: 82024
time create lcl and mol: 0.00226212 s
numbers of trajectories: 5555
time trajectory calculation: 17.5402 s
task: 14
worker id: 89016
time create lcl and mol: 0.00214601 s
numbers of trajectories: 5555
time trajectory calculation: 28.7048 s
task: 15
worker id: 66121
time create lcl and mol: 0.00210214 s
numbers of trajectories: 5555
time trajectory calculation: 29.5777 s
task: 16
worker id: 72626
time create lcl and mol: 0.00203109 s
numbers of trajectories: 5555
time trajectory calculation: 34.2077 s
task: 17
worker id: 21277
time create lcl and mol: 0.00207901 s
numbers of trajectories: 5555
time trajectory calculation: 28.8196 s
CCS time: 81.2223 s
*********************************************************
average value of CCS = 12170.8 Ang^2
error value of CCS = 109.338 Ang^2
Total time: 81.2691 s
Program finished...
*********************************************************
INPUT:: Simulation Parameters 
*********************************************************
target filename                  : 10_4avt_carga_31_min.xyz
number of probe                  : 10000
number of iterarions             : 10
number of tasks                  : 18
number of threads                : 24
seed number                      : 2104
gas buffer                       : N2
Target Temperature (K)           : 298
timestep (fs)                    : 10
Skin cell size (Ang)             : 0.01
Equipotential                    : no
Cut short-range interaction      : yes
LJ cutoff (Ang)                  : 12
Apply long-range interaction     : yes
Cut long-range interaction       : yes
Coulomb cutoff (Ang)             : 25
Apply induced-dipole interaction : yes
alpha (Ang^3)                    : 1.71
force_type: 6
*********************************************************
Force Field parameters: 
*********************************************************
Symbol  mass (amu)  epislon (kcal/mol)  sigma(Angstroms) 
C   12.011   0.0824736   3.2255
N   14.007   0.0758527   3.5719
H   1.008   0.0362711   1.8986
O   15.999   0.062323   3.075
S   32.06   0.138032   3.4237
P   30.9738   0.145372   3.47
*********************************************************
MOLECULE:: orientation around the inertia principal axis 
*********************************************************
Inertia matrix a.u. Ang^2: 
{  2.29035e+08  -1.13344e+07  8.2053e+06  }
{  -1.13344e+07  2.50171e+08  -1.78791e+07  }
{  8.2053e+06  -1.78791e+07  2.38415e+08  }
Rotation matrix applied to molecule: 
{  0.337034  -0.762644  0.552071  }
{  0.941493  0.272859  -0.197838  }
{  0.000241967  0.586449  0.809986  }
Molecule radius: 60.1159 Ang 
orientation time of molecule target: 0.132302 s
target mass: 232455 amu
gas mass: 28.014 amu
reduce mass: 28.014 amu
charge state: 31 e
*********************************************************
Geometric Ellipsoid: 
*********************************************************
maximal distances: 40.6569  53.3921  53.9199  Ang
Initial axis length: 91.7645  104.5  105.027  Ang
Ellipsoid axis length: 101.294  114.03  114.557  Ang
ellipsoid calculation time: 0.00024581 s
maximal impact parameter: 114.557 Ang
*********************************************************
Linked-cell: 
Numbers of cells: 6460
Nx: 17 Ny: 19 Nz: 20
Filled cells: 383
Empty cells: 6077
Average atoms per cell: 85.5718
Maximum atoms per cell: 208
Minimum atoms per cell: 1
Simulation box: 
lx: 204.17 Ang
ly: 228.19 Ang
lz: 240.2 Ang
linked-cell calculation time: 0.00926208 s
time info: 0.00107312 s
*********************************************************
Trajectory calculations 
*********************************************************
out target time: 82.783 s
Ntraj: 10000
Nfree: 807
Nscatter: 9183
Nlost: 10
omega: 12434
Ntraj: 10000
Nfree: 768
Nscatter: 9216
Nlost: 16
omega: 12396.6
Ntraj: 10000
Nfree: 742
Nscatter: 9249
Nlost: 9
omega: 12235.9
Ntraj: 10000
Nfree: 751
Nscatter: 9239
Nlost: 10
omega: 12134
Ntraj: 10000
Nfree: 760
Nscatter: 9234
Nlost: 6
omega: 12359.1
Ntraj: 10000
Nfree: 818
Nscatter: 9167
Nlost: 15
omega: 11929.3
Ntraj: 10000
Nfree: 791
Nscatter: 9201
Nlost: 8
omega: 11665.4
Ntraj: 10000
Nfree: 800
Nscatter: 9195
Nlost: 5
omega: 11729.7
Ntraj: 10000
Nfree: 819
Nscatter: 9171
Nlost: 10
omega: 11959.1
Ntraj: 10000
Nfree: 753
Nscatter: 9233
Nlost: 14
omega: 12864.4
*********************************************************
task: 0
worker id: 11478
time create lcl and mol: 0.00200701 s
numbers of trajectories: 5556
time trajectory calculation: 29.4686 s
task: 1
worker id: 13242
time create lcl and mol: 0.00215912 s
numbers of trajectories: 5556
time trajectory calculation: 26.723 s
task: 2
worker id: 12567
time create lcl and mol: 0.00204301 s
numbers of trajectories: 5556
time trajectory calculation: 25.9901 s
task: 3
worker id: 12567
time create lcl and mol: 0.00209093 s
numbers of trajectories: 5556
time trajectory calculation: 28.0757 s
task: 4
worker id: 12167
time create lcl and mol: 0.00223207 s
numbers of trajectories: 5556
time trajectory calculation: 26.6679 s
task: 5
worker id: 12761
time create lcl and mol: 0.00210595 s
numbers of trajectories: 5556
time trajectory calculation: 29.1424 s
task: 6
worker id: 23309
time create lcl and mol: 0.00217795 s
numbers of trajectories: 5556
time trajectory calculation: 26.669 s
task: 7
worker id: 12892
time create lcl and mol: 0.00200009 s
numbers of trajectories: 5556
time trajectory calculation: 28.6228 s
task: 8
worker id: 23309
time create lcl and mol: 0.002033 s
numbers of trajectories: 5556
time trajectory calculation: 27.2412 s
task: 9
worker id: 13242
time create lcl and mol: 0.0022161 s
numbers of trajectories: 5556
time trajectory calculation: 27.1186 s
task: 10
worker id: 12167
time create lcl and mol: 0.0021379 s
numbers of trajectories: 5555
time trajectory calculation: 26.9061 s
task: 11
worker id: 12496
time create lcl and mol: 0.00216389 s
numbers of trajectories: 5555
time trajectory calculation: 25.7006 s
task: 12
worker id: 12761
time create lcl and mol: 0.00198197 s
numbers of trajectories: 5555
time trajectory calculation: 29.6935 s
task: 13
worker id: 12167
time create lcl and mol: 0.00257206 s
numbers of trajectories: 5555
time trajectory calculation: 17.5553 s
task: 14
worker id: 12892
time create lcl and mol: 0.00204682 s
numbers of trajectories: 5555
time trajectory calculation: 28.5741 s
task: 15
worker id: 12496
time create lcl and mol: 0.00195003 s
numbers of trajectories: 5555
time trajectory calculation: 28.9285 s
task: 16
worker id: 11478
time create lcl and mol: 0.00208902 s
numbers of trajectories: 5555
time trajectory calculation: 33.1589 s
task: 17
worker id: 13242
time create lcl and mol: 0.0019331 s
numbers of trajectories: 5555
time trajectory calculation: 28.8509 s
CCS time: 82.7937 s
*********************************************************
average value of CCS = 12170.8 Ang^2
error value of CCS = 109.338 Ang^2
Total time: 82.9405 s
Program finished...
*********************************************************
INPUT:: Simulation Parameters 
*********************************************************
target filename                  : 10_4avt_carga_31_min.xyz
number of probe                  : 10000
number of iterarions             : 10
number of tasks                  : 18
number of threads                : 24
seed number                      : 2104
gas buffer                       : N2
Target Temperature (K)           : 298
timestep (fs)                    : 10
Skin cell size (Ang)             : 0.01
Equipotential                    : no
Cut short-range interaction      : yes
LJ cutoff (Ang)                  : 12
Apply long-range interaction     : yes
Cut long-range interaction       : yes
Coulomb cutoff (Ang)             : 25
Apply induced-dipole interaction : yes
alpha (Ang^3)                    : 1.71
force_type: 6
*********************************************************
Force Field parameters: 
*********************************************************
Symbol  mass (amu)  epislon (kcal/mol)  sigma(Angstroms) 
C   12.011   0.0824736   3.2255
N   14.007   0.0758527   3.5719
H   1.008   0.0362711   1.8986
O   15.999   0.062323   3.075
S   32.06   0.138032   3.4237
P   30.9738   0.145372   3.47
*********************************************************
MOLECULE:: orientation around the inertia principal axis 
*********************************************************
Inertia matrix a.u. Ang^2: 
{  2.29035e+08  -1.13344e+07  8.2053e+06  }
{  -1.13344e+07  2.50171e+08  -1.78791e+07  }
{  8.2053e+06  -1.78791e+07  2.38415e+08  }
Rotation matrix applied to molecule: 
{  0.337034  -0.762644  0.552071  }
{  0.941493  0.272859  -0.197838  }
{  0.000241967  0.586449  0.809986  }
Molecule radius: 60.1159 Ang 
orientation time of molecule target: 0.033627 s
target mass: 232455 amu
gas mass: 28.014 amu
reduce mass: 28.014 amu
charge state: 31 e
*********************************************************
Geometric Ellipsoid: 
*********************************************************
maximal distances: 40.6569  53.3921  53.9199  Ang
Initial axis length: 91.7645  104.5  105.027  Ang
Ellipsoid axis length: 101.294  114.03  114.557  Ang
ellipsoid calculation time: 0.000251055 s
maximal impact parameter: 114.557 Ang
*********************************************************
Linked-cell: 
Numbers of cells: 6460
Nx: 17 Ny: 19 Nz: 20
Filled cells: 383
Empty cells: 6077
Average atoms per cell: 85.5718
Maximum atoms per cell: 208
Minimum atoms per cell: 1
Simulation box: 
lx: 204.17 Ang
ly: 228.19 Ang
lz: 240.2 Ang
linked-cell calculation time: 0.00923395 s
time info: 0.000978947 s
*********************************************************
Trajectory calculations 
*********************************************************
out target time: 81.2887 s
Ntraj: 10000
Nfree: 807
Nscatter: 9183
Nlost: 10
omega: 12434
Ntraj: 10000
Nfree: 768
Nscatter: 9216
Nlost: 16
omega: 12396.6
Ntraj: 10000
Nfree: 742
Nscatter: 9249
Nlost: 9
omega: 12235.9
Ntraj: 10000
Nfree: 751
Nscatter: 9239
Nlost: 10
omega: 12134
Ntraj: 10000
Nfree: 760
Nscatter: 9234
Nlost: 6
omega: 12359.1
Ntraj: 10000
Nfree: 818
Nscatter: 9167
Nlost: 15
omega: 11929.3
Ntraj: 10000
Nfree: 791
Nscatter: 9201
Nlost: 8
omega: 11665.4
Ntraj: 10000
Nfree: 800
Nscatter: 9195
Nlost: 5
omega: 11729.7
Ntraj: 10000
Nfree: 819
Nscatter: 9171
Nlost: 10
omega: 11959.1
Ntraj: 10000
Nfree: 753
Nscatter: 9233
Nlost: 14
omega: 12864.4
*********************************************************
task: 0
worker id: 15527
time create lcl and mol: 0.00202703 s
numbers of trajectories: 5556
time trajectory calculation: 27.7736 s
task: 1
worker id: 15876
time create lcl and mol: 0.00199199 s
numbers of trajectories: 5556
time trajectory calculation: 27.7758 s
task: 2
worker id: 15201
time create lcl and mol: 0.00208783 s
numbers of trajectories: 5556
time trajectory calculation: 25.6932 s
task: 3
worker id: 14802
time create lcl and mol: 0.00213814 s
numbers of trajectories: 5556
time trajectory calculation: 28.1418 s
task: 4
worker id: 15395
time create lcl and mol: 0.00205088 s
numbers of trajectories: 5556
time trajectory calculation: 25.899 s
task: 5
worker id: 25958
time create lcl and mol: 0.00224614 s
numbers of trajectories: 5556
time trajectory calculation: 28.276 s
task: 6
worker id: 14114
time create lcl and mol: 0.00200081 s
numbers of trajectories: 5556
time trajectory calculation: 26.6485 s
task: 7
worker id: 15131
time create lcl and mol: 0.00213599 s
numbers of trajectories: 5556
time trajectory calculation: 27.6741 s
task: 8
worker id: 14802
time create lcl and mol: 0.00208783 s
numbers of trajectories: 5556
time trajectory calculation: 27.3724 s
task: 9
worker id: 25958
time create lcl and mol: 0.0021081 s
numbers of trajectories: 5556
time trajectory calculation: 27.2607 s
task: 10
worker id: 15131
time create lcl and mol: 0.00217104 s
numbers of trajectories: 5555
time trajectory calculation: 27.9729 s
task: 11
worker id: 14114
time create lcl and mol: 0.00212884 s
numbers of trajectories: 5555
time trajectory calculation: 25.8505 s
task: 12
worker id: 15876
time create lcl and mol: 0.00206304 s
numbers of trajectories: 5555
time trajectory calculation: 29.8788 s
task: 13
worker id: 15876
time create lcl and mol: 0.002213 s
numbers of trajectories: 5555
time trajectory calculation: 17.7217 s
task: 14
worker id: 14114
time create lcl and mol: 0.00205302 s
numbers of trajectories: 5555
time trajectory calculation: 28.7114 s
task: 15
worker id: 15395
time create lcl and mol: 0.00213599 s
numbers of trajectories: 5555
time trajectory calculation: 29.839 s
task: 16
worker id: 15201
time create lcl and mol: 0.00218415 s
numbers of trajectories: 5555
time trajectory calculation: 34.6765 s
task: 17
worker id: 15527
time create lcl and mol: 0.00217795 s
numbers of trajectories: 5555
time trajectory calculation: 29.9008 s
CCS time: 81.2989 s
*********************************************************
average value of CCS = 12170.8 Ang^2
error value of CCS = 109.338 Ang^2
Total time: 81.3469 s
Program finished...
*********************************************************
INPUT:: Simulation Parameters 
*********************************************************
target filename                  : 10_4avt_carga_31_min.xyz
number of probe                  : 10000
number of iterarions             : 10
number of tasks                  : 18
number of threads                : 24
seed number                      : 2104
gas buffer                       : N2
Target Temperature (K)           : 298
timestep (fs)                    : 10
Skin cell size (Ang)             : 0.01
Equipotential                    : no
Cut short-range interaction      : yes
LJ cutoff (Ang)                  : 12
Apply long-range interaction     : yes
Cut long-range interaction       : yes
Coulomb cutoff (Ang)             : 25
Apply induced-dipole interaction : yes
alpha (Ang^3)                    : 1.71
force_type: 6
*********************************************************
Force Field parameters: 
*********************************************************
Symbol  mass (amu)  epislon (kcal/mol)  sigma(Angstroms) 
C   12.011   0.0824736   3.2255
N   14.007   0.0758527   3.5719
H   1.008   0.0362711   1.8986
O   15.999   0.062323   3.075
S   32.06   0.138032   3.4237
P   30.9738   0.145372   3.47
*********************************************************
MOLECULE:: orientation around the inertia principal axis 
*********************************************************
Inertia matrix a.u. Ang^2: 
{  2.29035e+08  -1.13344e+07  8.2053e+06  }
{  -1.13344e+07  2.50171e+08  -1.78791e+07  }
{  8.2053e+06  -1.78791e+07  2.38415e+08  }
Rotation matrix applied to molecule: 
{  0.337034  -0.762644  0.552071  }
{  0.941493  0.272859  -0.197838  }
{  0.000241967  0.586449  0.809986  }
Molecule radius: 60.1159 Ang 
orientation time of molecule target: 0.0335469 s
target mass: 232455 amu
gas mass: 28.014 amu
reduce mass: 28.014 amu
charge state: 31 e
*********************************************************
Geometric Ellipsoid: 
*********************************************************
maximal distances: 40.6569  53.3921  53.9199  Ang
Initial axis length: 91.7645  104.5  105.027  Ang
Ellipsoid axis length: 101.294  114.03  114.557  Ang
ellipsoid calculation time: 0.000252962 s
maximal impact parameter: 114.557 Ang
*********************************************************
Linked-cell: 
Numbers of cells: 6460
Nx: 17 Ny: 19 Nz: 20
Filled cells: 383
Empty cells: 6077
Average atoms per cell: 85.5718
Maximum atoms per cell: 208
Minimum atoms per cell: 1
Simulation box: 
lx: 204.17 Ang
ly: 228.19 Ang
lz: 240.2 Ang
linked-cell calculation time: 0.00941205 s
time info: 0.001055 s
*********************************************************
Trajectory calculations 
*********************************************************
out target time: 84.417 s
Ntraj: 10000
Nfree: 807
Nscatter: 9183
Nlost: 10
omega: 12434
Ntraj: 10000
Nfree: 768
Nscatter: 9216
Nlost: 16
omega: 12396.6
Ntraj: 10000
Nfree: 742
Nscatter: 9249
Nlost: 9
omega: 12235.9
Ntraj: 10000
Nfree: 751
Nscatter: 9239
Nlost: 10
omega: 12134
Ntraj: 10000
Nfree: 760
Nscatter: 9234
Nlost: 6
omega: 12359.1
Ntraj: 10000
Nfree: 818
Nscatter: 9167
Nlost: 15
omega: 11929.3
Ntraj: 10000
Nfree: 791
Nscatter: 9201
Nlost: 8
omega: 11665.4
Ntraj: 10000
Nfree: 800
Nscatter: 9195
Nlost: 5
omega: 11729.7
Ntraj: 10000
Nfree: 819
Nscatter: 9171
Nlost: 10
omega: 11959.1
Ntraj: 10000
Nfree: 753
Nscatter: 9233
Nlost: 14
omega: 12864.4
*********************************************************
task: 0
worker id: 18320
time create lcl and mol: 0.002352 s
numbers of trajectories: 5556
time trajectory calculation: 28.9228 s
task: 1
worker id: 28897
time create lcl and mol: 0.00210309 s
numbers of trajectories: 5556
time trajectory calculation: 24.6984 s
task: 2
worker id: 17727
time create lcl and mol: 0.00214005 s
numbers of trajectories: 5556
time trajectory calculation: 25.7546 s
task: 3
worker id: 17034
time create lcl and mol: 0.00215197 s
numbers of trajectories: 5556
time trajectory calculation: 27.6848 s
task: 4
worker id: 18453
time create lcl and mol: 0.00222993 s
numbers of trajectories: 5556
time trajectory calculation: 25.9755 s
task: 5
worker id: 18055
time create lcl and mol: 0.00225401 s
numbers of trajectories: 5556
time trajectory calculation: 29.1098 s
task: 6
worker id: 18798
time create lcl and mol: 0.00216913 s
numbers of trajectories: 5556
time trajectory calculation: 27.6699 s
task: 7
worker id: 18126
time create lcl and mol: 0.00197697 s
numbers of trajectories: 5556
time trajectory calculation: 27.9862 s
task: 8
worker id: 17727
time create lcl and mol: 0.00198412 s
numbers of trajectories: 5556
time trajectory calculation: 27.2891 s
task: 9
worker id: 17034
time create lcl and mol: 0.00211787 s
numbers of trajectories: 5556
time trajectory calculation: 27.267 s
task: 10
worker id: 18126
time create lcl and mol: 0.00200605 s
numbers of trajectories: 5555
time trajectory calculation: 27.9994 s
task: 11
worker id: 28897
time create lcl and mol: 0.00209403 s
numbers of trajectories: 5555
time trajectory calculation: 25.888 s
task: 12
worker id: 18055
time create lcl and mol: 0.00204706 s
numbers of trajectories: 5555
time trajectory calculation: 29.5813 s
task: 13
worker id: 18126
time create lcl and mol: 0.00215697 s
numbers of trajectories: 5555
time trajectory calculation: 17.2477 s
task: 14
worker id: 18798
time create lcl and mol: 0.00198221 s
numbers of trajectories: 5555
time trajectory calculation: 28.2304 s
task: 15
worker id: 18320
time create lcl and mol: 0.00197601 s
numbers of trajectories: 5555
time trajectory calculation: 29.4739 s
task: 16
worker id: 28897
time create lcl and mol: 0.00215387 s
numbers of trajectories: 5555
time trajectory calculation: 33.7309 s
task: 17
worker id: 18453
time create lcl and mol: 0.00199413 s
numbers of trajectories: 5555
time trajectory calculation: 29.2055 s
CCS time: 84.4279 s
*********************************************************
average value of CCS = 12170.8 Ang^2
error value of CCS = 109.338 Ang^2
Total time: 84.4763 s
Program finished...
*********************************************************
INPUT:: Simulation Parameters 
*********************************************************
target filename                  : 10_4avt_carga_31_min.xyz
number of probe                  : 10000
number of iterarions             : 10
number of tasks                  : 18
number of threads                : 24
seed number                      : 2104
gas buffer                       : N2
Target Temperature (K)           : 298
timestep (fs)                    : 10
Skin cell size (Ang)             : 0.01
Equipotential                    : no
Cut short-range interaction      : yes
LJ cutoff (Ang)                  : 12
Apply long-range interaction     : yes
Cut long-range interaction       : yes
Coulomb cutoff (Ang)             : 25
Apply induced-dipole interaction : yes
alpha (Ang^3)                    : 1.71
force_type: 6
*********************************************************
Force Field parameters: 
*********************************************************
Symbol  mass (amu)  epislon (kcal/mol)  sigma(Angstroms) 
C   12.011   0.0824736   3.2255
N   14.007   0.0758527   3.5719
H   1.008   0.0362711   1.8986
O   15.999   0.062323   3.075
S   32.06   0.138032   3.4237
P   30.9738   0.145372   3.47
*********************************************************
MOLECULE:: orientation around the inertia principal axis 
*********************************************************
Inertia matrix a.u. Ang^2: 
{  2.29035e+08  -1.13344e+07  8.2053e+06  }
{  -1.13344e+07  2.50171e+08  -1.78791e+07  }
{  8.2053e+06  -1.78791e+07  2.38415e+08  }
Rotation matrix applied to molecule: 
{  0.337034  -0.762644  0.552071  }
{  0.941493  0.272859  -0.197838  }
{  0.000241967  0.586449  0.809986  }
Molecule radius: 60.1159 Ang 
orientation time of molecule target: 0.031692 s
target mass: 232455 amu
gas mass: 28.014 amu
reduce mass: 28.014 amu
charge state: 31 e
*********************************************************
Geometric Ellipsoid: 
*********************************************************
maximal distances: 40.6569  53.3921  53.9199  Ang
Initial axis length: 91.7645  104.5  105.027  Ang
Ellipsoid axis length: 101.294  114.03  114.557  Ang
ellipsoid calculation time: 0.000246048 s
maximal impact parameter: 114.557 Ang
*********************************************************
Linked-cell: 
Numbers of cells: 6460
Nx: 17 Ny: 19 Nz: 20
Filled cells: 383
Empty cells: 6077
Average atoms per cell: 85.5718
Maximum atoms per cell: 208
Minimum atoms per cell: 1
Simulation box: 
lx: 204.17 Ang
ly: 228.19 Ang
lz: 240.2 Ang
linked-cell calculation time: 0.00927997 s
time info: 0.00108194 s
*********************************************************
Trajectory calculations 
*********************************************************
out target time: 81.3983 s
Ntraj: 10000
Nfree: 807
Nscatter: 9183
Nlost: 10
omega: 12434
Ntraj: 10000
Nfree: 768
Nscatter: 9216
Nlost: 16
omega: 12396.6
Ntraj: 10000
Nfree: 742
Nscatter: 9249
Nlost: 9
omega: 12235.9
Ntraj: 10000
Nfree: 751
Nscatter: 9239
Nlost: 10
omega: 12134
Ntraj: 10000
Nfree: 760
Nscatter: 9234
Nlost: 6
omega: 12359.1
Ntraj: 10000
Nfree: 818
Nscatter: 9167
Nlost: 15
omega: 11929.3
Ntraj: 10000
Nfree: 791
Nscatter: 9201
Nlost: 8
omega: 11665.4
Ntraj: 10000
Nfree: 800
Nscatter: 9195
Nlost: 5
omega: 11729.7
Ntraj: 10000
Nfree: 819
Nscatter: 9171
Nlost: 10
omega: 11959.1
Ntraj: 10000
Nfree: 753
Nscatter: 9233
Nlost: 14
omega: 12864.4
*********************************************************
task: 0
worker id: 31534
time create lcl and mol: 0.00225282 s
numbers of trajectories: 5556
time trajectory calculation: 27.4864 s
task: 1
worker id: 21420
time create lcl and mol: 0.00216794 s
numbers of trajectories: 5556
time trajectory calculation: 27.3948 s
task: 2
worker id: 19656
time create lcl and mol: 0.00201297 s
numbers of trajectories: 5556
time trajectory calculation: 26.6248 s
task: 3
worker id: 20675
time create lcl and mol: 0.00213289 s
numbers of trajectories: 5556
time trajectory calculation: 28.9055 s
task: 4
worker id: 20946
time create lcl and mol: 0.00196505 s
numbers of trajectories: 5556
time trajectory calculation: 26.8378 s
task: 5
worker id: 20348
time create lcl and mol: 0.00214195 s
numbers of trajectories: 5556
time trajectory calculation: 29.8636 s
task: 6
worker id: 21420
time create lcl and mol: 0.00209618 s
numbers of trajectories: 5556
time trajectory calculation: 27.2267 s
task: 7
worker id: 20946
time create lcl and mol: 0.002105 s
numbers of trajectories: 5556
time trajectory calculation: 28.6646 s
task: 8
worker id: 31534
time create lcl and mol: 0.0020988 s
numbers of trajectories: 5556
time trajectory calculation: 27.8282 s
task: 9
worker id: 20675
time create lcl and mol: 0.00262403 s
numbers of trajectories: 5556
time trajectory calculation: 26.6027 s
task: 10
worker id: 21077
time create lcl and mol: 0.00213003 s
numbers of trajectories: 5555
time trajectory calculation: 27.3081 s
task: 11
worker id: 20946
time create lcl and mol: 0.00268602 s
numbers of trajectories: 5555
time trajectory calculation: 25.7716 s
task: 12
worker id: 20348
time create lcl and mol: 0.00280309 s
numbers of trajectories: 5555
time trajectory calculation: 28.9571 s
task: 13
worker id: 21420
time create lcl and mol: 0.00205588 s
numbers of trajectories: 5555
time trajectory calculation: 16.8905 s
task: 14
worker id: 20744
time create lcl and mol: 0.00254989 s
numbers of trajectories: 5555
time trajectory calculation: 27.6861 s
task: 15
worker id: 21077
time create lcl and mol: 0.00213099 s
numbers of trajectories: 5555
time trajectory calculation: 29.8127 s
task: 16
worker id: 20744
time create lcl and mol: 0.00195479 s
numbers of trajectories: 5555
time trajectory calculation: 34.89 s
task: 17
worker id: 19656
time create lcl and mol: 0.00268984 s
numbers of trajectories: 5555
time trajectory calculation: 29.41 s
CCS time: 81.409 s
*********************************************************
average value of CCS = 12170.8 Ang^2
error value of CCS = 109.338 Ang^2
Total time: 81.4553 s
Program finished...
*********************************************************
INPUT:: Simulation Parameters 
*********************************************************
target filename                  : 10_4avt_carga_31_min.xyz
number of probe                  : 10000
number of iterarions             : 10
number of tasks                  : 18
number of threads                : 24
seed number                      : 2104
gas buffer                       : N2
Target Temperature (K)           : 298
timestep (fs)                    : 10
Skin cell size (Ang)             : 0.01
Equipotential                    : no
Cut short-range interaction      : yes
LJ cutoff (Ang)                  : 12
Apply long-range interaction     : yes
Cut long-range interaction       : yes
Coulomb cutoff (Ang)             : 25
Apply induced-dipole interaction : yes
alpha (Ang^3)                    : 1.71
force_type: 6
*********************************************************
Force Field parameters: 
*********************************************************
Symbol  mass (amu)  epislon (kcal/mol)  sigma(Angstroms) 
C   12.011   0.0824736   3.2255
N   14.007   0.0758527   3.5719
H   1.008   0.0362711   1.8986
O   15.999   0.062323   3.075
S   32.06   0.138032   3.4237
P   30.9738   0.145372   3.47
*********************************************************
MOLECULE:: orientation around the inertia principal axis 
*********************************************************
Inertia matrix a.u. Ang^2: 
{  2.29035e+08  -1.13344e+07  8.2053e+06  }
{  -1.13344e+07  2.50171e+08  -1.78791e+07  }
{  8.2053e+06  -1.78791e+07  2.38415e+08  }
Rotation matrix applied to molecule: 
{  0.337034  -0.762644  0.552071  }
{  0.941493  0.272859  -0.197838  }
{  0.000241967  0.586449  0.809986  }
Molecule radius: 60.1159 Ang 
orientation time of molecule target: 0.0318789 s
target mass: 232455 amu
gas mass: 28.014 amu
reduce mass: 28.014 amu
charge state: 31 e
*********************************************************
Geometric Ellipsoid: 
*********************************************************
maximal distances: 40.6569  53.3921  53.9199  Ang
Initial axis length: 91.7645  104.5  105.027  Ang
Ellipsoid axis length: 101.294  114.03  114.557  Ang
ellipsoid calculation time: 0.000252962 s
maximal impact parameter: 114.557 Ang
*********************************************************
Linked-cell: 
Numbers of cells: 6460
Nx: 17 Ny: 19 Nz: 20
Filled cells: 383
Empty cells: 6077
Average atoms per cell: 85.5718
Maximum atoms per cell: 208
Minimum atoms per cell: 1
Simulation box: 
lx: 204.17 Ang
ly: 228.19 Ang
lz: 240.2 Ang
linked-cell calculation time: 0.00930285 s
time info: 0.00107098 s
*********************************************************
Trajectory calculations 
*********************************************************
out target time: 81.4251 s
Ntraj: 10000
Nfree: 807
Nscatter: 9183
Nlost: 10
omega: 12434
Ntraj: 10000
Nfree: 768
Nscatter: 9216
Nlost: 16
omega: 12396.6
Ntraj: 10000
Nfree: 742
Nscatter: 9249
Nlost: 9
omega: 12235.9
Ntraj: 10000
Nfree: 751
Nscatter: 9239
Nlost: 10
omega: 12134
Ntraj: 10000
Nfree: 760
Nscatter: 9234
Nlost: 6
omega: 12359.1
Ntraj: 10000
Nfree: 818
Nscatter: 9167
Nlost: 15
omega: 11929.3
Ntraj: 10000
Nfree: 791
Nscatter: 9201
Nlost: 8
omega: 11665.4
Ntraj: 10000
Nfree: 800
Nscatter: 9195
Nlost: 5
omega: 11729.7
Ntraj: 10000
Nfree: 819
Nscatter: 9171
Nlost: 10
omega: 11959.1
Ntraj: 10000
Nfree: 753
Nscatter: 9233
Nlost: 14
omega: 12864.4
*********************************************************
task: 0
worker id: 23283
time create lcl and mol: 0.00200295 s
numbers of trajectories: 5556
time trajectory calculation: 28.5847 s
task: 1
worker id: 23685
time create lcl and mol: 0.00211096 s
numbers of trajectories: 5556
time trajectory calculation: 24.0116 s
task: 2
worker id: 34480
time create lcl and mol: 0.00194311 s
numbers of trajectories: 5556
time trajectory calculation: 25.1399 s
task: 3
worker id: 24354
time create lcl and mol: 0.0020709 s
numbers of trajectories: 5556
time trajectory calculation: 27.3131 s
task: 4
worker id: 22593
time create lcl and mol: 0.00218916 s
numbers of trajectories: 5556
time trajectory calculation: 25.9781 s
task: 5
worker id: 24013
time create lcl and mol: 0.002002 s
numbers of trajectories: 5556
time trajectory calculation: 28.6569 s
task: 6
worker id: 23884
time create lcl and mol: 0.00204396 s
numbers of trajectories: 5556
time trajectory calculation: 28.2515 s
task: 7
worker id: 23608
time create lcl and mol: 0.00209904 s
numbers of trajectories: 5556
time trajectory calculation: 27.9452 s
task: 8
worker id: 24013
time create lcl and mol: 0.00204587 s
numbers of trajectories: 5556
time trajectory calculation: 27.1852 s
task: 9
worker id: 24354
time create lcl and mol: 0.00215316 s
numbers of trajectories: 5556
time trajectory calculation: 27.5886 s
task: 10
worker id: 23685
time create lcl and mol: 0.00215006 s
numbers of trajectories: 5555
time trajectory calculation: 27.7189 s
task: 11
worker id: 22593
time create lcl and mol: 0.00206709 s
numbers of trajectories: 5555
time trajectory calculation: 25.3995 s
task: 12
worker id: 22593
time create lcl and mol: 0.00222588 s
numbers of trajectories: 5555
time trajectory calculation: 29.9469 s
task: 13
worker id: 24354
time create lcl and mol: 0.00194097 s
numbers of trajectories: 5555
time trajectory calculation: 16.9577 s
task: 14
worker id: 23608
time create lcl and mol: 0.00212312 s
numbers of trajectories: 5555
time trajectory calculation: 28.5307 s
task: 15
worker id: 34480
time create lcl and mol: 0.00215602 s
numbers of trajectories: 5555
time trajectory calculation: 29.3764 s
task: 16
worker id: 23884
time create lcl and mol: 0.00220418 s
numbers of trajectories: 5555
time trajectory calculation: 33.7157 s
task: 17
worker id: 23283
time create lcl and mol: 0.00209904 s
numbers of trajectories: 5555
time trajectory calculation: 28.3916 s
CCS time: 81.4359 s
*********************************************************
average value of CCS = 12170.8 Ang^2
error value of CCS = 109.338 Ang^2
Total time: 81.4825 s
Program finished...
