*********************************************************
INPUT:: Simulation Parameters 
*********************************************************
target filename                  : 03_3bsz_carga_14_min.xyz
number of probe                  : 10000
number of iterarions             : 10
number of tasks                  : 12
number of threads                : 24
seed number                      : 2104
gas buffer                       : N2
Target Temperature (K)           : 298
timestep (fs)                    : 10
Skin cell size (Ang)             : 0.01
Equipotential                    : no
Cut short-range interaction      : yes
LJ cutoff (Ang)                  : 12
Apply long-range interaction     : yes
Cut long-range interaction       : yes
Coulomb cutoff (Ang)             : 25
Apply induced-dipole interaction : yes
alpha (Ang^3)                    : 1.71
force_type: 6
*********************************************************
Force Field parameters: 
*********************************************************
Symbol  mass (amu)  epislon (kcal/mol)  sigma(Angstroms) 
C   12.011   0.0824736   3.2255
N   14.007   0.0758527   3.5719
H   1.008   0.0362711   1.8986
O   15.999   0.062323   3.075
S   32.06   0.138032   3.4237
P   30.9738   0.145372   3.47
*********************************************************
MOLECULE:: orientation around the inertia principal axis 
*********************************************************
Inertia matrix a.u. Ang^2: 
{  1.592e+07  -2.42743e+06  -2.87494e+06  }
{  -2.42743e+06  1.69711e+07  -604084  }
{  -2.87494e+06  -604084  1.74506e+07  }
Rotation matrix applied to molecule: 
{  0.6656  -0.394687  -0.633402  }
{  0.739056  0.466615  0.485867  }
{  0.10379  -0.791513  0.602275  }
Molecule radius: 36.1505 Ang 
orientation time of molecule target: 0.0490389 s
target mass: 52094.7 amu
gas mass: 28.014 amu
reduce mass: 28.014 amu
charge state: 13.9996 e
*********************************************************
Geometric Ellipsoid: 
*********************************************************
maximal distances: 23.5798  32.2083  34.2094  Ang
Initial axis length: 74.6874  83.3159  85.317  Ang
Ellipsoid axis length: 78.5074  87.1359  89.137  Ang
ellipsoid calculation time: 8.2016e-05 s
maximal impact parameter: 89.137 Ang
*********************************************************
Linked-cell: 
Numbers of cells: 3150
Nx: 14 Ny: 15 Nz: 15
Filled cells: 103
Empty cells: 3047
Average atoms per cell: 70.8058
Maximum atoms per cell: 199
Minimum atoms per cell: 1
Simulation box: 
lx: 168.14 Ang
ly: 180.15 Ang
lz: 180.15 Ang
linked-cell calculation time: 0.00362015 s
time info: 0.000286102 s
*********************************************************
Trajectory calculations 
*********************************************************
out target time: 22.7219 s
Ntraj: 10000
Nfree: 955
Nscatter: 9045
Nlost: 0
omega: 4228.17
Ntraj: 10000
Nfree: 905
Nscatter: 9095
Nlost: 0
omega: 4119.67
Ntraj: 10000
Nfree: 883
Nscatter: 9116
Nlost: 1
omega: 4015.83
Ntraj: 10000
Nfree: 885
Nscatter: 9115
Nlost: 0
omega: 4065.38
Ntraj: 10000
Nfree: 896
Nscatter: 9104
Nlost: 0
omega: 4154.34
Ntraj: 10000
Nfree: 948
Nscatter: 9052
Nlost: 0
omega: 4152.05
Ntraj: 10000
Nfree: 937
Nscatter: 9063
Nlost: 0
omega: 4028.73
Ntraj: 10000
Nfree: 966
Nscatter: 9033
Nlost: 1
omega: 3984.6
Ntraj: 10000
Nfree: 934
Nscatter: 9065
Nlost: 1
omega: 4032.13
Ntraj: 10000
Nfree: 882
Nscatter: 9117
Nlost: 1
omega: 4271.08
*********************************************************
task: 0
worker id: 92887
time create lcl and mol: 0.000916004 s
numbers of trajectories: 8334
time trajectory calculation: 8.57126 s
task: 1
worker id: 37851
time create lcl and mol: 0.000869036 s
numbers of trajectories: 8334
time trajectory calculation: 8.01233 s
task: 2
worker id: 86594
time create lcl and mol: 0.000889063 s
numbers of trajectories: 8334
time trajectory calculation: 9.70313 s
task: 3
worker id: 11907
time create lcl and mol: 0.000887871 s
numbers of trajectories: 8334
time trajectory calculation: 16.4626 s
task: 4
worker id: 68033
time create lcl and mol: 0.000877857 s
numbers of trajectories: 8333
time trajectory calculation: 7.53901 s
task: 5
worker id: 64993
time create lcl and mol: 0.000910997 s
numbers of trajectories: 8333
time trajectory calculation: 16.5983 s
task: 6
worker id: 40222
time create lcl and mol: 0.000854969 s
numbers of trajectories: 8333
time trajectory calculation: 13.0324 s
task: 7
worker id: 4412
time create lcl and mol: 0.000792027 s
numbers of trajectories: 8333
time trajectory calculation: 7.43768 s
task: 8
worker id: 4412
time create lcl and mol: 0.000908852 s
numbers of trajectories: 8333
time trajectory calculation: 11.1966 s
task: 9
worker id: 68033
time create lcl and mol: 0.000816107 s
numbers of trajectories: 8333
time trajectory calculation: 13.6651 s
task: 10
worker id: 92887
time create lcl and mol: 0.000935793 s
numbers of trajectories: 8333
time trajectory calculation: 11.6357 s
task: 11
worker id: 37851
time create lcl and mol: 0.00077796 s
numbers of trajectories: 8333
time trajectory calculation: 14.6411 s
CCS time: 22.732 s
*********************************************************
average value of CCS = 4105.2 Ang^2
error value of CCS = 28.7685 Ang^2
Total time: 22.79 s
Program finished...
*********************************************************
INPUT:: Simulation Parameters 
*********************************************************
target filename                  : 03_3bsz_carga_14_min.xyz
number of probe                  : 10000
number of iterarions             : 10
number of tasks                  : 12
number of threads                : 24
seed number                      : 2104
gas buffer                       : N2
Target Temperature (K)           : 298
timestep (fs)                    : 10
Skin cell size (Ang)             : 0.01
Equipotential                    : no
Cut short-range interaction      : yes
LJ cutoff (Ang)                  : 12
Apply long-range interaction     : yes
Cut long-range interaction       : yes
Coulomb cutoff (Ang)             : 25
Apply induced-dipole interaction : yes
alpha (Ang^3)                    : 1.71
force_type: 6
*********************************************************
Force Field parameters: 
*********************************************************
Symbol  mass (amu)  epislon (kcal/mol)  sigma(Angstroms) 
C   12.011   0.0824736   3.2255
N   14.007   0.0758527   3.5719
H   1.008   0.0362711   1.8986
O   15.999   0.062323   3.075
S   32.06   0.138032   3.4237
P   30.9738   0.145372   3.47
*********************************************************
MOLECULE:: orientation around the inertia principal axis 
*********************************************************
Inertia matrix a.u. Ang^2: 
{  1.592e+07  -2.42743e+06  -2.87494e+06  }
{  -2.42743e+06  1.69711e+07  -604084  }
{  -2.87494e+06  -604084  1.74506e+07  }
Rotation matrix applied to molecule: 
{  0.6656  -0.394687  -0.633402  }
{  0.739056  0.466615  0.485867  }
{  0.10379  -0.791513  0.602275  }
Molecule radius: 36.1505 Ang 
orientation time of molecule target: 0.00769401 s
target mass: 52094.7 amu
gas mass: 28.014 amu
reduce mass: 28.014 amu
charge state: 13.9996 e
*********************************************************
Geometric Ellipsoid: 
*********************************************************
maximal distances: 23.5798  32.2083  34.2094  Ang
Initial axis length: 74.6874  83.3159  85.317  Ang
Ellipsoid axis length: 78.5074  87.1359  89.137  Ang
ellipsoid calculation time: 8.41618e-05 s
maximal impact parameter: 89.137 Ang
*********************************************************
Linked-cell: 
Numbers of cells: 3150
Nx: 14 Ny: 15 Nz: 15
Filled cells: 103
Empty cells: 3047
Average atoms per cell: 70.8058
Maximum atoms per cell: 199
Minimum atoms per cell: 1
Simulation box: 
lx: 168.14 Ang
ly: 180.15 Ang
lz: 180.15 Ang
linked-cell calculation time: 0.00368309 s
time info: 0.000277042 s
*********************************************************
Trajectory calculations 
*********************************************************
out target time: 23.472 s
Ntraj: 10000
Nfree: 955
Nscatter: 9045
Nlost: 0
omega: 4228.17
Ntraj: 10000
Nfree: 905
Nscatter: 9095
Nlost: 0
omega: 4119.67
Ntraj: 10000
Nfree: 883
Nscatter: 9116
Nlost: 1
omega: 4015.83
Ntraj: 10000
Nfree: 885
Nscatter: 9115
Nlost: 0
omega: 4065.38
Ntraj: 10000
Nfree: 896
Nscatter: 9104
Nlost: 0
omega: 4154.34
Ntraj: 10000
Nfree: 948
Nscatter: 9052
Nlost: 0
omega: 4152.05
Ntraj: 10000
Nfree: 937
Nscatter: 9063
Nlost: 0
omega: 4028.73
Ntraj: 10000
Nfree: 966
Nscatter: 9033
Nlost: 1
omega: 3984.6
Ntraj: 10000
Nfree: 934
Nscatter: 9065
Nlost: 1
omega: 4032.13
Ntraj: 10000
Nfree: 882
Nscatter: 9117
Nlost: 1
omega: 4271.08
*********************************************************
task: 0
worker id: 65730
time create lcl and mol: 0.00102496 s
numbers of trajectories: 8334
time trajectory calculation: 8.67468 s
task: 1
worker id: 87328
time create lcl and mol: 0.000814915 s
numbers of trajectories: 8334
time trajectory calculation: 8.17867 s
task: 2
worker id: 5155
time create lcl and mol: 0.00102901 s
numbers of trajectories: 8334
time trajectory calculation: 9.27328 s
task: 3
worker id: 68785
time create lcl and mol: 0.00090313 s
numbers of trajectories: 8334
time trajectory calculation: 16.4544 s
task: 4
worker id: 38586
time create lcl and mol: 0.00091815 s
numbers of trajectories: 8333
time trajectory calculation: 7.44605 s
task: 5
worker id: 12642
time create lcl and mol: 0.000886917 s
numbers of trajectories: 8333
time trajectory calculation: 17.2895 s
task: 6
worker id: 40957
time create lcl and mol: 0.000916004 s
numbers of trajectories: 8333
time trajectory calculation: 13.6378 s
task: 7
worker id: 93631
time create lcl and mol: 0.00106215 s
numbers of trajectories: 8333
time trajectory calculation: 7.64705 s
task: 8
worker id: 38586
time create lcl and mol: 0.000841141 s
numbers of trajectories: 8333
time trajectory calculation: 11.4169 s
task: 9
worker id: 93631
time create lcl and mol: 0.000947952 s
numbers of trajectories: 8333
time trajectory calculation: 13.6903 s
task: 10
worker id: 87328
time create lcl and mol: 0.000833035 s
numbers of trajectories: 8333
time trajectory calculation: 11.7004 s
task: 11
worker id: 65730
time create lcl and mol: 0.00090313 s
numbers of trajectories: 8333
time trajectory calculation: 14.7299 s
CCS time: 23.4821 s
*********************************************************
average value of CCS = 4105.2 Ang^2
error value of CCS = 28.7685 Ang^2
Total time: 23.4984 s
Program finished...
*********************************************************
INPUT:: Simulation Parameters 
*********************************************************
target filename                  : 03_3bsz_carga_14_min.xyz
number of probe                  : 10000
number of iterarions             : 10
number of tasks                  : 12
number of threads                : 24
seed number                      : 2104
gas buffer                       : N2
Target Temperature (K)           : 298
timestep (fs)                    : 10
Skin cell size (Ang)             : 0.01
Equipotential                    : no
Cut short-range interaction      : yes
LJ cutoff (Ang)                  : 12
Apply long-range interaction     : yes
Cut long-range interaction       : yes
Coulomb cutoff (Ang)             : 25
Apply induced-dipole interaction : yes
alpha (Ang^3)                    : 1.71
force_type: 6
*********************************************************
Force Field parameters: 
*********************************************************
Symbol  mass (amu)  epislon (kcal/mol)  sigma(Angstroms) 
C   12.011   0.0824736   3.2255
N   14.007   0.0758527   3.5719
H   1.008   0.0362711   1.8986
O   15.999   0.062323   3.075
S   32.06   0.138032   3.4237
P   30.9738   0.145372   3.47
*********************************************************
MOLECULE:: orientation around the inertia principal axis 
*********************************************************
Inertia matrix a.u. Ang^2: 
{  1.592e+07  -2.42743e+06  -2.87494e+06  }
{  -2.42743e+06  1.69711e+07  -604084  }
{  -2.87494e+06  -604084  1.74506e+07  }
Rotation matrix applied to molecule: 
{  0.6656  -0.394687  -0.633402  }
{  0.739056  0.466615  0.485867  }
{  0.10379  -0.791513  0.602275  }
Molecule radius: 36.1505 Ang 
orientation time of molecule target: 0.00765896 s
target mass: 52094.7 amu
gas mass: 28.014 amu
reduce mass: 28.014 amu
charge state: 13.9996 e
*********************************************************
Geometric Ellipsoid: 
*********************************************************
maximal distances: 23.5798  32.2083  34.2094  Ang
Initial axis length: 74.6874  83.3159  85.317  Ang
Ellipsoid axis length: 78.5074  87.1359  89.137  Ang
ellipsoid calculation time: 8.2016e-05 s
maximal impact parameter: 89.137 Ang
*********************************************************
Linked-cell: 
Numbers of cells: 3150
Nx: 14 Ny: 15 Nz: 15
Filled cells: 103
Empty cells: 3047
Average atoms per cell: 70.8058
Maximum atoms per cell: 199
Minimum atoms per cell: 1
Simulation box: 
lx: 168.14 Ang
ly: 180.15 Ang
lz: 180.15 Ang
linked-cell calculation time: 0.00369287 s
time info: 0.000273943 s
*********************************************************
Trajectory calculations 
*********************************************************
out target time: 25.9675 s
Ntraj: 10000
Nfree: 955
Nscatter: 9045
Nlost: 0
omega: 4228.17
Ntraj: 10000
Nfree: 905
Nscatter: 9095
Nlost: 0
omega: 4119.67
Ntraj: 10000
Nfree: 883
Nscatter: 9116
Nlost: 1
omega: 4015.83
Ntraj: 10000
Nfree: 885
Nscatter: 9115
Nlost: 0
omega: 4065.38
Ntraj: 10000
Nfree: 896
Nscatter: 9104
Nlost: 0
omega: 4154.34
Ntraj: 10000
Nfree: 948
Nscatter: 9052
Nlost: 0
omega: 4152.05
Ntraj: 10000
Nfree: 937
Nscatter: 9063
Nlost: 0
omega: 4028.73
Ntraj: 10000
Nfree: 966
Nscatter: 9033
Nlost: 1
omega: 3984.6
Ntraj: 10000
Nfree: 934
Nscatter: 9065
Nlost: 1
omega: 4032.13
Ntraj: 10000
Nfree: 882
Nscatter: 9117
Nlost: 1
omega: 4271.08
*********************************************************
task: 0
worker id: 41976
time create lcl and mol: 0.000856876 s
numbers of trajectories: 8334
time trajectory calculation: 8.61242 s
task: 1
worker id: 13664
time create lcl and mol: 0.000889063 s
numbers of trajectories: 8334
time trajectory calculation: 8.10364 s
task: 2
worker id: 13664
time create lcl and mol: 0.00098896 s
numbers of trajectories: 8334
time trajectory calculation: 9.30634 s
task: 3
worker id: 6180
time create lcl and mol: 0.000873089 s
numbers of trajectories: 8334
time trajectory calculation: 16.4991 s
task: 4
worker id: 41976
time create lcl and mol: 0.000889063 s
numbers of trajectories: 8333
time trajectory calculation: 7.64025 s
task: 5
worker id: 69820
time create lcl and mol: 0.000879049 s
numbers of trajectories: 8333
time trajectory calculation: 17.3673 s
task: 6
worker id: 39611
time create lcl and mol: 0.000899076 s
numbers of trajectories: 8333
time trajectory calculation: 13.5168 s
task: 7
worker id: 94649
time create lcl and mol: 0.000887871 s
numbers of trajectories: 8333
time trajectory calculation: 7.34621 s
task: 8
worker id: 94649
time create lcl and mol: 0.000922203 s
numbers of trajectories: 8333
time trajectory calculation: 11.2972 s
task: 9
worker id: 88352
time create lcl and mol: 0.000906944 s
numbers of trajectories: 8333
time trajectory calculation: 14.1385 s
task: 10
worker id: 88352
time create lcl and mol: 0.000874043 s
numbers of trajectories: 8333
time trajectory calculation: 11.7605 s
task: 11
worker id: 66751
time create lcl and mol: 0.000877857 s
numbers of trajectories: 8333
time trajectory calculation: 14.6259 s
CCS time: 25.9775 s
*********************************************************
average value of CCS = 4105.2 Ang^2
error value of CCS = 28.7685 Ang^2
Total time: 25.9941 s
Program finished...
*********************************************************
INPUT:: Simulation Parameters 
*********************************************************
target filename                  : 03_3bsz_carga_14_min.xyz
number of probe                  : 10000
number of iterarions             : 10
number of tasks                  : 12
number of threads                : 24
seed number                      : 2104
gas buffer                       : N2
Target Temperature (K)           : 298
timestep (fs)                    : 10
Skin cell size (Ang)             : 0.01
Equipotential                    : no
Cut short-range interaction      : yes
LJ cutoff (Ang)                  : 12
Apply long-range interaction     : yes
Cut long-range interaction       : yes
Coulomb cutoff (Ang)             : 25
Apply induced-dipole interaction : yes
alpha (Ang^3)                    : 1.71
force_type: 6
*********************************************************
Force Field parameters: 
*********************************************************
Symbol  mass (amu)  epislon (kcal/mol)  sigma(Angstroms) 
C   12.011   0.0824736   3.2255
N   14.007   0.0758527   3.5719
H   1.008   0.0362711   1.8986
O   15.999   0.062323   3.075
S   32.06   0.138032   3.4237
P   30.9738   0.145372   3.47
*********************************************************
MOLECULE:: orientation around the inertia principal axis 
*********************************************************
Inertia matrix a.u. Ang^2: 
{  1.592e+07  -2.42743e+06  -2.87494e+06  }
{  -2.42743e+06  1.69711e+07  -604084  }
{  -2.87494e+06  -604084  1.74506e+07  }
Rotation matrix applied to molecule: 
{  0.6656  -0.394687  -0.633402  }
{  0.739056  0.466615  0.485867  }
{  0.10379  -0.791513  0.602275  }
Molecule radius: 36.1505 Ang 
orientation time of molecule target: 0.00777888 s
target mass: 52094.7 amu
gas mass: 28.014 amu
reduce mass: 28.014 amu
charge state: 13.9996 e
*********************************************************
Geometric Ellipsoid: 
*********************************************************
maximal distances: 23.5798  32.2083  34.2094  Ang
Initial axis length: 74.6874  83.3159  85.317  Ang
Ellipsoid axis length: 78.5074  87.1359  89.137  Ang
ellipsoid calculation time: 8.10623e-05 s
maximal impact parameter: 89.137 Ang
*********************************************************
Linked-cell: 
Numbers of cells: 3150
Nx: 14 Ny: 15 Nz: 15
Filled cells: 103
Empty cells: 3047
Average atoms per cell: 70.8058
Maximum atoms per cell: 199
Minimum atoms per cell: 1
Simulation box: 
lx: 168.14 Ang
ly: 180.15 Ang
lz: 180.15 Ang
linked-cell calculation time: 0.00375104 s
time info: 0.00027895 s
*********************************************************
Trajectory calculations 
*********************************************************
out target time: 24.4339 s
Ntraj: 10000
Nfree: 955
Nscatter: 9045
Nlost: 0
omega: 4228.17
Ntraj: 10000
Nfree: 905
Nscatter: 9095
Nlost: 0
omega: 4119.67
Ntraj: 10000
Nfree: 883
Nscatter: 9116
Nlost: 1
omega: 4015.83
Ntraj: 10000
Nfree: 885
Nscatter: 9115
Nlost: 0
omega: 4065.38
Ntraj: 10000
Nfree: 896
Nscatter: 9104
Nlost: 0
omega: 4154.34
Ntraj: 10000
Nfree: 948
Nscatter: 9052
Nlost: 0
omega: 4152.05
Ntraj: 10000
Nfree: 937
Nscatter: 9063
Nlost: 0
omega: 4028.73
Ntraj: 10000
Nfree: 966
Nscatter: 9033
Nlost: 1
omega: 3984.6
Ntraj: 10000
Nfree: 934
Nscatter: 9065
Nlost: 1
omega: 4032.13
Ntraj: 10000
Nfree: 882
Nscatter: 9117
Nlost: 1
omega: 4271.08
*********************************************************
task: 0
worker id: 67473
time create lcl and mol: 0.000832081 s
numbers of trajectories: 8334
time trajectory calculation: 8.33768 s
task: 1
worker id: 89073
time create lcl and mol: 0.000874043 s
numbers of trajectories: 8334
time trajectory calculation: 7.95815 s
task: 2
worker id: 70597
time create lcl and mol: 0.000868082 s
numbers of trajectories: 8334
time trajectory calculation: 9.61141 s
task: 3
worker id: 40338
time create lcl and mol: 0.000869036 s
numbers of trajectories: 8334
time trajectory calculation: 16.6329 s
task: 4
worker id: 6903
time create lcl and mol: 0.00101995 s
numbers of trajectories: 8333
time trajectory calculation: 7.09371 s
task: 5
worker id: 89073
time create lcl and mol: 0.000782013 s
numbers of trajectories: 8333
time trajectory calculation: 16.4156 s
task: 6
worker id: 6903
time create lcl and mol: 0.000918865 s
numbers of trajectories: 8333
time trajectory calculation: 13.6117 s
task: 7
worker id: 40338
time create lcl and mol: 0.00110292 s
numbers of trajectories: 8333
time trajectory calculation: 7.39205 s
task: 8
worker id: 14384
time create lcl and mol: 0.000867128 s
numbers of trajectories: 8333
time trajectory calculation: 11.6523 s
task: 9
worker id: 95368
time create lcl and mol: 0.000810862 s
numbers of trajectories: 8333
time trajectory calculation: 14.0824 s
task: 10
worker id: 67473
time create lcl and mol: 0.000954866 s
numbers of trajectories: 8333
time trajectory calculation: 11.6479 s
task: 11
worker id: 42697
time create lcl and mol: 0.000803947 s
numbers of trajectories: 8333
time trajectory calculation: 14.8873 s
CCS time: 24.4438 s
*********************************************************
average value of CCS = 4105.2 Ang^2
error value of CCS = 28.7685 Ang^2
Total time: 24.4604 s
Program finished...
*********************************************************
INPUT:: Simulation Parameters 
*********************************************************
target filename                  : 03_3bsz_carga_14_min.xyz
number of probe                  : 10000
number of iterarions             : 10
number of tasks                  : 12
number of threads                : 24
seed number                      : 2104
gas buffer                       : N2
Target Temperature (K)           : 298
timestep (fs)                    : 10
Skin cell size (Ang)             : 0.01
Equipotential                    : no
Cut short-range interaction      : yes
LJ cutoff (Ang)                  : 12
Apply long-range interaction     : yes
Cut long-range interaction       : yes
Coulomb cutoff (Ang)             : 25
Apply induced-dipole interaction : yes
alpha (Ang^3)                    : 1.71
force_type: 6
*********************************************************
Force Field parameters: 
*********************************************************
Symbol  mass (amu)  epislon (kcal/mol)  sigma(Angstroms) 
C   12.011   0.0824736   3.2255
N   14.007   0.0758527   3.5719
H   1.008   0.0362711   1.8986
O   15.999   0.062323   3.075
S   32.06   0.138032   3.4237
P   30.9738   0.145372   3.47
*********************************************************
MOLECULE:: orientation around the inertia principal axis 
*********************************************************
Inertia matrix a.u. Ang^2: 
{  1.592e+07  -2.42743e+06  -2.87494e+06  }
{  -2.42743e+06  1.69711e+07  -604084  }
{  -2.87494e+06  -604084  1.74506e+07  }
Rotation matrix applied to molecule: 
{  0.6656  -0.394687  -0.633402  }
{  0.739056  0.466615  0.485867  }
{  0.10379  -0.791513  0.602275  }
Molecule radius: 36.1505 Ang 
orientation time of molecule target: 0.00761795 s
target mass: 52094.7 amu
gas mass: 28.014 amu
reduce mass: 28.014 amu
charge state: 13.9996 e
*********************************************************
Geometric Ellipsoid: 
*********************************************************
maximal distances: 23.5798  32.2083  34.2094  Ang
Initial axis length: 74.6874  83.3159  85.317  Ang
Ellipsoid axis length: 78.5074  87.1359  89.137  Ang
ellipsoid calculation time: 7.79629e-05 s
maximal impact parameter: 89.137 Ang
*********************************************************
Linked-cell: 
Numbers of cells: 3150
Nx: 14 Ny: 15 Nz: 15
Filled cells: 103
Empty cells: 3047
Average atoms per cell: 70.8058
Maximum atoms per cell: 199
Minimum atoms per cell: 1
Simulation box: 
lx: 168.14 Ang
ly: 180.15 Ang
lz: 180.15 Ang
linked-cell calculation time: 0.00369906 s
time info: 0.000276089 s
*********************************************************
Trajectory calculations 
*********************************************************
out target time: 25.4025 s
Ntraj: 10000
Nfree: 955
Nscatter: 9045
Nlost: 0
omega: 4228.17
Ntraj: 10000
Nfree: 905
Nscatter: 9095
Nlost: 0
omega: 4119.67
Ntraj: 10000
Nfree: 883
Nscatter: 9116
Nlost: 1
omega: 4015.83
Ntraj: 10000
Nfree: 885
Nscatter: 9115
Nlost: 0
omega: 4065.38
Ntraj: 10000
Nfree: 896
Nscatter: 9104
Nlost: 0
omega: 4154.34
Ntraj: 10000
Nfree: 948
Nscatter: 9052
Nlost: 0
omega: 4152.05
Ntraj: 10000
Nfree: 937
Nscatter: 9063
Nlost: 0
omega: 4028.73
Ntraj: 10000
Nfree: 966
Nscatter: 9033
Nlost: 1
omega: 3984.6
Ntraj: 10000
Nfree: 934
Nscatter: 9065
Nlost: 1
omega: 4032.13
Ntraj: 10000
Nfree: 882
Nscatter: 9117
Nlost: 1
omega: 4271.08
*********************************************************
task: 0
worker id: 96408
time create lcl and mol: 0.000854969 s
numbers of trajectories: 8334
time trajectory calculation: 8.56214 s
task: 1
worker id: 15427
time create lcl and mol: 0.000962019 s
numbers of trajectories: 8334
time trajectory calculation: 8.23412 s
task: 2
worker id: 7944
time create lcl and mol: 0.000880957 s
numbers of trajectories: 8334
time trajectory calculation: 9.41652 s
task: 3
worker id: 96408
time create lcl and mol: 0.000882864 s
numbers of trajectories: 8334
time trajectory calculation: 16.7678 s
task: 4
worker id: 41374
time create lcl and mol: 0.000906944 s
numbers of trajectories: 8333
time trajectory calculation: 7.45403 s
task: 5
worker id: 90113
time create lcl and mol: 0.000869989 s
numbers of trajectories: 8333
time trajectory calculation: 17.4764 s
task: 6
worker id: 71672
time create lcl and mol: 0.000962973 s
numbers of trajectories: 8333
time trajectory calculation: 13.3988 s
task: 7
worker id: 68511
time create lcl and mol: 0.000853062 s
numbers of trajectories: 8333
time trajectory calculation: 7.72162 s
task: 8
worker id: 43737
time create lcl and mol: 0.000874996 s
numbers of trajectories: 8333
time trajectory calculation: 11.7053 s
task: 9
worker id: 68511
time create lcl and mol: 0.000832081 s
numbers of trajectories: 8333
time trajectory calculation: 13.7111 s
task: 10
worker id: 15427
time create lcl and mol: 0.000858068 s
numbers of trajectories: 8333
time trajectory calculation: 11.5896 s
task: 11
worker id: 41374
time create lcl and mol: 0.00113392 s
numbers of trajectories: 8333
time trajectory calculation: 14.4576 s
CCS time: 25.4127 s
*********************************************************
average value of CCS = 4105.2 Ang^2
error value of CCS = 28.7685 Ang^2
Total time: 25.4291 s
Program finished...
*********************************************************
INPUT:: Simulation Parameters 
*********************************************************
target filename                  : 03_3bsz_carga_14_min.xyz
number of probe                  : 10000
number of iterarions             : 10
number of tasks                  : 12
number of threads                : 24
seed number                      : 2104
gas buffer                       : N2
Target Temperature (K)           : 298
timestep (fs)                    : 10
Skin cell size (Ang)             : 0.01
Equipotential                    : no
Cut short-range interaction      : yes
LJ cutoff (Ang)                  : 12
Apply long-range interaction     : yes
Cut long-range interaction       : yes
Coulomb cutoff (Ang)             : 25
Apply induced-dipole interaction : yes
alpha (Ang^3)                    : 1.71
force_type: 6
*********************************************************
Force Field parameters: 
*********************************************************
Symbol  mass (amu)  epislon (kcal/mol)  sigma(Angstroms) 
C   12.011   0.0824736   3.2255
N   14.007   0.0758527   3.5719
H   1.008   0.0362711   1.8986
O   15.999   0.062323   3.075
S   32.06   0.138032   3.4237
P   30.9738   0.145372   3.47
*********************************************************
MOLECULE:: orientation around the inertia principal axis 
*********************************************************
Inertia matrix a.u. Ang^2: 
{  1.592e+07  -2.42743e+06  -2.87494e+06  }
{  -2.42743e+06  1.69711e+07  -604084  }
{  -2.87494e+06  -604084  1.74506e+07  }
Rotation matrix applied to molecule: 
{  0.6656  -0.394687  -0.633402  }
{  0.739056  0.466615  0.485867  }
{  0.10379  -0.791513  0.602275  }
Molecule radius: 36.1505 Ang 
orientation time of molecule target: 0.0778022 s
target mass: 52094.7 amu
gas mass: 28.014 amu
reduce mass: 28.014 amu
charge state: 13.9996 e
*********************************************************
Geometric Ellipsoid: 
*********************************************************
maximal distances: 23.5798  32.2083  34.2094  Ang
Initial axis length: 74.6874  83.3159  85.317  Ang
Ellipsoid axis length: 78.5074  87.1359  89.137  Ang
ellipsoid calculation time: 7.51019e-05 s
maximal impact parameter: 89.137 Ang
*********************************************************
Linked-cell: 
Numbers of cells: 3150
Nx: 14 Ny: 15 Nz: 15
Filled cells: 103
Empty cells: 3047
Average atoms per cell: 70.8058
Maximum atoms per cell: 199
Minimum atoms per cell: 1
Simulation box: 
lx: 168.14 Ang
ly: 180.15 Ang
lz: 180.15 Ang
linked-cell calculation time: 0.0037961 s
time info: 0.000270128 s
*********************************************************
Trajectory calculations 
*********************************************************
out target time: 22.6986 s
Ntraj: 10000
Nfree: 955
Nscatter: 9045
Nlost: 0
omega: 4228.17
Ntraj: 10000
Nfree: 905
Nscatter: 9095
Nlost: 0
omega: 4119.67
Ntraj: 10000
Nfree: 883
Nscatter: 9116
Nlost: 1
omega: 4015.83
Ntraj: 10000
Nfree: 885
Nscatter: 9115
Nlost: 0
omega: 4065.38
Ntraj: 10000
Nfree: 896
Nscatter: 9104
Nlost: 0
omega: 4154.34
Ntraj: 10000
Nfree: 948
Nscatter: 9052
Nlost: 0
omega: 4152.05
Ntraj: 10000
Nfree: 937
Nscatter: 9063
Nlost: 0
omega: 4028.73
Ntraj: 10000
Nfree: 966
Nscatter: 9033
Nlost: 1
omega: 3984.6
Ntraj: 10000
Nfree: 934
Nscatter: 9065
Nlost: 1
omega: 4032.13
Ntraj: 10000
Nfree: 882
Nscatter: 9117
Nlost: 1
omega: 4271.08
*********************************************************
task: 0
worker id: 57206
time create lcl and mol: 0.00086689 s
numbers of trajectories: 8334
time trajectory calculation: 8.7775 s
task: 1
worker id: 57027
time create lcl and mol: 0.000908852 s
numbers of trajectories: 8334
time trajectory calculation: 7.95672 s
task: 2
worker id: 57375
time create lcl and mol: 0.00103307 s
numbers of trajectories: 8334
time trajectory calculation: 9.45211 s
task: 3
worker id: 57311
time create lcl and mol: 0.000886917 s
numbers of trajectories: 8334
time trajectory calculation: 16.5996 s
task: 4
worker id: 60517
time create lcl and mol: 0.00089097 s
numbers of trajectories: 8333
time trajectory calculation: 7.46918 s
task: 5
worker id: 56479
time create lcl and mol: 0.000852823 s
numbers of trajectories: 8333
time trajectory calculation: 17.4856 s
task: 6
worker id: 57686
time create lcl and mol: 0.000882149 s
numbers of trajectories: 8333
time trajectory calculation: 13.5978 s
task: 7
worker id: 57550
time create lcl and mol: 0.000854015 s
numbers of trajectories: 8333
time trajectory calculation: 7.48322 s
task: 8
worker id: 57206
time create lcl and mol: 0.000899076 s
numbers of trajectories: 8333
time trajectory calculation: 11.4628 s
task: 9
worker id: 60517
time create lcl and mol: 0.000863791 s
numbers of trajectories: 8333
time trajectory calculation: 13.9801 s
task: 10
worker id: 57550
time create lcl and mol: 0.000854015 s
numbers of trajectories: 8333
time trajectory calculation: 11.6805 s
task: 11
worker id: 57027
time create lcl and mol: 0.000878811 s
numbers of trajectories: 8333
time trajectory calculation: 14.6849 s
CCS time: 22.7089 s
*********************************************************
average value of CCS = 4105.2 Ang^2
error value of CCS = 28.7685 Ang^2
Total time: 22.7955 s
Program finished...
*********************************************************
INPUT:: Simulation Parameters 
*********************************************************
target filename                  : 03_3bsz_carga_14_min.xyz
number of probe                  : 10000
number of iterarions             : 10
number of tasks                  : 12
number of threads                : 24
seed number                      : 2104
gas buffer                       : N2
Target Temperature (K)           : 298
timestep (fs)                    : 10
Skin cell size (Ang)             : 0.01
Equipotential                    : no
Cut short-range interaction      : yes
LJ cutoff (Ang)                  : 12
Apply long-range interaction     : yes
Cut long-range interaction       : yes
Coulomb cutoff (Ang)             : 25
Apply induced-dipole interaction : yes
alpha (Ang^3)                    : 1.71
force_type: 6
*********************************************************
Force Field parameters: 
*********************************************************
Symbol  mass (amu)  epislon (kcal/mol)  sigma(Angstroms) 
C   12.011   0.0824736   3.2255
N   14.007   0.0758527   3.5719
H   1.008   0.0362711   1.8986
O   15.999   0.062323   3.075
S   32.06   0.138032   3.4237
P   30.9738   0.145372   3.47
*********************************************************
MOLECULE:: orientation around the inertia principal axis 
*********************************************************
Inertia matrix a.u. Ang^2: 
{  1.592e+07  -2.42743e+06  -2.87494e+06  }
{  -2.42743e+06  1.69711e+07  -604084  }
{  -2.87494e+06  -604084  1.74506e+07  }
Rotation matrix applied to molecule: 
{  0.6656  -0.394687  -0.633402  }
{  0.739056  0.466615  0.485867  }
{  0.10379  -0.791513  0.602275  }
Molecule radius: 36.1505 Ang 
orientation time of molecule target: 0.00760722 s
target mass: 52094.7 amu
gas mass: 28.014 amu
reduce mass: 28.014 amu
charge state: 13.9996 e
*********************************************************
Geometric Ellipsoid: 
*********************************************************
maximal distances: 23.5798  32.2083  34.2094  Ang
Initial axis length: 74.6874  83.3159  85.317  Ang
Ellipsoid axis length: 78.5074  87.1359  89.137  Ang
ellipsoid calculation time: 7.60555e-05 s
maximal impact parameter: 89.137 Ang
*********************************************************
Linked-cell: 
Numbers of cells: 3150
Nx: 14 Ny: 15 Nz: 15
Filled cells: 103
Empty cells: 3047
Average atoms per cell: 70.8058
Maximum atoms per cell: 199
Minimum atoms per cell: 1
Simulation box: 
lx: 168.14 Ang
ly: 180.15 Ang
lz: 180.15 Ang
linked-cell calculation time: 0.00378084 s
time info: 0.000264168 s
*********************************************************
Trajectory calculations 
*********************************************************
out target time: 23.6483 s
Ntraj: 10000
Nfree: 955
Nscatter: 9045
Nlost: 0
omega: 4228.17
Ntraj: 10000
Nfree: 905
Nscatter: 9095
Nlost: 0
omega: 4119.67
Ntraj: 10000
Nfree: 883
Nscatter: 9116
Nlost: 1
omega: 4015.83
Ntraj: 10000
Nfree: 885
Nscatter: 9115
Nlost: 0
omega: 4065.38
Ntraj: 10000
Nfree: 896
Nscatter: 9104
Nlost: 0
omega: 4154.34
Ntraj: 10000
Nfree: 948
Nscatter: 9052
Nlost: 0
omega: 4152.05
Ntraj: 10000
Nfree: 937
Nscatter: 9063
Nlost: 0
omega: 4028.73
Ntraj: 10000
Nfree: 966
Nscatter: 9033
Nlost: 1
omega: 3984.6
Ntraj: 10000
Nfree: 934
Nscatter: 9065
Nlost: 1
omega: 4032.13
Ntraj: 10000
Nfree: 882
Nscatter: 9117
Nlost: 1
omega: 4271.08
*********************************************************
task: 0
worker id: 57938
time create lcl and mol: 0.000776052 s
numbers of trajectories: 8334
time trajectory calculation: 8.50141 s
task: 1
worker id: 58108
time create lcl and mol: 0.000877857 s
numbers of trajectories: 8334
time trajectory calculation: 8.0139 s
task: 2
worker id: 61262
time create lcl and mol: 0.00087595 s
numbers of trajectories: 8334
time trajectory calculation: 9.76533 s
task: 3
worker id: 58043
time create lcl and mol: 0.000860929 s
numbers of trajectories: 8334
time trajectory calculation: 16.5612 s
task: 4
worker id: 57759
time create lcl and mol: 0.000870943 s
numbers of trajectories: 8333
time trajectory calculation: 7.48381 s
task: 5
worker id: 57209
time create lcl and mol: 0.00103807 s
numbers of trajectories: 8333
time trajectory calculation: 16.986 s
task: 6
worker id: 58416
time create lcl and mol: 0.00090003 s
numbers of trajectories: 8333
time trajectory calculation: 13.6294 s
task: 7
worker id: 58284
time create lcl and mol: 0.000967979 s
numbers of trajectories: 8333
time trajectory calculation: 7.75156 s
task: 8
worker id: 58284
time create lcl and mol: 0.000849009 s
numbers of trajectories: 8333
time trajectory calculation: 11.6999 s
task: 9
worker id: 58108
time create lcl and mol: 0.000990868 s
numbers of trajectories: 8333
time trajectory calculation: 14.0541 s
task: 10
worker id: 57759
time create lcl and mol: 0.000940084 s
numbers of trajectories: 8333
time trajectory calculation: 11.8003 s
task: 11
worker id: 57938
time create lcl and mol: 0.000923157 s
numbers of trajectories: 8333
time trajectory calculation: 15.0847 s
CCS time: 23.6582 s
*********************************************************
average value of CCS = 4105.2 Ang^2
error value of CCS = 28.7685 Ang^2
Total time: 23.6749 s
Program finished...
*********************************************************
INPUT:: Simulation Parameters 
*********************************************************
target filename                  : 03_3bsz_carga_14_min.xyz
number of probe                  : 10000
number of iterarions             : 10
number of tasks                  : 12
number of threads                : 24
seed number                      : 2104
gas buffer                       : N2
Target Temperature (K)           : 298
timestep (fs)                    : 10
Skin cell size (Ang)             : 0.01
Equipotential                    : no
Cut short-range interaction      : yes
LJ cutoff (Ang)                  : 12
Apply long-range interaction     : yes
Cut long-range interaction       : yes
Coulomb cutoff (Ang)             : 25
Apply induced-dipole interaction : yes
alpha (Ang^3)                    : 1.71
force_type: 6
*********************************************************
Force Field parameters: 
*********************************************************
Symbol  mass (amu)  epislon (kcal/mol)  sigma(Angstroms) 
C   12.011   0.0824736   3.2255
N   14.007   0.0758527   3.5719
H   1.008   0.0362711   1.8986
O   15.999   0.062323   3.075
S   32.06   0.138032   3.4237
P   30.9738   0.145372   3.47
*********************************************************
MOLECULE:: orientation around the inertia principal axis 
*********************************************************
Inertia matrix a.u. Ang^2: 
{  1.592e+07  -2.42743e+06  -2.87494e+06  }
{  -2.42743e+06  1.69711e+07  -604084  }
{  -2.87494e+06  -604084  1.74506e+07  }
Rotation matrix applied to molecule: 
{  0.6656  -0.394687  -0.633402  }
{  0.739056  0.466615  0.485867  }
{  0.10379  -0.791513  0.602275  }
Molecule radius: 36.1505 Ang 
orientation time of molecule target: 0.00770211 s
target mass: 52094.7 amu
gas mass: 28.014 amu
reduce mass: 28.014 amu
charge state: 13.9996 e
*********************************************************
Geometric Ellipsoid: 
*********************************************************
maximal distances: 23.5798  32.2083  34.2094  Ang
Initial axis length: 74.6874  83.3159  85.317  Ang
Ellipsoid axis length: 78.5074  87.1359  89.137  Ang
ellipsoid calculation time: 8.32081e-05 s
maximal impact parameter: 89.137 Ang
*********************************************************
Linked-cell: 
Numbers of cells: 3150
Nx: 14 Ny: 15 Nz: 15
Filled cells: 103
Empty cells: 3047
Average atoms per cell: 70.8058
Maximum atoms per cell: 199
Minimum atoms per cell: 1
Simulation box: 
lx: 168.14 Ang
ly: 180.15 Ang
lz: 180.15 Ang
linked-cell calculation time: 0.00366688 s
time info: 0.000264883 s
*********************************************************
Trajectory calculations 
*********************************************************
out target time: 22.3676 s
Ntraj: 10000
Nfree: 955
Nscatter: 9045
Nlost: 0
omega: 4228.17
Ntraj: 10000
Nfree: 905
Nscatter: 9095
Nlost: 0
omega: 4119.67
Ntraj: 10000
Nfree: 883
Nscatter: 9116
Nlost: 1
omega: 4015.83
Ntraj: 10000
Nfree: 885
Nscatter: 9115
Nlost: 0
omega: 4065.38
Ntraj: 10000
Nfree: 896
Nscatter: 9104
Nlost: 0
omega: 4154.34
Ntraj: 10000
Nfree: 948
Nscatter: 9052
Nlost: 0
omega: 4152.05
Ntraj: 10000
Nfree: 937
Nscatter: 9063
Nlost: 0
omega: 4028.73
Ntraj: 10000
Nfree: 966
Nscatter: 9033
Nlost: 1
omega: 3984.6
Ntraj: 10000
Nfree: 934
Nscatter: 9065
Nlost: 1
omega: 4032.13
Ntraj: 10000
Nfree: 882
Nscatter: 9117
Nlost: 1
omega: 4271.08
*********************************************************
task: 0
worker id: 59435
time create lcl and mol: 0.000874043 s
numbers of trajectories: 8334
time trajectory calculation: 8.74008 s
task: 1
worker id: 58228
time create lcl and mol: 0.000868082 s
numbers of trajectories: 8334
time trajectory calculation: 8.15776 s
task: 2
worker id: 59126
time create lcl and mol: 0.000878096 s
numbers of trajectories: 8334
time trajectory calculation: 9.75574 s
task: 3
worker id: 59062
time create lcl and mol: 0.00106382 s
numbers of trajectories: 8334
time trajectory calculation: 16.9189 s
task: 4
worker id: 62296
time create lcl and mol: 0.000857115 s
numbers of trajectories: 8333
time trajectory calculation: 7.45303 s
task: 5
worker id: 58958
time create lcl and mol: 0.000798941 s
numbers of trajectories: 8333
time trajectory calculation: 17.3693 s
task: 6
worker id: 59435
time create lcl and mol: 0.00087595 s
numbers of trajectories: 8333
time trajectory calculation: 13.5486 s
task: 7
worker id: 59304
time create lcl and mol: 0.000794888 s
numbers of trajectories: 8333
time trajectory calculation: 7.42332 s
task: 8
worker id: 62296
time create lcl and mol: 0.000887871 s
numbers of trajectories: 8333
time trajectory calculation: 11.2323 s
task: 9
worker id: 58228
time create lcl and mol: 0.000923872 s
numbers of trajectories: 8333
time trajectory calculation: 14.0893 s
task: 10
worker id: 59304
time create lcl and mol: 0.000869989 s
numbers of trajectories: 8333
time trajectory calculation: 11.7462 s
task: 11
worker id: 58782
time create lcl and mol: 0.000865936 s
numbers of trajectories: 8333
time trajectory calculation: 14.9816 s
CCS time: 22.3782 s
*********************************************************
average value of CCS = 4105.2 Ang^2
error value of CCS = 28.7685 Ang^2
Total time: 22.395 s
Program finished...
*********************************************************
INPUT:: Simulation Parameters 
*********************************************************
target filename                  : 03_3bsz_carga_14_min.xyz
number of probe                  : 10000
number of iterarions             : 10
number of tasks                  : 12
number of threads                : 24
seed number                      : 2104
gas buffer                       : N2
Target Temperature (K)           : 298
timestep (fs)                    : 10
Skin cell size (Ang)             : 0.01
Equipotential                    : no
Cut short-range interaction      : yes
LJ cutoff (Ang)                  : 12
Apply long-range interaction     : yes
Cut long-range interaction       : yes
Coulomb cutoff (Ang)             : 25
Apply induced-dipole interaction : yes
alpha (Ang^3)                    : 1.71
force_type: 6
*********************************************************
Force Field parameters: 
*********************************************************
Symbol  mass (amu)  epislon (kcal/mol)  sigma(Angstroms) 
C   12.011   0.0824736   3.2255
N   14.007   0.0758527   3.5719
H   1.008   0.0362711   1.8986
O   15.999   0.062323   3.075
S   32.06   0.138032   3.4237
P   30.9738   0.145372   3.47
*********************************************************
MOLECULE:: orientation around the inertia principal axis 
*********************************************************
Inertia matrix a.u. Ang^2: 
{  1.592e+07  -2.42743e+06  -2.87494e+06  }
{  -2.42743e+06  1.69711e+07  -604084  }
{  -2.87494e+06  -604084  1.74506e+07  }
Rotation matrix applied to molecule: 
{  0.6656  -0.394687  -0.633402  }
{  0.739056  0.466615  0.485867  }
{  0.10379  -0.791513  0.602275  }
Molecule radius: 36.1505 Ang 
orientation time of molecule target: 0.00787115 s
target mass: 52094.7 amu
gas mass: 28.014 amu
reduce mass: 28.014 amu
charge state: 13.9996 e
*********************************************************
Geometric Ellipsoid: 
*********************************************************
maximal distances: 23.5798  32.2083  34.2094  Ang
Initial axis length: 74.6874  83.3159  85.317  Ang
Ellipsoid axis length: 78.5074  87.1359  89.137  Ang
ellipsoid calculation time: 8.29697e-05 s
maximal impact parameter: 89.137 Ang
*********************************************************
Linked-cell: 
Numbers of cells: 3150
Nx: 14 Ny: 15 Nz: 15
Filled cells: 103
Empty cells: 3047
Average atoms per cell: 70.8058
Maximum atoms per cell: 199
Minimum atoms per cell: 1
Simulation box: 
lx: 168.14 Ang
ly: 180.15 Ang
lz: 180.15 Ang
linked-cell calculation time: 0.00379395 s
time info: 0.000269175 s
*********************************************************
Trajectory calculations 
*********************************************************
out target time: 24.6334 s
Ntraj: 10000
Nfree: 955
Nscatter: 9045
Nlost: 0
omega: 4228.17
Ntraj: 10000
Nfree: 905
Nscatter: 9095
Nlost: 0
omega: 4119.67
Ntraj: 10000
Nfree: 883
Nscatter: 9116
Nlost: 1
omega: 4015.83
Ntraj: 10000
Nfree: 885
Nscatter: 9115
Nlost: 0
omega: 4065.38
Ntraj: 10000
Nfree: 896
Nscatter: 9104
Nlost: 0
omega: 4154.34
Ntraj: 10000
Nfree: 948
Nscatter: 9052
Nlost: 0
omega: 4152.05
Ntraj: 10000
Nfree: 937
Nscatter: 9063
Nlost: 0
omega: 4028.73
Ntraj: 10000
Nfree: 966
Nscatter: 9033
Nlost: 1
omega: 3984.6
Ntraj: 10000
Nfree: 934
Nscatter: 9065
Nlost: 1
omega: 4032.13
Ntraj: 10000
Nfree: 882
Nscatter: 9117
Nlost: 1
omega: 4271.08
*********************************************************
task: 0
worker id: 59691
time create lcl and mol: 0.000850916 s
numbers of trajectories: 8334
time trajectory calculation: 8.6853 s
task: 1
worker id: 58965
time create lcl and mol: 0.000832796 s
numbers of trajectories: 8334
time trajectory calculation: 8.10144 s
task: 2
worker id: 58965
time create lcl and mol: 0.00107193 s
numbers of trajectories: 8334
time trajectory calculation: 9.59774 s
task: 3
worker id: 63043
time create lcl and mol: 0.000854969 s
numbers of trajectories: 8334
time trajectory calculation: 16.7343 s
task: 4
worker id: 60168
time create lcl and mol: 0.000840902 s
numbers of trajectories: 8333
time trajectory calculation: 7.48512 s
task: 5
worker id: 59796
time create lcl and mol: 0.000920057 s
numbers of trajectories: 8333
time trajectory calculation: 17.3798 s
task: 6
worker id: 60036
time create lcl and mol: 0.000822067 s
numbers of trajectories: 8333
time trajectory calculation: 13.4398 s
task: 7
worker id: 60168
time create lcl and mol: 0.000874996 s
numbers of trajectories: 8333
time trajectory calculation: 7.61775 s
task: 8
worker id: 60036
time create lcl and mol: 0.000815868 s
numbers of trajectories: 8333
time trajectory calculation: 11.1276 s
task: 9
worker id: 59691
time create lcl and mol: 0.000869989 s
numbers of trajectories: 8333
time trajectory calculation: 14.1748 s
task: 10
worker id: 59517
time create lcl and mol: 0.00085783 s
numbers of trajectories: 8333
time trajectory calculation: 11.7218 s
task: 11
worker id: 59860
time create lcl and mol: 0.000863075 s
numbers of trajectories: 8333
time trajectory calculation: 14.9763 s
CCS time: 24.6436 s
*********************************************************
average value of CCS = 4105.2 Ang^2
error value of CCS = 28.7685 Ang^2
Total time: 24.6605 s
Program finished...
*********************************************************
INPUT:: Simulation Parameters 
*********************************************************
target filename                  : 03_3bsz_carga_14_min.xyz
number of probe                  : 10000
number of iterarions             : 10
number of tasks                  : 12
number of threads                : 24
seed number                      : 2104
gas buffer                       : N2
Target Temperature (K)           : 298
timestep (fs)                    : 10
Skin cell size (Ang)             : 0.01
Equipotential                    : no
Cut short-range interaction      : yes
LJ cutoff (Ang)                  : 12
Apply long-range interaction     : yes
Cut long-range interaction       : yes
Coulomb cutoff (Ang)             : 25
Apply induced-dipole interaction : yes
alpha (Ang^3)                    : 1.71
force_type: 6
*********************************************************
Force Field parameters: 
*********************************************************
Symbol  mass (amu)  epislon (kcal/mol)  sigma(Angstroms) 
C   12.011   0.0824736   3.2255
N   14.007   0.0758527   3.5719
H   1.008   0.0362711   1.8986
O   15.999   0.062323   3.075
S   32.06   0.138032   3.4237
P   30.9738   0.145372   3.47
*********************************************************
MOLECULE:: orientation around the inertia principal axis 
*********************************************************
Inertia matrix a.u. Ang^2: 
{  1.592e+07  -2.42743e+06  -2.87494e+06  }
{  -2.42743e+06  1.69711e+07  -604084  }
{  -2.87494e+06  -604084  1.74506e+07  }
Rotation matrix applied to molecule: 
{  0.6656  -0.394687  -0.633402  }
{  0.739056  0.466615  0.485867  }
{  0.10379  -0.791513  0.602275  }
Molecule radius: 36.1505 Ang 
orientation time of molecule target: 0.00763297 s
target mass: 52094.7 amu
gas mass: 28.014 amu
reduce mass: 28.014 amu
charge state: 13.9996 e
*********************************************************
Geometric Ellipsoid: 
*********************************************************
maximal distances: 23.5798  32.2083  34.2094  Ang
Initial axis length: 74.6874  83.3159  85.317  Ang
Ellipsoid axis length: 78.5074  87.1359  89.137  Ang
ellipsoid calculation time: 7.70092e-05 s
maximal impact parameter: 89.137 Ang
*********************************************************
Linked-cell: 
Numbers of cells: 3150
Nx: 14 Ny: 15 Nz: 15
Filled cells: 103
Empty cells: 3047
Average atoms per cell: 70.8058
Maximum atoms per cell: 199
Minimum atoms per cell: 1
Simulation box: 
lx: 168.14 Ang
ly: 180.15 Ang
lz: 180.15 Ang
linked-cell calculation time: 0.003649 s
time info: 0.000267029 s
*********************************************************
Trajectory calculations 
*********************************************************
out target time: 22.3924 s
Ntraj: 10000
Nfree: 955
Nscatter: 9045
Nlost: 0
omega: 4228.17
Ntraj: 10000
Nfree: 905
Nscatter: 9095
Nlost: 0
omega: 4119.67
Ntraj: 10000
Nfree: 883
Nscatter: 9116
Nlost: 1
omega: 4015.83
Ntraj: 10000
Nfree: 885
Nscatter: 9115
Nlost: 0
omega: 4065.38
Ntraj: 10000
Nfree: 896
Nscatter: 9104
Nlost: 0
omega: 4154.34
Ntraj: 10000
Nfree: 948
Nscatter: 9052
Nlost: 0
omega: 4152.05
Ntraj: 10000
Nfree: 937
Nscatter: 9063
Nlost: 0
omega: 4028.73
Ntraj: 10000
Nfree: 966
Nscatter: 9033
Nlost: 1
omega: 3984.6
Ntraj: 10000
Nfree: 934
Nscatter: 9065
Nlost: 1
omega: 4032.13
Ntraj: 10000
Nfree: 882
Nscatter: 9117
Nlost: 1
omega: 4271.08
*********************************************************
task: 0
worker id: 60541
time create lcl and mol: 0.00103903 s
numbers of trajectories: 8334
time trajectory calculation: 8.76982 s
task: 1
worker id: 60715
time create lcl and mol: 0.00086689 s
numbers of trajectories: 8334
time trajectory calculation: 8.0544 s
task: 2
worker id: 64094
time create lcl and mol: 0.000860929 s
numbers of trajectories: 8334
time trajectory calculation: 9.62588 s
task: 3
worker id: 60884
time create lcl and mol: 0.000831127 s
numbers of trajectories: 8334
time trajectory calculation: 16.8508 s
task: 4
worker id: 60819
time create lcl and mol: 0.0011251 s
numbers of trajectories: 8333
time trajectory calculation: 7.49712 s
task: 5
worker id: 59988
time create lcl and mol: 0.000852108 s
numbers of trajectories: 8333
time trajectory calculation: 16.9792 s
task: 6
worker id: 61060
time create lcl and mol: 0.000874043 s
numbers of trajectories: 8333
time trajectory calculation: 13.4141 s
task: 7
worker id: 61192
time create lcl and mol: 0.000869989 s
numbers of trajectories: 8333
time trajectory calculation: 7.63345 s
task: 8
worker id: 60541
time create lcl and mol: 0.000931025 s
numbers of trajectories: 8333
time trajectory calculation: 11.7435 s
task: 9
worker id: 61192
time create lcl and mol: 0.000893831 s
numbers of trajectories: 8333
time trajectory calculation: 13.7259 s
task: 10
worker id: 60715
time create lcl and mol: 0.000922918 s
numbers of trajectories: 8333
time trajectory calculation: 11.6664 s
task: 11
worker id: 60819
time create lcl and mol: 0.000830889 s
numbers of trajectories: 8333
time trajectory calculation: 14.8293 s
CCS time: 22.4024 s
*********************************************************
average value of CCS = 4105.2 Ang^2
error value of CCS = 28.7685 Ang^2
Total time: 22.4191 s
Program finished...
