*********************************************************
INPUT:: Simulation Parameters 
*********************************************************
target filename                  : 08_1dpx_carga_6_min.xyz
number of probe                  : 10000
number of iterarions             : 10
number of tasks                  : 12
number of threads                : 24
seed number                      : 2104
gas buffer                       : N2
Target Temperature (K)           : 298
timestep (fs)                    : 10
Skin cell size (Ang)             : 0.01
Equipotential                    : no
Cut short-range interaction      : yes
LJ cutoff (Ang)                  : 12
Apply long-range interaction     : yes
Cut long-range interaction       : yes
Coulomb cutoff (Ang)             : 25
Apply induced-dipole interaction : yes
alpha (Ang^3)                    : 1.71
force_type: 6
*********************************************************
Force Field parameters: 
*********************************************************
Symbol  mass (amu)  epislon (kcal/mol)  sigma(Angstroms) 
C   12.011   0.0824736   3.2255
N   14.007   0.0758527   3.5719
H   1.008   0.0362711   1.8986
O   15.999   0.062323   3.075
S   32.06   0.138032   3.4237
P   30.9738   0.145372   3.47
*********************************************************
MOLECULE:: orientation around the inertia principal axis 
*********************************************************
Inertia matrix a.u. Ang^2: 
{  1.81405e+06  216846  -460412  }
{  216846  1.99687e+06  201261  }
{  -460412  201261  1.70147e+06  }
Rotation matrix applied to molecule: 
{  0.77413  0.205074  -0.598888  }
{  -0.630007  0.341884  -0.697285  }
{  0.0617549  0.917093  0.393861  }
Molecule radius: 27.4874 Ang 
orientation time of molecule target: 0.067276 s
target mass: 14311.2 amu
gas mass: 28.014 amu
reduce mass: 28.014 amu
charge state: 5.9992 e
*********************************************************
Geometric Ellipsoid: 
*********************************************************
maximal distances: 14.0499  17.3916  25.4204  Ang
Initial axis length: 65.1575  68.4992  76.528  Ang
Ellipsoid axis length: 69.0975  72.4392  80.468  Ang
ellipsoid calculation time: 4.1008e-05 s
maximal impact parameter: 80.468 Ang
*********************************************************
Linked-cell: 
Numbers of cells: 2184
Nx: 12 Ny: 13 Nz: 14
Filled cells: 36
Empty cells: 2148
Average atoms per cell: 54.3889
Maximum atoms per cell: 184
Minimum atoms per cell: 1
Simulation box: 
lx: 144.12 Ang
ly: 156.13 Ang
lz: 168.14 Ang
linked-cell calculation time: 0.00238299 s
time info: 0.000111818 s
*********************************************************
Trajectory calculations 
*********************************************************
out target time: 12.6182 s
Ntraj: 10000
Nfree: 1634
Nscatter: 8365
Nlost: 1
omega: 1787.48
Ntraj: 10000
Nfree: 1550
Nscatter: 8449
Nlost: 1
omega: 1781.21
Ntraj: 10000
Nfree: 1473
Nscatter: 8523
Nlost: 4
omega: 1692.7
Ntraj: 10000
Nfree: 1567
Nscatter: 8433
Nlost: 0
omega: 1669.61
Ntraj: 10000
Nfree: 1539
Nscatter: 8458
Nlost: 3
omega: 1730.36
Ntraj: 10000
Nfree: 1546
Nscatter: 8453
Nlost: 1
omega: 1835.06
Ntraj: 10000
Nfree: 1555
Nscatter: 8445
Nlost: 0
omega: 1743.53
Ntraj: 10000
Nfree: 1564
Nscatter: 8435
Nlost: 1
omega: 1622.76
Ntraj: 10000
Nfree: 1562
Nscatter: 8437
Nlost: 1
omega: 1708.81
Ntraj: 10000
Nfree: 1471
Nscatter: 8528
Nlost: 1
omega: 1765.14
*********************************************************
task: 0
worker id: 14730
time create lcl and mol: 0.000633001 s
numbers of trajectories: 8334
time trajectory calculation: 4.06493 s
task: 1
worker id: 17006
time create lcl and mol: 0.0006001 s
numbers of trajectories: 8334
time trajectory calculation: 7.56384 s
task: 2
worker id: 78841
time create lcl and mol: 0.000494957 s
numbers of trajectories: 8334
time trajectory calculation: 7.60231 s
task: 3
worker id: 86319
time create lcl and mol: 0.000702858 s
numbers of trajectories: 8334
time trajectory calculation: 4.78832 s
task: 4
worker id: 41878
time create lcl and mol: 0.000504971 s
numbers of trajectories: 8333
time trajectory calculation: 3.91594 s
task: 5
worker id: 63472
time create lcl and mol: 0.000491858 s
numbers of trajectories: 8333
time trajectory calculation: 7.96017 s
task: 6
worker id: 44343
time create lcl and mol: 0.000640869 s
numbers of trajectories: 8333
time trajectory calculation: 5.2633 s
task: 7
worker id: 69763
time create lcl and mol: 0.000646114 s
numbers of trajectories: 8333
time trajectory calculation: 5.16725 s
task: 8
worker id: 14730
time create lcl and mol: 0.000502825 s
numbers of trajectories: 8333
time trajectory calculation: 4.6491 s
task: 9
worker id: 69763
time create lcl and mol: 0.000572205 s
numbers of trajectories: 8333
time trajectory calculation: 7.38628 s
task: 10
worker id: 86319
time create lcl and mol: 0.000528097 s
numbers of trajectories: 8333
time trajectory calculation: 4.06423 s
task: 11
worker id: 41878
time create lcl and mol: 0.000644922 s
numbers of trajectories: 8333
time trajectory calculation: 5.17896 s
CCS time: 12.6283 s
*********************************************************
average value of CCS = 1733.66 Ang^2
error value of CCS = 18.7709 Ang^2
Total time: 12.7031 s
Program finished...
*********************************************************
INPUT:: Simulation Parameters 
*********************************************************
target filename                  : 08_1dpx_carga_6_min.xyz
number of probe                  : 10000
number of iterarions             : 10
number of tasks                  : 12
number of threads                : 24
seed number                      : 2104
gas buffer                       : N2
Target Temperature (K)           : 298
timestep (fs)                    : 10
Skin cell size (Ang)             : 0.01
Equipotential                    : no
Cut short-range interaction      : yes
LJ cutoff (Ang)                  : 12
Apply long-range interaction     : yes
Cut long-range interaction       : yes
Coulomb cutoff (Ang)             : 25
Apply induced-dipole interaction : yes
alpha (Ang^3)                    : 1.71
force_type: 6
*********************************************************
Force Field parameters: 
*********************************************************
Symbol  mass (amu)  epislon (kcal/mol)  sigma(Angstroms) 
C   12.011   0.0824736   3.2255
N   14.007   0.0758527   3.5719
H   1.008   0.0362711   1.8986
O   15.999   0.062323   3.075
S   32.06   0.138032   3.4237
P   30.9738   0.145372   3.47
*********************************************************
MOLECULE:: orientation around the inertia principal axis 
*********************************************************
Inertia matrix a.u. Ang^2: 
{  1.81405e+06  216846  -460412  }
{  216846  1.99687e+06  201261  }
{  -460412  201261  1.70147e+06  }
Rotation matrix applied to molecule: 
{  0.77413  0.205074  -0.598888  }
{  -0.630007  0.341884  -0.697285  }
{  0.0617549  0.917093  0.393861  }
Molecule radius: 27.4874 Ang 
orientation time of molecule target: 0.00264502 s
target mass: 14311.2 amu
gas mass: 28.014 amu
reduce mass: 28.014 amu
charge state: 5.9992 e
*********************************************************
Geometric Ellipsoid: 
*********************************************************
maximal distances: 14.0499  17.3916  25.4204  Ang
Initial axis length: 65.1575  68.4992  76.528  Ang
Ellipsoid axis length: 69.0975  72.4392  80.468  Ang
ellipsoid calculation time: 5.22137e-05 s
maximal impact parameter: 80.468 Ang
*********************************************************
Linked-cell: 
Numbers of cells: 2184
Nx: 12 Ny: 13 Nz: 14
Filled cells: 36
Empty cells: 2148
Average atoms per cell: 54.3889
Maximum atoms per cell: 184
Minimum atoms per cell: 1
Simulation box: 
lx: 144.12 Ang
ly: 156.13 Ang
lz: 168.14 Ang
linked-cell calculation time: 0.00233889 s
time info: 0.000104189 s
*********************************************************
Trajectory calculations 
*********************************************************
out target time: 12.1387 s
Ntraj: 10000
Nfree: 1634
Nscatter: 8365
Nlost: 1
omega: 1787.48
Ntraj: 10000
Nfree: 1550
Nscatter: 8449
Nlost: 1
omega: 1781.21
Ntraj: 10000
Nfree: 1473
Nscatter: 8523
Nlost: 4
omega: 1692.7
Ntraj: 10000
Nfree: 1567
Nscatter: 8433
Nlost: 0
omega: 1669.61
Ntraj: 10000
Nfree: 1539
Nscatter: 8458
Nlost: 3
omega: 1730.36
Ntraj: 10000
Nfree: 1546
Nscatter: 8453
Nlost: 1
omega: 1835.06
Ntraj: 10000
Nfree: 1555
Nscatter: 8445
Nlost: 0
omega: 1743.53
Ntraj: 10000
Nfree: 1564
Nscatter: 8435
Nlost: 1
omega: 1622.76
Ntraj: 10000
Nfree: 1562
Nscatter: 8437
Nlost: 1
omega: 1708.81
Ntraj: 10000
Nfree: 1471
Nscatter: 8528
Nlost: 1
omega: 1765.14
*********************************************************
task: 0
worker id: 63872
time create lcl and mol: 0.000528812 s
numbers of trajectories: 8334
time trajectory calculation: 4.06453 s
task: 1
worker id: 15132
time create lcl and mol: 0.000497103 s
numbers of trajectories: 8334
time trajectory calculation: 7.76045 s
task: 2
worker id: 44758
time create lcl and mol: 0.000504017 s
numbers of trajectories: 8334
time trajectory calculation: 7.90777 s
task: 3
worker id: 86721
time create lcl and mol: 0.000530958 s
numbers of trajectories: 8334
time trajectory calculation: 4.7789 s
task: 4
worker id: 17408
time create lcl and mol: 0.000507116 s
numbers of trajectories: 8333
time trajectory calculation: 3.94205 s
task: 5
worker id: 42280
time create lcl and mol: 0.000511885 s
numbers of trajectories: 8333
time trajectory calculation: 7.76653 s
task: 6
worker id: 79243
time create lcl and mol: 0.000613928 s
numbers of trajectories: 8333
time trajectory calculation: 5.49873 s
task: 7
worker id: 70166
time create lcl and mol: 0.000513077 s
numbers of trajectories: 8333
time trajectory calculation: 5.16036 s
task: 8
worker id: 63872
time create lcl and mol: 0.000518084 s
numbers of trajectories: 8333
time trajectory calculation: 4.66896 s
task: 9
worker id: 86721
time create lcl and mol: 0.000564098 s
numbers of trajectories: 8333
time trajectory calculation: 7.2954 s
task: 10
worker id: 17408
time create lcl and mol: 0.000527859 s
numbers of trajectories: 8333
time trajectory calculation: 4.07564 s
task: 11
worker id: 70166
time create lcl and mol: 0.000509024 s
numbers of trajectories: 8333
time trajectory calculation: 5.68925 s
CCS time: 12.1487 s
*********************************************************
average value of CCS = 1733.66 Ang^2
error value of CCS = 18.7709 Ang^2
Total time: 12.159 s
Program finished...
*********************************************************
INPUT:: Simulation Parameters 
*********************************************************
target filename                  : 08_1dpx_carga_6_min.xyz
number of probe                  : 10000
number of iterarions             : 10
number of tasks                  : 12
number of threads                : 24
seed number                      : 2104
gas buffer                       : N2
Target Temperature (K)           : 298
timestep (fs)                    : 10
Skin cell size (Ang)             : 0.01
Equipotential                    : no
Cut short-range interaction      : yes
LJ cutoff (Ang)                  : 12
Apply long-range interaction     : yes
Cut long-range interaction       : yes
Coulomb cutoff (Ang)             : 25
Apply induced-dipole interaction : yes
alpha (Ang^3)                    : 1.71
force_type: 6
*********************************************************
Force Field parameters: 
*********************************************************
Symbol  mass (amu)  epislon (kcal/mol)  sigma(Angstroms) 
C   12.011   0.0824736   3.2255
N   14.007   0.0758527   3.5719
H   1.008   0.0362711   1.8986
O   15.999   0.062323   3.075
S   32.06   0.138032   3.4237
P   30.9738   0.145372   3.47
*********************************************************
MOLECULE:: orientation around the inertia principal axis 
*********************************************************
Inertia matrix a.u. Ang^2: 
{  1.81405e+06  216846  -460412  }
{  216846  1.99687e+06  201261  }
{  -460412  201261  1.70147e+06  }
Rotation matrix applied to molecule: 
{  0.77413  0.205074  -0.598888  }
{  -0.630007  0.341884  -0.697285  }
{  0.0617549  0.917093  0.393861  }
Molecule radius: 27.4874 Ang 
orientation time of molecule target: 0.00263214 s
target mass: 14311.2 amu
gas mass: 28.014 amu
reduce mass: 28.014 amu
charge state: 5.9992 e
*********************************************************
Geometric Ellipsoid: 
*********************************************************
maximal distances: 14.0499  17.3916  25.4204  Ang
Initial axis length: 65.1575  68.4992  76.528  Ang
Ellipsoid axis length: 69.0975  72.4392  80.468  Ang
ellipsoid calculation time: 5.29289e-05 s
maximal impact parameter: 80.468 Ang
*********************************************************
Linked-cell: 
Numbers of cells: 2184
Nx: 12 Ny: 13 Nz: 14
Filled cells: 36
Empty cells: 2148
Average atoms per cell: 54.3889
Maximum atoms per cell: 184
Minimum atoms per cell: 1
Simulation box: 
lx: 144.12 Ang
ly: 156.13 Ang
lz: 168.14 Ang
linked-cell calculation time: 0.00230312 s
time info: 0.00010705 s
*********************************************************
Trajectory calculations 
*********************************************************
out target time: 11.2224 s
Ntraj: 10000
Nfree: 1634
Nscatter: 8365
Nlost: 1
omega: 1787.48
Ntraj: 10000
Nfree: 1550
Nscatter: 8449
Nlost: 1
omega: 1781.21
Ntraj: 10000
Nfree: 1473
Nscatter: 8523
Nlost: 4
omega: 1692.7
Ntraj: 10000
Nfree: 1567
Nscatter: 8433
Nlost: 0
omega: 1669.61
Ntraj: 10000
Nfree: 1539
Nscatter: 8458
Nlost: 3
omega: 1730.36
Ntraj: 10000
Nfree: 1546
Nscatter: 8453
Nlost: 1
omega: 1835.06
Ntraj: 10000
Nfree: 1555
Nscatter: 8445
Nlost: 0
omega: 1743.53
Ntraj: 10000
Nfree: 1564
Nscatter: 8435
Nlost: 1
omega: 1622.76
Ntraj: 10000
Nfree: 1562
Nscatter: 8437
Nlost: 1
omega: 1708.81
Ntraj: 10000
Nfree: 1471
Nscatter: 8528
Nlost: 1
omega: 1765.14
*********************************************************
task: 0
worker id: 45480
time create lcl and mol: 0.000527859 s
numbers of trajectories: 8334
time trajectory calculation: 3.85904 s
task: 1
worker id: 79954
time create lcl and mol: 0.000494957 s
numbers of trajectories: 8334
time trajectory calculation: 7.50051 s
task: 2
worker id: 18123
time create lcl and mol: 0.000523806 s
numbers of trajectories: 8334
time trajectory calculation: 7.58392 s
task: 3
worker id: 15848
time create lcl and mol: 0.000521898 s
numbers of trajectories: 8334
time trajectory calculation: 4.73138 s
task: 4
worker id: 87433
time create lcl and mol: 0.000531912 s
numbers of trajectories: 8333
time trajectory calculation: 3.81852 s
task: 5
worker id: 42999
time create lcl and mol: 0.00054121 s
numbers of trajectories: 8333
time trajectory calculation: 7.98368 s
task: 6
worker id: 70879
time create lcl and mol: 0.000559092 s
numbers of trajectories: 8333
time trajectory calculation: 5.46616 s
task: 7
worker id: 64585
time create lcl and mol: 0.000520945 s
numbers of trajectories: 8333
time trajectory calculation: 5.10962 s
task: 8
worker id: 70879
time create lcl and mol: 0.000540018 s
numbers of trajectories: 8333
time trajectory calculation: 4.71145 s
task: 9
worker id: 45480
time create lcl and mol: 0.000555038 s
numbers of trajectories: 8333
time trajectory calculation: 7.28735 s
task: 10
worker id: 64585
time create lcl and mol: 0.000525951 s
numbers of trajectories: 8333
time trajectory calculation: 4.08248 s
task: 11
worker id: 87433
time create lcl and mol: 0.000538111 s
numbers of trajectories: 8333
time trajectory calculation: 5.40948 s
CCS time: 11.2324 s
*********************************************************
average value of CCS = 1733.66 Ang^2
error value of CCS = 18.7709 Ang^2
Total time: 11.2421 s
Program finished...
*********************************************************
INPUT:: Simulation Parameters 
*********************************************************
target filename                  : 08_1dpx_carga_6_min.xyz
number of probe                  : 10000
number of iterarions             : 10
number of tasks                  : 12
number of threads                : 24
seed number                      : 2104
gas buffer                       : N2
Target Temperature (K)           : 298
timestep (fs)                    : 10
Skin cell size (Ang)             : 0.01
Equipotential                    : no
Cut short-range interaction      : yes
LJ cutoff (Ang)                  : 12
Apply long-range interaction     : yes
Cut long-range interaction       : yes
Coulomb cutoff (Ang)             : 25
Apply induced-dipole interaction : yes
alpha (Ang^3)                    : 1.71
force_type: 6
*********************************************************
Force Field parameters: 
*********************************************************
Symbol  mass (amu)  epislon (kcal/mol)  sigma(Angstroms) 
C   12.011   0.0824736   3.2255
N   14.007   0.0758527   3.5719
H   1.008   0.0362711   1.8986
O   15.999   0.062323   3.075
S   32.06   0.138032   3.4237
P   30.9738   0.145372   3.47
*********************************************************
MOLECULE:: orientation around the inertia principal axis 
*********************************************************
Inertia matrix a.u. Ang^2: 
{  1.81405e+06  216846  -460412  }
{  216846  1.99687e+06  201261  }
{  -460412  201261  1.70147e+06  }
Rotation matrix applied to molecule: 
{  0.77413  0.205074  -0.598888  }
{  -0.630007  0.341884  -0.697285  }
{  0.0617549  0.917093  0.393861  }
Molecule radius: 27.4874 Ang 
orientation time of molecule target: 0.0026319 s
target mass: 14311.2 amu
gas mass: 28.014 amu
reduce mass: 28.014 amu
charge state: 5.9992 e
*********************************************************
Geometric Ellipsoid: 
*********************************************************
maximal distances: 14.0499  17.3916  25.4204  Ang
Initial axis length: 65.1575  68.4992  76.528  Ang
Ellipsoid axis length: 69.0975  72.4392  80.468  Ang
ellipsoid calculation time: 4.1008e-05 s
maximal impact parameter: 80.468 Ang
*********************************************************
Linked-cell: 
Numbers of cells: 2184
Nx: 12 Ny: 13 Nz: 14
Filled cells: 36
Empty cells: 2148
Average atoms per cell: 54.3889
Maximum atoms per cell: 184
Minimum atoms per cell: 1
Simulation box: 
lx: 144.12 Ang
ly: 156.13 Ang
lz: 168.14 Ang
linked-cell calculation time: 0.00230908 s
time info: 0.000105858 s
*********************************************************
Trajectory calculations 
*********************************************************
out target time: 11.9309 s
Ntraj: 10000
Nfree: 1634
Nscatter: 8365
Nlost: 1
omega: 1787.48
Ntraj: 10000
Nfree: 1550
Nscatter: 8449
Nlost: 1
omega: 1781.21
Ntraj: 10000
Nfree: 1473
Nscatter: 8523
Nlost: 4
omega: 1692.7
Ntraj: 10000
Nfree: 1567
Nscatter: 8433
Nlost: 0
omega: 1669.61
Ntraj: 10000
Nfree: 1539
Nscatter: 8458
Nlost: 3
omega: 1730.36
Ntraj: 10000
Nfree: 1546
Nscatter: 8453
Nlost: 1
omega: 1835.06
Ntraj: 10000
Nfree: 1555
Nscatter: 8445
Nlost: 0
omega: 1743.53
Ntraj: 10000
Nfree: 1564
Nscatter: 8435
Nlost: 1
omega: 1622.76
Ntraj: 10000
Nfree: 1562
Nscatter: 8437
Nlost: 1
omega: 1708.81
Ntraj: 10000
Nfree: 1471
Nscatter: 8528
Nlost: 1
omega: 1765.14
*********************************************************
task: 0
worker id: 87850
time create lcl and mol: 0.000576973 s
numbers of trajectories: 8334
time trajectory calculation: 3.88889 s
task: 1
worker id: 71296
time create lcl and mol: 0.000544071 s
numbers of trajectories: 8334
time trajectory calculation: 7.69677 s
task: 2
worker id: 16267
time create lcl and mol: 0.000721931 s
numbers of trajectories: 8334
time trajectory calculation: 7.73352 s
task: 3
worker id: 80370
time create lcl and mol: 0.000504971 s
numbers of trajectories: 8334
time trajectory calculation: 4.75372 s
task: 4
worker id: 71296
time create lcl and mol: 0.000761986 s
numbers of trajectories: 8333
time trajectory calculation: 3.92433 s
task: 5
worker id: 18538
time create lcl and mol: 0.000579119 s
numbers of trajectories: 8333
time trajectory calculation: 7.73517 s
task: 6
worker id: 45915
time create lcl and mol: 0.000769854 s
numbers of trajectories: 8333
time trajectory calculation: 5.45136 s
task: 7
worker id: 65004
time create lcl and mol: 0.000519037 s
numbers of trajectories: 8333
time trajectory calculation: 5.09655 s
task: 8
worker id: 87850
time create lcl and mol: 0.000540018 s
numbers of trajectories: 8333
time trajectory calculation: 4.66283 s
task: 9
worker id: 80370
time create lcl and mol: 0.000527143 s
numbers of trajectories: 8333
time trajectory calculation: 7.09852 s
task: 10
worker id: 65004
time create lcl and mol: 0.000545979 s
numbers of trajectories: 8333
time trajectory calculation: 3.90655 s
task: 11
worker id: 43418
time create lcl and mol: 0.000561953 s
numbers of trajectories: 8333
time trajectory calculation: 5.45551 s
CCS time: 11.9411 s
*********************************************************
average value of CCS = 1733.66 Ang^2
error value of CCS = 18.7709 Ang^2
Total time: 11.9512 s
Program finished...
*********************************************************
INPUT:: Simulation Parameters 
*********************************************************
target filename                  : 08_1dpx_carga_6_min.xyz
number of probe                  : 10000
number of iterarions             : 10
number of tasks                  : 12
number of threads                : 24
seed number                      : 2104
gas buffer                       : N2
Target Temperature (K)           : 298
timestep (fs)                    : 10
Skin cell size (Ang)             : 0.01
Equipotential                    : no
Cut short-range interaction      : yes
LJ cutoff (Ang)                  : 12
Apply long-range interaction     : yes
Cut long-range interaction       : yes
Coulomb cutoff (Ang)             : 25
Apply induced-dipole interaction : yes
alpha (Ang^3)                    : 1.71
force_type: 6
*********************************************************
Force Field parameters: 
*********************************************************
Symbol  mass (amu)  epislon (kcal/mol)  sigma(Angstroms) 
C   12.011   0.0824736   3.2255
N   14.007   0.0758527   3.5719
H   1.008   0.0362711   1.8986
O   15.999   0.062323   3.075
S   32.06   0.138032   3.4237
P   30.9738   0.145372   3.47
*********************************************************
MOLECULE:: orientation around the inertia principal axis 
*********************************************************
Inertia matrix a.u. Ang^2: 
{  1.81405e+06  216846  -460412  }
{  216846  1.99687e+06  201261  }
{  -460412  201261  1.70147e+06  }
Rotation matrix applied to molecule: 
{  0.77413  0.205074  -0.598888  }
{  -0.630007  0.341884  -0.697285  }
{  0.0617549  0.917093  0.393861  }
Molecule radius: 27.4874 Ang 
orientation time of molecule target: 0.00290799 s
target mass: 14311.2 amu
gas mass: 28.014 amu
reduce mass: 28.014 amu
charge state: 5.9992 e
*********************************************************
Geometric Ellipsoid: 
*********************************************************
maximal distances: 14.0499  17.3916  25.4204  Ang
Initial axis length: 65.1575  68.4992  76.528  Ang
Ellipsoid axis length: 69.0975  72.4392  80.468  Ang
ellipsoid calculation time: 4.29153e-05 s
maximal impact parameter: 80.468 Ang
*********************************************************
Linked-cell: 
Numbers of cells: 2184
Nx: 12 Ny: 13 Nz: 14
Filled cells: 36
Empty cells: 2148
Average atoms per cell: 54.3889
Maximum atoms per cell: 184
Minimum atoms per cell: 1
Simulation box: 
lx: 144.12 Ang
ly: 156.13 Ang
lz: 168.14 Ang
linked-cell calculation time: 0.00234818 s
time info: 0.000101089 s
*********************************************************
Trajectory calculations 
*********************************************************
out target time: 11.3327 s
Ntraj: 10000
Nfree: 1634
Nscatter: 8365
Nlost: 1
omega: 1787.48
Ntraj: 10000
Nfree: 1550
Nscatter: 8449
Nlost: 1
omega: 1781.21
Ntraj: 10000
Nfree: 1473
Nscatter: 8523
Nlost: 4
omega: 1692.7
Ntraj: 10000
Nfree: 1567
Nscatter: 8433
Nlost: 0
omega: 1669.61
Ntraj: 10000
Nfree: 1539
Nscatter: 8458
Nlost: 3
omega: 1730.36
Ntraj: 10000
Nfree: 1546
Nscatter: 8453
Nlost: 1
omega: 1835.06
Ntraj: 10000
Nfree: 1555
Nscatter: 8445
Nlost: 0
omega: 1743.53
Ntraj: 10000
Nfree: 1564
Nscatter: 8435
Nlost: 1
omega: 1622.76
Ntraj: 10000
Nfree: 1562
Nscatter: 8437
Nlost: 1
omega: 1708.81
Ntraj: 10000
Nfree: 1471
Nscatter: 8528
Nlost: 1
omega: 1765.14
*********************************************************
task: 0
worker id: 80771
time create lcl and mol: 0.000521183 s
numbers of trajectories: 8334
time trajectory calculation: 4.07313 s
task: 1
worker id: 43819
time create lcl and mol: 0.00067687 s
numbers of trajectories: 8334
time trajectory calculation: 7.81236 s
task: 2
worker id: 65404
time create lcl and mol: 0.000524044 s
numbers of trajectories: 8334
time trajectory calculation: 7.82994 s
task: 3
worker id: 18941
time create lcl and mol: 0.000515938 s
numbers of trajectories: 8334
time trajectory calculation: 4.82687 s
task: 4
worker id: 16671
time create lcl and mol: 0.000519991 s
numbers of trajectories: 8333
time trajectory calculation: 3.97043 s
task: 5
worker id: 46334
time create lcl and mol: 0.000506163 s
numbers of trajectories: 8333
time trajectory calculation: 7.85151 s
task: 6
worker id: 88253
time create lcl and mol: 0.000531912 s
numbers of trajectories: 8333
time trajectory calculation: 5.41352 s
task: 7
worker id: 71696
time create lcl and mol: 0.000504971 s
numbers of trajectories: 8333
time trajectory calculation: 5.20061 s
task: 8
worker id: 80771
time create lcl and mol: 0.000560045 s
numbers of trajectories: 8333
time trajectory calculation: 4.66742 s
task: 9
worker id: 16671
time create lcl and mol: 0.000581026 s
numbers of trajectories: 8333
time trajectory calculation: 7.29383 s
task: 10
worker id: 71696
time create lcl and mol: 0.000561953 s
numbers of trajectories: 8333
time trajectory calculation: 4.04354 s
task: 11
worker id: 18941
time create lcl and mol: 0.000535965 s
numbers of trajectories: 8333
time trajectory calculation: 5.61381 s
CCS time: 11.3428 s
*********************************************************
average value of CCS = 1733.66 Ang^2
error value of CCS = 18.7709 Ang^2
Total time: 11.353 s
Program finished...
*********************************************************
INPUT:: Simulation Parameters 
*********************************************************
target filename                  : 08_1dpx_carga_6_min.xyz
number of probe                  : 10000
number of iterarions             : 10
number of tasks                  : 12
number of threads                : 24
seed number                      : 2104
gas buffer                       : N2
Target Temperature (K)           : 298
timestep (fs)                    : 10
Skin cell size (Ang)             : 0.01
Equipotential                    : no
Cut short-range interaction      : yes
LJ cutoff (Ang)                  : 12
Apply long-range interaction     : yes
Cut long-range interaction       : yes
Coulomb cutoff (Ang)             : 25
Apply induced-dipole interaction : yes
alpha (Ang^3)                    : 1.71
force_type: 6
*********************************************************
Force Field parameters: 
*********************************************************
Symbol  mass (amu)  epislon (kcal/mol)  sigma(Angstroms) 
C   12.011   0.0824736   3.2255
N   14.007   0.0758527   3.5719
H   1.008   0.0362711   1.8986
O   15.999   0.062323   3.075
S   32.06   0.138032   3.4237
P   30.9738   0.145372   3.47
*********************************************************
MOLECULE:: orientation around the inertia principal axis 
*********************************************************
Inertia matrix a.u. Ang^2: 
{  1.81405e+06  216846  -460412  }
{  216846  1.99687e+06  201261  }
{  -460412  201261  1.70147e+06  }
Rotation matrix applied to molecule: 
{  0.77413  0.205074  -0.598888  }
{  -0.630007  0.341884  -0.697285  }
{  0.0617549  0.917093  0.393861  }
Molecule radius: 27.4874 Ang 
orientation time of molecule target: 0.107156 s
target mass: 14311.2 amu
gas mass: 28.014 amu
reduce mass: 28.014 amu
charge state: 5.9992 e
*********************************************************
Geometric Ellipsoid: 
*********************************************************
maximal distances: 14.0499  17.3916  25.4204  Ang
Initial axis length: 65.1575  68.4992  76.528  Ang
Ellipsoid axis length: 69.0975  72.4392  80.468  Ang
ellipsoid calculation time: 8.2016e-05 s
maximal impact parameter: 80.468 Ang
*********************************************************
Linked-cell: 
Numbers of cells: 2184
Nx: 12 Ny: 13 Nz: 14
Filled cells: 36
Empty cells: 2148
Average atoms per cell: 54.3889
Maximum atoms per cell: 184
Minimum atoms per cell: 1
Simulation box: 
lx: 144.12 Ang
ly: 156.13 Ang
lz: 168.14 Ang
linked-cell calculation time: 0.00227189 s
time info: 0.000108004 s
*********************************************************
Trajectory calculations 
*********************************************************
out target time: 12.4172 s
Ntraj: 10000
Nfree: 1634
Nscatter: 8365
Nlost: 1
omega: 1787.48
Ntraj: 10000
Nfree: 1550
Nscatter: 8449
Nlost: 1
omega: 1781.21
Ntraj: 10000
Nfree: 1473
Nscatter: 8523
Nlost: 4
omega: 1692.7
Ntraj: 10000
Nfree: 1567
Nscatter: 8433
Nlost: 0
omega: 1669.61
Ntraj: 10000
Nfree: 1539
Nscatter: 8458
Nlost: 3
omega: 1730.36
Ntraj: 10000
Nfree: 1546
Nscatter: 8453
Nlost: 1
omega: 1835.06
Ntraj: 10000
Nfree: 1555
Nscatter: 8445
Nlost: 0
omega: 1743.53
Ntraj: 10000
Nfree: 1564
Nscatter: 8435
Nlost: 1
omega: 1622.76
Ntraj: 10000
Nfree: 1562
Nscatter: 8437
Nlost: 1
omega: 1708.81
Ntraj: 10000
Nfree: 1471
Nscatter: 8528
Nlost: 1
omega: 1765.14
*********************************************************
task: 0
worker id: 35173
time create lcl and mol: 0.000495911 s
numbers of trajectories: 8334
time trajectory calculation: 4.02424 s
task: 1
worker id: 34522
time create lcl and mol: 0.000504017 s
numbers of trajectories: 8334
time trajectory calculation: 7.72133 s
task: 2
worker id: 34793
time create lcl and mol: 0.000519037 s
numbers of trajectories: 8334
time trajectory calculation: 7.72109 s
task: 3
worker id: 35173
time create lcl and mol: 0.000495911 s
numbers of trajectories: 8334
time trajectory calculation: 4.56519 s
task: 4
worker id: 37438
time create lcl and mol: 0.000569105 s
numbers of trajectories: 8333
time trajectory calculation: 3.75442 s
task: 5
worker id: 35042
time create lcl and mol: 0.000530958 s
numbers of trajectories: 8333
time trajectory calculation: 7.84793 s
task: 6
worker id: 34858
time create lcl and mol: 0.000537157 s
numbers of trajectories: 8333
time trajectory calculation: 5.24405 s
task: 7
worker id: 33966
time create lcl and mol: 0.000505924 s
numbers of trajectories: 8333
time trajectory calculation: 5.18884 s
task: 8
worker id: 34717
time create lcl and mol: 0.000521183 s
numbers of trajectories: 8333
time trajectory calculation: 4.70541 s
task: 9
worker id: 33966
time create lcl and mol: 0.000648975 s
numbers of trajectories: 8333
time trajectory calculation: 7.13114 s
task: 10
worker id: 34717
time create lcl and mol: 0.000528097 s
numbers of trajectories: 8333
time trajectory calculation: 3.98033 s
task: 11
worker id: 37438
time create lcl and mol: 0.000503063 s
numbers of trajectories: 8333
time trajectory calculation: 5.26419 s
CCS time: 12.4276 s
*********************************************************
average value of CCS = 1733.66 Ang^2
error value of CCS = 18.7709 Ang^2
Total time: 12.5421 s
Program finished...
*********************************************************
INPUT:: Simulation Parameters 
*********************************************************
target filename                  : 08_1dpx_carga_6_min.xyz
number of probe                  : 10000
number of iterarions             : 10
number of tasks                  : 12
number of threads                : 24
seed number                      : 2104
gas buffer                       : N2
Target Temperature (K)           : 298
timestep (fs)                    : 10
Skin cell size (Ang)             : 0.01
Equipotential                    : no
Cut short-range interaction      : yes
LJ cutoff (Ang)                  : 12
Apply long-range interaction     : yes
Cut long-range interaction       : yes
Coulomb cutoff (Ang)             : 25
Apply induced-dipole interaction : yes
alpha (Ang^3)                    : 1.71
force_type: 6
*********************************************************
Force Field parameters: 
*********************************************************
Symbol  mass (amu)  epislon (kcal/mol)  sigma(Angstroms) 
C   12.011   0.0824736   3.2255
N   14.007   0.0758527   3.5719
H   1.008   0.0362711   1.8986
O   15.999   0.062323   3.075
S   32.06   0.138032   3.4237
P   30.9738   0.145372   3.47
*********************************************************
MOLECULE:: orientation around the inertia principal axis 
*********************************************************
Inertia matrix a.u. Ang^2: 
{  1.81405e+06  216846  -460412  }
{  216846  1.99687e+06  201261  }
{  -460412  201261  1.70147e+06  }
Rotation matrix applied to molecule: 
{  0.77413  0.205074  -0.598888  }
{  -0.630007  0.341884  -0.697285  }
{  0.0617549  0.917093  0.393861  }
Molecule radius: 27.4874 Ang 
orientation time of molecule target: 0.00266504 s
target mass: 14311.2 amu
gas mass: 28.014 amu
reduce mass: 28.014 amu
charge state: 5.9992 e
*********************************************************
Geometric Ellipsoid: 
*********************************************************
maximal distances: 14.0499  17.3916  25.4204  Ang
Initial axis length: 65.1575  68.4992  76.528  Ang
Ellipsoid axis length: 69.0975  72.4392  80.468  Ang
ellipsoid calculation time: 4.3869e-05 s
maximal impact parameter: 80.468 Ang
*********************************************************
Linked-cell: 
Numbers of cells: 2184
Nx: 12 Ny: 13 Nz: 14
Filled cells: 36
Empty cells: 2148
Average atoms per cell: 54.3889
Maximum atoms per cell: 184
Minimum atoms per cell: 1
Simulation box: 
lx: 144.12 Ang
ly: 156.13 Ang
lz: 168.14 Ang
linked-cell calculation time: 0.00227094 s
time info: 0.000101089 s
*********************************************************
Trajectory calculations 
*********************************************************
out target time: 11.5663 s
Ntraj: 10000
Nfree: 1634
Nscatter: 8365
Nlost: 1
omega: 1787.48
Ntraj: 10000
Nfree: 1550
Nscatter: 8449
Nlost: 1
omega: 1781.21
Ntraj: 10000
Nfree: 1473
Nscatter: 8523
Nlost: 4
omega: 1692.7
Ntraj: 10000
Nfree: 1567
Nscatter: 8433
Nlost: 0
omega: 1669.61
Ntraj: 10000
Nfree: 1539
Nscatter: 8458
Nlost: 3
omega: 1730.36
Ntraj: 10000
Nfree: 1546
Nscatter: 8453
Nlost: 1
omega: 1835.06
Ntraj: 10000
Nfree: 1555
Nscatter: 8445
Nlost: 0
omega: 1743.53
Ntraj: 10000
Nfree: 1564
Nscatter: 8435
Nlost: 1
omega: 1622.76
Ntraj: 10000
Nfree: 1562
Nscatter: 8437
Nlost: 1
omega: 1708.81
Ntraj: 10000
Nfree: 1471
Nscatter: 8528
Nlost: 1
omega: 1765.14
*********************************************************
task: 0
worker id: 37891
time create lcl and mol: 0.000527859 s
numbers of trajectories: 8334
time trajectory calculation: 4.06967 s
task: 1
worker id: 35296
time create lcl and mol: 0.000645876 s
numbers of trajectories: 8334
time trajectory calculation: 7.5918 s
task: 2
worker id: 34402
time create lcl and mol: 0.000501871 s
numbers of trajectories: 8334
time trajectory calculation: 7.76127 s
task: 3
worker id: 34961
time create lcl and mol: 0.000512838 s
numbers of trajectories: 8334
time trajectory calculation: 4.78479 s
task: 4
worker id: 35230
time create lcl and mol: 0.000519991 s
numbers of trajectories: 8333
time trajectory calculation: 3.76322 s
task: 5
worker id: 35154
time create lcl and mol: 0.00079608 s
numbers of trajectories: 8333
time trajectory calculation: 7.80355 s
task: 6
worker id: 35613
time create lcl and mol: 0.000539064 s
numbers of trajectories: 8333
time trajectory calculation: 5.38148 s
task: 7
worker id: 35481
time create lcl and mol: 0.000501871 s
numbers of trajectories: 8333
time trajectory calculation: 5.15559 s
task: 8
worker id: 35481
time create lcl and mol: 0.00050807 s
numbers of trajectories: 8333
time trajectory calculation: 4.50042 s
task: 9
worker id: 37891
time create lcl and mol: 0.00067997 s
numbers of trajectories: 8333
time trajectory calculation: 7.37126 s
task: 10
worker id: 35230
time create lcl and mol: 0.000570774 s
numbers of trajectories: 8333
time trajectory calculation: 3.90852 s
task: 11
worker id: 34961
time create lcl and mol: 0.000568867 s
numbers of trajectories: 8333
time trajectory calculation: 5.50915 s
CCS time: 11.5763 s
*********************************************************
average value of CCS = 1733.66 Ang^2
error value of CCS = 18.7709 Ang^2
Total time: 11.5867 s
Program finished...
*********************************************************
INPUT:: Simulation Parameters 
*********************************************************
target filename                  : 08_1dpx_carga_6_min.xyz
number of probe                  : 10000
number of iterarions             : 10
number of tasks                  : 12
number of threads                : 24
seed number                      : 2104
gas buffer                       : N2
Target Temperature (K)           : 298
timestep (fs)                    : 10
Skin cell size (Ang)             : 0.01
Equipotential                    : no
Cut short-range interaction      : yes
LJ cutoff (Ang)                  : 12
Apply long-range interaction     : yes
Cut long-range interaction       : yes
Coulomb cutoff (Ang)             : 25
Apply induced-dipole interaction : yes
alpha (Ang^3)                    : 1.71
force_type: 6
*********************************************************
Force Field parameters: 
*********************************************************
Symbol  mass (amu)  epislon (kcal/mol)  sigma(Angstroms) 
C   12.011   0.0824736   3.2255
N   14.007   0.0758527   3.5719
H   1.008   0.0362711   1.8986
O   15.999   0.062323   3.075
S   32.06   0.138032   3.4237
P   30.9738   0.145372   3.47
*********************************************************
MOLECULE:: orientation around the inertia principal axis 
*********************************************************
Inertia matrix a.u. Ang^2: 
{  1.81405e+06  216846  -460412  }
{  216846  1.99687e+06  201261  }
{  -460412  201261  1.70147e+06  }
Rotation matrix applied to molecule: 
{  0.77413  0.205074  -0.598888  }
{  -0.630007  0.341884  -0.697285  }
{  0.0617549  0.917093  0.393861  }
Molecule radius: 27.4874 Ang 
orientation time of molecule target: 0.00257301 s
target mass: 14311.2 amu
gas mass: 28.014 amu
reduce mass: 28.014 amu
charge state: 5.9992 e
*********************************************************
Geometric Ellipsoid: 
*********************************************************
maximal distances: 14.0499  17.3916  25.4204  Ang
Initial axis length: 65.1575  68.4992  76.528  Ang
Ellipsoid axis length: 69.0975  72.4392  80.468  Ang
ellipsoid calculation time: 4.98295e-05 s
maximal impact parameter: 80.468 Ang
*********************************************************
Linked-cell: 
Numbers of cells: 2184
Nx: 12 Ny: 13 Nz: 14
Filled cells: 36
Empty cells: 2148
Average atoms per cell: 54.3889
Maximum atoms per cell: 184
Minimum atoms per cell: 1
Simulation box: 
lx: 144.12 Ang
ly: 156.13 Ang
lz: 168.14 Ang
linked-cell calculation time: 0.00230002 s
time info: 9.70364e-05 s
*********************************************************
Trajectory calculations 
*********************************************************
out target time: 12.1351 s
Ntraj: 10000
Nfree: 1634
Nscatter: 8365
Nlost: 1
omega: 1787.48
Ntraj: 10000
Nfree: 1550
Nscatter: 8449
Nlost: 1
omega: 1781.21
Ntraj: 10000
Nfree: 1473
Nscatter: 8523
Nlost: 4
omega: 1692.7
Ntraj: 10000
Nfree: 1567
Nscatter: 8433
Nlost: 0
omega: 1669.61
Ntraj: 10000
Nfree: 1539
Nscatter: 8458
Nlost: 3
omega: 1730.36
Ntraj: 10000
Nfree: 1546
Nscatter: 8453
Nlost: 1
omega: 1835.06
Ntraj: 10000
Nfree: 1555
Nscatter: 8445
Nlost: 0
omega: 1743.53
Ntraj: 10000
Nfree: 1564
Nscatter: 8435
Nlost: 1
omega: 1622.76
Ntraj: 10000
Nfree: 1562
Nscatter: 8437
Nlost: 1
omega: 1708.81
Ntraj: 10000
Nfree: 1471
Nscatter: 8528
Nlost: 1
omega: 1765.14
*********************************************************
task: 0
worker id: 34819
time create lcl and mol: 0.00049901 s
numbers of trajectories: 8334
time trajectory calculation: 4.09171 s
task: 1
worker id: 35717
time create lcl and mol: 0.000525951 s
numbers of trajectories: 8334
time trajectory calculation: 7.7158 s
task: 2
worker id: 35648
time create lcl and mol: 0.000513077 s
numbers of trajectories: 8334
time trajectory calculation: 7.67807 s
task: 3
worker id: 35899
time create lcl and mol: 0.00053215 s
numbers of trajectories: 8334
time trajectory calculation: 4.70012 s
task: 4
worker id: 36033
time create lcl and mol: 0.000511885 s
numbers of trajectories: 8333
time trajectory calculation: 3.85803 s
task: 5
worker id: 35573
time create lcl and mol: 0.000494003 s
numbers of trajectories: 8333
time trajectory calculation: 7.89048 s
task: 6
worker id: 35377
time create lcl and mol: 0.000522852 s
numbers of trajectories: 8333
time trajectory calculation: 5.32697 s
task: 7
worker id: 36033
time create lcl and mol: 0.000542879 s
numbers of trajectories: 8333
time trajectory calculation: 5.16962 s
task: 8
worker id: 38322
time create lcl and mol: 0.000518084 s
numbers of trajectories: 8333
time trajectory calculation: 4.68175 s
task: 9
worker id: 35899
time create lcl and mol: 0.000512123 s
numbers of trajectories: 8333
time trajectory calculation: 7.37403 s
task: 10
worker id: 38322
time create lcl and mol: 0.00051403 s
numbers of trajectories: 8333
time trajectory calculation: 4.03428 s
task: 11
worker id: 34819
time create lcl and mol: 0.000535965 s
numbers of trajectories: 8333
time trajectory calculation: 5.4708 s
CCS time: 12.1449 s
*********************************************************
average value of CCS = 1733.66 Ang^2
error value of CCS = 18.7709 Ang^2
Total time: 12.1549 s
Program finished...
*********************************************************
INPUT:: Simulation Parameters 
*********************************************************
target filename                  : 08_1dpx_carga_6_min.xyz
number of probe                  : 10000
number of iterarions             : 10
number of tasks                  : 12
number of threads                : 24
seed number                      : 2104
gas buffer                       : N2
Target Temperature (K)           : 298
timestep (fs)                    : 10
Skin cell size (Ang)             : 0.01
Equipotential                    : no
Cut short-range interaction      : yes
LJ cutoff (Ang)                  : 12
Apply long-range interaction     : yes
Cut long-range interaction       : yes
Coulomb cutoff (Ang)             : 25
Apply induced-dipole interaction : yes
alpha (Ang^3)                    : 1.71
force_type: 6
*********************************************************
Force Field parameters: 
*********************************************************
Symbol  mass (amu)  epislon (kcal/mol)  sigma(Angstroms) 
C   12.011   0.0824736   3.2255
N   14.007   0.0758527   3.5719
H   1.008   0.0362711   1.8986
O   15.999   0.062323   3.075
S   32.06   0.138032   3.4237
P   30.9738   0.145372   3.47
*********************************************************
MOLECULE:: orientation around the inertia principal axis 
*********************************************************
Inertia matrix a.u. Ang^2: 
{  1.81405e+06  216846  -460412  }
{  216846  1.99687e+06  201261  }
{  -460412  201261  1.70147e+06  }
Rotation matrix applied to molecule: 
{  0.77413  0.205074  -0.598888  }
{  -0.630007  0.341884  -0.697285  }
{  0.0617549  0.917093  0.393861  }
Molecule radius: 27.4874 Ang 
orientation time of molecule target: 0.00259709 s
target mass: 14311.2 amu
gas mass: 28.014 amu
reduce mass: 28.014 amu
charge state: 5.9992 e
*********************************************************
Geometric Ellipsoid: 
*********************************************************
maximal distances: 14.0499  17.3916  25.4204  Ang
Initial axis length: 65.1575  68.4992  76.528  Ang
Ellipsoid axis length: 69.0975  72.4392  80.468  Ang
ellipsoid calculation time: 4.88758e-05 s
maximal impact parameter: 80.468 Ang
*********************************************************
Linked-cell: 
Numbers of cells: 2184
Nx: 12 Ny: 13 Nz: 14
Filled cells: 36
Empty cells: 2148
Average atoms per cell: 54.3889
Maximum atoms per cell: 184
Minimum atoms per cell: 1
Simulation box: 
lx: 144.12 Ang
ly: 156.13 Ang
lz: 168.14 Ang
linked-cell calculation time: 0.00226688 s
time info: 0.000100851 s
*********************************************************
Trajectory calculations 
*********************************************************
out target time: 10.9825 s
Ntraj: 10000
Nfree: 1634
Nscatter: 8365
Nlost: 1
omega: 1787.48
Ntraj: 10000
Nfree: 1550
Nscatter: 8449
Nlost: 1
omega: 1781.21
Ntraj: 10000
Nfree: 1473
Nscatter: 8523
Nlost: 4
omega: 1692.7
Ntraj: 10000
Nfree: 1567
Nscatter: 8433
Nlost: 0
omega: 1669.61
Ntraj: 10000
Nfree: 1539
Nscatter: 8458
Nlost: 3
omega: 1730.36
Ntraj: 10000
Nfree: 1546
Nscatter: 8453
Nlost: 1
omega: 1835.06
Ntraj: 10000
Nfree: 1555
Nscatter: 8445
Nlost: 0
omega: 1743.53
Ntraj: 10000
Nfree: 1564
Nscatter: 8435
Nlost: 1
omega: 1622.76
Ntraj: 10000
Nfree: 1562
Nscatter: 8437
Nlost: 1
omega: 1708.81
Ntraj: 10000
Nfree: 1471
Nscatter: 8528
Nlost: 1
omega: 1765.14
*********************************************************
task: 0
worker id: 39046
time create lcl and mol: 0.000543118 s
numbers of trajectories: 8334
time trajectory calculation: 4.02684 s
task: 1
worker id: 36604
time create lcl and mol: 0.000498056 s
numbers of trajectories: 8334
time trajectory calculation: 7.6557 s
task: 2
worker id: 36279
time create lcl and mol: 0.000492096 s
numbers of trajectories: 8334
time trajectory calculation: 7.77299 s
task: 3
worker id: 36083
time create lcl and mol: 0.000519037 s
numbers of trajectories: 8334
time trajectory calculation: 4.70963 s
task: 4
worker id: 36354
time create lcl and mol: 0.000529051 s
numbers of trajectories: 8333
time trajectory calculation: 3.73913 s
task: 5
worker id: 36745
time create lcl and mol: 0.00049305 s
numbers of trajectories: 8333
time trajectory calculation: 8.04532 s
task: 6
worker id: 36424
time create lcl and mol: 0.000540018 s
numbers of trajectories: 8333
time trajectory calculation: 5.44668 s
task: 7
worker id: 35523
time create lcl and mol: 0.000500917 s
numbers of trajectories: 8333
time trajectory calculation: 5.17279 s
task: 8
worker id: 39046
time create lcl and mol: 0.00052309 s
numbers of trajectories: 8333
time trajectory calculation: 4.50837 s
task: 9
worker id: 36354
time create lcl and mol: 0.000519037 s
numbers of trajectories: 8333
time trajectory calculation: 7.17833 s
task: 10
worker id: 35523
time create lcl and mol: 0.000790834 s
numbers of trajectories: 8333
time trajectory calculation: 3.87713 s
task: 11
worker id: 36083
time create lcl and mol: 0.000521898 s
numbers of trajectories: 8333
time trajectory calculation: 5.43139 s
CCS time: 10.9925 s
*********************************************************
average value of CCS = 1733.66 Ang^2
error value of CCS = 18.7709 Ang^2
Total time: 11.0029 s
Program finished...
*********************************************************
INPUT:: Simulation Parameters 
*********************************************************
target filename                  : 08_1dpx_carga_6_min.xyz
number of probe                  : 10000
number of iterarions             : 10
number of tasks                  : 12
number of threads                : 24
seed number                      : 2104
gas buffer                       : N2
Target Temperature (K)           : 298
timestep (fs)                    : 10
Skin cell size (Ang)             : 0.01
Equipotential                    : no
Cut short-range interaction      : yes
LJ cutoff (Ang)                  : 12
Apply long-range interaction     : yes
Cut long-range interaction       : yes
Coulomb cutoff (Ang)             : 25
Apply induced-dipole interaction : yes
alpha (Ang^3)                    : 1.71
force_type: 6
*********************************************************
Force Field parameters: 
*********************************************************
Symbol  mass (amu)  epislon (kcal/mol)  sigma(Angstroms) 
C   12.011   0.0824736   3.2255
N   14.007   0.0758527   3.5719
H   1.008   0.0362711   1.8986
O   15.999   0.062323   3.075
S   32.06   0.138032   3.4237
P   30.9738   0.145372   3.47
*********************************************************
MOLECULE:: orientation around the inertia principal axis 
*********************************************************
Inertia matrix a.u. Ang^2: 
{  1.81405e+06  216846  -460412  }
{  216846  1.99687e+06  201261  }
{  -460412  201261  1.70147e+06  }
Rotation matrix applied to molecule: 
{  0.77413  0.205074  -0.598888  }
{  -0.630007  0.341884  -0.697285  }
{  0.0617549  0.917093  0.393861  }
Molecule radius: 27.4874 Ang 
orientation time of molecule target: 0.00290203 s
target mass: 14311.2 amu
gas mass: 28.014 amu
reduce mass: 28.014 amu
charge state: 5.9992 e
*********************************************************
Geometric Ellipsoid: 
*********************************************************
maximal distances: 14.0499  17.3916  25.4204  Ang
Initial axis length: 65.1575  68.4992  76.528  Ang
Ellipsoid axis length: 69.0975  72.4392  80.468  Ang
ellipsoid calculation time: 7.20024e-05 s
maximal impact parameter: 80.468 Ang
*********************************************************
Linked-cell: 
Numbers of cells: 2184
Nx: 12 Ny: 13 Nz: 14
Filled cells: 36
Empty cells: 2148
Average atoms per cell: 54.3889
Maximum atoms per cell: 184
Minimum atoms per cell: 1
Simulation box: 
lx: 144.12 Ang
ly: 156.13 Ang
lz: 168.14 Ang
linked-cell calculation time: 0.00223088 s
time info: 0.000101805 s
*********************************************************
Trajectory calculations 
*********************************************************
out target time: 11.9145 s
Ntraj: 10000
Nfree: 1634
Nscatter: 8365
Nlost: 1
omega: 1787.48
Ntraj: 10000
Nfree: 1550
Nscatter: 8449
Nlost: 1
omega: 1781.21
Ntraj: 10000
Nfree: 1473
Nscatter: 8523
Nlost: 4
omega: 1692.7
Ntraj: 10000
Nfree: 1567
Nscatter: 8433
Nlost: 0
omega: 1669.61
Ntraj: 10000
Nfree: 1539
Nscatter: 8458
Nlost: 3
omega: 1730.36
Ntraj: 10000
Nfree: 1546
Nscatter: 8453
Nlost: 1
omega: 1835.06
Ntraj: 10000
Nfree: 1555
Nscatter: 8445
Nlost: 0
omega: 1743.53
Ntraj: 10000
Nfree: 1564
Nscatter: 8435
Nlost: 1
omega: 1622.76
Ntraj: 10000
Nfree: 1562
Nscatter: 8437
Nlost: 1
omega: 1708.81
Ntraj: 10000
Nfree: 1471
Nscatter: 8528
Nlost: 1
omega: 1765.14
*********************************************************
task: 0
worker id: 36824
time create lcl and mol: 0.000539064 s
numbers of trajectories: 8334
time trajectory calculation: 4.04323 s
task: 1
worker id: 37147
time create lcl and mol: 0.000516176 s
numbers of trajectories: 8334
time trajectory calculation: 7.50575 s
task: 2
worker id: 36758
time create lcl and mol: 0.000521898 s
numbers of trajectories: 8334
time trajectory calculation: 7.45019 s
task: 3
worker id: 35929
time create lcl and mol: 0.000519991 s
numbers of trajectories: 8334
time trajectory calculation: 4.89342 s
task: 4
worker id: 36681
time create lcl and mol: 0.000452042 s
numbers of trajectories: 8333
time trajectory calculation: 3.73874 s
task: 5
worker id: 36484
time create lcl and mol: 0.000531912 s
numbers of trajectories: 8333
time trajectory calculation: 7.93018 s
task: 6
worker id: 39462
time create lcl and mol: 0.000594139 s
numbers of trajectories: 8333
time trajectory calculation: 5.49992 s
task: 7
worker id: 35929
time create lcl and mol: 0.000559807 s
numbers of trajectories: 8333
time trajectory calculation: 5.08222 s
task: 8
worker id: 37009
time create lcl and mol: 0.000715971 s
numbers of trajectories: 8333
time trajectory calculation: 4.73816 s
task: 9
worker id: 37009
time create lcl and mol: 0.00067997 s
numbers of trajectories: 8333
time trajectory calculation: 7.11615 s
task: 10
worker id: 36824
time create lcl and mol: 0.000519991 s
numbers of trajectories: 8333
time trajectory calculation: 3.94531 s
task: 11
worker id: 36681
time create lcl and mol: 0.000682831 s
numbers of trajectories: 8333
time trajectory calculation: 5.56432 s
CCS time: 11.9244 s
*********************************************************
average value of CCS = 1733.66 Ang^2
error value of CCS = 18.7709 Ang^2
Total time: 11.9348 s
Program finished...
