*********************************************************
INPUT:: Simulation Parameters 
*********************************************************
target filename                  : 08_1dpx_carga_6_min.xyz
number of probe                  : 10000
number of iterarions             : 10
number of tasks                  : 32
number of threads                : 24
seed number                      : 2104
gas buffer                       : N2
Target Temperature (K)           : 298
timestep (fs)                    : 10
Skin cell size (Ang)             : 0.01
Equipotential                    : no
Cut short-range interaction      : yes
LJ cutoff (Ang)                  : 12
Apply long-range interaction     : yes
Cut long-range interaction       : yes
Coulomb cutoff (Ang)             : 25
Apply induced-dipole interaction : yes
alpha (Ang^3)                    : 1.71
force_type: 6
*********************************************************
Force Field parameters: 
*********************************************************
Symbol  mass (amu)  epislon (kcal/mol)  sigma(Angstroms) 
C   12.011   0.0824736   3.2255
N   14.007   0.0758527   3.5719
H   1.008   0.0362711   1.8986
O   15.999   0.062323   3.075
S   32.06   0.138032   3.4237
P   30.9738   0.145372   3.47
*********************************************************
MOLECULE:: orientation around the inertia principal axis 
*********************************************************
Inertia matrix a.u. Ang^2: 
{  1.81405e+06  216846  -460412  }
{  216846  1.99687e+06  201261  }
{  -460412  201261  1.70147e+06  }
Rotation matrix applied to molecule: 
{  0.77413  0.205074  -0.598888  }
{  -0.630007  0.341884  -0.697285  }
{  0.0617549  0.917093  0.393861  }
Molecule radius: 27.4874 Ang 
orientation time of molecule target: 0.0681999 s
target mass: 14311.2 amu
gas mass: 28.014 amu
reduce mass: 28.014 amu
charge state: 5.9992 e
*********************************************************
Geometric Ellipsoid: 
*********************************************************
maximal distances: 14.0499  17.3916  25.4204  Ang
Initial axis length: 65.1575  68.4992  76.528  Ang
Ellipsoid axis length: 69.0975  72.4392  80.468  Ang
ellipsoid calculation time: 4.1008e-05 s
maximal impact parameter: 80.468 Ang
*********************************************************
Linked-cell: 
Numbers of cells: 2184
Nx: 12 Ny: 13 Nz: 14
Filled cells: 36
Empty cells: 2148
Average atoms per cell: 54.3889
Maximum atoms per cell: 184
Minimum atoms per cell: 1
Simulation box: 
lx: 144.12 Ang
ly: 156.13 Ang
lz: 168.14 Ang
linked-cell calculation time: 0.00230193 s
time info: 0.000100136 s
*********************************************************
Trajectory calculations 
*********************************************************
out target time: 13.3223 s
Ntraj: 10000
Nfree: 1634
Nscatter: 8365
Nlost: 1
omega: 1787.48
Ntraj: 10000
Nfree: 1550
Nscatter: 8449
Nlost: 1
omega: 1781.21
Ntraj: 10000
Nfree: 1473
Nscatter: 8523
Nlost: 4
omega: 1692.7
Ntraj: 10000
Nfree: 1567
Nscatter: 8433
Nlost: 0
omega: 1669.61
Ntraj: 10000
Nfree: 1539
Nscatter: 8458
Nlost: 3
omega: 1730.36
Ntraj: 10000
Nfree: 1546
Nscatter: 8453
Nlost: 1
omega: 1835.06
Ntraj: 10000
Nfree: 1555
Nscatter: 8445
Nlost: 0
omega: 1743.53
Ntraj: 10000
Nfree: 1564
Nscatter: 8435
Nlost: 1
omega: 1622.76
Ntraj: 10000
Nfree: 1562
Nscatter: 8437
Nlost: 1
omega: 1708.81
Ntraj: 10000
Nfree: 1471
Nscatter: 8528
Nlost: 1
omega: 1765.14
*********************************************************
task: 0
worker id: 51092
time create lcl and mol: 0.000531197 s
numbers of trajectories: 3125
time trajectory calculation: 1.27601 s
task: 1
worker id: 78498
time create lcl and mol: 0.000516891 s
numbers of trajectories: 3125
time trajectory calculation: 3.23534 s
task: 2
worker id: 53302
time create lcl and mol: 0.000525951 s
numbers of trajectories: 3125
time trajectory calculation: 2.16546 s
task: 3
worker id: 52898
time create lcl and mol: 0.000504017 s
numbers of trajectories: 3125
time trajectory calculation: 2.54577 s
task: 4
worker id: 52402
time create lcl and mol: 0.000602007 s
numbers of trajectories: 3125
time trajectory calculation: 5.61387 s
task: 5
worker id: 53302
time create lcl and mol: 0.000559092 s
numbers of trajectories: 3125
time trajectory calculation: 1.26347 s
task: 6
worker id: 51342
time create lcl and mol: 0.000525951 s
numbers of trajectories: 3125
time trajectory calculation: 1.28256 s
task: 7
worker id: 52776
time create lcl and mol: 0.00049305 s
numbers of trajectories: 3125
time trajectory calculation: 5.9885 s
task: 8
worker id: 52776
time create lcl and mol: 0.00052309 s
numbers of trajectories: 3125
time trajectory calculation: 1.26617 s
task: 9
worker id: 78498
time create lcl and mol: 0.000509024 s
numbers of trajectories: 3125
time trajectory calculation: 4.21752 s
task: 10
worker id: 52898
time create lcl and mol: 0.000499964 s
numbers of trajectories: 3125
time trajectory calculation: 2.19755 s
task: 11
worker id: 52898
time create lcl and mol: 0.000543118 s
numbers of trajectories: 3125
time trajectory calculation: 2.50441 s
task: 12
worker id: 52776
time create lcl and mol: 0.000530005 s
numbers of trajectories: 3125
time trajectory calculation: 1.23985 s
task: 13
worker id: 51342
time create lcl and mol: 0.000527143 s
numbers of trajectories: 3125
time trajectory calculation: 5.43402 s
task: 14
worker id: 52402
time create lcl and mol: 0.000546932 s
numbers of trajectories: 3125
time trajectory calculation: 6.42204 s
task: 15
worker id: 50214
time create lcl and mol: 0.000517845 s
numbers of trajectories: 3125
time trajectory calculation: 4.9724 s
task: 16
worker id: 51342
time create lcl and mol: 0.000514984 s
numbers of trajectories: 3125
time trajectory calculation: 2.28632 s
task: 17
worker id: 52898
time create lcl and mol: 0.000488043 s
numbers of trajectories: 3125
time trajectory calculation: 1.65548 s
task: 18
worker id: 78498
time create lcl and mol: 0.000500917 s
numbers of trajectories: 3125
time trajectory calculation: 3.81852 s
task: 19
worker id: 53302
time create lcl and mol: 0.000547171 s
numbers of trajectories: 3125
time trajectory calculation: 2.37326 s
task: 20
worker id: 52776
time create lcl and mol: 0.000530005 s
numbers of trajectories: 3125
time trajectory calculation: 1.74246 s
task: 21
worker id: 51092
time create lcl and mol: 0.000478983 s
numbers of trajectories: 3125
time trajectory calculation: 3.07871 s
task: 22
worker id: 50214
time create lcl and mol: 0.000543118 s
numbers of trajectories: 3125
time trajectory calculation: 1.45081 s
task: 23
worker id: 52776
time create lcl and mol: 0.00051403 s
numbers of trajectories: 3125
time trajectory calculation: 2.59308 s
task: 24
worker id: 51092
time create lcl and mol: 0.000527859 s
numbers of trajectories: 3125
time trajectory calculation: 1.10977 s
task: 25
worker id: 50214
time create lcl and mol: 0.000554085 s
numbers of trajectories: 3125
time trajectory calculation: 5.44721 s
task: 26
worker id: 51342
time create lcl and mol: 0.000549078 s
numbers of trajectories: 3125
time trajectory calculation: 2.07929 s
task: 27
worker id: 51092
time create lcl and mol: 0.000540972 s
numbers of trajectories: 3125
time trajectory calculation: 2.85324 s
task: 28
worker id: 52898
time create lcl and mol: 0.000532866 s
numbers of trajectories: 3125
time trajectory calculation: 1.14536 s
task: 29
worker id: 78498
time create lcl and mol: 0.000495911 s
numbers of trajectories: 3125
time trajectory calculation: 1.96651 s
task: 30
worker id: 53302
time create lcl and mol: 0.000545979 s
numbers of trajectories: 3125
time trajectory calculation: 3.28734 s
task: 31
worker id: 51092
time create lcl and mol: 0.000519991 s
numbers of trajectories: 3125
time trajectory calculation: 1.59216 s
CCS time: 13.3327 s
*********************************************************
average value of CCS = 1733.66 Ang^2
error value of CCS = 18.7709 Ang^2
Total time: 13.4086 s
Program finished...
*********************************************************
INPUT:: Simulation Parameters 
*********************************************************
target filename                  : 08_1dpx_carga_6_min.xyz
number of probe                  : 10000
number of iterarions             : 10
number of tasks                  : 32
number of threads                : 24
seed number                      : 2104
gas buffer                       : N2
Target Temperature (K)           : 298
timestep (fs)                    : 10
Skin cell size (Ang)             : 0.01
Equipotential                    : no
Cut short-range interaction      : yes
LJ cutoff (Ang)                  : 12
Apply long-range interaction     : yes
Cut long-range interaction       : yes
Coulomb cutoff (Ang)             : 25
Apply induced-dipole interaction : yes
alpha (Ang^3)                    : 1.71
force_type: 6
*********************************************************
Force Field parameters: 
*********************************************************
Symbol  mass (amu)  epislon (kcal/mol)  sigma(Angstroms) 
C   12.011   0.0824736   3.2255
N   14.007   0.0758527   3.5719
H   1.008   0.0362711   1.8986
O   15.999   0.062323   3.075
S   32.06   0.138032   3.4237
P   30.9738   0.145372   3.47
*********************************************************
MOLECULE:: orientation around the inertia principal axis 
*********************************************************
Inertia matrix a.u. Ang^2: 
{  1.81405e+06  216846  -460412  }
{  216846  1.99687e+06  201261  }
{  -460412  201261  1.70147e+06  }
Rotation matrix applied to molecule: 
{  0.77413  0.205074  -0.598888  }
{  -0.630007  0.341884  -0.697285  }
{  0.0617549  0.917093  0.393861  }
Molecule radius: 27.4874 Ang 
orientation time of molecule target: 0.00260711 s
target mass: 14311.2 amu
gas mass: 28.014 amu
reduce mass: 28.014 amu
charge state: 5.9992 e
*********************************************************
Geometric Ellipsoid: 
*********************************************************
maximal distances: 14.0499  17.3916  25.4204  Ang
Initial axis length: 65.1575  68.4992  76.528  Ang
Ellipsoid axis length: 69.0975  72.4392  80.468  Ang
ellipsoid calculation time: 4.19617e-05 s
maximal impact parameter: 80.468 Ang
*********************************************************
Linked-cell: 
Numbers of cells: 2184
Nx: 12 Ny: 13 Nz: 14
Filled cells: 36
Empty cells: 2148
Average atoms per cell: 54.3889
Maximum atoms per cell: 184
Minimum atoms per cell: 1
Simulation box: 
lx: 144.12 Ang
ly: 156.13 Ang
lz: 168.14 Ang
linked-cell calculation time: 0.00237203 s
time info: 0.00011301 s
*********************************************************
Trajectory calculations 
*********************************************************
out target time: 13.6383 s
Ntraj: 10000
Nfree: 1634
Nscatter: 8365
Nlost: 1
omega: 1787.48
Ntraj: 10000
Nfree: 1550
Nscatter: 8449
Nlost: 1
omega: 1781.21
Ntraj: 10000
Nfree: 1473
Nscatter: 8523
Nlost: 4
omega: 1692.7
Ntraj: 10000
Nfree: 1567
Nscatter: 8433
Nlost: 0
omega: 1669.61
Ntraj: 10000
Nfree: 1539
Nscatter: 8458
Nlost: 3
omega: 1730.36
Ntraj: 10000
Nfree: 1546
Nscatter: 8453
Nlost: 1
omega: 1835.06
Ntraj: 10000
Nfree: 1555
Nscatter: 8445
Nlost: 0
omega: 1743.53
Ntraj: 10000
Nfree: 1564
Nscatter: 8435
Nlost: 1
omega: 1622.76
Ntraj: 10000
Nfree: 1562
Nscatter: 8437
Nlost: 1
omega: 1708.81
Ntraj: 10000
Nfree: 1471
Nscatter: 8528
Nlost: 1
omega: 1765.14
*********************************************************
task: 0
worker id: 52831
time create lcl and mol: 0.000510931 s
numbers of trajectories: 3125
time trajectory calculation: 1.21793 s
task: 1
worker id: 53207
time create lcl and mol: 0.000534058 s
numbers of trajectories: 3125
time trajectory calculation: 3.43681 s
task: 2
worker id: 78943
time create lcl and mol: 0.000513077 s
numbers of trajectories: 3125
time trajectory calculation: 2.27851 s
task: 3
worker id: 52831
time create lcl and mol: 0.000515938 s
numbers of trajectories: 3125
time trajectory calculation: 2.48962 s
task: 4
worker id: 53334
time create lcl and mol: 0.000498056 s
numbers of trajectories: 3125
time trajectory calculation: 5.72316 s
task: 5
worker id: 51523
time create lcl and mol: 0.000546932 s
numbers of trajectories: 3125
time trajectory calculation: 1.36146 s
task: 6
worker id: 52831
time create lcl and mol: 0.000571012 s
numbers of trajectories: 3125
time trajectory calculation: 1.2771 s
task: 7
worker id: 53736
time create lcl and mol: 0.00051403 s
numbers of trajectories: 3125
time trajectory calculation: 6.17959 s
task: 8
worker id: 51774
time create lcl and mol: 0.000515938 s
numbers of trajectories: 3125
time trajectory calculation: 1.27886 s
task: 9
worker id: 53736
time create lcl and mol: 0.000509977 s
numbers of trajectories: 3125
time trajectory calculation: 4.18893 s
task: 10
worker id: 52831
time create lcl and mol: 0.000558138 s
numbers of trajectories: 3125
time trajectory calculation: 2.23421 s
task: 11
worker id: 51523
time create lcl and mol: 0.000532866 s
numbers of trajectories: 3125
time trajectory calculation: 2.49253 s
task: 12
worker id: 53736
time create lcl and mol: 0.000583887 s
numbers of trajectories: 3125
time trajectory calculation: 1.31598 s
task: 13
worker id: 50647
time create lcl and mol: 0.000568867 s
numbers of trajectories: 3125
time trajectory calculation: 5.50949 s
task: 14
worker id: 51774
time create lcl and mol: 0.000524998 s
numbers of trajectories: 3125
time trajectory calculation: 6.50585 s
task: 15
worker id: 52831
time create lcl and mol: 0.000522852 s
numbers of trajectories: 3125
time trajectory calculation: 5.07526 s
task: 16
worker id: 53334
time create lcl and mol: 0.000564098 s
numbers of trajectories: 3125
time trajectory calculation: 2.20748 s
task: 17
worker id: 51523
time create lcl and mol: 0.000546932 s
numbers of trajectories: 3125
time trajectory calculation: 1.74683 s
task: 18
worker id: 51774
time create lcl and mol: 0.000541925 s
numbers of trajectories: 3125
time trajectory calculation: 3.8494 s
task: 19
worker id: 78943
time create lcl and mol: 0.00057888 s
numbers of trajectories: 3125
time trajectory calculation: 2.50479 s
task: 20
worker id: 53207
time create lcl and mol: 0.00059104 s
numbers of trajectories: 3125
time trajectory calculation: 1.88466 s
task: 21
worker id: 78943
time create lcl and mol: 0.000525951 s
numbers of trajectories: 3125
time trajectory calculation: 3.14728 s
task: 22
worker id: 51523
time create lcl and mol: 0.000494003 s
numbers of trajectories: 3125
time trajectory calculation: 1.4668 s
task: 23
worker id: 50647
time create lcl and mol: 0.000524044 s
numbers of trajectories: 3125
time trajectory calculation: 2.64183 s
task: 24
worker id: 51774
time create lcl and mol: 0.000532866 s
numbers of trajectories: 3125
time trajectory calculation: 1.07277 s
task: 25
worker id: 78943
time create lcl and mol: 0.000503063 s
numbers of trajectories: 3125
time trajectory calculation: 5.62462 s
task: 26
worker id: 50647
time create lcl and mol: 0.000648975 s
numbers of trajectories: 3125
time trajectory calculation: 2.12931 s
task: 27
worker id: 53207
time create lcl and mol: 0.000571966 s
numbers of trajectories: 3125
time trajectory calculation: 3.01821 s
task: 28
worker id: 53207
time create lcl and mol: 0.000560999 s
numbers of trajectories: 3125
time trajectory calculation: 1.14191 s
task: 29
worker id: 51523
time create lcl and mol: 0.000516891 s
numbers of trajectories: 3125
time trajectory calculation: 1.94092 s
task: 30
worker id: 53334
time create lcl and mol: 0.00052309 s
numbers of trajectories: 3125
time trajectory calculation: 3.35161 s
task: 31
worker id: 51523
time create lcl and mol: 0.000538111 s
numbers of trajectories: 3125
time trajectory calculation: 1.5398 s
CCS time: 13.6492 s
*********************************************************
average value of CCS = 1733.66 Ang^2
error value of CCS = 18.7709 Ang^2
Total time: 13.6592 s
Program finished...
[1695474389.279070] [sdumont6228:51523:0]       tag_match.c:62   UCX  WARN  unexpected tag-receive descriptor 0x564302b81a80 was not matched
[1695474389.275087] [sdumont6226:50647:0]       tag_match.c:62   UCX  WARN  unexpected tag-receive descriptor 0x558cc50c2b40 was not matched
[1695474389.268640] [sdumont6229:53736:0]       tag_match.c:62   UCX  WARN  unexpected tag-receive descriptor 0x55b0182f6c00 was not matched
[1695474389.261149] [sdumont6225:53334:0]       tag_match.c:62   UCX  WARN  unexpected tag-receive descriptor 0x56515cc36cc0 was not matched
*********************************************************
INPUT:: Simulation Parameters 
*********************************************************
target filename                  : 08_1dpx_carga_6_min.xyz
number of probe                  : 10000
number of iterarions             : 10
number of tasks                  : 32
number of threads                : 24
seed number                      : 2104
gas buffer                       : N2
Target Temperature (K)           : 298
timestep (fs)                    : 10
Skin cell size (Ang)             : 0.01
Equipotential                    : no
Cut short-range interaction      : yes
LJ cutoff (Ang)                  : 12
Apply long-range interaction     : yes
Cut long-range interaction       : yes
Coulomb cutoff (Ang)             : 25
Apply induced-dipole interaction : yes
alpha (Ang^3)                    : 1.71
force_type: 6
*********************************************************
Force Field parameters: 
*********************************************************
Symbol  mass (amu)  epislon (kcal/mol)  sigma(Angstroms) 
C   12.011   0.0824736   3.2255
N   14.007   0.0758527   3.5719
H   1.008   0.0362711   1.8986
O   15.999   0.062323   3.075
S   32.06   0.138032   3.4237
P   30.9738   0.145372   3.47
*********************************************************
MOLECULE:: orientation around the inertia principal axis 
*********************************************************
Inertia matrix a.u. Ang^2: 
{  1.81405e+06  216846  -460412  }
{  216846  1.99687e+06  201261  }
{  -460412  201261  1.70147e+06  }
Rotation matrix applied to molecule: 
{  0.77413  0.205074  -0.598888  }
{  -0.630007  0.341884  -0.697285  }
{  0.0617549  0.917093  0.393861  }
Molecule radius: 27.4874 Ang 
orientation time of molecule target: 0.00261903 s
target mass: 14311.2 amu
gas mass: 28.014 amu
reduce mass: 28.014 amu
charge state: 5.9992 e
*********************************************************
Geometric Ellipsoid: 
*********************************************************
maximal distances: 14.0499  17.3916  25.4204  Ang
Initial axis length: 65.1575  68.4992  76.528  Ang
Ellipsoid axis length: 69.0975  72.4392  80.468  Ang
ellipsoid calculation time: 4.60148e-05 s
maximal impact parameter: 80.468 Ang
*********************************************************
Linked-cell: 
Numbers of cells: 2184
Nx: 12 Ny: 13 Nz: 14
Filled cells: 36
Empty cells: 2148
Average atoms per cell: 54.3889
Maximum atoms per cell: 184
Minimum atoms per cell: 1
Simulation box: 
lx: 144.12 Ang
ly: 156.13 Ang
lz: 168.14 Ang
linked-cell calculation time: 0.00225902 s
time info: 0.000102997 s
*********************************************************
Trajectory calculations 
*********************************************************
out target time: 13.2372 s
Ntraj: 10000
Nfree: 1634
Nscatter: 8365
Nlost: 1
omega: 1787.48
Ntraj: 10000
Nfree: 1550
Nscatter: 8449
Nlost: 1
omega: 1781.21
Ntraj: 10000
Nfree: 1473
Nscatter: 8523
Nlost: 4
omega: 1692.7
Ntraj: 10000
Nfree: 1567
Nscatter: 8433
Nlost: 0
omega: 1669.61
Ntraj: 10000
Nfree: 1539
Nscatter: 8458
Nlost: 3
omega: 1730.36
Ntraj: 10000
Nfree: 1546
Nscatter: 8453
Nlost: 1
omega: 1835.06
Ntraj: 10000
Nfree: 1555
Nscatter: 8445
Nlost: 0
omega: 1743.53
Ntraj: 10000
Nfree: 1564
Nscatter: 8435
Nlost: 1
omega: 1622.76
Ntraj: 10000
Nfree: 1562
Nscatter: 8437
Nlost: 1
omega: 1708.81
Ntraj: 10000
Nfree: 1471
Nscatter: 8528
Nlost: 1
omega: 1765.14
*********************************************************
task: 0
worker id: 52178
time create lcl and mol: 0.00051403 s
numbers of trajectories: 3125
time trajectory calculation: 1.26324 s
task: 1
worker id: 79366
time create lcl and mol: 0.000519037 s
numbers of trajectories: 3125
time trajectory calculation: 3.37858 s
task: 2
worker id: 53736
time create lcl and mol: 0.000479937 s
numbers of trajectories: 3125
time trajectory calculation: 2.25345 s
task: 3
worker id: 53736
time create lcl and mol: 0.000487089 s
numbers of trajectories: 3125
time trajectory calculation: 2.52503 s
task: 4
worker id: 53613
time create lcl and mol: 0.000488043 s
numbers of trajectories: 3125
time trajectory calculation: 5.77204 s
task: 5
worker id: 51055
time create lcl and mol: 0.000479937 s
numbers of trajectories: 3125
time trajectory calculation: 1.26333 s
task: 6
worker id: 52178
time create lcl and mol: 0.000562906 s
numbers of trajectories: 3125
time trajectory calculation: 1.26545 s
task: 7
worker id: 51926
time create lcl and mol: 0.000574827 s
numbers of trajectories: 3125
time trajectory calculation: 5.86782 s
task: 8
worker id: 54140
time create lcl and mol: 0.000497103 s
numbers of trajectories: 3125
time trajectory calculation: 1.24863 s
task: 9
worker id: 52178
time create lcl and mol: 0.000552177 s
numbers of trajectories: 3125
time trajectory calculation: 4.13856 s
task: 10
worker id: 51055
time create lcl and mol: 0.000488997 s
numbers of trajectories: 3125
time trajectory calculation: 2.16124 s
task: 11
worker id: 51055
time create lcl and mol: 0.00048399 s
numbers of trajectories: 3125
time trajectory calculation: 2.47859 s
task: 12
worker id: 51055
time create lcl and mol: 0.000509024 s
numbers of trajectories: 3125
time trajectory calculation: 1.28704 s
task: 13
worker id: 54140
time create lcl and mol: 0.000526905 s
numbers of trajectories: 3125
time trajectory calculation: 5.58688 s
task: 14
worker id: 51926
time create lcl and mol: 0.000520945 s
numbers of trajectories: 3125
time trajectory calculation: 6.46312 s
task: 15
worker id: 53736
time create lcl and mol: 0.000494957 s
numbers of trajectories: 3125
time trajectory calculation: 5.18848 s
task: 16
worker id: 54140
time create lcl and mol: 0.000528097 s
numbers of trajectories: 3125
time trajectory calculation: 2.18713 s
task: 17
worker id: 54140
time create lcl and mol: 0.000524998 s
numbers of trajectories: 3125
time trajectory calculation: 1.76225 s
task: 18
worker id: 53613
time create lcl and mol: 0.000524044 s
numbers of trajectories: 3125
time trajectory calculation: 3.73804 s
task: 19
worker id: 51055
time create lcl and mol: 0.000543833 s
numbers of trajectories: 3125
time trajectory calculation: 2.5222 s
task: 20
worker id: 53235
time create lcl and mol: 0.000520945 s
numbers of trajectories: 3125
time trajectory calculation: 1.828 s
task: 21
worker id: 53235
time create lcl and mol: 0.000526905 s
numbers of trajectories: 3125
time trajectory calculation: 3.30313 s
task: 22
worker id: 51055
time create lcl and mol: 0.000617981 s
numbers of trajectories: 3125
time trajectory calculation: 1.47569 s
task: 23
worker id: 52178
time create lcl and mol: 0.000506163 s
numbers of trajectories: 3125
time trajectory calculation: 2.6557 s
task: 24
worker id: 53235
time create lcl and mol: 0.00050807 s
numbers of trajectories: 3125
time trajectory calculation: 1.10458 s
task: 25
worker id: 79366
time create lcl and mol: 0.000562906 s
numbers of trajectories: 3125
time trajectory calculation: 5.55234 s
task: 26
worker id: 53235
time create lcl and mol: 0.000526905 s
numbers of trajectories: 3125
time trajectory calculation: 2.06227 s
task: 27
worker id: 53235
time create lcl and mol: 0.000549078 s
numbers of trajectories: 3125
time trajectory calculation: 2.89609 s
task: 28
worker id: 52178
time create lcl and mol: 0.000546932 s
numbers of trajectories: 3125
time trajectory calculation: 1.14196 s
task: 29
worker id: 53613
time create lcl and mol: 0.000549078 s
numbers of trajectories: 3125
time trajectory calculation: 1.91033 s
task: 30
worker id: 53736
time create lcl and mol: 0.000681162 s
numbers of trajectories: 3125
time trajectory calculation: 3.18115 s
task: 31
worker id: 79366
time create lcl and mol: 0.000509024 s
numbers of trajectories: 3125
time trajectory calculation: 1.5651 s
CCS time: 13.2468 s
*********************************************************
average value of CCS = 1733.66 Ang^2
error value of CCS = 18.7709 Ang^2
Total time: 13.2568 s
Program finished...
*********************************************************
INPUT:: Simulation Parameters 
*********************************************************
target filename                  : 08_1dpx_carga_6_min.xyz
number of probe                  : 10000
number of iterarions             : 10
number of tasks                  : 32
number of threads                : 24
seed number                      : 2104
gas buffer                       : N2
Target Temperature (K)           : 298
timestep (fs)                    : 10
Skin cell size (Ang)             : 0.01
Equipotential                    : no
Cut short-range interaction      : yes
LJ cutoff (Ang)                  : 12
Apply long-range interaction     : yes
Cut long-range interaction       : yes
Coulomb cutoff (Ang)             : 25
Apply induced-dipole interaction : yes
alpha (Ang^3)                    : 1.71
force_type: 6
*********************************************************
Force Field parameters: 
*********************************************************
Symbol  mass (amu)  epislon (kcal/mol)  sigma(Angstroms) 
C   12.011   0.0824736   3.2255
N   14.007   0.0758527   3.5719
H   1.008   0.0362711   1.8986
O   15.999   0.062323   3.075
S   32.06   0.138032   3.4237
P   30.9738   0.145372   3.47
*********************************************************
MOLECULE:: orientation around the inertia principal axis 
*********************************************************
Inertia matrix a.u. Ang^2: 
{  1.81405e+06  216846  -460412  }
{  216846  1.99687e+06  201261  }
{  -460412  201261  1.70147e+06  }
Rotation matrix applied to molecule: 
{  0.77413  0.205074  -0.598888  }
{  -0.630007  0.341884  -0.697285  }
{  0.0617549  0.917093  0.393861  }
Molecule radius: 27.4874 Ang 
orientation time of molecule target: 0.00265884 s
target mass: 14311.2 amu
gas mass: 28.014 amu
reduce mass: 28.014 amu
charge state: 5.9992 e
*********************************************************
Geometric Ellipsoid: 
*********************************************************
maximal distances: 14.0499  17.3916  25.4204  Ang
Initial axis length: 65.1575  68.4992  76.528  Ang
Ellipsoid axis length: 69.0975  72.4392  80.468  Ang
ellipsoid calculation time: 4.88758e-05 s
maximal impact parameter: 80.468 Ang
*********************************************************
Linked-cell: 
Numbers of cells: 2184
Nx: 12 Ny: 13 Nz: 14
Filled cells: 36
Empty cells: 2148
Average atoms per cell: 54.3889
Maximum atoms per cell: 184
Minimum atoms per cell: 1
Simulation box: 
lx: 144.12 Ang
ly: 156.13 Ang
lz: 168.14 Ang
linked-cell calculation time: 0.00236201 s
time info: 0.000101805 s
*********************************************************
Trajectory calculations 
*********************************************************
out target time: 13.3959 s
Ntraj: 10000
Nfree: 1634
Nscatter: 8365
Nlost: 1
omega: 1787.48
Ntraj: 10000
Nfree: 1550
Nscatter: 8449
Nlost: 1
omega: 1781.21
Ntraj: 10000
Nfree: 1473
Nscatter: 8523
Nlost: 4
omega: 1692.7
Ntraj: 10000
Nfree: 1567
Nscatter: 8433
Nlost: 0
omega: 1669.61
Ntraj: 10000
Nfree: 1539
Nscatter: 8458
Nlost: 3
omega: 1730.36
Ntraj: 10000
Nfree: 1546
Nscatter: 8453
Nlost: 1
omega: 1835.06
Ntraj: 10000
Nfree: 1555
Nscatter: 8445
Nlost: 0
omega: 1743.53
Ntraj: 10000
Nfree: 1564
Nscatter: 8435
Nlost: 1
omega: 1622.76
Ntraj: 10000
Nfree: 1562
Nscatter: 8437
Nlost: 1
omega: 1708.81
Ntraj: 10000
Nfree: 1471
Nscatter: 8528
Nlost: 1
omega: 1765.14
*********************************************************
task: 0
worker id: 54325
time create lcl and mol: 0.000546932 s
numbers of trajectories: 3125
time trajectory calculation: 1.28531 s
task: 1
worker id: 54444
time create lcl and mol: 0.000566959 s
numbers of trajectories: 3125
time trajectory calculation: 3.34109 s
task: 2
worker id: 80094
time create lcl and mol: 0.000536203 s
numbers of trajectories: 3125
time trajectory calculation: 2.29067 s
task: 3
worker id: 51768
time create lcl and mol: 0.000492096 s
numbers of trajectories: 3125
time trajectory calculation: 2.53659 s
task: 4
worker id: 54853
time create lcl and mol: 0.000708818 s
numbers of trajectories: 3125
time trajectory calculation: 5.90843 s
task: 5
worker id: 53950
time create lcl and mol: 0.000522852 s
numbers of trajectories: 3125
time trajectory calculation: 1.28729 s
task: 6
worker id: 52889
time create lcl and mol: 0.00053215 s
numbers of trajectories: 3125
time trajectory calculation: 1.28116 s
task: 7
worker id: 52637
time create lcl and mol: 0.000539064 s
numbers of trajectories: 3125
time trajectory calculation: 6.09408 s
task: 8
worker id: 53950
time create lcl and mol: 0.000545025 s
numbers of trajectories: 3125
time trajectory calculation: 1.2097 s
task: 9
worker id: 54853
time create lcl and mol: 0.000520945 s
numbers of trajectories: 3125
time trajectory calculation: 4.0086 s
task: 10
worker id: 52889
time create lcl and mol: 0.00047493 s
numbers of trajectories: 3125
time trajectory calculation: 2.17838 s
task: 11
worker id: 80094
time create lcl and mol: 0.000556946 s
numbers of trajectories: 3125
time trajectory calculation: 2.54448 s
task: 12
worker id: 53950
time create lcl and mol: 0.000524998 s
numbers of trajectories: 3125
time trajectory calculation: 1.28049 s
task: 13
worker id: 80094
time create lcl and mol: 0.000543118 s
numbers of trajectories: 3125
time trajectory calculation: 5.43844 s
task: 14
worker id: 54444
time create lcl and mol: 0.0005548 s
numbers of trajectories: 3125
time trajectory calculation: 6.26418 s
task: 15
worker id: 52889
time create lcl and mol: 0.000530005 s
numbers of trajectories: 3125
time trajectory calculation: 5.10674 s
task: 16
worker id: 53950
time create lcl and mol: 0.000499964 s
numbers of trajectories: 3125
time trajectory calculation: 2.21684 s
task: 17
worker id: 52889
time create lcl and mol: 0.000506163 s
numbers of trajectories: 3125
time trajectory calculation: 1.6702 s
task: 18
worker id: 54444
time create lcl and mol: 0.000519991 s
numbers of trajectories: 3125
time trajectory calculation: 3.69551 s
task: 19
worker id: 54853
time create lcl and mol: 0.000546217 s
numbers of trajectories: 3125
time trajectory calculation: 2.3904 s
task: 20
worker id: 51768
time create lcl and mol: 0.000576019 s
numbers of trajectories: 3125
time trajectory calculation: 1.86465 s
task: 21
worker id: 54325
time create lcl and mol: 0.000706196 s
numbers of trajectories: 3125
time trajectory calculation: 3.06803 s
task: 22
worker id: 51768
time create lcl and mol: 0.000794888 s
numbers of trajectories: 3125
time trajectory calculation: 1.47321 s
task: 23
worker id: 53950
time create lcl and mol: 0.000545025 s
numbers of trajectories: 3125
time trajectory calculation: 2.69243 s
task: 24
worker id: 51768
time create lcl and mol: 0.000527143 s
numbers of trajectories: 3125
time trajectory calculation: 1.05419 s
task: 25
worker id: 54325
time create lcl and mol: 0.000547886 s
numbers of trajectories: 3125
time trajectory calculation: 5.58656 s
task: 26
worker id: 53950
time create lcl and mol: 0.000524998 s
numbers of trajectories: 3125
time trajectory calculation: 2.12994 s
task: 27
worker id: 52637
time create lcl and mol: 0.000536919 s
numbers of trajectories: 3125
time trajectory calculation: 3.02096 s
task: 28
worker id: 80094
time create lcl and mol: 0.000549078 s
numbers of trajectories: 3125
time trajectory calculation: 1.15403 s
task: 29
worker id: 52637
time create lcl and mol: 0.000478983 s
numbers of trajectories: 3125
time trajectory calculation: 1.91932 s
task: 30
worker id: 51768
time create lcl and mol: 0.000533104 s
numbers of trajectories: 3125
time trajectory calculation: 3.27837 s
task: 31
worker id: 54325
time create lcl and mol: 0.000530958 s
numbers of trajectories: 3125
time trajectory calculation: 1.52827 s
CCS time: 13.4065 s
*********************************************************
average value of CCS = 1733.66 Ang^2
error value of CCS = 18.7709 Ang^2
Total time: 13.4164 s
Program finished...
*********************************************************
INPUT:: Simulation Parameters 
*********************************************************
target filename                  : 08_1dpx_carga_6_min.xyz
number of probe                  : 10000
number of iterarions             : 10
number of tasks                  : 32
number of threads                : 24
seed number                      : 2104
gas buffer                       : N2
Target Temperature (K)           : 298
timestep (fs)                    : 10
Skin cell size (Ang)             : 0.01
Equipotential                    : no
Cut short-range interaction      : yes
LJ cutoff (Ang)                  : 12
Apply long-range interaction     : yes
Cut long-range interaction       : yes
Coulomb cutoff (Ang)             : 25
Apply induced-dipole interaction : yes
alpha (Ang^3)                    : 1.71
force_type: 6
*********************************************************
Force Field parameters: 
*********************************************************
Symbol  mass (amu)  epislon (kcal/mol)  sigma(Angstroms) 
C   12.011   0.0824736   3.2255
N   14.007   0.0758527   3.5719
H   1.008   0.0362711   1.8986
O   15.999   0.062323   3.075
S   32.06   0.138032   3.4237
P   30.9738   0.145372   3.47
*********************************************************
MOLECULE:: orientation around the inertia principal axis 
*********************************************************
Inertia matrix a.u. Ang^2: 
{  1.81405e+06  216846  -460412  }
{  216846  1.99687e+06  201261  }
{  -460412  201261  1.70147e+06  }
Rotation matrix applied to molecule: 
{  0.77413  0.205074  -0.598888  }
{  -0.630007  0.341884  -0.697285  }
{  0.0617549  0.917093  0.393861  }
Molecule radius: 27.4874 Ang 
orientation time of molecule target: 0.00278592 s
target mass: 14311.2 amu
gas mass: 28.014 amu
reduce mass: 28.014 amu
charge state: 5.9992 e
*********************************************************
Geometric Ellipsoid: 
*********************************************************
maximal distances: 14.0499  17.3916  25.4204  Ang
Initial axis length: 65.1575  68.4992  76.528  Ang
Ellipsoid axis length: 69.0975  72.4392  80.468  Ang
ellipsoid calculation time: 4.29153e-05 s
maximal impact parameter: 80.468 Ang
*********************************************************
Linked-cell: 
Numbers of cells: 2184
Nx: 12 Ny: 13 Nz: 14
Filled cells: 36
Empty cells: 2148
Average atoms per cell: 54.3889
Maximum atoms per cell: 184
Minimum atoms per cell: 1
Simulation box: 
lx: 144.12 Ang
ly: 156.13 Ang
lz: 168.14 Ang
linked-cell calculation time: 0.00231004 s
time info: 0.000101805 s
*********************************************************
Trajectory calculations 
*********************************************************
out target time: 13.8207 s
Ntraj: 10000
Nfree: 1634
Nscatter: 8365
Nlost: 1
omega: 1787.48
Ntraj: 10000
Nfree: 1550
Nscatter: 8449
Nlost: 1
omega: 1781.21
Ntraj: 10000
Nfree: 1473
Nscatter: 8523
Nlost: 4
omega: 1692.7
Ntraj: 10000
Nfree: 1567
Nscatter: 8433
Nlost: 0
omega: 1669.61
Ntraj: 10000
Nfree: 1539
Nscatter: 8458
Nlost: 3
omega: 1730.36
Ntraj: 10000
Nfree: 1546
Nscatter: 8453
Nlost: 1
omega: 1835.06
Ntraj: 10000
Nfree: 1555
Nscatter: 8445
Nlost: 0
omega: 1743.53
Ntraj: 10000
Nfree: 1564
Nscatter: 8435
Nlost: 1
omega: 1622.76
Ntraj: 10000
Nfree: 1562
Nscatter: 8437
Nlost: 1
omega: 1708.81
Ntraj: 10000
Nfree: 1471
Nscatter: 8528
Nlost: 1
omega: 1765.14
*********************************************************
task: 0
worker id: 54729
time create lcl and mol: 0.000526905 s
numbers of trajectories: 3125
time trajectory calculation: 1.3603 s
task: 1
worker id: 53042
time create lcl and mol: 0.000500917 s
numbers of trajectories: 3125
time trajectory calculation: 3.53632 s
task: 2
worker id: 80514
time create lcl and mol: 0.000506878 s
numbers of trajectories: 3125
time trajectory calculation: 2.29336 s
task: 3
worker id: 52173
time create lcl and mol: 0.000503063 s
numbers of trajectories: 3125
time trajectory calculation: 2.54434 s
task: 4
worker id: 54848
time create lcl and mol: 0.000530958 s
numbers of trajectories: 3125
time trajectory calculation: 5.6674 s
task: 5
worker id: 54356
time create lcl and mol: 0.000616074 s
numbers of trajectories: 3125
time trajectory calculation: 1.36467 s
task: 6
worker id: 55258
time create lcl and mol: 0.000776052 s
numbers of trajectories: 3125
time trajectory calculation: 1.31833 s
task: 7
worker id: 53296
time create lcl and mol: 0.000521183 s
numbers of trajectories: 3125
time trajectory calculation: 5.89597 s
task: 8
worker id: 54848
time create lcl and mol: 0.000550032 s
numbers of trajectories: 3125
time trajectory calculation: 1.2744 s
task: 9
worker id: 80514
time create lcl and mol: 0.000478029 s
numbers of trajectories: 3125
time trajectory calculation: 4.209 s
task: 10
worker id: 55258
time create lcl and mol: 0.000560045 s
numbers of trajectories: 3125
time trajectory calculation: 2.21528 s
task: 11
worker id: 52173
time create lcl and mol: 0.000583887 s
numbers of trajectories: 3125
time trajectory calculation: 2.49418 s
task: 12
worker id: 53042
time create lcl and mol: 0.000530958 s
numbers of trajectories: 3125
time trajectory calculation: 1.31079 s
task: 13
worker id: 55258
time create lcl and mol: 0.000494003 s
numbers of trajectories: 3125
time trajectory calculation: 5.62604 s
task: 14
worker id: 54356
time create lcl and mol: 0.000560999 s
numbers of trajectories: 3125
time trajectory calculation: 6.21737 s
task: 15
worker id: 54729
time create lcl and mol: 0.000566959 s
numbers of trajectories: 3125
time trajectory calculation: 5.22659 s
task: 16
worker id: 54356
time create lcl and mol: 0.000549078 s
numbers of trajectories: 3125
time trajectory calculation: 2.22516 s
task: 17
worker id: 53042
time create lcl and mol: 0.000509024 s
numbers of trajectories: 3125
time trajectory calculation: 1.70074 s
task: 18
worker id: 80514
time create lcl and mol: 0.000501156 s
numbers of trajectories: 3125
time trajectory calculation: 3.91289 s
task: 19
worker id: 54729
time create lcl and mol: 0.00047493 s
numbers of trajectories: 3125
time trajectory calculation: 2.5059 s
task: 20
worker id: 52173
time create lcl and mol: 0.00057292 s
numbers of trajectories: 3125
time trajectory calculation: 1.8475 s
task: 21
worker id: 53042
time create lcl and mol: 0.00047493 s
numbers of trajectories: 3125
time trajectory calculation: 3.21949 s
task: 22
worker id: 54848
time create lcl and mol: 0.000579119 s
numbers of trajectories: 3125
time trajectory calculation: 1.41188 s
task: 23
worker id: 80514
time create lcl and mol: 0.000547886 s
numbers of trajectories: 3125
time trajectory calculation: 2.53246 s
task: 24
worker id: 52173
time create lcl and mol: 0.000547171 s
numbers of trajectories: 3125
time trajectory calculation: 1.10726 s
task: 25
worker id: 54848
time create lcl and mol: 0.000504971 s
numbers of trajectories: 3125
time trajectory calculation: 5.3792 s
task: 26
worker id: 55258
time create lcl and mol: 0.000484943 s
numbers of trajectories: 3125
time trajectory calculation: 2.08269 s
task: 27
worker id: 54729
time create lcl and mol: 0.000499964 s
numbers of trajectories: 3125
time trajectory calculation: 3.01523 s
task: 28
worker id: 53296
time create lcl and mol: 0.00049901 s
numbers of trajectories: 3125
time trajectory calculation: 1.13995 s
task: 29
worker id: 52173
time create lcl and mol: 0.000540018 s
numbers of trajectories: 3125
time trajectory calculation: 1.94016 s
task: 30
worker id: 53296
time create lcl and mol: 0.000530005 s
numbers of trajectories: 3125
time trajectory calculation: 3.09905 s
task: 31
worker id: 53296
time create lcl and mol: 0.000580072 s
numbers of trajectories: 3125
time trajectory calculation: 1.53435 s
CCS time: 13.831 s
*********************************************************
average value of CCS = 1733.66 Ang^2
error value of CCS = 18.7709 Ang^2
Total time: 13.8416 s
Program finished...
