*********************************************************
INPUT:: Simulation Parameters 
*********************************************************
target filename                  : 7df4_pH75.xyz
number of probe                  : 10000
number of iterarions             : 10
number of tasks                  : 22
number of threads                : 24
seed number                      : 2104
gas buffer                       : N2
Target Temperature (K)           : 298
timestep (fs)                    : 10
Skin cell size (Ang)             : 0.01
Equipotential                    : no
Cut short-range interaction      : yes
LJ cutoff (Ang)                  : 12
Apply long-range interaction     : yes
Cut long-range interaction       : yes
Coulomb cutoff (Ang)             : 25
Apply induced-dipole interaction : yes
alpha (Ang^3)                    : 1.71
force_type: 6
*********************************************************
Force Field parameters: 
*********************************************************
Symbol  mass (amu)  epislon (kcal/mol)  sigma(Angstroms) 
C   12.011   0.0824736   3.2255
N   14.007   0.0758527   3.5719
H   1.008   0.0362711   1.8986
O   15.999   0.062323   3.075
S   32.06   0.138032   3.4237
P   30.9738   0.145372   3.47
*********************************************************
MOLECULE:: orientation around the inertia principal axis 
*********************************************************
Inertia matrix a.u. Ang^2: 
{  1.23609e+09  4.00282e+07  2.25898e+08  }
{  4.00282e+07  1.30652e+09  -1.10541e+08  }
{  2.25898e+08  -1.10541e+08  5.41488e+08  }
Rotation matrix applied to molecule: 
{  0.325185  0.944823  -0.0395478  }
{  -0.282758  0.137056  0.949349  }
{  0.902387  -0.297532  0.311725  }
Molecule radius: 124.059 Ang 
orientation time of molecule target: 0.157412 s
target mass: 424238 amu
gas mass: 28.014 amu
reduce mass: 28.014 amu
charge state: -33.0008 e
*********************************************************
Geometric Ellipsoid: 
*********************************************************
maximal distances: 74.8716  88.7378  123.109  Ang
Initial axis length: 125.979  139.845  174.216  Ang
Ellipsoid axis length: 128.449  142.315  176.686  Ang
ellipsoid calculation time: 0.000442982 s
maximal impact parameter: 176.686 Ang
*********************************************************
Linked-cell: 
Numbers of cells: 15840
Nx: 22 Ny: 24 Nz: 30
Filled cells: 754
Empty cells: 15086
Average atoms per cell: 78.2825
Maximum atoms per cell: 193
Minimum atoms per cell: 1
Simulation box: 
lx: 264.22 Ang
ly: 288.24 Ang
lz: 360.3 Ang
linked-cell calculation time: 0.019876 s
time info: 0.00195408 s
*********************************************************
Trajectory calculations 
*********************************************************
out target time: 89.7905 s
Ntraj: 10000
Nfree: 3013
Nscatter: 6987
Nlost: 0
omega: 22308.8
Ntraj: 10000
Nfree: 2950
Nscatter: 7047
Nlost: 3
omega: 22918.1
Ntraj: 10000
Nfree: 2858
Nscatter: 7141
Nlost: 1
omega: 21824.8
Ntraj: 10000
Nfree: 2953
Nscatter: 7043
Nlost: 4
omega: 21762.4
Ntraj: 10000
Nfree: 2884
Nscatter: 7113
Nlost: 3
omega: 21541
Ntraj: 10000
Nfree: 2948
Nscatter: 7049
Nlost: 3
omega: 22159.6
Ntraj: 10000
Nfree: 2939
Nscatter: 7057
Nlost: 4
omega: 22029.7
Ntraj: 10000
Nfree: 2928
Nscatter: 7067
Nlost: 5
omega: 21769.2
Ntraj: 10000
Nfree: 2897
Nscatter: 7100
Nlost: 3
omega: 22115
Ntraj: 10000
Nfree: 2816
Nscatter: 7182
Nlost: 2
omega: 22603.4
*********************************************************
task: 0
worker id: 61926
time create lcl and mol: 0.00490117 s
numbers of trajectories: 4546
time trajectory calculation: 22.8895 s
task: 1
worker id: 7081
time create lcl and mol: 0.00478888 s
numbers of trajectories: 4546
time trajectory calculation: 14.2871 s
task: 2
worker id: 34479
time create lcl and mol: 0.00464201 s
numbers of trajectories: 4546
time trajectory calculation: 17.6451 s
task: 3
worker id: 87156
time create lcl and mol: 0.00465393 s
numbers of trajectories: 4546
time trajectory calculation: 17.9614 s
task: 4
worker id: 11553
time create lcl and mol: 0.00477219 s
numbers of trajectories: 4546
time trajectory calculation: 19.8895 s
task: 5
worker id: 87156
time create lcl and mol: 0.00466108 s
numbers of trajectories: 4546
time trajectory calculation: 27.0653 s
task: 6
worker id: 27859
time create lcl and mol: 0.00464988 s
numbers of trajectories: 4546
time trajectory calculation: 34.5852 s
task: 7
worker id: 65289
time create lcl and mol: 0.00449014 s
numbers of trajectories: 4546
time trajectory calculation: 20.2015 s
task: 8
worker id: 18122
time create lcl and mol: 0.00468302 s
numbers of trajectories: 4546
time trajectory calculation: 25.5589 s
task: 9
worker id: 34479
time create lcl and mol: 0.00423384 s
numbers of trajectories: 4546
time trajectory calculation: 24.6 s
task: 10
worker id: 7081
time create lcl and mol: 0.004637 s
numbers of trajectories: 4545
time trajectory calculation: 37.2019 s
task: 11
worker id: 11553
time create lcl and mol: 0.00440598 s
numbers of trajectories: 4545
time trajectory calculation: 44.2014 s
task: 12
worker id: 65289
time create lcl and mol: 0.00452495 s
numbers of trajectories: 4545
time trajectory calculation: 10.6121 s
task: 13
worker id: 61926
time create lcl and mol: 0.00462294 s
numbers of trajectories: 4545
time trajectory calculation: 21.0749 s
task: 14
worker id: 11553
time create lcl and mol: 0.00480795 s
numbers of trajectories: 4545
time trajectory calculation: 25.6042 s
task: 15
worker id: 27859
time create lcl and mol: 0.00455499 s
numbers of trajectories: 4545
time trajectory calculation: 35.3198 s
task: 16
worker id: 87156
time create lcl and mol: 0.00447583 s
numbers of trajectories: 4545
time trajectory calculation: 19.6699 s
task: 17
worker id: 61926
time create lcl and mol: 0.00466609 s
numbers of trajectories: 4545
time trajectory calculation: 21.9481 s
task: 18
worker id: 65289
time create lcl and mol: 0.004668 s
numbers of trajectories: 4545
time trajectory calculation: 18.5278 s
task: 19
worker id: 34479
time create lcl and mol: 0.00465798 s
numbers of trajectories: 4545
time trajectory calculation: 18.5767 s
task: 20
worker id: 18122
time create lcl and mol: 0.00473881 s
numbers of trajectories: 4545
time trajectory calculation: 15.4017 s
task: 21
worker id: 18122
time create lcl and mol: 0.00469303 s
numbers of trajectories: 4545
time trajectory calculation: 14.2232 s
CCS time: 89.8013 s
*********************************************************
average value of CCS = 22103.2 Ang^2
error value of CCS = 125.955 Ang^2
Total time: 89.984 s
Program finished...
*********************************************************
INPUT:: Simulation Parameters 
*********************************************************
target filename                  : 7df4_pH75.xyz
number of probe                  : 10000
number of iterarions             : 10
number of tasks                  : 22
number of threads                : 24
seed number                      : 2104
gas buffer                       : N2
Target Temperature (K)           : 298
timestep (fs)                    : 10
Skin cell size (Ang)             : 0.01
Equipotential                    : no
Cut short-range interaction      : yes
LJ cutoff (Ang)                  : 12
Apply long-range interaction     : yes
Cut long-range interaction       : yes
Coulomb cutoff (Ang)             : 25
Apply induced-dipole interaction : yes
alpha (Ang^3)                    : 1.71
force_type: 6
*********************************************************
Force Field parameters: 
*********************************************************
Symbol  mass (amu)  epislon (kcal/mol)  sigma(Angstroms) 
C   12.011   0.0824736   3.2255
N   14.007   0.0758527   3.5719
H   1.008   0.0362711   1.8986
O   15.999   0.062323   3.075
S   32.06   0.138032   3.4237
P   30.9738   0.145372   3.47
*********************************************************
MOLECULE:: orientation around the inertia principal axis 
*********************************************************
Inertia matrix a.u. Ang^2: 
{  1.23609e+09  4.00282e+07  2.25898e+08  }
{  4.00282e+07  1.30652e+09  -1.10541e+08  }
{  2.25898e+08  -1.10541e+08  5.41488e+08  }
Rotation matrix applied to molecule: 
{  0.325185  0.944823  -0.0395478  }
{  -0.282758  0.137056  0.949349  }
{  0.902387  -0.297532  0.311725  }
Molecule radius: 124.059 Ang 
orientation time of molecule target: 0.066026 s
target mass: 424238 amu
gas mass: 28.014 amu
reduce mass: 28.014 amu
charge state: -33.0008 e
*********************************************************
Geometric Ellipsoid: 
*********************************************************
maximal distances: 74.8716  88.7378  123.109  Ang
Initial axis length: 125.979  139.845  174.216  Ang
Ellipsoid axis length: 128.449  142.315  176.686  Ang
ellipsoid calculation time: 0.000445127 s
maximal impact parameter: 176.686 Ang
*********************************************************
Linked-cell: 
Numbers of cells: 15840
Nx: 22 Ny: 24 Nz: 30
Filled cells: 754
Empty cells: 15086
Average atoms per cell: 78.2825
Maximum atoms per cell: 193
Minimum atoms per cell: 1
Simulation box: 
lx: 264.22 Ang
ly: 288.24 Ang
lz: 360.3 Ang
linked-cell calculation time: 0.0199111 s
time info: 0.00198913 s
*********************************************************
Trajectory calculations 
*********************************************************
out target time: 73.1906 s
Ntraj: 10000
Nfree: 3013
Nscatter: 6987
Nlost: 0
omega: 22308.8
Ntraj: 10000
Nfree: 2950
Nscatter: 7047
Nlost: 3
omega: 22918.1
Ntraj: 10000
Nfree: 2858
Nscatter: 7141
Nlost: 1
omega: 21824.8
Ntraj: 10000
Nfree: 2953
Nscatter: 7043
Nlost: 4
omega: 21762.4
Ntraj: 10000
Nfree: 2884
Nscatter: 7113
Nlost: 3
omega: 21541
Ntraj: 10000
Nfree: 2948
Nscatter: 7049
Nlost: 3
omega: 22159.6
Ntraj: 10000
Nfree: 2939
Nscatter: 7057
Nlost: 4
omega: 22029.7
Ntraj: 10000
Nfree: 2928
Nscatter: 7067
Nlost: 5
omega: 21769.2
Ntraj: 10000
Nfree: 2897
Nscatter: 7100
Nlost: 3
omega: 22115
Ntraj: 10000
Nfree: 2816
Nscatter: 7182
Nlost: 2
omega: 22603.4
*********************************************************
task: 0
worker id: 90111
time create lcl and mol: 0.00448418 s
numbers of trajectories: 4546
time trajectory calculation: 24.1447 s
task: 1
worker id: 14513
time create lcl and mol: 0.00462508 s
numbers of trajectories: 4546
time trajectory calculation: 14.6742 s
task: 2
worker id: 30826
time create lcl and mol: 0.00465298 s
numbers of trajectories: 4546
time trajectory calculation: 17.7463 s
task: 3
worker id: 10071
time create lcl and mol: 0.00474501 s
numbers of trajectories: 4546
time trajectory calculation: 17.8041 s
task: 4
worker id: 64889
time create lcl and mol: 0.004493 s
numbers of trajectories: 4546
time trajectory calculation: 19.8103 s
task: 5
worker id: 37439
time create lcl and mol: 0.00489807 s
numbers of trajectories: 4546
time trajectory calculation: 26.0898 s
task: 6
worker id: 68250
time create lcl and mol: 0.0044961 s
numbers of trajectories: 4546
time trajectory calculation: 35.1181 s
task: 7
worker id: 14513
time create lcl and mol: 0.0043869 s
numbers of trajectories: 4546
time trajectory calculation: 20.0873 s
task: 8
worker id: 37439
time create lcl and mol: 0.0043211 s
numbers of trajectories: 4546
time trajectory calculation: 25.0657 s
task: 9
worker id: 21093
time create lcl and mol: 0.00475001 s
numbers of trajectories: 4546
time trajectory calculation: 24.1771 s
task: 10
worker id: 64889
time create lcl and mol: 0.00450897 s
numbers of trajectories: 4545
time trajectory calculation: 38.2866 s
task: 11
worker id: 10071
time create lcl and mol: 0.00470805 s
numbers of trajectories: 4545
time trajectory calculation: 44.1259 s
task: 12
worker id: 30826
time create lcl and mol: 0.00447392 s
numbers of trajectories: 4545
time trajectory calculation: 10.7664 s
task: 13
worker id: 14513
time create lcl and mol: 0.00470614 s
numbers of trajectories: 4545
time trajectory calculation: 21.0144 s
task: 14
worker id: 68250
time create lcl and mol: 0.00444913 s
numbers of trajectories: 4545
time trajectory calculation: 25.4219 s
task: 15
worker id: 90111
time create lcl and mol: 0.004421 s
numbers of trajectories: 4545
time trajectory calculation: 35.2132 s
task: 16
worker id: 21093
time create lcl and mol: 0.00447798 s
numbers of trajectories: 4545
time trajectory calculation: 18.7847 s
task: 17
worker id: 37439
time create lcl and mol: 0.00446105 s
numbers of trajectories: 4545
time trajectory calculation: 21.9395 s
task: 18
worker id: 30826
time create lcl and mol: 0.00470304 s
numbers of trajectories: 4545
time trajectory calculation: 19.1056 s
task: 19
worker id: 21093
time create lcl and mol: 0.00450802 s
numbers of trajectories: 4545
time trajectory calculation: 18.3702 s
task: 20
worker id: 30826
time create lcl and mol: 0.00483394 s
numbers of trajectories: 4545
time trajectory calculation: 15.2855 s
task: 21
worker id: 64889
time create lcl and mol: 0.00454116 s
numbers of trajectories: 4545
time trajectory calculation: 14.5241 s
CCS time: 73.2013 s
*********************************************************
average value of CCS = 22103.2 Ang^2
error value of CCS = 125.955 Ang^2
Total time: 73.2929 s
Program finished...
*********************************************************
INPUT:: Simulation Parameters 
*********************************************************
target filename                  : 7df4_pH75.xyz
number of probe                  : 10000
number of iterarions             : 10
number of tasks                  : 22
number of threads                : 24
seed number                      : 2104
gas buffer                       : N2
Target Temperature (K)           : 298
timestep (fs)                    : 10
Skin cell size (Ang)             : 0.01
Equipotential                    : no
Cut short-range interaction      : yes
LJ cutoff (Ang)                  : 12
Apply long-range interaction     : yes
Cut long-range interaction       : yes
Coulomb cutoff (Ang)             : 25
Apply induced-dipole interaction : yes
alpha (Ang^3)                    : 1.71
force_type: 6
*********************************************************
Force Field parameters: 
*********************************************************
Symbol  mass (amu)  epislon (kcal/mol)  sigma(Angstroms) 
C   12.011   0.0824736   3.2255
N   14.007   0.0758527   3.5719
H   1.008   0.0362711   1.8986
O   15.999   0.062323   3.075
S   32.06   0.138032   3.4237
P   30.9738   0.145372   3.47
*********************************************************
MOLECULE:: orientation around the inertia principal axis 
*********************************************************
Inertia matrix a.u. Ang^2: 
{  1.23609e+09  4.00282e+07  2.25898e+08  }
{  4.00282e+07  1.30652e+09  -1.10541e+08  }
{  2.25898e+08  -1.10541e+08  5.41488e+08  }
Rotation matrix applied to molecule: 
{  0.325185  0.944823  -0.0395478  }
{  -0.282758  0.137056  0.949349  }
{  0.902387  -0.297532  0.311725  }
Molecule radius: 124.059 Ang 
orientation time of molecule target: 0.0651009 s
target mass: 424238 amu
gas mass: 28.014 amu
reduce mass: 28.014 amu
charge state: -33.0008 e
*********************************************************
Geometric Ellipsoid: 
*********************************************************
maximal distances: 74.8716  88.7378  123.109  Ang
Initial axis length: 125.979  139.845  174.216  Ang
Ellipsoid axis length: 128.449  142.315  176.686  Ang
ellipsoid calculation time: 0.000444889 s
maximal impact parameter: 176.686 Ang
*********************************************************
Linked-cell: 
Numbers of cells: 15840
Nx: 22 Ny: 24 Nz: 30
Filled cells: 754
Empty cells: 15086
Average atoms per cell: 78.2825
Maximum atoms per cell: 193
Minimum atoms per cell: 1
Simulation box: 
lx: 264.22 Ang
ly: 288.24 Ang
lz: 360.3 Ang
linked-cell calculation time: 0.0198529 s
time info: 0.00193405 s
*********************************************************
Trajectory calculations 
*********************************************************
out target time: 83.1848 s
Ntraj: 10000
Nfree: 3013
Nscatter: 6987
Nlost: 0
omega: 22308.8
Ntraj: 10000
Nfree: 2950
Nscatter: 7047
Nlost: 3
omega: 22918.1
Ntraj: 10000
Nfree: 2858
Nscatter: 7141
Nlost: 1
omega: 21824.8
Ntraj: 10000
Nfree: 2953
Nscatter: 7043
Nlost: 4
omega: 21762.4
Ntraj: 10000
Nfree: 2884
Nscatter: 7113
Nlost: 3
omega: 21541
Ntraj: 10000
Nfree: 2948
Nscatter: 7049
Nlost: 3
omega: 22159.6
Ntraj: 10000
Nfree: 2939
Nscatter: 7057
Nlost: 4
omega: 22029.7
Ntraj: 10000
Nfree: 2928
Nscatter: 7067
Nlost: 5
omega: 21769.2
Ntraj: 10000
Nfree: 2897
Nscatter: 7100
Nlost: 3
omega: 22115
Ntraj: 10000
Nfree: 2816
Nscatter: 7182
Nlost: 2
omega: 22603.4
*********************************************************
task: 0
worker id: 92726
time create lcl and mol: 0.00451779 s
numbers of trajectories: 4546
time trajectory calculation: 22.9434 s
task: 1
worker id: 23708
time create lcl and mol: 0.00465608 s
numbers of trajectories: 4546
time trajectory calculation: 14.3217 s
task: 2
worker id: 40057
time create lcl and mol: 0.00471592 s
numbers of trajectories: 4546
time trajectory calculation: 17.762 s
task: 3
worker id: 67503
time create lcl and mol: 0.00472808 s
numbers of trajectories: 4546
time trajectory calculation: 18.0613 s
task: 4
worker id: 70882
time create lcl and mol: 0.00475502 s
numbers of trajectories: 4546
time trajectory calculation: 19.5799 s
task: 5
worker id: 12700
time create lcl and mol: 0.00463605 s
numbers of trajectories: 4546
time trajectory calculation: 25.9148 s
task: 6
worker id: 33447
time create lcl and mol: 0.00464487 s
numbers of trajectories: 4546
time trajectory calculation: 34.991 s
task: 7
worker id: 23708
time create lcl and mol: 0.00461507 s
numbers of trajectories: 4546
time trajectory calculation: 20.1555 s
task: 8
worker id: 17133
time create lcl and mol: 0.00470495 s
numbers of trajectories: 4546
time trajectory calculation: 25.6417 s
task: 9
worker id: 40057
time create lcl and mol: 0.004632 s
numbers of trajectories: 4546
time trajectory calculation: 23.8422 s
task: 10
worker id: 12700
time create lcl and mol: 0.00485301 s
numbers of trajectories: 4545
time trajectory calculation: 38.2742 s
task: 11
worker id: 67503
time create lcl and mol: 0.00492215 s
numbers of trajectories: 4545
time trajectory calculation: 44.1909 s
task: 12
worker id: 23708
time create lcl and mol: 0.00469685 s
numbers of trajectories: 4545
time trajectory calculation: 10.7133 s
task: 13
worker id: 67503
time create lcl and mol: 0.00464296 s
numbers of trajectories: 4545
time trajectory calculation: 20.8368 s
task: 14
worker id: 92726
time create lcl and mol: 0.00447512 s
numbers of trajectories: 4545
time trajectory calculation: 25.6912 s
task: 15
worker id: 70882
time create lcl and mol: 0.00470614 s
numbers of trajectories: 4545
time trajectory calculation: 35.3335 s
task: 16
worker id: 40057
time create lcl and mol: 0.00531507 s
numbers of trajectories: 4545
time trajectory calculation: 19.3276 s
task: 17
worker id: 17133
time create lcl and mol: 0.00437379 s
numbers of trajectories: 4545
time trajectory calculation: 21.9592 s
task: 18
worker id: 23708
time create lcl and mol: 0.00441718 s
numbers of trajectories: 4545
time trajectory calculation: 18.1791 s
task: 19
worker id: 17133
time create lcl and mol: 0.00469398 s
numbers of trajectories: 4545
time trajectory calculation: 18.0006 s
task: 20
worker id: 33447
time create lcl and mol: 0.00450206 s
numbers of trajectories: 4545
time trajectory calculation: 15.2592 s
task: 21
worker id: 92726
time create lcl and mol: 0.00469685 s
numbers of trajectories: 4545
time trajectory calculation: 14.083 s
CCS time: 83.1957 s
*********************************************************
average value of CCS = 22103.2 Ang^2
error value of CCS = 125.955 Ang^2
Total time: 83.2864 s
Program finished...
[1695299657.192312] [sdumont6069:52386:0]       tag_match.c:62   UCX  WARN  unexpected tag-receive descriptor 0x2b946c014240 was not matched
[1695299657.196910] [sdumont6249:70882:0]       tag_match.c:62   UCX  WARN  unexpected tag-receive descriptor 0x559a3c311e40 was not matched
[1695299657.204642] [sdumont6198:33447:0]       tag_match.c:62   UCX  WARN  unexpected tag-receive descriptor 0x5634c5c62a00 was not matched
[1695299657.207389] [sdumont6082:17133:0]       tag_match.c:62   UCX  WARN  unexpected tag-receive descriptor 0x558657aaca80 was not matched
*********************************************************
INPUT:: Simulation Parameters 
*********************************************************
target filename                  : 7df4_pH75.xyz
number of probe                  : 10000
number of iterarions             : 10
number of tasks                  : 22
number of threads                : 24
seed number                      : 2104
gas buffer                       : N2
Target Temperature (K)           : 298
timestep (fs)                    : 10
Skin cell size (Ang)             : 0.01
Equipotential                    : no
Cut short-range interaction      : yes
LJ cutoff (Ang)                  : 12
Apply long-range interaction     : yes
Cut long-range interaction       : yes
Coulomb cutoff (Ang)             : 25
Apply induced-dipole interaction : yes
alpha (Ang^3)                    : 1.71
force_type: 6
*********************************************************
Force Field parameters: 
*********************************************************
Symbol  mass (amu)  epislon (kcal/mol)  sigma(Angstroms) 
C   12.011   0.0824736   3.2255
N   14.007   0.0758527   3.5719
H   1.008   0.0362711   1.8986
O   15.999   0.062323   3.075
S   32.06   0.138032   3.4237
P   30.9738   0.145372   3.47
*********************************************************
MOLECULE:: orientation around the inertia principal axis 
*********************************************************
Inertia matrix a.u. Ang^2: 
{  1.23609e+09  4.00282e+07  2.25898e+08  }
{  4.00282e+07  1.30652e+09  -1.10541e+08  }
{  2.25898e+08  -1.10541e+08  5.41488e+08  }
Rotation matrix applied to molecule: 
{  0.325185  0.944823  -0.0395478  }
{  -0.282758  0.137056  0.949349  }
{  0.902387  -0.297532  0.311725  }
Molecule radius: 124.059 Ang 
orientation time of molecule target: 0.0642209 s
target mass: 424238 amu
gas mass: 28.014 amu
reduce mass: 28.014 amu
charge state: -33.0008 e
*********************************************************
Geometric Ellipsoid: 
*********************************************************
maximal distances: 74.8716  88.7378  123.109  Ang
Initial axis length: 125.979  139.845  174.216  Ang
Ellipsoid axis length: 128.449  142.315  176.686  Ang
ellipsoid calculation time: 0.000437975 s
maximal impact parameter: 176.686 Ang
*********************************************************
Linked-cell: 
Numbers of cells: 15840
Nx: 22 Ny: 24 Nz: 30
Filled cells: 754
Empty cells: 15086
Average atoms per cell: 78.2825
Maximum atoms per cell: 193
Minimum atoms per cell: 1
Simulation box: 
lx: 264.22 Ang
ly: 288.24 Ang
lz: 360.3 Ang
linked-cell calculation time: 0.0197771 s
time info: 0.0019381 s
*********************************************************
Trajectory calculations 
*********************************************************
out target time: 81.1829 s
Ntraj: 10000
Nfree: 3013
Nscatter: 6987
Nlost: 0
omega: 22308.8
Ntraj: 10000
Nfree: 2950
Nscatter: 7047
Nlost: 3
omega: 22918.1
Ntraj: 10000
Nfree: 2858
Nscatter: 7141
Nlost: 1
omega: 21824.8
Ntraj: 10000
Nfree: 2953
Nscatter: 7043
Nlost: 4
omega: 21762.4
Ntraj: 10000
Nfree: 2884
Nscatter: 7113
Nlost: 3
omega: 21541
Ntraj: 10000
Nfree: 2948
Nscatter: 7049
Nlost: 3
omega: 22159.6
Ntraj: 10000
Nfree: 2939
Nscatter: 7057
Nlost: 4
omega: 22029.7
Ntraj: 10000
Nfree: 2928
Nscatter: 7067
Nlost: 5
omega: 21769.2
Ntraj: 10000
Nfree: 2897
Nscatter: 7100
Nlost: 3
omega: 22115
Ntraj: 10000
Nfree: 2816
Nscatter: 7182
Nlost: 2
omega: 22603.4
*********************************************************
task: 0
worker id: 19775
time create lcl and mol: 0.00476098 s
numbers of trajectories: 4546
time trajectory calculation: 23.1766 s
task: 1
worker id: 36081
time create lcl and mol: 0.00444412 s
numbers of trajectories: 4546
time trajectory calculation: 14.5844 s
task: 2
worker id: 70139
time create lcl and mol: 0.004565 s
numbers of trajectories: 4546
time trajectory calculation: 17.5487 s
task: 3
worker id: 73529
time create lcl and mol: 0.00441599 s
numbers of trajectories: 4546
time trajectory calculation: 17.5892 s
task: 4
worker id: 15350
time create lcl and mol: 0.00466013 s
numbers of trajectories: 4546
time trajectory calculation: 19.7538 s
task: 5
worker id: 42700
time create lcl and mol: 0.0047648 s
numbers of trajectories: 4546
time trajectory calculation: 25.5144 s
task: 6
worker id: 95359
time create lcl and mol: 0.00469804 s
numbers of trajectories: 4546
time trajectory calculation: 34.1745 s
task: 7
worker id: 26344
time create lcl and mol: 0.00462317 s
numbers of trajectories: 4546
time trajectory calculation: 19.9999 s
task: 8
worker id: 42700
time create lcl and mol: 0.00462413 s
numbers of trajectories: 4546
time trajectory calculation: 25.3462 s
task: 9
worker id: 26344
time create lcl and mol: 0.00469589 s
numbers of trajectories: 4546
time trajectory calculation: 24.6353 s
task: 10
worker id: 70139
time create lcl and mol: 0.00478292 s
numbers of trajectories: 4545
time trajectory calculation: 38.2713 s
task: 11
worker id: 36081
time create lcl and mol: 0.00466108 s
numbers of trajectories: 4545
time trajectory calculation: 43.0556 s
task: 12
worker id: 19775
time create lcl and mol: 0.00434709 s
numbers of trajectories: 4545
time trajectory calculation: 10.6434 s
task: 13
worker id: 73529
time create lcl and mol: 0.0044508 s
numbers of trajectories: 4545
time trajectory calculation: 20.9245 s
task: 14
worker id: 70139
time create lcl and mol: 0.00501394 s
numbers of trajectories: 4545
time trajectory calculation: 25.2728 s
task: 15
worker id: 95359
time create lcl and mol: 0.00486398 s
numbers of trajectories: 4545
time trajectory calculation: 35.3759 s
task: 16
worker id: 42700
time create lcl and mol: 0.00446701 s
numbers of trajectories: 4545
time trajectory calculation: 19.8381 s
task: 17
worker id: 15350
time create lcl and mol: 0.00467682 s
numbers of trajectories: 4545
time trajectory calculation: 21.9195 s
task: 18
worker id: 15350
time create lcl and mol: 0.00568104 s
numbers of trajectories: 4545
time trajectory calculation: 19.2194 s
task: 19
worker id: 19775
time create lcl and mol: 0.00462699 s
numbers of trajectories: 4545
time trajectory calculation: 18.5233 s
task: 20
worker id: 26344
time create lcl and mol: 0.00450087 s
numbers of trajectories: 4545
time trajectory calculation: 15.1192 s
task: 21
worker id: 73529
time create lcl and mol: 0.004565 s
numbers of trajectories: 4545
time trajectory calculation: 14.3089 s
CCS time: 81.1941 s
*********************************************************
average value of CCS = 22103.2 Ang^2
error value of CCS = 125.955 Ang^2
Total time: 81.2834 s
Program finished...
*********************************************************
INPUT:: Simulation Parameters 
*********************************************************
target filename                  : 7df4_pH75.xyz
number of probe                  : 10000
number of iterarions             : 10
number of tasks                  : 22
number of threads                : 24
seed number                      : 2104
gas buffer                       : N2
Target Temperature (K)           : 298
timestep (fs)                    : 10
Skin cell size (Ang)             : 0.01
Equipotential                    : no
Cut short-range interaction      : yes
LJ cutoff (Ang)                  : 12
Apply long-range interaction     : yes
Cut long-range interaction       : yes
Coulomb cutoff (Ang)             : 25
Apply induced-dipole interaction : yes
alpha (Ang^3)                    : 1.71
force_type: 6
*********************************************************
Force Field parameters: 
*********************************************************
Symbol  mass (amu)  epislon (kcal/mol)  sigma(Angstroms) 
C   12.011   0.0824736   3.2255
N   14.007   0.0758527   3.5719
H   1.008   0.0362711   1.8986
O   15.999   0.062323   3.075
S   32.06   0.138032   3.4237
P   30.9738   0.145372   3.47
*********************************************************
MOLECULE:: orientation around the inertia principal axis 
*********************************************************
Inertia matrix a.u. Ang^2: 
{  1.23609e+09  4.00282e+07  2.25898e+08  }
{  4.00282e+07  1.30652e+09  -1.10541e+08  }
{  2.25898e+08  -1.10541e+08  5.41488e+08  }
Rotation matrix applied to molecule: 
{  0.325185  0.944823  -0.0395478  }
{  -0.282758  0.137056  0.949349  }
{  0.902387  -0.297532  0.311725  }
Molecule radius: 124.059 Ang 
orientation time of molecule target: 0.0683122 s
target mass: 424238 amu
gas mass: 28.014 amu
reduce mass: 28.014 amu
charge state: -33.0008 e
*********************************************************
Geometric Ellipsoid: 
*********************************************************
maximal distances: 74.8716  88.7378  123.109  Ang
Initial axis length: 125.979  139.845  174.216  Ang
Ellipsoid axis length: 128.449  142.315  176.686  Ang
ellipsoid calculation time: 0.000463963 s
maximal impact parameter: 176.686 Ang
*********************************************************
Linked-cell: 
Numbers of cells: 15840
Nx: 22 Ny: 24 Nz: 30
Filled cells: 754
Empty cells: 15086
Average atoms per cell: 78.2825
Maximum atoms per cell: 193
Minimum atoms per cell: 1
Simulation box: 
lx: 264.22 Ang
ly: 288.24 Ang
lz: 360.3 Ang
linked-cell calculation time: 0.0203481 s
time info: 0.00195193 s
*********************************************************
Trajectory calculations 
*********************************************************
out target time: 70.47 s
Ntraj: 10000
Nfree: 3013
Nscatter: 6987
Nlost: 0
omega: 22308.8
Ntraj: 10000
Nfree: 2950
Nscatter: 7047
Nlost: 3
omega: 22918.1
Ntraj: 10000
Nfree: 2858
Nscatter: 7141
Nlost: 1
omega: 21824.8
Ntraj: 10000
Nfree: 2953
Nscatter: 7043
Nlost: 4
omega: 21762.4
Ntraj: 10000
Nfree: 2884
Nscatter: 7113
Nlost: 3
omega: 21541
Ntraj: 10000
Nfree: 2948
Nscatter: 7049
Nlost: 3
omega: 22159.6
Ntraj: 10000
Nfree: 2939
Nscatter: 7057
Nlost: 4
omega: 22029.7
Ntraj: 10000
Nfree: 2928
Nscatter: 7067
Nlost: 5
omega: 21769.2
Ntraj: 10000
Nfree: 2897
Nscatter: 7100
Nlost: 3
omega: 22115
Ntraj: 10000
Nfree: 2816
Nscatter: 7182
Nlost: 2
omega: 22603.4
*********************************************************
task: 0
worker id: 17983
time create lcl and mol: 0.00488901 s
numbers of trajectories: 4546
time trajectory calculation: 23.6042 s
task: 1
worker id: 45320
time create lcl and mol: 0.0044899 s
numbers of trajectories: 4546
time trajectory calculation: 14.1733 s
task: 2
worker id: 22390
time create lcl and mol: 0.00453115 s
numbers of trajectories: 4546
time trajectory calculation: 17.2856 s
task: 3
worker id: 72762
time create lcl and mol: 0.00479293 s
numbers of trajectories: 4546
time trajectory calculation: 17.3014 s
task: 4
worker id: 38710
time create lcl and mol: 0.00451803 s
numbers of trajectories: 4546
time trajectory calculation: 19.3785 s
task: 5
worker id: 97975
time create lcl and mol: 0.00456905 s
numbers of trajectories: 4546
time trajectory calculation: 26.3274 s
task: 6
worker id: 76143
time create lcl and mol: 0.00469685 s
numbers of trajectories: 4546
time trajectory calculation: 34.4412 s
task: 7
worker id: 28955
time create lcl and mol: 0.00489998 s
numbers of trajectories: 4546
time trajectory calculation: 19.9605 s
task: 8
worker id: 76143
time create lcl and mol: 0.00475693 s
numbers of trajectories: 4546
time trajectory calculation: 25.5517 s
task: 9
worker id: 22390
time create lcl and mol: 0.00470495 s
numbers of trajectories: 4546
time trajectory calculation: 24.1529 s
task: 10
worker id: 38710
time create lcl and mol: 0.00457001 s
numbers of trajectories: 4545
time trajectory calculation: 38.1433 s
task: 11
worker id: 97975
time create lcl and mol: 0.00467515 s
numbers of trajectories: 4545
time trajectory calculation: 44.0789 s
task: 12
worker id: 72762
time create lcl and mol: 0.00452209 s
numbers of trajectories: 4545
time trajectory calculation: 10.5394 s
task: 13
worker id: 17983
time create lcl and mol: 0.00442195 s
numbers of trajectories: 4545
time trajectory calculation: 21.1275 s
task: 14
worker id: 17983
time create lcl and mol: 0.00439692 s
numbers of trajectories: 4545
time trajectory calculation: 25.161 s
task: 15
worker id: 45320
time create lcl and mol: 0.00472999 s
numbers of trajectories: 4545
time trajectory calculation: 35.2252 s
task: 16
worker id: 45320
time create lcl and mol: 0.00651598 s
numbers of trajectories: 4545
time trajectory calculation: 18.8537 s
task: 17
worker id: 28955
time create lcl and mol: 0.00495791 s
numbers of trajectories: 4545
time trajectory calculation: 21.7232 s
task: 18
worker id: 28955
time create lcl and mol: 0.00434113 s
numbers of trajectories: 4545
time trajectory calculation: 18.1086 s
task: 19
worker id: 72762
time create lcl and mol: 0.0046041 s
numbers of trajectories: 4545
time trajectory calculation: 18.681 s
task: 20
worker id: 22390
time create lcl and mol: 0.00460505 s
numbers of trajectories: 4545
time trajectory calculation: 15.2309 s
task: 21
worker id: 72762
time create lcl and mol: 0.00465608 s
numbers of trajectories: 4545
time trajectory calculation: 14.0072 s
CCS time: 70.4809 s
*********************************************************
average value of CCS = 22103.2 Ang^2
error value of CCS = 125.955 Ang^2
Total time: 70.5752 s
Program finished...
*********************************************************
INPUT:: Simulation Parameters 
*********************************************************
target filename                  : 7df4_pH75.xyz
number of probe                  : 10000
number of iterarions             : 10
number of tasks                  : 22
number of threads                : 24
seed number                      : 2104
gas buffer                       : N2
Target Temperature (K)           : 298
timestep (fs)                    : 10
Skin cell size (Ang)             : 0.01
Equipotential                    : no
Cut short-range interaction      : yes
LJ cutoff (Ang)                  : 12
Apply long-range interaction     : yes
Cut long-range interaction       : yes
Coulomb cutoff (Ang)             : 25
Apply induced-dipole interaction : yes
alpha (Ang^3)                    : 1.71
force_type: 6
*********************************************************
Force Field parameters: 
*********************************************************
Symbol  mass (amu)  epislon (kcal/mol)  sigma(Angstroms) 
C   12.011   0.0824736   3.2255
N   14.007   0.0758527   3.5719
H   1.008   0.0362711   1.8986
O   15.999   0.062323   3.075
S   32.06   0.138032   3.4237
P   30.9738   0.145372   3.47
*********************************************************
MOLECULE:: orientation around the inertia principal axis 
*********************************************************
Inertia matrix a.u. Ang^2: 
{  1.23609e+09  4.00282e+07  2.25898e+08  }
{  4.00282e+07  1.30652e+09  -1.10541e+08  }
{  2.25898e+08  -1.10541e+08  5.41488e+08  }
Rotation matrix applied to molecule: 
{  0.325185  0.944823  -0.0395478  }
{  -0.282758  0.137056  0.949349  }
{  0.902387  -0.297532  0.311725  }
Molecule radius: 124.059 Ang 
orientation time of molecule target: 0.138221 s
target mass: 424238 amu
gas mass: 28.014 amu
reduce mass: 28.014 amu
charge state: -33.0008 e
*********************************************************
Geometric Ellipsoid: 
*********************************************************
maximal distances: 74.8716  88.7378  123.109  Ang
Initial axis length: 125.979  139.845  174.216  Ang
Ellipsoid axis length: 128.449  142.315  176.686  Ang
ellipsoid calculation time: 0.000390053 s
maximal impact parameter: 176.686 Ang
*********************************************************
Linked-cell: 
Numbers of cells: 15840
Nx: 22 Ny: 24 Nz: 30
Filled cells: 754
Empty cells: 15086
Average atoms per cell: 78.2825
Maximum atoms per cell: 193
Minimum atoms per cell: 1
Simulation box: 
lx: 264.22 Ang
ly: 288.24 Ang
lz: 360.3 Ang
linked-cell calculation time: 0.019815 s
time info: 0.00185108 s
*********************************************************
Trajectory calculations 
*********************************************************
out target time: 78.8896 s
Ntraj: 10000
Nfree: 3013
Nscatter: 6987
Nlost: 0
omega: 22308.8
Ntraj: 10000
Nfree: 2950
Nscatter: 7047
Nlost: 3
omega: 22918.1
Ntraj: 10000
Nfree: 2858
Nscatter: 7141
Nlost: 1
omega: 21824.8
Ntraj: 10000
Nfree: 2953
Nscatter: 7043
Nlost: 4
omega: 21762.4
Ntraj: 10000
Nfree: 2884
Nscatter: 7113
Nlost: 3
omega: 21541
Ntraj: 10000
Nfree: 2948
Nscatter: 7049
Nlost: 3
omega: 22159.6
Ntraj: 10000
Nfree: 2939
Nscatter: 7057
Nlost: 4
omega: 22029.7
Ntraj: 10000
Nfree: 2928
Nscatter: 7067
Nlost: 5
omega: 21769.2
Ntraj: 10000
Nfree: 2897
Nscatter: 7100
Nlost: 3
omega: 22115
Ntraj: 10000
Nfree: 2816
Nscatter: 7182
Nlost: 2
omega: 22603.4
*********************************************************
task: 0
worker id: 71749
time create lcl and mol: 0.00460386 s
numbers of trajectories: 4546
time trajectory calculation: 23.7079 s
task: 1
worker id: 70969
time create lcl and mol: 0.00457501 s
numbers of trajectories: 4546
time trajectory calculation: 14.8003 s
task: 2
worker id: 71394
time create lcl and mol: 0.0045929 s
numbers of trajectories: 4546
time trajectory calculation: 17.6637 s
task: 3
worker id: 71276
time create lcl and mol: 0.00466681 s
numbers of trajectories: 4546
time trajectory calculation: 17.8429 s
task: 4
worker id: 86575
time create lcl and mol: 0.00463891 s
numbers of trajectories: 4546
time trajectory calculation: 19.5526 s
task: 5
worker id: 70331
time create lcl and mol: 0.00470304 s
numbers of trajectories: 4546
time trajectory calculation: 26.1066 s
task: 6
worker id: 69576
time create lcl and mol: 0.00478911 s
numbers of trajectories: 4546
time trajectory calculation: 35.2941 s
task: 7
worker id: 70655
time create lcl and mol: 0.00453806 s
numbers of trajectories: 4546
time trajectory calculation: 20.3467 s
task: 8
worker id: 70331
time create lcl and mol: 0.0044539 s
numbers of trajectories: 4546
time trajectory calculation: 25.0505 s
task: 9
worker id: 70331
time create lcl and mol: 0.00440788 s
numbers of trajectories: 4546
time trajectory calculation: 23.7955 s
task: 10
worker id: 71394
time create lcl and mol: 0.00484014 s
numbers of trajectories: 4545
time trajectory calculation: 38.43 s
task: 11
worker id: 69576
time create lcl and mol: 0.0044179 s
numbers of trajectories: 4545
time trajectory calculation: 43.5179 s
task: 12
worker id: 71749
time create lcl and mol: 0.00452185 s
numbers of trajectories: 4545
time trajectory calculation: 10.5294 s
task: 13
worker id: 70969
time create lcl and mol: 0.00591397 s
numbers of trajectories: 4545
time trajectory calculation: 21.1403 s
task: 14
worker id: 70969
time create lcl and mol: 0.00440097 s
numbers of trajectories: 4545
time trajectory calculation: 25.399 s
task: 15
worker id: 71276
time create lcl and mol: 0.00437284 s
numbers of trajectories: 4545
time trajectory calculation: 34.8442 s
task: 16
worker id: 70655
time create lcl and mol: 0.00461602 s
numbers of trajectories: 4545
time trajectory calculation: 19.4441 s
task: 17
worker id: 71749
time create lcl and mol: 0.00448704 s
numbers of trajectories: 4545
time trajectory calculation: 22.1412 s
task: 18
worker id: 70655
time create lcl and mol: 0.00455594 s
numbers of trajectories: 4545
time trajectory calculation: 19.1027 s
task: 19
worker id: 86575
time create lcl and mol: 0.004493 s
numbers of trajectories: 4545
time trajectory calculation: 18.3532 s
task: 20
worker id: 71394
time create lcl and mol: 0.00433898 s
numbers of trajectories: 4545
time trajectory calculation: 15.1229 s
task: 21
worker id: 86575
time create lcl and mol: 0.00468802 s
numbers of trajectories: 4545
time trajectory calculation: 14.2692 s
CCS time: 78.9002 s
*********************************************************
average value of CCS = 22103.2 Ang^2
error value of CCS = 125.955 Ang^2
Total time: 79.0642 s
Program finished...
[1695421844.064979] [sdumont6222:51909:0]       tag_match.c:62   UCX  WARN  unexpected tag-receive descriptor 0x2af3dc0140c0 was not matched
[1695421844.061267] [sdumont6228:70331:0]       tag_match.c:62   UCX  WARN  unexpected tag-receive descriptor 0x55c63a9b1c00 was not matched
[1695421844.063035] [sdumont6225:71394:0]       tag_match.c:62   UCX  WARN  unexpected tag-receive descriptor 0x55f14249ccc0 was not matched
[1695421844.070832] [sdumont6224:70969:0]       tag_match.c:62   UCX  WARN  unexpected tag-receive descriptor 0x56305754dd00 was not matched
[1695421844.065556] [sdumont6230:70655:0]       tag_match.c:62   UCX  WARN  unexpected tag-receive descriptor 0x5598d2039b80 was not matched
*********************************************************
INPUT:: Simulation Parameters 
*********************************************************
target filename                  : 7df4_pH75.xyz
number of probe                  : 10000
number of iterarions             : 10
number of tasks                  : 22
number of threads                : 24
seed number                      : 2104
gas buffer                       : N2
Target Temperature (K)           : 298
timestep (fs)                    : 10
Skin cell size (Ang)             : 0.01
Equipotential                    : no
Cut short-range interaction      : yes
LJ cutoff (Ang)                  : 12
Apply long-range interaction     : yes
Cut long-range interaction       : yes
Coulomb cutoff (Ang)             : 25
Apply induced-dipole interaction : yes
alpha (Ang^3)                    : 1.71
force_type: 6
*********************************************************
Force Field parameters: 
*********************************************************
Symbol  mass (amu)  epislon (kcal/mol)  sigma(Angstroms) 
C   12.011   0.0824736   3.2255
N   14.007   0.0758527   3.5719
H   1.008   0.0362711   1.8986
O   15.999   0.062323   3.075
S   32.06   0.138032   3.4237
P   30.9738   0.145372   3.47
*********************************************************
MOLECULE:: orientation around the inertia principal axis 
*********************************************************
Inertia matrix a.u. Ang^2: 
{  1.23609e+09  4.00282e+07  2.25898e+08  }
{  4.00282e+07  1.30652e+09  -1.10541e+08  }
{  2.25898e+08  -1.10541e+08  5.41488e+08  }
Rotation matrix applied to molecule: 
{  0.325185  0.944823  -0.0395478  }
{  -0.282758  0.137056  0.949349  }
{  0.902387  -0.297532  0.311725  }
Molecule radius: 124.059 Ang 
orientation time of molecule target: 0.064317 s
target mass: 424238 amu
gas mass: 28.014 amu
reduce mass: 28.014 amu
charge state: -33.0008 e
*********************************************************
Geometric Ellipsoid: 
*********************************************************
maximal distances: 74.8716  88.7378  123.109  Ang
Initial axis length: 125.979  139.845  174.216  Ang
Ellipsoid axis length: 128.449  142.315  176.686  Ang
ellipsoid calculation time: 0.000435114 s
maximal impact parameter: 176.686 Ang
*********************************************************
Linked-cell: 
Numbers of cells: 15840
Nx: 22 Ny: 24 Nz: 30
Filled cells: 754
Empty cells: 15086
Average atoms per cell: 78.2825
Maximum atoms per cell: 193
Minimum atoms per cell: 1
Simulation box: 
lx: 264.22 Ang
ly: 288.24 Ang
lz: 360.3 Ang
linked-cell calculation time: 0.0197942 s
time info: 0.00191998 s
*********************************************************
Trajectory calculations 
*********************************************************
out target time: 76.7376 s
Ntraj: 10000
Nfree: 3013
Nscatter: 6987
Nlost: 0
omega: 22308.8
Ntraj: 10000
Nfree: 2950
Nscatter: 7047
Nlost: 3
omega: 22918.1
Ntraj: 10000
Nfree: 2858
Nscatter: 7141
Nlost: 1
omega: 21824.8
Ntraj: 10000
Nfree: 2953
Nscatter: 7043
Nlost: 4
omega: 21762.4
Ntraj: 10000
Nfree: 2884
Nscatter: 7113
Nlost: 3
omega: 21541
Ntraj: 10000
Nfree: 2948
Nscatter: 7049
Nlost: 3
omega: 22159.6
Ntraj: 10000
Nfree: 2939
Nscatter: 7057
Nlost: 4
omega: 22029.7
Ntraj: 10000
Nfree: 2928
Nscatter: 7067
Nlost: 5
omega: 21769.2
Ntraj: 10000
Nfree: 2897
Nscatter: 7100
Nlost: 3
omega: 22115
Ntraj: 10000
Nfree: 2816
Nscatter: 7182
Nlost: 2
omega: 22603.4
*********************************************************
task: 0
worker id: 72194
time create lcl and mol: 0.0046401 s
numbers of trajectories: 4546
time trajectory calculation: 23.4279 s
task: 1
worker id: 74367
time create lcl and mol: 0.00478578 s
numbers of trajectories: 4546
time trajectory calculation: 14.534 s
task: 2
worker id: 74012
time create lcl and mol: 0.004776 s
numbers of trajectories: 4546
time trajectory calculation: 17.6024 s
task: 3
worker id: 89202
time create lcl and mol: 0.00466704 s
numbers of trajectories: 4546
time trajectory calculation: 17.6516 s
task: 4
worker id: 73581
time create lcl and mol: 0.00478506 s
numbers of trajectories: 4546
time trajectory calculation: 19.4817 s
task: 5
worker id: 73890
time create lcl and mol: 0.00468802 s
numbers of trajectories: 4546
time trajectory calculation: 25.6077 s
task: 6
worker id: 72943
time create lcl and mol: 0.00478506 s
numbers of trajectories: 4546
time trajectory calculation: 35.1622 s
task: 7
worker id: 73271
time create lcl and mol: 0.0049181 s
numbers of trajectories: 4546
time trajectory calculation: 19.9211 s
task: 8
worker id: 73581
time create lcl and mol: 0.00458193 s
numbers of trajectories: 4546
time trajectory calculation: 25.3108 s
task: 9
worker id: 89202
time create lcl and mol: 0.00450206 s
numbers of trajectories: 4546
time trajectory calculation: 24.0881 s
task: 10
worker id: 72194
time create lcl and mol: 0.00451088 s
numbers of trajectories: 4545
time trajectory calculation: 38.2894 s
task: 11
worker id: 74367
time create lcl and mol: 0.00450993 s
numbers of trajectories: 4545
time trajectory calculation: 43.2247 s
task: 12
worker id: 89202
time create lcl and mol: 0.00466681 s
numbers of trajectories: 4545
time trajectory calculation: 10.7597 s
task: 13
worker id: 74012
time create lcl and mol: 0.004601 s
numbers of trajectories: 4545
time trajectory calculation: 20.7768 s
task: 14
worker id: 73271
time create lcl and mol: 0.00441194 s
numbers of trajectories: 4545
time trajectory calculation: 25.0715 s
task: 15
worker id: 73890
time create lcl and mol: 0.00481892 s
numbers of trajectories: 4545
time trajectory calculation: 34.8953 s
task: 16
worker id: 74012
time create lcl and mol: 0.00458097 s
numbers of trajectories: 4545
time trajectory calculation: 19.203 s
task: 17
worker id: 72943
time create lcl and mol: 0.00493193 s
numbers of trajectories: 4545
time trajectory calculation: 21.6345 s
task: 18
worker id: 74367
time create lcl and mol: 0.00463581 s
numbers of trajectories: 4545
time trajectory calculation: 18.8892 s
task: 19
worker id: 73581
time create lcl and mol: 0.00469995 s
numbers of trajectories: 4545
time trajectory calculation: 18.4423 s
task: 20
worker id: 73271
time create lcl and mol: 0.00461912 s
numbers of trajectories: 4545
time trajectory calculation: 15.3701 s
task: 21
worker id: 89202
time create lcl and mol: 0.00479913 s
numbers of trajectories: 4545
time trajectory calculation: 14.4281 s
CCS time: 76.7483 s
*********************************************************
average value of CCS = 22103.2 Ang^2
error value of CCS = 125.955 Ang^2
Total time: 76.8379 s
Program finished...
*********************************************************
INPUT:: Simulation Parameters 
*********************************************************
target filename                  : 7df4_pH75.xyz
number of probe                  : 10000
number of iterarions             : 10
number of tasks                  : 22
number of threads                : 24
seed number                      : 2104
gas buffer                       : N2
Target Temperature (K)           : 298
timestep (fs)                    : 10
Skin cell size (Ang)             : 0.01
Equipotential                    : no
Cut short-range interaction      : yes
LJ cutoff (Ang)                  : 12
Apply long-range interaction     : yes
Cut long-range interaction       : yes
Coulomb cutoff (Ang)             : 25
Apply induced-dipole interaction : yes
alpha (Ang^3)                    : 1.71
force_type: 6
*********************************************************
Force Field parameters: 
*********************************************************
Symbol  mass (amu)  epislon (kcal/mol)  sigma(Angstroms) 
C   12.011   0.0824736   3.2255
N   14.007   0.0758527   3.5719
H   1.008   0.0362711   1.8986
O   15.999   0.062323   3.075
S   32.06   0.138032   3.4237
P   30.9738   0.145372   3.47
*********************************************************
MOLECULE:: orientation around the inertia principal axis 
*********************************************************
Inertia matrix a.u. Ang^2: 
{  1.23609e+09  4.00282e+07  2.25898e+08  }
{  4.00282e+07  1.30652e+09  -1.10541e+08  }
{  2.25898e+08  -1.10541e+08  5.41488e+08  }
Rotation matrix applied to molecule: 
{  0.325185  0.944823  -0.0395478  }
{  -0.282758  0.137056  0.949349  }
{  0.902387  -0.297532  0.311725  }
Molecule radius: 124.059 Ang 
orientation time of molecule target: 0.0640721 s
target mass: 424238 amu
gas mass: 28.014 amu
reduce mass: 28.014 amu
charge state: -33.0008 e
*********************************************************
Geometric Ellipsoid: 
*********************************************************
maximal distances: 74.8716  88.7378  123.109  Ang
Initial axis length: 125.979  139.845  174.216  Ang
Ellipsoid axis length: 128.449  142.315  176.686  Ang
ellipsoid calculation time: 0.000439167 s
maximal impact parameter: 176.686 Ang
*********************************************************
Linked-cell: 
Numbers of cells: 15840
Nx: 22 Ny: 24 Nz: 30
Filled cells: 754
Empty cells: 15086
Average atoms per cell: 78.2825
Maximum atoms per cell: 193
Minimum atoms per cell: 1
Simulation box: 
lx: 264.22 Ang
ly: 288.24 Ang
lz: 360.3 Ang
linked-cell calculation time: 0.0197411 s
time info: 0.001894 s
*********************************************************
Trajectory calculations 
*********************************************************
out target time: 77.5934 s
Ntraj: 10000
Nfree: 3013
Nscatter: 6987
Nlost: 0
omega: 22308.8
Ntraj: 10000
Nfree: 2950
Nscatter: 7047
Nlost: 3
omega: 22918.1
Ntraj: 10000
Nfree: 2858
Nscatter: 7141
Nlost: 1
omega: 21824.8
Ntraj: 10000
Nfree: 2953
Nscatter: 7043
Nlost: 4
omega: 21762.4
Ntraj: 10000
Nfree: 2884
Nscatter: 7113
Nlost: 3
omega: 21541
Ntraj: 10000
Nfree: 2948
Nscatter: 7049
Nlost: 3
omega: 22159.6
Ntraj: 10000
Nfree: 2939
Nscatter: 7057
Nlost: 4
omega: 22029.7
Ntraj: 10000
Nfree: 2928
Nscatter: 7067
Nlost: 5
omega: 21769.2
Ntraj: 10000
Nfree: 2897
Nscatter: 7100
Nlost: 3
omega: 22115
Ntraj: 10000
Nfree: 2816
Nscatter: 7182
Nlost: 2
omega: 22603.4
*********************************************************
task: 0
worker id: 76683
time create lcl and mol: 0.00480986 s
numbers of trajectories: 4546
time trajectory calculation: 23.2365 s
task: 1
worker id: 74859
time create lcl and mol: 0.00482798 s
numbers of trajectories: 4546
time trajectory calculation: 14.5587 s
task: 2
worker id: 77049
time create lcl and mol: 0.00483608 s
numbers of trajectories: 4546
time trajectory calculation: 17.6136 s
task: 3
worker id: 76252
time create lcl and mol: 0.00469589 s
numbers of trajectories: 4546
time trajectory calculation: 17.611 s
task: 4
worker id: 91886
time create lcl and mol: 0.0044601 s
numbers of trajectories: 4546
time trajectory calculation: 19.5361 s
task: 5
worker id: 76561
time create lcl and mol: 0.00457597 s
numbers of trajectories: 4546
time trajectory calculation: 25.5495 s
task: 6
worker id: 75612
time create lcl and mol: 0.00459695 s
numbers of trajectories: 4546
time trajectory calculation: 33.5505 s
task: 7
worker id: 76683
time create lcl and mol: 0.00441694 s
numbers of trajectories: 4546
time trajectory calculation: 20.2491 s
task: 8
worker id: 77049
time create lcl and mol: 0.00449395 s
numbers of trajectories: 4546
time trajectory calculation: 25.7197 s
task: 9
worker id: 74859
time create lcl and mol: 0.00466204 s
numbers of trajectories: 4546
time trajectory calculation: 24.0509 s
task: 10
worker id: 75936
time create lcl and mol: 0.00453115 s
numbers of trajectories: 4545
time trajectory calculation: 38.3969 s
task: 11
worker id: 75612
time create lcl and mol: 0.00450301 s
numbers of trajectories: 4545
time trajectory calculation: 43.1357 s
task: 12
worker id: 76561
time create lcl and mol: 0.00469804 s
numbers of trajectories: 4545
time trajectory calculation: 10.798 s
task: 13
worker id: 76561
time create lcl and mol: 0.00517201 s
numbers of trajectories: 4545
time trajectory calculation: 20.7578 s
task: 14
worker id: 74859
time create lcl and mol: 0.0043838 s
numbers of trajectories: 4545
time trajectory calculation: 25.5253 s
task: 15
worker id: 76252
time create lcl and mol: 0.004246 s
numbers of trajectories: 4545
time trajectory calculation: 34.9025 s
task: 16
worker id: 91886
time create lcl and mol: 0.00452518 s
numbers of trajectories: 4545
time trajectory calculation: 19.5056 s
task: 17
worker id: 91886
time create lcl and mol: 0.00437093 s
numbers of trajectories: 4545
time trajectory calculation: 21.7504 s
task: 18
worker id: 77049
time create lcl and mol: 0.00463104 s
numbers of trajectories: 4545
time trajectory calculation: 19.1168 s
task: 19
worker id: 76683
time create lcl and mol: 0.00448298 s
numbers of trajectories: 4545
time trajectory calculation: 18.5281 s
task: 20
worker id: 77049
time create lcl and mol: 0.00450397 s
numbers of trajectories: 4545
time trajectory calculation: 15.0251 s
task: 21
worker id: 75936
time create lcl and mol: 0.00447702 s
numbers of trajectories: 4545
time trajectory calculation: 14.2263 s
CCS time: 77.604 s
*********************************************************
average value of CCS = 22103.2 Ang^2
error value of CCS = 125.955 Ang^2
Total time: 77.6935 s
Program finished...
*********************************************************
INPUT:: Simulation Parameters 
*********************************************************
target filename                  : 7df4_pH75.xyz
number of probe                  : 10000
number of iterarions             : 10
number of tasks                  : 22
number of threads                : 24
seed number                      : 2104
gas buffer                       : N2
Target Temperature (K)           : 298
timestep (fs)                    : 10
Skin cell size (Ang)             : 0.01
Equipotential                    : no
Cut short-range interaction      : yes
LJ cutoff (Ang)                  : 12
Apply long-range interaction     : yes
Cut long-range interaction       : yes
Coulomb cutoff (Ang)             : 25
Apply induced-dipole interaction : yes
alpha (Ang^3)                    : 1.71
force_type: 6
*********************************************************
Force Field parameters: 
*********************************************************
Symbol  mass (amu)  epislon (kcal/mol)  sigma(Angstroms) 
C   12.011   0.0824736   3.2255
N   14.007   0.0758527   3.5719
H   1.008   0.0362711   1.8986
O   15.999   0.062323   3.075
S   32.06   0.138032   3.4237
P   30.9738   0.145372   3.47
*********************************************************
MOLECULE:: orientation around the inertia principal axis 
*********************************************************
Inertia matrix a.u. Ang^2: 
{  1.23609e+09  4.00282e+07  2.25898e+08  }
{  4.00282e+07  1.30652e+09  -1.10541e+08  }
{  2.25898e+08  -1.10541e+08  5.41488e+08  }
Rotation matrix applied to molecule: 
{  0.325185  0.944823  -0.0395478  }
{  -0.282758  0.137056  0.949349  }
{  0.902387  -0.297532  0.311725  }
Molecule radius: 124.059 Ang 
orientation time of molecule target: 0.0644331 s
target mass: 424238 amu
gas mass: 28.014 amu
reduce mass: 28.014 amu
charge state: -33.0008 e
*********************************************************
Geometric Ellipsoid: 
*********************************************************
maximal distances: 74.8716  88.7378  123.109  Ang
Initial axis length: 125.979  139.845  174.216  Ang
Ellipsoid axis length: 128.449  142.315  176.686  Ang
ellipsoid calculation time: 0.000431061 s
maximal impact parameter: 176.686 Ang
*********************************************************
Linked-cell: 
Numbers of cells: 15840
Nx: 22 Ny: 24 Nz: 30
Filled cells: 754
Empty cells: 15086
Average atoms per cell: 78.2825
Maximum atoms per cell: 193
Minimum atoms per cell: 1
Simulation box: 
lx: 264.22 Ang
ly: 288.24 Ang
lz: 360.3 Ang
linked-cell calculation time: 0.0196922 s
time info: 0.00185394 s
*********************************************************
Trajectory calculations 
*********************************************************
out target time: 72.0543 s
Ntraj: 10000
Nfree: 3013
Nscatter: 6987
Nlost: 0
omega: 22308.8
Ntraj: 10000
Nfree: 2950
Nscatter: 7047
Nlost: 3
omega: 22918.1
Ntraj: 10000
Nfree: 2858
Nscatter: 7141
Nlost: 1
omega: 21824.8
Ntraj: 10000
Nfree: 2953
Nscatter: 7043
Nlost: 4
omega: 21762.4
Ntraj: 10000
Nfree: 2884
Nscatter: 7113
Nlost: 3
omega: 21541
Ntraj: 10000
Nfree: 2948
Nscatter: 7049
Nlost: 3
omega: 22159.6
Ntraj: 10000
Nfree: 2939
Nscatter: 7057
Nlost: 4
omega: 22029.7
Ntraj: 10000
Nfree: 2928
Nscatter: 7067
Nlost: 5
omega: 21769.2
Ntraj: 10000
Nfree: 2897
Nscatter: 7100
Nlost: 3
omega: 22115
Ntraj: 10000
Nfree: 2816
Nscatter: 7182
Nlost: 2
omega: 22603.4
*********************************************************
task: 0
worker id: 79664
time create lcl and mol: 0.00466895 s
numbers of trajectories: 4546
time trajectory calculation: 23.4655 s
task: 1
worker id: 79294
time create lcl and mol: 0.00474119 s
numbers of trajectories: 4546
time trajectory calculation: 14.5995 s
task: 2
worker id: 94510
time create lcl and mol: 0.00447893 s
numbers of trajectories: 4546
time trajectory calculation: 17.7724 s
task: 3
worker id: 78549
time create lcl and mol: 0.00458598 s
numbers of trajectories: 4546
time trajectory calculation: 17.9963 s
task: 4
worker id: 78860
time create lcl and mol: 0.00479698 s
numbers of trajectories: 4546
time trajectory calculation: 19.483 s
task: 5
worker id: 77475
time create lcl and mol: 0.00490594 s
numbers of trajectories: 4546
time trajectory calculation: 26.3152 s
task: 6
worker id: 79178
time create lcl and mol: 0.00456309 s
numbers of trajectories: 4546
time trajectory calculation: 34.598 s
task: 7
worker id: 78234
time create lcl and mol: 0.00478601 s
numbers of trajectories: 4546
time trajectory calculation: 19.97 s
task: 8
worker id: 78860
time create lcl and mol: 0.00470805 s
numbers of trajectories: 4546
time trajectory calculation: 25.5657 s
task: 9
worker id: 78234
time create lcl and mol: 0.00445008 s
numbers of trajectories: 4546
time trajectory calculation: 24.2255 s
task: 10
worker id: 79294
time create lcl and mol: 0.00453305 s
numbers of trajectories: 4545
time trajectory calculation: 37.7935 s
task: 11
worker id: 79664
time create lcl and mol: 0.00448489 s
numbers of trajectories: 4545
time trajectory calculation: 44.513 s
task: 12
worker id: 94510
time create lcl and mol: 0.00455189 s
numbers of trajectories: 4545
time trajectory calculation: 10.7171 s
task: 13
worker id: 78860
time create lcl and mol: 0.00471997 s
numbers of trajectories: 4545
time trajectory calculation: 21.1122 s
task: 14
worker id: 79178
time create lcl and mol: 0.00485682 s
numbers of trajectories: 4545
time trajectory calculation: 25.6913 s
task: 15
worker id: 77475
time create lcl and mol: 0.00472379 s
numbers of trajectories: 4545
time trajectory calculation: 34.7675 s
task: 16
worker id: 79294
time create lcl and mol: 0.00491214 s
numbers of trajectories: 4545
time trajectory calculation: 19.5451 s
task: 17
worker id: 94510
time create lcl and mol: 0.00462008 s
numbers of trajectories: 4545
time trajectory calculation: 21.7051 s
task: 18
worker id: 78234
time create lcl and mol: 0.00460792 s
numbers of trajectories: 4545
time trajectory calculation: 18.9204 s
task: 19
worker id: 94510
time create lcl and mol: 0.00434089 s
numbers of trajectories: 4545
time trajectory calculation: 18.4814 s
task: 20
worker id: 78549
time create lcl and mol: 0.00438118 s
numbers of trajectories: 4545
time trajectory calculation: 15.2853 s
task: 21
worker id: 78549
time create lcl and mol: 0.00451899 s
numbers of trajectories: 4545
time trajectory calculation: 14.5075 s
CCS time: 72.0648 s
*********************************************************
average value of CCS = 22103.2 Ang^2
error value of CCS = 125.955 Ang^2
Total time: 72.1545 s
Program finished...
*********************************************************
INPUT:: Simulation Parameters 
*********************************************************
target filename                  : 7df4_pH75.xyz
number of probe                  : 10000
number of iterarions             : 10
number of tasks                  : 22
number of threads                : 24
seed number                      : 2104
gas buffer                       : N2
Target Temperature (K)           : 298
timestep (fs)                    : 10
Skin cell size (Ang)             : 0.01
Equipotential                    : no
Cut short-range interaction      : yes
LJ cutoff (Ang)                  : 12
Apply long-range interaction     : yes
Cut long-range interaction       : yes
Coulomb cutoff (Ang)             : 25
Apply induced-dipole interaction : yes
alpha (Ang^3)                    : 1.71
force_type: 6
*********************************************************
Force Field parameters: 
*********************************************************
Symbol  mass (amu)  epislon (kcal/mol)  sigma(Angstroms) 
C   12.011   0.0824736   3.2255
N   14.007   0.0758527   3.5719
H   1.008   0.0362711   1.8986
O   15.999   0.062323   3.075
S   32.06   0.138032   3.4237
P   30.9738   0.145372   3.47
*********************************************************
MOLECULE:: orientation around the inertia principal axis 
*********************************************************
Inertia matrix a.u. Ang^2: 
{  1.23609e+09  4.00282e+07  2.25898e+08  }
{  4.00282e+07  1.30652e+09  -1.10541e+08  }
{  2.25898e+08  -1.10541e+08  5.41488e+08  }
Rotation matrix applied to molecule: 
{  0.325185  0.944823  -0.0395478  }
{  -0.282758  0.137056  0.949349  }
{  0.902387  -0.297532  0.311725  }
Molecule radius: 124.059 Ang 
orientation time of molecule target: 0.064172 s
target mass: 424238 amu
gas mass: 28.014 amu
reduce mass: 28.014 amu
charge state: -33.0008 e
*********************************************************
Geometric Ellipsoid: 
*********************************************************
maximal distances: 74.8716  88.7378  123.109  Ang
Initial axis length: 125.979  139.845  174.216  Ang
Ellipsoid axis length: 128.449  142.315  176.686  Ang
ellipsoid calculation time: 0.00044179 s
maximal impact parameter: 176.686 Ang
*********************************************************
Linked-cell: 
Numbers of cells: 15840
Nx: 22 Ny: 24 Nz: 30
Filled cells: 754
Empty cells: 15086
Average atoms per cell: 78.2825
Maximum atoms per cell: 193
Minimum atoms per cell: 1
Simulation box: 
lx: 264.22 Ang
ly: 288.24 Ang
lz: 360.3 Ang
linked-cell calculation time: 0.019629 s
time info: 0.00185394 s
*********************************************************
Trajectory calculations 
*********************************************************
out target time: 78.5785 s
Ntraj: 10000
Nfree: 3013
Nscatter: 6987
Nlost: 0
omega: 22308.8
Ntraj: 10000
Nfree: 2950
Nscatter: 7047
Nlost: 3
omega: 22918.1
Ntraj: 10000
Nfree: 2858
Nscatter: 7141
Nlost: 1
omega: 21824.8
Ntraj: 10000
Nfree: 2953
Nscatter: 7043
Nlost: 4
omega: 21762.4
Ntraj: 10000
Nfree: 2884
Nscatter: 7113
Nlost: 3
omega: 21541
Ntraj: 10000
Nfree: 2948
Nscatter: 7049
Nlost: 3
omega: 22159.6
Ntraj: 10000
Nfree: 2939
Nscatter: 7057
Nlost: 4
omega: 22029.7
Ntraj: 10000
Nfree: 2928
Nscatter: 7067
Nlost: 5
omega: 21769.2
Ntraj: 10000
Nfree: 2897
Nscatter: 7100
Nlost: 3
omega: 22115
Ntraj: 10000
Nfree: 2816
Nscatter: 7182
Nlost: 2
omega: 22603.4
*********************************************************
task: 0
worker id: 96835
time create lcl and mol: 0.00450206 s
numbers of trajectories: 4546
time trajectory calculation: 23.0236 s
task: 1
worker id: 96835
time create lcl and mol: 0.00439882 s
numbers of trajectories: 4546
time trajectory calculation: 14.6418 s
task: 2
worker id: 81173
time create lcl and mol: 0.00462103 s
numbers of trajectories: 4546
time trajectory calculation: 17.4641 s
task: 3
worker id: 81978
time create lcl and mol: 0.0045979 s
numbers of trajectories: 4546
time trajectory calculation: 17.8232 s
task: 4
worker id: 81614
time create lcl and mol: 0.0046401 s
numbers of trajectories: 4546
time trajectory calculation: 19.3966 s
task: 5
worker id: 79782
time create lcl and mol: 0.00447607 s
numbers of trajectories: 4546
time trajectory calculation: 25.2515 s
task: 6
worker id: 81485
time create lcl and mol: 0.00476813 s
numbers of trajectories: 4546
time trajectory calculation: 35.1064 s
task: 7
worker id: 81614
time create lcl and mol: 0.00466609 s
numbers of trajectories: 4546
time trajectory calculation: 19.8643 s
task: 8
worker id: 80540
time create lcl and mol: 0.004668 s
numbers of trajectories: 4546
time trajectory calculation: 24.9566 s
task: 9
worker id: 79782
time create lcl and mol: 0.004565 s
numbers of trajectories: 4546
time trajectory calculation: 23.9961 s
task: 10
worker id: 81978
time create lcl and mol: 0.00443792 s
numbers of trajectories: 4545
time trajectory calculation: 38.1749 s
task: 11
worker id: 80854
time create lcl and mol: 0.00437593 s
numbers of trajectories: 4545
time trajectory calculation: 44.3668 s
task: 12
worker id: 81173
time create lcl and mol: 0.0048852 s
numbers of trajectories: 4545
time trajectory calculation: 10.7423 s
task: 13
worker id: 81614
time create lcl and mol: 0.004668 s
numbers of trajectories: 4545
time trajectory calculation: 21.1881 s
task: 14
worker id: 81173
time create lcl and mol: 0.00470304 s
numbers of trajectories: 4545
time trajectory calculation: 25.3485 s
task: 15
worker id: 81485
time create lcl and mol: 0.00438404 s
numbers of trajectories: 4545
time trajectory calculation: 35.2127 s
task: 16
worker id: 79782
time create lcl and mol: 0.00464201 s
numbers of trajectories: 4545
time trajectory calculation: 19.3643 s
task: 17
worker id: 80540
time create lcl and mol: 0.00455999 s
numbers of trajectories: 4545
time trajectory calculation: 21.8277 s
task: 18
worker id: 80854
time create lcl and mol: 0.00465989 s
numbers of trajectories: 4545
time trajectory calculation: 18.7885 s
task: 19
worker id: 81978
time create lcl and mol: 0.00484896 s
numbers of trajectories: 4545
time trajectory calculation: 17.9908 s
task: 20
worker id: 80854
time create lcl and mol: 0.00426698 s
numbers of trajectories: 4545
time trajectory calculation: 15.3223 s
task: 21
worker id: 96835
time create lcl and mol: 0.00457501 s
numbers of trajectories: 4545
time trajectory calculation: 14.5255 s
CCS time: 78.5889 s
*********************************************************
average value of CCS = 22103.2 Ang^2
error value of CCS = 125.955 Ang^2
Total time: 78.6783 s
Program finished...
