*********************************************************
INPUT:: Simulation Parameters 
*********************************************************
target filename                  : 01_1mlt_carga_3_min.xyz
number of probe                  : 10000
number of iterarions             : 10
number of tasks                  : 24
number of threads                : 24
seed number                      : 2104
gas buffer                       : N2
Target Temperature (K)           : 298
timestep (fs)                    : 10
Skin cell size (Ang)             : 0.01
Equipotential                    : no
Cut short-range interaction      : yes
LJ cutoff (Ang)                  : 12
Apply long-range interaction     : yes
Cut long-range interaction       : yes
Coulomb cutoff (Ang)             : 25
Apply induced-dipole interaction : yes
alpha (Ang^3)                    : 1.71
force_type: 6
*********************************************************
Force Field parameters: 
*********************************************************
Symbol  mass (amu)  epislon (kcal/mol)  sigma(Angstroms) 
C   12.011   0.0824736   3.2255
N   14.007   0.0758527   3.5719
H   1.008   0.0362711   1.8986
O   15.999   0.062323   3.075
S   32.06   0.138032   3.4237
P   30.9738   0.145372   3.47
*********************************************************
MOLECULE:: orientation around the inertia principal axis 
*********************************************************
Inertia matrix a.u. Ang^2: 
{  112374  116279  -26361.3  }
{  116279  281882  12310.3  }
{  -26361.3  12310.3  331392  }
Rotation matrix applied to molecule: 
{  0.461441  0.875795  -0.14162  }
{  -0.886782  0.450595  -0.102872  }
{  -0.0262822  0.173055  0.984561  }
Molecule radius: 20.5023 Ang 
orientation time of molecule target: 0.0232739 s
target mass: 2850.52 amu
gas mass: 28.014 amu
reduce mass: 28.014 amu
charge state: 2.9992 e
*********************************************************
Geometric Ellipsoid: 
*********************************************************
maximal distances: 8.06564  8.36757  19.3915  Ang
Initial axis length: 59.1732  59.4752  70.4991  Ang
Ellipsoid axis length: 62.5432  62.8452  73.8691  Ang
ellipsoid calculation time: 2.90871e-05 s
maximal impact parameter: 73.8691 Ang
*********************************************************
Linked-cell: 
Numbers of cells: 1573
Nx: 11 Ny: 11 Nz: 13
Filled cells: 13
Empty cells: 1560
Average atoms per cell: 33.2308
Maximum atoms per cell: 137
Minimum atoms per cell: 2
Simulation box: 
lx: 132.11 Ang
ly: 132.11 Ang
lz: 156.13 Ang
linked-cell calculation time: 0.001616 s
time info: 4.19617e-05 s
*********************************************************
Trajectory calculations 
*********************************************************
out target time: 4.03119 s
Ntraj: 10000
Nfree: 2022
Nscatter: 7973
Nlost: 5
omega: 825.806
Ntraj: 10000
Nfree: 1945
Nscatter: 8054
Nlost: 1
omega: 800.741
Ntraj: 10000
Nfree: 1865
Nscatter: 8133
Nlost: 2
omega: 763.934
Ntraj: 10000
Nfree: 1962
Nscatter: 8031
Nlost: 7
omega: 831.499
Ntraj: 10000
Nfree: 1924
Nscatter: 8066
Nlost: 10
omega: 821.285
Ntraj: 10000
Nfree: 1953
Nscatter: 8041
Nlost: 6
omega: 837.233
Ntraj: 10000
Nfree: 1916
Nscatter: 8072
Nlost: 12
omega: 709.89
Ntraj: 10000
Nfree: 1982
Nscatter: 8013
Nlost: 5
omega: 737.904
Ntraj: 10000
Nfree: 1950
Nscatter: 8043
Nlost: 7
omega: 745.339
Ntraj: 10000
Nfree: 1838
Nscatter: 8155
Nlost: 7
omega: 857.79
*********************************************************
task: 0
worker id: 34521
time create lcl and mol: 0.000349045 s
numbers of trajectories: 4167
time trajectory calculation: 0.95052 s
task: 1
worker id: 72958
time create lcl and mol: 0.000354052 s
numbers of trajectories: 4167
time trajectory calculation: 0.903857 s
task: 2
worker id: 9662
time create lcl and mol: 0.000346899 s
numbers of trajectories: 4167
time trajectory calculation: 0.631296 s
task: 3
worker id: 52796
time create lcl and mol: 0.000360012 s
numbers of trajectories: 4167
time trajectory calculation: 1.05924 s
task: 4
worker id: 56546
time create lcl and mol: 0.000505924 s
numbers of trajectories: 4167
time trajectory calculation: 1.36052 s
task: 5
worker id: 79520
time create lcl and mol: 0.000347137 s
numbers of trajectories: 4167
time trajectory calculation: 0.865192 s
task: 6
worker id: 13057
time create lcl and mol: 0.000360966 s
numbers of trajectories: 4167
time trajectory calculation: 0.721139 s
task: 7
worker id: 62994
time create lcl and mol: 0.000347137 s
numbers of trajectories: 4167
time trajectory calculation: 1.43884 s
task: 8
worker id: 56546
time create lcl and mol: 0.000372171 s
numbers of trajectories: 4167
time trajectory calculation: 1.31626 s
task: 9
worker id: 13057
time create lcl and mol: 0.000365019 s
numbers of trajectories: 4167
time trajectory calculation: 1.53702 s
task: 10
worker id: 79520
time create lcl and mol: 0.000349045 s
numbers of trajectories: 4167
time trajectory calculation: 1.61106 s
task: 11
worker id: 13057
time create lcl and mol: 0.000360012 s
numbers of trajectories: 4167
time trajectory calculation: 1.70102 s
task: 12
worker id: 62994
time create lcl and mol: 0.000348806 s
numbers of trajectories: 4167
time trajectory calculation: 1.38592 s
task: 13
worker id: 34521
time create lcl and mol: 0.000356197 s
numbers of trajectories: 4167
time trajectory calculation: 1.05925 s
task: 14
worker id: 79520
time create lcl and mol: 0.000360012 s
numbers of trajectories: 4167
time trajectory calculation: 1.45102 s
task: 15
worker id: 62994
time create lcl and mol: 0.000370979 s
numbers of trajectories: 4167
time trajectory calculation: 0.945724 s
task: 16
worker id: 72958
time create lcl and mol: 0.000344038 s
numbers of trajectories: 4166
time trajectory calculation: 1.42365 s
task: 17
worker id: 9662
time create lcl and mol: 0.000370026 s
numbers of trajectories: 4166
time trajectory calculation: 1.6955 s
task: 18
worker id: 56546
time create lcl and mol: 0.000498056 s
numbers of trajectories: 4166
time trajectory calculation: 0.856166 s
task: 19
worker id: 34521
time create lcl and mol: 0.000354052 s
numbers of trajectories: 4166
time trajectory calculation: 1.2471 s
task: 20
worker id: 9662
time create lcl and mol: 0.000378132 s
numbers of trajectories: 4166
time trajectory calculation: 1.19412 s
task: 21
worker id: 52796
time create lcl and mol: 0.000361919 s
numbers of trajectories: 4166
time trajectory calculation: 1.51013 s
task: 22
worker id: 72958
time create lcl and mol: 0.000377893 s
numbers of trajectories: 4166
time trajectory calculation: 1.44997 s
task: 23
worker id: 52796
time create lcl and mol: 0.000357151 s
numbers of trajectories: 4166
time trajectory calculation: 1.21871 s
CCS time: 4.04162 s
*********************************************************
average value of CCS = 793.142 Ang^2
error value of CCS = 15.0438 Ang^2
Total time: 4.072 s
Program finished...
*********************************************************
INPUT:: Simulation Parameters 
*********************************************************
target filename                  : 01_1mlt_carga_3_min.xyz
number of probe                  : 10000
number of iterarions             : 10
number of tasks                  : 24
number of threads                : 24
seed number                      : 2104
gas buffer                       : N2
Target Temperature (K)           : 298
timestep (fs)                    : 10
Skin cell size (Ang)             : 0.01
Equipotential                    : no
Cut short-range interaction      : yes
LJ cutoff (Ang)                  : 12
Apply long-range interaction     : yes
Cut long-range interaction       : yes
Coulomb cutoff (Ang)             : 25
Apply induced-dipole interaction : yes
alpha (Ang^3)                    : 1.71
force_type: 6
*********************************************************
Force Field parameters: 
*********************************************************
Symbol  mass (amu)  epislon (kcal/mol)  sigma(Angstroms) 
C   12.011   0.0824736   3.2255
N   14.007   0.0758527   3.5719
H   1.008   0.0362711   1.8986
O   15.999   0.062323   3.075
S   32.06   0.138032   3.4237
P   30.9738   0.145372   3.47
*********************************************************
MOLECULE:: orientation around the inertia principal axis 
*********************************************************
Inertia matrix a.u. Ang^2: 
{  112374  116279  -26361.3  }
{  116279  281882  12310.3  }
{  -26361.3  12310.3  331392  }
Rotation matrix applied to molecule: 
{  0.461441  0.875795  -0.14162  }
{  -0.886782  0.450595  -0.102872  }
{  -0.0262822  0.173055  0.984561  }
Molecule radius: 20.5023 Ang 
orientation time of molecule target: 0.00107789 s
target mass: 2850.52 amu
gas mass: 28.014 amu
reduce mass: 28.014 amu
charge state: 2.9992 e
*********************************************************
Geometric Ellipsoid: 
*********************************************************
maximal distances: 8.06564  8.36757  19.3915  Ang
Initial axis length: 59.1732  59.4752  70.4991  Ang
Ellipsoid axis length: 62.5432  62.8452  73.8691  Ang
ellipsoid calculation time: 3.60012e-05 s
maximal impact parameter: 73.8691 Ang
*********************************************************
Linked-cell: 
Numbers of cells: 1573
Nx: 11 Ny: 11 Nz: 13
Filled cells: 13
Empty cells: 1560
Average atoms per cell: 33.2308
Maximum atoms per cell: 137
Minimum atoms per cell: 2
Simulation box: 
lx: 132.11 Ang
ly: 132.11 Ang
lz: 156.13 Ang
linked-cell calculation time: 0.00161195 s
time info: 4.22001e-05 s
*********************************************************
Trajectory calculations 
*********************************************************
out target time: 4.03214 s
Ntraj: 10000
Nfree: 2022
Nscatter: 7973
Nlost: 5
omega: 825.806
Ntraj: 10000
Nfree: 1945
Nscatter: 8054
Nlost: 1
omega: 800.741
Ntraj: 10000
Nfree: 1865
Nscatter: 8133
Nlost: 2
omega: 763.934
Ntraj: 10000
Nfree: 1962
Nscatter: 8031
Nlost: 7
omega: 831.499
Ntraj: 10000
Nfree: 1924
Nscatter: 8066
Nlost: 10
omega: 821.285
Ntraj: 10000
Nfree: 1953
Nscatter: 8041
Nlost: 6
omega: 837.233
Ntraj: 10000
Nfree: 1916
Nscatter: 8072
Nlost: 12
omega: 709.89
Ntraj: 10000
Nfree: 1982
Nscatter: 8013
Nlost: 5
omega: 737.904
Ntraj: 10000
Nfree: 1950
Nscatter: 8043
Nlost: 7
omega: 745.339
Ntraj: 10000
Nfree: 1838
Nscatter: 8155
Nlost: 7
omega: 857.79
*********************************************************
task: 0
worker id: 52901
time create lcl and mol: 0.000342846 s
numbers of trajectories: 4167
time trajectory calculation: 0.961138 s
task: 1
worker id: 9752
time create lcl and mol: 0.000353813 s
numbers of trajectories: 4167
time trajectory calculation: 0.865679 s
task: 2
worker id: 34612
time create lcl and mol: 0.0003438 s
numbers of trajectories: 4167
time trajectory calculation: 0.625931 s
task: 3
worker id: 63084
time create lcl and mol: 0.000339985 s
numbers of trajectories: 4167
time trajectory calculation: 1.03237 s
task: 4
worker id: 63084
time create lcl and mol: 0.000355005 s
numbers of trajectories: 4167
time trajectory calculation: 1.33282 s
task: 5
worker id: 56639
time create lcl and mol: 0.000342846 s
numbers of trajectories: 4167
time trajectory calculation: 0.85271 s
task: 6
worker id: 79612
time create lcl and mol: 0.000357866 s
numbers of trajectories: 4167
time trajectory calculation: 0.757426 s
task: 7
worker id: 13147
time create lcl and mol: 0.000513077 s
numbers of trajectories: 4167
time trajectory calculation: 1.51721 s
task: 8
worker id: 9752
time create lcl and mol: 0.000333071 s
numbers of trajectories: 4167
time trajectory calculation: 1.3526 s
task: 9
worker id: 73049
time create lcl and mol: 0.000334024 s
numbers of trajectories: 4167
time trajectory calculation: 1.54055 s
task: 10
worker id: 34612
time create lcl and mol: 0.00035882 s
numbers of trajectories: 4167
time trajectory calculation: 1.64058 s
task: 11
worker id: 9752
time create lcl and mol: 0.000400066 s
numbers of trajectories: 4167
time trajectory calculation: 1.67779 s
task: 12
worker id: 56639
time create lcl and mol: 0.000321865 s
numbers of trajectories: 4167
time trajectory calculation: 1.40561 s
task: 13
worker id: 13147
time create lcl and mol: 0.000350952 s
numbers of trajectories: 4167
time trajectory calculation: 1.03987 s
task: 14
worker id: 79612
time create lcl and mol: 0.000380039 s
numbers of trajectories: 4167
time trajectory calculation: 1.48884 s
task: 15
worker id: 52901
time create lcl and mol: 0.000381947 s
numbers of trajectories: 4167
time trajectory calculation: 1.00363 s
task: 16
worker id: 34612
time create lcl and mol: 0.000372171 s
numbers of trajectories: 4166
time trajectory calculation: 1.4646 s
task: 17
worker id: 56639
time create lcl and mol: 0.000348091 s
numbers of trajectories: 4166
time trajectory calculation: 1.70075 s
task: 18
worker id: 73049
time create lcl and mol: 0.000342131 s
numbers of trajectories: 4166
time trajectory calculation: 0.929652 s
task: 19
worker id: 73049
time create lcl and mol: 0.000375032 s
numbers of trajectories: 4166
time trajectory calculation: 1.31904 s
task: 20
worker id: 13147
time create lcl and mol: 0.000380993 s
numbers of trajectories: 4166
time trajectory calculation: 1.18967 s
task: 21
worker id: 79612
time create lcl and mol: 0.000368118 s
numbers of trajectories: 4166
time trajectory calculation: 1.54667 s
task: 22
worker id: 52901
time create lcl and mol: 0.000355005 s
numbers of trajectories: 4166
time trajectory calculation: 1.4331 s
task: 23
worker id: 63084
time create lcl and mol: 0.000369787 s
numbers of trajectories: 4166
time trajectory calculation: 1.26551 s
CCS time: 4.04237 s
*********************************************************
average value of CCS = 793.142 Ang^2
error value of CCS = 15.0438 Ang^2
Total time: 4.05049 s
Program finished...
*********************************************************
INPUT:: Simulation Parameters 
*********************************************************
target filename                  : 01_1mlt_carga_3_min.xyz
number of probe                  : 10000
number of iterarions             : 10
number of tasks                  : 24
number of threads                : 24
seed number                      : 2104
gas buffer                       : N2
Target Temperature (K)           : 298
timestep (fs)                    : 10
Skin cell size (Ang)             : 0.01
Equipotential                    : no
Cut short-range interaction      : yes
LJ cutoff (Ang)                  : 12
Apply long-range interaction     : yes
Cut long-range interaction       : yes
Coulomb cutoff (Ang)             : 25
Apply induced-dipole interaction : yes
alpha (Ang^3)                    : 1.71
force_type: 6
*********************************************************
Force Field parameters: 
*********************************************************
Symbol  mass (amu)  epislon (kcal/mol)  sigma(Angstroms) 
C   12.011   0.0824736   3.2255
N   14.007   0.0758527   3.5719
H   1.008   0.0362711   1.8986
O   15.999   0.062323   3.075
S   32.06   0.138032   3.4237
P   30.9738   0.145372   3.47
*********************************************************
MOLECULE:: orientation around the inertia principal axis 
*********************************************************
Inertia matrix a.u. Ang^2: 
{  112374  116279  -26361.3  }
{  116279  281882  12310.3  }
{  -26361.3  12310.3  331392  }
Rotation matrix applied to molecule: 
{  0.461441  0.875795  -0.14162  }
{  -0.886782  0.450595  -0.102872  }
{  -0.0262822  0.173055  0.984561  }
Molecule radius: 20.5023 Ang 
orientation time of molecule target: 0.00108218 s
target mass: 2850.52 amu
gas mass: 28.014 amu
reduce mass: 28.014 amu
charge state: 2.9992 e
*********************************************************
Geometric Ellipsoid: 
*********************************************************
maximal distances: 8.06564  8.36757  19.3915  Ang
Initial axis length: 59.1732  59.4752  70.4991  Ang
Ellipsoid axis length: 62.5432  62.8452  73.8691  Ang
ellipsoid calculation time: 3.50475e-05 s
maximal impact parameter: 73.8691 Ang
*********************************************************
Linked-cell: 
Numbers of cells: 1573
Nx: 11 Ny: 11 Nz: 13
Filled cells: 13
Empty cells: 1560
Average atoms per cell: 33.2308
Maximum atoms per cell: 137
Minimum atoms per cell: 2
Simulation box: 
lx: 132.11 Ang
ly: 132.11 Ang
lz: 156.13 Ang
linked-cell calculation time: 0.00166798 s
time info: 4.41074e-05 s
*********************************************************
Trajectory calculations 
*********************************************************
out target time: 4.4999 s
Ntraj: 10000
Nfree: 2022
Nscatter: 7973
Nlost: 5
omega: 825.806
Ntraj: 10000
Nfree: 1945
Nscatter: 8054
Nlost: 1
omega: 800.741
Ntraj: 10000
Nfree: 1865
Nscatter: 8133
Nlost: 2
omega: 763.934
Ntraj: 10000
Nfree: 1962
Nscatter: 8031
Nlost: 7
omega: 831.499
Ntraj: 10000
Nfree: 1924
Nscatter: 8066
Nlost: 10
omega: 821.285
Ntraj: 10000
Nfree: 1953
Nscatter: 8041
Nlost: 6
omega: 837.233
Ntraj: 10000
Nfree: 1916
Nscatter: 8072
Nlost: 12
omega: 709.89
Ntraj: 10000
Nfree: 1982
Nscatter: 8013
Nlost: 5
omega: 737.904
Ntraj: 10000
Nfree: 1950
Nscatter: 8043
Nlost: 7
omega: 745.339
Ntraj: 10000
Nfree: 1838
Nscatter: 8155
Nlost: 7
omega: 857.79
*********************************************************
task: 0
worker id: 57034
time create lcl and mol: 0.000358105 s
numbers of trajectories: 4167
time trajectory calculation: 0.962048 s
task: 1
worker id: 53311
time create lcl and mol: 0.00048089 s
numbers of trajectories: 4167
time trajectory calculation: 0.820748 s
task: 2
worker id: 73443
time create lcl and mol: 0.000341892 s
numbers of trajectories: 4167
time trajectory calculation: 0.583133 s
task: 3
worker id: 35006
time create lcl and mol: 0.000332832 s
numbers of trajectories: 4167
time trajectory calculation: 1.06667 s
task: 4
worker id: 80007
time create lcl and mol: 0.000509024 s
numbers of trajectories: 4167
time trajectory calculation: 1.34748 s
task: 5
worker id: 10148
time create lcl and mol: 0.000356913 s
numbers of trajectories: 4167
time trajectory calculation: 0.813992 s
task: 6
worker id: 13542
time create lcl and mol: 0.000349998 s
numbers of trajectories: 4167
time trajectory calculation: 0.77382 s
task: 7
worker id: 63480
time create lcl and mol: 0.000538826 s
numbers of trajectories: 4167
time trajectory calculation: 1.46671 s
task: 8
worker id: 10148
time create lcl and mol: 0.000371933 s
numbers of trajectories: 4167
time trajectory calculation: 1.28428 s
task: 9
worker id: 10148
time create lcl and mol: 0.000344992 s
numbers of trajectories: 4167
time trajectory calculation: 1.53992 s
task: 10
worker id: 80007
time create lcl and mol: 0.000348091 s
numbers of trajectories: 4167
time trajectory calculation: 1.64816 s
task: 11
worker id: 73443
time create lcl and mol: 0.000375032 s
numbers of trajectories: 4167
time trajectory calculation: 1.68361 s
task: 12
worker id: 13542
time create lcl and mol: 0.000339985 s
numbers of trajectories: 4167
time trajectory calculation: 1.45497 s
task: 13
worker id: 57034
time create lcl and mol: 0.000373125 s
numbers of trajectories: 4167
time trajectory calculation: 1.05209 s
task: 14
worker id: 80007
time create lcl and mol: 0.000347853 s
numbers of trajectories: 4167
time trajectory calculation: 1.42827 s
task: 15
worker id: 53311
time create lcl and mol: 0.00037384 s
numbers of trajectories: 4167
time trajectory calculation: 0.954152 s
task: 16
worker id: 63480
time create lcl and mol: 0.000346184 s
numbers of trajectories: 4166
time trajectory calculation: 1.43122 s
task: 17
worker id: 73443
time create lcl and mol: 0.000377893 s
numbers of trajectories: 4166
time trajectory calculation: 1.71463 s
task: 18
worker id: 13542
time create lcl and mol: 0.000357866 s
numbers of trajectories: 4166
time trajectory calculation: 0.856855 s
task: 19
worker id: 35006
time create lcl and mol: 0.000331879 s
numbers of trajectories: 4166
time trajectory calculation: 1.29631 s
task: 20
worker id: 13542
time create lcl and mol: 0.000372887 s
numbers of trajectories: 4166
time trajectory calculation: 1.16706 s
task: 21
worker id: 53311
time create lcl and mol: 0.000359058 s
numbers of trajectories: 4166
time trajectory calculation: 1.50646 s
task: 22
worker id: 57034
time create lcl and mol: 0.000363111 s
numbers of trajectories: 4166
time trajectory calculation: 1.42623 s
task: 23
worker id: 35006
time create lcl and mol: 0.000343084 s
numbers of trajectories: 4166
time trajectory calculation: 1.20793 s
CCS time: 4.51062 s
*********************************************************
average value of CCS = 793.142 Ang^2
error value of CCS = 15.0438 Ang^2
Total time: 4.51841 s
Program finished...
*********************************************************
INPUT:: Simulation Parameters 
*********************************************************
target filename                  : 01_1mlt_carga_3_min.xyz
number of probe                  : 10000
number of iterarions             : 10
number of tasks                  : 24
number of threads                : 24
seed number                      : 2104
gas buffer                       : N2
Target Temperature (K)           : 298
timestep (fs)                    : 10
Skin cell size (Ang)             : 0.01
Equipotential                    : no
Cut short-range interaction      : yes
LJ cutoff (Ang)                  : 12
Apply long-range interaction     : yes
Cut long-range interaction       : yes
Coulomb cutoff (Ang)             : 25
Apply induced-dipole interaction : yes
alpha (Ang^3)                    : 1.71
force_type: 6
*********************************************************
Force Field parameters: 
*********************************************************
Symbol  mass (amu)  epislon (kcal/mol)  sigma(Angstroms) 
C   12.011   0.0824736   3.2255
N   14.007   0.0758527   3.5719
H   1.008   0.0362711   1.8986
O   15.999   0.062323   3.075
S   32.06   0.138032   3.4237
P   30.9738   0.145372   3.47
*********************************************************
MOLECULE:: orientation around the inertia principal axis 
*********************************************************
Inertia matrix a.u. Ang^2: 
{  112374  116279  -26361.3  }
{  116279  281882  12310.3  }
{  -26361.3  12310.3  331392  }
Rotation matrix applied to molecule: 
{  0.461441  0.875795  -0.14162  }
{  -0.886782  0.450595  -0.102872  }
{  -0.0262822  0.173055  0.984561  }
Molecule radius: 20.5023 Ang 
orientation time of molecule target: 0.00115514 s
target mass: 2850.52 amu
gas mass: 28.014 amu
reduce mass: 28.014 amu
charge state: 2.9992 e
*********************************************************
Geometric Ellipsoid: 
*********************************************************
maximal distances: 8.06564  8.36757  19.3915  Ang
Initial axis length: 59.1732  59.4752  70.4991  Ang
Ellipsoid axis length: 62.5432  62.8452  73.8691  Ang
ellipsoid calculation time: 3.21865e-05 s
maximal impact parameter: 73.8691 Ang
*********************************************************
Linked-cell: 
Numbers of cells: 1573
Nx: 11 Ny: 11 Nz: 13
Filled cells: 13
Empty cells: 1560
Average atoms per cell: 33.2308
Maximum atoms per cell: 137
Minimum atoms per cell: 2
Simulation box: 
lx: 132.11 Ang
ly: 132.11 Ang
lz: 156.13 Ang
linked-cell calculation time: 0.00167012 s
time info: 4.19617e-05 s
*********************************************************
Trajectory calculations 
*********************************************************
out target time: 4.5063 s
Ntraj: 10000
Nfree: 2022
Nscatter: 7973
Nlost: 5
omega: 825.806
Ntraj: 10000
Nfree: 1945
Nscatter: 8054
Nlost: 1
omega: 800.741
Ntraj: 10000
Nfree: 1865
Nscatter: 8133
Nlost: 2
omega: 763.934
Ntraj: 10000
Nfree: 1962
Nscatter: 8031
Nlost: 7
omega: 831.499
Ntraj: 10000
Nfree: 1924
Nscatter: 8066
Nlost: 10
omega: 821.285
Ntraj: 10000
Nfree: 1953
Nscatter: 8041
Nlost: 6
omega: 837.233
Ntraj: 10000
Nfree: 1916
Nscatter: 8072
Nlost: 12
omega: 709.89
Ntraj: 10000
Nfree: 1982
Nscatter: 8013
Nlost: 5
omega: 737.904
Ntraj: 10000
Nfree: 1950
Nscatter: 8043
Nlost: 7
omega: 745.339
Ntraj: 10000
Nfree: 1838
Nscatter: 8155
Nlost: 7
omega: 857.79
*********************************************************
task: 0
worker id: 10239
time create lcl and mol: 0.000624895 s
numbers of trajectories: 4167
time trajectory calculation: 0.975254 s
task: 1
worker id: 35100
time create lcl and mol: 0.000350952 s
numbers of trajectories: 4167
time trajectory calculation: 0.860524 s
task: 2
worker id: 53416
time create lcl and mol: 0.000354052 s
numbers of trajectories: 4167
time trajectory calculation: 0.599079 s
task: 3
worker id: 63569
time create lcl and mol: 0.00039506 s
numbers of trajectories: 4167
time trajectory calculation: 1.0835 s
task: 4
worker id: 10239
time create lcl and mol: 0.00036788 s
numbers of trajectories: 4167
time trajectory calculation: 1.33918 s
task: 5
worker id: 53416
time create lcl and mol: 0.000361919 s
numbers of trajectories: 4167
time trajectory calculation: 0.858762 s
task: 6
worker id: 35100
time create lcl and mol: 0.000362873 s
numbers of trajectories: 4167
time trajectory calculation: 0.78708 s
task: 7
worker id: 80096
time create lcl and mol: 0.000360966 s
numbers of trajectories: 4167
time trajectory calculation: 1.48129 s
task: 8
worker id: 13631
time create lcl and mol: 0.000342131 s
numbers of trajectories: 4167
time trajectory calculation: 1.3189 s
task: 9
worker id: 73549
time create lcl and mol: 0.000377893 s
numbers of trajectories: 4167
time trajectory calculation: 1.59898 s
task: 10
worker id: 63569
time create lcl and mol: 0.000365019 s
numbers of trajectories: 4167
time trajectory calculation: 1.64817 s
task: 11
worker id: 57124
time create lcl and mol: 0.000355005 s
numbers of trajectories: 4167
time trajectory calculation: 1.73239 s
task: 12
worker id: 53416
time create lcl and mol: 0.000369072 s
numbers of trajectories: 4167
time trajectory calculation: 1.47754 s
task: 13
worker id: 13631
time create lcl and mol: 0.000306129 s
numbers of trajectories: 4167
time trajectory calculation: 1.00401 s
task: 14
worker id: 35100
time create lcl and mol: 0.000367165 s
numbers of trajectories: 4167
time trajectory calculation: 1.43662 s
task: 15
worker id: 10239
time create lcl and mol: 0.000369787 s
numbers of trajectories: 4167
time trajectory calculation: 0.997608 s
task: 16
worker id: 53416
time create lcl and mol: 0.000352144 s
numbers of trajectories: 4166
time trajectory calculation: 1.48151 s
task: 17
worker id: 63569
time create lcl and mol: 0.000360966 s
numbers of trajectories: 4166
time trajectory calculation: 1.67052 s
task: 18
worker id: 80096
time create lcl and mol: 0.000352859 s
numbers of trajectories: 4166
time trajectory calculation: 0.901352 s
task: 19
worker id: 57124
time create lcl and mol: 0.000344038 s
numbers of trajectories: 4166
time trajectory calculation: 1.35315 s
task: 20
worker id: 80096
time create lcl and mol: 0.000339031 s
numbers of trajectories: 4166
time trajectory calculation: 1.19405 s
task: 21
worker id: 73549
time create lcl and mol: 0.000350952 s
numbers of trajectories: 4166
time trajectory calculation: 1.55766 s
task: 22
worker id: 13631
time create lcl and mol: 0.000334978 s
numbers of trajectories: 4166
time trajectory calculation: 1.40467 s
task: 23
worker id: 57124
time create lcl and mol: 0.000334024 s
numbers of trajectories: 4166
time trajectory calculation: 1.25111 s
CCS time: 4.51711 s
*********************************************************
average value of CCS = 793.142 Ang^2
error value of CCS = 15.0438 Ang^2
Total time: 4.52523 s
Program finished...
*********************************************************
INPUT:: Simulation Parameters 
*********************************************************
target filename                  : 01_1mlt_carga_3_min.xyz
number of probe                  : 10000
number of iterarions             : 10
number of tasks                  : 24
number of threads                : 24
seed number                      : 2104
gas buffer                       : N2
Target Temperature (K)           : 298
timestep (fs)                    : 10
Skin cell size (Ang)             : 0.01
Equipotential                    : no
Cut short-range interaction      : yes
LJ cutoff (Ang)                  : 12
Apply long-range interaction     : yes
Cut long-range interaction       : yes
Coulomb cutoff (Ang)             : 25
Apply induced-dipole interaction : yes
alpha (Ang^3)                    : 1.71
force_type: 6
*********************************************************
Force Field parameters: 
*********************************************************
Symbol  mass (amu)  epislon (kcal/mol)  sigma(Angstroms) 
C   12.011   0.0824736   3.2255
N   14.007   0.0758527   3.5719
H   1.008   0.0362711   1.8986
O   15.999   0.062323   3.075
S   32.06   0.138032   3.4237
P   30.9738   0.145372   3.47
*********************************************************
MOLECULE:: orientation around the inertia principal axis 
*********************************************************
Inertia matrix a.u. Ang^2: 
{  112374  116279  -26361.3  }
{  116279  281882  12310.3  }
{  -26361.3  12310.3  331392  }
Rotation matrix applied to molecule: 
{  0.461441  0.875795  -0.14162  }
{  -0.886782  0.450595  -0.102872  }
{  -0.0262822  0.173055  0.984561  }
Molecule radius: 20.5023 Ang 
orientation time of molecule target: 0.00107288 s
target mass: 2850.52 amu
gas mass: 28.014 amu
reduce mass: 28.014 amu
charge state: 2.9992 e
*********************************************************
Geometric Ellipsoid: 
*********************************************************
maximal distances: 8.06564  8.36757  19.3915  Ang
Initial axis length: 59.1732  59.4752  70.4991  Ang
Ellipsoid axis length: 62.5432  62.8452  73.8691  Ang
ellipsoid calculation time: 3.19481e-05 s
maximal impact parameter: 73.8691 Ang
*********************************************************
Linked-cell: 
Numbers of cells: 1573
Nx: 11 Ny: 11 Nz: 13
Filled cells: 13
Empty cells: 1560
Average atoms per cell: 33.2308
Maximum atoms per cell: 137
Minimum atoms per cell: 2
Simulation box: 
lx: 132.11 Ang
ly: 132.11 Ang
lz: 156.13 Ang
linked-cell calculation time: 0.00161195 s
time info: 4.00543e-05 s
*********************************************************
Trajectory calculations 
*********************************************************
out target time: 4.41727 s
Ntraj: 10000
Nfree: 2022
Nscatter: 7973
Nlost: 5
omega: 825.806
Ntraj: 10000
Nfree: 1945
Nscatter: 8054
Nlost: 1
omega: 800.741
Ntraj: 10000
Nfree: 1865
Nscatter: 8133
Nlost: 2
omega: 763.934
Ntraj: 10000
Nfree: 1962
Nscatter: 8031
Nlost: 7
omega: 831.499
Ntraj: 10000
Nfree: 1924
Nscatter: 8066
Nlost: 10
omega: 821.285
Ntraj: 10000
Nfree: 1953
Nscatter: 8041
Nlost: 6
omega: 837.233
Ntraj: 10000
Nfree: 1916
Nscatter: 8072
Nlost: 12
omega: 709.89
Ntraj: 10000
Nfree: 1982
Nscatter: 8013
Nlost: 5
omega: 737.904
Ntraj: 10000
Nfree: 1950
Nscatter: 8043
Nlost: 7
omega: 745.339
Ntraj: 10000
Nfree: 1838
Nscatter: 8155
Nlost: 7
omega: 857.79
*********************************************************
task: 0
worker id: 10641
time create lcl and mol: 0.000351906 s
numbers of trajectories: 4167
time trajectory calculation: 0.95817 s
task: 1
worker id: 35494
time create lcl and mol: 0.000344038 s
numbers of trajectories: 4167
time trajectory calculation: 0.866722 s
task: 2
worker id: 73945
time create lcl and mol: 0.000324011 s
numbers of trajectories: 4167
time trajectory calculation: 0.613111 s
task: 3
worker id: 53825
time create lcl and mol: 0.000361919 s
numbers of trajectories: 4167
time trajectory calculation: 1.06787 s
task: 4
worker id: 57521
time create lcl and mol: 0.000371933 s
numbers of trajectories: 4167
time trajectory calculation: 1.39067 s
task: 5
worker id: 80492
time create lcl and mol: 0.000334978 s
numbers of trajectories: 4167
time trajectory calculation: 0.834714 s
task: 6
worker id: 14027
time create lcl and mol: 0.000475883 s
numbers of trajectories: 4167
time trajectory calculation: 0.7412 s
task: 7
worker id: 63967
time create lcl and mol: 0.000344038 s
numbers of trajectories: 4167
time trajectory calculation: 1.42199 s
task: 8
worker id: 80492
time create lcl and mol: 0.00036788 s
numbers of trajectories: 4167
time trajectory calculation: 1.30524 s
task: 9
worker id: 80492
time create lcl and mol: 0.000386 s
numbers of trajectories: 4167
time trajectory calculation: 1.59738 s
task: 10
worker id: 10641
time create lcl and mol: 0.000365973 s
numbers of trajectories: 4167
time trajectory calculation: 1.61951 s
task: 11
worker id: 35494
time create lcl and mol: 0.000381947 s
numbers of trajectories: 4167
time trajectory calculation: 1.71857 s
task: 12
worker id: 57521
time create lcl and mol: 0.000339031 s
numbers of trajectories: 4167
time trajectory calculation: 1.43381 s
task: 13
worker id: 53825
time create lcl and mol: 0.000361919 s
numbers of trajectories: 4167
time trajectory calculation: 1.03597 s
task: 14
worker id: 73945
time create lcl and mol: 0.000361919 s
numbers of trajectories: 4167
time trajectory calculation: 1.367 s
task: 15
worker id: 14027
time create lcl and mol: 0.000365973 s
numbers of trajectories: 4167
time trajectory calculation: 0.998201 s
task: 16
worker id: 73945
time create lcl and mol: 0.000386953 s
numbers of trajectories: 4166
time trajectory calculation: 1.43291 s
task: 17
worker id: 14027
time create lcl and mol: 0.000354052 s
numbers of trajectories: 4166
time trajectory calculation: 1.69185 s
task: 18
worker id: 10641
time create lcl and mol: 0.000368118 s
numbers of trajectories: 4166
time trajectory calculation: 0.865798 s
task: 19
worker id: 53825
time create lcl and mol: 0.000339985 s
numbers of trajectories: 4166
time trajectory calculation: 1.29001 s
task: 20
worker id: 63967
time create lcl and mol: 0.000358105 s
numbers of trajectories: 4166
time trajectory calculation: 1.18098 s
task: 21
worker id: 57521
time create lcl and mol: 0.000361919 s
numbers of trajectories: 4166
time trajectory calculation: 1.51854 s
task: 22
worker id: 35494
time create lcl and mol: 0.000375032 s
numbers of trajectories: 4166
time trajectory calculation: 1.37798 s
task: 23
worker id: 63967
time create lcl and mol: 0.000379801 s
numbers of trajectories: 4166
time trajectory calculation: 1.197 s
CCS time: 4.42761 s
*********************************************************
average value of CCS = 793.142 Ang^2
error value of CCS = 15.0438 Ang^2
Total time: 4.43562 s
Program finished...
*********************************************************
INPUT:: Simulation Parameters 
*********************************************************
target filename                  : 01_1mlt_carga_3_min.xyz
number of probe                  : 10000
number of iterarions             : 10
number of tasks                  : 24
number of threads                : 24
seed number                      : 2104
gas buffer                       : N2
Target Temperature (K)           : 298
timestep (fs)                    : 10
Skin cell size (Ang)             : 0.01
Equipotential                    : no
Cut short-range interaction      : yes
LJ cutoff (Ang)                  : 12
Apply long-range interaction     : yes
Cut long-range interaction       : yes
Coulomb cutoff (Ang)             : 25
Apply induced-dipole interaction : yes
alpha (Ang^3)                    : 1.71
force_type: 6
*********************************************************
Force Field parameters: 
*********************************************************
Symbol  mass (amu)  epislon (kcal/mol)  sigma(Angstroms) 
C   12.011   0.0824736   3.2255
N   14.007   0.0758527   3.5719
H   1.008   0.0362711   1.8986
O   15.999   0.062323   3.075
S   32.06   0.138032   3.4237
P   30.9738   0.145372   3.47
*********************************************************
MOLECULE:: orientation around the inertia principal axis 
*********************************************************
Inertia matrix a.u. Ang^2: 
{  112374  116279  -26361.3  }
{  116279  281882  12310.3  }
{  -26361.3  12310.3  331392  }
Rotation matrix applied to molecule: 
{  0.461441  0.875795  -0.14162  }
{  -0.886782  0.450595  -0.102872  }
{  -0.0262822  0.173055  0.984561  }
Molecule radius: 20.5023 Ang 
orientation time of molecule target: 0.0526209 s
target mass: 2850.52 amu
gas mass: 28.014 amu
reduce mass: 28.014 amu
charge state: 2.9992 e
*********************************************************
Geometric Ellipsoid: 
*********************************************************
maximal distances: 8.06564  8.36757  19.3915  Ang
Initial axis length: 59.1732  59.4752  70.4991  Ang
Ellipsoid axis length: 62.5432  62.8452  73.8691  Ang
ellipsoid calculation time: 2.69413e-05 s
maximal impact parameter: 73.8691 Ang
*********************************************************
Linked-cell: 
Numbers of cells: 1573
Nx: 11 Ny: 11 Nz: 13
Filled cells: 13
Empty cells: 1560
Average atoms per cell: 33.2308
Maximum atoms per cell: 137
Minimum atoms per cell: 2
Simulation box: 
lx: 132.11 Ang
ly: 132.11 Ang
lz: 156.13 Ang
linked-cell calculation time: 0.00153708 s
time info: 4.41074e-05 s
*********************************************************
Trajectory calculations 
*********************************************************
out target time: 4.6088 s
Ntraj: 10000
Nfree: 2022
Nscatter: 7973
Nlost: 5
omega: 825.806
Ntraj: 10000
Nfree: 1945
Nscatter: 8054
Nlost: 1
omega: 800.741
Ntraj: 10000
Nfree: 1865
Nscatter: 8133
Nlost: 2
omega: 763.934
Ntraj: 10000
Nfree: 1962
Nscatter: 8031
Nlost: 7
omega: 831.499
Ntraj: 10000
Nfree: 1924
Nscatter: 8066
Nlost: 10
omega: 821.285
Ntraj: 10000
Nfree: 1953
Nscatter: 8041
Nlost: 6
omega: 837.233
Ntraj: 10000
Nfree: 1916
Nscatter: 8072
Nlost: 12
omega: 709.89
Ntraj: 10000
Nfree: 1982
Nscatter: 8013
Nlost: 5
omega: 737.904
Ntraj: 10000
Nfree: 1950
Nscatter: 8043
Nlost: 7
omega: 745.339
Ntraj: 10000
Nfree: 1838
Nscatter: 8155
Nlost: 7
omega: 857.79
*********************************************************
task: 0
worker id: 1791
time create lcl and mol: 0.00033617 s
numbers of trajectories: 4167
time trajectory calculation: 0.95488 s
task: 1
worker id: 97950
time create lcl and mol: 0.000370026 s
numbers of trajectories: 4167
time trajectory calculation: 0.816725 s
task: 2
worker id: 1253
time create lcl and mol: 0.000355959 s
numbers of trajectories: 4167
time trajectory calculation: 0.571859 s
task: 3
worker id: 17263
time create lcl and mol: 0.000309944 s
numbers of trajectories: 4167
time trajectory calculation: 1.02929 s
task: 4
worker id: 962
time create lcl and mol: 0.000612974 s
numbers of trajectories: 4167
time trajectory calculation: 1.39066 s
task: 5
worker id: 1413
time create lcl and mol: 0.000355959 s
numbers of trajectories: 4167
time trajectory calculation: 0.85122 s
task: 6
worker id: 97210
time create lcl and mol: 0.000336885 s
numbers of trajectories: 4167
time trajectory calculation: 0.795265 s
task: 7
worker id: 17263
time create lcl and mol: 0.000372887 s
numbers of trajectories: 4167
time trajectory calculation: 1.46568 s
task: 8
worker id: 97950
time create lcl and mol: 0.000358105 s
numbers of trajectories: 4167
time trajectory calculation: 1.30376 s
task: 9
worker id: 98289
time create lcl and mol: 0.000364065 s
numbers of trajectories: 4167
time trajectory calculation: 1.64004 s
task: 10
worker id: 962
time create lcl and mol: 0.000344038 s
numbers of trajectories: 4167
time trajectory calculation: 1.69077 s
task: 11
worker id: 1253
time create lcl and mol: 0.000365019 s
numbers of trajectories: 4167
time trajectory calculation: 1.71366 s
task: 12
worker id: 1413
time create lcl and mol: 0.000365019 s
numbers of trajectories: 4167
time trajectory calculation: 1.42601 s
task: 13
worker id: 97210
time create lcl and mol: 0.000366926 s
numbers of trajectories: 4167
time trajectory calculation: 1.00792 s
task: 14
worker id: 962
time create lcl and mol: 0.000344992 s
numbers of trajectories: 4167
time trajectory calculation: 1.43396 s
task: 15
worker id: 1413
time create lcl and mol: 0.000355959 s
numbers of trajectories: 4167
time trajectory calculation: 0.988233 s
task: 16
worker id: 97210
time create lcl and mol: 0.000361919 s
numbers of trajectories: 4166
time trajectory calculation: 1.41923 s
task: 17
worker id: 98289
time create lcl and mol: 0.000363111 s
numbers of trajectories: 4166
time trajectory calculation: 1.69897 s
task: 18
worker id: 1791
time create lcl and mol: 0.000375032 s
numbers of trajectories: 4166
time trajectory calculation: 0.902251 s
task: 19
worker id: 1791
time create lcl and mol: 0.000362158 s
numbers of trajectories: 4166
time trajectory calculation: 1.30317 s
task: 20
worker id: 17263
time create lcl and mol: 0.000365973 s
numbers of trajectories: 4166
time trajectory calculation: 1.18616 s
task: 21
worker id: 1253
time create lcl and mol: 0.000365973 s
numbers of trajectories: 4166
time trajectory calculation: 1.49245 s
task: 22
worker id: 97950
time create lcl and mol: 0.00036788 s
numbers of trajectories: 4166
time trajectory calculation: 1.38142 s
task: 23
worker id: 1413
time create lcl and mol: 0.000362873 s
numbers of trajectories: 4166
time trajectory calculation: 1.24706 s
CCS time: 4.61913 s
*********************************************************
average value of CCS = 793.142 Ang^2
error value of CCS = 15.0438 Ang^2
Total time: 4.67894 s
Program finished...
*********************************************************
INPUT:: Simulation Parameters 
*********************************************************
target filename                  : 01_1mlt_carga_3_min.xyz
number of probe                  : 10000
number of iterarions             : 10
number of tasks                  : 24
number of threads                : 24
seed number                      : 2104
gas buffer                       : N2
Target Temperature (K)           : 298
timestep (fs)                    : 10
Skin cell size (Ang)             : 0.01
Equipotential                    : no
Cut short-range interaction      : yes
LJ cutoff (Ang)                  : 12
Apply long-range interaction     : yes
Cut long-range interaction       : yes
Coulomb cutoff (Ang)             : 25
Apply induced-dipole interaction : yes
alpha (Ang^3)                    : 1.71
force_type: 6
*********************************************************
Force Field parameters: 
*********************************************************
Symbol  mass (amu)  epislon (kcal/mol)  sigma(Angstroms) 
C   12.011   0.0824736   3.2255
N   14.007   0.0758527   3.5719
H   1.008   0.0362711   1.8986
O   15.999   0.062323   3.075
S   32.06   0.138032   3.4237
P   30.9738   0.145372   3.47
*********************************************************
MOLECULE:: orientation around the inertia principal axis 
*********************************************************
Inertia matrix a.u. Ang^2: 
{  112374  116279  -26361.3  }
{  116279  281882  12310.3  }
{  -26361.3  12310.3  331392  }
Rotation matrix applied to molecule: 
{  0.461441  0.875795  -0.14162  }
{  -0.886782  0.450595  -0.102872  }
{  -0.0262822  0.173055  0.984561  }
Molecule radius: 20.5023 Ang 
orientation time of molecule target: 0.00114894 s
target mass: 2850.52 amu
gas mass: 28.014 amu
reduce mass: 28.014 amu
charge state: 2.9992 e
*********************************************************
Geometric Ellipsoid: 
*********************************************************
maximal distances: 8.06564  8.36757  19.3915  Ang
Initial axis length: 59.1732  59.4752  70.4991  Ang
Ellipsoid axis length: 62.5432  62.8452  73.8691  Ang
ellipsoid calculation time: 3.60012e-05 s
maximal impact parameter: 73.8691 Ang
*********************************************************
Linked-cell: 
Numbers of cells: 1573
Nx: 11 Ny: 11 Nz: 13
Filled cells: 13
Empty cells: 1560
Average atoms per cell: 33.2308
Maximum atoms per cell: 137
Minimum atoms per cell: 2
Simulation box: 
lx: 132.11 Ang
ly: 132.11 Ang
lz: 156.13 Ang
linked-cell calculation time: 0.00166988 s
time info: 4.1008e-05 s
*********************************************************
Trajectory calculations 
*********************************************************
out target time: 4.47318 s
Ntraj: 10000
Nfree: 2022
Nscatter: 7973
Nlost: 5
omega: 825.806
Ntraj: 10000
Nfree: 1945
Nscatter: 8054
Nlost: 1
omega: 800.741
Ntraj: 10000
Nfree: 1865
Nscatter: 8133
Nlost: 2
omega: 763.934
Ntraj: 10000
Nfree: 1962
Nscatter: 8031
Nlost: 7
omega: 831.499
Ntraj: 10000
Nfree: 1924
Nscatter: 8066
Nlost: 10
omega: 821.285
Ntraj: 10000
Nfree: 1953
Nscatter: 8041
Nlost: 6
omega: 837.233
Ntraj: 10000
Nfree: 1916
Nscatter: 8072
Nlost: 12
omega: 709.89
Ntraj: 10000
Nfree: 1982
Nscatter: 8013
Nlost: 5
omega: 737.904
Ntraj: 10000
Nfree: 1950
Nscatter: 8043
Nlost: 7
omega: 745.339
Ntraj: 10000
Nfree: 1838
Nscatter: 8155
Nlost: 7
omega: 857.79
*********************************************************
task: 0
worker id: 1346
time create lcl and mol: 0.000309944 s
numbers of trajectories: 4167
time trajectory calculation: 0.975722 s
task: 1
worker id: 97299
time create lcl and mol: 0.000346899 s
numbers of trajectories: 4167
time trajectory calculation: 0.862149 s
task: 2
worker id: 1054
time create lcl and mol: 0.000331879 s
numbers of trajectories: 4167
time trajectory calculation: 0.605061 s
task: 3
worker id: 98042
time create lcl and mol: 0.000328064 s
numbers of trajectories: 4167
time trajectory calculation: 1.06052 s
task: 4
worker id: 17369
time create lcl and mol: 0.000344992 s
numbers of trajectories: 4167
time trajectory calculation: 1.37909 s
task: 5
worker id: 17369
time create lcl and mol: 0.000369072 s
numbers of trajectories: 4167
time trajectory calculation: 0.849154 s
task: 6
worker id: 97299
time create lcl and mol: 0.000326872 s
numbers of trajectories: 4167
time trajectory calculation: 0.757999 s
task: 7
worker id: 1887
time create lcl and mol: 0.000351906 s
numbers of trajectories: 4167
time trajectory calculation: 1.43912 s
task: 8
worker id: 1887
time create lcl and mol: 0.000369072 s
numbers of trajectories: 4167
time trajectory calculation: 1.33631 s
task: 9
worker id: 1346
time create lcl and mol: 0.000343084 s
numbers of trajectories: 4167
time trajectory calculation: 1.60778 s
task: 10
worker id: 17369
time create lcl and mol: 0.000329018 s
numbers of trajectories: 4167
time trajectory calculation: 1.65817 s
task: 11
worker id: 97299
time create lcl and mol: 0.000488997 s
numbers of trajectories: 4167
time trajectory calculation: 1.714 s
task: 12
worker id: 1506
time create lcl and mol: 0.000353813 s
numbers of trajectories: 4167
time trajectory calculation: 1.43394 s
task: 13
worker id: 97299
time create lcl and mol: 0.000369072 s
numbers of trajectories: 4167
time trajectory calculation: 1.0422 s
task: 14
worker id: 599
time create lcl and mol: 0.00036788 s
numbers of trajectories: 4167
time trajectory calculation: 1.42905 s
task: 15
worker id: 1054
time create lcl and mol: 0.000365973 s
numbers of trajectories: 4167
time trajectory calculation: 0.967461 s
task: 16
worker id: 599
time create lcl and mol: 0.000370026 s
numbers of trajectories: 4166
time trajectory calculation: 1.47528 s
task: 17
worker id: 1346
time create lcl and mol: 0.000355959 s
numbers of trajectories: 4166
time trajectory calculation: 1.66171 s
task: 18
worker id: 98042
time create lcl and mol: 0.000355005 s
numbers of trajectories: 4166
time trajectory calculation: 0.892764 s
task: 19
worker id: 1054
time create lcl and mol: 0.000365019 s
numbers of trajectories: 4166
time trajectory calculation: 1.33018 s
task: 20
worker id: 1506
time create lcl and mol: 0.000365973 s
numbers of trajectories: 4166
time trajectory calculation: 1.1962 s
task: 21
worker id: 98042
time create lcl and mol: 0.000360012 s
numbers of trajectories: 4166
time trajectory calculation: 1.53722 s
task: 22
worker id: 1506
time create lcl and mol: 0.000329971 s
numbers of trajectories: 4166
time trajectory calculation: 1.41867 s
task: 23
worker id: 599
time create lcl and mol: 0.000344992 s
numbers of trajectories: 4166
time trajectory calculation: 1.28142 s
CCS time: 4.48347 s
*********************************************************
average value of CCS = 793.142 Ang^2
error value of CCS = 15.0438 Ang^2
Total time: 4.49145 s
Program finished...
*********************************************************
INPUT:: Simulation Parameters 
*********************************************************
target filename                  : 01_1mlt_carga_3_min.xyz
number of probe                  : 10000
number of iterarions             : 10
number of tasks                  : 24
number of threads                : 24
seed number                      : 2104
gas buffer                       : N2
Target Temperature (K)           : 298
timestep (fs)                    : 10
Skin cell size (Ang)             : 0.01
Equipotential                    : no
Cut short-range interaction      : yes
LJ cutoff (Ang)                  : 12
Apply long-range interaction     : yes
Cut long-range interaction       : yes
Coulomb cutoff (Ang)             : 25
Apply induced-dipole interaction : yes
alpha (Ang^3)                    : 1.71
force_type: 6
*********************************************************
Force Field parameters: 
*********************************************************
Symbol  mass (amu)  epislon (kcal/mol)  sigma(Angstroms) 
C   12.011   0.0824736   3.2255
N   14.007   0.0758527   3.5719
H   1.008   0.0362711   1.8986
O   15.999   0.062323   3.075
S   32.06   0.138032   3.4237
P   30.9738   0.145372   3.47
*********************************************************
MOLECULE:: orientation around the inertia principal axis 
*********************************************************
Inertia matrix a.u. Ang^2: 
{  112374  116279  -26361.3  }
{  116279  281882  12310.3  }
{  -26361.3  12310.3  331392  }
Rotation matrix applied to molecule: 
{  0.461441  0.875795  -0.14162  }
{  -0.886782  0.450595  -0.102872  }
{  -0.0262822  0.173055  0.984561  }
Molecule radius: 20.5023 Ang 
orientation time of molecule target: 0.00106406 s
target mass: 2850.52 amu
gas mass: 28.014 amu
reduce mass: 28.014 amu
charge state: 2.9992 e
*********************************************************
Geometric Ellipsoid: 
*********************************************************
maximal distances: 8.06564  8.36757  19.3915  Ang
Initial axis length: 59.1732  59.4752  70.4991  Ang
Ellipsoid axis length: 62.5432  62.8452  73.8691  Ang
ellipsoid calculation time: 3.19481e-05 s
maximal impact parameter: 73.8691 Ang
*********************************************************
Linked-cell: 
Numbers of cells: 1573
Nx: 11 Ny: 11 Nz: 13
Filled cells: 13
Empty cells: 1560
Average atoms per cell: 33.2308
Maximum atoms per cell: 137
Minimum atoms per cell: 2
Simulation box: 
lx: 132.11 Ang
ly: 132.11 Ang
lz: 156.13 Ang
linked-cell calculation time: 0.00160599 s
time info: 4.1008e-05 s
*********************************************************
Trajectory calculations 
*********************************************************
out target time: 4.12112 s
Ntraj: 10000
Nfree: 2022
Nscatter: 7973
Nlost: 5
omega: 825.806
Ntraj: 10000
Nfree: 1945
Nscatter: 8054
Nlost: 1
omega: 800.741
Ntraj: 10000
Nfree: 1865
Nscatter: 8133
Nlost: 2
omega: 763.934
Ntraj: 10000
Nfree: 1962
Nscatter: 8031
Nlost: 7
omega: 831.499
Ntraj: 10000
Nfree: 1924
Nscatter: 8066
Nlost: 10
omega: 821.285
Ntraj: 10000
Nfree: 1953
Nscatter: 8041
Nlost: 6
omega: 837.233
Ntraj: 10000
Nfree: 1916
Nscatter: 8072
Nlost: 12
omega: 709.89
Ntraj: 10000
Nfree: 1982
Nscatter: 8013
Nlost: 5
omega: 737.904
Ntraj: 10000
Nfree: 1950
Nscatter: 8043
Nlost: 7
omega: 745.339
Ntraj: 10000
Nfree: 1838
Nscatter: 8155
Nlost: 7
omega: 857.79
*********************************************************
task: 0
worker id: 1760
time create lcl and mol: 0.000331163 s
numbers of trajectories: 4167
time trajectory calculation: 0.951934 s
task: 1
worker id: 1045
time create lcl and mol: 0.000347137 s
numbers of trajectories: 4167
time trajectory calculation: 0.894381 s
task: 2
worker id: 1457
time create lcl and mol: 0.000339031 s
numbers of trajectories: 4167
time trajectory calculation: 0.607883 s
task: 3
worker id: 1922
time create lcl and mol: 0.000334024 s
numbers of trajectories: 4167
time trajectory calculation: 1.06754 s
task: 4
worker id: 97698
time create lcl and mol: 0.000361919 s
numbers of trajectories: 4167
time trajectory calculation: 1.34861 s
task: 5
worker id: 665
time create lcl and mol: 0.000344038 s
numbers of trajectories: 4167
time trajectory calculation: 0.810803 s
task: 6
worker id: 17777
time create lcl and mol: 0.000315905 s
numbers of trajectories: 4167
time trajectory calculation: 0.727535 s
task: 7
worker id: 2292
time create lcl and mol: 0.000355005 s
numbers of trajectories: 4167
time trajectory calculation: 1.43123 s
task: 8
worker id: 1922
time create lcl and mol: 0.000574827 s
numbers of trajectories: 4167
time trajectory calculation: 1.35425 s
task: 9
worker id: 1922
time create lcl and mol: 0.000355959 s
numbers of trajectories: 4167
time trajectory calculation: 1.59547 s
task: 10
worker id: 1760
time create lcl and mol: 0.000356913 s
numbers of trajectories: 4167
time trajectory calculation: 1.65965 s
task: 11
worker id: 665
time create lcl and mol: 0.000332832 s
numbers of trajectories: 4167
time trajectory calculation: 1.65761 s
task: 12
worker id: 1457
time create lcl and mol: 0.000384092 s
numbers of trajectories: 4167
time trajectory calculation: 1.41274 s
task: 13
worker id: 665
time create lcl and mol: 0.000354052 s
numbers of trajectories: 4167
time trajectory calculation: 1.04033 s
task: 14
worker id: 1760
time create lcl and mol: 0.000340939 s
numbers of trajectories: 4167
time trajectory calculation: 1.43574 s
task: 15
worker id: 2292
time create lcl and mol: 0.000375986 s
numbers of trajectories: 4167
time trajectory calculation: 1.01228 s
task: 16
worker id: 1045
time create lcl and mol: 0.000370979 s
numbers of trajectories: 4166
time trajectory calculation: 1.48012 s
task: 17
worker id: 17777
time create lcl and mol: 0.000341177 s
numbers of trajectories: 4166
time trajectory calculation: 1.72418 s
task: 18
worker id: 1457
time create lcl and mol: 0.000356197 s
numbers of trajectories: 4166
time trajectory calculation: 0.872229 s
task: 19
worker id: 97698
time create lcl and mol: 0.000349998 s
numbers of trajectories: 4166
time trajectory calculation: 1.23564 s
task: 20
worker id: 2292
time create lcl and mol: 0.000369072 s
numbers of trajectories: 4166
time trajectory calculation: 1.11279 s
task: 21
worker id: 1045
time create lcl and mol: 0.000355005 s
numbers of trajectories: 4166
time trajectory calculation: 1.49483 s
task: 22
worker id: 17777
time create lcl and mol: 0.000351906 s
numbers of trajectories: 4166
time trajectory calculation: 1.34668 s
task: 23
worker id: 97698
time create lcl and mol: 0.000503063 s
numbers of trajectories: 4166
time trajectory calculation: 1.20469 s
CCS time: 4.13133 s
*********************************************************
average value of CCS = 793.142 Ang^2
error value of CCS = 15.0438 Ang^2
Total time: 4.1392 s
Program finished...
*********************************************************
INPUT:: Simulation Parameters 
*********************************************************
target filename                  : 01_1mlt_carga_3_min.xyz
number of probe                  : 10000
number of iterarions             : 10
number of tasks                  : 24
number of threads                : 24
seed number                      : 2104
gas buffer                       : N2
Target Temperature (K)           : 298
timestep (fs)                    : 10
Skin cell size (Ang)             : 0.01
Equipotential                    : no
Cut short-range interaction      : yes
LJ cutoff (Ang)                  : 12
Apply long-range interaction     : yes
Cut long-range interaction       : yes
Coulomb cutoff (Ang)             : 25
Apply induced-dipole interaction : yes
alpha (Ang^3)                    : 1.71
force_type: 6
*********************************************************
Force Field parameters: 
*********************************************************
Symbol  mass (amu)  epislon (kcal/mol)  sigma(Angstroms) 
C   12.011   0.0824736   3.2255
N   14.007   0.0758527   3.5719
H   1.008   0.0362711   1.8986
O   15.999   0.062323   3.075
S   32.06   0.138032   3.4237
P   30.9738   0.145372   3.47
*********************************************************
MOLECULE:: orientation around the inertia principal axis 
*********************************************************
Inertia matrix a.u. Ang^2: 
{  112374  116279  -26361.3  }
{  116279  281882  12310.3  }
{  -26361.3  12310.3  331392  }
Rotation matrix applied to molecule: 
{  0.461441  0.875795  -0.14162  }
{  -0.886782  0.450595  -0.102872  }
{  -0.0262822  0.173055  0.984561  }
Molecule radius: 20.5023 Ang 
orientation time of molecule target: 0.00105906 s
target mass: 2850.52 amu
gas mass: 28.014 amu
reduce mass: 28.014 amu
charge state: 2.9992 e
*********************************************************
Geometric Ellipsoid: 
*********************************************************
maximal distances: 8.06564  8.36757  19.3915  Ang
Initial axis length: 59.1732  59.4752  70.4991  Ang
Ellipsoid axis length: 62.5432  62.8452  73.8691  Ang
ellipsoid calculation time: 3.00407e-05 s
maximal impact parameter: 73.8691 Ang
*********************************************************
Linked-cell: 
Numbers of cells: 1573
Nx: 11 Ny: 11 Nz: 13
Filled cells: 13
Empty cells: 1560
Average atoms per cell: 33.2308
Maximum atoms per cell: 137
Minimum atoms per cell: 2
Simulation box: 
lx: 132.11 Ang
ly: 132.11 Ang
lz: 156.13 Ang
linked-cell calculation time: 0.00159693 s
time info: 4.1008e-05 s
*********************************************************
Trajectory calculations 
*********************************************************
out target time: 4.37836 s
Ntraj: 10000
Nfree: 2022
Nscatter: 7973
Nlost: 5
omega: 825.806
Ntraj: 10000
Nfree: 1945
Nscatter: 8054
Nlost: 1
omega: 800.741
Ntraj: 10000
Nfree: 1865
Nscatter: 8133
Nlost: 2
omega: 763.934
Ntraj: 10000
Nfree: 1962
Nscatter: 8031
Nlost: 7
omega: 831.499
Ntraj: 10000
Nfree: 1924
Nscatter: 8066
Nlost: 10
omega: 821.285
Ntraj: 10000
Nfree: 1953
Nscatter: 8041
Nlost: 6
omega: 837.233
Ntraj: 10000
Nfree: 1916
Nscatter: 8072
Nlost: 12
omega: 709.89
Ntraj: 10000
Nfree: 1982
Nscatter: 8013
Nlost: 5
omega: 737.904
Ntraj: 10000
Nfree: 1950
Nscatter: 8043
Nlost: 7
omega: 745.339
Ntraj: 10000
Nfree: 1838
Nscatter: 8155
Nlost: 7
omega: 857.79
*********************************************************
task: 0
worker id: 97787
time create lcl and mol: 0.000381947 s
numbers of trajectories: 4167
time trajectory calculation: 0.951685 s
task: 1
worker id: 2014
time create lcl and mol: 0.000320911 s
numbers of trajectories: 4167
time trajectory calculation: 0.833223 s
task: 2
worker id: 1857
time create lcl and mol: 0.00032711 s
numbers of trajectories: 4167
time trajectory calculation: 0.657553 s
task: 3
worker id: 17881
time create lcl and mol: 0.000332117 s
numbers of trajectories: 4167
time trajectory calculation: 1.0269 s
task: 4
worker id: 1553
time create lcl and mol: 0.000326872 s
numbers of trajectories: 4167
time trajectory calculation: 1.35126 s
task: 5
worker id: 754
time create lcl and mol: 0.00031805 s
numbers of trajectories: 4167
time trajectory calculation: 0.839285 s
task: 6
worker id: 2403
time create lcl and mol: 0.000340939 s
numbers of trajectories: 4167
time trajectory calculation: 0.778595 s
task: 7
worker id: 1136
time create lcl and mol: 0.000342131 s
numbers of trajectories: 4167
time trajectory calculation: 1.42482 s
task: 8
worker id: 1857
time create lcl and mol: 0.000350952 s
numbers of trajectories: 4167
time trajectory calculation: 1.34133 s
task: 9
worker id: 1553
time create lcl and mol: 0.000358105 s
numbers of trajectories: 4167
time trajectory calculation: 1.58529 s
task: 10
worker id: 2014
time create lcl and mol: 0.000331879 s
numbers of trajectories: 4167
time trajectory calculation: 1.63263 s
task: 11
worker id: 754
time create lcl and mol: 0.000310898 s
numbers of trajectories: 4167
time trajectory calculation: 1.64838 s
task: 12
worker id: 17881
time create lcl and mol: 0.000344992 s
numbers of trajectories: 4167
time trajectory calculation: 1.38362 s
task: 13
worker id: 1553
time create lcl and mol: 0.000329018 s
numbers of trajectories: 4167
time trajectory calculation: 1.02649 s
task: 14
worker id: 754
time create lcl and mol: 0.000315189 s
numbers of trajectories: 4167
time trajectory calculation: 1.37486 s
task: 15
worker id: 97787
time create lcl and mol: 0.000359058 s
numbers of trajectories: 4167
time trajectory calculation: 0.991987 s
task: 16
worker id: 97787
time create lcl and mol: 0.000331879 s
numbers of trajectories: 4166
time trajectory calculation: 1.47744 s
task: 17
worker id: 1136
time create lcl and mol: 0.000339985 s
numbers of trajectories: 4166
time trajectory calculation: 1.67786 s
task: 18
worker id: 97787
time create lcl and mol: 0.000368834 s
numbers of trajectories: 4166
time trajectory calculation: 0.87306 s
task: 19
worker id: 2403
time create lcl and mol: 0.000360012 s
numbers of trajectories: 4166
time trajectory calculation: 1.29339 s
task: 20
worker id: 17881
time create lcl and mol: 0.000371933 s
numbers of trajectories: 4166
time trajectory calculation: 1.10755 s
task: 21
worker id: 1857
time create lcl and mol: 0.000352859 s
numbers of trajectories: 4166
time trajectory calculation: 1.48799 s
task: 22
worker id: 2403
time create lcl and mol: 0.000360012 s
numbers of trajectories: 4166
time trajectory calculation: 1.37019 s
task: 23
worker id: 2014
time create lcl and mol: 0.00037694 s
numbers of trajectories: 4166
time trajectory calculation: 1.26026 s
CCS time: 4.38772 s
*********************************************************
average value of CCS = 793.142 Ang^2
error value of CCS = 15.0438 Ang^2
Total time: 4.39581 s
Program finished...
*********************************************************
INPUT:: Simulation Parameters 
*********************************************************
target filename                  : 01_1mlt_carga_3_min.xyz
number of probe                  : 10000
number of iterarions             : 10
number of tasks                  : 24
number of threads                : 24
seed number                      : 2104
gas buffer                       : N2
Target Temperature (K)           : 298
timestep (fs)                    : 10
Skin cell size (Ang)             : 0.01
Equipotential                    : no
Cut short-range interaction      : yes
LJ cutoff (Ang)                  : 12
Apply long-range interaction     : yes
Cut long-range interaction       : yes
Coulomb cutoff (Ang)             : 25
Apply induced-dipole interaction : yes
alpha (Ang^3)                    : 1.71
force_type: 6
*********************************************************
Force Field parameters: 
*********************************************************
Symbol  mass (amu)  epislon (kcal/mol)  sigma(Angstroms) 
C   12.011   0.0824736   3.2255
N   14.007   0.0758527   3.5719
H   1.008   0.0362711   1.8986
O   15.999   0.062323   3.075
S   32.06   0.138032   3.4237
P   30.9738   0.145372   3.47
*********************************************************
MOLECULE:: orientation around the inertia principal axis 
*********************************************************
Inertia matrix a.u. Ang^2: 
{  112374  116279  -26361.3  }
{  116279  281882  12310.3  }
{  -26361.3  12310.3  331392  }
Rotation matrix applied to molecule: 
{  0.461441  0.875795  -0.14162  }
{  -0.886782  0.450595  -0.102872  }
{  -0.0262822  0.173055  0.984561  }
Molecule radius: 20.5023 Ang 
orientation time of molecule target: 0.00102997 s
target mass: 2850.52 amu
gas mass: 28.014 amu
reduce mass: 28.014 amu
charge state: 2.9992 e
*********************************************************
Geometric Ellipsoid: 
*********************************************************
maximal distances: 8.06564  8.36757  19.3915  Ang
Initial axis length: 59.1732  59.4752  70.4991  Ang
Ellipsoid axis length: 62.5432  62.8452  73.8691  Ang
ellipsoid calculation time: 3.29018e-05 s
maximal impact parameter: 73.8691 Ang
*********************************************************
Linked-cell: 
Numbers of cells: 1573
Nx: 11 Ny: 11 Nz: 13
Filled cells: 13
Empty cells: 1560
Average atoms per cell: 33.2308
Maximum atoms per cell: 137
Minimum atoms per cell: 2
Simulation box: 
lx: 132.11 Ang
ly: 132.11 Ang
lz: 156.13 Ang
linked-cell calculation time: 0.00165892 s
time info: 4.19617e-05 s
*********************************************************
Trajectory calculations 
*********************************************************
out target time: 4.46888 s
Ntraj: 10000
Nfree: 2022
Nscatter: 7973
Nlost: 5
omega: 825.806
Ntraj: 10000
Nfree: 1945
Nscatter: 8054
Nlost: 1
omega: 800.741
Ntraj: 10000
Nfree: 1865
Nscatter: 8133
Nlost: 2
omega: 763.934
Ntraj: 10000
Nfree: 1962
Nscatter: 8031
Nlost: 7
omega: 831.499
Ntraj: 10000
Nfree: 1924
Nscatter: 8066
Nlost: 10
omega: 821.285
Ntraj: 10000
Nfree: 1953
Nscatter: 8041
Nlost: 6
omega: 837.233
Ntraj: 10000
Nfree: 1916
Nscatter: 8072
Nlost: 12
omega: 709.89
Ntraj: 10000
Nfree: 1982
Nscatter: 8013
Nlost: 5
omega: 737.904
Ntraj: 10000
Nfree: 1950
Nscatter: 8043
Nlost: 7
omega: 745.339
Ntraj: 10000
Nfree: 1838
Nscatter: 8155
Nlost: 7
omega: 857.79
*********************************************************
task: 0
worker id: 1965
time create lcl and mol: 0.000342846 s
numbers of trajectories: 4167
time trajectory calculation: 0.972706 s
task: 1
worker id: 18292
time create lcl and mol: 0.000313044 s
numbers of trajectories: 4167
time trajectory calculation: 0.858818 s
task: 2
worker id: 1550
time create lcl and mol: 0.000349045 s
numbers of trajectories: 4167
time trajectory calculation: 0.613162 s
task: 3
worker id: 1550
time create lcl and mol: 0.000344992 s
numbers of trajectories: 4167
time trajectory calculation: 1.01498 s
task: 4
worker id: 18292
time create lcl and mol: 0.000340939 s
numbers of trajectories: 4167
time trajectory calculation: 1.346 s
task: 5
worker id: 2266
time create lcl and mol: 0.000355959 s
numbers of trajectories: 4167
time trajectory calculation: 0.81327 s
task: 6
worker id: 98184
time create lcl and mol: 0.000348091 s
numbers of trajectories: 4167
time trajectory calculation: 0.755269 s
task: 7
worker id: 98184
time create lcl and mol: 0.000365973 s
numbers of trajectories: 4167
time trajectory calculation: 1.48816 s
task: 8
worker id: 1203
time create lcl and mol: 0.000340939 s
numbers of trajectories: 4167
time trajectory calculation: 1.28064 s
task: 9
worker id: 2925
time create lcl and mol: 0.000374079 s
numbers of trajectories: 4167
time trajectory calculation: 1.56088 s
task: 10
worker id: 18292
time create lcl and mol: 0.000340939 s
numbers of trajectories: 4167
time trajectory calculation: 1.65435 s
task: 11
worker id: 2441
time create lcl and mol: 0.000366926 s
numbers of trajectories: 4167
time trajectory calculation: 1.69357 s
task: 12
worker id: 1550
time create lcl and mol: 0.000375986 s
numbers of trajectories: 4167
time trajectory calculation: 1.4553 s
task: 13
worker id: 2266
time create lcl and mol: 0.0003438 s
numbers of trajectories: 4167
time trajectory calculation: 1.00646 s
task: 14
worker id: 98184
time create lcl and mol: 0.000333071 s
numbers of trajectories: 4167
time trajectory calculation: 1.45629 s
task: 15
worker id: 1965
time create lcl and mol: 0.000343084 s
numbers of trajectories: 4167
time trajectory calculation: 0.965223 s
task: 16
worker id: 2266
time create lcl and mol: 0.000323057 s
numbers of trajectories: 4166
time trajectory calculation: 1.45515 s
task: 17
worker id: 1203
time create lcl and mol: 0.000322819 s
numbers of trajectories: 4166
time trajectory calculation: 1.746 s
task: 18
worker id: 2441
time create lcl and mol: 0.000344038 s
numbers of trajectories: 4166
time trajectory calculation: 0.865668 s
task: 19
worker id: 2925
time create lcl and mol: 0.000383854 s
numbers of trajectories: 4166
time trajectory calculation: 1.29605 s
task: 20
worker id: 1550
time create lcl and mol: 0.000379086 s
numbers of trajectories: 4166
time trajectory calculation: 1.19984 s
task: 21
worker id: 2925
time create lcl and mol: 0.00037694 s
numbers of trajectories: 4166
time trajectory calculation: 1.52856 s
task: 22
worker id: 2441
time create lcl and mol: 0.000365019 s
numbers of trajectories: 4166
time trajectory calculation: 1.34379 s
task: 23
worker id: 1965
time create lcl and mol: 0.000358105 s
numbers of trajectories: 4166
time trajectory calculation: 1.30628 s
CCS time: 4.47924 s
*********************************************************
average value of CCS = 793.142 Ang^2
error value of CCS = 15.0438 Ang^2
Total time: 4.48728 s
Program finished...
