*********************************************************
INPUT:: Simulation Parameters 
*********************************************************
target filename                  : 10_4avt_carga_31_min.xyz
number of probe                  : 10000
number of iterarions             : 10
number of tasks                  : 24
number of threads                : 24
seed number                      : 2104
gas buffer                       : He
Target Temperature (K)           : 298
timestep (fs)                    : 10
Skin cell size (Ang)             : 0.01
Equipotential                    : no
Cut short-range interaction      : yes
LJ cutoff (Ang)                  : 12
Apply long-range interaction     : yes
Cut long-range interaction       : yes
Coulomb cutoff (Ang)             : 25
Apply induced-dipole interaction : yes
alpha (Ang^3)                    : 0.204956
force_type: 4
*********************************************************
Force Field parameters: 
*********************************************************
Symbol  mass (amu)  epislon (kcal/mol)  sigma(Angstroms) 
C   12.011   0.0309   3.043
N   14.007   0.0309   3.043
H   1.008   0.015   2.38
O   15.999   0.0309   3.043
S   32.06   0.0311   3.5
*********************************************************
MOLECULE:: orientation around the inertia principal axis 
*********************************************************
Inertia matrix a.u. Ang^2: 
{  2.29035e+08  -1.13344e+07  8.2053e+06  }
{  -1.13344e+07  2.50171e+08  -1.78791e+07  }
{  8.2053e+06  -1.78791e+07  2.38415e+08  }
Rotation matrix applied to molecule: 
{  0.337034  -0.762644  0.552071  }
{  0.941493  0.272859  -0.197838  }
{  0.000241967  0.586449  0.809986  }
Molecule radius: 60.1159 Ang 
orientation time of molecule target: 0.0318739 s
target mass: 232455 amu
gas mass: 4.0026 amu
reduce mass: 4.00253 amu
charge state: 31 e
*********************************************************
Geometric Ellipsoid: 
*********************************************************
maximal distances: 40.6569  53.3921  53.9199  Ang
Initial axis length: 90.6669  103.402  103.93  Ang
Ellipsoid axis length: 100.197  112.932  113.46  Ang
ellipsoid calculation time: 0.000247002 s
maximal impact parameter: 113.46 Ang
*********************************************************
Linked-cell: 
Numbers of cells: 6137
Nx: 17 Ny: 19 Nz: 19
Filled cells: 391
Empty cells: 5746
Average atoms per cell: 83.821
Maximum atoms per cell: 216
Minimum atoms per cell: 1
Simulation box: 
lx: 204.17 Ang
ly: 228.19 Ang
lz: 228.19 Ang
linked-cell calculation time: 0.00919008 s
time info: 0.00108099 s
*********************************************************
Trajectory calculations 
*********************************************************
out target time: 12.8911 s
Ntraj: 10000
Nfree: 838
Nscatter: 9137
Nlost: 25
omega: 11078.5
Ntraj: 10000
Nfree: 786
Nscatter: 9191
Nlost: 23
omega: 11249.8
Ntraj: 10000
Nfree: 820
Nscatter: 9146
Nlost: 34
omega: 11245.7
Ntraj: 10000
Nfree: 801
Nscatter: 9173
Nlost: 26
omega: 11694.4
Ntraj: 10000
Nfree: 805
Nscatter: 9169
Nlost: 26
omega: 11291.2
Ntraj: 10000
Nfree: 828
Nscatter: 9153
Nlost: 19
omega: 11427
Ntraj: 10000
Nfree: 808
Nscatter: 9170
Nlost: 22
omega: 11277.6
Ntraj: 10000
Nfree: 776
Nscatter: 9211
Nlost: 13
omega: 11054
Ntraj: 10000
Nfree: 849
Nscatter: 9117
Nlost: 34
omega: 11704.3
Ntraj: 10000
Nfree: 851
Nscatter: 9122
Nlost: 27
omega: 11680.8
*********************************************************
task: 0
worker id: 23984
time create lcl and mol: 0.00193191 s
numbers of trajectories: 4167
time trajectory calculation: 3.4185 s
task: 1
worker id: 11410
time create lcl and mol: 0.00210094 s
numbers of trajectories: 4167
time trajectory calculation: 4.55304 s
task: 2
worker id: 11410
time create lcl and mol: 0.00210595 s
numbers of trajectories: 4167
time trajectory calculation: 3.39025 s
task: 3
worker id: 19267
time create lcl and mol: 0.00229192 s
numbers of trajectories: 4167
time trajectory calculation: 3.72599 s
task: 4
worker id: 77719
time create lcl and mol: 0.002249 s
numbers of trajectories: 4167
time trajectory calculation: 4.61949 s
task: 5
worker id: 60041
time create lcl and mol: 0.00219703 s
numbers of trajectories: 4167
time trajectory calculation: 4.15918 s
task: 6
worker id: 44378
time create lcl and mol: 0.00211406 s
numbers of trajectories: 4167
time trajectory calculation: 2.90683 s
task: 7
worker id: 74139
time create lcl and mol: 0.00207806 s
numbers of trajectories: 4167
time trajectory calculation: 3.20828 s
task: 8
worker id: 8722
time create lcl and mol: 0.00208187 s
numbers of trajectories: 4167
time trajectory calculation: 3.11185 s
task: 9
worker id: 8722
time create lcl and mol: 0.00220013 s
numbers of trajectories: 4167
time trajectory calculation: 3.60303 s
task: 10
worker id: 77719
time create lcl and mol: 0.002141 s
numbers of trajectories: 4167
time trajectory calculation: 3.24379 s
task: 11
worker id: 44378
time create lcl and mol: 0.00219417 s
numbers of trajectories: 4167
time trajectory calculation: 4.49731 s
task: 12
worker id: 19267
time create lcl and mol: 0.00196314 s
numbers of trajectories: 4167
time trajectory calculation: 3.05361 s
task: 13
worker id: 77719
time create lcl and mol: 0.00211406 s
numbers of trajectories: 4167
time trajectory calculation: 3.83733 s
task: 14
worker id: 74139
time create lcl and mol: 0.00206399 s
numbers of trajectories: 4167
time trajectory calculation: 3.4974 s
task: 15
worker id: 74139
time create lcl and mol: 0.00208712 s
numbers of trajectories: 4167
time trajectory calculation: 2.96074 s
task: 16
worker id: 23984
time create lcl and mol: 0.00227523 s
numbers of trajectories: 4166
time trajectory calculation: 3.25447 s
task: 17
worker id: 60041
time create lcl and mol: 0.00224495 s
numbers of trajectories: 4166
time trajectory calculation: 2.97767 s
task: 18
worker id: 23984
time create lcl and mol: 0.0020721 s
numbers of trajectories: 4166
time trajectory calculation: 3.58522 s
task: 19
worker id: 8722
time create lcl and mol: 0.00219607 s
numbers of trajectories: 4166
time trajectory calculation: 3.85069 s
task: 20
worker id: 60041
time create lcl and mol: 0.00212812 s
numbers of trajectories: 4166
time trajectory calculation: 5.6783 s
task: 21
worker id: 44378
time create lcl and mol: 0.00214505 s
numbers of trajectories: 4166
time trajectory calculation: 3.52706 s
task: 22
worker id: 19267
time create lcl and mol: 0.00227785 s
numbers of trajectories: 4166
time trajectory calculation: 3.67658 s
task: 23
worker id: 11410
time create lcl and mol: 0.00208402 s
numbers of trajectories: 4166
time trajectory calculation: 3.85786 s
CCS time: 12.8998 s
*********************************************************
average value of CCS = 11370.3 Ang^2
error value of CCS = 73.9111 Ang^2
Total time: 12.9464 s
Program finished...
*********************************************************
INPUT:: Simulation Parameters 
*********************************************************
target filename                  : 10_4avt_carga_31_min.xyz
number of probe                  : 10000
number of iterarions             : 10
number of tasks                  : 24
number of threads                : 24
seed number                      : 2104
gas buffer                       : He
Target Temperature (K)           : 298
timestep (fs)                    : 10
Skin cell size (Ang)             : 0.01
Equipotential                    : no
Cut short-range interaction      : yes
LJ cutoff (Ang)                  : 12
Apply long-range interaction     : yes
Cut long-range interaction       : yes
Coulomb cutoff (Ang)             : 25
Apply induced-dipole interaction : yes
alpha (Ang^3)                    : 0.204956
force_type: 4
*********************************************************
Force Field parameters: 
*********************************************************
Symbol  mass (amu)  epislon (kcal/mol)  sigma(Angstroms) 
C   12.011   0.0309   3.043
N   14.007   0.0309   3.043
H   1.008   0.015   2.38
O   15.999   0.0309   3.043
S   32.06   0.0311   3.5
*********************************************************
MOLECULE:: orientation around the inertia principal axis 
*********************************************************
Inertia matrix a.u. Ang^2: 
{  2.29035e+08  -1.13344e+07  8.2053e+06  }
{  -1.13344e+07  2.50171e+08  -1.78791e+07  }
{  8.2053e+06  -1.78791e+07  2.38415e+08  }
Rotation matrix applied to molecule: 
{  0.337034  -0.762644  0.552071  }
{  0.941493  0.272859  -0.197838  }
{  0.000241967  0.586449  0.809986  }
Molecule radius: 60.1159 Ang 
orientation time of molecule target: 0.0322311 s
target mass: 232455 amu
gas mass: 4.0026 amu
reduce mass: 4.00253 amu
charge state: 31 e
*********************************************************
Geometric Ellipsoid: 
*********************************************************
maximal distances: 40.6569  53.3921  53.9199  Ang
Initial axis length: 90.6669  103.402  103.93  Ang
Ellipsoid axis length: 100.197  112.932  113.46  Ang
ellipsoid calculation time: 0.000251055 s
maximal impact parameter: 113.46 Ang
*********************************************************
Linked-cell: 
Numbers of cells: 6137
Nx: 17 Ny: 19 Nz: 19
Filled cells: 391
Empty cells: 5746
Average atoms per cell: 83.821
Maximum atoms per cell: 216
Minimum atoms per cell: 1
Simulation box: 
lx: 204.17 Ang
ly: 228.19 Ang
lz: 228.19 Ang
linked-cell calculation time: 0.00908089 s
time info: 0.00106406 s
*********************************************************
Trajectory calculations 
*********************************************************
out target time: 13.0495 s
Ntraj: 10000
Nfree: 838
Nscatter: 9137
Nlost: 25
omega: 11078.5
Ntraj: 10000
Nfree: 786
Nscatter: 9191
Nlost: 23
omega: 11249.8
Ntraj: 10000
Nfree: 820
Nscatter: 9146
Nlost: 34
omega: 11245.7
Ntraj: 10000
Nfree: 801
Nscatter: 9173
Nlost: 26
omega: 11694.4
Ntraj: 10000
Nfree: 805
Nscatter: 9169
Nlost: 26
omega: 11291.2
Ntraj: 10000
Nfree: 828
Nscatter: 9153
Nlost: 19
omega: 11427
Ntraj: 10000
Nfree: 808
Nscatter: 9170
Nlost: 22
omega: 11277.6
Ntraj: 10000
Nfree: 776
Nscatter: 9211
Nlost: 13
omega: 11054
Ntraj: 10000
Nfree: 849
Nscatter: 9117
Nlost: 34
omega: 11704.3
Ntraj: 10000
Nfree: 851
Nscatter: 9122
Nlost: 27
omega: 11680.8
*********************************************************
task: 0
worker id: 74556
time create lcl and mol: 0.00214815 s
numbers of trajectories: 4167
time trajectory calculation: 3.43883 s
task: 1
worker id: 60449
time create lcl and mol: 0.00212002 s
numbers of trajectories: 4167
time trajectory calculation: 4.50398 s
task: 2
worker id: 9128
time create lcl and mol: 0.00199413 s
numbers of trajectories: 4167
time trajectory calculation: 3.30304 s
task: 3
worker id: 78122
time create lcl and mol: 0.00213504 s
numbers of trajectories: 4167
time trajectory calculation: 3.50249 s
task: 4
worker id: 24387
time create lcl and mol: 0.00219703 s
numbers of trajectories: 4167
time trajectory calculation: 4.60086 s
task: 5
worker id: 11813
time create lcl and mol: 0.00204182 s
numbers of trajectories: 4167
time trajectory calculation: 4.3116 s
task: 6
worker id: 19674
time create lcl and mol: 0.00208521 s
numbers of trajectories: 4167
time trajectory calculation: 3.00197 s
task: 7
worker id: 44782
time create lcl and mol: 0.00215507 s
numbers of trajectories: 4167
time trajectory calculation: 3.2338 s
task: 8
worker id: 60449
time create lcl and mol: 0.00210905 s
numbers of trajectories: 4167
time trajectory calculation: 3.25507 s
task: 9
worker id: 11813
time create lcl and mol: 0.00223994 s
numbers of trajectories: 4167
time trajectory calculation: 3.53807 s
task: 10
worker id: 19674
time create lcl and mol: 0.00214291 s
numbers of trajectories: 4167
time trajectory calculation: 3.18026 s
task: 11
worker id: 24387
time create lcl and mol: 0.00203609 s
numbers of trajectories: 4167
time trajectory calculation: 4.71268 s
task: 12
worker id: 9128
time create lcl and mol: 0.00219202 s
numbers of trajectories: 4167
time trajectory calculation: 3.13424 s
task: 13
worker id: 60449
time create lcl and mol: 0.00223708 s
numbers of trajectories: 4167
time trajectory calculation: 3.75541 s
task: 14
worker id: 9128
time create lcl and mol: 0.00208712 s
numbers of trajectories: 4167
time trajectory calculation: 3.46675 s
task: 15
worker id: 78122
time create lcl and mol: 0.00208998 s
numbers of trajectories: 4167
time trajectory calculation: 2.95146 s
task: 16
worker id: 24387
time create lcl and mol: 0.00209212 s
numbers of trajectories: 4166
time trajectory calculation: 3.26617 s
task: 17
worker id: 44782
time create lcl and mol: 0.00201416 s
numbers of trajectories: 4166
time trajectory calculation: 2.95655 s
task: 18
worker id: 44782
time create lcl and mol: 0.00198603 s
numbers of trajectories: 4166
time trajectory calculation: 3.56562 s
task: 19
worker id: 74556
time create lcl and mol: 0.00214601 s
numbers of trajectories: 4166
time trajectory calculation: 3.87441 s
task: 20
worker id: 74556
time create lcl and mol: 0.00210714 s
numbers of trajectories: 4166
time trajectory calculation: 5.65444 s
task: 21
worker id: 19674
time create lcl and mol: 0.00213814 s
numbers of trajectories: 4166
time trajectory calculation: 3.58978 s
task: 22
worker id: 78122
time create lcl and mol: 0.00204682 s
numbers of trajectories: 4166
time trajectory calculation: 3.76338 s
task: 23
worker id: 11813
time create lcl and mol: 0.00202394 s
numbers of trajectories: 4166
time trajectory calculation: 3.73208 s
CCS time: 13.0581 s
*********************************************************
average value of CCS = 11370.3 Ang^2
error value of CCS = 73.9111 Ang^2
Total time: 13.1045 s
Program finished...
*********************************************************
INPUT:: Simulation Parameters 
*********************************************************
target filename                  : 10_4avt_carga_31_min.xyz
number of probe                  : 10000
number of iterarions             : 10
number of tasks                  : 24
number of threads                : 24
seed number                      : 2104
gas buffer                       : He
Target Temperature (K)           : 298
timestep (fs)                    : 10
Skin cell size (Ang)             : 0.01
Equipotential                    : no
Cut short-range interaction      : yes
LJ cutoff (Ang)                  : 12
Apply long-range interaction     : yes
Cut long-range interaction       : yes
Coulomb cutoff (Ang)             : 25
Apply induced-dipole interaction : yes
alpha (Ang^3)                    : 0.204956
force_type: 4
*********************************************************
Force Field parameters: 
*********************************************************
Symbol  mass (amu)  epislon (kcal/mol)  sigma(Angstroms) 
C   12.011   0.0309   3.043
N   14.007   0.0309   3.043
H   1.008   0.015   2.38
O   15.999   0.0309   3.043
S   32.06   0.0311   3.5
*********************************************************
MOLECULE:: orientation around the inertia principal axis 
*********************************************************
Inertia matrix a.u. Ang^2: 
{  2.29035e+08  -1.13344e+07  8.2053e+06  }
{  -1.13344e+07  2.50171e+08  -1.78791e+07  }
{  8.2053e+06  -1.78791e+07  2.38415e+08  }
Rotation matrix applied to molecule: 
{  0.337034  -0.762644  0.552071  }
{  0.941493  0.272859  -0.197838  }
{  0.000241967  0.586449  0.809986  }
Molecule radius: 60.1159 Ang 
orientation time of molecule target: 0.0328789 s
target mass: 232455 amu
gas mass: 4.0026 amu
reduce mass: 4.00253 amu
charge state: 31 e
*********************************************************
Geometric Ellipsoid: 
*********************************************************
maximal distances: 40.6569  53.3921  53.9199  Ang
Initial axis length: 90.6669  103.402  103.93  Ang
Ellipsoid axis length: 100.197  112.932  113.46  Ang
ellipsoid calculation time: 0.000253916 s
maximal impact parameter: 113.46 Ang
*********************************************************
Linked-cell: 
Numbers of cells: 6137
Nx: 17 Ny: 19 Nz: 19
Filled cells: 391
Empty cells: 5746
Average atoms per cell: 83.821
Maximum atoms per cell: 216
Minimum atoms per cell: 1
Simulation box: 
lx: 204.17 Ang
ly: 228.19 Ang
lz: 228.19 Ang
linked-cell calculation time: 0.00917602 s
time info: 0.00102305 s
*********************************************************
Trajectory calculations 
*********************************************************
out target time: 13.0704 s
Ntraj: 10000
Nfree: 838
Nscatter: 9137
Nlost: 25
omega: 11078.5
Ntraj: 10000
Nfree: 786
Nscatter: 9191
Nlost: 23
omega: 11249.8
Ntraj: 10000
Nfree: 820
Nscatter: 9146
Nlost: 34
omega: 11245.7
Ntraj: 10000
Nfree: 801
Nscatter: 9173
Nlost: 26
omega: 11694.4
Ntraj: 10000
Nfree: 805
Nscatter: 9169
Nlost: 26
omega: 11291.2
Ntraj: 10000
Nfree: 828
Nscatter: 9153
Nlost: 19
omega: 11427
Ntraj: 10000
Nfree: 808
Nscatter: 9170
Nlost: 22
omega: 11277.6
Ntraj: 10000
Nfree: 776
Nscatter: 9211
Nlost: 13
omega: 11054
Ntraj: 10000
Nfree: 849
Nscatter: 9117
Nlost: 34
omega: 11704.3
Ntraj: 10000
Nfree: 851
Nscatter: 9122
Nlost: 27
omega: 11680.8
*********************************************************
task: 0
worker id: 45496
time create lcl and mol: 0.00208092 s
numbers of trajectories: 4167
time trajectory calculation: 3.53958 s
task: 1
worker id: 25100
time create lcl and mol: 0.00216103 s
numbers of trajectories: 4167
time trajectory calculation: 4.56507 s
task: 2
worker id: 9836
time create lcl and mol: 0.00190187 s
numbers of trajectories: 4167
time trajectory calculation: 3.44696 s
task: 3
worker id: 12523
time create lcl and mol: 0.00208902 s
numbers of trajectories: 4167
time trajectory calculation: 3.51383 s
task: 4
worker id: 78832
time create lcl and mol: 0.00205207 s
numbers of trajectories: 4167
time trajectory calculation: 4.6685 s
task: 5
worker id: 75281
time create lcl and mol: 0.00206685 s
numbers of trajectories: 4167
time trajectory calculation: 4.31672 s
task: 6
worker id: 78832
time create lcl and mol: 0.00204396 s
numbers of trajectories: 4167
time trajectory calculation: 3.09943 s
task: 7
worker id: 61159
time create lcl and mol: 0.0020678 s
numbers of trajectories: 4167
time trajectory calculation: 3.11442 s
task: 8
worker id: 20383
time create lcl and mol: 0.00213504 s
numbers of trajectories: 4167
time trajectory calculation: 3.07076 s
task: 9
worker id: 75281
time create lcl and mol: 0.00198913 s
numbers of trajectories: 4167
time trajectory calculation: 3.55198 s
task: 10
worker id: 75281
time create lcl and mol: 0.00207591 s
numbers of trajectories: 4167
time trajectory calculation: 3.30042 s
task: 11
worker id: 61159
time create lcl and mol: 0.00200486 s
numbers of trajectories: 4167
time trajectory calculation: 4.70196 s
task: 12
worker id: 25100
time create lcl and mol: 0.00214791 s
numbers of trajectories: 4167
time trajectory calculation: 3.18139 s
task: 13
worker id: 9836
time create lcl and mol: 0.0021081 s
numbers of trajectories: 4167
time trajectory calculation: 3.83845 s
task: 14
worker id: 25100
time create lcl and mol: 0.00205207 s
numbers of trajectories: 4167
time trajectory calculation: 3.38761 s
task: 15
worker id: 45496
time create lcl and mol: 0.0021131 s
numbers of trajectories: 4167
time trajectory calculation: 2.9175 s
task: 16
worker id: 78832
time create lcl and mol: 0.00213504 s
numbers of trajectories: 4166
time trajectory calculation: 3.20501 s
task: 17
worker id: 20383
time create lcl and mol: 0.00255299 s
numbers of trajectories: 4166
time trajectory calculation: 2.97318 s
task: 18
worker id: 45496
time create lcl and mol: 0.00211906 s
numbers of trajectories: 4166
time trajectory calculation: 3.59446 s
task: 19
worker id: 12523
time create lcl and mol: 0.00200605 s
numbers of trajectories: 4166
time trajectory calculation: 3.87922 s
task: 20
worker id: 9836
time create lcl and mol: 0.00222301 s
numbers of trajectories: 4166
time trajectory calculation: 5.6952 s
task: 21
worker id: 12523
time create lcl and mol: 0.00211501 s
numbers of trajectories: 4166
time trajectory calculation: 3.61085 s
task: 22
worker id: 20383
time create lcl and mol: 0.00230002 s
numbers of trajectories: 4166
time trajectory calculation: 3.60343 s
task: 23
worker id: 61159
time create lcl and mol: 0.002105 s
numbers of trajectories: 4166
time trajectory calculation: 3.82831 s
CCS time: 13.0788 s
*********************************************************
average value of CCS = 11370.3 Ang^2
error value of CCS = 73.9111 Ang^2
Total time: 13.1262 s
Program finished...
*********************************************************
INPUT:: Simulation Parameters 
*********************************************************
target filename                  : 10_4avt_carga_31_min.xyz
number of probe                  : 10000
number of iterarions             : 10
number of tasks                  : 24
number of threads                : 24
seed number                      : 2104
gas buffer                       : He
Target Temperature (K)           : 298
timestep (fs)                    : 10
Skin cell size (Ang)             : 0.01
Equipotential                    : no
Cut short-range interaction      : yes
LJ cutoff (Ang)                  : 12
Apply long-range interaction     : yes
Cut long-range interaction       : yes
Coulomb cutoff (Ang)             : 25
Apply induced-dipole interaction : yes
alpha (Ang^3)                    : 0.204956
force_type: 4
*********************************************************
Force Field parameters: 
*********************************************************
Symbol  mass (amu)  epislon (kcal/mol)  sigma(Angstroms) 
C   12.011   0.0309   3.043
N   14.007   0.0309   3.043
H   1.008   0.015   2.38
O   15.999   0.0309   3.043
S   32.06   0.0311   3.5
*********************************************************
MOLECULE:: orientation around the inertia principal axis 
*********************************************************
Inertia matrix a.u. Ang^2: 
{  2.29035e+08  -1.13344e+07  8.2053e+06  }
{  -1.13344e+07  2.50171e+08  -1.78791e+07  }
{  8.2053e+06  -1.78791e+07  2.38415e+08  }
Rotation matrix applied to molecule: 
{  0.337034  -0.762644  0.552071  }
{  0.941493  0.272859  -0.197838  }
{  0.000241967  0.586449  0.809986  }
Molecule radius: 60.1159 Ang 
orientation time of molecule target: 0.031714 s
target mass: 232455 amu
gas mass: 4.0026 amu
reduce mass: 4.00253 amu
charge state: 31 e
*********************************************************
Geometric Ellipsoid: 
*********************************************************
maximal distances: 40.6569  53.3921  53.9199  Ang
Initial axis length: 90.6669  103.402  103.93  Ang
Ellipsoid axis length: 100.197  112.932  113.46  Ang
ellipsoid calculation time: 0.000255108 s
maximal impact parameter: 113.46 Ang
*********************************************************
Linked-cell: 
Numbers of cells: 6137
Nx: 17 Ny: 19 Nz: 19
Filled cells: 391
Empty cells: 5746
Average atoms per cell: 83.821
Maximum atoms per cell: 216
Minimum atoms per cell: 1
Simulation box: 
lx: 204.17 Ang
ly: 228.19 Ang
lz: 228.19 Ang
linked-cell calculation time: 0.00909996 s
time info: 0.0010941 s
*********************************************************
Trajectory calculations 
*********************************************************
out target time: 12.7764 s
Ntraj: 10000
Nfree: 838
Nscatter: 9137
Nlost: 25
omega: 11078.5
Ntraj: 10000
Nfree: 786
Nscatter: 9191
Nlost: 23
omega: 11249.8
Ntraj: 10000
Nfree: 820
Nscatter: 9146
Nlost: 34
omega: 11245.7
Ntraj: 10000
Nfree: 801
Nscatter: 9173
Nlost: 26
omega: 11694.4
Ntraj: 10000
Nfree: 805
Nscatter: 9169
Nlost: 26
omega: 11291.2
Ntraj: 10000
Nfree: 828
Nscatter: 9153
Nlost: 19
omega: 11427
Ntraj: 10000
Nfree: 808
Nscatter: 9170
Nlost: 22
omega: 11277.6
Ntraj: 10000
Nfree: 776
Nscatter: 9211
Nlost: 13
omega: 11054
Ntraj: 10000
Nfree: 849
Nscatter: 9117
Nlost: 34
omega: 11704.3
Ntraj: 10000
Nfree: 851
Nscatter: 9122
Nlost: 27
omega: 11680.8
*********************************************************
task: 0
worker id: 10241
time create lcl and mol: 0.00207114 s
numbers of trajectories: 4167
time trajectory calculation: 3.56147 s
task: 1
worker id: 20786
time create lcl and mol: 0.00222397 s
numbers of trajectories: 4167
time trajectory calculation: 4.54567 s
task: 2
worker id: 79241
time create lcl and mol: 0.00217104 s
numbers of trajectories: 4167
time trajectory calculation: 3.24515 s
task: 3
worker id: 75704
time create lcl and mol: 0.00208592 s
numbers of trajectories: 4167
time trajectory calculation: 3.55406 s
task: 4
worker id: 25507
time create lcl and mol: 0.00198698 s
numbers of trajectories: 4167
time trajectory calculation: 4.67192 s
task: 5
worker id: 12928
time create lcl and mol: 0.00221896 s
numbers of trajectories: 4167
time trajectory calculation: 4.47544 s
task: 6
worker id: 61567
time create lcl and mol: 0.00213194 s
numbers of trajectories: 4167
time trajectory calculation: 2.91562 s
task: 7
worker id: 45902
time create lcl and mol: 0.00207782 s
numbers of trajectories: 4167
time trajectory calculation: 3.22696 s
task: 8
worker id: 25507
time create lcl and mol: 0.00212598 s
numbers of trajectories: 4167
time trajectory calculation: 3.24897 s
task: 9
worker id: 79241
time create lcl and mol: 0.00216198 s
numbers of trajectories: 4167
time trajectory calculation: 3.55442 s
task: 10
worker id: 79241
time create lcl and mol: 0.00208998 s
numbers of trajectories: 4167
time trajectory calculation: 3.19945 s
task: 11
worker id: 25507
time create lcl and mol: 0.00206184 s
numbers of trajectories: 4167
time trajectory calculation: 4.75416 s
task: 12
worker id: 45902
time create lcl and mol: 0.00208592 s
numbers of trajectories: 4167
time trajectory calculation: 3.14158 s
task: 13
worker id: 20786
time create lcl and mol: 0.00202084 s
numbers of trajectories: 4167
time trajectory calculation: 3.78656 s
task: 14
worker id: 20786
time create lcl and mol: 0.00205398 s
numbers of trajectories: 4167
time trajectory calculation: 3.44514 s
task: 15
worker id: 12928
time create lcl and mol: 0.00208807 s
numbers of trajectories: 4167
time trajectory calculation: 2.96151 s
task: 16
worker id: 12928
time create lcl and mol: 0.00196195 s
numbers of trajectories: 4166
time trajectory calculation: 3.16918 s
task: 17
worker id: 75704
time create lcl and mol: 0.00194812 s
numbers of trajectories: 4166
time trajectory calculation: 2.85022 s
task: 18
worker id: 45902
time create lcl and mol: 0.002033 s
numbers of trajectories: 4166
time trajectory calculation: 3.4972 s
task: 19
worker id: 61567
time create lcl and mol: 0.0022831 s
numbers of trajectories: 4166
time trajectory calculation: 3.89313 s
task: 20
worker id: 75704
time create lcl and mol: 0.00221086 s
numbers of trajectories: 4166
time trajectory calculation: 5.55086 s
task: 21
worker id: 10241
time create lcl and mol: 0.00200701 s
numbers of trajectories: 4166
time trajectory calculation: 3.53859 s
task: 22
worker id: 10241
time create lcl and mol: 0.00222707 s
numbers of trajectories: 4166
time trajectory calculation: 3.70405 s
task: 23
worker id: 61567
time create lcl and mol: 0.00207305 s
numbers of trajectories: 4166
time trajectory calculation: 3.89653 s
CCS time: 12.785 s
*********************************************************
average value of CCS = 11370.3 Ang^2
error value of CCS = 73.9111 Ang^2
Total time: 12.8311 s
Program finished...
*********************************************************
INPUT:: Simulation Parameters 
*********************************************************
target filename                  : 10_4avt_carga_31_min.xyz
number of probe                  : 10000
number of iterarions             : 10
number of tasks                  : 24
number of threads                : 24
seed number                      : 2104
gas buffer                       : He
Target Temperature (K)           : 298
timestep (fs)                    : 10
Skin cell size (Ang)             : 0.01
Equipotential                    : no
Cut short-range interaction      : yes
LJ cutoff (Ang)                  : 12
Apply long-range interaction     : yes
Cut long-range interaction       : yes
Coulomb cutoff (Ang)             : 25
Apply induced-dipole interaction : yes
alpha (Ang^3)                    : 0.204956
force_type: 4
*********************************************************
Force Field parameters: 
*********************************************************
Symbol  mass (amu)  epislon (kcal/mol)  sigma(Angstroms) 
C   12.011   0.0309   3.043
N   14.007   0.0309   3.043
H   1.008   0.015   2.38
O   15.999   0.0309   3.043
S   32.06   0.0311   3.5
*********************************************************
MOLECULE:: orientation around the inertia principal axis 
*********************************************************
Inertia matrix a.u. Ang^2: 
{  2.29035e+08  -1.13344e+07  8.2053e+06  }
{  -1.13344e+07  2.50171e+08  -1.78791e+07  }
{  8.2053e+06  -1.78791e+07  2.38415e+08  }
Rotation matrix applied to molecule: 
{  0.337034  -0.762644  0.552071  }
{  0.941493  0.272859  -0.197838  }
{  0.000241967  0.586449  0.809986  }
Molecule radius: 60.1159 Ang 
orientation time of molecule target: 0.0320461 s
target mass: 232455 amu
gas mass: 4.0026 amu
reduce mass: 4.00253 amu
charge state: 31 e
*********************************************************
Geometric Ellipsoid: 
*********************************************************
maximal distances: 40.6569  53.3921  53.9199  Ang
Initial axis length: 90.6669  103.402  103.93  Ang
Ellipsoid axis length: 100.197  112.932  113.46  Ang
ellipsoid calculation time: 0.000255108 s
maximal impact parameter: 113.46 Ang
*********************************************************
Linked-cell: 
Numbers of cells: 6137
Nx: 17 Ny: 19 Nz: 19
Filled cells: 391
Empty cells: 5746
Average atoms per cell: 83.821
Maximum atoms per cell: 216
Minimum atoms per cell: 1
Simulation box: 
lx: 204.17 Ang
ly: 228.19 Ang
lz: 228.19 Ang
linked-cell calculation time: 0.0091269 s
time info: 0.001086 s
*********************************************************
Trajectory calculations 
*********************************************************
out target time: 13.3439 s
Ntraj: 10000
Nfree: 838
Nscatter: 9137
Nlost: 25
omega: 11078.5
Ntraj: 10000
Nfree: 786
Nscatter: 9191
Nlost: 23
omega: 11249.8
Ntraj: 10000
Nfree: 820
Nscatter: 9146
Nlost: 34
omega: 11245.7
Ntraj: 10000
Nfree: 801
Nscatter: 9173
Nlost: 26
omega: 11694.4
Ntraj: 10000
Nfree: 805
Nscatter: 9169
Nlost: 26
omega: 11291.2
Ntraj: 10000
Nfree: 828
Nscatter: 9153
Nlost: 19
omega: 11427
Ntraj: 10000
Nfree: 808
Nscatter: 9170
Nlost: 22
omega: 11277.6
Ntraj: 10000
Nfree: 776
Nscatter: 9211
Nlost: 13
omega: 11054
Ntraj: 10000
Nfree: 849
Nscatter: 9117
Nlost: 34
omega: 11704.3
Ntraj: 10000
Nfree: 851
Nscatter: 9122
Nlost: 27
omega: 11680.8
*********************************************************
task: 0
worker id: 13640
time create lcl and mol: 0.00201583 s
numbers of trajectories: 4167
time trajectory calculation: 3.4954 s
task: 1
worker id: 10952
time create lcl and mol: 0.00214911 s
numbers of trajectories: 4167
time trajectory calculation: 4.63497 s
task: 2
worker id: 62283
time create lcl and mol: 0.00206518 s
numbers of trajectories: 4167
time trajectory calculation: 3.26097 s
task: 3
worker id: 79956
time create lcl and mol: 0.00209999 s
numbers of trajectories: 4167
time trajectory calculation: 3.73281 s
task: 4
worker id: 76431
time create lcl and mol: 0.00207901 s
numbers of trajectories: 4167
time trajectory calculation: 4.56661 s
task: 5
worker id: 46615
time create lcl and mol: 0.00208902 s
numbers of trajectories: 4167
time trajectory calculation: 4.40485 s
task: 6
worker id: 26216
time create lcl and mol: 0.00204182 s
numbers of trajectories: 4167
time trajectory calculation: 2.98074 s
task: 7
worker id: 26216
time create lcl and mol: 0.00207186 s
numbers of trajectories: 4167
time trajectory calculation: 3.35951 s
task: 8
worker id: 21499
time create lcl and mol: 0.00219202 s
numbers of trajectories: 4167
time trajectory calculation: 3.24488 s
task: 9
worker id: 13640
time create lcl and mol: 0.00216913 s
numbers of trajectories: 4167
time trajectory calculation: 3.54019 s
task: 10
worker id: 21499
time create lcl and mol: 0.00212598 s
numbers of trajectories: 4167
time trajectory calculation: 3.22313 s
task: 11
worker id: 21499
time create lcl and mol: 0.00211096 s
numbers of trajectories: 4167
time trajectory calculation: 4.76923 s
task: 12
worker id: 46615
time create lcl and mol: 0.00212002 s
numbers of trajectories: 4167
time trajectory calculation: 3.15269 s
task: 13
worker id: 76431
time create lcl and mol: 0.0022192 s
numbers of trajectories: 4167
time trajectory calculation: 3.80621 s
task: 14
worker id: 76431
time create lcl and mol: 0.00253987 s
numbers of trajectories: 4167
time trajectory calculation: 3.50772 s
task: 15
worker id: 62283
time create lcl and mol: 0.00216508 s
numbers of trajectories: 4167
time trajectory calculation: 2.92247 s
task: 16
worker id: 62283
time create lcl and mol: 0.0021019 s
numbers of trajectories: 4166
time trajectory calculation: 3.12438 s
task: 17
worker id: 10952
time create lcl and mol: 0.00220895 s
numbers of trajectories: 4166
time trajectory calculation: 2.98354 s
task: 18
worker id: 26216
time create lcl and mol: 0.0021379 s
numbers of trajectories: 4166
time trajectory calculation: 3.53051 s
task: 19
worker id: 62283
time create lcl and mol: 0.00205183 s
numbers of trajectories: 4166
time trajectory calculation: 3.93829 s
task: 20
worker id: 79956
time create lcl and mol: 0.00218201 s
numbers of trajectories: 4166
time trajectory calculation: 5.65264 s
task: 21
worker id: 10952
time create lcl and mol: 0.00205994 s
numbers of trajectories: 4166
time trajectory calculation: 3.5339 s
task: 22
worker id: 13640
time create lcl and mol: 0.00230002 s
numbers of trajectories: 4166
time trajectory calculation: 3.74625 s
task: 23
worker id: 46615
time create lcl and mol: 0.00217485 s
numbers of trajectories: 4166
time trajectory calculation: 3.90875 s
CCS time: 13.3526 s
*********************************************************
average value of CCS = 11370.3 Ang^2
error value of CCS = 73.9111 Ang^2
Total time: 13.3993 s
Program finished...
