*********************************************************
INPUT:: Simulation Parameters 
*********************************************************
target filename                  : 01_1hrc_carga_6_min.xyz
number of probe                  : 10000
number of iterarions             : 10
number of tasks                  : 28
number of threads                : 24
seed number                      : 2104
gas buffer                       : He
Target Temperature (K)           : 298
timestep (fs)                    : 10
Skin cell size (Ang)             : 0.01
Equipotential                    : no
Cut short-range interaction      : yes
LJ cutoff (Ang)                  : 12
Apply long-range interaction     : yes
Cut long-range interaction       : yes
Coulomb cutoff (Ang)             : 25
Apply induced-dipole interaction : yes
alpha (Ang^3)                    : 0.204956
force_type: 4
*********************************************************
Force Field parameters: 
*********************************************************
Symbol  mass (amu)  epislon (kcal/mol)  sigma(Angstroms) 
C   12.011   0.0309   3.043
N   14.007   0.0309   3.043
H   1.008   0.015   2.38
O   15.999   0.0309   3.043
S   32.06   0.0311   3.5
*********************************************************
MOLECULE:: orientation around the inertia principal axis 
*********************************************************
Inertia matrix a.u. Ang^2: 
{  1.21937e+06  -9076.06  88353.3  }
{  -9076.06  1.41794e+06  -125113  }
{  88353.3  -125113  1.12332e+06  }
Rotation matrix applied to molecule: 
{  0.163703  -0.914018  0.371178  }
{  -0.414928  0.27756  0.866485  }
{  -0.895006  -0.295858  -0.333814  }
Molecule radius: 20.4362 Ang 
orientation time of molecule target: 0.002424 s
target mass: 11746.6 amu
gas mass: 4.0026 amu
reduce mass: 4.00124 amu
charge state: 5.6627 e
*********************************************************
Geometric Ellipsoid: 
*********************************************************
maximal distances: 15.1465  19.5167  20.2827  Ang
Initial axis length: 65.1565  69.5267  70.2927  Ang
Ellipsoid axis length: 67.3365  71.7067  72.4727  Ang
ellipsoid calculation time: 3.91006e-05 s
maximal impact parameter: 72.4727 Ang
*********************************************************
Linked-cell: 
Numbers of cells: 1872
Nx: 12 Ny: 12 Nz: 13
Filled cells: 38
Empty cells: 1834
Average atoms per cell: 43.9737
Maximum atoms per cell: 172
Minimum atoms per cell: 1
Simulation box: 
lx: 144.12 Ang
ly: 144.12 Ang
lz: 156.13 Ang
linked-cell calculation time: 0.00196505 s
time info: 9.20296e-05 s
*********************************************************
Trajectory calculations 
*********************************************************
out target time: 1.10127 s
Ntraj: 10000
Nfree: 556
Nscatter: 9444
Nlost: 0
omega: 1182.94
Ntraj: 10000
Nfree: 544
Nscatter: 9456
Nlost: 0
omega: 1308.09
Ntraj: 10000
Nfree: 547
Nscatter: 9452
Nlost: 1
omega: 1154.98
Ntraj: 10000
Nfree: 528
Nscatter: 9471
Nlost: 1
omega: 1443.17
Ntraj: 10000
Nfree: 542
Nscatter: 9456
Nlost: 2
omega: 1382.36
Ntraj: 10000
Nfree: 548
Nscatter: 9451
Nlost: 1
omega: 1300.68
Ntraj: 10000
Nfree: 534
Nscatter: 9465
Nlost: 1
omega: 1276.24
Ntraj: 10000
Nfree: 530
Nscatter: 9470
Nlost: 0
omega: 1325.95
Ntraj: 10000
Nfree: 559
Nscatter: 9440
Nlost: 1
omega: 1363.19
Ntraj: 10000
Nfree: 570
Nscatter: 9430
Nlost: 0
omega: 1338.01
*********************************************************
task: 0
worker id: 88380
time create lcl and mol: 0.000445843 s
numbers of trajectories: 3572
time trajectory calculation: 0.156796 s
task: 1
worker id: 88423
time create lcl and mol: 0.000464201 s
numbers of trajectories: 3572
time trajectory calculation: 0.166924 s
task: 2
worker id: 30053
time create lcl and mol: 0.000678062 s
numbers of trajectories: 3572
time trajectory calculation: 0.174844 s
task: 3
worker id: 22136
time create lcl and mol: 0.000522137 s
numbers of trajectories: 3572
time trajectory calculation: 0.158336 s
task: 4
worker id: 19495
time create lcl and mol: 0.000478029 s
numbers of trajectories: 3572
time trajectory calculation: 0.196239 s
task: 5
worker id: 22136
time create lcl and mol: 0.000511885 s
numbers of trajectories: 3572
time trajectory calculation: 0.172581 s
task: 6
worker id: 34711
time create lcl and mol: 0.000437975 s
numbers of trajectories: 3572
time trajectory calculation: 0.171703 s
task: 7
worker id: 88423
time create lcl and mol: 0.000504017 s
numbers of trajectories: 3572
time trajectory calculation: 0.344463 s
task: 8
worker id: 88380
time create lcl and mol: 0.000485897 s
numbers of trajectories: 3572
time trajectory calculation: 0.426627 s
task: 9
worker id: 70775
time create lcl and mol: 0.000467777 s
numbers of trajectories: 3572
time trajectory calculation: 0.165398 s
task: 10
worker id: 55173
time create lcl and mol: 0.000479221 s
numbers of trajectories: 3572
time trajectory calculation: 0.171867 s
task: 11
worker id: 19495
time create lcl and mol: 0.000498056 s
numbers of trajectories: 3572
time trajectory calculation: 0.162457 s
task: 12
worker id: 34711
time create lcl and mol: 0.000496864 s
numbers of trajectories: 3571
time trajectory calculation: 0.168785 s
task: 13
worker id: 88423
time create lcl and mol: 0.000521898 s
numbers of trajectories: 3571
time trajectory calculation: 0.332169 s
task: 14
worker id: 19495
time create lcl and mol: 0.000494003 s
numbers of trajectories: 3571
time trajectory calculation: 0.171872 s
task: 15
worker id: 70775
time create lcl and mol: 0.000496864 s
numbers of trajectories: 3571
time trajectory calculation: 0.304088 s
task: 16
worker id: 55173
time create lcl and mol: 0.000497103 s
numbers of trajectories: 3571
time trajectory calculation: 0.165112 s
task: 17
worker id: 55173
time create lcl and mol: 0.000490904 s
numbers of trajectories: 3571
time trajectory calculation: 0.414251 s
task: 18
worker id: 70775
time create lcl and mol: 0.000494957 s
numbers of trajectories: 3571
time trajectory calculation: 0.155144 s
task: 19
worker id: 22136
time create lcl and mol: 0.000511169 s
numbers of trajectories: 3571
time trajectory calculation: 0.151 s
task: 20
worker id: 70775
time create lcl and mol: 0.000484943 s
numbers of trajectories: 3571
time trajectory calculation: 0.144901 s
task: 21
worker id: 30053
time create lcl and mol: 0.000533104 s
numbers of trajectories: 3571
time trajectory calculation: 0.167884 s
task: 22
worker id: 34711
time create lcl and mol: 0.00050807 s
numbers of trajectories: 3571
time trajectory calculation: 0.167795 s
task: 23
worker id: 22136
time create lcl and mol: 0.000495195 s
numbers of trajectories: 3571
time trajectory calculation: 0.158785 s
task: 24
worker id: 30053
time create lcl and mol: 0.000533104 s
numbers of trajectories: 3571
time trajectory calculation: 0.504128 s
task: 25
worker id: 34711
time create lcl and mol: 0.00048399 s
numbers of trajectories: 3571
time trajectory calculation: 0.159222 s
task: 26
worker id: 30053
time create lcl and mol: 0.000542164 s
numbers of trajectories: 3571
time trajectory calculation: 0.165009 s
task: 27
worker id: 55173
time create lcl and mol: 0.000478983 s
numbers of trajectories: 3571
time trajectory calculation: 0.167575 s
CCS time: 1.10934 s
*********************************************************
average value of CCS = 1307.56 Ang^2
error value of CCS = 26.1122 Ang^2
Total time: 1.119 s
Program finished...
*********************************************************
INPUT:: Simulation Parameters 
*********************************************************
target filename                  : 01_1hrc_carga_6_min.xyz
number of probe                  : 10000
number of iterarions             : 10
number of tasks                  : 28
number of threads                : 24
seed number                      : 2104
gas buffer                       : He
Target Temperature (K)           : 298
timestep (fs)                    : 10
Skin cell size (Ang)             : 0.01
Equipotential                    : no
Cut short-range interaction      : yes
LJ cutoff (Ang)                  : 12
Apply long-range interaction     : yes
Cut long-range interaction       : yes
Coulomb cutoff (Ang)             : 25
Apply induced-dipole interaction : yes
alpha (Ang^3)                    : 0.204956
force_type: 4
*********************************************************
Force Field parameters: 
*********************************************************
Symbol  mass (amu)  epislon (kcal/mol)  sigma(Angstroms) 
C   12.011   0.0309   3.043
N   14.007   0.0309   3.043
H   1.008   0.015   2.38
O   15.999   0.0309   3.043
S   32.06   0.0311   3.5
*********************************************************
MOLECULE:: orientation around the inertia principal axis 
*********************************************************
Inertia matrix a.u. Ang^2: 
{  1.21937e+06  -9076.06  88353.3  }
{  -9076.06  1.41794e+06  -125113  }
{  88353.3  -125113  1.12332e+06  }
Rotation matrix applied to molecule: 
{  0.163703  -0.914018  0.371178  }
{  -0.414928  0.27756  0.866485  }
{  -0.895006  -0.295858  -0.333814  }
Molecule radius: 20.4362 Ang 
orientation time of molecule target: 0.00240397 s
target mass: 11746.6 amu
gas mass: 4.0026 amu
reduce mass: 4.00124 amu
charge state: 5.6627 e
*********************************************************
Geometric Ellipsoid: 
*********************************************************
maximal distances: 15.1465  19.5167  20.2827  Ang
Initial axis length: 65.1565  69.5267  70.2927  Ang
Ellipsoid axis length: 67.3365  71.7067  72.4727  Ang
ellipsoid calculation time: 4.00543e-05 s
maximal impact parameter: 72.4727 Ang
*********************************************************
Linked-cell: 
Numbers of cells: 1872
Nx: 12 Ny: 12 Nz: 13
Filled cells: 38
Empty cells: 1834
Average atoms per cell: 43.9737
Maximum atoms per cell: 172
Minimum atoms per cell: 1
Simulation box: 
lx: 144.12 Ang
ly: 144.12 Ang
lz: 156.13 Ang
linked-cell calculation time: 0.00204802 s
time info: 9.29832e-05 s
*********************************************************
Trajectory calculations 
*********************************************************
out target time: 1.06637 s
Ntraj: 10000
Nfree: 556
Nscatter: 9444
Nlost: 0
omega: 1182.94
Ntraj: 10000
Nfree: 544
Nscatter: 9456
Nlost: 0
omega: 1308.09
Ntraj: 10000
Nfree: 547
Nscatter: 9452
Nlost: 1
omega: 1154.98
Ntraj: 10000
Nfree: 528
Nscatter: 9471
Nlost: 1
omega: 1443.17
Ntraj: 10000
Nfree: 542
Nscatter: 9456
Nlost: 2
omega: 1382.36
Ntraj: 10000
Nfree: 548
Nscatter: 9451
Nlost: 1
omega: 1300.68
Ntraj: 10000
Nfree: 534
Nscatter: 9465
Nlost: 1
omega: 1276.24
Ntraj: 10000
Nfree: 530
Nscatter: 9470
Nlost: 0
omega: 1325.95
Ntraj: 10000
Nfree: 559
Nscatter: 9440
Nlost: 1
omega: 1363.19
Ntraj: 10000
Nfree: 570
Nscatter: 9430
Nlost: 0
omega: 1338.01
*********************************************************
task: 0
worker id: 88522
time create lcl and mol: 0.000452995 s
numbers of trajectories: 3572
time trajectory calculation: 0.166583 s
task: 1
worker id: 88522
time create lcl and mol: 0.000553131 s
numbers of trajectories: 3572
time trajectory calculation: 0.162257 s
task: 2
worker id: 19596
time create lcl and mol: 0.000476122 s
numbers of trajectories: 3572
time trajectory calculation: 0.169191 s
task: 3
worker id: 30152
time create lcl and mol: 0.00047183 s
numbers of trajectories: 3572
time trajectory calculation: 0.166224 s
task: 4
worker id: 34810
time create lcl and mol: 0.000473976 s
numbers of trajectories: 3572
time trajectory calculation: 0.206747 s
task: 5
worker id: 22237
time create lcl and mol: 0.000463009 s
numbers of trajectories: 3572
time trajectory calculation: 0.178947 s
task: 6
worker id: 70873
time create lcl and mol: 0.000525951 s
numbers of trajectories: 3572
time trajectory calculation: 0.165376 s
task: 7
worker id: 70873
time create lcl and mol: 0.000473976 s
numbers of trajectories: 3572
time trajectory calculation: 0.347848 s
task: 8
worker id: 88492
time create lcl and mol: 0.000473976 s
numbers of trajectories: 3572
time trajectory calculation: 0.431985 s
task: 9
worker id: 55271
time create lcl and mol: 0.00047183 s
numbers of trajectories: 3572
time trajectory calculation: 0.172571 s
task: 10
worker id: 30152
time create lcl and mol: 0.000533104 s
numbers of trajectories: 3572
time trajectory calculation: 0.168453 s
task: 11
worker id: 19596
time create lcl and mol: 0.000526905 s
numbers of trajectories: 3572
time trajectory calculation: 0.15788 s
task: 12
worker id: 88522
time create lcl and mol: 0.0005548 s
numbers of trajectories: 3571
time trajectory calculation: 0.182487 s
task: 13
worker id: 88492
time create lcl and mol: 0.000468016 s
numbers of trajectories: 3571
time trajectory calculation: 0.310624 s
task: 14
worker id: 30152
time create lcl and mol: 0.000512838 s
numbers of trajectories: 3571
time trajectory calculation: 0.16754 s
task: 15
worker id: 34810
time create lcl and mol: 0.000466108 s
numbers of trajectories: 3571
time trajectory calculation: 0.309926 s
task: 16
worker id: 22237
time create lcl and mol: 0.000519037 s
numbers of trajectories: 3571
time trajectory calculation: 0.169881 s
task: 17
worker id: 34810
time create lcl and mol: 0.000516891 s
numbers of trajectories: 3571
time trajectory calculation: 0.430309 s
task: 18
worker id: 19596
time create lcl and mol: 0.000534058 s
numbers of trajectories: 3571
time trajectory calculation: 0.160774 s
task: 19
worker id: 22237
time create lcl and mol: 0.000516176 s
numbers of trajectories: 3571
time trajectory calculation: 0.148902 s
task: 20
worker id: 19596
time create lcl and mol: 0.000524998 s
numbers of trajectories: 3571
time trajectory calculation: 0.149383 s
task: 21
worker id: 19596
time create lcl and mol: 0.000527143 s
numbers of trajectories: 3571
time trajectory calculation: 0.162605 s
task: 22
worker id: 22237
time create lcl and mol: 0.000545979 s
numbers of trajectories: 3571
time trajectory calculation: 0.174703 s
task: 23
worker id: 55271
time create lcl and mol: 0.000540972 s
numbers of trajectories: 3571
time trajectory calculation: 0.163816 s
task: 24
worker id: 55271
time create lcl and mol: 0.000548124 s
numbers of trajectories: 3571
time trajectory calculation: 0.491733 s
task: 25
worker id: 70873
time create lcl and mol: 0.000495195 s
numbers of trajectories: 3571
time trajectory calculation: 0.161541 s
task: 26
worker id: 88522
time create lcl and mol: 0.000552893 s
numbers of trajectories: 3571
time trajectory calculation: 0.169676 s
task: 27
worker id: 30152
time create lcl and mol: 0.000524044 s
numbers of trajectories: 3571
time trajectory calculation: 0.171653 s
CCS time: 1.07446 s
*********************************************************
average value of CCS = 1307.56 Ang^2
error value of CCS = 26.1122 Ang^2
Total time: 1.08351 s
Program finished...
*********************************************************
INPUT:: Simulation Parameters 
*********************************************************
target filename                  : 01_1hrc_carga_6_min.xyz
number of probe                  : 10000
number of iterarions             : 10
number of tasks                  : 28
number of threads                : 24
seed number                      : 2104
gas buffer                       : He
Target Temperature (K)           : 298
timestep (fs)                    : 10
Skin cell size (Ang)             : 0.01
Equipotential                    : no
Cut short-range interaction      : yes
LJ cutoff (Ang)                  : 12
Apply long-range interaction     : yes
Cut long-range interaction       : yes
Coulomb cutoff (Ang)             : 25
Apply induced-dipole interaction : yes
alpha (Ang^3)                    : 0.204956
force_type: 4
*********************************************************
Force Field parameters: 
*********************************************************
Symbol  mass (amu)  epislon (kcal/mol)  sigma(Angstroms) 
C   12.011   0.0309   3.043
N   14.007   0.0309   3.043
H   1.008   0.015   2.38
O   15.999   0.0309   3.043
S   32.06   0.0311   3.5
*********************************************************
MOLECULE:: orientation around the inertia principal axis 
*********************************************************
Inertia matrix a.u. Ang^2: 
{  1.21937e+06  -9076.06  88353.3  }
{  -9076.06  1.41794e+06  -125113  }
{  88353.3  -125113  1.12332e+06  }
Rotation matrix applied to molecule: 
{  0.163703  -0.914018  0.371178  }
{  -0.414928  0.27756  0.866485  }
{  -0.895006  -0.295858  -0.333814  }
Molecule radius: 20.4362 Ang 
orientation time of molecule target: 0.00232887 s
target mass: 11746.6 amu
gas mass: 4.0026 amu
reduce mass: 4.00124 amu
charge state: 5.6627 e
*********************************************************
Geometric Ellipsoid: 
*********************************************************
maximal distances: 15.1465  19.5167  20.2827  Ang
Initial axis length: 65.1565  69.5267  70.2927  Ang
Ellipsoid axis length: 67.3365  71.7067  72.4727  Ang
ellipsoid calculation time: 5.29289e-05 s
maximal impact parameter: 72.4727 Ang
*********************************************************
Linked-cell: 
Numbers of cells: 1872
Nx: 12 Ny: 12 Nz: 13
Filled cells: 38
Empty cells: 1834
Average atoms per cell: 43.9737
Maximum atoms per cell: 172
Minimum atoms per cell: 1
Simulation box: 
lx: 144.12 Ang
ly: 144.12 Ang
lz: 156.13 Ang
linked-cell calculation time: 0.00203896 s
time info: 9.67979e-05 s
*********************************************************
Trajectory calculations 
*********************************************************
out target time: 0.956547 s
Ntraj: 10000
Nfree: 556
Nscatter: 9444
Nlost: 0
omega: 1182.94
Ntraj: 10000
Nfree: 544
Nscatter: 9456
Nlost: 0
omega: 1308.09
Ntraj: 10000
Nfree: 547
Nscatter: 9452
Nlost: 1
omega: 1154.98
Ntraj: 10000
Nfree: 528
Nscatter: 9471
Nlost: 1
omega: 1443.17
Ntraj: 10000
Nfree: 542
Nscatter: 9456
Nlost: 2
omega: 1382.36
Ntraj: 10000
Nfree: 548
Nscatter: 9451
Nlost: 1
omega: 1300.68
Ntraj: 10000
Nfree: 534
Nscatter: 9465
Nlost: 1
omega: 1276.24
Ntraj: 10000
Nfree: 530
Nscatter: 9470
Nlost: 0
omega: 1325.95
Ntraj: 10000
Nfree: 559
Nscatter: 9440
Nlost: 1
omega: 1363.19
Ntraj: 10000
Nfree: 570
Nscatter: 9430
Nlost: 0
omega: 1338.01
*********************************************************
task: 0
worker id: 30271
time create lcl and mol: 0.000499964 s
numbers of trajectories: 3572
time trajectory calculation: 0.148899 s
task: 1
worker id: 30271
time create lcl and mol: 0.00047493 s
numbers of trajectories: 3572
time trajectory calculation: 0.168027 s
task: 2
worker id: 34926
time create lcl and mol: 0.000463963 s
numbers of trajectories: 3572
time trajectory calculation: 0.166675 s
task: 3
worker id: 22352
time create lcl and mol: 0.000633001 s
numbers of trajectories: 3572
time trajectory calculation: 0.161574 s
task: 4
worker id: 55385
time create lcl and mol: 0.000531912 s
numbers of trajectories: 3572
time trajectory calculation: 0.208334 s
task: 5
worker id: 19712
time create lcl and mol: 0.000488997 s
numbers of trajectories: 3572
time trajectory calculation: 0.176145 s
task: 6
worker id: 88624
time create lcl and mol: 0.000471115 s
numbers of trajectories: 3572
time trajectory calculation: 0.174081 s
task: 7
worker id: 70989
time create lcl and mol: 0.000470161 s
numbers of trajectories: 3572
time trajectory calculation: 0.361498 s
task: 8
worker id: 88639
time create lcl and mol: 0.000454903 s
numbers of trajectories: 3572
time trajectory calculation: 0.40729 s
task: 9
worker id: 88624
time create lcl and mol: 0.000513077 s
numbers of trajectories: 3572
time trajectory calculation: 0.15613 s
task: 10
worker id: 19712
time create lcl and mol: 0.000516176 s
numbers of trajectories: 3572
time trajectory calculation: 0.167645 s
task: 11
worker id: 34926
time create lcl and mol: 0.000500917 s
numbers of trajectories: 3572
time trajectory calculation: 0.162014 s
task: 12
worker id: 55385
time create lcl and mol: 0.000518799 s
numbers of trajectories: 3571
time trajectory calculation: 0.171059 s
task: 13
worker id: 19712
time create lcl and mol: 0.000519991 s
numbers of trajectories: 3571
time trajectory calculation: 0.329592 s
task: 14
worker id: 22352
time create lcl and mol: 0.000494957 s
numbers of trajectories: 3571
time trajectory calculation: 0.165791 s
task: 15
worker id: 22352
time create lcl and mol: 0.000488043 s
numbers of trajectories: 3571
time trajectory calculation: 0.298345 s
task: 16
worker id: 55385
time create lcl and mol: 0.000513077 s
numbers of trajectories: 3571
time trajectory calculation: 0.160511 s
task: 17
worker id: 88624
time create lcl and mol: 0.000526905 s
numbers of trajectories: 3571
time trajectory calculation: 0.433501 s
task: 18
worker id: 30271
time create lcl and mol: 0.000494957 s
numbers of trajectories: 3571
time trajectory calculation: 0.1571 s
task: 19
worker id: 30271
time create lcl and mol: 0.00049901 s
numbers of trajectories: 3571
time trajectory calculation: 0.146041 s
task: 20
worker id: 22352
time create lcl and mol: 0.000494957 s
numbers of trajectories: 3571
time trajectory calculation: 0.147437 s
task: 21
worker id: 70989
time create lcl and mol: 0.000491142 s
numbers of trajectories: 3571
time trajectory calculation: 0.158716 s
task: 22
worker id: 70989
time create lcl and mol: 0.00049901 s
numbers of trajectories: 3571
time trajectory calculation: 0.171077 s
task: 23
worker id: 34926
time create lcl and mol: 0.000487089 s
numbers of trajectories: 3571
time trajectory calculation: 0.161903 s
task: 24
worker id: 88639
time create lcl and mol: 0.000593185 s
numbers of trajectories: 3571
time trajectory calculation: 0.489869 s
task: 25
worker id: 55385
time create lcl and mol: 0.000519037 s
numbers of trajectories: 3571
time trajectory calculation: 0.159087 s
task: 26
worker id: 34926
time create lcl and mol: 0.000504017 s
numbers of trajectories: 3571
time trajectory calculation: 0.164141 s
task: 27
worker id: 19712
time create lcl and mol: 0.000522137 s
numbers of trajectories: 3571
time trajectory calculation: 0.171013 s
CCS time: 0.964611 s
*********************************************************
average value of CCS = 1307.56 Ang^2
error value of CCS = 26.1122 Ang^2
Total time: 0.973989 s
Program finished...
*********************************************************
INPUT:: Simulation Parameters 
*********************************************************
target filename                  : 01_1hrc_carga_6_min.xyz
number of probe                  : 10000
number of iterarions             : 10
number of tasks                  : 28
number of threads                : 24
seed number                      : 2104
gas buffer                       : He
Target Temperature (K)           : 298
timestep (fs)                    : 10
Skin cell size (Ang)             : 0.01
Equipotential                    : no
Cut short-range interaction      : yes
LJ cutoff (Ang)                  : 12
Apply long-range interaction     : yes
Cut long-range interaction       : yes
Coulomb cutoff (Ang)             : 25
Apply induced-dipole interaction : yes
alpha (Ang^3)                    : 0.204956
force_type: 4
*********************************************************
Force Field parameters: 
*********************************************************
Symbol  mass (amu)  epislon (kcal/mol)  sigma(Angstroms) 
C   12.011   0.0309   3.043
N   14.007   0.0309   3.043
H   1.008   0.015   2.38
O   15.999   0.0309   3.043
S   32.06   0.0311   3.5
*********************************************************
MOLECULE:: orientation around the inertia principal axis 
*********************************************************
Inertia matrix a.u. Ang^2: 
{  1.21937e+06  -9076.06  88353.3  }
{  -9076.06  1.41794e+06  -125113  }
{  88353.3  -125113  1.12332e+06  }
Rotation matrix applied to molecule: 
{  0.163703  -0.914018  0.371178  }
{  -0.414928  0.27756  0.866485  }
{  -0.895006  -0.295858  -0.333814  }
Molecule radius: 20.4362 Ang 
orientation time of molecule target: 0.00234199 s
target mass: 11746.6 amu
gas mass: 4.0026 amu
reduce mass: 4.00124 amu
charge state: 5.6627 e
*********************************************************
Geometric Ellipsoid: 
*********************************************************
maximal distances: 15.1465  19.5167  20.2827  Ang
Initial axis length: 65.1565  69.5267  70.2927  Ang
Ellipsoid axis length: 67.3365  71.7067  72.4727  Ang
ellipsoid calculation time: 4.69685e-05 s
maximal impact parameter: 72.4727 Ang
*********************************************************
Linked-cell: 
Numbers of cells: 1872
Nx: 12 Ny: 12 Nz: 13
Filled cells: 38
Empty cells: 1834
Average atoms per cell: 43.9737
Maximum atoms per cell: 172
Minimum atoms per cell: 1
Simulation box: 
lx: 144.12 Ang
ly: 144.12 Ang
lz: 156.13 Ang
linked-cell calculation time: 0.00205183 s
time info: 9.10759e-05 s
*********************************************************
Trajectory calculations 
*********************************************************
out target time: 0.942963 s
Ntraj: 10000
Nfree: 556
Nscatter: 9444
Nlost: 0
omega: 1182.94
Ntraj: 10000
Nfree: 544
Nscatter: 9456
Nlost: 0
omega: 1308.09
Ntraj: 10000
Nfree: 547
Nscatter: 9452
Nlost: 1
omega: 1154.98
Ntraj: 10000
Nfree: 528
Nscatter: 9471
Nlost: 1
omega: 1443.17
Ntraj: 10000
Nfree: 542
Nscatter: 9456
Nlost: 2
omega: 1382.36
Ntraj: 10000
Nfree: 548
Nscatter: 9451
Nlost: 1
omega: 1300.68
Ntraj: 10000
Nfree: 534
Nscatter: 9465
Nlost: 1
omega: 1276.24
Ntraj: 10000
Nfree: 530
Nscatter: 9470
Nlost: 0
omega: 1325.95
Ntraj: 10000
Nfree: 559
Nscatter: 9440
Nlost: 1
omega: 1363.19
Ntraj: 10000
Nfree: 570
Nscatter: 9430
Nlost: 0
omega: 1338.01
*********************************************************
task: 0
worker id: 35012
time create lcl and mol: 0.000504017 s
numbers of trajectories: 3572
time trajectory calculation: 0.160419 s
task: 1
worker id: 71074
time create lcl and mol: 0.000458002 s
numbers of trajectories: 3572
time trajectory calculation: 0.162067 s
task: 2
worker id: 88722
time create lcl and mol: 0.000489235 s
numbers of trajectories: 3572
time trajectory calculation: 0.171404 s
task: 3
worker id: 22439
time create lcl and mol: 0.000454187 s
numbers of trajectories: 3572
time trajectory calculation: 0.157928 s
task: 4
worker id: 19799
time create lcl and mol: 0.000593901 s
numbers of trajectories: 3572
time trajectory calculation: 0.217439 s
task: 5
worker id: 88726
time create lcl and mol: 0.000488043 s
numbers of trajectories: 3572
time trajectory calculation: 0.177212 s
task: 6
worker id: 55471
time create lcl and mol: 0.000437021 s
numbers of trajectories: 3572
time trajectory calculation: 0.176379 s
task: 7
worker id: 30358
time create lcl and mol: 0.00049305 s
numbers of trajectories: 3572
time trajectory calculation: 0.333728 s
task: 8
worker id: 55471
time create lcl and mol: 0.000513077 s
numbers of trajectories: 3572
time trajectory calculation: 0.395042 s
task: 9
worker id: 88726
time create lcl and mol: 0.000548124 s
numbers of trajectories: 3572
time trajectory calculation: 0.167898 s
task: 10
worker id: 22439
time create lcl and mol: 0.000531912 s
numbers of trajectories: 3572
time trajectory calculation: 0.167733 s
task: 11
worker id: 88722
time create lcl and mol: 0.000510216 s
numbers of trajectories: 3572
time trajectory calculation: 0.159832 s
task: 12
worker id: 19799
time create lcl and mol: 0.000547171 s
numbers of trajectories: 3571
time trajectory calculation: 0.183528 s
task: 13
worker id: 30358
time create lcl and mol: 0.000561953 s
numbers of trajectories: 3571
time trajectory calculation: 0.348884 s
task: 14
worker id: 22439
time create lcl and mol: 0.000539064 s
numbers of trajectories: 3571
time trajectory calculation: 0.16714 s
task: 15
worker id: 55471
time create lcl and mol: 0.00056386 s
numbers of trajectories: 3571
time trajectory calculation: 0.278932 s
task: 16
worker id: 88726
time create lcl and mol: 0.000561953 s
numbers of trajectories: 3571
time trajectory calculation: 0.180252 s
task: 17
worker id: 88722
time create lcl and mol: 0.000550985 s
numbers of trajectories: 3571
time trajectory calculation: 0.437948 s
task: 18
worker id: 19799
time create lcl and mol: 0.000548124 s
numbers of trajectories: 3571
time trajectory calculation: 0.16499 s
task: 19
worker id: 35012
time create lcl and mol: 0.000524998 s
numbers of trajectories: 3571
time trajectory calculation: 0.149141 s
task: 20
worker id: 71074
time create lcl and mol: 0.000495911 s
numbers of trajectories: 3571
time trajectory calculation: 0.143606 s
task: 21
worker id: 35012
time create lcl and mol: 0.000535965 s
numbers of trajectories: 3571
time trajectory calculation: 0.158308 s
task: 22
worker id: 88726
time create lcl and mol: 0.000547171 s
numbers of trajectories: 3571
time trajectory calculation: 0.179957 s
task: 23
worker id: 19799
time create lcl and mol: 0.000555038 s
numbers of trajectories: 3571
time trajectory calculation: 0.166699 s
task: 24
worker id: 71074
time create lcl and mol: 0.000496864 s
numbers of trajectories: 3571
time trajectory calculation: 0.494661 s
task: 25
worker id: 35012
time create lcl and mol: 0.000501871 s
numbers of trajectories: 3571
time trajectory calculation: 0.161119 s
task: 26
worker id: 35012
time create lcl and mol: 0.000520945 s
numbers of trajectories: 3571
time trajectory calculation: 0.163525 s
task: 27
worker id: 22439
time create lcl and mol: 0.000525951 s
numbers of trajectories: 3571
time trajectory calculation: 0.170916 s
CCS time: 0.951092 s
*********************************************************
average value of CCS = 1307.56 Ang^2
error value of CCS = 26.1122 Ang^2
Total time: 0.960487 s
Program finished...
*********************************************************
INPUT:: Simulation Parameters 
*********************************************************
target filename                  : 01_1hrc_carga_6_min.xyz
number of probe                  : 10000
number of iterarions             : 10
number of tasks                  : 28
number of threads                : 24
seed number                      : 2104
gas buffer                       : He
Target Temperature (K)           : 298
timestep (fs)                    : 10
Skin cell size (Ang)             : 0.01
Equipotential                    : no
Cut short-range interaction      : yes
LJ cutoff (Ang)                  : 12
Apply long-range interaction     : yes
Cut long-range interaction       : yes
Coulomb cutoff (Ang)             : 25
Apply induced-dipole interaction : yes
alpha (Ang^3)                    : 0.204956
force_type: 4
*********************************************************
Force Field parameters: 
*********************************************************
Symbol  mass (amu)  epislon (kcal/mol)  sigma(Angstroms) 
C   12.011   0.0309   3.043
N   14.007   0.0309   3.043
H   1.008   0.015   2.38
O   15.999   0.0309   3.043
S   32.06   0.0311   3.5
*********************************************************
MOLECULE:: orientation around the inertia principal axis 
*********************************************************
Inertia matrix a.u. Ang^2: 
{  1.21937e+06  -9076.06  88353.3  }
{  -9076.06  1.41794e+06  -125113  }
{  88353.3  -125113  1.12332e+06  }
Rotation matrix applied to molecule: 
{  0.163703  -0.914018  0.371178  }
{  -0.414928  0.27756  0.866485  }
{  -0.895006  -0.295858  -0.333814  }
Molecule radius: 20.4362 Ang 
orientation time of molecule target: 0.00236011 s
target mass: 11746.6 amu
gas mass: 4.0026 amu
reduce mass: 4.00124 amu
charge state: 5.6627 e
*********************************************************
Geometric Ellipsoid: 
*********************************************************
maximal distances: 15.1465  19.5167  20.2827  Ang
Initial axis length: 65.1565  69.5267  70.2927  Ang
Ellipsoid axis length: 67.3365  71.7067  72.4727  Ang
ellipsoid calculation time: 4.19617e-05 s
maximal impact parameter: 72.4727 Ang
*********************************************************
Linked-cell: 
Numbers of cells: 1872
Nx: 12 Ny: 12 Nz: 13
Filled cells: 38
Empty cells: 1834
Average atoms per cell: 43.9737
Maximum atoms per cell: 172
Minimum atoms per cell: 1
Simulation box: 
lx: 144.12 Ang
ly: 144.12 Ang
lz: 156.13 Ang
linked-cell calculation time: 0.00205112 s
time info: 9.799e-05 s
*********************************************************
Trajectory calculations 
*********************************************************
out target time: 1.12326 s
Ntraj: 10000
Nfree: 556
Nscatter: 9444
Nlost: 0
omega: 1182.94
Ntraj: 10000
Nfree: 544
Nscatter: 9456
Nlost: 0
omega: 1308.09
Ntraj: 10000
Nfree: 547
Nscatter: 9452
Nlost: 1
omega: 1154.98
Ntraj: 10000
Nfree: 528
Nscatter: 9471
Nlost: 1
omega: 1443.17
Ntraj: 10000
Nfree: 542
Nscatter: 9456
Nlost: 2
omega: 1382.36
Ntraj: 10000
Nfree: 548
Nscatter: 9451
Nlost: 1
omega: 1300.68
Ntraj: 10000
Nfree: 534
Nscatter: 9465
Nlost: 1
omega: 1276.24
Ntraj: 10000
Nfree: 530
Nscatter: 9470
Nlost: 0
omega: 1325.95
Ntraj: 10000
Nfree: 559
Nscatter: 9440
Nlost: 1
omega: 1363.19
Ntraj: 10000
Nfree: 570
Nscatter: 9430
Nlost: 0
omega: 1338.01
*********************************************************
task: 0
worker id: 88808
time create lcl and mol: 0.000451088 s
numbers of trajectories: 3572
time trajectory calculation: 0.154064 s
task: 1
worker id: 22526
time create lcl and mol: 0.000475168 s
numbers of trajectories: 3572
time trajectory calculation: 0.166902 s
task: 2
worker id: 88828
time create lcl and mol: 0.000473976 s
numbers of trajectories: 3572
time trajectory calculation: 0.166291 s
task: 3
worker id: 35098
time create lcl and mol: 0.000444174 s
numbers of trajectories: 3572
time trajectory calculation: 0.164003 s
task: 4
worker id: 88828
time create lcl and mol: 0.000520945 s
numbers of trajectories: 3572
time trajectory calculation: 0.228866 s
task: 5
worker id: 55557
time create lcl and mol: 0.000651121 s
numbers of trajectories: 3572
time trajectory calculation: 0.183841 s
task: 6
worker id: 30446
time create lcl and mol: 0.000478983 s
numbers of trajectories: 3572
time trajectory calculation: 0.169876 s
task: 7
worker id: 71162
time create lcl and mol: 0.000597 s
numbers of trajectories: 3572
time trajectory calculation: 0.348594 s
task: 8
worker id: 19887
time create lcl and mol: 0.00051403 s
numbers of trajectories: 3572
time trajectory calculation: 0.433255 s
task: 9
worker id: 55557
time create lcl and mol: 0.000513077 s
numbers of trajectories: 3572
time trajectory calculation: 0.166475 s
task: 10
worker id: 35098
time create lcl and mol: 0.000534058 s
numbers of trajectories: 3572
time trajectory calculation: 0.169067 s
task: 11
worker id: 55557
time create lcl and mol: 0.000590086 s
numbers of trajectories: 3572
time trajectory calculation: 0.183323 s
task: 12
worker id: 22526
time create lcl and mol: 0.00051403 s
numbers of trajectories: 3571
time trajectory calculation: 0.198133 s
task: 13
worker id: 35098
time create lcl and mol: 0.000510931 s
numbers of trajectories: 3571
time trajectory calculation: 0.354835 s
task: 14
worker id: 22526
time create lcl and mol: 0.000567198 s
numbers of trajectories: 3571
time trajectory calculation: 0.169738 s
task: 15
worker id: 55557
time create lcl and mol: 0.000512123 s
numbers of trajectories: 3571
time trajectory calculation: 0.295772 s
task: 16
worker id: 88808
time create lcl and mol: 0.00047183 s
numbers of trajectories: 3571
time trajectory calculation: 0.191461 s
task: 17
worker id: 88828
time create lcl and mol: 0.00050807 s
numbers of trajectories: 3571
time trajectory calculation: 0.450446 s
task: 18
worker id: 19887
time create lcl and mol: 0.000454903 s
numbers of trajectories: 3571
time trajectory calculation: 0.157184 s
task: 19
worker id: 19887
time create lcl and mol: 0.000463009 s
numbers of trajectories: 3571
time trajectory calculation: 0.153612 s
task: 20
worker id: 71162
time create lcl and mol: 0.000593901 s
numbers of trajectories: 3571
time trajectory calculation: 0.170107 s
task: 21
worker id: 88808
time create lcl and mol: 0.000555992 s
numbers of trajectories: 3571
time trajectory calculation: 0.1719 s
task: 22
worker id: 71162
time create lcl and mol: 0.000464916 s
numbers of trajectories: 3571
time trajectory calculation: 0.185388 s
task: 23
worker id: 88808
time create lcl and mol: 0.00048399 s
numbers of trajectories: 3571
time trajectory calculation: 0.16104 s
task: 24
worker id: 30446
time create lcl and mol: 0.000535011 s
numbers of trajectories: 3571
time trajectory calculation: 0.49354 s
task: 25
worker id: 30446
time create lcl and mol: 0.000527859 s
numbers of trajectories: 3571
time trajectory calculation: 0.162079 s
task: 26
worker id: 22526
time create lcl and mol: 0.000507116 s
numbers of trajectories: 3571
time trajectory calculation: 0.167861 s
task: 27
worker id: 30446
time create lcl and mol: 0.000518084 s
numbers of trajectories: 3571
time trajectory calculation: 0.194048 s
CCS time: 1.1314 s
*********************************************************
average value of CCS = 1307.56 Ang^2
error value of CCS = 26.1122 Ang^2
Total time: 1.14066 s
Program finished...
