*********************************************************
INPUT:: Simulation Parameters 
*********************************************************
target filename                  : 6cgv.xyz
number of probe                  : 10000
number of iterarions             : 10
number of tasks                  : 10
number of threads                : 24
seed number                      : 2104
gas buffer                       : He
Target Temperature (K)           : 298
timestep (fs)                    : 10
Skin cell size (Ang)             : 0.01
Equipotential                    : no
Cut short-range interaction      : yes
LJ cutoff (Ang)                  : 12
Apply long-range interaction     : yes
Cut long-range interaction       : yes
Coulomb cutoff (Ang)             : 25
Apply induced-dipole interaction : yes
alpha (Ang^3)                    : 0.204956
force_type: 4
*********************************************************
Force Field parameters: 
*********************************************************
Symbol  mass (amu)  epislon (kcal/mol)  sigma(Angstroms) 
C   12.011   0.0309   3.043
N   14.007   0.0309   3.043
H   1.008   0.015   2.38
O   15.999   0.0309   3.043
S   32.06   0.0311   3.5
*********************************************************
MOLECULE:: orientation around the inertia principal axis 
*********************************************************
Inertia matrix a.u. Ang^2: 
{  8.31743e+12  -150701  -117647  }
{  -150701  8.31743e+12  -157279  }
{  -117647  -157279  8.31743e+12  }
Rotation matrix applied to molecule: 
{  0.999999  -0.00133501  -0.00104425  }
{  0.00269127  0.999993  0.00278224  }
{  0.00104053  -0.00278504  0.999995  }
Molecule radius: 472.049 Ang 
orientation time of molecule target: 13.1263 s
target mass: 8.488e+07 amu
gas mass: 4.0026 amu
reduce mass: 4.0026 amu
charge state: -9540 e
*********************************************************
Geometric Ellipsoid: 
*********************************************************
maximal distances: 471.877  446.362  472.049  Ang
Initial axis length: 521.887  496.372  522.059  Ang
Ellipsoid axis length: 544.967  519.452  545.139  Ang
ellipsoid calculation time: 0.0727041 s
maximal impact parameter: 545.139 Ang
*********************************************************
Linked-cell: 
Numbers of cells: 720447
Nx: 91 Ny: 87 Nz: 91
Filled cells: 119899
Empty cells: 600548
Average atoms per cell: 98.051
Maximum atoms per cell: 210
Minimum atoms per cell: 1
Simulation box: 
lx: 1092.91 Ang
ly: 1044.87 Ang
lz: 1092.91 Ang
linked-cell calculation time: 1.95037 s
time info: 0.237945 s
*********************************************************
Trajectory calculations 
*********************************************************
out target time: 41.9713 s
Ntraj: 10000
Nfree: 347
Nscatter: 9653
Nlost: 0
omega: 923820
Ntraj: 10000
Nfree: 302
Nscatter: 9697
Nlost: 1
omega: 932512
Ntraj: 10000
Nfree: 328
Nscatter: 9672
Nlost: 0
omega: 914825
Ntraj: 10000
Nfree: 304
Nscatter: 9694
Nlost: 2
omega: 931397
Ntraj: 10000
Nfree: 318
Nscatter: 9682
Nlost: 0
omega: 921634
Ntraj: 10000
Nfree: 320
Nscatter: 9680
Nlost: 0
omega: 913173
Ntraj: 10000
Nfree: 295
Nscatter: 9705
Nlost: 0
omega: 921134
Ntraj: 10000
Nfree: 332
Nscatter: 9667
Nlost: 1
omega: 919402
Ntraj: 10000
Nfree: 327
Nscatter: 9672
Nlost: 1
omega: 915877
Ntraj: 10000
Nfree: 322
Nscatter: 9675
Nlost: 3
omega: 929531
*********************************************************
task: 0
worker id: 19152
time create lcl and mol: 0.39215 s
numbers of trajectories: 10000
time trajectory calculation: 19.1197 s
task: 1
worker id: 72898
time create lcl and mol: 0.405078 s
numbers of trajectories: 10000
time trajectory calculation: 20.7966 s
task: 2
worker id: 6556
time create lcl and mol: 0.410547 s
numbers of trajectories: 10000
time trajectory calculation: 20.7163 s
task: 3
worker id: 55140
time create lcl and mol: 0.413224 s
numbers of trajectories: 10000
time trajectory calculation: 19.859 s
task: 4
worker id: 3629
time create lcl and mol: 0.406156 s
numbers of trajectories: 10000
time trajectory calculation: 19.5771 s
task: 5
worker id: 53573
time create lcl and mol: 0.391448 s
numbers of trajectories: 10000
time trajectory calculation: 19.3752 s
task: 6
worker id: 19152
time create lcl and mol: 0.402517 s
numbers of trajectories: 10000
time trajectory calculation: 19.3614 s
task: 7
worker id: 53573
time create lcl and mol: 0.397641 s
numbers of trajectories: 10000
time trajectory calculation: 21.0229 s
task: 8
worker id: 39396
time create lcl and mol: 0.407478 s
numbers of trajectories: 10000
time trajectory calculation: 19.4777 s
task: 9
worker id: 14242
time create lcl and mol: 0.411937 s
numbers of trajectories: 10000
time trajectory calculation: 31.501 s
CCS time: 42.217 s
*********************************************************
average value of CCS = 922331 Ang^2
error value of CCS = 2079.06 Ang^2
Total time: 57.3714 s
Program finished...
*********************************************************
INPUT:: Simulation Parameters 
*********************************************************
target filename                  : 6cgv.xyz
number of probe                  : 10000
number of iterarions             : 10
number of tasks                  : 10
number of threads                : 24
seed number                      : 2104
gas buffer                       : He
Target Temperature (K)           : 298
timestep (fs)                    : 10
Skin cell size (Ang)             : 0.01
Equipotential                    : no
Cut short-range interaction      : yes
LJ cutoff (Ang)                  : 12
Apply long-range interaction     : yes
Cut long-range interaction       : yes
Coulomb cutoff (Ang)             : 25
Apply induced-dipole interaction : yes
alpha (Ang^3)                    : 0.204956
force_type: 4
*********************************************************
Force Field parameters: 
*********************************************************
Symbol  mass (amu)  epislon (kcal/mol)  sigma(Angstroms) 
C   12.011   0.0309   3.043
N   14.007   0.0309   3.043
H   1.008   0.015   2.38
O   15.999   0.0309   3.043
S   32.06   0.0311   3.5
*********************************************************
MOLECULE:: orientation around the inertia principal axis 
*********************************************************
Inertia matrix a.u. Ang^2: 
{  8.31743e+12  -150701  -117647  }
{  -150701  8.31743e+12  -157279  }
{  -117647  -157279  8.31743e+12  }
Rotation matrix applied to molecule: 
{  0.999999  -0.00133501  -0.00104425  }
{  0.00269127  0.999993  0.00278224  }
{  0.00104053  -0.00278504  0.999995  }
Molecule radius: 472.049 Ang 
orientation time of molecule target: 12.7191 s
target mass: 8.488e+07 amu
gas mass: 4.0026 amu
reduce mass: 4.0026 amu
charge state: -9540 e
*********************************************************
Geometric Ellipsoid: 
*********************************************************
maximal distances: 471.877  446.362  472.049  Ang
Initial axis length: 521.887  496.372  522.059  Ang
Ellipsoid axis length: 544.967  519.452  545.139  Ang
ellipsoid calculation time: 0.0786879 s
maximal impact parameter: 545.139 Ang
*********************************************************
Linked-cell: 
Numbers of cells: 720447
Nx: 91 Ny: 87 Nz: 91
Filled cells: 119899
Empty cells: 600548
Average atoms per cell: 98.051
Maximum atoms per cell: 210
Minimum atoms per cell: 1
Simulation box: 
lx: 1092.91 Ang
ly: 1044.87 Ang
lz: 1092.91 Ang
linked-cell calculation time: 1.9669 s
time info: 0.23841 s
*********************************************************
Trajectory calculations 
*********************************************************
out target time: 51.4449 s
Ntraj: 10000
Nfree: 347
Nscatter: 9653
Nlost: 0
omega: 923820
Ntraj: 10000
Nfree: 302
Nscatter: 9697
Nlost: 1
omega: 932512
Ntraj: 10000
Nfree: 328
Nscatter: 9672
Nlost: 0
omega: 914825
Ntraj: 10000
Nfree: 304
Nscatter: 9694
Nlost: 2
omega: 931397
Ntraj: 10000
Nfree: 318
Nscatter: 9682
Nlost: 0
omega: 921634
Ntraj: 10000
Nfree: 320
Nscatter: 9680
Nlost: 0
omega: 913173
Ntraj: 10000
Nfree: 295
Nscatter: 9705
Nlost: 0
omega: 921134
Ntraj: 10000
Nfree: 332
Nscatter: 9667
Nlost: 1
omega: 919402
Ntraj: 10000
Nfree: 327
Nscatter: 9672
Nlost: 1
omega: 915877
Ntraj: 10000
Nfree: 322
Nscatter: 9675
Nlost: 3
omega: 929531
*********************************************************
task: 0
worker id: 55609
time create lcl and mol: 0.411676 s
numbers of trajectories: 10000
time trajectory calculation: 19.1029 s
task: 1
worker id: 41410
time create lcl and mol: 0.411389 s
numbers of trajectories: 10000
time trajectory calculation: 20.926 s
task: 2
worker id: 8571
time create lcl and mol: 0.411719 s
numbers of trajectories: 10000
time trajectory calculation: 20.2565 s
task: 3
worker id: 16260
time create lcl and mol: 0.409725 s
numbers of trajectories: 10000
time trajectory calculation: 19.5542 s
task: 4
worker id: 5651
time create lcl and mol: 0.415542 s
numbers of trajectories: 10000
time trajectory calculation: 19.2935 s
task: 5
worker id: 57154
time create lcl and mol: 0.400263 s
numbers of trajectories: 10000
time trajectory calculation: 19.4145 s
task: 6
worker id: 74915
time create lcl and mol: 0.413164 s
numbers of trajectories: 10000
time trajectory calculation: 19.0755 s
task: 7
worker id: 55609
time create lcl and mol: 0.42357 s
numbers of trajectories: 10000
time trajectory calculation: 20.9381 s
task: 8
worker id: 21172
time create lcl and mol: 0.402991 s
numbers of trajectories: 10000
time trajectory calculation: 19.5452 s
task: 9
worker id: 74915
time create lcl and mol: 0.401791 s
numbers of trajectories: 10000
time trajectory calculation: 30.755 s
CCS time: 51.6912 s
*********************************************************
average value of CCS = 922331 Ang^2
error value of CCS = 2079.06 Ang^2
Total time: 66.4608 s
Program finished...
*********************************************************
INPUT:: Simulation Parameters 
*********************************************************
target filename                  : 6cgv.xyz
number of probe                  : 10000
number of iterarions             : 10
number of tasks                  : 10
number of threads                : 24
seed number                      : 2104
gas buffer                       : He
Target Temperature (K)           : 298
timestep (fs)                    : 10
Skin cell size (Ang)             : 0.01
Equipotential                    : no
Cut short-range interaction      : yes
LJ cutoff (Ang)                  : 12
Apply long-range interaction     : yes
Cut long-range interaction       : yes
Coulomb cutoff (Ang)             : 25
Apply induced-dipole interaction : yes
alpha (Ang^3)                    : 0.204956
force_type: 4
*********************************************************
Force Field parameters: 
*********************************************************
Symbol  mass (amu)  epislon (kcal/mol)  sigma(Angstroms) 
C   12.011   0.0309   3.043
N   14.007   0.0309   3.043
H   1.008   0.015   2.38
O   15.999   0.0309   3.043
S   32.06   0.0311   3.5
*********************************************************
MOLECULE:: orientation around the inertia principal axis 
*********************************************************
Inertia matrix a.u. Ang^2: 
{  8.31743e+12  -150701  -117647  }
{  -150701  8.31743e+12  -157279  }
{  -117647  -157279  8.31743e+12  }
Rotation matrix applied to molecule: 
{  0.999999  -0.00133501  -0.00104425  }
{  0.00269127  0.999993  0.00278224  }
{  0.00104053  -0.00278504  0.999995  }
Molecule radius: 472.049 Ang 
orientation time of molecule target: 12.7677 s
target mass: 8.488e+07 amu
gas mass: 4.0026 amu
reduce mass: 4.0026 amu
charge state: -9540 e
*********************************************************
Geometric Ellipsoid: 
*********************************************************
maximal distances: 471.877  446.362  472.049  Ang
Initial axis length: 521.887  496.372  522.059  Ang
Ellipsoid axis length: 544.967  519.452  545.139  Ang
ellipsoid calculation time: 0.072572 s
maximal impact parameter: 545.139 Ang
*********************************************************
Linked-cell: 
Numbers of cells: 720447
Nx: 91 Ny: 87 Nz: 91
Filled cells: 119899
Empty cells: 600548
Average atoms per cell: 98.051
Maximum atoms per cell: 210
Minimum atoms per cell: 1
Simulation box: 
lx: 1092.91 Ang
ly: 1044.87 Ang
lz: 1092.91 Ang
linked-cell calculation time: 1.94865 s
time info: 0.245371 s
*********************************************************
Trajectory calculations 
*********************************************************
out target time: 41.1822 s
Ntraj: 10000
Nfree: 347
Nscatter: 9653
Nlost: 0
omega: 923820
Ntraj: 10000
Nfree: 302
Nscatter: 9697
Nlost: 1
omega: 932512
Ntraj: 10000
Nfree: 328
Nscatter: 9672
Nlost: 0
omega: 914825
Ntraj: 10000
Nfree: 304
Nscatter: 9694
Nlost: 2
omega: 931397
Ntraj: 10000
Nfree: 318
Nscatter: 9682
Nlost: 0
omega: 921634
Ntraj: 10000
Nfree: 320
Nscatter: 9680
Nlost: 0
omega: 913173
Ntraj: 10000
Nfree: 295
Nscatter: 9705
Nlost: 0
omega: 921134
Ntraj: 10000
Nfree: 332
Nscatter: 9667
Nlost: 1
omega: 919402
Ntraj: 10000
Nfree: 327
Nscatter: 9672
Nlost: 1
omega: 915877
Ntraj: 10000
Nfree: 322
Nscatter: 9675
Nlost: 3
omega: 929531
*********************************************************
task: 0
worker id: 7976
time create lcl and mol: 0.416293 s
numbers of trajectories: 10000
time trajectory calculation: 19.0501 s
task: 1
worker id: 7976
time create lcl and mol: 0.415553 s
numbers of trajectories: 10000
time trajectory calculation: 20.4836 s
task: 2
worker id: 77239
time create lcl and mol: 0.41713 s
numbers of trajectories: 10000
time trajectory calculation: 20.6492 s
task: 3
worker id: 10888
time create lcl and mol: 0.40107 s
numbers of trajectories: 10000
time trajectory calculation: 19.6679 s
task: 4
worker id: 57957
time create lcl and mol: 0.412877 s
numbers of trajectories: 10000
time trajectory calculation: 19.3482 s
task: 5
worker id: 59481
time create lcl and mol: 0.401161 s
numbers of trajectories: 10000
time trajectory calculation: 19.2728 s
task: 6
worker id: 43729
time create lcl and mol: 0.407882 s
numbers of trajectories: 10000
time trajectory calculation: 19.3599 s
task: 7
worker id: 23491
time create lcl and mol: 0.40825 s
numbers of trajectories: 10000
time trajectory calculation: 21.0361 s
task: 8
worker id: 59481
time create lcl and mol: 0.419801 s
numbers of trajectories: 10000
time trajectory calculation: 19.5917 s
task: 9
worker id: 18574
time create lcl and mol: 0.413692 s
numbers of trajectories: 10000
time trajectory calculation: 31.0089 s
CCS time: 41.4354 s
*********************************************************
average value of CCS = 922331 Ang^2
error value of CCS = 2079.06 Ang^2
Total time: 56.2294 s
Program finished...
*********************************************************
INPUT:: Simulation Parameters 
*********************************************************
target filename                  : 6cgv.xyz
number of probe                  : 10000
number of iterarions             : 10
number of tasks                  : 10
number of threads                : 24
seed number                      : 2104
gas buffer                       : He
Target Temperature (K)           : 298
timestep (fs)                    : 10
Skin cell size (Ang)             : 0.01
Equipotential                    : no
Cut short-range interaction      : yes
LJ cutoff (Ang)                  : 12
Apply long-range interaction     : yes
Cut long-range interaction       : yes
Coulomb cutoff (Ang)             : 25
Apply induced-dipole interaction : yes
alpha (Ang^3)                    : 0.204956
force_type: 4
*********************************************************
Force Field parameters: 
*********************************************************
Symbol  mass (amu)  epislon (kcal/mol)  sigma(Angstroms) 
C   12.011   0.0309   3.043
N   14.007   0.0309   3.043
H   1.008   0.015   2.38
O   15.999   0.0309   3.043
S   32.06   0.0311   3.5
*********************************************************
MOLECULE:: orientation around the inertia principal axis 
*********************************************************
Inertia matrix a.u. Ang^2: 
{  8.31743e+12  -150701  -117647  }
{  -150701  8.31743e+12  -157279  }
{  -117647  -157279  8.31743e+12  }
Rotation matrix applied to molecule: 
{  0.999999  -0.00133501  -0.00104425  }
{  0.00269127  0.999993  0.00278224  }
{  0.00104053  -0.00278504  0.999995  }
Molecule radius: 472.049 Ang 
orientation time of molecule target: 12.7741 s
target mass: 8.488e+07 amu
gas mass: 4.0026 amu
reduce mass: 4.0026 amu
charge state: -9540 e
*********************************************************
Geometric Ellipsoid: 
*********************************************************
maximal distances: 471.877  446.362  472.049  Ang
Initial axis length: 521.887  496.372  522.059  Ang
Ellipsoid axis length: 544.967  519.452  545.139  Ang
ellipsoid calculation time: 0.0727339 s
maximal impact parameter: 545.139 Ang
*********************************************************
Linked-cell: 
Numbers of cells: 720447
Nx: 91 Ny: 87 Nz: 91
Filled cells: 119899
Empty cells: 600548
Average atoms per cell: 98.051
Maximum atoms per cell: 210
Minimum atoms per cell: 1
Simulation box: 
lx: 1092.91 Ang
ly: 1044.87 Ang
lz: 1092.91 Ang
linked-cell calculation time: 1.9485 s
time info: 0.238972 s
*********************************************************
Trajectory calculations 
*********************************************************
out target time: 52.0559 s
Ntraj: 10000
Nfree: 347
Nscatter: 9653
Nlost: 0
omega: 923820
Ntraj: 10000
Nfree: 302
Nscatter: 9697
Nlost: 1
omega: 932512
Ntraj: 10000
Nfree: 328
Nscatter: 9672
Nlost: 0
omega: 914825
Ntraj: 10000
Nfree: 304
Nscatter: 9694
Nlost: 2
omega: 931397
Ntraj: 10000
Nfree: 318
Nscatter: 9682
Nlost: 0
omega: 921634
Ntraj: 10000
Nfree: 320
Nscatter: 9680
Nlost: 0
omega: 913173
Ntraj: 10000
Nfree: 295
Nscatter: 9705
Nlost: 0
omega: 921134
Ntraj: 10000
Nfree: 332
Nscatter: 9667
Nlost: 1
omega: 919402
Ntraj: 10000
Nfree: 327
Nscatter: 9672
Nlost: 1
omega: 915877
Ntraj: 10000
Nfree: 322
Nscatter: 9675
Nlost: 3
omega: 929531
*********************************************************
task: 0
worker id: 9970
time create lcl and mol: 0.434802 s
numbers of trajectories: 10000
time trajectory calculation: 19.0375 s
task: 1
worker id: 45714
time create lcl and mol: 0.424697 s
numbers of trajectories: 10000
time trajectory calculation: 20.6151 s
task: 2
worker id: 61470
time create lcl and mol: 0.422648 s
numbers of trajectories: 10000
time trajectory calculation: 20.7886 s
task: 3
worker id: 20558
time create lcl and mol: 0.426323 s
numbers of trajectories: 10000
time trajectory calculation: 19.4831 s
task: 4
worker id: 79223
time create lcl and mol: 0.426053 s
numbers of trajectories: 10000
time trajectory calculation: 19.403 s
task: 5
worker id: 25472
time create lcl and mol: 0.422164 s
numbers of trajectories: 10000
time trajectory calculation: 19.3853 s
task: 6
worker id: 25472
time create lcl and mol: 0.429261 s
numbers of trajectories: 10000
time trajectory calculation: 19.3057 s
task: 7
worker id: 12869
time create lcl and mol: 0.418707 s
numbers of trajectories: 10000
time trajectory calculation: 21.093 s
task: 8
worker id: 59958
time create lcl and mol: 0.432124 s
numbers of trajectories: 10000
time trajectory calculation: 19.6183 s
task: 9
worker id: 9970
time create lcl and mol: 0.3992 s
numbers of trajectories: 10000
time trajectory calculation: 31.4058 s
CCS time: 52.3026 s
*********************************************************
average value of CCS = 922331 Ang^2
error value of CCS = 2079.06 Ang^2
Total time: 67.1033 s
Program finished...
*********************************************************
INPUT:: Simulation Parameters 
*********************************************************
target filename                  : 6cgv.xyz
number of probe                  : 10000
number of iterarions             : 10
number of tasks                  : 10
number of threads                : 24
seed number                      : 2104
gas buffer                       : He
Target Temperature (K)           : 298
timestep (fs)                    : 10
Skin cell size (Ang)             : 0.01
Equipotential                    : no
Cut short-range interaction      : yes
LJ cutoff (Ang)                  : 12
Apply long-range interaction     : yes
Cut long-range interaction       : yes
Coulomb cutoff (Ang)             : 25
Apply induced-dipole interaction : yes
alpha (Ang^3)                    : 0.204956
force_type: 4
*********************************************************
Force Field parameters: 
*********************************************************
Symbol  mass (amu)  epislon (kcal/mol)  sigma(Angstroms) 
C   12.011   0.0309   3.043
N   14.007   0.0309   3.043
H   1.008   0.015   2.38
O   15.999   0.0309   3.043
S   32.06   0.0311   3.5
*********************************************************
MOLECULE:: orientation around the inertia principal axis 
*********************************************************
Inertia matrix a.u. Ang^2: 
{  8.31743e+12  -150701  -117647  }
{  -150701  8.31743e+12  -157279  }
{  -117647  -157279  8.31743e+12  }
Rotation matrix applied to molecule: 
{  0.999999  -0.00133501  -0.00104425  }
{  0.00269127  0.999993  0.00278224  }
{  0.00104053  -0.00278504  0.999995  }
Molecule radius: 472.049 Ang 
orientation time of molecule target: 12.7187 s
target mass: 8.488e+07 amu
gas mass: 4.0026 amu
reduce mass: 4.0026 amu
charge state: -9540 e
*********************************************************
Geometric Ellipsoid: 
*********************************************************
maximal distances: 471.877  446.362  472.049  Ang
Initial axis length: 521.887  496.372  522.059  Ang
Ellipsoid axis length: 544.967  519.452  545.139  Ang
ellipsoid calculation time: 0.072576 s
maximal impact parameter: 545.139 Ang
*********************************************************
Linked-cell: 
Numbers of cells: 720447
Nx: 91 Ny: 87 Nz: 91
Filled cells: 119899
Empty cells: 600548
Average atoms per cell: 98.051
Maximum atoms per cell: 210
Minimum atoms per cell: 1
Simulation box: 
lx: 1092.91 Ang
ly: 1044.87 Ang
lz: 1092.91 Ang
linked-cell calculation time: 1.94795 s
time info: 0.238512 s
*********************************************************
Trajectory calculations 
*********************************************************
out target time: 40.3757 s
Ntraj: 10000
Nfree: 347
Nscatter: 9653
Nlost: 0
omega: 923820
Ntraj: 10000
Nfree: 302
Nscatter: 9697
Nlost: 1
omega: 932512
Ntraj: 10000
Nfree: 328
Nscatter: 9672
Nlost: 0
omega: 914825
Ntraj: 10000
Nfree: 304
Nscatter: 9694
Nlost: 2
omega: 931397
Ntraj: 10000
Nfree: 318
Nscatter: 9682
Nlost: 0
omega: 921634
Ntraj: 10000
Nfree: 320
Nscatter: 9680
Nlost: 0
omega: 913173
Ntraj: 10000
Nfree: 295
Nscatter: 9705
Nlost: 0
omega: 921134
Ntraj: 10000
Nfree: 332
Nscatter: 9667
Nlost: 1
omega: 919402
Ntraj: 10000
Nfree: 327
Nscatter: 9672
Nlost: 1
omega: 915877
Ntraj: 10000
Nfree: 322
Nscatter: 9675
Nlost: 3
omega: 929531
*********************************************************
task: 0
worker id: 15183
time create lcl and mol: 0.40213 s
numbers of trajectories: 10000
time trajectory calculation: 19.0611 s
task: 1
worker id: 12268
time create lcl and mol: 0.402207 s
numbers of trajectories: 10000
time trajectory calculation: 20.8115 s
task: 2
worker id: 27771
time create lcl and mol: 0.386689 s
numbers of trajectories: 10000
time trajectory calculation: 20.6654 s
task: 3
worker id: 63767
time create lcl and mol: 0.407113 s
numbers of trajectories: 10000
time trajectory calculation: 19.574 s
task: 4
worker id: 81525
time create lcl and mol: 0.413741 s
numbers of trajectories: 10000
time trajectory calculation: 19.3829 s
task: 5
worker id: 15183
time create lcl and mol: 0.398313 s
numbers of trajectories: 10000
time trajectory calculation: 19.3215 s
task: 6
worker id: 81525
time create lcl and mol: 0.407421 s
numbers of trajectories: 10000
time trajectory calculation: 19.3689 s
task: 7
worker id: 22873
time create lcl and mol: 0.394975 s
numbers of trajectories: 10000
time trajectory calculation: 21.2389 s
task: 8
worker id: 62272
time create lcl and mol: 0.387664 s
numbers of trajectories: 10000
time trajectory calculation: 19.8976 s
task: 9
worker id: 48021
time create lcl and mol: 0.420101 s
numbers of trajectories: 10000
time trajectory calculation: 30.9005 s
CCS time: 40.622 s
*********************************************************
average value of CCS = 922331 Ang^2
error value of CCS = 2079.06 Ang^2
Total time: 55.3662 s
Program finished...
