*********************************************************
INPUT:: Simulation Parameters 
*********************************************************
target filename                  : 04_1ubq_carga_4_min.xyz
number of probe                  : 10000
number of iterarions             : 10
number of tasks                  : 20
number of threads                : 24
seed number                      : 2104
gas buffer                       : He
Target Temperature (K)           : 298
timestep (fs)                    : 10
Skin cell size (Ang)             : 0.01
Equipotential                    : no
Cut short-range interaction      : yes
LJ cutoff (Ang)                  : 12
Apply long-range interaction     : yes
Cut long-range interaction       : yes
Coulomb cutoff (Ang)             : 25
Apply induced-dipole interaction : yes
alpha (Ang^3)                    : 0.204956
force_type: 4
*********************************************************
Force Field parameters: 
*********************************************************
Symbol  mass (amu)  epislon (kcal/mol)  sigma(Angstroms) 
C   12.011   0.0309   3.043
N   14.007   0.0309   3.043
H   1.008   0.015   2.38
O   15.999   0.0309   3.043
S   32.06   0.0311   3.5
*********************************************************
MOLECULE:: orientation around the inertia principal axis 
*********************************************************
Inertia matrix a.u. Ang^2: 
{  774050  -98727  -119273  }
{  -98727  765481  -55190.9  }
{  -119273  -55190.9  711486  }
Rotation matrix applied to molecule: 
{  0.797039  -0.460096  -0.391204  }
{  0.592383  0.469553  0.654677  }
{  -0.117523  -0.753546  0.646805  }
Molecule radius: 22.0778 Ang 
orientation time of molecule target: 0.0572479 s
target mass: 8568.9 amu
gas mass: 4.0026 amu
reduce mass: 4.00073 amu
charge state: 4 e
*********************************************************
Geometric Ellipsoid: 
*********************************************************
maximal distances: 13.373  14.2779  21.6306  Ang
Initial axis length: 63.383  64.2879  71.6406  Ang
Ellipsoid axis length: 64.833  65.7379  73.0906  Ang
ellipsoid calculation time: 4.19617e-05 s
maximal impact parameter: 73.0906 Ang
*********************************************************
Linked-cell: 
Numbers of cells: 1573
Nx: 11 Ny: 11 Nz: 13
Filled cells: 28
Empty cells: 1545
Average atoms per cell: 44.1071
Maximum atoms per cell: 197
Minimum atoms per cell: 1
Simulation box: 
lx: 132.11 Ang
ly: 132.11 Ang
lz: 156.13 Ang
linked-cell calculation time: 0.00174284 s
time info: 7.31945e-05 s
*********************************************************
Trajectory calculations 
*********************************************************
out target time: 0.763339 s
Ntraj: 10000
Nfree: 1438
Nscatter: 8562
Nlost: 0
omega: 972.254
Ntraj: 10000
Nfree: 1384
Nscatter: 8616
Nlost: 0
omega: 1024.23
Ntraj: 10000
Nfree: 1390
Nscatter: 8610
Nlost: 0
omega: 958.126
Ntraj: 10000
Nfree: 1371
Nscatter: 8629
Nlost: 0
omega: 1150.67
Ntraj: 10000
Nfree: 1373
Nscatter: 8627
Nlost: 0
omega: 1163.4
Ntraj: 10000
Nfree: 1391
Nscatter: 8609
Nlost: 0
omega: 1104.33
Ntraj: 10000
Nfree: 1414
Nscatter: 8586
Nlost: 0
omega: 996.655
Ntraj: 10000
Nfree: 1394
Nscatter: 8606
Nlost: 0
omega: 1040.98
Ntraj: 10000
Nfree: 1418
Nscatter: 8582
Nlost: 0
omega: 1115.37
Ntraj: 10000
Nfree: 1403
Nscatter: 8597
Nlost: 0
omega: 1090.54
*********************************************************
task: 0
worker id: 14098
time create lcl and mol: 0.000391006 s
numbers of trajectories: 5000
time trajectory calculation: 0.171806 s
task: 1
worker id: 31781
time create lcl and mol: 0.000396967 s
numbers of trajectories: 5000
time trajectory calculation: 0.173958 s
task: 2
worker id: 22098
time create lcl and mol: 0.000409126 s
numbers of trajectories: 5000
time trajectory calculation: 0.175457 s
task: 3
worker id: 75617
time create lcl and mol: 0.00039196 s
numbers of trajectories: 5000
time trajectory calculation: 0.174966 s
task: 4
worker id: 63033
time create lcl and mol: 0.000373125 s
numbers of trajectories: 5000
time trajectory calculation: 0.182182 s
task: 5
worker id: 14098
time create lcl and mol: 0.000433922 s
numbers of trajectories: 5000
time trajectory calculation: 0.531906 s
task: 6
worker id: 60221
time create lcl and mol: 0.000393152 s
numbers of trajectories: 5000
time trajectory calculation: 0.177719 s
task: 7
worker id: 95988
time create lcl and mol: 0.000412941 s
numbers of trajectories: 5000
time trajectory calculation: 0.186509 s
task: 8
worker id: 70858
time create lcl and mol: 0.000386953 s
numbers of trajectories: 5000
time trajectory calculation: 0.184238 s
task: 9
worker id: 70858
time create lcl and mol: 0.000411987 s
numbers of trajectories: 5000
time trajectory calculation: 0.216504 s
task: 10
worker id: 31781
time create lcl and mol: 0.00041914 s
numbers of trajectories: 5000
time trajectory calculation: 0.16534 s
task: 11
worker id: 63033
time create lcl and mol: 0.000438929 s
numbers of trajectories: 5000
time trajectory calculation: 0.171408 s
task: 12
worker id: 60221
time create lcl and mol: 0.00041008 s
numbers of trajectories: 5000
time trajectory calculation: 0.171746 s
task: 13
worker id: 63033
time create lcl and mol: 0.000433922 s
numbers of trajectories: 5000
time trajectory calculation: 0.166594 s
task: 14
worker id: 60221
time create lcl and mol: 0.00041008 s
numbers of trajectories: 5000
time trajectory calculation: 0.155401 s
task: 15
worker id: 31781
time create lcl and mol: 0.000416994 s
numbers of trajectories: 5000
time trajectory calculation: 0.164058 s
task: 16
worker id: 22098
time create lcl and mol: 0.000422001 s
numbers of trajectories: 5000
time trajectory calculation: 0.167517 s
task: 17
worker id: 75617
time create lcl and mol: 0.000418901 s
numbers of trajectories: 5000
time trajectory calculation: 0.175657 s
task: 18
worker id: 22098
time create lcl and mol: 0.000435114 s
numbers of trajectories: 5000
time trajectory calculation: 0.169103 s
task: 19
worker id: 95988
time create lcl and mol: 0.000413179 s
numbers of trajectories: 5000
time trajectory calculation: 0.180289 s
CCS time: 0.771251 s
*********************************************************
average value of CCS = 1061.66 Ang^2
error value of CCS = 22.0411 Ang^2
Total time: 0.83555 s
Program finished...
*********************************************************
INPUT:: Simulation Parameters 
*********************************************************
target filename                  : 04_1ubq_carga_4_min.xyz
number of probe                  : 10000
number of iterarions             : 10
number of tasks                  : 20
number of threads                : 24
seed number                      : 2104
gas buffer                       : He
Target Temperature (K)           : 298
timestep (fs)                    : 10
Skin cell size (Ang)             : 0.01
Equipotential                    : no
Cut short-range interaction      : yes
LJ cutoff (Ang)                  : 12
Apply long-range interaction     : yes
Cut long-range interaction       : yes
Coulomb cutoff (Ang)             : 25
Apply induced-dipole interaction : yes
alpha (Ang^3)                    : 0.204956
force_type: 4
*********************************************************
Force Field parameters: 
*********************************************************
Symbol  mass (amu)  epislon (kcal/mol)  sigma(Angstroms) 
C   12.011   0.0309   3.043
N   14.007   0.0309   3.043
H   1.008   0.015   2.38
O   15.999   0.0309   3.043
S   32.06   0.0311   3.5
*********************************************************
MOLECULE:: orientation around the inertia principal axis 
*********************************************************
Inertia matrix a.u. Ang^2: 
{  774050  -98727  -119273  }
{  -98727  765481  -55190.9  }
{  -119273  -55190.9  711486  }
Rotation matrix applied to molecule: 
{  0.797039  -0.460096  -0.391204  }
{  0.592383  0.469553  0.654677  }
{  -0.117523  -0.753546  0.646805  }
Molecule radius: 22.0778 Ang 
orientation time of molecule target: 0.00199699 s
target mass: 8568.9 amu
gas mass: 4.0026 amu
reduce mass: 4.00073 amu
charge state: 4 e
*********************************************************
Geometric Ellipsoid: 
*********************************************************
maximal distances: 13.373  14.2779  21.6306  Ang
Initial axis length: 63.383  64.2879  71.6406  Ang
Ellipsoid axis length: 64.833  65.7379  73.0906  Ang
ellipsoid calculation time: 4.50611e-05 s
maximal impact parameter: 73.0906 Ang
*********************************************************
Linked-cell: 
Numbers of cells: 1573
Nx: 11 Ny: 11 Nz: 13
Filled cells: 28
Empty cells: 1545
Average atoms per cell: 44.1071
Maximum atoms per cell: 197
Minimum atoms per cell: 1
Simulation box: 
lx: 132.11 Ang
ly: 132.11 Ang
lz: 156.13 Ang
linked-cell calculation time: 0.001755 s
time info: 6.79493e-05 s
*********************************************************
Trajectory calculations 
*********************************************************
out target time: 0.597821 s
Ntraj: 10000
Nfree: 1438
Nscatter: 8562
Nlost: 0
omega: 972.254
Ntraj: 10000
Nfree: 1384
Nscatter: 8616
Nlost: 0
omega: 1024.23
Ntraj: 10000
Nfree: 1390
Nscatter: 8610
Nlost: 0
omega: 958.126
Ntraj: 10000
Nfree: 1371
Nscatter: 8629
Nlost: 0
omega: 1150.67
Ntraj: 10000
Nfree: 1373
Nscatter: 8627
Nlost: 0
omega: 1163.4
Ntraj: 10000
Nfree: 1391
Nscatter: 8609
Nlost: 0
omega: 1104.33
Ntraj: 10000
Nfree: 1414
Nscatter: 8586
Nlost: 0
omega: 996.655
Ntraj: 10000
Nfree: 1394
Nscatter: 8606
Nlost: 0
omega: 1040.98
Ntraj: 10000
Nfree: 1418
Nscatter: 8582
Nlost: 0
omega: 1115.37
Ntraj: 10000
Nfree: 1403
Nscatter: 8597
Nlost: 0
omega: 1090.54
*********************************************************
task: 0
worker id: 60307
time create lcl and mol: 0.00040102 s
numbers of trajectories: 5000
time trajectory calculation: 0.168706 s
task: 1
worker id: 31868
time create lcl and mol: 0.00041008 s
numbers of trajectories: 5000
time trajectory calculation: 0.175644 s
task: 2
worker id: 63120
time create lcl and mol: 0.000436068 s
numbers of trajectories: 5000
time trajectory calculation: 0.168424 s
task: 3
worker id: 63120
time create lcl and mol: 0.000396013 s
numbers of trajectories: 5000
time trajectory calculation: 0.177398 s
task: 4
worker id: 96078
time create lcl and mol: 0.000418901 s
numbers of trajectories: 5000
time trajectory calculation: 0.190764 s
task: 5
worker id: 14187
time create lcl and mol: 0.000571966 s
numbers of trajectories: 5000
time trajectory calculation: 0.53518 s
task: 6
worker id: 22201
time create lcl and mol: 0.000389099 s
numbers of trajectories: 5000
time trajectory calculation: 0.177811 s
task: 7
worker id: 75704
time create lcl and mol: 0.000512123 s
numbers of trajectories: 5000
time trajectory calculation: 0.178109 s
task: 8
worker id: 70945
time create lcl and mol: 0.000396013 s
numbers of trajectories: 5000
time trajectory calculation: 0.182559 s
task: 9
worker id: 60307
time create lcl and mol: 0.000419855 s
numbers of trajectories: 5000
time trajectory calculation: 0.230592 s
task: 10
worker id: 31868
time create lcl and mol: 0.000443935 s
numbers of trajectories: 5000
time trajectory calculation: 0.165205 s
task: 11
worker id: 70945
time create lcl and mol: 0.000436068 s
numbers of trajectories: 5000
time trajectory calculation: 0.171895 s
task: 12
worker id: 22201
time create lcl and mol: 0.000409126 s
numbers of trajectories: 5000
time trajectory calculation: 0.16875 s
task: 13
worker id: 22201
time create lcl and mol: 0.000422001 s
numbers of trajectories: 5000
time trajectory calculation: 0.161588 s
task: 14
worker id: 70945
time create lcl and mol: 0.000432014 s
numbers of trajectories: 5000
time trajectory calculation: 0.163586 s
task: 15
worker id: 31868
time create lcl and mol: 0.000437021 s
numbers of trajectories: 5000
time trajectory calculation: 0.165236 s
task: 16
worker id: 63120
time create lcl and mol: 0.000427008 s
numbers of trajectories: 5000
time trajectory calculation: 0.172188 s
task: 17
worker id: 96078
time create lcl and mol: 0.000458956 s
numbers of trajectories: 5000
time trajectory calculation: 0.186253 s
task: 18
worker id: 75704
time create lcl and mol: 0.00041604 s
numbers of trajectories: 5000
time trajectory calculation: 0.167752 s
task: 19
worker id: 75704
time create lcl and mol: 0.000422001 s
numbers of trajectories: 5000
time trajectory calculation: 0.175181 s
CCS time: 0.605691 s
*********************************************************
average value of CCS = 1061.66 Ang^2
error value of CCS = 22.0411 Ang^2
Total time: 0.614447 s
Program finished...
*********************************************************
INPUT:: Simulation Parameters 
*********************************************************
target filename                  : 04_1ubq_carga_4_min.xyz
number of probe                  : 10000
number of iterarions             : 10
number of tasks                  : 20
number of threads                : 24
seed number                      : 2104
gas buffer                       : He
Target Temperature (K)           : 298
timestep (fs)                    : 10
Skin cell size (Ang)             : 0.01
Equipotential                    : no
Cut short-range interaction      : yes
LJ cutoff (Ang)                  : 12
Apply long-range interaction     : yes
Cut long-range interaction       : yes
Coulomb cutoff (Ang)             : 25
Apply induced-dipole interaction : yes
alpha (Ang^3)                    : 0.204956
force_type: 4
*********************************************************
Force Field parameters: 
*********************************************************
Symbol  mass (amu)  epislon (kcal/mol)  sigma(Angstroms) 
C   12.011   0.0309   3.043
N   14.007   0.0309   3.043
H   1.008   0.015   2.38
O   15.999   0.0309   3.043
S   32.06   0.0311   3.5
*********************************************************
MOLECULE:: orientation around the inertia principal axis 
*********************************************************
Inertia matrix a.u. Ang^2: 
{  774050  -98727  -119273  }
{  -98727  765481  -55190.9  }
{  -119273  -55190.9  711486  }
Rotation matrix applied to molecule: 
{  0.797039  -0.460096  -0.391204  }
{  0.592383  0.469553  0.654677  }
{  -0.117523  -0.753546  0.646805  }
Molecule radius: 22.0778 Ang 
orientation time of molecule target: 0.00189114 s
target mass: 8568.9 amu
gas mass: 4.0026 amu
reduce mass: 4.00073 amu
charge state: 4 e
*********************************************************
Geometric Ellipsoid: 
*********************************************************
maximal distances: 13.373  14.2779  21.6306  Ang
Initial axis length: 63.383  64.2879  71.6406  Ang
Ellipsoid axis length: 64.833  65.7379  73.0906  Ang
ellipsoid calculation time: 3.79086e-05 s
maximal impact parameter: 73.0906 Ang
*********************************************************
Linked-cell: 
Numbers of cells: 1573
Nx: 11 Ny: 11 Nz: 13
Filled cells: 28
Empty cells: 1545
Average atoms per cell: 44.1071
Maximum atoms per cell: 197
Minimum atoms per cell: 1
Simulation box: 
lx: 132.11 Ang
ly: 132.11 Ang
lz: 156.13 Ang
linked-cell calculation time: 0.00169086 s
time info: 7.00951e-05 s
*********************************************************
Trajectory calculations 
*********************************************************
out target time: 0.999224 s
Ntraj: 10000
Nfree: 1438
Nscatter: 8562
Nlost: 0
omega: 972.254
Ntraj: 10000
Nfree: 1384
Nscatter: 8616
Nlost: 0
omega: 1024.23
Ntraj: 10000
Nfree: 1390
Nscatter: 8610
Nlost: 0
omega: 958.126
Ntraj: 10000
Nfree: 1371
Nscatter: 8629
Nlost: 0
omega: 1150.67
Ntraj: 10000
Nfree: 1373
Nscatter: 8627
Nlost: 0
omega: 1163.4
Ntraj: 10000
Nfree: 1391
Nscatter: 8609
Nlost: 0
omega: 1104.33
Ntraj: 10000
Nfree: 1414
Nscatter: 8586
Nlost: 0
omega: 996.655
Ntraj: 10000
Nfree: 1394
Nscatter: 8606
Nlost: 0
omega: 1040.98
Ntraj: 10000
Nfree: 1418
Nscatter: 8582
Nlost: 0
omega: 1115.37
Ntraj: 10000
Nfree: 1403
Nscatter: 8597
Nlost: 0
omega: 1090.54
*********************************************************
task: 0
worker id: 22302
time create lcl and mol: 0.000393867 s
numbers of trajectories: 5000
time trajectory calculation: 0.175378 s
task: 1
worker id: 31954
time create lcl and mol: 0.000400066 s
numbers of trajectories: 5000
time trajectory calculation: 0.184166 s
task: 2
worker id: 75790
time create lcl and mol: 0.000390053 s
numbers of trajectories: 5000
time trajectory calculation: 0.18341 s
task: 3
worker id: 60394
time create lcl and mol: 0.000407934 s
numbers of trajectories: 5000
time trajectory calculation: 0.174303 s
task: 4
worker id: 63208
time create lcl and mol: 0.000375032 s
numbers of trajectories: 5000
time trajectory calculation: 0.178708 s
task: 5
worker id: 22302
time create lcl and mol: 0.000513077 s
numbers of trajectories: 5000
time trajectory calculation: 0.567355 s
task: 6
worker id: 14272
time create lcl and mol: 0.000387907 s
numbers of trajectories: 5000
time trajectory calculation: 0.179456 s
task: 7
worker id: 96164
time create lcl and mol: 0.000393867 s
numbers of trajectories: 5000
time trajectory calculation: 0.181054 s
task: 8
worker id: 96164
time create lcl and mol: 0.000407934 s
numbers of trajectories: 5000
time trajectory calculation: 0.185121 s
task: 9
worker id: 71033
time create lcl and mol: 0.000400066 s
numbers of trajectories: 5000
time trajectory calculation: 0.236742 s
task: 10
worker id: 63208
time create lcl and mol: 0.000411987 s
numbers of trajectories: 5000
time trajectory calculation: 0.181578 s
task: 11
worker id: 60394
time create lcl and mol: 0.000430107 s
numbers of trajectories: 5000
time trajectory calculation: 0.180862 s
task: 12
worker id: 60394
time create lcl and mol: 0.000490904 s
numbers of trajectories: 5000
time trajectory calculation: 0.186682 s
task: 13
worker id: 22302
time create lcl and mol: 0.000444889 s
numbers of trajectories: 5000
time trajectory calculation: 0.183381 s
task: 14
worker id: 31954
time create lcl and mol: 0.000420094 s
numbers of trajectories: 5000
time trajectory calculation: 0.173625 s
task: 15
worker id: 31954
time create lcl and mol: 0.000478983 s
numbers of trajectories: 5000
time trajectory calculation: 0.177375 s
task: 16
worker id: 14272
time create lcl and mol: 0.000416994 s
numbers of trajectories: 5000
time trajectory calculation: 0.187556 s
task: 17
worker id: 71033
time create lcl and mol: 0.000438929 s
numbers of trajectories: 5000
time trajectory calculation: 0.203585 s
task: 18
worker id: 14272
time create lcl and mol: 0.000490904 s
numbers of trajectories: 5000
time trajectory calculation: 0.183254 s
task: 19
worker id: 75790
time create lcl and mol: 0.000405073 s
numbers of trajectories: 5000
time trajectory calculation: 0.19602 s
CCS time: 1.00701 s
*********************************************************
average value of CCS = 1061.66 Ang^2
error value of CCS = 22.0411 Ang^2
Total time: 1.01596 s
Program finished...
[1695224010.699063] [sdumont6077:22302:0]       tag_match.c:62   UCX  WARN  unexpected tag-receive descriptor 0x55e17caafb00 was not matched
[1695224010.698867] [sdumont6081:14272:0]       tag_match.c:62   UCX  WARN  unexpected tag-receive descriptor 0x561d10d56c40 was not matched
[1695224010.698702] [sdumont6205:75790:0]       tag_match.c:62   UCX  WARN  unexpected tag-receive descriptor 0x559bdd43bac0 was not matched
[1695224010.698887] [sdumont6080:63208:0]       tag_match.c:62   UCX  WARN  unexpected tag-receive descriptor 0x55b8abd25bc0 was not matched
*********************************************************
INPUT:: Simulation Parameters 
*********************************************************
target filename                  : 04_1ubq_carga_4_min.xyz
number of probe                  : 10000
number of iterarions             : 10
number of tasks                  : 20
number of threads                : 24
seed number                      : 2104
gas buffer                       : He
Target Temperature (K)           : 298
timestep (fs)                    : 10
Skin cell size (Ang)             : 0.01
Equipotential                    : no
Cut short-range interaction      : yes
LJ cutoff (Ang)                  : 12
Apply long-range interaction     : yes
Cut long-range interaction       : yes
Coulomb cutoff (Ang)             : 25
Apply induced-dipole interaction : yes
alpha (Ang^3)                    : 0.204956
force_type: 4
*********************************************************
Force Field parameters: 
*********************************************************
Symbol  mass (amu)  epislon (kcal/mol)  sigma(Angstroms) 
C   12.011   0.0309   3.043
N   14.007   0.0309   3.043
H   1.008   0.015   2.38
O   15.999   0.0309   3.043
S   32.06   0.0311   3.5
*********************************************************
MOLECULE:: orientation around the inertia principal axis 
*********************************************************
Inertia matrix a.u. Ang^2: 
{  774050  -98727  -119273  }
{  -98727  765481  -55190.9  }
{  -119273  -55190.9  711486  }
Rotation matrix applied to molecule: 
{  0.797039  -0.460096  -0.391204  }
{  0.592383  0.469553  0.654677  }
{  -0.117523  -0.753546  0.646805  }
Molecule radius: 22.0778 Ang 
orientation time of molecule target: 0.00204182 s
target mass: 8568.9 amu
gas mass: 4.0026 amu
reduce mass: 4.00073 amu
charge state: 4 e
*********************************************************
Geometric Ellipsoid: 
*********************************************************
maximal distances: 13.373  14.2779  21.6306  Ang
Initial axis length: 63.383  64.2879  71.6406  Ang
Ellipsoid axis length: 64.833  65.7379  73.0906  Ang
ellipsoid calculation time: 4.79221e-05 s
maximal impact parameter: 73.0906 Ang
*********************************************************
Linked-cell: 
Numbers of cells: 1573
Nx: 11 Ny: 11 Nz: 13
Filled cells: 28
Empty cells: 1545
Average atoms per cell: 44.1071
Maximum atoms per cell: 197
Minimum atoms per cell: 1
Simulation box: 
lx: 132.11 Ang
ly: 132.11 Ang
lz: 156.13 Ang
linked-cell calculation time: 0.00174403 s
time info: 6.69956e-05 s
*********************************************************
Trajectory calculations 
*********************************************************
out target time: 0.655524 s
Ntraj: 10000
Nfree: 1438
Nscatter: 8562
Nlost: 0
omega: 972.254
Ntraj: 10000
Nfree: 1384
Nscatter: 8616
Nlost: 0
omega: 1024.23
Ntraj: 10000
Nfree: 1390
Nscatter: 8610
Nlost: 0
omega: 958.126
Ntraj: 10000
Nfree: 1371
Nscatter: 8629
Nlost: 0
omega: 1150.67
Ntraj: 10000
Nfree: 1373
Nscatter: 8627
Nlost: 0
omega: 1163.4
Ntraj: 10000
Nfree: 1391
Nscatter: 8609
Nlost: 0
omega: 1104.33
Ntraj: 10000
Nfree: 1414
Nscatter: 8586
Nlost: 0
omega: 996.655
Ntraj: 10000
Nfree: 1394
Nscatter: 8606
Nlost: 0
omega: 1040.98
Ntraj: 10000
Nfree: 1418
Nscatter: 8582
Nlost: 0
omega: 1115.37
Ntraj: 10000
Nfree: 1403
Nscatter: 8597
Nlost: 0
omega: 1090.54
*********************************************************
task: 0
worker id: 14654
time create lcl and mol: 0.00039506 s
numbers of trajectories: 5000
time trajectory calculation: 0.16571 s
task: 1
worker id: 22696
time create lcl and mol: 0.000390053 s
numbers of trajectories: 5000
time trajectory calculation: 0.185341 s
task: 2
worker id: 63589
time create lcl and mol: 0.000371933 s
numbers of trajectories: 5000
time trajectory calculation: 0.174914 s
task: 3
worker id: 32335
time create lcl and mol: 0.000390053 s
numbers of trajectories: 5000
time trajectory calculation: 0.177748 s
task: 4
worker id: 60771
time create lcl and mol: 0.000397921 s
numbers of trajectories: 5000
time trajectory calculation: 0.180394 s
task: 5
worker id: 76168
time create lcl and mol: 0.000412941 s
numbers of trajectories: 5000
time trajectory calculation: 0.533357 s
task: 6
worker id: 96544
time create lcl and mol: 0.000386953 s
numbers of trajectories: 5000
time trajectory calculation: 0.177815 s
task: 7
worker id: 71413
time create lcl and mol: 0.000386953 s
numbers of trajectories: 5000
time trajectory calculation: 0.183953 s
task: 8
worker id: 14654
time create lcl and mol: 0.000424862 s
numbers of trajectories: 5000
time trajectory calculation: 0.167269 s
task: 9
worker id: 60771
time create lcl and mol: 0.00043416 s
numbers of trajectories: 5000
time trajectory calculation: 0.233972 s
task: 10
worker id: 96544
time create lcl and mol: 0.000420094 s
numbers of trajectories: 5000
time trajectory calculation: 0.166144 s
task: 11
worker id: 71413
time create lcl and mol: 0.000407934 s
numbers of trajectories: 5000
time trajectory calculation: 0.166723 s
task: 12
worker id: 14654
time create lcl and mol: 0.000408888 s
numbers of trajectories: 5000
time trajectory calculation: 0.168934 s
task: 13
worker id: 71413
time create lcl and mol: 0.000415087 s
numbers of trajectories: 5000
time trajectory calculation: 0.161271 s
task: 14
worker id: 96544
time create lcl and mol: 0.000437975 s
numbers of trajectories: 5000
time trajectory calculation: 0.159831 s
task: 15
worker id: 60771
time create lcl and mol: 0.000447035 s
numbers of trajectories: 5000
time trajectory calculation: 0.169652 s
task: 16
worker id: 63589
time create lcl and mol: 0.000400066 s
numbers of trajectories: 5000
time trajectory calculation: 0.172036 s
task: 17
worker id: 32335
time create lcl and mol: 0.000440121 s
numbers of trajectories: 5000
time trajectory calculation: 0.180852 s
task: 18
worker id: 63589
time create lcl and mol: 0.000398874 s
numbers of trajectories: 5000
time trajectory calculation: 0.172581 s
task: 19
worker id: 22696
time create lcl and mol: 0.000407934 s
numbers of trajectories: 5000
time trajectory calculation: 0.175305 s
CCS time: 0.663292 s
*********************************************************
average value of CCS = 1061.66 Ang^2
error value of CCS = 22.0411 Ang^2
Total time: 0.672201 s
Program finished...
*********************************************************
INPUT:: Simulation Parameters 
*********************************************************
target filename                  : 04_1ubq_carga_4_min.xyz
number of probe                  : 10000
number of iterarions             : 10
number of tasks                  : 20
number of threads                : 24
seed number                      : 2104
gas buffer                       : He
Target Temperature (K)           : 298
timestep (fs)                    : 10
Skin cell size (Ang)             : 0.01
Equipotential                    : no
Cut short-range interaction      : yes
LJ cutoff (Ang)                  : 12
Apply long-range interaction     : yes
Cut long-range interaction       : yes
Coulomb cutoff (Ang)             : 25
Apply induced-dipole interaction : yes
alpha (Ang^3)                    : 0.204956
force_type: 4
*********************************************************
Force Field parameters: 
*********************************************************
Symbol  mass (amu)  epislon (kcal/mol)  sigma(Angstroms) 
C   12.011   0.0309   3.043
N   14.007   0.0309   3.043
H   1.008   0.015   2.38
O   15.999   0.0309   3.043
S   32.06   0.0311   3.5
*********************************************************
MOLECULE:: orientation around the inertia principal axis 
*********************************************************
Inertia matrix a.u. Ang^2: 
{  774050  -98727  -119273  }
{  -98727  765481  -55190.9  }
{  -119273  -55190.9  711486  }
Rotation matrix applied to molecule: 
{  0.797039  -0.460096  -0.391204  }
{  0.592383  0.469553  0.654677  }
{  -0.117523  -0.753546  0.646805  }
Molecule radius: 22.0778 Ang 
orientation time of molecule target: 0.00192809 s
target mass: 8568.9 amu
gas mass: 4.0026 amu
reduce mass: 4.00073 amu
charge state: 4 e
*********************************************************
Geometric Ellipsoid: 
*********************************************************
maximal distances: 13.373  14.2779  21.6306  Ang
Initial axis length: 63.383  64.2879  71.6406  Ang
Ellipsoid axis length: 64.833  65.7379  73.0906  Ang
ellipsoid calculation time: 4.31538e-05 s
maximal impact parameter: 73.0906 Ang
*********************************************************
Linked-cell: 
Numbers of cells: 1573
Nx: 11 Ny: 11 Nz: 13
Filled cells: 28
Empty cells: 1545
Average atoms per cell: 44.1071
Maximum atoms per cell: 197
Minimum atoms per cell: 1
Simulation box: 
lx: 132.11 Ang
ly: 132.11 Ang
lz: 156.13 Ang
linked-cell calculation time: 0.001683 s
time info: 7.20024e-05 s
*********************************************************
Trajectory calculations 
*********************************************************
out target time: 0.618036 s
Ntraj: 10000
Nfree: 1438
Nscatter: 8562
Nlost: 0
omega: 972.254
Ntraj: 10000
Nfree: 1384
Nscatter: 8616
Nlost: 0
omega: 1024.23
Ntraj: 10000
Nfree: 1390
Nscatter: 8610
Nlost: 0
omega: 958.126
Ntraj: 10000
Nfree: 1371
Nscatter: 8629
Nlost: 0
omega: 1150.67
Ntraj: 10000
Nfree: 1373
Nscatter: 8627
Nlost: 0
omega: 1163.4
Ntraj: 10000
Nfree: 1391
Nscatter: 8609
Nlost: 0
omega: 1104.33
Ntraj: 10000
Nfree: 1414
Nscatter: 8586
Nlost: 0
omega: 996.655
Ntraj: 10000
Nfree: 1394
Nscatter: 8606
Nlost: 0
omega: 1040.98
Ntraj: 10000
Nfree: 1418
Nscatter: 8582
Nlost: 0
omega: 1115.37
Ntraj: 10000
Nfree: 1403
Nscatter: 8597
Nlost: 0
omega: 1090.54
*********************************************************
task: 0
worker id: 60871
time create lcl and mol: 0.000406981 s
numbers of trajectories: 5000
time trajectory calculation: 0.160112 s
task: 1
worker id: 96643
time create lcl and mol: 0.00039196 s
numbers of trajectories: 5000
time trajectory calculation: 0.174062 s
task: 2
worker id: 63691
time create lcl and mol: 0.000421762 s
numbers of trajectories: 5000
time trajectory calculation: 0.177184 s
task: 3
worker id: 96643
time create lcl and mol: 0.000434875 s
numbers of trajectories: 5000
time trajectory calculation: 0.16486 s
task: 4
worker id: 22810
time create lcl and mol: 0.00051403 s
numbers of trajectories: 5000
time trajectory calculation: 0.182219 s
task: 5
worker id: 71512
time create lcl and mol: 0.000627041 s
numbers of trajectories: 5000
time trajectory calculation: 0.555895 s
task: 6
worker id: 63691
time create lcl and mol: 0.000432014 s
numbers of trajectories: 5000
time trajectory calculation: 0.172 s
task: 7
worker id: 32431
time create lcl and mol: 0.00041604 s
numbers of trajectories: 5000
time trajectory calculation: 0.184071 s
task: 8
worker id: 63691
time create lcl and mol: 0.000439882 s
numbers of trajectories: 5000
time trajectory calculation: 0.172766 s
task: 9
worker id: 32431
time create lcl and mol: 0.000437975 s
numbers of trajectories: 5000
time trajectory calculation: 0.235967 s
task: 10
worker id: 14755
time create lcl and mol: 0.000403881 s
numbers of trajectories: 5000
time trajectory calculation: 0.171983 s
task: 11
worker id: 22810
time create lcl and mol: 0.000409842 s
numbers of trajectories: 5000
time trajectory calculation: 0.1666 s
task: 12
worker id: 22810
time create lcl and mol: 0.000420094 s
numbers of trajectories: 5000
time trajectory calculation: 0.169737 s
task: 13
worker id: 14755
time create lcl and mol: 0.000421047 s
numbers of trajectories: 5000
time trajectory calculation: 0.168617 s
task: 14
worker id: 60871
time create lcl and mol: 0.000413179 s
numbers of trajectories: 5000
time trajectory calculation: 0.15776 s
task: 15
worker id: 96643
time create lcl and mol: 0.000435829 s
numbers of trajectories: 5000
time trajectory calculation: 0.167532 s
task: 16
worker id: 76268
time create lcl and mol: 0.000418901 s
numbers of trajectories: 5000
time trajectory calculation: 0.168762 s
task: 17
worker id: 60871
time create lcl and mol: 0.000406981 s
numbers of trajectories: 5000
time trajectory calculation: 0.184025 s
task: 18
worker id: 14755
time create lcl and mol: 0.00039506 s
numbers of trajectories: 5000
time trajectory calculation: 0.183449 s
task: 19
worker id: 76268
time create lcl and mol: 0.000393152 s
numbers of trajectories: 5000
time trajectory calculation: 0.184175 s
CCS time: 0.625723 s
*********************************************************
average value of CCS = 1061.66 Ang^2
error value of CCS = 22.0411 Ang^2
Total time: 0.634661 s
Program finished...
