*********************************************************
INPUT:: Simulation Parameters 
*********************************************************
target filename                  : 6vsb_pH8.xyz
number of probe                  : 10000
number of iterarions             : 10
number of tasks                  : 22
number of threads                : 24
seed number                      : 2104
gas buffer                       : He
Target Temperature (K)           : 298
timestep (fs)                    : 10
Skin cell size (Ang)             : 0.01
Equipotential                    : no
Cut short-range interaction      : yes
LJ cutoff (Ang)                  : 12
Apply long-range interaction     : yes
Cut long-range interaction       : yes
Coulomb cutoff (Ang)             : 25
Apply induced-dipole interaction : yes
alpha (Ang^3)                    : 0.204956
force_type: 4
*********************************************************
Force Field parameters: 
*********************************************************
Symbol  mass (amu)  epislon (kcal/mol)  sigma(Angstroms) 
C   12.011   0.0309   3.043
N   14.007   0.0309   3.043
H   1.008   0.015   2.38
O   15.999   0.0309   3.043
S   32.06   0.0311   3.5
*********************************************************
MOLECULE:: orientation around the inertia principal axis 
*********************************************************
Inertia matrix a.u. Ang^2: 
{  5.96602e+08  -2.76401e+06  2.13405e+06  }
{  -2.76401e+06  5.91979e+08  5.29065e+06  }
{  2.13405e+06  5.29065e+06  3.21168e+08  }
Rotation matrix applied to molecule: 
{  0.905562  -0.424213  -0.00112692  }
{  0.00793947  0.0196042  -0.999776  }
{  0.42414  0.90535  0.0211208  }
Molecule radius: 92.1165 Ang 
orientation time of molecule target: 0.0491281 s
target mass: 322081 amu
gas mass: 4.0026 amu
reduce mass: 4.00255 amu
charge state: -24.0016 e
*********************************************************
Geometric Ellipsoid: 
*********************************************************
maximal distances: 67.6873  68.9213  91.9941  Ang
Initial axis length: 117.697  118.931  142.004  Ang
Ellipsoid axis length: 125.107  126.341  149.414  Ang
ellipsoid calculation time: 0.000329018 s
maximal impact parameter: 149.414 Ang
*********************************************************
Linked-cell: 
Numbers of cells: 11550
Nx: 21 Ny: 22 Nz: 25
Filled cells: 596
Empty cells: 10954
Average atoms per cell: 75.4077
Maximum atoms per cell: 203
Minimum atoms per cell: 1
Simulation box: 
lx: 252.21 Ang
ly: 264.22 Ang
lz: 300.25 Ang
linked-cell calculation time: 0.014626 s
time info: 0.0014801 s
*********************************************************
Trajectory calculations 
*********************************************************
out target time: 9.05547 s
Ntraj: 10000
Nfree: 2031
Nscatter: 7967
Nlost: 2
omega: 15276.9
Ntraj: 10000
Nfree: 2012
Nscatter: 7987
Nlost: 1
omega: 16021.9
Ntraj: 10000
Nfree: 2033
Nscatter: 7967
Nlost: 0
omega: 15932.4
Ntraj: 10000
Nfree: 1999
Nscatter: 8000
Nlost: 1
omega: 16573.7
Ntraj: 10000
Nfree: 2013
Nscatter: 7984
Nlost: 3
omega: 16214.8
Ntraj: 10000
Nfree: 2086
Nscatter: 7913
Nlost: 1
omega: 16330.9
Ntraj: 10000
Nfree: 2046
Nscatter: 7952
Nlost: 2
omega: 16288.1
Ntraj: 10000
Nfree: 2019
Nscatter: 7980
Nlost: 1
omega: 15990.1
Ntraj: 10000
Nfree: 2071
Nscatter: 7927
Nlost: 2
omega: 16645.2
Ntraj: 10000
Nfree: 2028
Nscatter: 7970
Nlost: 2
omega: 16797.2
*********************************************************
task: 0
worker id: 48968
time create lcl and mol: 0.00353909 s
numbers of trajectories: 4546
time trajectory calculation: 2.00199 s
task: 1
worker id: 84697
time create lcl and mol: 0.00381684 s
numbers of trajectories: 4546
time trajectory calculation: 2.25181 s
task: 2
worker id: 14745
time create lcl and mol: 0.00362992 s
numbers of trajectories: 4546
time trajectory calculation: 2.91972 s
task: 3
worker id: 2672
time create lcl and mol: 0.00344205 s
numbers of trajectories: 4546
time trajectory calculation: 2.04159 s
task: 4
worker id: 64302
time create lcl and mol: 0.00345898 s
numbers of trajectories: 4546
time trajectory calculation: 2.42543 s
task: 5
worker id: 84697
time create lcl and mol: 0.00321603 s
numbers of trajectories: 4546
time trajectory calculation: 3.07596 s
task: 6
worker id: 51723
time create lcl and mol: 0.00350785 s
numbers of trajectories: 4546
time trajectory calculation: 1.47658 s
task: 7
worker id: 64302
time create lcl and mol: 0.00363207 s
numbers of trajectories: 4546
time trajectory calculation: 4.71286 s
task: 8
worker id: 51723
time create lcl and mol: 0.0033679 s
numbers of trajectories: 4546
time trajectory calculation: 1.41154 s
task: 9
worker id: 20476
time create lcl and mol: 0.00371289 s
numbers of trajectories: 4546
time trajectory calculation: 3.36334 s
task: 10
worker id: 48968
time create lcl and mol: 0.00355506 s
numbers of trajectories: 4545
time trajectory calculation: 4.83603 s
task: 11
worker id: 51723
time create lcl and mol: 0.00371695 s
numbers of trajectories: 4545
time trajectory calculation: 2.55814 s
task: 12
worker id: 59607
time create lcl and mol: 0.00362396 s
numbers of trajectories: 4545
time trajectory calculation: 4.26371 s
task: 13
worker id: 20476
time create lcl and mol: 0.00351095 s
numbers of trajectories: 4545
time trajectory calculation: 3.47179 s
task: 14
worker id: 51723
time create lcl and mol: 0.00345588 s
numbers of trajectories: 4545
time trajectory calculation: 2.27761 s
task: 15
worker id: 20476
time create lcl and mol: 0.00360584 s
numbers of trajectories: 4545
time trajectory calculation: 1.92531 s
task: 16
worker id: 59607
time create lcl and mol: 0.00348902 s
numbers of trajectories: 4545
time trajectory calculation: 3.54992 s
task: 17
worker id: 64302
time create lcl and mol: 0.00346804 s
numbers of trajectories: 4545
time trajectory calculation: 1.46869 s
task: 18
worker id: 2672
time create lcl and mol: 0.00353408 s
numbers of trajectories: 4545
time trajectory calculation: 2.7233 s
task: 19
worker id: 84697
time create lcl and mol: 0.00370002 s
numbers of trajectories: 4545
time trajectory calculation: 3.6421 s
task: 20
worker id: 14745
time create lcl and mol: 0.00362587 s
numbers of trajectories: 4545
time trajectory calculation: 3.46382 s
task: 21
worker id: 2672
time create lcl and mol: 0.00352311 s
numbers of trajectories: 4545
time trajectory calculation: 4.06187 s
CCS time: 9.06381 s
*********************************************************
average value of CCS = 16207.1 Ang^2
error value of CCS = 131.1 Ang^2
Total time: 9.13301 s
Program finished...
*********************************************************
INPUT:: Simulation Parameters 
*********************************************************
target filename                  : 6vsb_pH8.xyz
number of probe                  : 10000
number of iterarions             : 10
number of tasks                  : 22
number of threads                : 24
seed number                      : 2104
gas buffer                       : He
Target Temperature (K)           : 298
timestep (fs)                    : 10
Skin cell size (Ang)             : 0.01
Equipotential                    : no
Cut short-range interaction      : yes
LJ cutoff (Ang)                  : 12
Apply long-range interaction     : yes
Cut long-range interaction       : yes
Coulomb cutoff (Ang)             : 25
Apply induced-dipole interaction : yes
alpha (Ang^3)                    : 0.204956
force_type: 4
*********************************************************
Force Field parameters: 
*********************************************************
Symbol  mass (amu)  epislon (kcal/mol)  sigma(Angstroms) 
C   12.011   0.0309   3.043
N   14.007   0.0309   3.043
H   1.008   0.015   2.38
O   15.999   0.0309   3.043
S   32.06   0.0311   3.5
*********************************************************
MOLECULE:: orientation around the inertia principal axis 
*********************************************************
Inertia matrix a.u. Ang^2: 
{  5.96602e+08  -2.76401e+06  2.13405e+06  }
{  -2.76401e+06  5.91979e+08  5.29065e+06  }
{  2.13405e+06  5.29065e+06  3.21168e+08  }
Rotation matrix applied to molecule: 
{  0.905562  -0.424213  -0.00112692  }
{  0.00793947  0.0196042  -0.999776  }
{  0.42414  0.90535  0.0211208  }
Molecule radius: 92.1165 Ang 
orientation time of molecule target: 0.049216 s
target mass: 322081 amu
gas mass: 4.0026 amu
reduce mass: 4.00255 amu
charge state: -24.0016 e
*********************************************************
Geometric Ellipsoid: 
*********************************************************
maximal distances: 67.6873  68.9213  91.9941  Ang
Initial axis length: 117.697  118.931  142.004  Ang
Ellipsoid axis length: 125.107  126.341  149.414  Ang
ellipsoid calculation time: 0.000343084 s
maximal impact parameter: 149.414 Ang
*********************************************************
Linked-cell: 
Numbers of cells: 11550
Nx: 21 Ny: 22 Nz: 25
Filled cells: 596
Empty cells: 10954
Average atoms per cell: 75.4077
Maximum atoms per cell: 203
Minimum atoms per cell: 1
Simulation box: 
lx: 252.21 Ang
ly: 264.22 Ang
lz: 300.25 Ang
linked-cell calculation time: 0.0146811 s
time info: 0.00148582 s
*********************************************************
Trajectory calculations 
*********************************************************
out target time: 9.68208 s
Ntraj: 10000
Nfree: 2031
Nscatter: 7967
Nlost: 2
omega: 15276.9
Ntraj: 10000
Nfree: 2012
Nscatter: 7987
Nlost: 1
omega: 16021.9
Ntraj: 10000
Nfree: 2033
Nscatter: 7967
Nlost: 0
omega: 15932.4
Ntraj: 10000
Nfree: 1999
Nscatter: 8000
Nlost: 1
omega: 16573.7
Ntraj: 10000
Nfree: 2013
Nscatter: 7984
Nlost: 3
omega: 16214.8
Ntraj: 10000
Nfree: 2086
Nscatter: 7913
Nlost: 1
omega: 16330.9
Ntraj: 10000
Nfree: 2046
Nscatter: 7952
Nlost: 2
omega: 16288.1
Ntraj: 10000
Nfree: 2019
Nscatter: 7980
Nlost: 1
omega: 15990.1
Ntraj: 10000
Nfree: 2071
Nscatter: 7927
Nlost: 2
omega: 16645.2
Ntraj: 10000
Nfree: 2028
Nscatter: 7970
Nlost: 2
omega: 16797.2
*********************************************************
task: 0
worker id: 3201
time create lcl and mol: 0.00346994 s
numbers of trajectories: 4546
time trajectory calculation: 2.04499 s
task: 1
worker id: 49368
time create lcl and mol: 0.00351214 s
numbers of trajectories: 4546
time trajectory calculation: 2.18842 s
task: 2
worker id: 64703
time create lcl and mol: 0.00354314 s
numbers of trajectories: 4546
time trajectory calculation: 2.85658 s
task: 3
worker id: 52132
time create lcl and mol: 0.00361109 s
numbers of trajectories: 4546
time trajectory calculation: 2.00094 s
task: 4
worker id: 20876
time create lcl and mol: 0.00365901 s
numbers of trajectories: 4546
time trajectory calculation: 2.36241 s
task: 5
worker id: 15157
time create lcl and mol: 0.00361705 s
numbers of trajectories: 4546
time trajectory calculation: 3.15876 s
task: 6
worker id: 85095
time create lcl and mol: 0.00363302 s
numbers of trajectories: 4546
time trajectory calculation: 1.47964 s
task: 7
worker id: 60006
time create lcl and mol: 0.00347519 s
numbers of trajectories: 4546
time trajectory calculation: 4.56044 s
task: 8
worker id: 20876
time create lcl and mol: 0.00359201 s
numbers of trajectories: 4546
time trajectory calculation: 1.48622 s
task: 9
worker id: 49368
time create lcl and mol: 0.00402188 s
numbers of trajectories: 4546
time trajectory calculation: 3.28138 s
task: 10
worker id: 85095
time create lcl and mol: 0.0035851 s
numbers of trajectories: 4545
time trajectory calculation: 4.87427 s
task: 11
worker id: 52132
time create lcl and mol: 0.00368023 s
numbers of trajectories: 4545
time trajectory calculation: 2.54446 s
task: 12
worker id: 3201
time create lcl and mol: 0.00347185 s
numbers of trajectories: 4545
time trajectory calculation: 4.28451 s
task: 13
worker id: 52132
time create lcl and mol: 0.00349689 s
numbers of trajectories: 4545
time trajectory calculation: 3.48554 s
task: 14
worker id: 3201
time create lcl and mol: 0.0034759 s
numbers of trajectories: 4545
time trajectory calculation: 2.14148 s
task: 15
worker id: 85095
time create lcl and mol: 0.00372505 s
numbers of trajectories: 4545
time trajectory calculation: 1.89813 s
task: 16
worker id: 15157
time create lcl and mol: 0.00354719 s
numbers of trajectories: 4545
time trajectory calculation: 3.65159 s
task: 17
worker id: 52132
time create lcl and mol: 0.00366592 s
numbers of trajectories: 4545
time trajectory calculation: 1.55059 s
task: 18
worker id: 49368
time create lcl and mol: 0.00364804 s
numbers of trajectories: 4545
time trajectory calculation: 2.80633 s
task: 19
worker id: 60006
time create lcl and mol: 0.00457311 s
numbers of trajectories: 4545
time trajectory calculation: 3.65191 s
task: 20
worker id: 64703
time create lcl and mol: 0.00352383 s
numbers of trajectories: 4545
time trajectory calculation: 3.481 s
task: 21
worker id: 20876
time create lcl and mol: 0.00350499 s
numbers of trajectories: 4545
time trajectory calculation: 4.01736 s
CCS time: 9.69041 s
*********************************************************
average value of CCS = 16207.1 Ang^2
error value of CCS = 131.1 Ang^2
Total time: 9.75975 s
Program finished...
*********************************************************
INPUT:: Simulation Parameters 
*********************************************************
target filename                  : 6vsb_pH8.xyz
number of probe                  : 10000
number of iterarions             : 10
number of tasks                  : 22
number of threads                : 24
seed number                      : 2104
gas buffer                       : He
Target Temperature (K)           : 298
timestep (fs)                    : 10
Skin cell size (Ang)             : 0.01
Equipotential                    : no
Cut short-range interaction      : yes
LJ cutoff (Ang)                  : 12
Apply long-range interaction     : yes
Cut long-range interaction       : yes
Coulomb cutoff (Ang)             : 25
Apply induced-dipole interaction : yes
alpha (Ang^3)                    : 0.204956
force_type: 4
*********************************************************
Force Field parameters: 
*********************************************************
Symbol  mass (amu)  epislon (kcal/mol)  sigma(Angstroms) 
C   12.011   0.0309   3.043
N   14.007   0.0309   3.043
H   1.008   0.015   2.38
O   15.999   0.0309   3.043
S   32.06   0.0311   3.5
*********************************************************
MOLECULE:: orientation around the inertia principal axis 
*********************************************************
Inertia matrix a.u. Ang^2: 
{  5.96602e+08  -2.76401e+06  2.13405e+06  }
{  -2.76401e+06  5.91979e+08  5.29065e+06  }
{  2.13405e+06  5.29065e+06  3.21168e+08  }
Rotation matrix applied to molecule: 
{  0.905562  -0.424213  -0.00112692  }
{  0.00793947  0.0196042  -0.999776  }
{  0.42414  0.90535  0.0211208  }
Molecule radius: 92.1165 Ang 
orientation time of molecule target: 0.0492182 s
target mass: 322081 amu
gas mass: 4.0026 amu
reduce mass: 4.00255 amu
charge state: -24.0016 e
*********************************************************
Geometric Ellipsoid: 
*********************************************************
maximal distances: 67.6873  68.9213  91.9941  Ang
Initial axis length: 117.697  118.931  142.004  Ang
Ellipsoid axis length: 125.107  126.341  149.414  Ang
ellipsoid calculation time: 0.000337124 s
maximal impact parameter: 149.414 Ang
*********************************************************
Linked-cell: 
Numbers of cells: 11550
Nx: 21 Ny: 22 Nz: 25
Filled cells: 596
Empty cells: 10954
Average atoms per cell: 75.4077
Maximum atoms per cell: 203
Minimum atoms per cell: 1
Simulation box: 
lx: 252.21 Ang
ly: 264.22 Ang
lz: 300.25 Ang
linked-cell calculation time: 0.0147321 s
time info: 0.00147295 s
*********************************************************
Trajectory calculations 
*********************************************************
out target time: 10.1637 s
Ntraj: 10000
Nfree: 2031
Nscatter: 7967
Nlost: 2
omega: 15276.9
Ntraj: 10000
Nfree: 2012
Nscatter: 7987
Nlost: 1
omega: 16021.9
Ntraj: 10000
Nfree: 2033
Nscatter: 7967
Nlost: 0
omega: 15932.4
Ntraj: 10000
Nfree: 1999
Nscatter: 8000
Nlost: 1
omega: 16573.7
Ntraj: 10000
Nfree: 2013
Nscatter: 7984
Nlost: 3
omega: 16214.8
Ntraj: 10000
Nfree: 2086
Nscatter: 7913
Nlost: 1
omega: 16330.9
Ntraj: 10000
Nfree: 2046
Nscatter: 7952
Nlost: 2
omega: 16288.1
Ntraj: 10000
Nfree: 2019
Nscatter: 7980
Nlost: 1
omega: 15990.1
Ntraj: 10000
Nfree: 2071
Nscatter: 7927
Nlost: 2
omega: 16645.2
Ntraj: 10000
Nfree: 2028
Nscatter: 7970
Nlost: 2
omega: 16797.2
*********************************************************
task: 0
worker id: 60406
time create lcl and mol: 0.003474 s
numbers of trajectories: 4546
time trajectory calculation: 2.0404 s
task: 1
worker id: 85497
time create lcl and mol: 0.00333786 s
numbers of trajectories: 4546
time trajectory calculation: 2.25061 s
task: 2
worker id: 65106
time create lcl and mol: 0.00367093 s
numbers of trajectories: 4546
time trajectory calculation: 2.89409 s
task: 3
worker id: 49768
time create lcl and mol: 0.003649 s
numbers of trajectories: 4546
time trajectory calculation: 2.10383 s
task: 4
worker id: 52536
time create lcl and mol: 0.0034709 s
numbers of trajectories: 4546
time trajectory calculation: 2.34824 s
task: 5
worker id: 15575
time create lcl and mol: 0.00349188 s
numbers of trajectories: 4546
time trajectory calculation: 3.0425 s
task: 6
worker id: 3605
time create lcl and mol: 0.00355411 s
numbers of trajectories: 4546
time trajectory calculation: 1.4837 s
task: 7
worker id: 21277
time create lcl and mol: 0.00345993 s
numbers of trajectories: 4546
time trajectory calculation: 4.46259 s
task: 8
worker id: 60406
time create lcl and mol: 0.00342393 s
numbers of trajectories: 4546
time trajectory calculation: 1.48201 s
task: 9
worker id: 21277
time create lcl and mol: 0.00324702 s
numbers of trajectories: 4546
time trajectory calculation: 3.28465 s
task: 10
worker id: 85497
time create lcl and mol: 0.00375104 s
numbers of trajectories: 4545
time trajectory calculation: 4.71425 s
task: 11
worker id: 60406
time create lcl and mol: 0.00348902 s
numbers of trajectories: 4545
time trajectory calculation: 2.54105 s
task: 12
worker id: 65106
time create lcl and mol: 0.00367308 s
numbers of trajectories: 4545
time trajectory calculation: 4.21608 s
task: 13
worker id: 15575
time create lcl and mol: 0.00352287 s
numbers of trajectories: 4545
time trajectory calculation: 3.50824 s
task: 14
worker id: 49768
time create lcl and mol: 0.00372291 s
numbers of trajectories: 4545
time trajectory calculation: 2.30225 s
task: 15
worker id: 60406
time create lcl and mol: 0.00332499 s
numbers of trajectories: 4545
time trajectory calculation: 1.87957 s
task: 16
worker id: 3605
time create lcl and mol: 0.003232 s
numbers of trajectories: 4545
time trajectory calculation: 3.69956 s
task: 17
worker id: 49768
time create lcl and mol: 0.00361991 s
numbers of trajectories: 4545
time trajectory calculation: 1.56512 s
task: 18
worker id: 52536
time create lcl and mol: 0.00356817 s
numbers of trajectories: 4545
time trajectory calculation: 2.73193 s
task: 19
worker id: 3605
time create lcl and mol: 0.0035181 s
numbers of trajectories: 4545
time trajectory calculation: 3.63977 s
task: 20
worker id: 52536
time create lcl and mol: 0.00341988 s
numbers of trajectories: 4545
time trajectory calculation: 3.39803 s
task: 21
worker id: 49768
time create lcl and mol: 0.00359416 s
numbers of trajectories: 4545
time trajectory calculation: 4.07196 s
CCS time: 10.1721 s
*********************************************************
average value of CCS = 16207.1 Ang^2
error value of CCS = 131.1 Ang^2
Total time: 10.2413 s
Program finished...
*********************************************************
INPUT:: Simulation Parameters 
*********************************************************
target filename                  : 6vsb_pH8.xyz
number of probe                  : 10000
number of iterarions             : 10
number of tasks                  : 22
number of threads                : 24
seed number                      : 2104
gas buffer                       : He
Target Temperature (K)           : 298
timestep (fs)                    : 10
Skin cell size (Ang)             : 0.01
Equipotential                    : no
Cut short-range interaction      : yes
LJ cutoff (Ang)                  : 12
Apply long-range interaction     : yes
Cut long-range interaction       : yes
Coulomb cutoff (Ang)             : 25
Apply induced-dipole interaction : yes
alpha (Ang^3)                    : 0.204956
force_type: 4
*********************************************************
Force Field parameters: 
*********************************************************
Symbol  mass (amu)  epislon (kcal/mol)  sigma(Angstroms) 
C   12.011   0.0309   3.043
N   14.007   0.0309   3.043
H   1.008   0.015   2.38
O   15.999   0.0309   3.043
S   32.06   0.0311   3.5
*********************************************************
MOLECULE:: orientation around the inertia principal axis 
*********************************************************
Inertia matrix a.u. Ang^2: 
{  5.96602e+08  -2.76401e+06  2.13405e+06  }
{  -2.76401e+06  5.91979e+08  5.29065e+06  }
{  2.13405e+06  5.29065e+06  3.21168e+08  }
Rotation matrix applied to molecule: 
{  0.905562  -0.424213  -0.00112692  }
{  0.00793947  0.0196042  -0.999776  }
{  0.42414  0.90535  0.0211208  }
Molecule radius: 92.1165 Ang 
orientation time of molecule target: 0.0490479 s
target mass: 322081 amu
gas mass: 4.0026 amu
reduce mass: 4.00255 amu
charge state: -24.0016 e
*********************************************************
Geometric Ellipsoid: 
*********************************************************
maximal distances: 67.6873  68.9213  91.9941  Ang
Initial axis length: 117.697  118.931  142.004  Ang
Ellipsoid axis length: 125.107  126.341  149.414  Ang
ellipsoid calculation time: 0.000341892 s
maximal impact parameter: 149.414 Ang
*********************************************************
Linked-cell: 
Numbers of cells: 11550
Nx: 21 Ny: 22 Nz: 25
Filled cells: 596
Empty cells: 10954
Average atoms per cell: 75.4077
Maximum atoms per cell: 203
Minimum atoms per cell: 1
Simulation box: 
lx: 252.21 Ang
ly: 264.22 Ang
lz: 300.25 Ang
linked-cell calculation time: 0.0147438 s
time info: 0.00150394 s
*********************************************************
Trajectory calculations 
*********************************************************
out target time: 9.10556 s
Ntraj: 10000
Nfree: 2031
Nscatter: 7967
Nlost: 2
omega: 15276.9
Ntraj: 10000
Nfree: 2012
Nscatter: 7987
Nlost: 1
omega: 16021.9
Ntraj: 10000
Nfree: 2033
Nscatter: 7967
Nlost: 0
omega: 15932.4
Ntraj: 10000
Nfree: 1999
Nscatter: 8000
Nlost: 1
omega: 16573.7
Ntraj: 10000
Nfree: 2013
Nscatter: 7984
Nlost: 3
omega: 16214.8
Ntraj: 10000
Nfree: 2086
Nscatter: 7913
Nlost: 1
omega: 16330.9
Ntraj: 10000
Nfree: 2046
Nscatter: 7952
Nlost: 2
omega: 16288.1
Ntraj: 10000
Nfree: 2019
Nscatter: 7980
Nlost: 1
omega: 15990.1
Ntraj: 10000
Nfree: 2071
Nscatter: 7927
Nlost: 2
omega: 16645.2
Ntraj: 10000
Nfree: 2028
Nscatter: 7970
Nlost: 2
omega: 16797.2
*********************************************************
task: 0
worker id: 15990
time create lcl and mol: 0.00351501 s
numbers of trajectories: 4546
time trajectory calculation: 2.10478 s
task: 1
worker id: 50174
time create lcl and mol: 0.0034349 s
numbers of trajectories: 4546
time trajectory calculation: 2.15965 s
task: 2
worker id: 65507
time create lcl and mol: 0.00364399 s
numbers of trajectories: 4546
time trajectory calculation: 2.84445 s
task: 3
worker id: 15990
time create lcl and mol: 0.00348401 s
numbers of trajectories: 4546
time trajectory calculation: 2.06194 s
task: 4
worker id: 52936
time create lcl and mol: 0.00346494 s
numbers of trajectories: 4546
time trajectory calculation: 2.28377 s
task: 5
worker id: 21676
time create lcl and mol: 0.00360894 s
numbers of trajectories: 4546
time trajectory calculation: 3.20725 s
task: 6
worker id: 85897
time create lcl and mol: 0.00346112 s
numbers of trajectories: 4546
time trajectory calculation: 1.48436 s
task: 7
worker id: 4008
time create lcl and mol: 0.00342798 s
numbers of trajectories: 4546
time trajectory calculation: 4.58585 s
task: 8
worker id: 4008
time create lcl and mol: 0.00340891 s
numbers of trajectories: 4546
time trajectory calculation: 1.48245 s
task: 9
worker id: 85897
time create lcl and mol: 0.00347614 s
numbers of trajectories: 4546
time trajectory calculation: 3.30793 s
task: 10
worker id: 60805
time create lcl and mol: 0.00331998 s
numbers of trajectories: 4545
time trajectory calculation: 4.61609 s
task: 11
worker id: 52936
time create lcl and mol: 0.00352502 s
numbers of trajectories: 4545
time trajectory calculation: 2.53293 s
task: 12
worker id: 85897
time create lcl and mol: 0.00355411 s
numbers of trajectories: 4545
time trajectory calculation: 4.22764 s
task: 13
worker id: 15990
time create lcl and mol: 0.003546 s
numbers of trajectories: 4545
time trajectory calculation: 3.46821 s
task: 14
worker id: 4008
time create lcl and mol: 0.00328398 s
numbers of trajectories: 4545
time trajectory calculation: 2.19545 s
task: 15
worker id: 21676
time create lcl and mol: 0.00367594 s
numbers of trajectories: 4545
time trajectory calculation: 1.94168 s
task: 16
worker id: 65507
time create lcl and mol: 0.00338292 s
numbers of trajectories: 4545
time trajectory calculation: 3.52747 s
task: 17
worker id: 50174
time create lcl and mol: 0.0032661 s
numbers of trajectories: 4545
time trajectory calculation: 1.52816 s
task: 18
worker id: 50174
time create lcl and mol: 0.0035212 s
numbers of trajectories: 4545
time trajectory calculation: 2.74997 s
task: 19
worker id: 21676
time create lcl and mol: 0.00355077 s
numbers of trajectories: 4545
time trajectory calculation: 3.55771 s
task: 20
worker id: 60805
time create lcl and mol: 0.00344992 s
numbers of trajectories: 4545
time trajectory calculation: 3.31104 s
task: 21
worker id: 52936
time create lcl and mol: 0.00370097 s
numbers of trajectories: 4545
time trajectory calculation: 4.08084 s
CCS time: 9.11398 s
*********************************************************
average value of CCS = 16207.1 Ang^2
error value of CCS = 131.1 Ang^2
Total time: 9.18302 s
Program finished...
*********************************************************
INPUT:: Simulation Parameters 
*********************************************************
target filename                  : 6vsb_pH8.xyz
number of probe                  : 10000
number of iterarions             : 10
number of tasks                  : 22
number of threads                : 24
seed number                      : 2104
gas buffer                       : He
Target Temperature (K)           : 298
timestep (fs)                    : 10
Skin cell size (Ang)             : 0.01
Equipotential                    : no
Cut short-range interaction      : yes
LJ cutoff (Ang)                  : 12
Apply long-range interaction     : yes
Cut long-range interaction       : yes
Coulomb cutoff (Ang)             : 25
Apply induced-dipole interaction : yes
alpha (Ang^3)                    : 0.204956
force_type: 4
*********************************************************
Force Field parameters: 
*********************************************************
Symbol  mass (amu)  epislon (kcal/mol)  sigma(Angstroms) 
C   12.011   0.0309   3.043
N   14.007   0.0309   3.043
H   1.008   0.015   2.38
O   15.999   0.0309   3.043
S   32.06   0.0311   3.5
*********************************************************
MOLECULE:: orientation around the inertia principal axis 
*********************************************************
Inertia matrix a.u. Ang^2: 
{  5.96602e+08  -2.76401e+06  2.13405e+06  }
{  -2.76401e+06  5.91979e+08  5.29065e+06  }
{  2.13405e+06  5.29065e+06  3.21168e+08  }
Rotation matrix applied to molecule: 
{  0.905562  -0.424213  -0.00112692  }
{  0.00793947  0.0196042  -0.999776  }
{  0.42414  0.90535  0.0211208  }
Molecule radius: 92.1165 Ang 
orientation time of molecule target: 0.0493379 s
target mass: 322081 amu
gas mass: 4.0026 amu
reduce mass: 4.00255 amu
charge state: -24.0016 e
*********************************************************
Geometric Ellipsoid: 
*********************************************************
maximal distances: 67.6873  68.9213  91.9941  Ang
Initial axis length: 117.697  118.931  142.004  Ang
Ellipsoid axis length: 125.107  126.341  149.414  Ang
ellipsoid calculation time: 0.000344992 s
maximal impact parameter: 149.414 Ang
*********************************************************
Linked-cell: 
Numbers of cells: 11550
Nx: 21 Ny: 22 Nz: 25
Filled cells: 596
Empty cells: 10954
Average atoms per cell: 75.4077
Maximum atoms per cell: 203
Minimum atoms per cell: 1
Simulation box: 
lx: 252.21 Ang
ly: 264.22 Ang
lz: 300.25 Ang
linked-cell calculation time: 0.014739 s
time info: 0.00143981 s
*********************************************************
Trajectory calculations 
*********************************************************
out target time: 9.66599 s
Ntraj: 10000
Nfree: 2031
Nscatter: 7967
Nlost: 2
omega: 15276.9
Ntraj: 10000
Nfree: 2012
Nscatter: 7987
Nlost: 1
omega: 16021.9
Ntraj: 10000
Nfree: 2033
Nscatter: 7967
Nlost: 0
omega: 15932.4
Ntraj: 10000
Nfree: 1999
Nscatter: 8000
Nlost: 1
omega: 16573.7
Ntraj: 10000
Nfree: 2013
Nscatter: 7984
Nlost: 3
omega: 16214.8
Ntraj: 10000
Nfree: 2086
Nscatter: 7913
Nlost: 1
omega: 16330.9
Ntraj: 10000
Nfree: 2046
Nscatter: 7952
Nlost: 2
omega: 16288.1
Ntraj: 10000
Nfree: 2019
Nscatter: 7980
Nlost: 1
omega: 15990.1
Ntraj: 10000
Nfree: 2071
Nscatter: 7927
Nlost: 2
omega: 16645.2
Ntraj: 10000
Nfree: 2028
Nscatter: 7970
Nlost: 2
omega: 16797.2
*********************************************************
task: 0
worker id: 50586
time create lcl and mol: 0.00338292 s
numbers of trajectories: 4546
time trajectory calculation: 2.03633 s
task: 1
worker id: 53336
time create lcl and mol: 0.003474 s
numbers of trajectories: 4546
time trajectory calculation: 2.18217 s
task: 2
worker id: 53336
time create lcl and mol: 0.00372887 s
numbers of trajectories: 4546
time trajectory calculation: 2.82525 s
task: 3
worker id: 16409
time create lcl and mol: 0.00348783 s
numbers of trajectories: 4546
time trajectory calculation: 2.11015 s
task: 4
worker id: 61220
time create lcl and mol: 0.00351191 s
numbers of trajectories: 4546
time trajectory calculation: 2.36663 s
task: 5
worker id: 4411
time create lcl and mol: 0.00362182 s
numbers of trajectories: 4546
time trajectory calculation: 3.25184 s
task: 6
worker id: 65910
time create lcl and mol: 0.00364184 s
numbers of trajectories: 4546
time trajectory calculation: 1.39957 s
task: 7
worker id: 61220
time create lcl and mol: 0.00335979 s
numbers of trajectories: 4546
time trajectory calculation: 4.62492 s
task: 8
worker id: 22075
time create lcl and mol: 0.00351906 s
numbers of trajectories: 4546
time trajectory calculation: 1.43266 s
task: 9
worker id: 86318
time create lcl and mol: 0.00344706 s
numbers of trajectories: 4546
time trajectory calculation: 3.31612 s
task: 10
worker id: 86318
time create lcl and mol: 0.00363278 s
numbers of trajectories: 4545
time trajectory calculation: 4.71395 s
task: 11
worker id: 22075
time create lcl and mol: 0.00373793 s
numbers of trajectories: 4545
time trajectory calculation: 2.51539 s
task: 12
worker id: 65910
time create lcl and mol: 0.00349903 s
numbers of trajectories: 4545
time trajectory calculation: 4.2047 s
task: 13
worker id: 4411
time create lcl and mol: 0.00349593 s
numbers of trajectories: 4545
time trajectory calculation: 3.38416 s
task: 14
worker id: 61220
time create lcl and mol: 0.00461221 s
numbers of trajectories: 4545
time trajectory calculation: 2.27716 s
task: 15
worker id: 50586
time create lcl and mol: 0.00348115 s
numbers of trajectories: 4545
time trajectory calculation: 1.89773 s
task: 16
worker id: 53336
time create lcl and mol: 0.003474 s
numbers of trajectories: 4545
time trajectory calculation: 3.60016 s
task: 17
worker id: 86318
time create lcl and mol: 0.00327897 s
numbers of trajectories: 4545
time trajectory calculation: 1.52991 s
task: 18
worker id: 65910
time create lcl and mol: 0.0036149 s
numbers of trajectories: 4545
time trajectory calculation: 2.75241 s
task: 19
worker id: 16409
time create lcl and mol: 0.00347209 s
numbers of trajectories: 4545
time trajectory calculation: 3.56288 s
task: 20
worker id: 50586
time create lcl and mol: 0.00360489 s
numbers of trajectories: 4545
time trajectory calculation: 3.40197 s
task: 21
worker id: 22075
time create lcl and mol: 0.00337911 s
numbers of trajectories: 4545
time trajectory calculation: 4.03319 s
CCS time: 9.67432 s
*********************************************************
average value of CCS = 16207.1 Ang^2
error value of CCS = 131.1 Ang^2
Total time: 9.74373 s
Program finished...
