*********************************************************
INPUT:: Simulation Parameters 
*********************************************************
target filename                  : 6cgv.xyz
number of probe                  : 10000
number of iterarions             : 10
number of tasks                  : 24
number of threads                : 24
seed number                      : 2104
gas buffer                       : He
Target Temperature (K)           : 298
timestep (fs)                    : 10
Skin cell size (Ang)             : 0.01
Equipotential                    : no
Cut short-range interaction      : yes
LJ cutoff (Ang)                  : 12
Apply long-range interaction     : yes
Cut long-range interaction       : yes
Coulomb cutoff (Ang)             : 25
Apply induced-dipole interaction : yes
alpha (Ang^3)                    : 0.204956
force_type: 4
*********************************************************
Force Field parameters: 
*********************************************************
Symbol  mass (amu)  epislon (kcal/mol)  sigma(Angstroms) 
C   12.011   0.0309   3.043
N   14.007   0.0309   3.043
H   1.008   0.015   2.38
O   15.999   0.0309   3.043
S   32.06   0.0311   3.5
*********************************************************
MOLECULE:: orientation around the inertia principal axis 
*********************************************************
Inertia matrix a.u. Ang^2: 
{  8.31743e+12  -150701  -117647  }
{  -150701  8.31743e+12  -157279  }
{  -117647  -157279  8.31743e+12  }
Rotation matrix applied to molecule: 
{  0.999999  -0.00133501  -0.00104425  }
{  0.00269127  0.999993  0.00278224  }
{  0.00104053  -0.00278504  0.999995  }
Molecule radius: 472.049 Ang 
orientation time of molecule target: 12.9645 s
target mass: 8.488e+07 amu
gas mass: 4.0026 amu
reduce mass: 4.0026 amu
charge state: -9540 e
*********************************************************
Geometric Ellipsoid: 
*********************************************************
maximal distances: 471.877  446.362  472.049  Ang
Initial axis length: 521.887  496.372  522.059  Ang
Ellipsoid axis length: 544.967  519.452  545.139  Ang
ellipsoid calculation time: 0.0726628 s
maximal impact parameter: 545.139 Ang
*********************************************************
Linked-cell: 
Numbers of cells: 720447
Nx: 91 Ny: 87 Nz: 91
Filled cells: 119899
Empty cells: 600548
Average atoms per cell: 98.051
Maximum atoms per cell: 210
Minimum atoms per cell: 1
Simulation box: 
lx: 1092.91 Ang
ly: 1044.87 Ang
lz: 1092.91 Ang
linked-cell calculation time: 1.96418 s
time info: 0.242889 s
*********************************************************
Trajectory calculations 
*********************************************************
out target time: 35.8899 s
Ntraj: 10000
Nfree: 347
Nscatter: 9653
Nlost: 0
omega: 923820
Ntraj: 10000
Nfree: 302
Nscatter: 9697
Nlost: 1
omega: 932512
Ntraj: 10000
Nfree: 328
Nscatter: 9672
Nlost: 0
omega: 914825
Ntraj: 10000
Nfree: 304
Nscatter: 9694
Nlost: 2
omega: 931397
Ntraj: 10000
Nfree: 318
Nscatter: 9682
Nlost: 0
omega: 921634
Ntraj: 10000
Nfree: 320
Nscatter: 9680
Nlost: 0
omega: 913173
Ntraj: 10000
Nfree: 295
Nscatter: 9705
Nlost: 0
omega: 921134
Ntraj: 10000
Nfree: 332
Nscatter: 9667
Nlost: 1
omega: 919402
Ntraj: 10000
Nfree: 327
Nscatter: 9672
Nlost: 1
omega: 915877
Ntraj: 10000
Nfree: 322
Nscatter: 9675
Nlost: 3
omega: 929531
*********************************************************
task: 0
worker id: 74958
time create lcl and mol: 0.411525 s
numbers of trajectories: 4167
time trajectory calculation: 8.2621 s
task: 1
worker id: 90603
time create lcl and mol: 0.393047 s
numbers of trajectories: 4167
time trajectory calculation: 8.53374 s
task: 2
worker id: 10736
time create lcl and mol: 0.41339 s
numbers of trajectories: 4167
time trajectory calculation: 9.96483 s
task: 3
worker id: 41979
time create lcl and mol: 0.412023 s
numbers of trajectories: 4167
time trajectory calculation: 9.62326 s
task: 4
worker id: 7837
time create lcl and mol: 0.41191 s
numbers of trajectories: 4167
time trajectory calculation: 9.18652 s
task: 5
worker id: 54519
time create lcl and mol: 0.401983 s
numbers of trajectories: 4167
time trajectory calculation: 10.2518 s
task: 6
worker id: 39276
time create lcl and mol: 0.397521 s
numbers of trajectories: 4167
time trajectory calculation: 8.58655 s
task: 7
worker id: 7837
time create lcl and mol: 0.421093 s
numbers of trajectories: 4167
time trajectory calculation: 10.3803 s
task: 8
worker id: 39276
time create lcl and mol: 0.422505 s
numbers of trajectories: 4167
time trajectory calculation: 8.41396 s
task: 9
worker id: 49846
time create lcl and mol: 0.40636 s
numbers of trajectories: 4167
time trajectory calculation: 8.00489 s
task: 10
worker id: 90603
time create lcl and mol: 0.397516 s
numbers of trajectories: 4167
time trajectory calculation: 8.70519 s
task: 11
worker id: 74958
time create lcl and mol: 0.403991 s
numbers of trajectories: 4167
time trajectory calculation: 8.41502 s
task: 12
worker id: 49846
time create lcl and mol: 0.421299 s
numbers of trajectories: 4167
time trajectory calculation: 8.07482 s
task: 13
worker id: 54519
time create lcl and mol: 0.411077 s
numbers of trajectories: 4167
time trajectory calculation: 8.81344 s
task: 14
worker id: 7837
time create lcl and mol: 0.426602 s
numbers of trajectories: 4167
time trajectory calculation: 8.33797 s
task: 15
worker id: 49846
time create lcl and mol: 0.398166 s
numbers of trajectories: 4167
time trajectory calculation: 8.63087 s
task: 16
worker id: 90603
time create lcl and mol: 0.416107 s
numbers of trajectories: 4166
time trajectory calculation: 7.73448 s
task: 17
worker id: 39276
time create lcl and mol: 0.40333 s
numbers of trajectories: 4166
time trajectory calculation: 7.76071 s
task: 18
worker id: 10736
time create lcl and mol: 0.398534 s
numbers of trajectories: 4166
time trajectory calculation: 8.56945 s
task: 19
worker id: 74958
time create lcl and mol: 0.400321 s
numbers of trajectories: 4166
time trajectory calculation: 8.50426 s
task: 20
worker id: 54519
time create lcl and mol: 0.408129 s
numbers of trajectories: 4166
time trajectory calculation: 9.68093 s
task: 21
worker id: 10736
time create lcl and mol: 0.40643 s
numbers of trajectories: 4166
time trajectory calculation: 10.5183 s
task: 22
worker id: 49846
time create lcl and mol: 0.398201 s
numbers of trajectories: 4166
time trajectory calculation: 8.27147 s
task: 23
worker id: 41979
time create lcl and mol: 0.414464 s
numbers of trajectories: 4166
time trajectory calculation: 16.3178 s
CCS time: 36.1408 s
*********************************************************
average value of CCS = 922331 Ang^2
error value of CCS = 2079.06 Ang^2
Total time: 51.1473 s
Program finished...
*********************************************************
INPUT:: Simulation Parameters 
*********************************************************
target filename                  : 6cgv.xyz
number of probe                  : 10000
number of iterarions             : 10
number of tasks                  : 24
number of threads                : 24
seed number                      : 2104
gas buffer                       : He
Target Temperature (K)           : 298
timestep (fs)                    : 10
Skin cell size (Ang)             : 0.01
Equipotential                    : no
Cut short-range interaction      : yes
LJ cutoff (Ang)                  : 12
Apply long-range interaction     : yes
Cut long-range interaction       : yes
Coulomb cutoff (Ang)             : 25
Apply induced-dipole interaction : yes
alpha (Ang^3)                    : 0.204956
force_type: 4
*********************************************************
Force Field parameters: 
*********************************************************
Symbol  mass (amu)  epislon (kcal/mol)  sigma(Angstroms) 
C   12.011   0.0309   3.043
N   14.007   0.0309   3.043
H   1.008   0.015   2.38
O   15.999   0.0309   3.043
S   32.06   0.0311   3.5
*********************************************************
MOLECULE:: orientation around the inertia principal axis 
*********************************************************
Inertia matrix a.u. Ang^2: 
{  8.31743e+12  -150701  -117647  }
{  -150701  8.31743e+12  -157279  }
{  -117647  -157279  8.31743e+12  }
Rotation matrix applied to molecule: 
{  0.999999  -0.00133501  -0.00104425  }
{  0.00269127  0.999993  0.00278224  }
{  0.00104053  -0.00278504  0.999995  }
Molecule radius: 472.049 Ang 
orientation time of molecule target: 12.6961 s
target mass: 8.488e+07 amu
gas mass: 4.0026 amu
reduce mass: 4.0026 amu
charge state: -9540 e
*********************************************************
Geometric Ellipsoid: 
*********************************************************
maximal distances: 471.877  446.362  472.049  Ang
Initial axis length: 521.887  496.372  522.059  Ang
Ellipsoid axis length: 544.967  519.452  545.139  Ang
ellipsoid calculation time: 0.072561 s
maximal impact parameter: 545.139 Ang
*********************************************************
Linked-cell: 
Numbers of cells: 720447
Nx: 91 Ny: 87 Nz: 91
Filled cells: 119899
Empty cells: 600548
Average atoms per cell: 98.051
Maximum atoms per cell: 210
Minimum atoms per cell: 1
Simulation box: 
lx: 1092.91 Ang
ly: 1044.87 Ang
lz: 1092.91 Ang
linked-cell calculation time: 1.9642 s
time info: 0.237916 s
*********************************************************
Trajectory calculations 
*********************************************************
out target time: 35.7315 s
Ntraj: 10000
Nfree: 347
Nscatter: 9653
Nlost: 0
omega: 923820
Ntraj: 10000
Nfree: 302
Nscatter: 9697
Nlost: 1
omega: 932512
Ntraj: 10000
Nfree: 328
Nscatter: 9672
Nlost: 0
omega: 914825
Ntraj: 10000
Nfree: 304
Nscatter: 9694
Nlost: 2
omega: 931397
Ntraj: 10000
Nfree: 318
Nscatter: 9682
Nlost: 0
omega: 921634
Ntraj: 10000
Nfree: 320
Nscatter: 9680
Nlost: 0
omega: 913173
Ntraj: 10000
Nfree: 295
Nscatter: 9705
Nlost: 0
omega: 921134
Ntraj: 10000
Nfree: 332
Nscatter: 9667
Nlost: 1
omega: 919402
Ntraj: 10000
Nfree: 327
Nscatter: 9672
Nlost: 1
omega: 915877
Ntraj: 10000
Nfree: 322
Nscatter: 9675
Nlost: 3
omega: 929531
*********************************************************
task: 0
worker id: 76950
time create lcl and mol: 0.409701 s
numbers of trajectories: 4167
time trajectory calculation: 8.04529 s
task: 1
worker id: 56503
time create lcl and mol: 0.390861 s
numbers of trajectories: 4167
time trajectory calculation: 8.49112 s
task: 2
worker id: 12720
time create lcl and mol: 0.392914 s
numbers of trajectories: 4167
time trajectory calculation: 10.0404 s
task: 3
worker id: 76950
time create lcl and mol: 0.393132 s
numbers of trajectories: 4167
time trajectory calculation: 9.72392 s
task: 4
worker id: 9831
time create lcl and mol: 0.413093 s
numbers of trajectories: 4167
time trajectory calculation: 9.19121 s
task: 5
worker id: 43965
time create lcl and mol: 0.389867 s
numbers of trajectories: 4167
time trajectory calculation: 10.0837 s
task: 6
worker id: 41257
time create lcl and mol: 0.420097 s
numbers of trajectories: 4167
time trajectory calculation: 8.68707 s
task: 7
worker id: 51825
time create lcl and mol: 0.395872 s
numbers of trajectories: 4167
time trajectory calculation: 10.5458 s
task: 8
worker id: 9831
time create lcl and mol: 0.415885 s
numbers of trajectories: 4167
time trajectory calculation: 8.40589 s
task: 9
worker id: 12720
time create lcl and mol: 0.400809 s
numbers of trajectories: 4167
time trajectory calculation: 8.0413 s
task: 10
worker id: 9831
time create lcl and mol: 0.399923 s
numbers of trajectories: 4167
time trajectory calculation: 8.34932 s
task: 11
worker id: 56503
time create lcl and mol: 0.392306 s
numbers of trajectories: 4167
time trajectory calculation: 8.69655 s
task: 12
worker id: 51825
time create lcl and mol: 0.401531 s
numbers of trajectories: 4167
time trajectory calculation: 7.9638 s
task: 13
worker id: 92596
time create lcl and mol: 0.415377 s
numbers of trajectories: 4167
time trajectory calculation: 8.8125 s
task: 14
worker id: 92596
time create lcl and mol: 0.410066 s
numbers of trajectories: 4167
time trajectory calculation: 8.37969 s
task: 15
worker id: 41257
time create lcl and mol: 0.415658 s
numbers of trajectories: 4167
time trajectory calculation: 8.62956 s
task: 16
worker id: 92596
time create lcl and mol: 0.407643 s
numbers of trajectories: 4166
time trajectory calculation: 7.96287 s
task: 17
worker id: 92596
time create lcl and mol: 0.395452 s
numbers of trajectories: 4166
time trajectory calculation: 7.67463 s
task: 18
worker id: 56503
time create lcl and mol: 0.389179 s
numbers of trajectories: 4166
time trajectory calculation: 8.64069 s
task: 19
worker id: 12720
time create lcl and mol: 0.431538 s
numbers of trajectories: 4166
time trajectory calculation: 8.49194 s
task: 20
worker id: 76950
time create lcl and mol: 0.412938 s
numbers of trajectories: 4166
time trajectory calculation: 9.22142 s
task: 21
worker id: 51825
time create lcl and mol: 0.391116 s
numbers of trajectories: 4166
time trajectory calculation: 10.579 s
task: 22
worker id: 41257
time create lcl and mol: 0.417378 s
numbers of trajectories: 4166
time trajectory calculation: 8.41288 s
task: 23
worker id: 43965
time create lcl and mol: 0.425684 s
numbers of trajectories: 4166
time trajectory calculation: 16.3967 s
CCS time: 35.9774 s
*********************************************************
average value of CCS = 922331 Ang^2
error value of CCS = 2079.06 Ang^2
Total time: 50.7151 s
Program finished...
[1695228304.048218] [sdumont6205:56503:0]       tag_match.c:62   UCX  WARN  unexpected tag-receive descriptor 0x556834a7af40 was not matched
[1695228304.049784] [sdumont6077:9831 :0]       tag_match.c:62   UCX  WARN  unexpected tag-receive descriptor 0x563320af2bc0 was not matched
*********************************************************
INPUT:: Simulation Parameters 
*********************************************************
target filename                  : 6cgv.xyz
number of probe                  : 10000
number of iterarions             : 10
number of tasks                  : 24
number of threads                : 24
seed number                      : 2104
gas buffer                       : He
Target Temperature (K)           : 298
timestep (fs)                    : 10
Skin cell size (Ang)             : 0.01
Equipotential                    : no
Cut short-range interaction      : yes
LJ cutoff (Ang)                  : 12
Apply long-range interaction     : yes
Cut long-range interaction       : yes
Coulomb cutoff (Ang)             : 25
Apply induced-dipole interaction : yes
alpha (Ang^3)                    : 0.204956
force_type: 4
*********************************************************
Force Field parameters: 
*********************************************************
Symbol  mass (amu)  epislon (kcal/mol)  sigma(Angstroms) 
C   12.011   0.0309   3.043
N   14.007   0.0309   3.043
H   1.008   0.015   2.38
O   15.999   0.0309   3.043
S   32.06   0.0311   3.5
*********************************************************
MOLECULE:: orientation around the inertia principal axis 
*********************************************************
Inertia matrix a.u. Ang^2: 
{  8.31743e+12  -150701  -117647  }
{  -150701  8.31743e+12  -157279  }
{  -117647  -157279  8.31743e+12  }
Rotation matrix applied to molecule: 
{  0.999999  -0.00133501  -0.00104425  }
{  0.00269127  0.999993  0.00278224  }
{  0.00104053  -0.00278504  0.999995  }
Molecule radius: 472.049 Ang 
orientation time of molecule target: 12.7958 s
target mass: 8.488e+07 amu
gas mass: 4.0026 amu
reduce mass: 4.0026 amu
charge state: -9540 e
*********************************************************
Geometric Ellipsoid: 
*********************************************************
maximal distances: 471.877  446.362  472.049  Ang
Initial axis length: 521.887  496.372  522.059  Ang
Ellipsoid axis length: 544.967  519.452  545.139  Ang
ellipsoid calculation time: 0.0727031 s
maximal impact parameter: 545.139 Ang
*********************************************************
Linked-cell: 
Numbers of cells: 720447
Nx: 91 Ny: 87 Nz: 91
Filled cells: 119899
Empty cells: 600548
Average atoms per cell: 98.051
Maximum atoms per cell: 210
Minimum atoms per cell: 1
Simulation box: 
lx: 1092.91 Ang
ly: 1044.87 Ang
lz: 1092.91 Ang
linked-cell calculation time: 1.96488 s
time info: 0.253042 s
*********************************************************
Trajectory calculations 
*********************************************************
out target time: 35.7965 s
Ntraj: 10000
Nfree: 347
Nscatter: 9653
Nlost: 0
omega: 923820
Ntraj: 10000
Nfree: 302
Nscatter: 9697
Nlost: 1
omega: 932512
Ntraj: 10000
Nfree: 328
Nscatter: 9672
Nlost: 0
omega: 914825
Ntraj: 10000
Nfree: 304
Nscatter: 9694
Nlost: 2
omega: 931397
Ntraj: 10000
Nfree: 318
Nscatter: 9682
Nlost: 0
omega: 921634
Ntraj: 10000
Nfree: 320
Nscatter: 9680
Nlost: 0
omega: 913173
Ntraj: 10000
Nfree: 295
Nscatter: 9705
Nlost: 0
omega: 921134
Ntraj: 10000
Nfree: 332
Nscatter: 9667
Nlost: 1
omega: 919402
Ntraj: 10000
Nfree: 327
Nscatter: 9672
Nlost: 1
omega: 915877
Ntraj: 10000
Nfree: 322
Nscatter: 9675
Nlost: 3
omega: 929531
*********************************************************
task: 0
worker id: 94309
time create lcl and mol: 0.41079 s
numbers of trajectories: 4167
time trajectory calculation: 8.33658 s
task: 1
worker id: 78665
time create lcl and mol: 0.417508 s
numbers of trajectories: 4167
time trajectory calculation: 8.34137 s
task: 2
worker id: 42961
time create lcl and mol: 0.412024 s
numbers of trajectories: 4167
time trajectory calculation: 10.0204 s
task: 3
worker id: 45672
time create lcl and mol: 0.410904 s
numbers of trajectories: 4167
time trajectory calculation: 9.71527 s
task: 4
worker id: 11557
time create lcl and mol: 0.412431 s
numbers of trajectories: 4167
time trajectory calculation: 8.68362 s
task: 5
worker id: 58213
time create lcl and mol: 0.401442 s
numbers of trajectories: 4167
time trajectory calculation: 9.78558 s
task: 6
worker id: 53539
time create lcl and mol: 0.412866 s
numbers of trajectories: 4167
time trajectory calculation: 8.66704 s
task: 7
worker id: 14429
time create lcl and mol: 0.410807 s
numbers of trajectories: 4167
time trajectory calculation: 10.5581 s
task: 8
worker id: 53539
time create lcl and mol: 0.40684 s
numbers of trajectories: 4167
time trajectory calculation: 8.38867 s
task: 9
worker id: 45672
time create lcl and mol: 0.435602 s
numbers of trajectories: 4167
time trajectory calculation: 7.96412 s
task: 10
worker id: 78665
time create lcl and mol: 0.433241 s
numbers of trajectories: 4167
time trajectory calculation: 8.61023 s
task: 11
worker id: 58213
time create lcl and mol: 0.417497 s
numbers of trajectories: 4167
time trajectory calculation: 8.73684 s
task: 12
worker id: 58213
time create lcl and mol: 0.392266 s
numbers of trajectories: 4167
time trajectory calculation: 7.86069 s
task: 13
worker id: 78665
time create lcl and mol: 0.412913 s
numbers of trajectories: 4167
time trajectory calculation: 8.85068 s
task: 14
worker id: 94309
time create lcl and mol: 0.432603 s
numbers of trajectories: 4167
time trajectory calculation: 8.37523 s
task: 15
worker id: 11557
time create lcl and mol: 0.401561 s
numbers of trajectories: 4167
time trajectory calculation: 8.67034 s
task: 16
worker id: 45672
time create lcl and mol: 0.395373 s
numbers of trajectories: 4166
time trajectory calculation: 8.0015 s
task: 17
worker id: 42961
time create lcl and mol: 0.407726 s
numbers of trajectories: 4166
time trajectory calculation: 7.97764 s
task: 18
worker id: 11557
time create lcl and mol: 0.420372 s
numbers of trajectories: 4166
time trajectory calculation: 8.50802 s
task: 19
worker id: 53539
time create lcl and mol: 0.436879 s
numbers of trajectories: 4166
time trajectory calculation: 8.49277 s
task: 20
worker id: 94309
time create lcl and mol: 0.397877 s
numbers of trajectories: 4166
time trajectory calculation: 9.77709 s
task: 21
worker id: 14429
time create lcl and mol: 0.397235 s
numbers of trajectories: 4166
time trajectory calculation: 10.4464 s
task: 22
worker id: 14429
time create lcl and mol: 0.40705 s
numbers of trajectories: 4166
time trajectory calculation: 8.3289 s
task: 23
worker id: 42961
time create lcl and mol: 0.415201 s
numbers of trajectories: 4166
time trajectory calculation: 15.5569 s
CCS time: 36.0575 s
*********************************************************
average value of CCS = 922331 Ang^2
error value of CCS = 2079.06 Ang^2
Total time: 50.8961 s
Program finished...
*********************************************************
INPUT:: Simulation Parameters 
*********************************************************
target filename                  : 6cgv.xyz
number of probe                  : 10000
number of iterarions             : 10
number of tasks                  : 24
number of threads                : 24
seed number                      : 2104
gas buffer                       : He
Target Temperature (K)           : 298
timestep (fs)                    : 10
Skin cell size (Ang)             : 0.01
Equipotential                    : no
Cut short-range interaction      : yes
LJ cutoff (Ang)                  : 12
Apply long-range interaction     : yes
Cut long-range interaction       : yes
Coulomb cutoff (Ang)             : 25
Apply induced-dipole interaction : yes
alpha (Ang^3)                    : 0.204956
force_type: 4
*********************************************************
Force Field parameters: 
*********************************************************
Symbol  mass (amu)  epislon (kcal/mol)  sigma(Angstroms) 
C   12.011   0.0309   3.043
N   14.007   0.0309   3.043
H   1.008   0.015   2.38
O   15.999   0.0309   3.043
S   32.06   0.0311   3.5
*********************************************************
MOLECULE:: orientation around the inertia principal axis 
*********************************************************
Inertia matrix a.u. Ang^2: 
{  8.31743e+12  -150701  -117647  }
{  -150701  8.31743e+12  -157279  }
{  -117647  -157279  8.31743e+12  }
Rotation matrix applied to molecule: 
{  0.999999  -0.00133501  -0.00104425  }
{  0.00269127  0.999993  0.00278224  }
{  0.00104053  -0.00278504  0.999995  }
Molecule radius: 472.049 Ang 
orientation time of molecule target: 12.6762 s
target mass: 8.488e+07 amu
gas mass: 4.0026 amu
reduce mass: 4.0026 amu
charge state: -9540 e
*********************************************************
Geometric Ellipsoid: 
*********************************************************
maximal distances: 471.877  446.362  472.049  Ang
Initial axis length: 521.887  496.372  522.059  Ang
Ellipsoid axis length: 544.967  519.452  545.139  Ang
ellipsoid calculation time: 0.0723848 s
maximal impact parameter: 545.139 Ang
*********************************************************
Linked-cell: 
Numbers of cells: 720447
Nx: 91 Ny: 87 Nz: 91
Filled cells: 119899
Empty cells: 600548
Average atoms per cell: 98.051
Maximum atoms per cell: 210
Minimum atoms per cell: 1
Simulation box: 
lx: 1092.91 Ang
ly: 1044.87 Ang
lz: 1092.91 Ang
linked-cell calculation time: 2.02679 s
time info: 0.24527 s
*********************************************************
Trajectory calculations 
*********************************************************
out target time: 36.3354 s
Ntraj: 10000
Nfree: 347
Nscatter: 9653
Nlost: 0
omega: 923820
Ntraj: 10000
Nfree: 302
Nscatter: 9697
Nlost: 1
omega: 932512
Ntraj: 10000
Nfree: 328
Nscatter: 9672
Nlost: 0
omega: 914825
Ntraj: 10000
Nfree: 304
Nscatter: 9694
Nlost: 2
omega: 931397
Ntraj: 10000
Nfree: 318
Nscatter: 9682
Nlost: 0
omega: 921634
Ntraj: 10000
Nfree: 320
Nscatter: 9680
Nlost: 0
omega: 913173
Ntraj: 10000
Nfree: 295
Nscatter: 9705
Nlost: 0
omega: 921134
Ntraj: 10000
Nfree: 332
Nscatter: 9667
Nlost: 1
omega: 919402
Ntraj: 10000
Nfree: 327
Nscatter: 9672
Nlost: 1
omega: 915877
Ntraj: 10000
Nfree: 322
Nscatter: 9675
Nlost: 3
omega: 929531
*********************************************************
task: 0
worker id: 80328
time create lcl and mol: 0.399027 s
numbers of trajectories: 4167
time trajectory calculation: 8.30959 s
task: 1
worker id: 80328
time create lcl and mol: 0.3957 s
numbers of trajectories: 4167
time trajectory calculation: 8.56218 s
task: 2
worker id: 59885
time create lcl and mol: 0.393113 s
numbers of trajectories: 4167
time trajectory calculation: 9.98137 s
task: 3
worker id: 16086
time create lcl and mol: 0.417277 s
numbers of trajectories: 4167
time trajectory calculation: 9.82999 s
task: 4
worker id: 47331
time create lcl and mol: 0.399522 s
numbers of trajectories: 4167
time trajectory calculation: 8.81018 s
task: 5
worker id: 44624
time create lcl and mol: 0.413472 s
numbers of trajectories: 4167
time trajectory calculation: 10.0887 s
task: 6
worker id: 13231
time create lcl and mol: 0.392951 s
numbers of trajectories: 4167
time trajectory calculation: 8.65482 s
task: 7
worker id: 55205
time create lcl and mol: 0.414387 s
numbers of trajectories: 4167
time trajectory calculation: 10.0481 s
task: 8
worker id: 59885
time create lcl and mol: 0.408106 s
numbers of trajectories: 4167
time trajectory calculation: 8.46582 s
task: 9
worker id: 44624
time create lcl and mol: 0.414887 s
numbers of trajectories: 4167
time trajectory calculation: 8.03599 s
task: 10
worker id: 13231
time create lcl and mol: 0.398963 s
numbers of trajectories: 4167
time trajectory calculation: 8.60506 s
task: 11
worker id: 80328
time create lcl and mol: 0.424101 s
numbers of trajectories: 4167
time trajectory calculation: 8.68663 s
task: 12
worker id: 16086
time create lcl and mol: 0.402115 s
numbers of trajectories: 4167
time trajectory calculation: 8.08732 s
task: 13
worker id: 13231
time create lcl and mol: 0.397433 s
numbers of trajectories: 4167
time trajectory calculation: 8.86877 s
task: 14
worker id: 95966
time create lcl and mol: 0.4183 s
numbers of trajectories: 4167
time trajectory calculation: 8.41925 s
task: 15
worker id: 44624
time create lcl and mol: 0.401798 s
numbers of trajectories: 4167
time trajectory calculation: 8.72491 s
task: 16
worker id: 95966
time create lcl and mol: 0.41019 s
numbers of trajectories: 4166
time trajectory calculation: 8.02341 s
task: 17
worker id: 95966
time create lcl and mol: 0.409894 s
numbers of trajectories: 4166
time trajectory calculation: 7.95856 s
task: 18
worker id: 47331
time create lcl and mol: 0.403877 s
numbers of trajectories: 4166
time trajectory calculation: 8.48606 s
task: 19
worker id: 55205
time create lcl and mol: 0.402436 s
numbers of trajectories: 4166
time trajectory calculation: 8.32823 s
task: 20
worker id: 59885
time create lcl and mol: 0.420898 s
numbers of trajectories: 4166
time trajectory calculation: 9.71902 s
task: 21
worker id: 47331
time create lcl and mol: 0.423207 s
numbers of trajectories: 4166
time trajectory calculation: 10.4631 s
task: 22
worker id: 55205
time create lcl and mol: 0.409044 s
numbers of trajectories: 4166
time trajectory calculation: 8.71644 s
task: 23
worker id: 16086
time create lcl and mol: 0.397311 s
numbers of trajectories: 4166
time trajectory calculation: 16.1162 s
CCS time: 36.5891 s
*********************************************************
average value of CCS = 922331 Ang^2
error value of CCS = 2079.06 Ang^2
Total time: 51.3692 s
Program finished...
*********************************************************
INPUT:: Simulation Parameters 
*********************************************************
target filename                  : 6cgv.xyz
number of probe                  : 10000
number of iterarions             : 10
number of tasks                  : 24
number of threads                : 24
seed number                      : 2104
gas buffer                       : He
Target Temperature (K)           : 298
timestep (fs)                    : 10
Skin cell size (Ang)             : 0.01
Equipotential                    : no
Cut short-range interaction      : yes
LJ cutoff (Ang)                  : 12
Apply long-range interaction     : yes
Cut long-range interaction       : yes
Coulomb cutoff (Ang)             : 25
Apply induced-dipole interaction : yes
alpha (Ang^3)                    : 0.204956
force_type: 4
*********************************************************
Force Field parameters: 
*********************************************************
Symbol  mass (amu)  epislon (kcal/mol)  sigma(Angstroms) 
C   12.011   0.0309   3.043
N   14.007   0.0309   3.043
H   1.008   0.015   2.38
O   15.999   0.0309   3.043
S   32.06   0.0311   3.5
*********************************************************
MOLECULE:: orientation around the inertia principal axis 
*********************************************************
Inertia matrix a.u. Ang^2: 
{  8.31743e+12  -150701  -117647  }
{  -150701  8.31743e+12  -157279  }
{  -117647  -157279  8.31743e+12  }
Rotation matrix applied to molecule: 
{  0.999999  -0.00133501  -0.00104425  }
{  0.00269127  0.999993  0.00278224  }
{  0.00104053  -0.00278504  0.999995  }
Molecule radius: 472.049 Ang 
orientation time of molecule target: 12.7392 s
target mass: 8.488e+07 amu
gas mass: 4.0026 amu
reduce mass: 4.0026 amu
charge state: -9540 e
*********************************************************
Geometric Ellipsoid: 
*********************************************************
maximal distances: 471.877  446.362  472.049  Ang
Initial axis length: 521.887  496.372  522.059  Ang
Ellipsoid axis length: 544.967  519.452  545.139  Ang
ellipsoid calculation time: 0.072571 s
maximal impact parameter: 545.139 Ang
*********************************************************
Linked-cell: 
Numbers of cells: 720447
Nx: 91 Ny: 87 Nz: 91
Filled cells: 119899
Empty cells: 600548
Average atoms per cell: 98.051
Maximum atoms per cell: 210
Minimum atoms per cell: 1
Simulation box: 
lx: 1092.91 Ang
ly: 1044.87 Ang
lz: 1092.91 Ang
linked-cell calculation time: 1.95635 s
time info: 0.238298 s
*********************************************************
Trajectory calculations 
*********************************************************
out target time: 36.0189 s
Ntraj: 10000
Nfree: 347
Nscatter: 9653
Nlost: 0
omega: 923820
Ntraj: 10000
Nfree: 302
Nscatter: 9697
Nlost: 1
omega: 932512
Ntraj: 10000
Nfree: 328
Nscatter: 9672
Nlost: 0
omega: 914825
Ntraj: 10000
Nfree: 304
Nscatter: 9694
Nlost: 2
omega: 931397
Ntraj: 10000
Nfree: 318
Nscatter: 9682
Nlost: 0
omega: 921634
Ntraj: 10000
Nfree: 320
Nscatter: 9680
Nlost: 0
omega: 913173
Ntraj: 10000
Nfree: 295
Nscatter: 9705
Nlost: 0
omega: 921134
Ntraj: 10000
Nfree: 332
Nscatter: 9667
Nlost: 1
omega: 919402
Ntraj: 10000
Nfree: 327
Nscatter: 9672
Nlost: 1
omega: 915877
Ntraj: 10000
Nfree: 322
Nscatter: 9675
Nlost: 3
omega: 929531
*********************************************************
task: 0
worker id: 61557
time create lcl and mol: 0.394748 s
numbers of trajectories: 4167
time trajectory calculation: 8.23406 s
task: 1
worker id: 17759
time create lcl and mol: 0.405694 s
numbers of trajectories: 4167
time trajectory calculation: 8.54321 s
task: 2
worker id: 49003
time create lcl and mol: 0.405722 s
numbers of trajectories: 4167
time trajectory calculation: 10.0426 s
task: 3
worker id: 17759
time create lcl and mol: 0.411494 s
numbers of trajectories: 4167
time trajectory calculation: 9.7346 s
task: 4
worker id: 14919
time create lcl and mol: 0.409732 s
numbers of trajectories: 4167
time trajectory calculation: 9.06989 s
task: 5
worker id: 56883
time create lcl and mol: 0.413807 s
numbers of trajectories: 4167
time trajectory calculation: 10.0589 s
task: 6
worker id: 49003
time create lcl and mol: 0.427203 s
numbers of trajectories: 4167
time trajectory calculation: 8.58329 s
task: 7
worker id: 56883
time create lcl and mol: 0.396671 s
numbers of trajectories: 4167
time trajectory calculation: 10.4577 s
task: 8
worker id: 56883
time create lcl and mol: 0.414853 s
numbers of trajectories: 4167
time trajectory calculation: 8.33355 s
task: 9
worker id: 61557
time create lcl and mol: 0.393524 s
numbers of trajectories: 4167
time trajectory calculation: 7.89222 s
task: 10
worker id: 61557
time create lcl and mol: 0.397477 s
numbers of trajectories: 4167
time trajectory calculation: 8.69472 s
task: 11
worker id: 17759
time create lcl and mol: 0.394673 s
numbers of trajectories: 4167
time trajectory calculation: 8.45644 s
task: 12
worker id: 97644
time create lcl and mol: 0.412702 s
numbers of trajectories: 4167
time trajectory calculation: 8.07117 s
task: 13
worker id: 49003
time create lcl and mol: 0.423809 s
numbers of trajectories: 4167
time trajectory calculation: 8.7537 s
task: 14
worker id: 14919
time create lcl and mol: 0.412254 s
numbers of trajectories: 4167
time trajectory calculation: 8.36303 s
task: 15
worker id: 97644
time create lcl and mol: 0.411694 s
numbers of trajectories: 4167
time trajectory calculation: 8.69122 s
task: 16
worker id: 46299
time create lcl and mol: 0.409678 s
numbers of trajectories: 4166
time trajectory calculation: 7.77001 s
task: 17
worker id: 14919
time create lcl and mol: 0.402128 s
numbers of trajectories: 4166
time trajectory calculation: 7.92693 s
task: 18
worker id: 97644
time create lcl and mol: 0.398056 s
numbers of trajectories: 4166
time trajectory calculation: 8.74152 s
task: 19
worker id: 61557
time create lcl and mol: 0.405989 s
numbers of trajectories: 4166
time trajectory calculation: 8.33957 s
task: 20
worker id: 82002
time create lcl and mol: 0.411759 s
numbers of trajectories: 4166
time trajectory calculation: 9.6588 s
task: 21
worker id: 46299
time create lcl and mol: 0.425107 s
numbers of trajectories: 4166
time trajectory calculation: 10.3906 s
task: 22
worker id: 46299
time create lcl and mol: 0.42359 s
numbers of trajectories: 4166
time trajectory calculation: 8.50243 s
task: 23
worker id: 82002
time create lcl and mol: 0.420335 s
numbers of trajectories: 4166
time trajectory calculation: 16.3225 s
CCS time: 36.2651 s
*********************************************************
average value of CCS = 922331 Ang^2
error value of CCS = 2079.06 Ang^2
Total time: 51.0387 s
Program finished...
