*********************************************************
INPUT:: Simulation Parameters 
*********************************************************
target filename                  : 6vsb_pH8.xyz
number of probe                  : 10000
number of iterarions             : 10
number of tasks                  : 20
number of threads                : 24
seed number                      : 2104
gas buffer                       : He
Target Temperature (K)           : 298
timestep (fs)                    : 10
Skin cell size (Ang)             : 0.01
Equipotential                    : no
Cut short-range interaction      : yes
LJ cutoff (Ang)                  : 12
Apply long-range interaction     : yes
Cut long-range interaction       : yes
Coulomb cutoff (Ang)             : 25
Apply induced-dipole interaction : yes
alpha (Ang^3)                    : 0.204956
force_type: 4
*********************************************************
Force Field parameters: 
*********************************************************
Symbol  mass (amu)  epislon (kcal/mol)  sigma(Angstroms) 
C   12.011   0.0309   3.043
N   14.007   0.0309   3.043
H   1.008   0.015   2.38
O   15.999   0.0309   3.043
S   32.06   0.0311   3.5
*********************************************************
MOLECULE:: orientation around the inertia principal axis 
*********************************************************
Inertia matrix a.u. Ang^2: 
{  5.96602e+08  -2.76401e+06  2.13405e+06  }
{  -2.76401e+06  5.91979e+08  5.29065e+06  }
{  2.13405e+06  5.29065e+06  3.21168e+08  }
Rotation matrix applied to molecule: 
{  0.905562  -0.424213  -0.00112692  }
{  0.00793947  0.0196042  -0.999776  }
{  0.42414  0.90535  0.0211208  }
Molecule radius: 92.1165 Ang 
orientation time of molecule target: 0.0517781 s
target mass: 322081 amu
gas mass: 4.0026 amu
reduce mass: 4.00255 amu
charge state: -24.0016 e
*********************************************************
Geometric Ellipsoid: 
*********************************************************
maximal distances: 67.6873  68.9213  91.9941  Ang
Initial axis length: 117.697  118.931  142.004  Ang
Ellipsoid axis length: 125.107  126.341  149.414  Ang
ellipsoid calculation time: 0.000341177 s
maximal impact parameter: 149.414 Ang
*********************************************************
Linked-cell: 
Numbers of cells: 11550
Nx: 21 Ny: 22 Nz: 25
Filled cells: 596
Empty cells: 10954
Average atoms per cell: 75.4077
Maximum atoms per cell: 203
Minimum atoms per cell: 1
Simulation box: 
lx: 252.21 Ang
ly: 264.22 Ang
lz: 300.25 Ang
linked-cell calculation time: 0.0149632 s
time info: 0.00141501 s
*********************************************************
Trajectory calculations 
*********************************************************
out target time: 9.86766 s
Ntraj: 10000
Nfree: 2031
Nscatter: 7967
Nlost: 2
omega: 15276.9
Ntraj: 10000
Nfree: 2012
Nscatter: 7987
Nlost: 1
omega: 16021.9
Ntraj: 10000
Nfree: 2033
Nscatter: 7967
Nlost: 0
omega: 15932.4
Ntraj: 10000
Nfree: 1999
Nscatter: 8000
Nlost: 1
omega: 16573.7
Ntraj: 10000
Nfree: 2013
Nscatter: 7984
Nlost: 3
omega: 16214.8
Ntraj: 10000
Nfree: 2086
Nscatter: 7913
Nlost: 1
omega: 16330.9
Ntraj: 10000
Nfree: 2046
Nscatter: 7952
Nlost: 2
omega: 16288.1
Ntraj: 10000
Nfree: 2019
Nscatter: 7980
Nlost: 1
omega: 15990.1
Ntraj: 10000
Nfree: 2071
Nscatter: 7927
Nlost: 2
omega: 16645.2
Ntraj: 10000
Nfree: 2028
Nscatter: 7970
Nlost: 2
omega: 16797.2
*********************************************************
task: 0
worker id: 56492
time create lcl and mol: 0.00352693 s
numbers of trajectories: 5000
time trajectory calculation: 2.63262 s
task: 1
worker id: 23127
time create lcl and mol: 0.0034821 s
numbers of trajectories: 5000
time trajectory calculation: 2.32919 s
task: 2
worker id: 87725
time create lcl and mol: 0.00346398 s
numbers of trajectories: 5000
time trajectory calculation: 2.83994 s
task: 3
worker id: 2653
time create lcl and mol: 0.00339794 s
numbers of trajectories: 5000
time trajectory calculation: 2.26657 s
task: 4
worker id: 95607
time create lcl and mol: 0.00355911 s
numbers of trajectories: 5000
time trajectory calculation: 2.8545 s
task: 5
worker id: 84955
time create lcl and mol: 0.00350595 s
numbers of trajectories: 5000
time trajectory calculation: 1.38867 s
task: 6
worker id: 84955
time create lcl and mol: 0.00364709 s
numbers of trajectories: 5000
time trajectory calculation: 1.69567 s
task: 7
worker id: 48345
time create lcl and mol: 0.00351906 s
numbers of trajectories: 5000
time trajectory calculation: 4.8434 s
task: 8
worker id: 38791
time create lcl and mol: 0.00343394 s
numbers of trajectories: 5000
time trajectory calculation: 1.93667 s
task: 9
worker id: 95607
time create lcl and mol: 0.00315619 s
numbers of trajectories: 5000
time trajectory calculation: 5.14554 s
task: 10
worker id: 38791
time create lcl and mol: 0.00353003 s
numbers of trajectories: 5000
time trajectory calculation: 3.80215 s
task: 11
worker id: 2653
time create lcl and mol: 0.00363302 s
numbers of trajectories: 5000
time trajectory calculation: 2.06202 s
task: 12
worker id: 23127
time create lcl and mol: 0.00372696 s
numbers of trajectories: 5000
time trajectory calculation: 3.57511 s
task: 13
worker id: 2653
time create lcl and mol: 0.00360894 s
numbers of trajectories: 5000
time trajectory calculation: 2.73976 s
task: 14
worker id: 87725
time create lcl and mol: 0.00363207 s
numbers of trajectories: 5000
time trajectory calculation: 3.26882 s
task: 15
worker id: 48345
time create lcl and mol: 0.00337219 s
numbers of trajectories: 5000
time trajectory calculation: 2.02696 s
task: 16
worker id: 38791
time create lcl and mol: 0.00326896 s
numbers of trajectories: 5000
time trajectory calculation: 2.75794 s
task: 17
worker id: 95607
time create lcl and mol: 0.00359488 s
numbers of trajectories: 5000
time trajectory calculation: 1.76187 s
task: 18
worker id: 84955
time create lcl and mol: 0.00360799 s
numbers of trajectories: 5000
time trajectory calculation: 3.45621 s
task: 19
worker id: 56492
time create lcl and mol: 0.00370812 s
numbers of trajectories: 5000
time trajectory calculation: 3.98732 s
CCS time: 9.87574 s
*********************************************************
average value of CCS = 16207.1 Ang^2
error value of CCS = 131.1 Ang^2
Total time: 9.94802 s
Program finished...
*********************************************************
INPUT:: Simulation Parameters 
*********************************************************
target filename                  : 6vsb_pH8.xyz
number of probe                  : 10000
number of iterarions             : 10
number of tasks                  : 20
number of threads                : 24
seed number                      : 2104
gas buffer                       : He
Target Temperature (K)           : 298
timestep (fs)                    : 10
Skin cell size (Ang)             : 0.01
Equipotential                    : no
Cut short-range interaction      : yes
LJ cutoff (Ang)                  : 12
Apply long-range interaction     : yes
Cut long-range interaction       : yes
Coulomb cutoff (Ang)             : 25
Apply induced-dipole interaction : yes
alpha (Ang^3)                    : 0.204956
force_type: 4
*********************************************************
Force Field parameters: 
*********************************************************
Symbol  mass (amu)  epislon (kcal/mol)  sigma(Angstroms) 
C   12.011   0.0309   3.043
N   14.007   0.0309   3.043
H   1.008   0.015   2.38
O   15.999   0.0309   3.043
S   32.06   0.0311   3.5
*********************************************************
MOLECULE:: orientation around the inertia principal axis 
*********************************************************
Inertia matrix a.u. Ang^2: 
{  5.96602e+08  -2.76401e+06  2.13405e+06  }
{  -2.76401e+06  5.91979e+08  5.29065e+06  }
{  2.13405e+06  5.29065e+06  3.21168e+08  }
Rotation matrix applied to molecule: 
{  0.905562  -0.424213  -0.00112692  }
{  0.00793947  0.0196042  -0.999776  }
{  0.42414  0.90535  0.0211208  }
Molecule radius: 92.1165 Ang 
orientation time of molecule target: 0.0489981 s
target mass: 322081 amu
gas mass: 4.0026 amu
reduce mass: 4.00255 amu
charge state: -24.0016 e
*********************************************************
Geometric Ellipsoid: 
*********************************************************
maximal distances: 67.6873  68.9213  91.9941  Ang
Initial axis length: 117.697  118.931  142.004  Ang
Ellipsoid axis length: 125.107  126.341  149.414  Ang
ellipsoid calculation time: 0.000329018 s
maximal impact parameter: 149.414 Ang
*********************************************************
Linked-cell: 
Numbers of cells: 11550
Nx: 21 Ny: 22 Nz: 25
Filled cells: 596
Empty cells: 10954
Average atoms per cell: 75.4077
Maximum atoms per cell: 203
Minimum atoms per cell: 1
Simulation box: 
lx: 252.21 Ang
ly: 264.22 Ang
lz: 300.25 Ang
linked-cell calculation time: 0.0147481 s
time info: 0.00149012 s
*********************************************************
Trajectory calculations 
*********************************************************
out target time: 8.52375 s
Ntraj: 10000
Nfree: 2031
Nscatter: 7967
Nlost: 2
omega: 15276.9
Ntraj: 10000
Nfree: 2012
Nscatter: 7987
Nlost: 1
omega: 16021.9
Ntraj: 10000
Nfree: 2033
Nscatter: 7967
Nlost: 0
omega: 15932.4
Ntraj: 10000
Nfree: 1999
Nscatter: 8000
Nlost: 1
omega: 16573.7
Ntraj: 10000
Nfree: 2013
Nscatter: 7984
Nlost: 3
omega: 16214.8
Ntraj: 10000
Nfree: 2086
Nscatter: 7913
Nlost: 1
omega: 16330.9
Ntraj: 10000
Nfree: 2046
Nscatter: 7952
Nlost: 2
omega: 16288.1
Ntraj: 10000
Nfree: 2019
Nscatter: 7980
Nlost: 1
omega: 15990.1
Ntraj: 10000
Nfree: 2071
Nscatter: 7927
Nlost: 2
omega: 16645.2
Ntraj: 10000
Nfree: 2028
Nscatter: 7970
Nlost: 2
omega: 16797.2
*********************************************************
task: 0
worker id: 48759
time create lcl and mol: 0.00345206 s
numbers of trajectories: 5000
time trajectory calculation: 2.70084 s
task: 1
worker id: 88124
time create lcl and mol: 0.00348496 s
numbers of trajectories: 5000
time trajectory calculation: 2.30456 s
task: 2
worker id: 85353
time create lcl and mol: 0.00355697 s
numbers of trajectories: 5000
time trajectory calculation: 2.76895 s
task: 3
worker id: 3131
time create lcl and mol: 0.00355315 s
numbers of trajectories: 5000
time trajectory calculation: 2.26007 s
task: 4
worker id: 96005
time create lcl and mol: 0.00344706 s
numbers of trajectories: 5000
time trajectory calculation: 2.99374 s
task: 5
worker id: 48759
time create lcl and mol: 0.00374484 s
numbers of trajectories: 5000
time trajectory calculation: 1.38031 s
task: 6
worker id: 85353
time create lcl and mol: 0.00347495 s
numbers of trajectories: 5000
time trajectory calculation: 1.77069 s
task: 7
worker id: 39190
time create lcl and mol: 0.00348091 s
numbers of trajectories: 5000
time trajectory calculation: 4.85069 s
task: 8
worker id: 56895
time create lcl and mol: 0.00344086 s
numbers of trajectories: 5000
time trajectory calculation: 1.9929 s
task: 9
worker id: 23527
time create lcl and mol: 0.00346684 s
numbers of trajectories: 5000
time trajectory calculation: 5.22845 s
task: 10
worker id: 48759
time create lcl and mol: 0.00346899 s
numbers of trajectories: 5000
time trajectory calculation: 3.9792 s
task: 11
worker id: 3131
time create lcl and mol: 0.00366187 s
numbers of trajectories: 5000
time trajectory calculation: 2.03121 s
task: 12
worker id: 39190
time create lcl and mol: 0.00342703 s
numbers of trajectories: 5000
time trajectory calculation: 3.55691 s
task: 13
worker id: 85353
time create lcl and mol: 0.00348783 s
numbers of trajectories: 5000
time trajectory calculation: 2.68904 s
task: 14
worker id: 56895
time create lcl and mol: 0.00366902 s
numbers of trajectories: 5000
time trajectory calculation: 3.2298 s
task: 15
worker id: 23527
time create lcl and mol: 0.00338912 s
numbers of trajectories: 5000
time trajectory calculation: 2.03169 s
task: 16
worker id: 3131
time create lcl and mol: 0.00358295 s
numbers of trajectories: 5000
time trajectory calculation: 2.75347 s
task: 17
worker id: 56895
time create lcl and mol: 0.00354695 s
numbers of trajectories: 5000
time trajectory calculation: 1.73684 s
task: 18
worker id: 88124
time create lcl and mol: 0.00364399 s
numbers of trajectories: 5000
time trajectory calculation: 3.49516 s
task: 19
worker id: 96005
time create lcl and mol: 0.00336289 s
numbers of trajectories: 5000
time trajectory calculation: 3.99236 s
CCS time: 8.53205 s
*********************************************************
average value of CCS = 16207.1 Ang^2
error value of CCS = 131.1 Ang^2
Total time: 8.60143 s
Program finished...
*********************************************************
INPUT:: Simulation Parameters 
*********************************************************
target filename                  : 6vsb_pH8.xyz
number of probe                  : 10000
number of iterarions             : 10
number of tasks                  : 20
number of threads                : 24
seed number                      : 2104
gas buffer                       : He
Target Temperature (K)           : 298
timestep (fs)                    : 10
Skin cell size (Ang)             : 0.01
Equipotential                    : no
Cut short-range interaction      : yes
LJ cutoff (Ang)                  : 12
Apply long-range interaction     : yes
Cut long-range interaction       : yes
Coulomb cutoff (Ang)             : 25
Apply induced-dipole interaction : yes
alpha (Ang^3)                    : 0.204956
force_type: 4
*********************************************************
Force Field parameters: 
*********************************************************
Symbol  mass (amu)  epislon (kcal/mol)  sigma(Angstroms) 
C   12.011   0.0309   3.043
N   14.007   0.0309   3.043
H   1.008   0.015   2.38
O   15.999   0.0309   3.043
S   32.06   0.0311   3.5
*********************************************************
MOLECULE:: orientation around the inertia principal axis 
*********************************************************
Inertia matrix a.u. Ang^2: 
{  5.96602e+08  -2.76401e+06  2.13405e+06  }
{  -2.76401e+06  5.91979e+08  5.29065e+06  }
{  2.13405e+06  5.29065e+06  3.21168e+08  }
Rotation matrix applied to molecule: 
{  0.905562  -0.424213  -0.00112692  }
{  0.00793947  0.0196042  -0.999776  }
{  0.42414  0.90535  0.0211208  }
Molecule radius: 92.1165 Ang 
orientation time of molecule target: 0.0491121 s
target mass: 322081 amu
gas mass: 4.0026 amu
reduce mass: 4.00255 amu
charge state: -24.0016 e
*********************************************************
Geometric Ellipsoid: 
*********************************************************
maximal distances: 67.6873  68.9213  91.9941  Ang
Initial axis length: 117.697  118.931  142.004  Ang
Ellipsoid axis length: 125.107  126.341  149.414  Ang
ellipsoid calculation time: 0.000321865 s
maximal impact parameter: 149.414 Ang
*********************************************************
Linked-cell: 
Numbers of cells: 11550
Nx: 21 Ny: 22 Nz: 25
Filled cells: 596
Empty cells: 10954
Average atoms per cell: 75.4077
Maximum atoms per cell: 203
Minimum atoms per cell: 1
Simulation box: 
lx: 252.21 Ang
ly: 264.22 Ang
lz: 300.25 Ang
linked-cell calculation time: 0.014636 s
time info: 0.00146294 s
*********************************************************
Trajectory calculations 
*********************************************************
out target time: 8.37396 s
Ntraj: 10000
Nfree: 2031
Nscatter: 7967
Nlost: 2
omega: 15276.9
Ntraj: 10000
Nfree: 2012
Nscatter: 7987
Nlost: 1
omega: 16021.9
Ntraj: 10000
Nfree: 2033
Nscatter: 7967
Nlost: 0
omega: 15932.4
Ntraj: 10000
Nfree: 1999
Nscatter: 8000
Nlost: 1
omega: 16573.7
Ntraj: 10000
Nfree: 2013
Nscatter: 7984
Nlost: 3
omega: 16214.8
Ntraj: 10000
Nfree: 2086
Nscatter: 7913
Nlost: 1
omega: 16330.9
Ntraj: 10000
Nfree: 2046
Nscatter: 7952
Nlost: 2
omega: 16288.1
Ntraj: 10000
Nfree: 2019
Nscatter: 7980
Nlost: 1
omega: 15990.1
Ntraj: 10000
Nfree: 2071
Nscatter: 7927
Nlost: 2
omega: 16645.2
Ntraj: 10000
Nfree: 2028
Nscatter: 7970
Nlost: 2
omega: 16797.2
*********************************************************
task: 0
worker id: 49171
time create lcl and mol: 0.0034759 s
numbers of trajectories: 5000
time trajectory calculation: 2.58915 s
task: 1
worker id: 96404
time create lcl and mol: 0.00347996 s
numbers of trajectories: 5000
time trajectory calculation: 2.284 s
task: 2
worker id: 23927
time create lcl and mol: 0.00348783 s
numbers of trajectories: 5000
time trajectory calculation: 2.78684 s
task: 3
worker id: 3532
time create lcl and mol: 0.00353503 s
numbers of trajectories: 5000
time trajectory calculation: 2.26625 s
task: 4
worker id: 39591
time create lcl and mol: 0.0034709 s
numbers of trajectories: 5000
time trajectory calculation: 2.95993 s
task: 5
worker id: 39591
time create lcl and mol: 0.00344801 s
numbers of trajectories: 5000
time trajectory calculation: 1.33166 s
task: 6
worker id: 57294
time create lcl and mol: 0.00349689 s
numbers of trajectories: 5000
time trajectory calculation: 1.79 s
task: 7
worker id: 88526
time create lcl and mol: 0.00337911 s
numbers of trajectories: 5000
time trajectory calculation: 4.89869 s
task: 8
worker id: 85751
time create lcl and mol: 0.003654 s
numbers of trajectories: 5000
time trajectory calculation: 1.86257 s
task: 9
worker id: 57294
time create lcl and mol: 0.00357008 s
numbers of trajectories: 5000
time trajectory calculation: 5.23738 s
task: 10
worker id: 49171
time create lcl and mol: 0.00370288 s
numbers of trajectories: 5000
time trajectory calculation: 3.74507 s
task: 11
worker id: 23927
time create lcl and mol: 0.00339508 s
numbers of trajectories: 5000
time trajectory calculation: 2.01352 s
task: 12
worker id: 85751
time create lcl and mol: 0.00352311 s
numbers of trajectories: 5000
time trajectory calculation: 3.47855 s
task: 13
worker id: 23927
time create lcl and mol: 0.00365591 s
numbers of trajectories: 5000
time trajectory calculation: 2.68317 s
task: 14
worker id: 96404
time create lcl and mol: 0.00370383 s
numbers of trajectories: 5000
time trajectory calculation: 3.25376 s
task: 15
worker id: 85751
time create lcl and mol: 0.003196 s
numbers of trajectories: 5000
time trajectory calculation: 2.14511 s
task: 16
worker id: 88526
time create lcl and mol: 0.00353003 s
numbers of trajectories: 5000
time trajectory calculation: 2.7961 s
task: 17
worker id: 96404
time create lcl and mol: 0.00370884 s
numbers of trajectories: 5000
time trajectory calculation: 1.72179 s
task: 18
worker id: 3532
time create lcl and mol: 0.00373912 s
numbers of trajectories: 5000
time trajectory calculation: 3.55172 s
task: 19
worker id: 39591
time create lcl and mol: 0.00363016 s
numbers of trajectories: 5000
time trajectory calculation: 3.99611 s
CCS time: 8.38226 s
*********************************************************
average value of CCS = 16207.1 Ang^2
error value of CCS = 131.1 Ang^2
Total time: 8.45146 s
Program finished...
*********************************************************
INPUT:: Simulation Parameters 
*********************************************************
target filename                  : 6vsb_pH8.xyz
number of probe                  : 10000
number of iterarions             : 10
number of tasks                  : 20
number of threads                : 24
seed number                      : 2104
gas buffer                       : He
Target Temperature (K)           : 298
timestep (fs)                    : 10
Skin cell size (Ang)             : 0.01
Equipotential                    : no
Cut short-range interaction      : yes
LJ cutoff (Ang)                  : 12
Apply long-range interaction     : yes
Cut long-range interaction       : yes
Coulomb cutoff (Ang)             : 25
Apply induced-dipole interaction : yes
alpha (Ang^3)                    : 0.204956
force_type: 4
*********************************************************
Force Field parameters: 
*********************************************************
Symbol  mass (amu)  epislon (kcal/mol)  sigma(Angstroms) 
C   12.011   0.0309   3.043
N   14.007   0.0309   3.043
H   1.008   0.015   2.38
O   15.999   0.0309   3.043
S   32.06   0.0311   3.5
*********************************************************
MOLECULE:: orientation around the inertia principal axis 
*********************************************************
Inertia matrix a.u. Ang^2: 
{  5.96602e+08  -2.76401e+06  2.13405e+06  }
{  -2.76401e+06  5.91979e+08  5.29065e+06  }
{  2.13405e+06  5.29065e+06  3.21168e+08  }
Rotation matrix applied to molecule: 
{  0.905562  -0.424213  -0.00112692  }
{  0.00793947  0.0196042  -0.999776  }
{  0.42414  0.90535  0.0211208  }
Molecule radius: 92.1165 Ang 
orientation time of molecule target: 0.0490799 s
target mass: 322081 amu
gas mass: 4.0026 amu
reduce mass: 4.00255 amu
charge state: -24.0016 e
*********************************************************
Geometric Ellipsoid: 
*********************************************************
maximal distances: 67.6873  68.9213  91.9941  Ang
Initial axis length: 117.697  118.931  142.004  Ang
Ellipsoid axis length: 125.107  126.341  149.414  Ang
ellipsoid calculation time: 0.000334978 s
maximal impact parameter: 149.414 Ang
*********************************************************
Linked-cell: 
Numbers of cells: 11550
Nx: 21 Ny: 22 Nz: 25
Filled cells: 596
Empty cells: 10954
Average atoms per cell: 75.4077
Maximum atoms per cell: 203
Minimum atoms per cell: 1
Simulation box: 
lx: 252.21 Ang
ly: 264.22 Ang
lz: 300.25 Ang
linked-cell calculation time: 0.0145471 s
time info: 0.00147104 s
*********************************************************
Trajectory calculations 
*********************************************************
out target time: 8.42285 s
Ntraj: 10000
Nfree: 2031
Nscatter: 7967
Nlost: 2
omega: 15276.9
Ntraj: 10000
Nfree: 2012
Nscatter: 7987
Nlost: 1
omega: 16021.9
Ntraj: 10000
Nfree: 2033
Nscatter: 7967
Nlost: 0
omega: 15932.4
Ntraj: 10000
Nfree: 1999
Nscatter: 8000
Nlost: 1
omega: 16573.7
Ntraj: 10000
Nfree: 2013
Nscatter: 7984
Nlost: 3
omega: 16214.8
Ntraj: 10000
Nfree: 2086
Nscatter: 7913
Nlost: 1
omega: 16330.9
Ntraj: 10000
Nfree: 2046
Nscatter: 7952
Nlost: 2
omega: 16288.1
Ntraj: 10000
Nfree: 2019
Nscatter: 7980
Nlost: 1
omega: 15990.1
Ntraj: 10000
Nfree: 2071
Nscatter: 7927
Nlost: 2
omega: 16645.2
Ntraj: 10000
Nfree: 2028
Nscatter: 7970
Nlost: 2
omega: 16797.2
*********************************************************
task: 0
worker id: 49585
time create lcl and mol: 0.00342607 s
numbers of trajectories: 5000
time trajectory calculation: 2.605 s
task: 1
worker id: 86156
time create lcl and mol: 0.00349402 s
numbers of trajectories: 5000
time trajectory calculation: 2.30368 s
task: 2
worker id: 88927
time create lcl and mol: 0.00352001 s
numbers of trajectories: 5000
time trajectory calculation: 2.92583 s
task: 3
worker id: 57696
time create lcl and mol: 0.00345206 s
numbers of trajectories: 5000
time trajectory calculation: 2.25103 s
task: 4
worker id: 3937
time create lcl and mol: 0.00347614 s
numbers of trajectories: 5000
time trajectory calculation: 2.89654 s
task: 5
worker id: 39992
time create lcl and mol: 0.00345898 s
numbers of trajectories: 5000
time trajectory calculation: 1.37303 s
task: 6
worker id: 24327
time create lcl and mol: 0.00365901 s
numbers of trajectories: 5000
time trajectory calculation: 1.72474 s
task: 7
worker id: 24327
time create lcl and mol: 0.00367212 s
numbers of trajectories: 5000
time trajectory calculation: 4.65079 s
task: 8
worker id: 96805
time create lcl and mol: 0.00342298 s
numbers of trajectories: 5000
time trajectory calculation: 1.85389 s
task: 9
worker id: 49585
time create lcl and mol: 0.00355911 s
numbers of trajectories: 5000
time trajectory calculation: 5.08699 s
task: 10
worker id: 96805
time create lcl and mol: 0.00363183 s
numbers of trajectories: 5000
time trajectory calculation: 3.95913 s
task: 11
worker id: 86156
time create lcl and mol: 0.00366998 s
numbers of trajectories: 5000
time trajectory calculation: 1.97685 s
task: 12
worker id: 39992
time create lcl and mol: 0.00363111 s
numbers of trajectories: 5000
time trajectory calculation: 3.51563 s
task: 13
worker id: 57696
time create lcl and mol: 0.00366616 s
numbers of trajectories: 5000
time trajectory calculation: 2.76839 s
task: 14
worker id: 3937
time create lcl and mol: 0.00369382 s
numbers of trajectories: 5000
time trajectory calculation: 3.20973 s
task: 15
worker id: 96805
time create lcl and mol: 0.00362802 s
numbers of trajectories: 5000
time trajectory calculation: 2.15381 s
task: 16
worker id: 57696
time create lcl and mol: 0.00364017 s
numbers of trajectories: 5000
time trajectory calculation: 2.80318 s
task: 17
worker id: 86156
time create lcl and mol: 0.00362897 s
numbers of trajectories: 5000
time trajectory calculation: 1.70584 s
task: 18
worker id: 39992
time create lcl and mol: 0.00318193 s
numbers of trajectories: 5000
time trajectory calculation: 3.41373 s
task: 19
worker id: 88927
time create lcl and mol: 0.00367713 s
numbers of trajectories: 5000
time trajectory calculation: 4.05666 s
CCS time: 8.43114 s
*********************************************************
average value of CCS = 16207.1 Ang^2
error value of CCS = 131.1 Ang^2
Total time: 8.50017 s
Program finished...
*********************************************************
INPUT:: Simulation Parameters 
*********************************************************
target filename                  : 6vsb_pH8.xyz
number of probe                  : 10000
number of iterarions             : 10
number of tasks                  : 20
number of threads                : 24
seed number                      : 2104
gas buffer                       : He
Target Temperature (K)           : 298
timestep (fs)                    : 10
Skin cell size (Ang)             : 0.01
Equipotential                    : no
Cut short-range interaction      : yes
LJ cutoff (Ang)                  : 12
Apply long-range interaction     : yes
Cut long-range interaction       : yes
Coulomb cutoff (Ang)             : 25
Apply induced-dipole interaction : yes
alpha (Ang^3)                    : 0.204956
force_type: 4
*********************************************************
Force Field parameters: 
*********************************************************
Symbol  mass (amu)  epislon (kcal/mol)  sigma(Angstroms) 
C   12.011   0.0309   3.043
N   14.007   0.0309   3.043
H   1.008   0.015   2.38
O   15.999   0.0309   3.043
S   32.06   0.0311   3.5
*********************************************************
MOLECULE:: orientation around the inertia principal axis 
*********************************************************
Inertia matrix a.u. Ang^2: 
{  5.96602e+08  -2.76401e+06  2.13405e+06  }
{  -2.76401e+06  5.91979e+08  5.29065e+06  }
{  2.13405e+06  5.29065e+06  3.21168e+08  }
Rotation matrix applied to molecule: 
{  0.905562  -0.424213  -0.00112692  }
{  0.00793947  0.0196042  -0.999776  }
{  0.42414  0.90535  0.0211208  }
Molecule radius: 92.1165 Ang 
orientation time of molecule target: 0.052202 s
target mass: 322081 amu
gas mass: 4.0026 amu
reduce mass: 4.00255 amu
charge state: -24.0016 e
*********************************************************
Geometric Ellipsoid: 
*********************************************************
maximal distances: 67.6873  68.9213  91.9941  Ang
Initial axis length: 117.697  118.931  142.004  Ang
Ellipsoid axis length: 125.107  126.341  149.414  Ang
ellipsoid calculation time: 0.000337124 s
maximal impact parameter: 149.414 Ang
*********************************************************
Linked-cell: 
Numbers of cells: 11550
Nx: 21 Ny: 22 Nz: 25
Filled cells: 596
Empty cells: 10954
Average atoms per cell: 75.4077
Maximum atoms per cell: 203
Minimum atoms per cell: 1
Simulation box: 
lx: 252.21 Ang
ly: 264.22 Ang
lz: 300.25 Ang
linked-cell calculation time: 0.0152411 s
time info: 0.00149298 s
*********************************************************
Trajectory calculations 
*********************************************************
out target time: 9.87851 s
Ntraj: 10000
Nfree: 2031
Nscatter: 7967
Nlost: 2
omega: 15276.9
Ntraj: 10000
Nfree: 2012
Nscatter: 7987
Nlost: 1
omega: 16021.9
Ntraj: 10000
Nfree: 2033
Nscatter: 7967
Nlost: 0
omega: 15932.4
Ntraj: 10000
Nfree: 1999
Nscatter: 8000
Nlost: 1
omega: 16573.7
Ntraj: 10000
Nfree: 2013
Nscatter: 7984
Nlost: 3
omega: 16214.8
Ntraj: 10000
Nfree: 2086
Nscatter: 7913
Nlost: 1
omega: 16330.9
Ntraj: 10000
Nfree: 2046
Nscatter: 7952
Nlost: 2
omega: 16288.1
Ntraj: 10000
Nfree: 2019
Nscatter: 7980
Nlost: 1
omega: 15990.1
Ntraj: 10000
Nfree: 2071
Nscatter: 7927
Nlost: 2
omega: 16645.2
Ntraj: 10000
Nfree: 2028
Nscatter: 7970
Nlost: 2
omega: 16797.2
*********************************************************
task: 0
worker id: 58111
time create lcl and mol: 0.0035131 s
numbers of trajectories: 5000
time trajectory calculation: 2.60001 s
task: 1
worker id: 50017
time create lcl and mol: 0.00369883 s
numbers of trajectories: 5000
time trajectory calculation: 2.31356 s
task: 2
worker id: 4353
time create lcl and mol: 0.00348496 s
numbers of trajectories: 5000
time trajectory calculation: 2.78615 s
task: 3
worker id: 86570
time create lcl and mol: 0.00357604 s
numbers of trajectories: 5000
time trajectory calculation: 2.28011 s
task: 4
worker id: 40406
time create lcl and mol: 0.00350809 s
numbers of trajectories: 5000
time trajectory calculation: 2.99637 s
task: 5
worker id: 89340
time create lcl and mol: 0.00343108 s
numbers of trajectories: 5000
time trajectory calculation: 1.36009 s
task: 6
worker id: 50017
time create lcl and mol: 0.00365496 s
numbers of trajectories: 5000
time trajectory calculation: 1.70862 s
task: 7
worker id: 24741
time create lcl and mol: 0.0035789 s
numbers of trajectories: 5000
time trajectory calculation: 4.71778 s
task: 8
worker id: 97220
time create lcl and mol: 0.003474 s
numbers of trajectories: 5000
time trajectory calculation: 2.04055 s
task: 9
worker id: 89340
time create lcl and mol: 0.00345492 s
numbers of trajectories: 5000
time trajectory calculation: 5.13891 s
task: 10
worker id: 4353
time create lcl and mol: 0.00344706 s
numbers of trajectories: 5000
time trajectory calculation: 3.88018 s
task: 11
worker id: 97220
time create lcl and mol: 0.00426507 s
numbers of trajectories: 5000
time trajectory calculation: 1.97018 s
task: 12
worker id: 58111
time create lcl and mol: 0.00376582 s
numbers of trajectories: 5000
time trajectory calculation: 3.6014 s
task: 13
worker id: 24741
time create lcl and mol: 0.00324321 s
numbers of trajectories: 5000
time trajectory calculation: 2.64255 s
task: 14
worker id: 89340
time create lcl and mol: 0.00353098 s
numbers of trajectories: 5000
time trajectory calculation: 3.28266 s
task: 15
worker id: 97220
time create lcl and mol: 0.00347781 s
numbers of trajectories: 5000
time trajectory calculation: 2.05452 s
task: 16
worker id: 50017
time create lcl and mol: 0.00444102 s
numbers of trajectories: 5000
time trajectory calculation: 2.88475 s
task: 17
worker id: 4353
time create lcl and mol: 0.0036552 s
numbers of trajectories: 5000
time trajectory calculation: 1.76702 s
task: 18
worker id: 40406
time create lcl and mol: 0.00356412 s
numbers of trajectories: 5000
time trajectory calculation: 3.54535 s
task: 19
worker id: 86570
time create lcl and mol: 0.00359702 s
numbers of trajectories: 5000
time trajectory calculation: 3.8835 s
CCS time: 9.88677 s
*********************************************************
average value of CCS = 16207.1 Ang^2
error value of CCS = 131.1 Ang^2
Total time: 9.9598 s
Program finished...
