*********************************************************
INPUT:: Simulation Parameters 
*********************************************************
target filename                  : 11_1gzx_carga_13_min_final.xyz
number of probe                  : 10000
number of iterarions             : 10
number of tasks                  : 30
number of threads                : 24
seed number                      : 2104
gas buffer                       : He
Target Temperature (K)           : 298
timestep (fs)                    : 10
Skin cell size (Ang)             : 0.01
Equipotential                    : no
Cut short-range interaction      : yes
LJ cutoff (Ang)                  : 12
Apply long-range interaction     : yes
Cut long-range interaction       : yes
Coulomb cutoff (Ang)             : 25
Apply induced-dipole interaction : yes
alpha (Ang^3)                    : 0.204956
force_type: 4
*********************************************************
Force Field parameters: 
*********************************************************
Symbol  mass (amu)  epislon (kcal/mol)  sigma(Angstroms) 
C   12.011   0.0309   3.043
N   14.007   0.0309   3.043
H   1.008   0.015   2.38
O   15.999   0.0309   3.043
S   32.06   0.0311   3.5
*********************************************************
MOLECULE:: orientation around the inertia principal axis 
*********************************************************
Inertia matrix a.u. Ang^2: 
{  6.94702e+06  1.15605e+06  2.76905e+06  }
{  1.15605e+06  1.17697e+07  -661328  }
{  2.76905e+06  -661328  9.8774e+06  }
Rotation matrix applied to molecule: 
{  0.196263  0.97936  -0.0483255  }
{  -0.840922  0.193458  0.505395  }
{  0.504312  -0.0585522  0.861534  }
Molecule radius: 35.2852 Ang 
orientation time of molecule target: 0.0646288 s
target mass: 30988.7 amu
gas mass: 4.0026 amu
reduce mass: 4.00208 amu
charge state: 13 e
*********************************************************
Geometric Ellipsoid: 
*********************************************************
maximal distances: 19.861  21.2021  33.0243  Ang
Initial axis length: 69.871  71.2121  83.0343  Ang
Ellipsoid axis length: 77.051  78.3921  90.2143  Ang
ellipsoid calculation time: 6.29425e-05 s
maximal impact parameter: 90.2143 Ang
*********************************************************
Linked-cell: 
Numbers of cells: 2912
Nx: 13 Ny: 14 Nz: 16
Filled cells: 80
Empty cells: 2832
Average atoms per cell: 54.9
Maximum atoms per cell: 183
Minimum atoms per cell: 1
Simulation box: 
lx: 156.13 Ang
ly: 168.14 Ang
lz: 192.16 Ang
linked-cell calculation time: 0.00311995 s
time info: 0.000185013 s
*********************************************************
Trajectory calculations 
*********************************************************
out target time: 3.67521 s
Ntraj: 10000
Nfree: 1809
Nscatter: 8183
Nlost: 8
omega: 2661.72
Ntraj: 10000
Nfree: 1769
Nscatter: 8221
Nlost: 10
omega: 2794.68
Ntraj: 10000
Nfree: 1786
Nscatter: 8203
Nlost: 11
omega: 2719.9
Ntraj: 10000
Nfree: 1750
Nscatter: 8240
Nlost: 10
omega: 3051.89
Ntraj: 10000
Nfree: 1789
Nscatter: 8199
Nlost: 12
omega: 2929.8
Ntraj: 10000
Nfree: 1809
Nscatter: 8180
Nlost: 11
omega: 2787.88
Ntraj: 10000
Nfree: 1815
Nscatter: 8171
Nlost: 14
omega: 2861.44
Ntraj: 10000
Nfree: 1796
Nscatter: 8194
Nlost: 10
omega: 2709.82
Ntraj: 10000
Nfree: 1818
Nscatter: 8168
Nlost: 14
omega: 2971.45
Ntraj: 10000
Nfree: 1793
Nscatter: 8201
Nlost: 6
omega: 2860.95
*********************************************************
task: 0
worker id: 7600
time create lcl and mol: 0.000756025 s
numbers of trajectories: 3334
time trajectory calculation: 1.09103 s
task: 1
worker id: 92644
time create lcl and mol: 0.000797033 s
numbers of trajectories: 3334
time trajectory calculation: 0.656603 s
task: 2
worker id: 92644
time create lcl and mol: 0.000761032 s
numbers of trajectories: 3334
time trajectory calculation: 0.651051 s
task: 3
worker id: 28109
time create lcl and mol: 0.000766039 s
numbers of trajectories: 3334
time trajectory calculation: 0.85733 s
task: 4
worker id: 61340
time create lcl and mol: 0.000975132 s
numbers of trajectories: 3334
time trajectory calculation: 1.32407 s
task: 5
worker id: 28109
time create lcl and mol: 0.000788212 s
numbers of trajectories: 3334
time trajectory calculation: 0.772153 s
task: 6
worker id: 43728
time create lcl and mol: 0.000780821 s
numbers of trajectories: 3334
time trajectory calculation: 0.800818 s
task: 7
worker id: 64206
time create lcl and mol: 0.000771046 s
numbers of trajectories: 3334
time trajectory calculation: 0.847327 s
task: 8
worker id: 90045
time create lcl and mol: 0.000777006 s
numbers of trajectories: 3334
time trajectory calculation: 1.70329 s
task: 9
worker id: 3007
time create lcl and mol: 0.000910044 s
numbers of trajectories: 3334
time trajectory calculation: 1.01722 s
task: 10
worker id: 92644
time create lcl and mol: 0.000809908 s
numbers of trajectories: 3333
time trajectory calculation: 0.876134 s
task: 11
worker id: 92644
time create lcl and mol: 0.00082922 s
numbers of trajectories: 3333
time trajectory calculation: 0.86499 s
task: 12
worker id: 7600
time create lcl and mol: 0.000782967 s
numbers of trajectories: 3333
time trajectory calculation: 0.829998 s
task: 13
worker id: 3007
time create lcl and mol: 0.000844002 s
numbers of trajectories: 3333
time trajectory calculation: 0.702116 s
task: 14
worker id: 28109
time create lcl and mol: 0.000828028 s
numbers of trajectories: 3333
time trajectory calculation: 0.974383 s
task: 15
worker id: 61340
time create lcl and mol: 0.000724077 s
numbers of trajectories: 3333
time trajectory calculation: 0.69203 s
task: 16
worker id: 64206
time create lcl and mol: 0.000751019 s
numbers of trajectories: 3333
time trajectory calculation: 1.12054 s
task: 17
worker id: 3007
time create lcl and mol: 0.000797987 s
numbers of trajectories: 3333
time trajectory calculation: 0.286026 s
task: 18
worker id: 43728
time create lcl and mol: 0.000851154 s
numbers of trajectories: 3333
time trajectory calculation: 0.666357 s
task: 19
worker id: 43728
time create lcl and mol: 0.000839949 s
numbers of trajectories: 3333
time trajectory calculation: 0.908897 s
task: 20
worker id: 90045
time create lcl and mol: 0.000771999 s
numbers of trajectories: 3333
time trajectory calculation: 0.768083 s
task: 21
worker id: 61340
time create lcl and mol: 0.000813007 s
numbers of trajectories: 3333
time trajectory calculation: 0.659105 s
task: 22
worker id: 64206
time create lcl and mol: 0.000798941 s
numbers of trajectories: 3333
time trajectory calculation: 0.92696 s
task: 23
worker id: 3007
time create lcl and mol: 0.000832081 s
numbers of trajectories: 3333
time trajectory calculation: 1.55872 s
task: 24
worker id: 7600
time create lcl and mol: 0.00070405 s
numbers of trajectories: 3333
time trajectory calculation: 0.654404 s
task: 25
worker id: 90045
time create lcl and mol: 0.000763893 s
numbers of trajectories: 3333
time trajectory calculation: 1.04933 s
task: 26
worker id: 7600
time create lcl and mol: 0.000787973 s
numbers of trajectories: 3333
time trajectory calculation: 0.716936 s
task: 27
worker id: 43728
time create lcl and mol: 0.000827074 s
numbers of trajectories: 3333
time trajectory calculation: 0.513574 s
task: 28
worker id: 28109
time create lcl and mol: 0.00078702 s
numbers of trajectories: 3333
time trajectory calculation: 0.693816 s
task: 29
worker id: 64206
time create lcl and mol: 0.00080204 s
numbers of trajectories: 3333
time trajectory calculation: 0.507376 s
CCS time: 3.68342 s
*********************************************************
average value of CCS = 2834.95 Ang^2
error value of CCS = 37.2573 Ang^2
Total time: 3.75645 s
Program finished...
*********************************************************
INPUT:: Simulation Parameters 
*********************************************************
target filename                  : 11_1gzx_carga_13_min_final.xyz
number of probe                  : 10000
number of iterarions             : 10
number of tasks                  : 30
number of threads                : 24
seed number                      : 2104
gas buffer                       : He
Target Temperature (K)           : 298
timestep (fs)                    : 10
Skin cell size (Ang)             : 0.01
Equipotential                    : no
Cut short-range interaction      : yes
LJ cutoff (Ang)                  : 12
Apply long-range interaction     : yes
Cut long-range interaction       : yes
Coulomb cutoff (Ang)             : 25
Apply induced-dipole interaction : yes
alpha (Ang^3)                    : 0.204956
force_type: 4
*********************************************************
Force Field parameters: 
*********************************************************
Symbol  mass (amu)  epislon (kcal/mol)  sigma(Angstroms) 
C   12.011   0.0309   3.043
N   14.007   0.0309   3.043
H   1.008   0.015   2.38
O   15.999   0.0309   3.043
S   32.06   0.0311   3.5
*********************************************************
MOLECULE:: orientation around the inertia principal axis 
*********************************************************
Inertia matrix a.u. Ang^2: 
{  6.94702e+06  1.15605e+06  2.76905e+06  }
{  1.15605e+06  1.17697e+07  -661328  }
{  2.76905e+06  -661328  9.8774e+06  }
Rotation matrix applied to molecule: 
{  0.196263  0.97936  -0.0483255  }
{  -0.840922  0.193458  0.505395  }
{  0.504312  -0.0585522  0.861534  }
Molecule radius: 35.2852 Ang 
orientation time of molecule target: 0.00537896 s
target mass: 30988.7 amu
gas mass: 4.0026 amu
reduce mass: 4.00208 amu
charge state: 13 e
*********************************************************
Geometric Ellipsoid: 
*********************************************************
maximal distances: 19.861  21.2021  33.0243  Ang
Initial axis length: 69.871  71.2121  83.0343  Ang
Ellipsoid axis length: 77.051  78.3921  90.2143  Ang
ellipsoid calculation time: 6.69956e-05 s
maximal impact parameter: 90.2143 Ang
*********************************************************
Linked-cell: 
Numbers of cells: 2912
Nx: 13 Ny: 14 Nz: 16
Filled cells: 80
Empty cells: 2832
Average atoms per cell: 54.9
Maximum atoms per cell: 183
Minimum atoms per cell: 1
Simulation box: 
lx: 156.13 Ang
ly: 168.14 Ang
lz: 192.16 Ang
linked-cell calculation time: 0.00319791 s
time info: 0.00019908 s
*********************************************************
Trajectory calculations 
*********************************************************
out target time: 3.56762 s
Ntraj: 10000
Nfree: 1809
Nscatter: 8183
Nlost: 8
omega: 2661.72
Ntraj: 10000
Nfree: 1769
Nscatter: 8221
Nlost: 10
omega: 2794.68
Ntraj: 10000
Nfree: 1786
Nscatter: 8203
Nlost: 11
omega: 2719.9
Ntraj: 10000
Nfree: 1750
Nscatter: 8240
Nlost: 10
omega: 3051.89
Ntraj: 10000
Nfree: 1789
Nscatter: 8199
Nlost: 12
omega: 2929.8
Ntraj: 10000
Nfree: 1809
Nscatter: 8180
Nlost: 11
omega: 2787.88
Ntraj: 10000
Nfree: 1815
Nscatter: 8171
Nlost: 14
omega: 2861.44
Ntraj: 10000
Nfree: 1796
Nscatter: 8194
Nlost: 10
omega: 2709.82
Ntraj: 10000
Nfree: 1818
Nscatter: 8168
Nlost: 14
omega: 2971.45
Ntraj: 10000
Nfree: 1793
Nscatter: 8201
Nlost: 6
omega: 2860.95
*********************************************************
task: 0
worker id: 90440
time create lcl and mol: 0.000750065 s
numbers of trajectories: 3334
time trajectory calculation: 1.05859 s
task: 1
worker id: 61734
time create lcl and mol: 0.00083518 s
numbers of trajectories: 3334
time trajectory calculation: 0.604684 s
task: 2
worker id: 90440
time create lcl and mol: 0.000746012 s
numbers of trajectories: 3334
time trajectory calculation: 0.65732 s
task: 3
worker id: 93039
time create lcl and mol: 0.000887871 s
numbers of trajectories: 3334
time trajectory calculation: 0.832658 s
task: 4
worker id: 44122
time create lcl and mol: 0.000758886 s
numbers of trajectories: 3334
time trajectory calculation: 1.25572 s
task: 5
worker id: 64613
time create lcl and mol: 0.000980854 s
numbers of trajectories: 3334
time trajectory calculation: 0.815259 s
task: 6
worker id: 64613
time create lcl and mol: 0.000796795 s
numbers of trajectories: 3334
time trajectory calculation: 0.747262 s
task: 7
worker id: 7996
time create lcl and mol: 0.000938892 s
numbers of trajectories: 3334
time trajectory calculation: 0.84426 s
task: 8
worker id: 28502
time create lcl and mol: 0.000789881 s
numbers of trajectories: 3334
time trajectory calculation: 1.71231 s
task: 9
worker id: 3412
time create lcl and mol: 0.000777006 s
numbers of trajectories: 3334
time trajectory calculation: 0.961793 s
task: 10
worker id: 93039
time create lcl and mol: 0.000772953 s
numbers of trajectories: 3333
time trajectory calculation: 0.870196 s
task: 11
worker id: 3412
time create lcl and mol: 0.00079298 s
numbers of trajectories: 3333
time trajectory calculation: 0.837195 s
task: 12
worker id: 61734
time create lcl and mol: 0.000782013 s
numbers of trajectories: 3333
time trajectory calculation: 0.8029 s
task: 13
worker id: 7996
time create lcl and mol: 0.000798941 s
numbers of trajectories: 3333
time trajectory calculation: 0.650894 s
task: 14
worker id: 61734
time create lcl and mol: 0.000760078 s
numbers of trajectories: 3333
time trajectory calculation: 0.96598 s
task: 15
worker id: 3412
time create lcl and mol: 0.000782967 s
numbers of trajectories: 3333
time trajectory calculation: 0.735807 s
task: 16
worker id: 61734
time create lcl and mol: 0.000774145 s
numbers of trajectories: 3333
time trajectory calculation: 1.10619 s
task: 17
worker id: 93039
time create lcl and mol: 0.000800848 s
numbers of trajectories: 3333
time trajectory calculation: 0.250662 s
task: 18
worker id: 28502
time create lcl and mol: 0.000799894 s
numbers of trajectories: 3333
time trajectory calculation: 0.666264 s
task: 19
worker id: 90440
time create lcl and mol: 0.000758886 s
numbers of trajectories: 3333
time trajectory calculation: 0.898369 s
task: 20
worker id: 64613
time create lcl and mol: 0.000787973 s
numbers of trajectories: 3333
time trajectory calculation: 0.791184 s
task: 21
worker id: 90440
time create lcl and mol: 0.000782013 s
numbers of trajectories: 3333
time trajectory calculation: 0.655171 s
task: 22
worker id: 44122
time create lcl and mol: 0.000761032 s
numbers of trajectories: 3333
time trajectory calculation: 0.974218 s
task: 23
worker id: 7996
time create lcl and mol: 0.000754118 s
numbers of trajectories: 3333
time trajectory calculation: 1.57455 s
task: 24
worker id: 93039
time create lcl and mol: 0.000765085 s
numbers of trajectories: 3333
time trajectory calculation: 0.649361 s
task: 25
worker id: 64613
time create lcl and mol: 0.000787973 s
numbers of trajectories: 3333
time trajectory calculation: 1.04468 s
task: 26
worker id: 93039
time create lcl and mol: 0.00081706 s
numbers of trajectories: 3333
time trajectory calculation: 0.715705 s
task: 27
worker id: 44122
time create lcl and mol: 0.000774145 s
numbers of trajectories: 3333
time trajectory calculation: 0.509997 s
task: 28
worker id: 28502
time create lcl and mol: 0.000811815 s
numbers of trajectories: 3333
time trajectory calculation: 0.664118 s
task: 29
worker id: 3412
time create lcl and mol: 0.000771999 s
numbers of trajectories: 3333
time trajectory calculation: 0.524962 s
CCS time: 3.57586 s
*********************************************************
average value of CCS = 2834.95 Ang^2
error value of CCS = 37.2573 Ang^2
Total time: 3.58978 s
Program finished...
*********************************************************
INPUT:: Simulation Parameters 
*********************************************************
target filename                  : 11_1gzx_carga_13_min_final.xyz
number of probe                  : 10000
number of iterarions             : 10
number of tasks                  : 30
number of threads                : 24
seed number                      : 2104
gas buffer                       : He
Target Temperature (K)           : 298
timestep (fs)                    : 10
Skin cell size (Ang)             : 0.01
Equipotential                    : no
Cut short-range interaction      : yes
LJ cutoff (Ang)                  : 12
Apply long-range interaction     : yes
Cut long-range interaction       : yes
Coulomb cutoff (Ang)             : 25
Apply induced-dipole interaction : yes
alpha (Ang^3)                    : 0.204956
force_type: 4
*********************************************************
Force Field parameters: 
*********************************************************
Symbol  mass (amu)  epislon (kcal/mol)  sigma(Angstroms) 
C   12.011   0.0309   3.043
N   14.007   0.0309   3.043
H   1.008   0.015   2.38
O   15.999   0.0309   3.043
S   32.06   0.0311   3.5
*********************************************************
MOLECULE:: orientation around the inertia principal axis 
*********************************************************
Inertia matrix a.u. Ang^2: 
{  6.94702e+06  1.15605e+06  2.76905e+06  }
{  1.15605e+06  1.17697e+07  -661328  }
{  2.76905e+06  -661328  9.8774e+06  }
Rotation matrix applied to molecule: 
{  0.196263  0.97936  -0.0483255  }
{  -0.840922  0.193458  0.505395  }
{  0.504312  -0.0585522  0.861534  }
Molecule radius: 35.2852 Ang 
orientation time of molecule target: 0.00548887 s
target mass: 30988.7 amu
gas mass: 4.0026 amu
reduce mass: 4.00208 amu
charge state: 13 e
*********************************************************
Geometric Ellipsoid: 
*********************************************************
maximal distances: 19.861  21.2021  33.0243  Ang
Initial axis length: 69.871  71.2121  83.0343  Ang
Ellipsoid axis length: 77.051  78.3921  90.2143  Ang
ellipsoid calculation time: 6.60419e-05 s
maximal impact parameter: 90.2143 Ang
*********************************************************
Linked-cell: 
Numbers of cells: 2912
Nx: 13 Ny: 14 Nz: 16
Filled cells: 80
Empty cells: 2832
Average atoms per cell: 54.9
Maximum atoms per cell: 183
Minimum atoms per cell: 1
Simulation box: 
lx: 156.13 Ang
ly: 168.14 Ang
lz: 192.16 Ang
linked-cell calculation time: 0.00321794 s
time info: 0.000200987 s
*********************************************************
Trajectory calculations 
*********************************************************
out target time: 3.71462 s
Ntraj: 10000
Nfree: 1809
Nscatter: 8183
Nlost: 8
omega: 2661.72
Ntraj: 10000
Nfree: 1769
Nscatter: 8221
Nlost: 10
omega: 2794.68
Ntraj: 10000
Nfree: 1786
Nscatter: 8203
Nlost: 11
omega: 2719.9
Ntraj: 10000
Nfree: 1750
Nscatter: 8240
Nlost: 10
omega: 3051.89
Ntraj: 10000
Nfree: 1789
Nscatter: 8199
Nlost: 12
omega: 2929.8
Ntraj: 10000
Nfree: 1809
Nscatter: 8180
Nlost: 11
omega: 2787.88
Ntraj: 10000
Nfree: 1815
Nscatter: 8171
Nlost: 14
omega: 2861.44
Ntraj: 10000
Nfree: 1796
Nscatter: 8194
Nlost: 10
omega: 2709.82
Ntraj: 10000
Nfree: 1818
Nscatter: 8168
Nlost: 14
omega: 2971.45
Ntraj: 10000
Nfree: 1793
Nscatter: 8201
Nlost: 6
omega: 2860.95
*********************************************************
task: 0
worker id: 28594
time create lcl and mol: 0.000804901 s
numbers of trajectories: 3334
time trajectory calculation: 1.10504 s
task: 1
worker id: 61824
time create lcl and mol: 0.000836134 s
numbers of trajectories: 3334
time trajectory calculation: 0.652292 s
task: 2
worker id: 90530
time create lcl and mol: 0.000754118 s
numbers of trajectories: 3334
time trajectory calculation: 0.652984 s
task: 3
worker id: 61824
time create lcl and mol: 0.000747919 s
numbers of trajectories: 3334
time trajectory calculation: 0.817249 s
task: 4
worker id: 8088
time create lcl and mol: 0.000756025 s
numbers of trajectories: 3334
time trajectory calculation: 1.29697 s
task: 5
worker id: 64717
time create lcl and mol: 0.000912905 s
numbers of trajectories: 3334
time trajectory calculation: 0.812854 s
task: 6
worker id: 44212
time create lcl and mol: 0.000756979 s
numbers of trajectories: 3334
time trajectory calculation: 0.764138 s
task: 7
worker id: 3502
time create lcl and mol: 0.00077796 s
numbers of trajectories: 3334
time trajectory calculation: 0.832986 s
task: 8
worker id: 64717
time create lcl and mol: 0.000771046 s
numbers of trajectories: 3334
time trajectory calculation: 1.6763 s
task: 9
worker id: 28594
time create lcl and mol: 0.000762939 s
numbers of trajectories: 3334
time trajectory calculation: 0.930624 s
task: 10
worker id: 44212
time create lcl and mol: 0.000763178 s
numbers of trajectories: 3333
time trajectory calculation: 0.907188 s
task: 11
worker id: 8088
time create lcl and mol: 0.000756979 s
numbers of trajectories: 3333
time trajectory calculation: 0.873802 s
task: 12
worker id: 61824
time create lcl and mol: 0.000831842 s
numbers of trajectories: 3333
time trajectory calculation: 0.808413 s
task: 13
worker id: 8088
time create lcl and mol: 0.000803947 s
numbers of trajectories: 3333
time trajectory calculation: 0.679573 s
task: 14
worker id: 61824
time create lcl and mol: 0.000802994 s
numbers of trajectories: 3333
time trajectory calculation: 0.979776 s
task: 15
worker id: 90530
time create lcl and mol: 0.000766039 s
numbers of trajectories: 3333
time trajectory calculation: 0.724202 s
task: 16
worker id: 93127
time create lcl and mol: 0.000987053 s
numbers of trajectories: 3333
time trajectory calculation: 1.14178 s
task: 17
worker id: 90530
time create lcl and mol: 0.000788927 s
numbers of trajectories: 3333
time trajectory calculation: 0.290116 s
task: 18
worker id: 28594
time create lcl and mol: 0.000717163 s
numbers of trajectories: 3333
time trajectory calculation: 0.668067 s
task: 19
worker id: 44212
time create lcl and mol: 0.000723124 s
numbers of trajectories: 3333
time trajectory calculation: 0.896472 s
task: 20
worker id: 64717
time create lcl and mol: 0.00079608 s
numbers of trajectories: 3333
time trajectory calculation: 0.794053 s
task: 21
worker id: 28594
time create lcl and mol: 0.000742912 s
numbers of trajectories: 3333
time trajectory calculation: 0.627298 s
task: 22
worker id: 3502
time create lcl and mol: 0.000838995 s
numbers of trajectories: 3333
time trajectory calculation: 0.975199 s
task: 23
worker id: 93127
time create lcl and mol: 0.000778913 s
numbers of trajectories: 3333
time trajectory calculation: 1.56414 s
task: 24
worker id: 3502
time create lcl and mol: 0.000748873 s
numbers of trajectories: 3333
time trajectory calculation: 0.677659 s
task: 25
worker id: 44212
time create lcl and mol: 0.000802994 s
numbers of trajectories: 3333
time trajectory calculation: 1.06011 s
task: 26
worker id: 90530
time create lcl and mol: 0.000718832 s
numbers of trajectories: 3333
time trajectory calculation: 0.754554 s
task: 27
worker id: 90530
time create lcl and mol: 0.000952005 s
numbers of trajectories: 3333
time trajectory calculation: 0.486936 s
task: 28
worker id: 3502
time create lcl and mol: 0.000697851 s
numbers of trajectories: 3333
time trajectory calculation: 0.687356 s
task: 29
worker id: 8088
time create lcl and mol: 0.000780106 s
numbers of trajectories: 3333
time trajectory calculation: 0.509972 s
CCS time: 3.7228 s
*********************************************************
average value of CCS = 2834.95 Ang^2
error value of CCS = 37.2573 Ang^2
Total time: 3.73667 s
Program finished...
*********************************************************
INPUT:: Simulation Parameters 
*********************************************************
target filename                  : 11_1gzx_carga_13_min_final.xyz
number of probe                  : 10000
number of iterarions             : 10
number of tasks                  : 30
number of threads                : 24
seed number                      : 2104
gas buffer                       : He
Target Temperature (K)           : 298
timestep (fs)                    : 10
Skin cell size (Ang)             : 0.01
Equipotential                    : no
Cut short-range interaction      : yes
LJ cutoff (Ang)                  : 12
Apply long-range interaction     : yes
Cut long-range interaction       : yes
Coulomb cutoff (Ang)             : 25
Apply induced-dipole interaction : yes
alpha (Ang^3)                    : 0.204956
force_type: 4
*********************************************************
Force Field parameters: 
*********************************************************
Symbol  mass (amu)  epislon (kcal/mol)  sigma(Angstroms) 
C   12.011   0.0309   3.043
N   14.007   0.0309   3.043
H   1.008   0.015   2.38
O   15.999   0.0309   3.043
S   32.06   0.0311   3.5
*********************************************************
MOLECULE:: orientation around the inertia principal axis 
*********************************************************
Inertia matrix a.u. Ang^2: 
{  6.94702e+06  1.15605e+06  2.76905e+06  }
{  1.15605e+06  1.17697e+07  -661328  }
{  2.76905e+06  -661328  9.8774e+06  }
Rotation matrix applied to molecule: 
{  0.196263  0.97936  -0.0483255  }
{  -0.840922  0.193458  0.505395  }
{  0.504312  -0.0585522  0.861534  }
Molecule radius: 35.2852 Ang 
orientation time of molecule target: 0.00549388 s
target mass: 30988.7 amu
gas mass: 4.0026 amu
reduce mass: 4.00208 amu
charge state: 13 e
*********************************************************
Geometric Ellipsoid: 
*********************************************************
maximal distances: 19.861  21.2021  33.0243  Ang
Initial axis length: 69.871  71.2121  83.0343  Ang
Ellipsoid axis length: 77.051  78.3921  90.2143  Ang
ellipsoid calculation time: 6.29425e-05 s
maximal impact parameter: 90.2143 Ang
*********************************************************
Linked-cell: 
Numbers of cells: 2912
Nx: 13 Ny: 14 Nz: 16
Filled cells: 80
Empty cells: 2832
Average atoms per cell: 54.9
Maximum atoms per cell: 183
Minimum atoms per cell: 1
Simulation box: 
lx: 156.13 Ang
ly: 168.14 Ang
lz: 192.16 Ang
linked-cell calculation time: 0.00336218 s
time info: 0.000185966 s
*********************************************************
Trajectory calculations 
*********************************************************
out target time: 3.65708 s
Ntraj: 10000
Nfree: 1809
Nscatter: 8183
Nlost: 8
omega: 2661.72
Ntraj: 10000
Nfree: 1769
Nscatter: 8221
Nlost: 10
omega: 2794.68
Ntraj: 10000
Nfree: 1786
Nscatter: 8203
Nlost: 11
omega: 2719.9
Ntraj: 10000
Nfree: 1750
Nscatter: 8240
Nlost: 10
omega: 3051.89
Ntraj: 10000
Nfree: 1789
Nscatter: 8199
Nlost: 12
omega: 2929.8
Ntraj: 10000
Nfree: 1809
Nscatter: 8180
Nlost: 11
omega: 2787.88
Ntraj: 10000
Nfree: 1815
Nscatter: 8171
Nlost: 14
omega: 2861.44
Ntraj: 10000
Nfree: 1796
Nscatter: 8194
Nlost: 10
omega: 2709.82
Ntraj: 10000
Nfree: 1818
Nscatter: 8168
Nlost: 14
omega: 2971.45
Ntraj: 10000
Nfree: 1793
Nscatter: 8201
Nlost: 6
omega: 2860.95
*********************************************************
task: 0
worker id: 93521
time create lcl and mol: 0.000761986 s
numbers of trajectories: 3334
time trajectory calculation: 1.10369 s
task: 1
worker id: 90928
time create lcl and mol: 0.000766039 s
numbers of trajectories: 3334
time trajectory calculation: 0.627724 s
task: 2
worker id: 65129
time create lcl and mol: 0.000857115 s
numbers of trajectories: 3334
time trajectory calculation: 0.674914 s
task: 3
worker id: 8485
time create lcl and mol: 0.000723124 s
numbers of trajectories: 3334
time trajectory calculation: 0.850925 s
task: 4
worker id: 44605
time create lcl and mol: 0.000756025 s
numbers of trajectories: 3334
time trajectory calculation: 1.28498 s
task: 5
worker id: 62220
time create lcl and mol: 0.000762939 s
numbers of trajectories: 3334
time trajectory calculation: 0.795232 s
task: 6
worker id: 8485
time create lcl and mol: 0.000816822 s
numbers of trajectories: 3334
time trajectory calculation: 0.77098 s
task: 7
worker id: 3902
time create lcl and mol: 0.000767946 s
numbers of trajectories: 3334
time trajectory calculation: 0.824862 s
task: 8
worker id: 28987
time create lcl and mol: 0.000767946 s
numbers of trajectories: 3334
time trajectory calculation: 1.71407 s
task: 9
worker id: 93521
time create lcl and mol: 0.000844955 s
numbers of trajectories: 3334
time trajectory calculation: 0.935835 s
task: 10
worker id: 90928
time create lcl and mol: 0.000778198 s
numbers of trajectories: 3333
time trajectory calculation: 0.877397 s
task: 11
worker id: 65129
time create lcl and mol: 0.000800133 s
numbers of trajectories: 3333
time trajectory calculation: 0.842055 s
task: 12
worker id: 90928
time create lcl and mol: 0.000799894 s
numbers of trajectories: 3333
time trajectory calculation: 0.807346 s
task: 13
worker id: 44605
time create lcl and mol: 0.00079298 s
numbers of trajectories: 3333
time trajectory calculation: 0.682336 s
task: 14
worker id: 3902
time create lcl and mol: 0.000796795 s
numbers of trajectories: 3333
time trajectory calculation: 0.942568 s
task: 15
worker id: 62220
time create lcl and mol: 0.000762939 s
numbers of trajectories: 3333
time trajectory calculation: 0.719336 s
task: 16
worker id: 65129
time create lcl and mol: 0.000784159 s
numbers of trajectories: 3333
time trajectory calculation: 1.11574 s
task: 17
worker id: 93521
time create lcl and mol: 0.000756025 s
numbers of trajectories: 3333
time trajectory calculation: 0.253944 s
task: 18
worker id: 8485
time create lcl and mol: 0.000952959 s
numbers of trajectories: 3333
time trajectory calculation: 0.644272 s
task: 19
worker id: 62220
time create lcl and mol: 0.000929117 s
numbers of trajectories: 3333
time trajectory calculation: 0.910645 s
task: 20
worker id: 8485
time create lcl and mol: 0.000794888 s
numbers of trajectories: 3333
time trajectory calculation: 0.77977 s
task: 21
worker id: 62220
time create lcl and mol: 0.000792027 s
numbers of trajectories: 3333
time trajectory calculation: 0.657372 s
task: 22
worker id: 65129
time create lcl and mol: 0.000776052 s
numbers of trajectories: 3333
time trajectory calculation: 0.934063 s
task: 23
worker id: 28987
time create lcl and mol: 0.000967026 s
numbers of trajectories: 3333
time trajectory calculation: 1.55157 s
task: 24
worker id: 3902
time create lcl and mol: 0.000821829 s
numbers of trajectories: 3333
time trajectory calculation: 0.684599 s
task: 25
worker id: 93521
time create lcl and mol: 0.000775814 s
numbers of trajectories: 3333
time trajectory calculation: 1.03833 s
task: 26
worker id: 44605
time create lcl and mol: 0.000763178 s
numbers of trajectories: 3333
time trajectory calculation: 0.723389 s
task: 27
worker id: 44605
time create lcl and mol: 0.000758171 s
numbers of trajectories: 3333
time trajectory calculation: 0.507163 s
task: 28
worker id: 90928
time create lcl and mol: 0.000757933 s
numbers of trajectories: 3333
time trajectory calculation: 0.683686 s
task: 29
worker id: 3902
time create lcl and mol: 0.000810862 s
numbers of trajectories: 3333
time trajectory calculation: 0.499042 s
CCS time: 3.66518 s
*********************************************************
average value of CCS = 2834.95 Ang^2
error value of CCS = 37.2573 Ang^2
Total time: 3.67926 s
Program finished...
*********************************************************
INPUT:: Simulation Parameters 
*********************************************************
target filename                  : 11_1gzx_carga_13_min_final.xyz
number of probe                  : 10000
number of iterarions             : 10
number of tasks                  : 30
number of threads                : 24
seed number                      : 2104
gas buffer                       : He
Target Temperature (K)           : 298
timestep (fs)                    : 10
Skin cell size (Ang)             : 0.01
Equipotential                    : no
Cut short-range interaction      : yes
LJ cutoff (Ang)                  : 12
Apply long-range interaction     : yes
Cut long-range interaction       : yes
Coulomb cutoff (Ang)             : 25
Apply induced-dipole interaction : yes
alpha (Ang^3)                    : 0.204956
force_type: 4
*********************************************************
Force Field parameters: 
*********************************************************
Symbol  mass (amu)  epislon (kcal/mol)  sigma(Angstroms) 
C   12.011   0.0309   3.043
N   14.007   0.0309   3.043
H   1.008   0.015   2.38
O   15.999   0.0309   3.043
S   32.06   0.0311   3.5
*********************************************************
MOLECULE:: orientation around the inertia principal axis 
*********************************************************
Inertia matrix a.u. Ang^2: 
{  6.94702e+06  1.15605e+06  2.76905e+06  }
{  1.15605e+06  1.17697e+07  -661328  }
{  2.76905e+06  -661328  9.8774e+06  }
Rotation matrix applied to molecule: 
{  0.196263  0.97936  -0.0483255  }
{  -0.840922  0.193458  0.505395  }
{  0.504312  -0.0585522  0.861534  }
Molecule radius: 35.2852 Ang 
orientation time of molecule target: 0.00552416 s
target mass: 30988.7 amu
gas mass: 4.0026 amu
reduce mass: 4.00208 amu
charge state: 13 e
*********************************************************
Geometric Ellipsoid: 
*********************************************************
maximal distances: 19.861  21.2021  33.0243  Ang
Initial axis length: 69.871  71.2121  83.0343  Ang
Ellipsoid axis length: 77.051  78.3921  90.2143  Ang
ellipsoid calculation time: 6.19888e-05 s
maximal impact parameter: 90.2143 Ang
*********************************************************
Linked-cell: 
Numbers of cells: 2912
Nx: 13 Ny: 14 Nz: 16
Filled cells: 80
Empty cells: 2832
Average atoms per cell: 54.9
Maximum atoms per cell: 183
Minimum atoms per cell: 1
Simulation box: 
lx: 156.13 Ang
ly: 168.14 Ang
lz: 192.16 Ang
linked-cell calculation time: 0.00333285 s
time info: 0.000196218 s
*********************************************************
Trajectory calculations 
*********************************************************
out target time: 3.95039 s
Ntraj: 10000
Nfree: 1809
Nscatter: 8183
Nlost: 8
omega: 2661.72
Ntraj: 10000
Nfree: 1769
Nscatter: 8221
Nlost: 10
omega: 2794.68
Ntraj: 10000
Nfree: 1786
Nscatter: 8203
Nlost: 11
omega: 2719.9
Ntraj: 10000
Nfree: 1750
Nscatter: 8240
Nlost: 10
omega: 3051.89
Ntraj: 10000
Nfree: 1789
Nscatter: 8199
Nlost: 12
omega: 2929.8
Ntraj: 10000
Nfree: 1809
Nscatter: 8180
Nlost: 11
omega: 2787.88
Ntraj: 10000
Nfree: 1815
Nscatter: 8171
Nlost: 14
omega: 2861.44
Ntraj: 10000
Nfree: 1796
Nscatter: 8194
Nlost: 10
omega: 2709.82
Ntraj: 10000
Nfree: 1818
Nscatter: 8168
Nlost: 14
omega: 2971.45
Ntraj: 10000
Nfree: 1793
Nscatter: 8201
Nlost: 6
omega: 2860.95
*********************************************************
task: 0
worker id: 8576
time create lcl and mol: 0.000706911 s
numbers of trajectories: 3334
time trajectory calculation: 1.10896 s
task: 1
worker id: 91019
time create lcl and mol: 0.000777006 s
numbers of trajectories: 3334
time trajectory calculation: 0.629493 s
task: 2
worker id: 62310
time create lcl and mol: 0.000971079 s
numbers of trajectories: 3334
time trajectory calculation: 0.654893 s
task: 3
worker id: 3993
time create lcl and mol: 0.000972986 s
numbers of trajectories: 3334
time trajectory calculation: 0.861732 s
task: 4
worker id: 62310
time create lcl and mol: 0.000763893 s
numbers of trajectories: 3334
time trajectory calculation: 1.22868 s
task: 5
worker id: 44699
time create lcl and mol: 0.000767946 s
numbers of trajectories: 3334
time trajectory calculation: 0.785477 s
task: 6
worker id: 93617
time create lcl and mol: 0.00078392 s
numbers of trajectories: 3334
time trajectory calculation: 0.771217 s
task: 7
worker id: 65236
time create lcl and mol: 0.000745058 s
numbers of trajectories: 3334
time trajectory calculation: 0.814583 s
task: 8
worker id: 29079
time create lcl and mol: 0.000735044 s
numbers of trajectories: 3334
time trajectory calculation: 1.6726 s
task: 9
worker id: 62310
time create lcl and mol: 0.000802994 s
numbers of trajectories: 3334
time trajectory calculation: 0.973771 s
task: 10
worker id: 8576
time create lcl and mol: 0.000800133 s
numbers of trajectories: 3333
time trajectory calculation: 0.926897 s
task: 11
worker id: 44699
time create lcl and mol: 0.000761986 s
numbers of trajectories: 3333
time trajectory calculation: 0.838758 s
task: 12
worker id: 3993
time create lcl and mol: 0.000804901 s
numbers of trajectories: 3333
time trajectory calculation: 0.810039 s
task: 13
worker id: 93617
time create lcl and mol: 0.000777006 s
numbers of trajectories: 3333
time trajectory calculation: 0.640882 s
task: 14
worker id: 29079
time create lcl and mol: 0.000818014 s
numbers of trajectories: 3333
time trajectory calculation: 0.974113 s
task: 15
worker id: 65236
time create lcl and mol: 0.000801086 s
numbers of trajectories: 3333
time trajectory calculation: 0.71675 s
task: 16
worker id: 8576
time create lcl and mol: 0.000833035 s
numbers of trajectories: 3333
time trajectory calculation: 1.14589 s
task: 17
worker id: 93617
time create lcl and mol: 0.000807047 s
numbers of trajectories: 3333
time trajectory calculation: 0.267692 s
task: 18
worker id: 44699
time create lcl and mol: 0.000797033 s
numbers of trajectories: 3333
time trajectory calculation: 0.695085 s
task: 19
worker id: 91019
time create lcl and mol: 0.000807047 s
numbers of trajectories: 3333
time trajectory calculation: 0.87232 s
task: 20
worker id: 29079
time create lcl and mol: 0.000723839 s
numbers of trajectories: 3333
time trajectory calculation: 0.757062 s
task: 21
worker id: 93617
time create lcl and mol: 0.000849962 s
numbers of trajectories: 3333
time trajectory calculation: 0.652624 s
task: 22
worker id: 93617
time create lcl and mol: 0.00075388 s
numbers of trajectories: 3333
time trajectory calculation: 0.998004 s
task: 23
worker id: 3993
time create lcl and mol: 0.00075388 s
numbers of trajectories: 3333
time trajectory calculation: 1.54439 s
task: 24
worker id: 44699
time create lcl and mol: 0.000756025 s
numbers of trajectories: 3333
time trajectory calculation: 0.684771 s
task: 25
worker id: 91019
time create lcl and mol: 0.000752211 s
numbers of trajectories: 3333
time trajectory calculation: 1.07254 s
task: 26
worker id: 65236
time create lcl and mol: 0.000976086 s
numbers of trajectories: 3333
time trajectory calculation: 0.775115 s
task: 27
worker id: 91019
time create lcl and mol: 0.000977993 s
numbers of trajectories: 3333
time trajectory calculation: 0.521609 s
task: 28
worker id: 8576
time create lcl and mol: 0.000845909 s
numbers of trajectories: 3333
time trajectory calculation: 0.685313 s
task: 29
worker id: 65236
time create lcl and mol: 0.000793934 s
numbers of trajectories: 3333
time trajectory calculation: 0.485794 s
CCS time: 3.95877 s
*********************************************************
average value of CCS = 2834.95 Ang^2
error value of CCS = 37.2573 Ang^2
Total time: 3.97258 s
Program finished...
