*********************************************************
INPUT:: Simulation Parameters 
*********************************************************
target filename                  : 6co8.xyz
number of probe                  : 10000
number of iterarions             : 10
number of tasks                  : 20
number of threads                : 24
seed number                      : 2104
gas buffer                       : He
Target Temperature (K)           : 298
timestep (fs)                    : 10
Skin cell size (Ang)             : 0.01
Equipotential                    : no
Cut short-range interaction      : yes
LJ cutoff (Ang)                  : 12
Apply long-range interaction     : yes
Cut long-range interaction       : yes
Coulomb cutoff (Ang)             : 25
Apply induced-dipole interaction : yes
alpha (Ang^3)                    : 0.204956
force_type: 4
*********************************************************
Force Field parameters: 
*********************************************************
Symbol  mass (amu)  epislon (kcal/mol)  sigma(Angstroms) 
C   12.011   0.0309   3.043
N   14.007   0.0309   3.043
H   1.008   0.015   2.38
O   15.999   0.0309   3.043
S   32.06   0.0311   3.5
*********************************************************
MOLECULE:: orientation around the inertia principal axis 
*********************************************************
Inertia matrix a.u. Ang^2: 
{  3.16993e+11  -3488.86  182563  }
{  -3488.86  3.16993e+11  11107.4  }
{  182563  11107.4  3.16993e+11  }
Rotation matrix applied to molecule: 
{  0.0135249  -0.0653249  0.997772  }
{  -0.0544395  0.998043  -0.0307808  }
{  -0.993809  -0.053902  0.0099422  }
Molecule radius: 235.768 Ang 
orientation time of molecule target: 1.86417 s
target mass: 1.12678e+07 amu
gas mass: 4.0026 amu
reduce mass: 4.0026 amu
charge state: 170.688 e
*********************************************************
Geometric Ellipsoid: 
*********************************************************
maximal distances: 235.74  235.713  235.768  Ang
Initial axis length: 285.75  285.723  285.778  Ang
Ellipsoid axis length: 285.8  285.773  285.828  Ang
ellipsoid calculation time: 0.00982094 s
maximal impact parameter: 285.828 Ang
*********************************************************
Linked-cell: 
Numbers of cells: 110592
Nx: 48 Ny: 48 Nz: 48
Filled cells: 17880
Empty cells: 92712
Average atoms per cell: 88.1783
Maximum atoms per cell: 206
Minimum atoms per cell: 1
Simulation box: 
lx: 576.48 Ang
ly: 576.48 Ang
lz: 576.48 Ang
linked-cell calculation time: 0.28389 s
time info: 0.0344021 s
*********************************************************
Trajectory calculations 
*********************************************************
out target time: 31.2752 s
Ntraj: 10000
Nfree: 2
Nscatter: 9989
Nlost: 9
omega: 238079
Ntraj: 10000
Nfree: 4
Nscatter: 9983
Nlost: 13
omega: 237933
Ntraj: 10000
Nfree: 4
Nscatter: 9983
Nlost: 13
omega: 234708
Ntraj: 10000
Nfree: 3
Nscatter: 9983
Nlost: 14
omega: 237044
Ntraj: 10000
Nfree: 1
Nscatter: 9983
Nlost: 16
omega: 239558
Ntraj: 10000
Nfree: 2
Nscatter: 9989
Nlost: 9
omega: 236385
Ntraj: 10000
Nfree: 4
Nscatter: 9989
Nlost: 7
omega: 237523
Ntraj: 10000
Nfree: 1
Nscatter: 9986
Nlost: 13
omega: 234858
Ntraj: 10000
Nfree: 1
Nscatter: 9992
Nlost: 7
omega: 236524
Ntraj: 10000
Nfree: 1
Nscatter: 9986
Nlost: 13
omega: 237828
*********************************************************
task: 0
worker id: 52059
time create lcl and mol: 0.0595682 s
numbers of trajectories: 5000
time trajectory calculation: 10.0732 s
task: 1
worker id: 69766
time create lcl and mol: 0.0616291 s
numbers of trajectories: 5000
time trajectory calculation: 16.5099 s
task: 2
worker id: 69766
time create lcl and mol: 0.061691 s
numbers of trajectories: 5000
time trajectory calculation: 9.52732 s
task: 3
worker id: 52059
time create lcl and mol: 0.061038 s
numbers of trajectories: 5000
time trajectory calculation: 16.0479 s
task: 4
worker id: 61986
time create lcl and mol: 0.0604482 s
numbers of trajectories: 5000
time trajectory calculation: 13.3452 s
task: 5
worker id: 61986
time create lcl and mol: 0.0585752 s
numbers of trajectories: 5000
time trajectory calculation: 9.45527 s
task: 6
worker id: 98228
time create lcl and mol: 0.058773 s
numbers of trajectories: 5000
time trajectory calculation: 10.7071 s
task: 7
worker id: 16032
time create lcl and mol: 0.0586669 s
numbers of trajectories: 5000
time trajectory calculation: 8.22522 s
task: 8
worker id: 11334
time create lcl and mol: 0.058933 s
numbers of trajectories: 5000
time trajectory calculation: 11.1711 s
task: 9
worker id: 61986
time create lcl and mol: 0.0588331 s
numbers of trajectories: 5000
time trajectory calculation: 8.06744 s
task: 10
worker id: 11334
time create lcl and mol: 0.0611601 s
numbers of trajectories: 5000
time trajectory calculation: 9.15585 s
task: 11
worker id: 16032
time create lcl and mol: 0.0577281 s
numbers of trajectories: 5000
time trajectory calculation: 7.00193 s
task: 12
worker id: 98228
time create lcl and mol: 0.0614641 s
numbers of trajectories: 5000
time trajectory calculation: 8.90729 s
task: 13
worker id: 16032
time create lcl and mol: 0.059756 s
numbers of trajectories: 5000
time trajectory calculation: 7.83986 s
task: 14
worker id: 3441
time create lcl and mol: 0.0619409 s
numbers of trajectories: 5000
time trajectory calculation: 9.82044 s
task: 15
worker id: 98228
time create lcl and mol: 0.0615201 s
numbers of trajectories: 5000
time trajectory calculation: 7.00516 s
task: 16
worker id: 36410
time create lcl and mol: 0.063066 s
numbers of trajectories: 5000
time trajectory calculation: 10.1036 s
task: 17
worker id: 11334
time create lcl and mol: 0.0623379 s
numbers of trajectories: 5000
time trajectory calculation: 7.60456 s
task: 18
worker id: 3441
time create lcl and mol: 0.058805 s
numbers of trajectories: 5000
time trajectory calculation: 10.65 s
task: 19
worker id: 36410
time create lcl and mol: 0.0593278 s
numbers of trajectories: 5000
time trajectory calculation: 11.0249 s
CCS time: 31.3174 s
*********************************************************
average value of CCS = 237044 Ang^2
error value of CCS = 446.843 Ang^2
Total time: 33.4803 s
Program finished...
*********************************************************
INPUT:: Simulation Parameters 
*********************************************************
target filename                  : 6co8.xyz
number of probe                  : 10000
number of iterarions             : 10
number of tasks                  : 20
number of threads                : 24
seed number                      : 2104
gas buffer                       : He
Target Temperature (K)           : 298
timestep (fs)                    : 10
Skin cell size (Ang)             : 0.01
Equipotential                    : no
Cut short-range interaction      : yes
LJ cutoff (Ang)                  : 12
Apply long-range interaction     : yes
Cut long-range interaction       : yes
Coulomb cutoff (Ang)             : 25
Apply induced-dipole interaction : yes
alpha (Ang^3)                    : 0.204956
force_type: 4
*********************************************************
Force Field parameters: 
*********************************************************
Symbol  mass (amu)  epislon (kcal/mol)  sigma(Angstroms) 
C   12.011   0.0309   3.043
N   14.007   0.0309   3.043
H   1.008   0.015   2.38
O   15.999   0.0309   3.043
S   32.06   0.0311   3.5
*********************************************************
MOLECULE:: orientation around the inertia principal axis 
*********************************************************
Inertia matrix a.u. Ang^2: 
{  3.16993e+11  -3488.86  182563  }
{  -3488.86  3.16993e+11  11107.4  }
{  182563  11107.4  3.16993e+11  }
Rotation matrix applied to molecule: 
{  0.0135249  -0.0653249  0.997772  }
{  -0.0544395  0.998043  -0.0307808  }
{  -0.993809  -0.053902  0.0099422  }
Molecule radius: 235.768 Ang 
orientation time of molecule target: 1.73905 s
target mass: 1.12678e+07 amu
gas mass: 4.0026 amu
reduce mass: 4.0026 amu
charge state: 170.688 e
*********************************************************
Geometric Ellipsoid: 
*********************************************************
maximal distances: 235.74  235.713  235.768  Ang
Initial axis length: 285.75  285.723  285.778  Ang
Ellipsoid axis length: 285.8  285.773  285.828  Ang
ellipsoid calculation time: 0.00980282 s
maximal impact parameter: 285.828 Ang
*********************************************************
Linked-cell: 
Numbers of cells: 110592
Nx: 48 Ny: 48 Nz: 48
Filled cells: 17880
Empty cells: 92712
Average atoms per cell: 88.1783
Maximum atoms per cell: 206
Minimum atoms per cell: 1
Simulation box: 
lx: 576.48 Ang
ly: 576.48 Ang
lz: 576.48 Ang
linked-cell calculation time: 0.282708 s
time info: 0.0353911 s
*********************************************************
Trajectory calculations 
*********************************************************
out target time: 34.0924 s
Ntraj: 10000
Nfree: 2
Nscatter: 9989
Nlost: 9
omega: 238079
Ntraj: 10000
Nfree: 4
Nscatter: 9983
Nlost: 13
omega: 237933
Ntraj: 10000
Nfree: 4
Nscatter: 9983
Nlost: 13
omega: 234708
Ntraj: 10000
Nfree: 3
Nscatter: 9983
Nlost: 14
omega: 237044
Ntraj: 10000
Nfree: 1
Nscatter: 9983
Nlost: 16
omega: 239558
Ntraj: 10000
Nfree: 2
Nscatter: 9989
Nlost: 9
omega: 236385
Ntraj: 10000
Nfree: 4
Nscatter: 9989
Nlost: 7
omega: 237523
Ntraj: 10000
Nfree: 1
Nscatter: 9986
Nlost: 13
omega: 234858
Ntraj: 10000
Nfree: 1
Nscatter: 9992
Nlost: 7
omega: 236524
Ntraj: 10000
Nfree: 1
Nscatter: 9986
Nlost: 13
omega: 237828
*********************************************************
task: 0
worker id: 70797
time create lcl and mol: 0.0578649 s
numbers of trajectories: 5000
time trajectory calculation: 10.6288 s
task: 1
worker id: 37448
time create lcl and mol: 0.0621631 s
numbers of trajectories: 5000
time trajectory calculation: 15.7671 s
task: 2
worker id: 53091
time create lcl and mol: 0.058831 s
numbers of trajectories: 5000
time trajectory calculation: 9.29709 s
task: 3
worker id: 4483
time create lcl and mol: 0.0614419 s
numbers of trajectories: 5000
time trajectory calculation: 15.8584 s
task: 4
worker id: 17063
time create lcl and mol: 0.0607882 s
numbers of trajectories: 5000
time trajectory calculation: 13.814 s
task: 5
worker id: 4483
time create lcl and mol: 0.061554 s
numbers of trajectories: 5000
time trajectory calculation: 9.58024 s
task: 6
worker id: 1539
time create lcl and mol: 0.062484 s
numbers of trajectories: 5000
time trajectory calculation: 10.7385 s
task: 7
worker id: 63031
time create lcl and mol: 0.061841 s
numbers of trajectories: 5000
time trajectory calculation: 8.83429 s
task: 8
worker id: 12367
time create lcl and mol: 0.057694 s
numbers of trajectories: 5000
time trajectory calculation: 10.8285 s
task: 9
worker id: 53091
time create lcl and mol: 0.0608802 s
numbers of trajectories: 5000
time trajectory calculation: 7.72297 s
task: 10
worker id: 1539
time create lcl and mol: 0.0619152 s
numbers of trajectories: 5000
time trajectory calculation: 9.12116 s
task: 11
worker id: 12367
time create lcl and mol: 0.0615549 s
numbers of trajectories: 5000
time trajectory calculation: 7.06286 s
task: 12
worker id: 17063
time create lcl and mol: 0.0593979 s
numbers of trajectories: 5000
time trajectory calculation: 9.0455 s
task: 13
worker id: 4483
time create lcl and mol: 0.0632551 s
numbers of trajectories: 5000
time trajectory calculation: 8.23225 s
task: 14
worker id: 63031
time create lcl and mol: 0.0644269 s
numbers of trajectories: 5000
time trajectory calculation: 9.85171 s
task: 15
worker id: 12367
time create lcl and mol: 0.0619559 s
numbers of trajectories: 5000
time trajectory calculation: 6.9907 s
task: 16
worker id: 70797
time create lcl and mol: 0.062144 s
numbers of trajectories: 5000
time trajectory calculation: 10.0336 s
task: 17
worker id: 1539
time create lcl and mol: 0.0570381 s
numbers of trajectories: 5000
time trajectory calculation: 7.86764 s
task: 18
worker id: 37448
time create lcl and mol: 0.0618389 s
numbers of trajectories: 5000
time trajectory calculation: 10.1529 s
task: 19
worker id: 53091
time create lcl and mol: 0.057924 s
numbers of trajectories: 5000
time trajectory calculation: 11.1801 s
CCS time: 34.1359 s
*********************************************************
average value of CCS = 237044 Ang^2
error value of CCS = 446.843 Ang^2
Total time: 36.1726 s
Program finished...
*********************************************************
INPUT:: Simulation Parameters 
*********************************************************
target filename                  : 6co8.xyz
number of probe                  : 10000
number of iterarions             : 10
number of tasks                  : 20
number of threads                : 24
seed number                      : 2104
gas buffer                       : He
Target Temperature (K)           : 298
timestep (fs)                    : 10
Skin cell size (Ang)             : 0.01
Equipotential                    : no
Cut short-range interaction      : yes
LJ cutoff (Ang)                  : 12
Apply long-range interaction     : yes
Cut long-range interaction       : yes
Coulomb cutoff (Ang)             : 25
Apply induced-dipole interaction : yes
alpha (Ang^3)                    : 0.204956
force_type: 4
*********************************************************
Force Field parameters: 
*********************************************************
Symbol  mass (amu)  epislon (kcal/mol)  sigma(Angstroms) 
C   12.011   0.0309   3.043
N   14.007   0.0309   3.043
H   1.008   0.015   2.38
O   15.999   0.0309   3.043
S   32.06   0.0311   3.5
*********************************************************
MOLECULE:: orientation around the inertia principal axis 
*********************************************************
Inertia matrix a.u. Ang^2: 
{  3.16993e+11  -3488.86  182563  }
{  -3488.86  3.16993e+11  11107.4  }
{  182563  11107.4  3.16993e+11  }
Rotation matrix applied to molecule: 
{  0.0135249  -0.0653249  0.997772  }
{  -0.0544395  0.998043  -0.0307808  }
{  -0.993809  -0.053902  0.0099422  }
Molecule radius: 235.768 Ang 
orientation time of molecule target: 1.69996 s
target mass: 1.12678e+07 amu
gas mass: 4.0026 amu
reduce mass: 4.0026 amu
charge state: 170.688 e
*********************************************************
Geometric Ellipsoid: 
*********************************************************
maximal distances: 235.74  235.713  235.768  Ang
Initial axis length: 285.75  285.723  285.778  Ang
Ellipsoid axis length: 285.8  285.773  285.828  Ang
ellipsoid calculation time: 0.00962114 s
maximal impact parameter: 285.828 Ang
*********************************************************
Linked-cell: 
Numbers of cells: 110592
Nx: 48 Ny: 48 Nz: 48
Filled cells: 17880
Empty cells: 92712
Average atoms per cell: 88.1783
Maximum atoms per cell: 206
Minimum atoms per cell: 1
Simulation box: 
lx: 576.48 Ang
ly: 576.48 Ang
lz: 576.48 Ang
linked-cell calculation time: 0.287636 s
time info: 0.034858 s
*********************************************************
Trajectory calculations 
*********************************************************
out target time: 35.6603 s
Ntraj: 10000
Nfree: 2
Nscatter: 9989
Nlost: 9
omega: 238079
Ntraj: 10000
Nfree: 4
Nscatter: 9983
Nlost: 13
omega: 237933
Ntraj: 10000
Nfree: 4
Nscatter: 9983
Nlost: 13
omega: 234708
Ntraj: 10000
Nfree: 3
Nscatter: 9983
Nlost: 14
omega: 237044
Ntraj: 10000
Nfree: 1
Nscatter: 9983
Nlost: 16
omega: 239558
Ntraj: 10000
Nfree: 2
Nscatter: 9989
Nlost: 9
omega: 236385
Ntraj: 10000
Nfree: 4
Nscatter: 9989
Nlost: 7
omega: 237523
Ntraj: 10000
Nfree: 1
Nscatter: 9986
Nlost: 13
omega: 234858
Ntraj: 10000
Nfree: 1
Nscatter: 9992
Nlost: 7
omega: 236524
Ntraj: 10000
Nfree: 1
Nscatter: 9986
Nlost: 13
omega: 237828
*********************************************************
task: 0
worker id: 13726
time create lcl and mol: 0.059062 s
numbers of trajectories: 5000
time trajectory calculation: 10.7881 s
task: 1
worker id: 3071
time create lcl and mol: 0.0625069 s
numbers of trajectories: 5000
time trajectory calculation: 15.861 s
task: 2
worker id: 18421
time create lcl and mol: 0.0572541 s
numbers of trajectories: 5000
time trajectory calculation: 9.68736 s
task: 3
worker id: 38802
time create lcl and mol: 0.058671 s
numbers of trajectories: 5000
time trajectory calculation: 15.8013 s
task: 4
worker id: 5841
time create lcl and mol: 0.0614121 s
numbers of trajectories: 5000
time trajectory calculation: 13.59 s
task: 5
worker id: 64409
time create lcl and mol: 0.0596521 s
numbers of trajectories: 5000
time trajectory calculation: 9.43654 s
task: 6
worker id: 54452
time create lcl and mol: 0.0618331 s
numbers of trajectories: 5000
time trajectory calculation: 10.9323 s
task: 7
worker id: 54452
time create lcl and mol: 0.0588551 s
numbers of trajectories: 5000
time trajectory calculation: 8.15719 s
task: 8
worker id: 72160
time create lcl and mol: 0.0583251 s
numbers of trajectories: 5000
time trajectory calculation: 11.1177 s
task: 9
worker id: 18421
time create lcl and mol: 0.0608439 s
numbers of trajectories: 5000
time trajectory calculation: 8.1977 s
task: 10
worker id: 72160
time create lcl and mol: 0.061157 s
numbers of trajectories: 5000
time trajectory calculation: 9.07325 s
task: 11
worker id: 64409
time create lcl and mol: 0.0617528 s
numbers of trajectories: 5000
time trajectory calculation: 6.96622 s
task: 12
worker id: 64409
time create lcl and mol: 0.0580521 s
numbers of trajectories: 5000
time trajectory calculation: 8.75458 s
task: 13
worker id: 3071
time create lcl and mol: 0.0589168 s
numbers of trajectories: 5000
time trajectory calculation: 8.23102 s
task: 14
worker id: 18421
time create lcl and mol: 0.0616429 s
numbers of trajectories: 5000
time trajectory calculation: 9.84785 s
task: 15
worker id: 54452
time create lcl and mol: 0.0618181 s
numbers of trajectories: 5000
time trajectory calculation: 7.07202 s
task: 16
worker id: 38802
time create lcl and mol: 0.0586061 s
numbers of trajectories: 5000
time trajectory calculation: 9.91174 s
task: 17
worker id: 5841
time create lcl and mol: 0.058661 s
numbers of trajectories: 5000
time trajectory calculation: 7.76612 s
task: 18
worker id: 13726
time create lcl and mol: 0.0634809 s
numbers of trajectories: 5000
time trajectory calculation: 10.3719 s
task: 19
worker id: 3071
time create lcl and mol: 0.0614841 s
numbers of trajectories: 5000
time trajectory calculation: 11.1837 s
CCS time: 35.703 s
*********************************************************
average value of CCS = 237044 Ang^2
error value of CCS = 446.843 Ang^2
Total time: 37.7051 s
Program finished...
*********************************************************
INPUT:: Simulation Parameters 
*********************************************************
target filename                  : 6co8.xyz
number of probe                  : 10000
number of iterarions             : 10
number of tasks                  : 20
number of threads                : 24
seed number                      : 2104
gas buffer                       : He
Target Temperature (K)           : 298
timestep (fs)                    : 10
Skin cell size (Ang)             : 0.01
Equipotential                    : no
Cut short-range interaction      : yes
LJ cutoff (Ang)                  : 12
Apply long-range interaction     : yes
Cut long-range interaction       : yes
Coulomb cutoff (Ang)             : 25
Apply induced-dipole interaction : yes
alpha (Ang^3)                    : 0.204956
force_type: 4
*********************************************************
Force Field parameters: 
*********************************************************
Symbol  mass (amu)  epislon (kcal/mol)  sigma(Angstroms) 
C   12.011   0.0309   3.043
N   14.007   0.0309   3.043
H   1.008   0.015   2.38
O   15.999   0.0309   3.043
S   32.06   0.0311   3.5
*********************************************************
MOLECULE:: orientation around the inertia principal axis 
*********************************************************
Inertia matrix a.u. Ang^2: 
{  3.16993e+11  -3488.86  182563  }
{  -3488.86  3.16993e+11  11107.4  }
{  182563  11107.4  3.16993e+11  }
Rotation matrix applied to molecule: 
{  0.0135249  -0.0653249  0.997772  }
{  -0.0544395  0.998043  -0.0307808  }
{  -0.993809  -0.053902  0.0099422  }
Molecule radius: 235.768 Ang 
orientation time of molecule target: 1.69801 s
target mass: 1.12678e+07 amu
gas mass: 4.0026 amu
reduce mass: 4.0026 amu
charge state: 170.688 e
*********************************************************
Geometric Ellipsoid: 
*********************************************************
maximal distances: 235.74  235.713  235.768  Ang
Initial axis length: 285.75  285.723  285.778  Ang
Ellipsoid axis length: 285.8  285.773  285.828  Ang
ellipsoid calculation time: 0.00982118 s
maximal impact parameter: 285.828 Ang
*********************************************************
Linked-cell: 
Numbers of cells: 110592
Nx: 48 Ny: 48 Nz: 48
Filled cells: 17880
Empty cells: 92712
Average atoms per cell: 88.1783
Maximum atoms per cell: 206
Minimum atoms per cell: 1
Simulation box: 
lx: 576.48 Ang
ly: 576.48 Ang
lz: 576.48 Ang
linked-cell calculation time: 0.283569 s
time info: 0.035264 s
*********************************************************
Trajectory calculations 
*********************************************************
out target time: 30.594 s
Ntraj: 10000
Nfree: 2
Nscatter: 9989
Nlost: 9
omega: 238079
Ntraj: 10000
Nfree: 4
Nscatter: 9983
Nlost: 13
omega: 237933
Ntraj: 10000
Nfree: 4
Nscatter: 9983
Nlost: 13
omega: 234708
Ntraj: 10000
Nfree: 3
Nscatter: 9983
Nlost: 14
omega: 237044
Ntraj: 10000
Nfree: 1
Nscatter: 9983
Nlost: 16
omega: 239558
Ntraj: 10000
Nfree: 2
Nscatter: 9989
Nlost: 9
omega: 236385
Ntraj: 10000
Nfree: 4
Nscatter: 9989
Nlost: 7
omega: 237523
Ntraj: 10000
Nfree: 1
Nscatter: 9986
Nlost: 13
omega: 234858
Ntraj: 10000
Nfree: 1
Nscatter: 9992
Nlost: 7
omega: 236524
Ntraj: 10000
Nfree: 1
Nscatter: 9986
Nlost: 13
omega: 237828
*********************************************************
task: 0
worker id: 4433
time create lcl and mol: 0.059124 s
numbers of trajectories: 5000
time trajectory calculation: 10.9392 s
task: 1
worker id: 65783
time create lcl and mol: 0.059273 s
numbers of trajectories: 5000
time trajectory calculation: 16.0856 s
task: 2
worker id: 7202
time create lcl and mol: 0.0591428 s
numbers of trajectories: 5000
time trajectory calculation: 9.65365 s
task: 3
worker id: 55812
time create lcl and mol: 0.0581889 s
numbers of trajectories: 5000
time trajectory calculation: 15.8667 s
task: 4
worker id: 73520
time create lcl and mol: 0.0597069 s
numbers of trajectories: 5000
time trajectory calculation: 13.8953 s
task: 5
worker id: 19790
time create lcl and mol: 0.0577352 s
numbers of trajectories: 5000
time trajectory calculation: 9.58136 s
task: 6
worker id: 40159
time create lcl and mol: 0.0595891 s
numbers of trajectories: 5000
time trajectory calculation: 10.8252 s
task: 7
worker id: 15088
time create lcl and mol: 0.0580959 s
numbers of trajectories: 5000
time trajectory calculation: 8.39113 s
task: 8
worker id: 19790
time create lcl and mol: 0.060051 s
numbers of trajectories: 5000
time trajectory calculation: 10.8109 s
task: 9
worker id: 55812
time create lcl and mol: 0.0609379 s
numbers of trajectories: 5000
time trajectory calculation: 8.12071 s
task: 10
worker id: 15088
time create lcl and mol: 0.060415 s
numbers of trajectories: 5000
time trajectory calculation: 9.02596 s
task: 11
worker id: 4433
time create lcl and mol: 0.0611739 s
numbers of trajectories: 5000
time trajectory calculation: 7.09972 s
task: 12
worker id: 7202
time create lcl and mol: 0.060813 s
numbers of trajectories: 5000
time trajectory calculation: 9.05641 s
task: 13
worker id: 65783
time create lcl and mol: 0.0578542 s
numbers of trajectories: 5000
time trajectory calculation: 8.1334 s
task: 14
worker id: 73520
time create lcl and mol: 0.0576751 s
numbers of trajectories: 5000
time trajectory calculation: 9.88663 s
task: 15
worker id: 7202
time create lcl and mol: 0.0630751 s
numbers of trajectories: 5000
time trajectory calculation: 7.04561 s
task: 16
worker id: 19790
time create lcl and mol: 0.060858 s
numbers of trajectories: 5000
time trajectory calculation: 9.82098 s
task: 17
worker id: 15088
time create lcl and mol: 0.0621841 s
numbers of trajectories: 5000
time trajectory calculation: 7.77766 s
task: 18
worker id: 40159
time create lcl and mol: 0.0624499 s
numbers of trajectories: 5000
time trajectory calculation: 10.2393 s
task: 19
worker id: 4433
time create lcl and mol: 0.0582199 s
numbers of trajectories: 5000
time trajectory calculation: 10.8613 s
CCS time: 30.6372 s
*********************************************************
average value of CCS = 237044 Ang^2
error value of CCS = 446.843 Ang^2
Total time: 32.634 s
Program finished...
[1695224977.888044] [sdumont6077:65783:0]       tag_match.c:62   UCX  WARN  unexpected tag-receive descriptor 0x556a3eaa8a40 was not matched
[1695224977.885686] [sdumont6083:73520:0]       tag_match.c:62   UCX  WARN  unexpected tag-receive descriptor 0x55dce9f3aa80 was not matched
*********************************************************
INPUT:: Simulation Parameters 
*********************************************************
target filename                  : 6co8.xyz
number of probe                  : 10000
number of iterarions             : 10
number of tasks                  : 20
number of threads                : 24
seed number                      : 2104
gas buffer                       : He
Target Temperature (K)           : 298
timestep (fs)                    : 10
Skin cell size (Ang)             : 0.01
Equipotential                    : no
Cut short-range interaction      : yes
LJ cutoff (Ang)                  : 12
Apply long-range interaction     : yes
Cut long-range interaction       : yes
Coulomb cutoff (Ang)             : 25
Apply induced-dipole interaction : yes
alpha (Ang^3)                    : 0.204956
force_type: 4
*********************************************************
Force Field parameters: 
*********************************************************
Symbol  mass (amu)  epislon (kcal/mol)  sigma(Angstroms) 
C   12.011   0.0309   3.043
N   14.007   0.0309   3.043
H   1.008   0.015   2.38
O   15.999   0.0309   3.043
S   32.06   0.0311   3.5
*********************************************************
MOLECULE:: orientation around the inertia principal axis 
*********************************************************
Inertia matrix a.u. Ang^2: 
{  3.16993e+11  -3488.86  182563  }
{  -3488.86  3.16993e+11  11107.4  }
{  182563  11107.4  3.16993e+11  }
Rotation matrix applied to molecule: 
{  0.0135249  -0.0653249  0.997772  }
{  -0.0544395  0.998043  -0.0307808  }
{  -0.993809  -0.053902  0.0099422  }
Molecule radius: 235.768 Ang 
orientation time of molecule target: 1.74789 s
target mass: 1.12678e+07 amu
gas mass: 4.0026 amu
reduce mass: 4.0026 amu
charge state: 170.688 e
*********************************************************
Geometric Ellipsoid: 
*********************************************************
maximal distances: 235.74  235.713  235.768  Ang
Initial axis length: 285.75  285.723  285.778  Ang
Ellipsoid axis length: 285.8  285.773  285.828  Ang
ellipsoid calculation time: 0.010211 s
maximal impact parameter: 285.828 Ang
*********************************************************
Linked-cell: 
Numbers of cells: 110592
Nx: 48 Ny: 48 Nz: 48
Filled cells: 17880
Empty cells: 92712
Average atoms per cell: 88.1783
Maximum atoms per cell: 206
Minimum atoms per cell: 1
Simulation box: 
lx: 576.48 Ang
ly: 576.48 Ang
lz: 576.48 Ang
linked-cell calculation time: 0.294486 s
time info: 0.035795 s
*********************************************************
Trajectory calculations 
*********************************************************
out target time: 29.2834 s
Ntraj: 10000
Nfree: 2
Nscatter: 9989
Nlost: 9
omega: 238079
Ntraj: 10000
Nfree: 4
Nscatter: 9983
Nlost: 13
omega: 237933
Ntraj: 10000
Nfree: 4
Nscatter: 9983
Nlost: 13
omega: 234708
Ntraj: 10000
Nfree: 3
Nscatter: 9983
Nlost: 14
omega: 237044
Ntraj: 10000
Nfree: 1
Nscatter: 9983
Nlost: 16
omega: 239558
Ntraj: 10000
Nfree: 2
Nscatter: 9989
Nlost: 9
omega: 236385
Ntraj: 10000
Nfree: 4
Nscatter: 9989
Nlost: 7
omega: 237523
Ntraj: 10000
Nfree: 1
Nscatter: 9986
Nlost: 13
omega: 234858
Ntraj: 10000
Nfree: 1
Nscatter: 9992
Nlost: 7
omega: 236524
Ntraj: 10000
Nfree: 1
Nscatter: 9986
Nlost: 13
omega: 237828
*********************************************************
task: 0
worker id: 20820
time create lcl and mol: 0.0593388 s
numbers of trajectories: 5000
time trajectory calculation: 10.9264 s
task: 1
worker id: 74550
time create lcl and mol: 0.058445 s
numbers of trajectories: 5000
time trajectory calculation: 16.3793 s
task: 2
worker id: 41187
time create lcl and mol: 0.0608349 s
numbers of trajectories: 5000
time trajectory calculation: 9.72842 s
task: 3
worker id: 56841
time create lcl and mol: 0.0620141 s
numbers of trajectories: 5000
time trajectory calculation: 16.0783 s
task: 4
worker id: 8233
time create lcl and mol: 0.0579879 s
numbers of trajectories: 5000
time trajectory calculation: 13.8074 s
task: 5
worker id: 66829
time create lcl and mol: 0.0603731 s
numbers of trajectories: 5000
time trajectory calculation: 9.65028 s
task: 6
worker id: 5477
time create lcl and mol: 0.059027 s
numbers of trajectories: 5000
time trajectory calculation: 10.9003 s
task: 7
worker id: 16120
time create lcl and mol: 0.061321 s
numbers of trajectories: 5000
time trajectory calculation: 8.52546 s
task: 8
worker id: 74550
time create lcl and mol: 0.0613079 s
numbers of trajectories: 5000
time trajectory calculation: 10.8558 s
task: 9
worker id: 66829
time create lcl and mol: 0.0632291 s
numbers of trajectories: 5000
time trajectory calculation: 8.06697 s
task: 10
worker id: 16120
time create lcl and mol: 0.062737 s
numbers of trajectories: 5000
time trajectory calculation: 8.92966 s
task: 11
worker id: 5477
time create lcl and mol: 0.058387 s
numbers of trajectories: 5000
time trajectory calculation: 7.11249 s
task: 12
worker id: 41187
time create lcl and mol: 0.061244 s
numbers of trajectories: 5000
time trajectory calculation: 9.18691 s
task: 13
worker id: 16120
time create lcl and mol: 0.061981 s
numbers of trajectories: 5000
time trajectory calculation: 8.2781 s
task: 14
worker id: 5477
time create lcl and mol: 0.058686 s
numbers of trajectories: 5000
time trajectory calculation: 9.71526 s
task: 15
worker id: 41187
time create lcl and mol: 0.060715 s
numbers of trajectories: 5000
time trajectory calculation: 7.02953 s
task: 16
worker id: 20820
time create lcl and mol: 0.059916 s
numbers of trajectories: 5000
time trajectory calculation: 9.90909 s
task: 17
worker id: 8233
time create lcl and mol: 0.0624449 s
numbers of trajectories: 5000
time trajectory calculation: 7.86494 s
task: 18
worker id: 56841
time create lcl and mol: 0.062587 s
numbers of trajectories: 5000
time trajectory calculation: 10.3665 s
task: 19
worker id: 66829
time create lcl and mol: 0.0611498 s
numbers of trajectories: 5000
time trajectory calculation: 11.1947 s
CCS time: 29.3273 s
*********************************************************
average value of CCS = 237044 Ang^2
error value of CCS = 446.843 Ang^2
Total time: 31.3849 s
Program finished...
