*********************************************************
INPUT:: Simulation Parameters 
*********************************************************
target filename                  : 7df4_pH75.xyz
number of probe                  : 10000
number of iterarions             : 10
number of tasks                  : 24
number of threads                : 24
seed number                      : 2104
gas buffer                       : He
Target Temperature (K)           : 298
timestep (fs)                    : 10
Skin cell size (Ang)             : 0.01
Equipotential                    : no
Cut short-range interaction      : yes
LJ cutoff (Ang)                  : 12
Apply long-range interaction     : yes
Cut long-range interaction       : yes
Coulomb cutoff (Ang)             : 25
Apply induced-dipole interaction : yes
alpha (Ang^3)                    : 0.204956
force_type: 4
*********************************************************
Force Field parameters: 
*********************************************************
Symbol  mass (amu)  epislon (kcal/mol)  sigma(Angstroms) 
C   12.011   0.0309   3.043
N   14.007   0.0309   3.043
H   1.008   0.015   2.38
O   15.999   0.0309   3.043
S   32.06   0.0311   3.5
*********************************************************
MOLECULE:: orientation around the inertia principal axis 
*********************************************************
Inertia matrix a.u. Ang^2: 
{  1.23609e+09  4.00282e+07  2.25898e+08  }
{  4.00282e+07  1.30652e+09  -1.10541e+08  }
{  2.25898e+08  -1.10541e+08  5.41488e+08  }
Rotation matrix applied to molecule: 
{  0.325185  0.944823  -0.0395478  }
{  -0.282758  0.137056  0.949349  }
{  0.902387  -0.297532  0.311725  }
Molecule radius: 124.059 Ang 
orientation time of molecule target: 0.0643711 s
target mass: 424238 amu
gas mass: 4.0026 amu
reduce mass: 4.00256 amu
charge state: -33.0008 e
*********************************************************
Geometric Ellipsoid: 
*********************************************************
maximal distances: 74.8716  88.7378  123.109  Ang
Initial axis length: 124.882  138.748  173.119  Ang
Ellipsoid axis length: 127.352  141.218  175.589  Ang
ellipsoid calculation time: 0.000452042 s
maximal impact parameter: 175.589 Ang
*********************************************************
Linked-cell: 
Numbers of cells: 15840
Nx: 22 Ny: 24 Nz: 30
Filled cells: 754
Empty cells: 15086
Average atoms per cell: 78.2825
Maximum atoms per cell: 193
Minimum atoms per cell: 1
Simulation box: 
lx: 264.22 Ang
ly: 288.24 Ang
lz: 360.3 Ang
linked-cell calculation time: 0.0198388 s
time info: 0.0019002 s
*********************************************************
Trajectory calculations 
*********************************************************
out target time: 10.2074 s
Ntraj: 10000
Nfree: 2909
Nscatter: 7087
Nlost: 4
omega: 20225.8
Ntraj: 10000
Nfree: 2920
Nscatter: 7073
Nlost: 7
omega: 20867.3
Ntraj: 10000
Nfree: 2976
Nscatter: 7021
Nlost: 3
omega: 20545.8
Ntraj: 10000
Nfree: 2947
Nscatter: 7047
Nlost: 6
omega: 21715.1
Ntraj: 10000
Nfree: 2884
Nscatter: 7110
Nlost: 6
omega: 21113.8
Ntraj: 10000
Nfree: 2981
Nscatter: 7011
Nlost: 8
omega: 21129
Ntraj: 10000
Nfree: 2939
Nscatter: 7057
Nlost: 4
omega: 20421.6
Ntraj: 10000
Nfree: 2953
Nscatter: 7044
Nlost: 3
omega: 20324.5
Ntraj: 10000
Nfree: 2991
Nscatter: 7007
Nlost: 2
omega: 21426
Ntraj: 10000
Nfree: 2941
Nscatter: 7053
Nlost: 6
omega: 21295.5
*********************************************************
task: 0
worker id: 25639
time create lcl and mol: 0.00461793 s
numbers of trajectories: 4167
time trajectory calculation: 2.3213 s
task: 1
worker id: 84084
time create lcl and mol: 0.00451398 s
numbers of trajectories: 4167
time trajectory calculation: 2.25127 s
task: 2
worker id: 66410
time create lcl and mol: 0.00481892 s
numbers of trajectories: 4167
time trajectory calculation: 4.31388 s
task: 3
worker id: 17781
time create lcl and mol: 0.00431204 s
numbers of trajectories: 4167
time trajectory calculation: 2.75657 s
task: 4
worker id: 30332
time create lcl and mol: 0.0047369 s
numbers of trajectories: 4167
time trajectory calculation: 3.91501 s
task: 5
worker id: 50738
time create lcl and mol: 0.00443316 s
numbers of trajectories: 4167
time trajectory calculation: 2.34293 s
task: 6
worker id: 80703
time create lcl and mol: 0.00419998 s
numbers of trajectories: 4167
time trajectory calculation: 2.04085 s
task: 7
worker id: 15080
time create lcl and mol: 0.00437188 s
numbers of trajectories: 4167
time trajectory calculation: 2.35869 s
task: 8
worker id: 66410
time create lcl and mol: 0.00466585 s
numbers of trajectories: 4167
time trajectory calculation: 3.21991 s
task: 9
worker id: 30332
time create lcl and mol: 0.00476694 s
numbers of trajectories: 4167
time trajectory calculation: 2.95912 s
task: 10
worker id: 84084
time create lcl and mol: 0.00446987 s
numbers of trajectories: 4167
time trajectory calculation: 3.66151 s
task: 11
worker id: 25639
time create lcl and mol: 0.00478387 s
numbers of trajectories: 4167
time trajectory calculation: 2.80222 s
task: 12
worker id: 25639
time create lcl and mol: 0.00491595 s
numbers of trajectories: 4167
time trajectory calculation: 3.04729 s
task: 13
worker id: 15080
time create lcl and mol: 0.00493717 s
numbers of trajectories: 4167
time trajectory calculation: 3.25981 s
task: 14
worker id: 25639
time create lcl and mol: 0.00499701 s
numbers of trajectories: 4167
time trajectory calculation: 1.92498 s
task: 15
worker id: 80703
time create lcl and mol: 0.00486112 s
numbers of trajectories: 4167
time trajectory calculation: 2.94943 s
task: 16
worker id: 17781
time create lcl and mol: 0.00488305 s
numbers of trajectories: 4166
time trajectory calculation: 2.59715 s
task: 17
worker id: 15080
time create lcl and mol: 0.00448513 s
numbers of trajectories: 4166
time trajectory calculation: 2.21906 s
task: 18
worker id: 30332
time create lcl and mol: 0.00442886 s
numbers of trajectories: 4166
time trajectory calculation: 1.62591 s
task: 19
worker id: 80703
time create lcl and mol: 0.00477409 s
numbers of trajectories: 4166
time trajectory calculation: 4.01858 s
task: 20
worker id: 84084
time create lcl and mol: 0.00470805 s
numbers of trajectories: 4166
time trajectory calculation: 2.07176 s
task: 21
worker id: 17781
time create lcl and mol: 0.00459719 s
numbers of trajectories: 4166
time trajectory calculation: 3.46985 s
task: 22
worker id: 50738
time create lcl and mol: 0.00475383 s
numbers of trajectories: 4166
time trajectory calculation: 2.34438 s
task: 23
worker id: 50738
time create lcl and mol: 0.00489998 s
numbers of trajectories: 4166
time trajectory calculation: 3.06573 s
CCS time: 10.2158 s
*********************************************************
average value of CCS = 20906.4 Ang^2
error value of CCS = 152.85 Ang^2
Total time: 10.3054 s
Program finished...
*********************************************************
INPUT:: Simulation Parameters 
*********************************************************
target filename                  : 7df4_pH75.xyz
number of probe                  : 10000
number of iterarions             : 10
number of tasks                  : 24
number of threads                : 24
seed number                      : 2104
gas buffer                       : He
Target Temperature (K)           : 298
timestep (fs)                    : 10
Skin cell size (Ang)             : 0.01
Equipotential                    : no
Cut short-range interaction      : yes
LJ cutoff (Ang)                  : 12
Apply long-range interaction     : yes
Cut long-range interaction       : yes
Coulomb cutoff (Ang)             : 25
Apply induced-dipole interaction : yes
alpha (Ang^3)                    : 0.204956
force_type: 4
*********************************************************
Force Field parameters: 
*********************************************************
Symbol  mass (amu)  epislon (kcal/mol)  sigma(Angstroms) 
C   12.011   0.0309   3.043
N   14.007   0.0309   3.043
H   1.008   0.015   2.38
O   15.999   0.0309   3.043
S   32.06   0.0311   3.5
*********************************************************
MOLECULE:: orientation around the inertia principal axis 
*********************************************************
Inertia matrix a.u. Ang^2: 
{  1.23609e+09  4.00282e+07  2.25898e+08  }
{  4.00282e+07  1.30652e+09  -1.10541e+08  }
{  2.25898e+08  -1.10541e+08  5.41488e+08  }
Rotation matrix applied to molecule: 
{  0.325185  0.944823  -0.0395478  }
{  -0.282758  0.137056  0.949349  }
{  0.902387  -0.297532  0.311725  }
Molecule radius: 124.059 Ang 
orientation time of molecule target: 0.0640879 s
target mass: 424238 amu
gas mass: 4.0026 amu
reduce mass: 4.00256 amu
charge state: -33.0008 e
*********************************************************
Geometric Ellipsoid: 
*********************************************************
maximal distances: 74.8716  88.7378  123.109  Ang
Initial axis length: 124.882  138.748  173.119  Ang
Ellipsoid axis length: 127.352  141.218  175.589  Ang
ellipsoid calculation time: 0.000431061 s
maximal impact parameter: 175.589 Ang
*********************************************************
Linked-cell: 
Numbers of cells: 15840
Nx: 22 Ny: 24 Nz: 30
Filled cells: 754
Empty cells: 15086
Average atoms per cell: 78.2825
Maximum atoms per cell: 193
Minimum atoms per cell: 1
Simulation box: 
lx: 264.22 Ang
ly: 288.24 Ang
lz: 360.3 Ang
linked-cell calculation time: 0.019609 s
time info: 0.00186205 s
*********************************************************
Trajectory calculations 
*********************************************************
out target time: 9.39266 s
Ntraj: 10000
Nfree: 2909
Nscatter: 7087
Nlost: 4
omega: 20225.8
Ntraj: 10000
Nfree: 2920
Nscatter: 7073
Nlost: 7
omega: 20867.3
Ntraj: 10000
Nfree: 2976
Nscatter: 7021
Nlost: 3
omega: 20545.8
Ntraj: 10000
Nfree: 2947
Nscatter: 7047
Nlost: 6
omega: 21715.1
Ntraj: 10000
Nfree: 2884
Nscatter: 7110
Nlost: 6
omega: 21113.8
Ntraj: 10000
Nfree: 2981
Nscatter: 7011
Nlost: 8
omega: 21129
Ntraj: 10000
Nfree: 2939
Nscatter: 7057
Nlost: 4
omega: 20421.6
Ntraj: 10000
Nfree: 2953
Nscatter: 7044
Nlost: 3
omega: 20324.5
Ntraj: 10000
Nfree: 2991
Nscatter: 7007
Nlost: 2
omega: 21426
Ntraj: 10000
Nfree: 2941
Nscatter: 7053
Nlost: 6
omega: 21295.5
*********************************************************
task: 0
worker id: 18491
time create lcl and mol: 0.00486493 s
numbers of trajectories: 4167
time trajectory calculation: 2.35319 s
task: 1
worker id: 67118
time create lcl and mol: 0.00464511 s
numbers of trajectories: 4167
time trajectory calculation: 2.21074 s
task: 2
worker id: 81427
time create lcl and mol: 0.0046351 s
numbers of trajectories: 4167
time trajectory calculation: 4.35681 s
task: 3
worker id: 31041
time create lcl and mol: 0.00481105 s
numbers of trajectories: 4167
time trajectory calculation: 2.79464 s
task: 4
worker id: 84792
time create lcl and mol: 0.004632 s
numbers of trajectories: 4167
time trajectory calculation: 3.80332 s
task: 5
worker id: 15788
time create lcl and mol: 0.00464487 s
numbers of trajectories: 4167
time trajectory calculation: 2.44989 s
task: 6
worker id: 51449
time create lcl and mol: 0.00462079 s
numbers of trajectories: 4167
time trajectory calculation: 1.9671 s
task: 7
worker id: 26351
time create lcl and mol: 0.00466204 s
numbers of trajectories: 4167
time trajectory calculation: 2.27118 s
task: 8
worker id: 67118
time create lcl and mol: 0.00469398 s
numbers of trajectories: 4167
time trajectory calculation: 3.24991 s
task: 9
worker id: 81427
time create lcl and mol: 0.00448108 s
numbers of trajectories: 4167
time trajectory calculation: 2.89679 s
task: 10
worker id: 67118
time create lcl and mol: 0.00457001 s
numbers of trajectories: 4167
time trajectory calculation: 3.83613 s
task: 11
worker id: 51449
time create lcl and mol: 0.00484204 s
numbers of trajectories: 4167
time trajectory calculation: 2.78239 s
task: 12
worker id: 26351
time create lcl and mol: 0.00487709 s
numbers of trajectories: 4167
time trajectory calculation: 3.1866 s
task: 13
worker id: 18491
time create lcl and mol: 0.00465012 s
numbers of trajectories: 4167
time trajectory calculation: 3.14147 s
task: 14
worker id: 15788
time create lcl and mol: 0.00479293 s
numbers of trajectories: 4167
time trajectory calculation: 1.98407 s
task: 15
worker id: 84792
time create lcl and mol: 0.00477791 s
numbers of trajectories: 4167
time trajectory calculation: 2.85749 s
task: 16
worker id: 15788
time create lcl and mol: 0.00487804 s
numbers of trajectories: 4166
time trajectory calculation: 2.59431 s
task: 17
worker id: 84792
time create lcl and mol: 0.00430918 s
numbers of trajectories: 4166
time trajectory calculation: 2.18338 s
task: 18
worker id: 31041
time create lcl and mol: 0.0048461 s
numbers of trajectories: 4166
time trajectory calculation: 1.62657 s
task: 19
worker id: 51449
time create lcl and mol: 0.0044589 s
numbers of trajectories: 4166
time trajectory calculation: 4.00072 s
task: 20
worker id: 15788
time create lcl and mol: 0.00488114 s
numbers of trajectories: 4166
time trajectory calculation: 2.2396 s
task: 21
worker id: 31041
time create lcl and mol: 0.00489306 s
numbers of trajectories: 4166
time trajectory calculation: 3.48048 s
task: 22
worker id: 26351
time create lcl and mol: 0.00452709 s
numbers of trajectories: 4166
time trajectory calculation: 2.35825 s
task: 23
worker id: 18491
time create lcl and mol: 0.00446796 s
numbers of trajectories: 4166
time trajectory calculation: 3.15745 s
CCS time: 9.401 s
*********************************************************
average value of CCS = 20906.4 Ang^2
error value of CCS = 152.85 Ang^2
Total time: 9.49029 s
Program finished...
*********************************************************
INPUT:: Simulation Parameters 
*********************************************************
target filename                  : 7df4_pH75.xyz
number of probe                  : 10000
number of iterarions             : 10
number of tasks                  : 24
number of threads                : 24
seed number                      : 2104
gas buffer                       : He
Target Temperature (K)           : 298
timestep (fs)                    : 10
Skin cell size (Ang)             : 0.01
Equipotential                    : no
Cut short-range interaction      : yes
LJ cutoff (Ang)                  : 12
Apply long-range interaction     : yes
Cut long-range interaction       : yes
Coulomb cutoff (Ang)             : 25
Apply induced-dipole interaction : yes
alpha (Ang^3)                    : 0.204956
force_type: 4
*********************************************************
Force Field parameters: 
*********************************************************
Symbol  mass (amu)  epislon (kcal/mol)  sigma(Angstroms) 
C   12.011   0.0309   3.043
N   14.007   0.0309   3.043
H   1.008   0.015   2.38
O   15.999   0.0309   3.043
S   32.06   0.0311   3.5
*********************************************************
MOLECULE:: orientation around the inertia principal axis 
*********************************************************
Inertia matrix a.u. Ang^2: 
{  1.23609e+09  4.00282e+07  2.25898e+08  }
{  4.00282e+07  1.30652e+09  -1.10541e+08  }
{  2.25898e+08  -1.10541e+08  5.41488e+08  }
Rotation matrix applied to molecule: 
{  0.325185  0.944823  -0.0395478  }
{  -0.282758  0.137056  0.949349  }
{  0.902387  -0.297532  0.311725  }
Molecule radius: 124.059 Ang 
orientation time of molecule target: 0.06409 s
target mass: 424238 amu
gas mass: 4.0026 amu
reduce mass: 4.00256 amu
charge state: -33.0008 e
*********************************************************
Geometric Ellipsoid: 
*********************************************************
maximal distances: 74.8716  88.7378  123.109  Ang
Initial axis length: 124.882  138.748  173.119  Ang
Ellipsoid axis length: 127.352  141.218  175.589  Ang
ellipsoid calculation time: 0.000437975 s
maximal impact parameter: 175.589 Ang
*********************************************************
Linked-cell: 
Numbers of cells: 15840
Nx: 22 Ny: 24 Nz: 30
Filled cells: 754
Empty cells: 15086
Average atoms per cell: 78.2825
Maximum atoms per cell: 193
Minimum atoms per cell: 1
Simulation box: 
lx: 264.22 Ang
ly: 288.24 Ang
lz: 360.3 Ang
linked-cell calculation time: 0.019676 s
time info: 0.00187612 s
*********************************************************
Trajectory calculations 
*********************************************************
out target time: 9.43159 s
Ntraj: 10000
Nfree: 2909
Nscatter: 7087
Nlost: 4
omega: 20225.8
Ntraj: 10000
Nfree: 2920
Nscatter: 7073
Nlost: 7
omega: 20867.3
Ntraj: 10000
Nfree: 2976
Nscatter: 7021
Nlost: 3
omega: 20545.8
Ntraj: 10000
Nfree: 2947
Nscatter: 7047
Nlost: 6
omega: 21715.1
Ntraj: 10000
Nfree: 2884
Nscatter: 7110
Nlost: 6
omega: 21113.8
Ntraj: 10000
Nfree: 2981
Nscatter: 7011
Nlost: 8
omega: 21129
Ntraj: 10000
Nfree: 2939
Nscatter: 7057
Nlost: 4
omega: 20421.6
Ntraj: 10000
Nfree: 2953
Nscatter: 7044
Nlost: 3
omega: 20324.5
Ntraj: 10000
Nfree: 2991
Nscatter: 7007
Nlost: 2
omega: 21426
Ntraj: 10000
Nfree: 2941
Nscatter: 7053
Nlost: 6
omega: 21295.5
*********************************************************
task: 0
worker id: 16205
time create lcl and mol: 0.00470781 s
numbers of trajectories: 4167
time trajectory calculation: 2.30447 s
task: 1
worker id: 31455
time create lcl and mol: 0.0047121 s
numbers of trajectories: 4167
time trajectory calculation: 2.23081 s
task: 2
worker id: 51867
time create lcl and mol: 0.0045619 s
numbers of trajectories: 4167
time trajectory calculation: 4.41183 s
task: 3
worker id: 67531
time create lcl and mol: 0.00513601 s
numbers of trajectories: 4167
time trajectory calculation: 2.86213 s
task: 4
worker id: 18902
time create lcl and mol: 0.0048461 s
numbers of trajectories: 4167
time trajectory calculation: 3.77987 s
task: 5
worker id: 81857
time create lcl and mol: 0.00512505 s
numbers of trajectories: 4167
time trajectory calculation: 2.33468 s
task: 6
worker id: 85208
time create lcl and mol: 0.00464201 s
numbers of trajectories: 4167
time trajectory calculation: 1.91811 s
task: 7
worker id: 26764
time create lcl and mol: 0.00463605 s
numbers of trajectories: 4167
time trajectory calculation: 2.43427 s
task: 8
worker id: 16205
time create lcl and mol: 0.00443196 s
numbers of trajectories: 4167
time trajectory calculation: 3.28854 s
task: 9
worker id: 81857
time create lcl and mol: 0.00490403 s
numbers of trajectories: 4167
time trajectory calculation: 2.97983 s
task: 10
worker id: 16205
time create lcl and mol: 0.00492501 s
numbers of trajectories: 4167
time trajectory calculation: 3.72383 s
task: 11
worker id: 81857
time create lcl and mol: 0.00468493 s
numbers of trajectories: 4167
time trajectory calculation: 2.61778 s
task: 12
worker id: 26764
time create lcl and mol: 0.00468206 s
numbers of trajectories: 4167
time trajectory calculation: 3.06881 s
task: 13
worker id: 31455
time create lcl and mol: 0.00468397 s
numbers of trajectories: 4167
time trajectory calculation: 3.3267 s
task: 14
worker id: 18902
time create lcl and mol: 0.00469804 s
numbers of trajectories: 4167
time trajectory calculation: 2.04964 s
task: 15
worker id: 85208
time create lcl and mol: 0.00609207 s
numbers of trajectories: 4167
time trajectory calculation: 2.96699 s
task: 16
worker id: 67531
time create lcl and mol: 0.00433111 s
numbers of trajectories: 4166
time trajectory calculation: 2.60698 s
task: 17
worker id: 51867
time create lcl and mol: 0.00464606 s
numbers of trajectories: 4166
time trajectory calculation: 2.19957 s
task: 18
worker id: 51867
time create lcl and mol: 0.00471997 s
numbers of trajectories: 4166
time trajectory calculation: 1.71246 s
task: 19
worker id: 85208
time create lcl and mol: 0.004951 s
numbers of trajectories: 4166
time trajectory calculation: 3.79333 s
task: 20
worker id: 26764
time create lcl and mol: 0.00500989 s
numbers of trajectories: 4166
time trajectory calculation: 2.22425 s
task: 21
worker id: 67531
time create lcl and mol: 0.004884 s
numbers of trajectories: 4166
time trajectory calculation: 3.50301 s
task: 22
worker id: 18902
time create lcl and mol: 0.00474 s
numbers of trajectories: 4166
time trajectory calculation: 2.38121 s
task: 23
worker id: 31455
time create lcl and mol: 0.00471187 s
numbers of trajectories: 4166
time trajectory calculation: 3.13371 s
CCS time: 9.43997 s
*********************************************************
average value of CCS = 20906.4 Ang^2
error value of CCS = 152.85 Ang^2
Total time: 9.52945 s
Program finished...
*********************************************************
INPUT:: Simulation Parameters 
*********************************************************
target filename                  : 7df4_pH75.xyz
number of probe                  : 10000
number of iterarions             : 10
number of tasks                  : 24
number of threads                : 24
seed number                      : 2104
gas buffer                       : He
Target Temperature (K)           : 298
timestep (fs)                    : 10
Skin cell size (Ang)             : 0.01
Equipotential                    : no
Cut short-range interaction      : yes
LJ cutoff (Ang)                  : 12
Apply long-range interaction     : yes
Cut long-range interaction       : yes
Coulomb cutoff (Ang)             : 25
Apply induced-dipole interaction : yes
alpha (Ang^3)                    : 0.204956
force_type: 4
*********************************************************
Force Field parameters: 
*********************************************************
Symbol  mass (amu)  epislon (kcal/mol)  sigma(Angstroms) 
C   12.011   0.0309   3.043
N   14.007   0.0309   3.043
H   1.008   0.015   2.38
O   15.999   0.0309   3.043
S   32.06   0.0311   3.5
*********************************************************
MOLECULE:: orientation around the inertia principal axis 
*********************************************************
Inertia matrix a.u. Ang^2: 
{  1.23609e+09  4.00282e+07  2.25898e+08  }
{  4.00282e+07  1.30652e+09  -1.10541e+08  }
{  2.25898e+08  -1.10541e+08  5.41488e+08  }
Rotation matrix applied to molecule: 
{  0.325185  0.944823  -0.0395478  }
{  -0.282758  0.137056  0.949349  }
{  0.902387  -0.297532  0.311725  }
Molecule radius: 124.059 Ang 
orientation time of molecule target: 0.064121 s
target mass: 424238 amu
gas mass: 4.0026 amu
reduce mass: 4.00256 amu
charge state: -33.0008 e
*********************************************************
Geometric Ellipsoid: 
*********************************************************
maximal distances: 74.8716  88.7378  123.109  Ang
Initial axis length: 124.882  138.748  173.119  Ang
Ellipsoid axis length: 127.352  141.218  175.589  Ang
ellipsoid calculation time: 0.000428915 s
maximal impact parameter: 175.589 Ang
*********************************************************
Linked-cell: 
Numbers of cells: 15840
Nx: 22 Ny: 24 Nz: 30
Filled cells: 754
Empty cells: 15086
Average atoms per cell: 78.2825
Maximum atoms per cell: 193
Minimum atoms per cell: 1
Simulation box: 
lx: 264.22 Ang
ly: 288.24 Ang
lz: 360.3 Ang
linked-cell calculation time: 0.01968 s
time info: 0.00187898 s
*********************************************************
Trajectory calculations 
*********************************************************
out target time: 10.2466 s
Ntraj: 10000
Nfree: 2909
Nscatter: 7087
Nlost: 4
omega: 20225.8
Ntraj: 10000
Nfree: 2920
Nscatter: 7073
Nlost: 7
omega: 20867.3
Ntraj: 10000
Nfree: 2976
Nscatter: 7021
Nlost: 3
omega: 20545.8
Ntraj: 10000
Nfree: 2947
Nscatter: 7047
Nlost: 6
omega: 21715.1
Ntraj: 10000
Nfree: 2884
Nscatter: 7110
Nlost: 6
omega: 21113.8
Ntraj: 10000
Nfree: 2981
Nscatter: 7011
Nlost: 8
omega: 21129
Ntraj: 10000
Nfree: 2939
Nscatter: 7057
Nlost: 4
omega: 20421.6
Ntraj: 10000
Nfree: 2953
Nscatter: 7044
Nlost: 3
omega: 20324.5
Ntraj: 10000
Nfree: 2991
Nscatter: 7007
Nlost: 2
omega: 21426
Ntraj: 10000
Nfree: 2941
Nscatter: 7053
Nlost: 6
omega: 21295.5
*********************************************************
task: 0
worker id: 82271
time create lcl and mol: 0.00464296 s
numbers of trajectories: 4167
time trajectory calculation: 2.25906 s
task: 1
worker id: 19301
time create lcl and mol: 0.00467587 s
numbers of trajectories: 4167
time trajectory calculation: 2.20444 s
task: 2
worker id: 67930
time create lcl and mol: 0.00459981 s
numbers of trajectories: 4167
time trajectory calculation: 4.62127 s
task: 3
worker id: 31857
time create lcl and mol: 0.00465012 s
numbers of trajectories: 4167
time trajectory calculation: 2.82961 s
task: 4
worker id: 16606
time create lcl and mol: 0.00455809 s
numbers of trajectories: 4167
time trajectory calculation: 3.81766 s
task: 5
worker id: 52270
time create lcl and mol: 0.00451493 s
numbers of trajectories: 4167
time trajectory calculation: 2.34835 s
task: 6
worker id: 85612
time create lcl and mol: 0.00461888 s
numbers of trajectories: 4167
time trajectory calculation: 1.90373 s
task: 7
worker id: 27170
time create lcl and mol: 0.00490212 s
numbers of trajectories: 4167
time trajectory calculation: 2.36304 s
task: 8
worker id: 16606
time create lcl and mol: 0.00475478 s
numbers of trajectories: 4167
time trajectory calculation: 3.31053 s
task: 9
worker id: 27170
time create lcl and mol: 0.00498581 s
numbers of trajectories: 4167
time trajectory calculation: 2.97476 s
task: 10
worker id: 31857
time create lcl and mol: 0.00492382 s
numbers of trajectories: 4167
time trajectory calculation: 3.7443 s
task: 11
worker id: 52270
time create lcl and mol: 0.00470996 s
numbers of trajectories: 4167
time trajectory calculation: 2.62686 s
task: 12
worker id: 82271
time create lcl and mol: 0.00499582 s
numbers of trajectories: 4167
time trajectory calculation: 3.17606 s
task: 13
worker id: 19301
time create lcl and mol: 0.00472617 s
numbers of trajectories: 4167
time trajectory calculation: 3.20842 s
task: 14
worker id: 19301
time create lcl and mol: 0.00462198 s
numbers of trajectories: 4167
time trajectory calculation: 1.93861 s
task: 15
worker id: 27170
time create lcl and mol: 0.0046339 s
numbers of trajectories: 4167
time trajectory calculation: 2.97775 s
task: 16
worker id: 82271
time create lcl and mol: 0.00474095 s
numbers of trajectories: 4166
time trajectory calculation: 2.60523 s
task: 17
worker id: 31857
time create lcl and mol: 0.00447083 s
numbers of trajectories: 4166
time trajectory calculation: 2.24498 s
task: 18
worker id: 19301
time create lcl and mol: 0.00459909 s
numbers of trajectories: 4166
time trajectory calculation: 1.62399 s
task: 19
worker id: 67930
time create lcl and mol: 0.0045929 s
numbers of trajectories: 4166
time trajectory calculation: 4.0186 s
task: 20
worker id: 82271
time create lcl and mol: 0.00497508 s
numbers of trajectories: 4166
time trajectory calculation: 2.07619 s
task: 21
worker id: 85612
time create lcl and mol: 0.0048418 s
numbers of trajectories: 4166
time trajectory calculation: 3.5164 s
task: 22
worker id: 85612
time create lcl and mol: 0.00413585 s
numbers of trajectories: 4166
time trajectory calculation: 2.33074 s
task: 23
worker id: 52270
time create lcl and mol: 0.00497103 s
numbers of trajectories: 4166
time trajectory calculation: 3.12572 s
CCS time: 10.2549 s
*********************************************************
average value of CCS = 20906.4 Ang^2
error value of CCS = 152.85 Ang^2
Total time: 10.3444 s
Program finished...
*********************************************************
INPUT:: Simulation Parameters 
*********************************************************
target filename                  : 7df4_pH75.xyz
number of probe                  : 10000
number of iterarions             : 10
number of tasks                  : 24
number of threads                : 24
seed number                      : 2104
gas buffer                       : He
Target Temperature (K)           : 298
timestep (fs)                    : 10
Skin cell size (Ang)             : 0.01
Equipotential                    : no
Cut short-range interaction      : yes
LJ cutoff (Ang)                  : 12
Apply long-range interaction     : yes
Cut long-range interaction       : yes
Coulomb cutoff (Ang)             : 25
Apply induced-dipole interaction : yes
alpha (Ang^3)                    : 0.204956
force_type: 4
*********************************************************
Force Field parameters: 
*********************************************************
Symbol  mass (amu)  epislon (kcal/mol)  sigma(Angstroms) 
C   12.011   0.0309   3.043
N   14.007   0.0309   3.043
H   1.008   0.015   2.38
O   15.999   0.0309   3.043
S   32.06   0.0311   3.5
*********************************************************
MOLECULE:: orientation around the inertia principal axis 
*********************************************************
Inertia matrix a.u. Ang^2: 
{  1.23609e+09  4.00282e+07  2.25898e+08  }
{  4.00282e+07  1.30652e+09  -1.10541e+08  }
{  2.25898e+08  -1.10541e+08  5.41488e+08  }
Rotation matrix applied to molecule: 
{  0.325185  0.944823  -0.0395478  }
{  -0.282758  0.137056  0.949349  }
{  0.902387  -0.297532  0.311725  }
Molecule radius: 124.059 Ang 
orientation time of molecule target: 0.0644119 s
target mass: 424238 amu
gas mass: 4.0026 amu
reduce mass: 4.00256 amu
charge state: -33.0008 e
*********************************************************
Geometric Ellipsoid: 
*********************************************************
maximal distances: 74.8716  88.7378  123.109  Ang
Initial axis length: 124.882  138.748  173.119  Ang
Ellipsoid axis length: 127.352  141.218  175.589  Ang
ellipsoid calculation time: 0.000447989 s
maximal impact parameter: 175.589 Ang
*********************************************************
Linked-cell: 
Numbers of cells: 15840
Nx: 22 Ny: 24 Nz: 30
Filled cells: 754
Empty cells: 15086
Average atoms per cell: 78.2825
Maximum atoms per cell: 193
Minimum atoms per cell: 1
Simulation box: 
lx: 264.22 Ang
ly: 288.24 Ang
lz: 360.3 Ang
linked-cell calculation time: 0.0198779 s
time info: 0.00170898 s
*********************************************************
Trajectory calculations 
*********************************************************
out target time: 10.5267 s
Ntraj: 10000
Nfree: 2909
Nscatter: 7087
Nlost: 4
omega: 20225.8
Ntraj: 10000
Nfree: 2920
Nscatter: 7073
Nlost: 7
omega: 20867.3
Ntraj: 10000
Nfree: 2976
Nscatter: 7021
Nlost: 3
omega: 20545.8
Ntraj: 10000
Nfree: 2947
Nscatter: 7047
Nlost: 6
omega: 21715.1
Ntraj: 10000
Nfree: 2884
Nscatter: 7110
Nlost: 6
omega: 21113.8
Ntraj: 10000
Nfree: 2981
Nscatter: 7011
Nlost: 8
omega: 21129
Ntraj: 10000
Nfree: 2939
Nscatter: 7057
Nlost: 4
omega: 20421.6
Ntraj: 10000
Nfree: 2953
Nscatter: 7044
Nlost: 3
omega: 20324.5
Ntraj: 10000
Nfree: 2991
Nscatter: 7007
Nlost: 2
omega: 21426
Ntraj: 10000
Nfree: 2941
Nscatter: 7053
Nlost: 6
omega: 21295.5
*********************************************************
task: 0
worker id: 32258
time create lcl and mol: 0.00465393 s
numbers of trajectories: 4167
time trajectory calculation: 2.25855 s
task: 1
worker id: 86016
time create lcl and mol: 0.00453615 s
numbers of trajectories: 4167
time trajectory calculation: 2.22254 s
task: 2
worker id: 68328
time create lcl and mol: 0.00458503 s
numbers of trajectories: 4167
time trajectory calculation: 4.54084 s
task: 3
worker id: 19701
time create lcl and mol: 0.00467205 s
numbers of trajectories: 4167
time trajectory calculation: 2.84834 s
task: 4
worker id: 27571
time create lcl and mol: 0.00460315 s
numbers of trajectories: 4167
time trajectory calculation: 3.69856 s
task: 5
worker id: 17004
time create lcl and mol: 0.004457 s
numbers of trajectories: 4167
time trajectory calculation: 2.3717 s
task: 6
worker id: 52670
time create lcl and mol: 0.00457907 s
numbers of trajectories: 4167
time trajectory calculation: 1.96231 s
task: 7
worker id: 82684
time create lcl and mol: 0.004668 s
numbers of trajectories: 4167
time trajectory calculation: 2.29334 s
task: 8
worker id: 82684
time create lcl and mol: 0.0046401 s
numbers of trajectories: 4167
time trajectory calculation: 3.30405 s
task: 9
worker id: 19701
time create lcl and mol: 0.0048461 s
numbers of trajectories: 4167
time trajectory calculation: 3.00421 s
task: 10
worker id: 17004
time create lcl and mol: 0.00468111 s
numbers of trajectories: 4167
time trajectory calculation: 3.7133 s
task: 11
worker id: 19701
time create lcl and mol: 0.00481081 s
numbers of trajectories: 4167
time trajectory calculation: 2.71627 s
task: 12
worker id: 52670
time create lcl and mol: 0.00465393 s
numbers of trajectories: 4167
time trajectory calculation: 3.16556 s
task: 13
worker id: 86016
time create lcl and mol: 0.00418496 s
numbers of trajectories: 4167
time trajectory calculation: 3.14046 s
task: 14
worker id: 52670
time create lcl and mol: 0.00461888 s
numbers of trajectories: 4167
time trajectory calculation: 1.88633 s
task: 15
worker id: 68328
time create lcl and mol: 0.00433898 s
numbers of trajectories: 4167
time trajectory calculation: 2.95684 s
task: 16
worker id: 27571
time create lcl and mol: 0.00472808 s
numbers of trajectories: 4166
time trajectory calculation: 2.62045 s
task: 17
worker id: 82684
time create lcl and mol: 0.00469995 s
numbers of trajectories: 4166
time trajectory calculation: 2.23673 s
task: 18
worker id: 27571
time create lcl and mol: 0.00480509 s
numbers of trajectories: 4166
time trajectory calculation: 1.60791 s
task: 19
worker id: 32258
time create lcl and mol: 0.00493407 s
numbers of trajectories: 4166
time trajectory calculation: 3.87136 s
task: 20
worker id: 86016
time create lcl and mol: 0.00497508 s
numbers of trajectories: 4166
time trajectory calculation: 2.11787 s
task: 21
worker id: 52670
time create lcl and mol: 0.005018 s
numbers of trajectories: 4166
time trajectory calculation: 3.39998 s
task: 22
worker id: 17004
time create lcl and mol: 0.0042429 s
numbers of trajectories: 4166
time trajectory calculation: 2.41606 s
task: 23
worker id: 32258
time create lcl and mol: 0.00460505 s
numbers of trajectories: 4166
time trajectory calculation: 3.15948 s
CCS time: 10.5351 s
*********************************************************
average value of CCS = 20906.4 Ang^2
error value of CCS = 152.85 Ang^2
Total time: 10.6249 s
Program finished...
