*********************************************************
INPUT:: Simulation Parameters 
*********************************************************
target filename                  : 08_1dpx_carga_8_min.xyz
number of probe                  : 10000
number of iterarions             : 10
number of tasks                  : 30
number of threads                : 24
seed number                      : 2104
gas buffer                       : He
Target Temperature (K)           : 298
timestep (fs)                    : 10
Skin cell size (Ang)             : 0.01
Equipotential                    : no
Cut short-range interaction      : yes
LJ cutoff (Ang)                  : 12
Apply long-range interaction     : yes
Cut long-range interaction       : yes
Coulomb cutoff (Ang)             : 25
Apply induced-dipole interaction : yes
alpha (Ang^3)                    : 0.204956
force_type: 4
*********************************************************
Force Field parameters: 
*********************************************************
Symbol  mass (amu)  epislon (kcal/mol)  sigma(Angstroms) 
C   12.011   0.0309   3.043
N   14.007   0.0309   3.043
H   1.008   0.015   2.38
O   15.999   0.0309   3.043
S   32.06   0.0311   3.5
*********************************************************
MOLECULE:: orientation around the inertia principal axis 
*********************************************************
Inertia matrix a.u. Ang^2: 
{  1.81428e+06  216790  -460318  }
{  216790  1.99723e+06  201304  }
{  -460318  201304  1.70164e+06  }
Rotation matrix applied to molecule: 
{  0.774163  0.205071  -0.598846  }
{  -0.62997  0.341856  -0.697332  }
{  0.0617163  0.917104  0.393841  }
Molecule radius: 27.4865 Ang 
orientation time of molecule target: 0.00269699 s
target mass: 14313.2 amu
gas mass: 4.0026 amu
reduce mass: 4.00148 amu
charge state: 8 e
*********************************************************
Geometric Ellipsoid: 
*********************************************************
maximal distances: 14.0497  17.3921  25.4195  Ang
Initial axis length: 64.0597  67.4021  75.4295  Ang
Ellipsoid axis length: 67.9997  71.3421  79.3695  Ang
ellipsoid calculation time: 5.81741e-05 s
maximal impact parameter: 79.3695 Ang
*********************************************************
Linked-cell: 
Numbers of cells: 2016
Nx: 12 Ny: 12 Nz: 14
Filled cells: 36
Empty cells: 1980
Average atoms per cell: 54.4444
Maximum atoms per cell: 177
Minimum atoms per cell: 1
Simulation box: 
lx: 144.12 Ang
ly: 144.12 Ang
lz: 168.14 Ang
linked-cell calculation time: 0.00222898 s
time info: 0.000101089 s
*********************************************************
Trajectory calculations 
*********************************************************
out target time: 1.01039 s
Ntraj: 10000
Nfree: 1609
Nscatter: 8391
Nlost: 0
omega: 1394.27
Ntraj: 10000
Nfree: 1585
Nscatter: 8414
Nlost: 1
omega: 1373.57
Ntraj: 10000
Nfree: 1573
Nscatter: 8427
Nlost: 0
omega: 1321.85
Ntraj: 10000
Nfree: 1548
Nscatter: 8452
Nlost: 0
omega: 1613.26
Ntraj: 10000
Nfree: 1584
Nscatter: 8416
Nlost: 0
omega: 1547.3
Ntraj: 10000
Nfree: 1608
Nscatter: 8392
Nlost: 0
omega: 1517.84
Ntraj: 10000
Nfree: 1614
Nscatter: 8386
Nlost: 0
omega: 1458.44
Ntraj: 10000
Nfree: 1607
Nscatter: 8393
Nlost: 0
omega: 1478.36
Ntraj: 10000
Nfree: 1619
Nscatter: 8380
Nlost: 1
omega: 1530.29
Ntraj: 10000
Nfree: 1596
Nscatter: 8404
Nlost: 0
omega: 1508.35
*********************************************************
task: 0
worker id: 88278
time create lcl and mol: 0.00049305 s
numbers of trajectories: 3334
time trajectory calculation: 0.149728 s
task: 1
worker id: 85675
time create lcl and mol: 0.000658035 s
numbers of trajectories: 3334
time trajectory calculation: 0.1622 s
task: 2
worker id: 39359
time create lcl and mol: 0.000490904 s
numbers of trajectories: 3334
time trajectory calculation: 0.155616 s
task: 3
worker id: 59490
time create lcl and mol: 0.000491858 s
numbers of trajectories: 3334
time trajectory calculation: 0.154568 s
task: 4
worker id: 56987
time create lcl and mol: 0.000496149 s
numbers of trajectories: 3334
time trajectory calculation: 0.152752 s
task: 5
worker id: 3236
time create lcl and mol: 0.000458956 s
numbers of trajectories: 3334
time trajectory calculation: 0.151812 s
task: 6
worker id: 23741
time create lcl and mol: 0.000712156 s
numbers of trajectories: 3334
time trajectory calculation: 0.151422 s
task: 7
worker id: 96209
time create lcl and mol: 0.00049901 s
numbers of trajectories: 3334
time trajectory calculation: 0.155778 s
task: 8
worker id: 39359
time create lcl and mol: 0.000522852 s
numbers of trajectories: 3334
time trajectory calculation: 0.138103 s
task: 9
worker id: 59490
time create lcl and mol: 0.000524044 s
numbers of trajectories: 3334
time trajectory calculation: 0.184069 s
task: 10
worker id: 56987
time create lcl and mol: 0.000548124 s
numbers of trajectories: 3333
time trajectory calculation: 0.154369 s
task: 11
worker id: 56987
time create lcl and mol: 0.000553131 s
numbers of trajectories: 3333
time trajectory calculation: 0.149765 s
task: 12
worker id: 96209
time create lcl and mol: 0.000552177 s
numbers of trajectories: 3333
time trajectory calculation: 0.142658 s
task: 13
worker id: 3236
time create lcl and mol: 0.000550032 s
numbers of trajectories: 3333
time trajectory calculation: 0.160375 s
task: 14
worker id: 96209
time create lcl and mol: 0.000520945 s
numbers of trajectories: 3333
time trajectory calculation: 0.148403 s
task: 15
worker id: 23741
time create lcl and mol: 0.000548124 s
numbers of trajectories: 3333
time trajectory calculation: 0.142853 s
task: 16
worker id: 88278
time create lcl and mol: 0.000549793 s
numbers of trajectories: 3333
time trajectory calculation: 0.145246 s
task: 17
worker id: 39359
time create lcl and mol: 0.000543118 s
numbers of trajectories: 3333
time trajectory calculation: 0.147457 s
task: 18
worker id: 85675
time create lcl and mol: 0.000549078 s
numbers of trajectories: 3333
time trajectory calculation: 0.14315 s
task: 19
worker id: 85675
time create lcl and mol: 0.000516891 s
numbers of trajectories: 3333
time trajectory calculation: 0.13903 s
task: 20
worker id: 59490
time create lcl and mol: 0.000530005 s
numbers of trajectories: 3333
time trajectory calculation: 0.16492 s
task: 21
worker id: 3236
time create lcl and mol: 0.000553131 s
numbers of trajectories: 3333
time trajectory calculation: 0.139758 s
task: 22
worker id: 88278
time create lcl and mol: 0.000519037 s
numbers of trajectories: 3333
time trajectory calculation: 0.138605 s
task: 23
worker id: 39359
time create lcl and mol: 0.000527143 s
numbers of trajectories: 3333
time trajectory calculation: 0.139958 s
task: 24
worker id: 96209
time create lcl and mol: 0.00052309 s
numbers of trajectories: 3333
time trajectory calculation: 0.476096 s
task: 25
worker id: 85675
time create lcl and mol: 0.000522852 s
numbers of trajectories: 3333
time trajectory calculation: 0.145604 s
task: 26
worker id: 56987
time create lcl and mol: 0.000544786 s
numbers of trajectories: 3333
time trajectory calculation: 0.148056 s
task: 27
worker id: 23741
time create lcl and mol: 0.000540972 s
numbers of trajectories: 3333
time trajectory calculation: 0.143511 s
task: 28
worker id: 23741
time create lcl and mol: 0.000519991 s
numbers of trajectories: 3333
time trajectory calculation: 0.154891 s
task: 29
worker id: 88278
time create lcl and mol: 0.000550032 s
numbers of trajectories: 3333
time trajectory calculation: 0.152241 s
CCS time: 1.01878 s
*********************************************************
average value of CCS = 1474.35 Ang^2
error value of CCS = 26.6249 Ang^2
Total time: 1.0291 s
Program finished...
[1695231675.162036] [sdumont6080:88278:0]       tag_match.c:62   UCX  WARN  unexpected tag-receive descriptor 0x55a3358f4a80 was not matched
[1695231675.161178] [sdumont6081:39359:0]       tag_match.c:62   UCX  WARN  unexpected tag-receive descriptor 0x557d54e17ac0 was not matched
[1695231675.164758] [sdumont6074:68939:0]       tag_match.c:62   UCX  WARN  unexpected tag-receive descriptor 0x2ad0e4013ec0 was not matched
[1695231675.164083] [sdumont6078:85675:0]       tag_match.c:62   UCX  WARN  unexpected tag-receive descriptor 0x55b34ba0da80 was not matched
*********************************************************
INPUT:: Simulation Parameters 
*********************************************************
target filename                  : 08_1dpx_carga_8_min.xyz
number of probe                  : 10000
number of iterarions             : 10
number of tasks                  : 30
number of threads                : 24
seed number                      : 2104
gas buffer                       : He
Target Temperature (K)           : 298
timestep (fs)                    : 10
Skin cell size (Ang)             : 0.01
Equipotential                    : no
Cut short-range interaction      : yes
LJ cutoff (Ang)                  : 12
Apply long-range interaction     : yes
Cut long-range interaction       : yes
Coulomb cutoff (Ang)             : 25
Apply induced-dipole interaction : yes
alpha (Ang^3)                    : 0.204956
force_type: 4
*********************************************************
Force Field parameters: 
*********************************************************
Symbol  mass (amu)  epislon (kcal/mol)  sigma(Angstroms) 
C   12.011   0.0309   3.043
N   14.007   0.0309   3.043
H   1.008   0.015   2.38
O   15.999   0.0309   3.043
S   32.06   0.0311   3.5
*********************************************************
MOLECULE:: orientation around the inertia principal axis 
*********************************************************
Inertia matrix a.u. Ang^2: 
{  1.81428e+06  216790  -460318  }
{  216790  1.99723e+06  201304  }
{  -460318  201304  1.70164e+06  }
Rotation matrix applied to molecule: 
{  0.774163  0.205071  -0.598846  }
{  -0.62997  0.341856  -0.697332  }
{  0.0617163  0.917104  0.393841  }
Molecule radius: 27.4865 Ang 
orientation time of molecule target: 0.00267196 s
target mass: 14313.2 amu
gas mass: 4.0026 amu
reduce mass: 4.00148 amu
charge state: 8 e
*********************************************************
Geometric Ellipsoid: 
*********************************************************
maximal distances: 14.0497  17.3921  25.4195  Ang
Initial axis length: 64.0597  67.4021  75.4295  Ang
Ellipsoid axis length: 67.9997  71.3421  79.3695  Ang
ellipsoid calculation time: 4.69685e-05 s
maximal impact parameter: 79.3695 Ang
*********************************************************
Linked-cell: 
Numbers of cells: 2016
Nx: 12 Ny: 12 Nz: 14
Filled cells: 36
Empty cells: 1980
Average atoms per cell: 54.4444
Maximum atoms per cell: 177
Minimum atoms per cell: 1
Simulation box: 
lx: 144.12 Ang
ly: 144.12 Ang
lz: 168.14 Ang
linked-cell calculation time: 0.00223899 s
time info: 0.000104189 s
*********************************************************
Trajectory calculations 
*********************************************************
out target time: 0.702497 s
Ntraj: 10000
Nfree: 1609
Nscatter: 8391
Nlost: 0
omega: 1394.27
Ntraj: 10000
Nfree: 1585
Nscatter: 8414
Nlost: 1
omega: 1373.57
Ntraj: 10000
Nfree: 1573
Nscatter: 8427
Nlost: 0
omega: 1321.85
Ntraj: 10000
Nfree: 1548
Nscatter: 8452
Nlost: 0
omega: 1613.26
Ntraj: 10000
Nfree: 1584
Nscatter: 8416
Nlost: 0
omega: 1547.3
Ntraj: 10000
Nfree: 1608
Nscatter: 8392
Nlost: 0
omega: 1517.84
Ntraj: 10000
Nfree: 1614
Nscatter: 8386
Nlost: 0
omega: 1458.44
Ntraj: 10000
Nfree: 1607
Nscatter: 8393
Nlost: 0
omega: 1478.36
Ntraj: 10000
Nfree: 1619
Nscatter: 8380
Nlost: 1
omega: 1530.29
Ntraj: 10000
Nfree: 1596
Nscatter: 8404
Nlost: 0
omega: 1508.35
*********************************************************
task: 0
worker id: 96297
time create lcl and mol: 0.000547886 s
numbers of trajectories: 3334
time trajectory calculation: 0.141875 s
task: 1
worker id: 39448
time create lcl and mol: 0.000499964 s
numbers of trajectories: 3334
time trajectory calculation: 0.161954 s
task: 2
worker id: 3323
time create lcl and mol: 0.000521898 s
numbers of trajectories: 3334
time trajectory calculation: 0.143515 s
task: 3
worker id: 57076
time create lcl and mol: 0.000498056 s
numbers of trajectories: 3334
time trajectory calculation: 0.15542 s
task: 4
worker id: 57076
time create lcl and mol: 0.000522137 s
numbers of trajectories: 3334
time trajectory calculation: 0.141902 s
task: 5
worker id: 57076
time create lcl and mol: 0.000555992 s
numbers of trajectories: 3334
time trajectory calculation: 0.146651 s
task: 6
worker id: 59594
time create lcl and mol: 0.000519991 s
numbers of trajectories: 3334
time trajectory calculation: 0.148154 s
task: 7
worker id: 96297
time create lcl and mol: 0.000748873 s
numbers of trajectories: 3334
time trajectory calculation: 0.152982 s
task: 8
worker id: 96297
time create lcl and mol: 0.000524044 s
numbers of trajectories: 3334
time trajectory calculation: 0.133671 s
task: 9
worker id: 59594
time create lcl and mol: 0.000516176 s
numbers of trajectories: 3334
time trajectory calculation: 0.170417 s
task: 10
worker id: 3323
time create lcl and mol: 0.000521898 s
numbers of trajectories: 3333
time trajectory calculation: 0.149278 s
task: 11
worker id: 59594
time create lcl and mol: 0.000552893 s
numbers of trajectories: 3333
time trajectory calculation: 0.150766 s
task: 12
worker id: 88366
time create lcl and mol: 0.000548124 s
numbers of trajectories: 3333
time trajectory calculation: 0.143077 s
task: 13
worker id: 57076
time create lcl and mol: 0.000535011 s
numbers of trajectories: 3333
time trajectory calculation: 0.155138 s
task: 14
worker id: 23831
time create lcl and mol: 0.000520945 s
numbers of trajectories: 3333
time trajectory calculation: 0.147613 s
task: 15
worker id: 23831
time create lcl and mol: 0.000555038 s
numbers of trajectories: 3333
time trajectory calculation: 0.139891 s
task: 16
worker id: 88366
time create lcl and mol: 0.000545025 s
numbers of trajectories: 3333
time trajectory calculation: 0.145729 s
task: 17
worker id: 3323
time create lcl and mol: 0.000521898 s
numbers of trajectories: 3333
time trajectory calculation: 0.14519 s
task: 18
worker id: 59594
time create lcl and mol: 0.000551939 s
numbers of trajectories: 3333
time trajectory calculation: 0.146282 s
task: 19
worker id: 85764
time create lcl and mol: 0.000506878 s
numbers of trajectories: 3333
time trajectory calculation: 0.139318 s
task: 20
worker id: 85764
time create lcl and mol: 0.000478983 s
numbers of trajectories: 3333
time trajectory calculation: 0.178437 s
task: 21
worker id: 88366
time create lcl and mol: 0.000485897 s
numbers of trajectories: 3333
time trajectory calculation: 0.148788 s
task: 22
worker id: 3323
time create lcl and mol: 0.000492096 s
numbers of trajectories: 3333
time trajectory calculation: 0.14742 s
task: 23
worker id: 23831
time create lcl and mol: 0.000492811 s
numbers of trajectories: 3333
time trajectory calculation: 0.147036 s
task: 24
worker id: 39448
time create lcl and mol: 0.000557184 s
numbers of trajectories: 3333
time trajectory calculation: 0.47116 s
task: 25
worker id: 88366
time create lcl and mol: 0.000548124 s
numbers of trajectories: 3333
time trajectory calculation: 0.148386 s
task: 26
worker id: 96297
time create lcl and mol: 0.000519991 s
numbers of trajectories: 3333
time trajectory calculation: 0.150592 s
task: 27
worker id: 85764
time create lcl and mol: 0.000505924 s
numbers of trajectories: 3333
time trajectory calculation: 0.146278 s
task: 28
worker id: 23831
time create lcl and mol: 0.000546932 s
numbers of trajectories: 3333
time trajectory calculation: 0.158649 s
task: 29
worker id: 85764
time create lcl and mol: 0.000513792 s
numbers of trajectories: 3333
time trajectory calculation: 0.150027 s
CCS time: 0.71085 s
*********************************************************
average value of CCS = 1474.35 Ang^2
error value of CCS = 26.6249 Ang^2
Total time: 0.720846 s
Program finished...
*********************************************************
INPUT:: Simulation Parameters 
*********************************************************
target filename                  : 08_1dpx_carga_8_min.xyz
number of probe                  : 10000
number of iterarions             : 10
number of tasks                  : 30
number of threads                : 24
seed number                      : 2104
gas buffer                       : He
Target Temperature (K)           : 298
timestep (fs)                    : 10
Skin cell size (Ang)             : 0.01
Equipotential                    : no
Cut short-range interaction      : yes
LJ cutoff (Ang)                  : 12
Apply long-range interaction     : yes
Cut long-range interaction       : yes
Coulomb cutoff (Ang)             : 25
Apply induced-dipole interaction : yes
alpha (Ang^3)                    : 0.204956
force_type: 4
*********************************************************
Force Field parameters: 
*********************************************************
Symbol  mass (amu)  epislon (kcal/mol)  sigma(Angstroms) 
C   12.011   0.0309   3.043
N   14.007   0.0309   3.043
H   1.008   0.015   2.38
O   15.999   0.0309   3.043
S   32.06   0.0311   3.5
*********************************************************
MOLECULE:: orientation around the inertia principal axis 
*********************************************************
Inertia matrix a.u. Ang^2: 
{  1.81428e+06  216790  -460318  }
{  216790  1.99723e+06  201304  }
{  -460318  201304  1.70164e+06  }
Rotation matrix applied to molecule: 
{  0.774163  0.205071  -0.598846  }
{  -0.62997  0.341856  -0.697332  }
{  0.0617163  0.917104  0.393841  }
Molecule radius: 27.4865 Ang 
orientation time of molecule target: 0.00263786 s
target mass: 14313.2 amu
gas mass: 4.0026 amu
reduce mass: 4.00148 amu
charge state: 8 e
*********************************************************
Geometric Ellipsoid: 
*********************************************************
maximal distances: 14.0497  17.3921  25.4195  Ang
Initial axis length: 64.0597  67.4021  75.4295  Ang
Ellipsoid axis length: 67.9997  71.3421  79.3695  Ang
ellipsoid calculation time: 4.81606e-05 s
maximal impact parameter: 79.3695 Ang
*********************************************************
Linked-cell: 
Numbers of cells: 2016
Nx: 12 Ny: 12 Nz: 14
Filled cells: 36
Empty cells: 1980
Average atoms per cell: 54.4444
Maximum atoms per cell: 177
Minimum atoms per cell: 1
Simulation box: 
lx: 144.12 Ang
ly: 144.12 Ang
lz: 168.14 Ang
linked-cell calculation time: 0.00211 s
time info: 9.799e-05 s
*********************************************************
Trajectory calculations 
*********************************************************
out target time: 0.72053 s
Ntraj: 10000
Nfree: 1609
Nscatter: 8391
Nlost: 0
omega: 1394.27
Ntraj: 10000
Nfree: 1585
Nscatter: 8414
Nlost: 1
omega: 1373.57
Ntraj: 10000
Nfree: 1573
Nscatter: 8427
Nlost: 0
omega: 1321.85
Ntraj: 10000
Nfree: 1548
Nscatter: 8452
Nlost: 0
omega: 1613.26
Ntraj: 10000
Nfree: 1584
Nscatter: 8416
Nlost: 0
omega: 1547.3
Ntraj: 10000
Nfree: 1608
Nscatter: 8392
Nlost: 0
omega: 1517.84
Ntraj: 10000
Nfree: 1614
Nscatter: 8386
Nlost: 0
omega: 1458.44
Ntraj: 10000
Nfree: 1607
Nscatter: 8393
Nlost: 0
omega: 1478.36
Ntraj: 10000
Nfree: 1619
Nscatter: 8380
Nlost: 1
omega: 1530.29
Ntraj: 10000
Nfree: 1596
Nscatter: 8404
Nlost: 0
omega: 1508.35
*********************************************************
task: 0
worker id: 3411
time create lcl and mol: 0.000560045 s
numbers of trajectories: 3334
time trajectory calculation: 0.153411 s
task: 1
worker id: 88454
time create lcl and mol: 0.000522137 s
numbers of trajectories: 3334
time trajectory calculation: 0.156229 s
task: 2
worker id: 88454
time create lcl and mol: 0.000486851 s
numbers of trajectories: 3334
time trajectory calculation: 0.150041 s
task: 3
worker id: 23918
time create lcl and mol: 0.000656843 s
numbers of trajectories: 3334
time trajectory calculation: 0.155108 s
task: 4
worker id: 57163
time create lcl and mol: 0.000513077 s
numbers of trajectories: 3334
time trajectory calculation: 0.147324 s
task: 5
worker id: 39533
time create lcl and mol: 0.000487804 s
numbers of trajectories: 3334
time trajectory calculation: 0.162498 s
task: 6
worker id: 59697
time create lcl and mol: 0.000490904 s
numbers of trajectories: 3334
time trajectory calculation: 0.153722 s
task: 7
worker id: 85852
time create lcl and mol: 0.000462055 s
numbers of trajectories: 3334
time trajectory calculation: 0.149928 s
task: 8
worker id: 96385
time create lcl and mol: 0.000669956 s
numbers of trajectories: 3334
time trajectory calculation: 0.142391 s
task: 9
worker id: 96385
time create lcl and mol: 0.000576973 s
numbers of trajectories: 3334
time trajectory calculation: 0.169272 s
task: 10
worker id: 59697
time create lcl and mol: 0.000538111 s
numbers of trajectories: 3333
time trajectory calculation: 0.149307 s
task: 11
worker id: 85852
time create lcl and mol: 0.000504971 s
numbers of trajectories: 3333
time trajectory calculation: 0.146607 s
task: 12
worker id: 57163
time create lcl and mol: 0.000524998 s
numbers of trajectories: 3333
time trajectory calculation: 0.140348 s
task: 13
worker id: 59697
time create lcl and mol: 0.000541925 s
numbers of trajectories: 3333
time trajectory calculation: 0.165069 s
task: 14
worker id: 88454
time create lcl and mol: 0.000525951 s
numbers of trajectories: 3333
time trajectory calculation: 0.146812 s
task: 15
worker id: 39533
time create lcl and mol: 0.000577927 s
numbers of trajectories: 3333
time trajectory calculation: 0.151129 s
task: 16
worker id: 88454
time create lcl and mol: 0.000513077 s
numbers of trajectories: 3333
time trajectory calculation: 0.139503 s
task: 17
worker id: 96385
time create lcl and mol: 0.000543833 s
numbers of trajectories: 3333
time trajectory calculation: 0.14984 s
task: 18
worker id: 59697
time create lcl and mol: 0.000496864 s
numbers of trajectories: 3333
time trajectory calculation: 0.142969 s
task: 19
worker id: 39533
time create lcl and mol: 0.000569105 s
numbers of trajectories: 3333
time trajectory calculation: 0.148342 s
task: 20
worker id: 96385
time create lcl and mol: 0.000545025 s
numbers of trajectories: 3333
time trajectory calculation: 0.16803 s
task: 21
worker id: 57163
time create lcl and mol: 0.000521898 s
numbers of trajectories: 3333
time trajectory calculation: 0.13608 s
task: 22
worker id: 85852
time create lcl and mol: 0.000509024 s
numbers of trajectories: 3333
time trajectory calculation: 0.139457 s
task: 23
worker id: 23918
time create lcl and mol: 0.000560999 s
numbers of trajectories: 3333
time trajectory calculation: 0.142105 s
task: 24
worker id: 3411
time create lcl and mol: 0.000568151 s
numbers of trajectories: 3333
time trajectory calculation: 0.497793 s
task: 25
worker id: 39533
time create lcl and mol: 0.000578165 s
numbers of trajectories: 3333
time trajectory calculation: 0.15645 s
task: 26
worker id: 85852
time create lcl and mol: 0.000520945 s
numbers of trajectories: 3333
time trajectory calculation: 0.150131 s
task: 27
worker id: 57163
time create lcl and mol: 0.000514984 s
numbers of trajectories: 3333
time trajectory calculation: 0.147317 s
task: 28
worker id: 23918
time create lcl and mol: 0.000555992 s
numbers of trajectories: 3333
time trajectory calculation: 0.157198 s
task: 29
worker id: 23918
time create lcl and mol: 0.000553131 s
numbers of trajectories: 3333
time trajectory calculation: 0.15298 s
CCS time: 0.72842 s
*********************************************************
average value of CCS = 1474.35 Ang^2
error value of CCS = 26.6249 Ang^2
Total time: 0.738623 s
Program finished...
*********************************************************
INPUT:: Simulation Parameters 
*********************************************************
target filename                  : 08_1dpx_carga_8_min.xyz
number of probe                  : 10000
number of iterarions             : 10
number of tasks                  : 30
number of threads                : 24
seed number                      : 2104
gas buffer                       : He
Target Temperature (K)           : 298
timestep (fs)                    : 10
Skin cell size (Ang)             : 0.01
Equipotential                    : no
Cut short-range interaction      : yes
LJ cutoff (Ang)                  : 12
Apply long-range interaction     : yes
Cut long-range interaction       : yes
Coulomb cutoff (Ang)             : 25
Apply induced-dipole interaction : yes
alpha (Ang^3)                    : 0.204956
force_type: 4
*********************************************************
Force Field parameters: 
*********************************************************
Symbol  mass (amu)  epislon (kcal/mol)  sigma(Angstroms) 
C   12.011   0.0309   3.043
N   14.007   0.0309   3.043
H   1.008   0.015   2.38
O   15.999   0.0309   3.043
S   32.06   0.0311   3.5
*********************************************************
MOLECULE:: orientation around the inertia principal axis 
*********************************************************
Inertia matrix a.u. Ang^2: 
{  1.81428e+06  216790  -460318  }
{  216790  1.99723e+06  201304  }
{  -460318  201304  1.70164e+06  }
Rotation matrix applied to molecule: 
{  0.774163  0.205071  -0.598846  }
{  -0.62997  0.341856  -0.697332  }
{  0.0617163  0.917104  0.393841  }
Molecule radius: 27.4865 Ang 
orientation time of molecule target: 0.00265694 s
target mass: 14313.2 amu
gas mass: 4.0026 amu
reduce mass: 4.00148 amu
charge state: 8 e
*********************************************************
Geometric Ellipsoid: 
*********************************************************
maximal distances: 14.0497  17.3921  25.4195  Ang
Initial axis length: 64.0597  67.4021  75.4295  Ang
Ellipsoid axis length: 67.9997  71.3421  79.3695  Ang
ellipsoid calculation time: 4.88758e-05 s
maximal impact parameter: 79.3695 Ang
*********************************************************
Linked-cell: 
Numbers of cells: 2016
Nx: 12 Ny: 12 Nz: 14
Filled cells: 36
Empty cells: 1980
Average atoms per cell: 54.4444
Maximum atoms per cell: 177
Minimum atoms per cell: 1
Simulation box: 
lx: 144.12 Ang
ly: 144.12 Ang
lz: 168.14 Ang
linked-cell calculation time: 0.00222993 s
time info: 0.000100136 s
*********************************************************
Trajectory calculations 
*********************************************************
out target time: 0.869996 s
Ntraj: 10000
Nfree: 1609
Nscatter: 8391
Nlost: 0
omega: 1394.27
Ntraj: 10000
Nfree: 1585
Nscatter: 8414
Nlost: 1
omega: 1373.57
Ntraj: 10000
Nfree: 1573
Nscatter: 8427
Nlost: 0
omega: 1321.85
Ntraj: 10000
Nfree: 1548
Nscatter: 8452
Nlost: 0
omega: 1613.26
Ntraj: 10000
Nfree: 1584
Nscatter: 8416
Nlost: 0
omega: 1547.3
Ntraj: 10000
Nfree: 1608
Nscatter: 8392
Nlost: 0
omega: 1517.84
Ntraj: 10000
Nfree: 1614
Nscatter: 8386
Nlost: 0
omega: 1458.44
Ntraj: 10000
Nfree: 1607
Nscatter: 8393
Nlost: 0
omega: 1478.36
Ntraj: 10000
Nfree: 1619
Nscatter: 8380
Nlost: 1
omega: 1530.29
Ntraj: 10000
Nfree: 1596
Nscatter: 8404
Nlost: 0
omega: 1508.35
*********************************************************
task: 0
worker id: 96473
time create lcl and mol: 0.000490904 s
numbers of trajectories: 3334
time trajectory calculation: 0.147887 s
task: 1
worker id: 3498
time create lcl and mol: 0.000538111 s
numbers of trajectories: 3334
time trajectory calculation: 0.163154 s
task: 2
worker id: 88540
time create lcl and mol: 0.000497818 s
numbers of trajectories: 3334
time trajectory calculation: 0.149933 s
task: 3
worker id: 85941
time create lcl and mol: 0.000522137 s
numbers of trajectories: 3334
time trajectory calculation: 0.159437 s
task: 4
worker id: 57249
time create lcl and mol: 0.00048995 s
numbers of trajectories: 3334
time trajectory calculation: 0.147984 s
task: 5
worker id: 59798
time create lcl and mol: 0.000570774 s
numbers of trajectories: 3334
time trajectory calculation: 0.170095 s
task: 6
worker id: 39623
time create lcl and mol: 0.000491142 s
numbers of trajectories: 3334
time trajectory calculation: 0.150551 s
task: 7
worker id: 24004
time create lcl and mol: 0.00049901 s
numbers of trajectories: 3334
time trajectory calculation: 0.150682 s
task: 8
worker id: 57249
time create lcl and mol: 0.000599146 s
numbers of trajectories: 3334
time trajectory calculation: 0.15024 s
task: 9
worker id: 3498
time create lcl and mol: 0.000617027 s
numbers of trajectories: 3334
time trajectory calculation: 0.178338 s
task: 10
worker id: 39623
time create lcl and mol: 0.000609159 s
numbers of trajectories: 3333
time trajectory calculation: 0.158311 s
task: 11
worker id: 96473
time create lcl and mol: 0.000540018 s
numbers of trajectories: 3333
time trajectory calculation: 0.151546 s
task: 12
worker id: 85941
time create lcl and mol: 0.000538111 s
numbers of trajectories: 3333
time trajectory calculation: 0.156767 s
task: 13
worker id: 3498
time create lcl and mol: 0.000520945 s
numbers of trajectories: 3333
time trajectory calculation: 0.154754 s
task: 14
worker id: 96473
time create lcl and mol: 0.000617027 s
numbers of trajectories: 3333
time trajectory calculation: 0.166998 s
task: 15
worker id: 85941
time create lcl and mol: 0.000540018 s
numbers of trajectories: 3333
time trajectory calculation: 0.142837 s
task: 16
worker id: 57249
time create lcl and mol: 0.000521183 s
numbers of trajectories: 3333
time trajectory calculation: 0.140869 s
task: 17
worker id: 3498
time create lcl and mol: 0.000515938 s
numbers of trajectories: 3333
time trajectory calculation: 0.167662 s
task: 18
worker id: 57249
time create lcl and mol: 0.000519037 s
numbers of trajectories: 3333
time trajectory calculation: 0.15486 s
task: 19
worker id: 96473
time create lcl and mol: 0.00054884 s
numbers of trajectories: 3333
time trajectory calculation: 0.156483 s
task: 20
worker id: 85941
time create lcl and mol: 0.000682116 s
numbers of trajectories: 3333
time trajectory calculation: 0.183104 s
task: 21
worker id: 24004
time create lcl and mol: 0.000548124 s
numbers of trajectories: 3333
time trajectory calculation: 0.139242 s
task: 22
worker id: 88540
time create lcl and mol: 0.000521898 s
numbers of trajectories: 3333
time trajectory calculation: 0.137921 s
task: 23
worker id: 24004
time create lcl and mol: 0.000550032 s
numbers of trajectories: 3333
time trajectory calculation: 0.157589 s
task: 24
worker id: 88540
time create lcl and mol: 0.000530005 s
numbers of trajectories: 3333
time trajectory calculation: 0.503256 s
task: 25
worker id: 24004
time create lcl and mol: 0.000597 s
numbers of trajectories: 3333
time trajectory calculation: 0.163901 s
task: 26
worker id: 39623
time create lcl and mol: 0.000530005 s
numbers of trajectories: 3333
time trajectory calculation: 0.141853 s
task: 27
worker id: 59798
time create lcl and mol: 0.000615835 s
numbers of trajectories: 3333
time trajectory calculation: 0.165479 s
task: 28
worker id: 39623
time create lcl and mol: 0.000506878 s
numbers of trajectories: 3333
time trajectory calculation: 0.170741 s
task: 29
worker id: 59798
time create lcl and mol: 0.000607967 s
numbers of trajectories: 3333
time trajectory calculation: 0.185785 s
CCS time: 0.878184 s
*********************************************************
average value of CCS = 1474.35 Ang^2
error value of CCS = 26.6249 Ang^2
Total time: 0.888047 s
Program finished...
*********************************************************
INPUT:: Simulation Parameters 
*********************************************************
target filename                  : 08_1dpx_carga_8_min.xyz
number of probe                  : 10000
number of iterarions             : 10
number of tasks                  : 30
number of threads                : 24
seed number                      : 2104
gas buffer                       : He
Target Temperature (K)           : 298
timestep (fs)                    : 10
Skin cell size (Ang)             : 0.01
Equipotential                    : no
Cut short-range interaction      : yes
LJ cutoff (Ang)                  : 12
Apply long-range interaction     : yes
Cut long-range interaction       : yes
Coulomb cutoff (Ang)             : 25
Apply induced-dipole interaction : yes
alpha (Ang^3)                    : 0.204956
force_type: 4
*********************************************************
Force Field parameters: 
*********************************************************
Symbol  mass (amu)  epislon (kcal/mol)  sigma(Angstroms) 
C   12.011   0.0309   3.043
N   14.007   0.0309   3.043
H   1.008   0.015   2.38
O   15.999   0.0309   3.043
S   32.06   0.0311   3.5
*********************************************************
MOLECULE:: orientation around the inertia principal axis 
*********************************************************
Inertia matrix a.u. Ang^2: 
{  1.81428e+06  216790  -460318  }
{  216790  1.99723e+06  201304  }
{  -460318  201304  1.70164e+06  }
Rotation matrix applied to molecule: 
{  0.774163  0.205071  -0.598846  }
{  -0.62997  0.341856  -0.697332  }
{  0.0617163  0.917104  0.393841  }
Molecule radius: 27.4865 Ang 
orientation time of molecule target: 0.002635 s
target mass: 14313.2 amu
gas mass: 4.0026 amu
reduce mass: 4.00148 amu
charge state: 8 e
*********************************************************
Geometric Ellipsoid: 
*********************************************************
maximal distances: 14.0497  17.3921  25.4195  Ang
Initial axis length: 64.0597  67.4021  75.4295  Ang
Ellipsoid axis length: 67.9997  71.3421  79.3695  Ang
ellipsoid calculation time: 4.22001e-05 s
maximal impact parameter: 79.3695 Ang
*********************************************************
Linked-cell: 
Numbers of cells: 2016
Nx: 12 Ny: 12 Nz: 14
Filled cells: 36
Empty cells: 1980
Average atoms per cell: 54.4444
Maximum atoms per cell: 177
Minimum atoms per cell: 1
Simulation box: 
lx: 144.12 Ang
ly: 144.12 Ang
lz: 168.14 Ang
linked-cell calculation time: 0.00213504 s
time info: 0.000102997 s
*********************************************************
Trajectory calculations 
*********************************************************
out target time: 0.839477 s
Ntraj: 10000
Nfree: 1609
Nscatter: 8391
Nlost: 0
omega: 1394.27
Ntraj: 10000
Nfree: 1585
Nscatter: 8414
Nlost: 1
omega: 1373.57
Ntraj: 10000
Nfree: 1573
Nscatter: 8427
Nlost: 0
omega: 1321.85
Ntraj: 10000
Nfree: 1548
Nscatter: 8452
Nlost: 0
omega: 1613.26
Ntraj: 10000
Nfree: 1584
Nscatter: 8416
Nlost: 0
omega: 1547.3
Ntraj: 10000
Nfree: 1608
Nscatter: 8392
Nlost: 0
omega: 1517.84
Ntraj: 10000
Nfree: 1614
Nscatter: 8386
Nlost: 0
omega: 1458.44
Ntraj: 10000
Nfree: 1607
Nscatter: 8393
Nlost: 0
omega: 1478.36
Ntraj: 10000
Nfree: 1619
Nscatter: 8380
Nlost: 1
omega: 1530.29
Ntraj: 10000
Nfree: 1596
Nscatter: 8404
Nlost: 0
omega: 1508.35
*********************************************************
task: 0
worker id: 24384
time create lcl and mol: 0.000491858 s
numbers of trajectories: 3334
time trajectory calculation: 0.14835 s
task: 1
worker id: 96852
time create lcl and mol: 0.00049901 s
numbers of trajectories: 3334
time trajectory calculation: 0.155919 s
task: 2
worker id: 24384
time create lcl and mol: 0.000550032 s
numbers of trajectories: 3334
time trajectory calculation: 0.144584 s
task: 3
worker id: 3879
time create lcl and mol: 0.000491142 s
numbers of trajectories: 3334
time trajectory calculation: 0.152486 s
task: 4
worker id: 57625
time create lcl and mol: 0.000533104 s
numbers of trajectories: 3334
time trajectory calculation: 0.158139 s
task: 5
worker id: 88920
time create lcl and mol: 0.000500917 s
numbers of trajectories: 3334
time trajectory calculation: 0.154655 s
task: 6
worker id: 60189
time create lcl and mol: 0.000513077 s
numbers of trajectories: 3334
time trajectory calculation: 0.152302 s
task: 7
worker id: 96852
time create lcl and mol: 0.000550985 s
numbers of trajectories: 3334
time trajectory calculation: 0.144826 s
task: 8
worker id: 60189
time create lcl and mol: 0.000548124 s
numbers of trajectories: 3334
time trajectory calculation: 0.13656 s
task: 9
worker id: 3879
time create lcl and mol: 0.000488043 s
numbers of trajectories: 3334
time trajectory calculation: 0.163482 s
task: 10
worker id: 86320
time create lcl and mol: 0.000555038 s
numbers of trajectories: 3333
time trajectory calculation: 0.152842 s
task: 11
worker id: 57625
time create lcl and mol: 0.000571012 s
numbers of trajectories: 3333
time trajectory calculation: 0.151708 s
task: 12
worker id: 3879
time create lcl and mol: 0.00053215 s
numbers of trajectories: 3333
time trajectory calculation: 0.139389 s
task: 13
worker id: 88920
time create lcl and mol: 0.000541925 s
numbers of trajectories: 3333
time trajectory calculation: 0.155179 s
task: 14
worker id: 3879
time create lcl and mol: 0.000515938 s
numbers of trajectories: 3333
time trajectory calculation: 0.149281 s
task: 15
worker id: 57625
time create lcl and mol: 0.000577927 s
numbers of trajectories: 3333
time trajectory calculation: 0.142574 s
task: 16
worker id: 40001
time create lcl and mol: 0.000529051 s
numbers of trajectories: 3333
time trajectory calculation: 0.144219 s
task: 17
worker id: 24384
time create lcl and mol: 0.000562906 s
numbers of trajectories: 3333
time trajectory calculation: 0.150944 s
task: 18
worker id: 57625
time create lcl and mol: 0.000577211 s
numbers of trajectories: 3333
time trajectory calculation: 0.151122 s
task: 19
worker id: 40001
time create lcl and mol: 0.00051713 s
numbers of trajectories: 3333
time trajectory calculation: 0.147156 s
task: 20
worker id: 60189
time create lcl and mol: 0.000544071 s
numbers of trajectories: 3333
time trajectory calculation: 0.171976 s
task: 21
worker id: 40001
time create lcl and mol: 0.000500917 s
numbers of trajectories: 3333
time trajectory calculation: 0.151826 s
task: 22
worker id: 86320
time create lcl and mol: 0.000594854 s
numbers of trajectories: 3333
time trajectory calculation: 0.148609 s
task: 23
worker id: 60189
time create lcl and mol: 0.000538111 s
numbers of trajectories: 3333
time trajectory calculation: 0.14326 s
task: 24
worker id: 86320
time create lcl and mol: 0.000553131 s
numbers of trajectories: 3333
time trajectory calculation: 0.471977 s
task: 25
worker id: 24384
time create lcl and mol: 0.000550032 s
numbers of trajectories: 3333
time trajectory calculation: 0.150315 s
task: 26
worker id: 96852
time create lcl and mol: 0.00054884 s
numbers of trajectories: 3333
time trajectory calculation: 0.147821 s
task: 27
worker id: 96852
time create lcl and mol: 0.000545979 s
numbers of trajectories: 3333
time trajectory calculation: 0.147942 s
task: 28
worker id: 88920
time create lcl and mol: 0.000551939 s
numbers of trajectories: 3333
time trajectory calculation: 0.153598 s
task: 29
worker id: 40001
time create lcl and mol: 0.000518799 s
numbers of trajectories: 3333
time trajectory calculation: 0.159446 s
CCS time: 0.847862 s
*********************************************************
average value of CCS = 1474.35 Ang^2
error value of CCS = 26.6249 Ang^2
Total time: 0.857798 s
Program finished...
