*********************************************************
INPUT:: Simulation Parameters 
*********************************************************
target filename                  : 05_3v03_carga_14_min.xyz
number of probe                  : 10000
number of iterarions             : 10
number of tasks                  : 10
number of threads                : 24
seed number                      : 2104
gas buffer                       : He
Target Temperature (K)           : 298
timestep (fs)                    : 10
Skin cell size (Ang)             : 0.01
Equipotential                    : no
Cut short-range interaction      : yes
LJ cutoff (Ang)                  : 12
Apply long-range interaction     : yes
Cut long-range interaction       : yes
Coulomb cutoff (Ang)             : 25
Apply induced-dipole interaction : yes
alpha (Ang^3)                    : 0.204956
force_type: 4
*********************************************************
Force Field parameters: 
*********************************************************
Symbol  mass (amu)  epislon (kcal/mol)  sigma(Angstroms) 
C   12.011   0.0309   3.043
N   14.007   0.0309   3.043
H   1.008   0.015   2.38
O   15.999   0.0309   3.043
S   32.06   0.0311   3.5
*********************************************************
MOLECULE:: orientation around the inertia principal axis 
*********************************************************
Inertia matrix a.u. Ang^2: 
{  2.60547e+07  2.13098e+06  -702522  }
{  2.13098e+06  3.69523e+07  4.10948e+06  }
{  -702522  4.10948e+06  2.95985e+07  }
Rotation matrix applied to molecule: 
{  0.129005  0.912215  0.388872  }
{  -0.870808  0.291812  -0.39565  }
{  -0.474395  -0.287593  0.832009  }
Molecule radius: 47.8764 Ang 
orientation time of molecule target: 0.078418 s
target mass: 66226.8 amu
gas mass: 4.0026 amu
reduce mass: 4.00236 amu
charge state: 13.9996 e
*********************************************************
Geometric Ellipsoid: 
*********************************************************
maximal distances: 30.502  38.7214  47.1561  Ang
Initial axis length: 80.512  88.7314  97.1661  Ang
Ellipsoid axis length: 88.672  96.8914  105.326  Ang
ellipsoid calculation time: 9.29832e-05 s
maximal impact parameter: 105.326 Ang
*********************************************************
Linked-cell: 
Numbers of cells: 4590
Nx: 15 Ny: 17 Nz: 18
Filled cells: 136
Empty cells: 4454
Average atoms per cell: 67.8162
Maximum atoms per cell: 194
Minimum atoms per cell: 1
Simulation box: 
lx: 180.15 Ang
ly: 204.17 Ang
lz: 216.18 Ang
linked-cell calculation time: 0.00513315 s
time info: 0.000344038 s
*********************************************************
Trajectory calculations 
*********************************************************
out target time: 3.52432 s
Ntraj: 10000
Nfree: 1566
Nscatter: 8432
Nlost: 2
omega: 4769.5
Ntraj: 10000
Nfree: 1546
Nscatter: 8452
Nlost: 2
omega: 5043.99
Ntraj: 10000
Nfree: 1553
Nscatter: 8443
Nlost: 4
omega: 4971.98
Ntraj: 10000
Nfree: 1514
Nscatter: 8485
Nlost: 1
omega: 5255.94
Ntraj: 10000
Nfree: 1546
Nscatter: 8454
Nlost: 0
omega: 5140.34
Ntraj: 10000
Nfree: 1573
Nscatter: 8426
Nlost: 1
omega: 4946.86
Ntraj: 10000
Nfree: 1573
Nscatter: 8427
Nlost: 0
omega: 4941.17
Ntraj: 10000
Nfree: 1556
Nscatter: 8443
Nlost: 1
omega: 4777.96
Ntraj: 10000
Nfree: 1575
Nscatter: 8421
Nlost: 4
omega: 5199.67
Ntraj: 10000
Nfree: 1560
Nscatter: 8435
Nlost: 5
omega: 5003.2
*********************************************************
task: 0
worker id: 37586
time create lcl and mol: 0.00117612 s
numbers of trajectories: 10000
time trajectory calculation: 1.87059 s
task: 1
worker id: 65829
time create lcl and mol: 0.00121593 s
numbers of trajectories: 10000
time trajectory calculation: 2.44082 s
task: 2
worker id: 17274
time create lcl and mol: 0.00128198 s
numbers of trajectories: 10000
time trajectory calculation: 2.78906 s
task: 3
worker id: 19856
time create lcl and mol: 0.00134897 s
numbers of trajectories: 10000
time trajectory calculation: 1.66786 s
task: 4
worker id: 76474
time create lcl and mol: 0.00135303 s
numbers of trajectories: 10000
time trajectory calculation: 1.04685 s
task: 5
worker id: 68806
time create lcl and mol: 0.00125599 s
numbers of trajectories: 10000
time trajectory calculation: 1.78062 s
task: 6
worker id: 4071
time create lcl and mol: 0.00121093 s
numbers of trajectories: 10000
time trajectory calculation: 0.978489 s
task: 7
worker id: 81377
time create lcl and mol: 0.00121403 s
numbers of trajectories: 10000
time trajectory calculation: 1.45789 s
task: 8
worker id: 76474
time create lcl and mol: 0.00129604 s
numbers of trajectories: 10000
time trajectory calculation: 2.41769 s
task: 9
worker id: 4071
time create lcl and mol: 0.00131297 s
numbers of trajectories: 10000
time trajectory calculation: 1.88674 s
CCS time: 3.53207 s
*********************************************************
average value of CCS = 5005.06 Ang^2
error value of CCS = 48.6066 Ang^2
Total time: 3.62084 s
Program finished...
*********************************************************
INPUT:: Simulation Parameters 
*********************************************************
target filename                  : 05_3v03_carga_14_min.xyz
number of probe                  : 10000
number of iterarions             : 10
number of tasks                  : 10
number of threads                : 24
seed number                      : 2104
gas buffer                       : He
Target Temperature (K)           : 298
timestep (fs)                    : 10
Skin cell size (Ang)             : 0.01
Equipotential                    : no
Cut short-range interaction      : yes
LJ cutoff (Ang)                  : 12
Apply long-range interaction     : yes
Cut long-range interaction       : yes
Coulomb cutoff (Ang)             : 25
Apply induced-dipole interaction : yes
alpha (Ang^3)                    : 0.204956
force_type: 4
*********************************************************
Force Field parameters: 
*********************************************************
Symbol  mass (amu)  epislon (kcal/mol)  sigma(Angstroms) 
C   12.011   0.0309   3.043
N   14.007   0.0309   3.043
H   1.008   0.015   2.38
O   15.999   0.0309   3.043
S   32.06   0.0311   3.5
*********************************************************
MOLECULE:: orientation around the inertia principal axis 
*********************************************************
Inertia matrix a.u. Ang^2: 
{  2.60547e+07  2.13098e+06  -702522  }
{  2.13098e+06  3.69523e+07  4.10948e+06  }
{  -702522  4.10948e+06  2.95985e+07  }
Rotation matrix applied to molecule: 
{  0.129005  0.912215  0.388872  }
{  -0.870808  0.291812  -0.39565  }
{  -0.474395  -0.287593  0.832009  }
Molecule radius: 47.8764 Ang 
orientation time of molecule target: 0.00949502 s
target mass: 66226.8 amu
gas mass: 4.0026 amu
reduce mass: 4.00236 amu
charge state: 13.9996 e
*********************************************************
Geometric Ellipsoid: 
*********************************************************
maximal distances: 30.502  38.7214  47.1561  Ang
Initial axis length: 80.512  88.7314  97.1661  Ang
Ellipsoid axis length: 88.672  96.8914  105.326  Ang
ellipsoid calculation time: 9.70364e-05 s
maximal impact parameter: 105.326 Ang
*********************************************************
Linked-cell: 
Numbers of cells: 4590
Nx: 15 Ny: 17 Nz: 18
Filled cells: 136
Empty cells: 4454
Average atoms per cell: 67.8162
Maximum atoms per cell: 194
Minimum atoms per cell: 1
Simulation box: 
lx: 180.15 Ang
ly: 204.17 Ang
lz: 216.18 Ang
linked-cell calculation time: 0.00499606 s
time info: 0.000351906 s
*********************************************************
Trajectory calculations 
*********************************************************
out target time: 3.79792 s
Ntraj: 10000
Nfree: 1566
Nscatter: 8432
Nlost: 2
omega: 4769.5
Ntraj: 10000
Nfree: 1546
Nscatter: 8452
Nlost: 2
omega: 5043.99
Ntraj: 10000
Nfree: 1553
Nscatter: 8443
Nlost: 4
omega: 4971.98
Ntraj: 10000
Nfree: 1514
Nscatter: 8485
Nlost: 1
omega: 5255.94
Ntraj: 10000
Nfree: 1546
Nscatter: 8454
Nlost: 0
omega: 5140.34
Ntraj: 10000
Nfree: 1573
Nscatter: 8426
Nlost: 1
omega: 4946.86
Ntraj: 10000
Nfree: 1573
Nscatter: 8427
Nlost: 0
omega: 4941.17
Ntraj: 10000
Nfree: 1556
Nscatter: 8443
Nlost: 1
omega: 4777.96
Ntraj: 10000
Nfree: 1575
Nscatter: 8421
Nlost: 4
omega: 5199.67
Ntraj: 10000
Nfree: 1560
Nscatter: 8435
Nlost: 5
omega: 5003.2
*********************************************************
task: 0
worker id: 17389
time create lcl and mol: 0.00119114 s
numbers of trajectories: 10000
time trajectory calculation: 1.87556 s
task: 1
worker id: 68906
time create lcl and mol: 0.00120807 s
numbers of trajectories: 10000
time trajectory calculation: 2.44492 s
task: 2
worker id: 76578
time create lcl and mol: 0.00132298 s
numbers of trajectories: 10000
time trajectory calculation: 2.71624 s
task: 3
worker id: 81480
time create lcl and mol: 0.00122786 s
numbers of trajectories: 10000
time trajectory calculation: 1.59145 s
task: 4
worker id: 19957
time create lcl and mol: 0.00114608 s
numbers of trajectories: 10000
time trajectory calculation: 1.09247 s
task: 5
worker id: 65932
time create lcl and mol: 0.00144291 s
numbers of trajectories: 10000
time trajectory calculation: 1.76818 s
task: 6
worker id: 76578
time create lcl and mol: 0.00122094 s
numbers of trajectories: 10000
time trajectory calculation: 0.999184 s
task: 7
worker id: 37690
time create lcl and mol: 0.00111914 s
numbers of trajectories: 10000
time trajectory calculation: 1.45405 s
task: 8
worker id: 19957
time create lcl and mol: 0.00135016 s
numbers of trajectories: 10000
time trajectory calculation: 2.33804 s
task: 9
worker id: 4173
time create lcl and mol: 0.0012219 s
numbers of trajectories: 10000
time trajectory calculation: 1.86899 s
CCS time: 3.80569 s
*********************************************************
average value of CCS = 5005.06 Ang^2
error value of CCS = 48.6066 Ang^2
Total time: 3.8253 s
Program finished...
*********************************************************
INPUT:: Simulation Parameters 
*********************************************************
target filename                  : 05_3v03_carga_14_min.xyz
number of probe                  : 10000
number of iterarions             : 10
number of tasks                  : 10
number of threads                : 24
seed number                      : 2104
gas buffer                       : He
Target Temperature (K)           : 298
timestep (fs)                    : 10
Skin cell size (Ang)             : 0.01
Equipotential                    : no
Cut short-range interaction      : yes
LJ cutoff (Ang)                  : 12
Apply long-range interaction     : yes
Cut long-range interaction       : yes
Coulomb cutoff (Ang)             : 25
Apply induced-dipole interaction : yes
alpha (Ang^3)                    : 0.204956
force_type: 4
*********************************************************
Force Field parameters: 
*********************************************************
Symbol  mass (amu)  epislon (kcal/mol)  sigma(Angstroms) 
C   12.011   0.0309   3.043
N   14.007   0.0309   3.043
H   1.008   0.015   2.38
O   15.999   0.0309   3.043
S   32.06   0.0311   3.5
*********************************************************
MOLECULE:: orientation around the inertia principal axis 
*********************************************************
Inertia matrix a.u. Ang^2: 
{  2.60547e+07  2.13098e+06  -702522  }
{  2.13098e+06  3.69523e+07  4.10948e+06  }
{  -702522  4.10948e+06  2.95985e+07  }
Rotation matrix applied to molecule: 
{  0.129005  0.912215  0.388872  }
{  -0.870808  0.291812  -0.39565  }
{  -0.474395  -0.287593  0.832009  }
Molecule radius: 47.8764 Ang 
orientation time of molecule target: 0.0093298 s
target mass: 66226.8 amu
gas mass: 4.0026 amu
reduce mass: 4.00236 amu
charge state: 13.9996 e
*********************************************************
Geometric Ellipsoid: 
*********************************************************
maximal distances: 30.502  38.7214  47.1561  Ang
Initial axis length: 80.512  88.7314  97.1661  Ang
Ellipsoid axis length: 88.672  96.8914  105.326  Ang
ellipsoid calculation time: 9.29832e-05 s
maximal impact parameter: 105.326 Ang
*********************************************************
Linked-cell: 
Numbers of cells: 4590
Nx: 15 Ny: 17 Nz: 18
Filled cells: 136
Empty cells: 4454
Average atoms per cell: 67.8162
Maximum atoms per cell: 194
Minimum atoms per cell: 1
Simulation box: 
lx: 180.15 Ang
ly: 204.17 Ang
lz: 216.18 Ang
linked-cell calculation time: 0.00503087 s
time info: 0.000347137 s
*********************************************************
Trajectory calculations 
*********************************************************
out target time: 3.48661 s
Ntraj: 10000
Nfree: 1566
Nscatter: 8432
Nlost: 2
omega: 4769.5
Ntraj: 10000
Nfree: 1546
Nscatter: 8452
Nlost: 2
omega: 5043.99
Ntraj: 10000
Nfree: 1553
Nscatter: 8443
Nlost: 4
omega: 4971.98
Ntraj: 10000
Nfree: 1514
Nscatter: 8485
Nlost: 1
omega: 5255.94
Ntraj: 10000
Nfree: 1546
Nscatter: 8454
Nlost: 0
omega: 5140.34
Ntraj: 10000
Nfree: 1573
Nscatter: 8426
Nlost: 1
omega: 4946.86
Ntraj: 10000
Nfree: 1573
Nscatter: 8427
Nlost: 0
omega: 4941.17
Ntraj: 10000
Nfree: 1556
Nscatter: 8443
Nlost: 1
omega: 4777.96
Ntraj: 10000
Nfree: 1575
Nscatter: 8421
Nlost: 4
omega: 5199.67
Ntraj: 10000
Nfree: 1560
Nscatter: 8435
Nlost: 5
omega: 5003.2
*********************************************************
task: 0
worker id: 68998
time create lcl and mol: 0.00131583 s
numbers of trajectories: 10000
time trajectory calculation: 1.88781 s
task: 1
worker id: 76668
time create lcl and mol: 0.00124788 s
numbers of trajectories: 10000
time trajectory calculation: 2.31909 s
task: 2
worker id: 20048
time create lcl and mol: 0.00134397 s
numbers of trajectories: 10000
time trajectory calculation: 2.77453 s
task: 3
worker id: 66025
time create lcl and mol: 0.00116897 s
numbers of trajectories: 10000
time trajectory calculation: 1.66125 s
task: 4
worker id: 37782
time create lcl and mol: 0.00116801 s
numbers of trajectories: 10000
time trajectory calculation: 1.05428 s
task: 5
worker id: 17493
time create lcl and mol: 0.00132179 s
numbers of trajectories: 10000
time trajectory calculation: 1.79394 s
task: 6
worker id: 17493
time create lcl and mol: 0.00128102 s
numbers of trajectories: 10000
time trajectory calculation: 1.00446 s
task: 7
worker id: 81571
time create lcl and mol: 0.00122905 s
numbers of trajectories: 10000
time trajectory calculation: 1.4843 s
task: 8
worker id: 37782
time create lcl and mol: 0.00123811 s
numbers of trajectories: 10000
time trajectory calculation: 2.35485 s
task: 9
worker id: 4264
time create lcl and mol: 0.00150013 s
numbers of trajectories: 10000
time trajectory calculation: 1.88675 s
CCS time: 3.4944 s
*********************************************************
average value of CCS = 5005.06 Ang^2
error value of CCS = 48.6066 Ang^2
Total time: 3.5141 s
Program finished...
*********************************************************
INPUT:: Simulation Parameters 
*********************************************************
target filename                  : 05_3v03_carga_14_min.xyz
number of probe                  : 10000
number of iterarions             : 10
number of tasks                  : 10
number of threads                : 24
seed number                      : 2104
gas buffer                       : He
Target Temperature (K)           : 298
timestep (fs)                    : 10
Skin cell size (Ang)             : 0.01
Equipotential                    : no
Cut short-range interaction      : yes
LJ cutoff (Ang)                  : 12
Apply long-range interaction     : yes
Cut long-range interaction       : yes
Coulomb cutoff (Ang)             : 25
Apply induced-dipole interaction : yes
alpha (Ang^3)                    : 0.204956
force_type: 4
*********************************************************
Force Field parameters: 
*********************************************************
Symbol  mass (amu)  epislon (kcal/mol)  sigma(Angstroms) 
C   12.011   0.0309   3.043
N   14.007   0.0309   3.043
H   1.008   0.015   2.38
O   15.999   0.0309   3.043
S   32.06   0.0311   3.5
*********************************************************
MOLECULE:: orientation around the inertia principal axis 
*********************************************************
Inertia matrix a.u. Ang^2: 
{  2.60547e+07  2.13098e+06  -702522  }
{  2.13098e+06  3.69523e+07  4.10948e+06  }
{  -702522  4.10948e+06  2.95985e+07  }
Rotation matrix applied to molecule: 
{  0.129005  0.912215  0.388872  }
{  -0.870808  0.291812  -0.39565  }
{  -0.474395  -0.287593  0.832009  }
Molecule radius: 47.8764 Ang 
orientation time of molecule target: 0.00939298 s
target mass: 66226.8 amu
gas mass: 4.0026 amu
reduce mass: 4.00236 amu
charge state: 13.9996 e
*********************************************************
Geometric Ellipsoid: 
*********************************************************
maximal distances: 30.502  38.7214  47.1561  Ang
Initial axis length: 80.512  88.7314  97.1661  Ang
Ellipsoid axis length: 88.672  96.8914  105.326  Ang
ellipsoid calculation time: 0.000105858 s
maximal impact parameter: 105.326 Ang
*********************************************************
Linked-cell: 
Numbers of cells: 4590
Nx: 15 Ny: 17 Nz: 18
Filled cells: 136
Empty cells: 4454
Average atoms per cell: 67.8162
Maximum atoms per cell: 194
Minimum atoms per cell: 1
Simulation box: 
lx: 180.15 Ang
ly: 204.17 Ang
lz: 216.18 Ang
linked-cell calculation time: 0.00500703 s
time info: 0.000354052 s
*********************************************************
Trajectory calculations 
*********************************************************
out target time: 3.73361 s
Ntraj: 10000
Nfree: 1566
Nscatter: 8432
Nlost: 2
omega: 4769.5
Ntraj: 10000
Nfree: 1546
Nscatter: 8452
Nlost: 2
omega: 5043.99
Ntraj: 10000
Nfree: 1553
Nscatter: 8443
Nlost: 4
omega: 4971.98
Ntraj: 10000
Nfree: 1514
Nscatter: 8485
Nlost: 1
omega: 5255.94
Ntraj: 10000
Nfree: 1546
Nscatter: 8454
Nlost: 0
omega: 5140.34
Ntraj: 10000
Nfree: 1573
Nscatter: 8426
Nlost: 1
omega: 4946.86
Ntraj: 10000
Nfree: 1573
Nscatter: 8427
Nlost: 0
omega: 4941.17
Ntraj: 10000
Nfree: 1556
Nscatter: 8443
Nlost: 1
omega: 4777.96
Ntraj: 10000
Nfree: 1575
Nscatter: 8421
Nlost: 4
omega: 5199.67
Ntraj: 10000
Nfree: 1560
Nscatter: 8435
Nlost: 5
omega: 5003.2
*********************************************************
task: 0
worker id: 17903
time create lcl and mol: 0.00123191 s
numbers of trajectories: 10000
time trajectory calculation: 1.91615 s
task: 1
worker id: 38176
time create lcl and mol: 0.00114202 s
numbers of trajectories: 10000
time trajectory calculation: 2.38256 s
task: 2
worker id: 66419
time create lcl and mol: 0.00131798 s
numbers of trajectories: 10000
time trajectory calculation: 2.68941 s
task: 3
worker id: 81964
time create lcl and mol: 0.00136781 s
numbers of trajectories: 10000
time trajectory calculation: 1.60121 s
task: 4
worker id: 20443
time create lcl and mol: 0.00127101 s
numbers of trajectories: 10000
time trajectory calculation: 1.07274 s
task: 5
worker id: 77062
time create lcl and mol: 0.00124884 s
numbers of trajectories: 10000
time trajectory calculation: 1.80114 s
task: 6
worker id: 66419
time create lcl and mol: 0.00111198 s
numbers of trajectories: 10000
time trajectory calculation: 0.98422 s
task: 7
worker id: 20443
time create lcl and mol: 0.00131702 s
numbers of trajectories: 10000
time trajectory calculation: 1.37439 s
task: 8
worker id: 69397
time create lcl and mol: 0.00124598 s
numbers of trajectories: 10000
time trajectory calculation: 2.34294 s
task: 9
worker id: 4659
time create lcl and mol: 0.00122595 s
numbers of trajectories: 10000
time trajectory calculation: 1.85806 s
CCS time: 3.74144 s
*********************************************************
average value of CCS = 5005.06 Ang^2
error value of CCS = 48.6066 Ang^2
Total time: 3.76099 s
Program finished...
*********************************************************
INPUT:: Simulation Parameters 
*********************************************************
target filename                  : 05_3v03_carga_14_min.xyz
number of probe                  : 10000
number of iterarions             : 10
number of tasks                  : 10
number of threads                : 24
seed number                      : 2104
gas buffer                       : He
Target Temperature (K)           : 298
timestep (fs)                    : 10
Skin cell size (Ang)             : 0.01
Equipotential                    : no
Cut short-range interaction      : yes
LJ cutoff (Ang)                  : 12
Apply long-range interaction     : yes
Cut long-range interaction       : yes
Coulomb cutoff (Ang)             : 25
Apply induced-dipole interaction : yes
alpha (Ang^3)                    : 0.204956
force_type: 4
*********************************************************
Force Field parameters: 
*********************************************************
Symbol  mass (amu)  epislon (kcal/mol)  sigma(Angstroms) 
C   12.011   0.0309   3.043
N   14.007   0.0309   3.043
H   1.008   0.015   2.38
O   15.999   0.0309   3.043
S   32.06   0.0311   3.5
*********************************************************
MOLECULE:: orientation around the inertia principal axis 
*********************************************************
Inertia matrix a.u. Ang^2: 
{  2.60547e+07  2.13098e+06  -702522  }
{  2.13098e+06  3.69523e+07  4.10948e+06  }
{  -702522  4.10948e+06  2.95985e+07  }
Rotation matrix applied to molecule: 
{  0.129005  0.912215  0.388872  }
{  -0.870808  0.291812  -0.39565  }
{  -0.474395  -0.287593  0.832009  }
Molecule radius: 47.8764 Ang 
orientation time of molecule target: 0.00956893 s
target mass: 66226.8 amu
gas mass: 4.0026 amu
reduce mass: 4.00236 amu
charge state: 13.9996 e
*********************************************************
Geometric Ellipsoid: 
*********************************************************
maximal distances: 30.502  38.7214  47.1561  Ang
Initial axis length: 80.512  88.7314  97.1661  Ang
Ellipsoid axis length: 88.672  96.8914  105.326  Ang
ellipsoid calculation time: 9.60827e-05 s
maximal impact parameter: 105.326 Ang
*********************************************************
Linked-cell: 
Numbers of cells: 4590
Nx: 15 Ny: 17 Nz: 18
Filled cells: 136
Empty cells: 4454
Average atoms per cell: 67.8162
Maximum atoms per cell: 194
Minimum atoms per cell: 1
Simulation box: 
lx: 180.15 Ang
ly: 204.17 Ang
lz: 216.18 Ang
linked-cell calculation time: 0.00507593 s
time info: 0.000342131 s
*********************************************************
Trajectory calculations 
*********************************************************
out target time: 3.60968 s
Ntraj: 10000
Nfree: 1566
Nscatter: 8432
Nlost: 2
omega: 4769.5
Ntraj: 10000
Nfree: 1546
Nscatter: 8452
Nlost: 2
omega: 5043.99
Ntraj: 10000
Nfree: 1553
Nscatter: 8443
Nlost: 4
omega: 4971.98
Ntraj: 10000
Nfree: 1514
Nscatter: 8485
Nlost: 1
omega: 5255.94
Ntraj: 10000
Nfree: 1546
Nscatter: 8454
Nlost: 0
omega: 5140.34
Ntraj: 10000
Nfree: 1573
Nscatter: 8426
Nlost: 1
omega: 4946.86
Ntraj: 10000
Nfree: 1573
Nscatter: 8427
Nlost: 0
omega: 4941.17
Ntraj: 10000
Nfree: 1556
Nscatter: 8443
Nlost: 1
omega: 4777.96
Ntraj: 10000
Nfree: 1575
Nscatter: 8421
Nlost: 4
omega: 5199.67
Ntraj: 10000
Nfree: 1560
Nscatter: 8435
Nlost: 5
omega: 5003.2
*********************************************************
task: 0
worker id: 4750
time create lcl and mol: 0.00127602 s
numbers of trajectories: 10000
time trajectory calculation: 1.93548 s
task: 1
worker id: 69487
time create lcl and mol: 0.00111604 s
numbers of trajectories: 10000
time trajectory calculation: 2.37451 s
task: 2
worker id: 77151
time create lcl and mol: 0.00121808 s
numbers of trajectories: 10000
time trajectory calculation: 2.75015 s
task: 3
worker id: 20533
time create lcl and mol: 0.00111604 s
numbers of trajectories: 10000
time trajectory calculation: 1.69712 s
task: 4
worker id: 38266
time create lcl and mol: 0.001091 s
numbers of trajectories: 10000
time trajectory calculation: 1.10642 s
task: 5
worker id: 18009
time create lcl and mol: 0.00127316 s
numbers of trajectories: 10000
time trajectory calculation: 1.86282 s
task: 6
worker id: 66507
time create lcl and mol: 0.00148702 s
numbers of trajectories: 10000
time trajectory calculation: 1.0327 s
task: 7
worker id: 82054
time create lcl and mol: 0.0011642 s
numbers of trajectories: 10000
time trajectory calculation: 1.5174 s
task: 8
worker id: 38266
time create lcl and mol: 0.00134587 s
numbers of trajectories: 10000
time trajectory calculation: 2.43832 s
task: 9
worker id: 66507
time create lcl and mol: 0.00132608 s
numbers of trajectories: 10000
time trajectory calculation: 1.87492 s
CCS time: 3.61737 s
*********************************************************
average value of CCS = 5005.06 Ang^2
error value of CCS = 48.6066 Ang^2
Total time: 3.63746 s
Program finished...
