*********************************************************
INPUT:: Simulation Parameters 
*********************************************************
target filename                  : 08_1dpx_carga_5_min.xyz
number of probe                  : 10000
number of iterarions             : 10
number of tasks                  : 16
number of threads                : 24
seed number                      : 2104
gas buffer                       : He
Target Temperature (K)           : 298
timestep (fs)                    : 10
Skin cell size (Ang)             : 0.01
Equipotential                    : no
Cut short-range interaction      : yes
LJ cutoff (Ang)                  : 12
Apply long-range interaction     : yes
Cut long-range interaction       : yes
Coulomb cutoff (Ang)             : 25
Apply induced-dipole interaction : yes
alpha (Ang^3)                    : 0.204956
force_type: 4
*********************************************************
Force Field parameters: 
*********************************************************
Symbol  mass (amu)  epislon (kcal/mol)  sigma(Angstroms) 
C   12.011   0.0309   3.043
N   14.007   0.0309   3.043
H   1.008   0.015   2.38
O   15.999   0.0309   3.043
S   32.06   0.0311   3.5
*********************************************************
MOLECULE:: orientation around the inertia principal axis 
*********************************************************
Inertia matrix a.u. Ang^2: 
{  1.81376e+06  216858  -460409  }
{  216858  1.99685e+06  201330  }
{  -460409  201330  1.70119e+06  }
Rotation matrix applied to molecule: 
{  0.77414  0.205254  -0.598814  }
{  -0.630013  0.341843  -0.6973  }
{  0.0615763  0.917068  0.393947  }
Molecule radius: 27.4871 Ang 
orientation time of molecule target: 0.0288761 s
target mass: 14310.2 amu
gas mass: 4.0026 amu
reduce mass: 4.00148 amu
charge state: 4.9988 e
*********************************************************
Geometric Ellipsoid: 
*********************************************************
maximal distances: 14.0491  17.3929  25.4208  Ang
Initial axis length: 64.0591  67.4029  75.4308  Ang
Ellipsoid axis length: 67.9991  71.3429  79.3708  Ang
ellipsoid calculation time: 4.41074e-05 s
maximal impact parameter: 79.3708 Ang
*********************************************************
Linked-cell: 
Numbers of cells: 2016
Nx: 12 Ny: 12 Nz: 14
Filled cells: 35
Empty cells: 1981
Average atoms per cell: 55.9143
Maximum atoms per cell: 176
Minimum atoms per cell: 1
Simulation box: 
lx: 144.12 Ang
ly: 144.12 Ang
lz: 168.14 Ang
linked-cell calculation time: 0.00216508 s
time info: 0.000101089 s
*********************************************************
Trajectory calculations 
*********************************************************
out target time: 0.978036 s
Ntraj: 10000
Nfree: 1610
Nscatter: 8390
Nlost: 0
omega: 1389.04
Ntraj: 10000
Nfree: 1585
Nscatter: 8414
Nlost: 1
omega: 1368.26
Ntraj: 10000
Nfree: 1573
Nscatter: 8427
Nlost: 0
omega: 1329.46
Ntraj: 10000
Nfree: 1549
Nscatter: 8451
Nlost: 0
omega: 1600.52
Ntraj: 10000
Nfree: 1584
Nscatter: 8416
Nlost: 0
omega: 1535.71
Ntraj: 10000
Nfree: 1608
Nscatter: 8392
Nlost: 0
omega: 1518.3
Ntraj: 10000
Nfree: 1615
Nscatter: 8385
Nlost: 0
omega: 1462.07
Ntraj: 10000
Nfree: 1608
Nscatter: 8391
Nlost: 1
omega: 1475.16
Ntraj: 10000
Nfree: 1619
Nscatter: 8381
Nlost: 0
omega: 1521.49
Ntraj: 10000
Nfree: 1596
Nscatter: 8404
Nlost: 0
omega: 1508.93
*********************************************************
task: 0
worker id: 46186
time create lcl and mol: 0.000446081 s
numbers of trajectories: 6250
time trajectory calculation: 0.267625 s
task: 1
worker id: 58792
time create lcl and mol: 0.000483036 s
numbers of trajectories: 6250
time trajectory calculation: 0.268543 s
task: 2
worker id: 744
time create lcl and mol: 0.000500917 s
numbers of trajectories: 6250
time trajectory calculation: 0.275033 s
task: 3
worker id: 43324
time create lcl and mol: 0.000494003 s
numbers of trajectories: 6250
time trajectory calculation: 0.282593 s
task: 4
worker id: 14984
time create lcl and mol: 0.000497103 s
numbers of trajectories: 6250
time trajectory calculation: 0.263825 s
task: 5
worker id: 94784
time create lcl and mol: 0.00078392 s
numbers of trajectories: 6250
time trajectory calculation: 0.291033 s
task: 6
worker id: 79114
time create lcl and mol: 0.000740051 s
numbers of trajectories: 6250
time trajectory calculation: 0.295597 s
task: 7
worker id: 53933
time create lcl and mol: 0.000499964 s
numbers of trajectories: 6250
time trajectory calculation: 0.276791 s
task: 8
worker id: 53933
time create lcl and mol: 0.000524998 s
numbers of trajectories: 6250
time trajectory calculation: 0.270227 s
task: 9
worker id: 79114
time create lcl and mol: 0.000547886 s
numbers of trajectories: 6250
time trajectory calculation: 0.264228 s
task: 10
worker id: 744
time create lcl and mol: 0.000534058 s
numbers of trajectories: 6250
time trajectory calculation: 0.253302 s
task: 11
worker id: 46186
time create lcl and mol: 0.000555038 s
numbers of trajectories: 6250
time trajectory calculation: 0.250923 s
task: 12
worker id: 58792
time create lcl and mol: 0.000559092 s
numbers of trajectories: 6250
time trajectory calculation: 0.626754 s
task: 13
worker id: 14984
time create lcl and mol: 0.000533819 s
numbers of trajectories: 6250
time trajectory calculation: 0.267169 s
task: 14
worker id: 43324
time create lcl and mol: 0.000547886 s
numbers of trajectories: 6250
time trajectory calculation: 0.281789 s
task: 15
worker id: 94784
time create lcl and mol: 0.000580072 s
numbers of trajectories: 6250
time trajectory calculation: 0.328664 s
CCS time: 0.985714 s
*********************************************************
average value of CCS = 1470.89 Ang^2
error value of CCS = 25.415 Ang^2
Total time: 1.02172 s
Program finished...
[1695221238.808469] [sdumont6083:14984:0]       tag_match.c:62   UCX  WARN  unexpected tag-receive descriptor 0x561f0089ac00 was not matched
[1695221238.811334] [sdumont6074:43795:0]       tag_match.c:62   UCX  WARN  unexpected tag-receive descriptor 0x2b2dfc012900 was not matched
[1695221238.811582] [sdumont6210:53933:0]       tag_match.c:62   UCX  WARN  unexpected tag-receive descriptor 0x559cffc76a00 was not matched
[1695221238.812497] [sdumont6081:94784:0]       tag_match.c:62   UCX  WARN  unexpected tag-receive descriptor 0x560abe7b2c40 was not matched
[1695221238.811260] [sdumont6205:58792:0]       tag_match.c:62   UCX  WARN  unexpected tag-receive descriptor 0x56432f704b80 was not matched
*********************************************************
INPUT:: Simulation Parameters 
*********************************************************
target filename                  : 08_1dpx_carga_5_min.xyz
number of probe                  : 10000
number of iterarions             : 10
number of tasks                  : 16
number of threads                : 24
seed number                      : 2104
gas buffer                       : He
Target Temperature (K)           : 298
timestep (fs)                    : 10
Skin cell size (Ang)             : 0.01
Equipotential                    : no
Cut short-range interaction      : yes
LJ cutoff (Ang)                  : 12
Apply long-range interaction     : yes
Cut long-range interaction       : yes
Coulomb cutoff (Ang)             : 25
Apply induced-dipole interaction : yes
alpha (Ang^3)                    : 0.204956
force_type: 4
*********************************************************
Force Field parameters: 
*********************************************************
Symbol  mass (amu)  epislon (kcal/mol)  sigma(Angstroms) 
C   12.011   0.0309   3.043
N   14.007   0.0309   3.043
H   1.008   0.015   2.38
O   15.999   0.0309   3.043
S   32.06   0.0311   3.5
*********************************************************
MOLECULE:: orientation around the inertia principal axis 
*********************************************************
Inertia matrix a.u. Ang^2: 
{  1.81376e+06  216858  -460409  }
{  216858  1.99685e+06  201330  }
{  -460409  201330  1.70119e+06  }
Rotation matrix applied to molecule: 
{  0.77414  0.205254  -0.598814  }
{  -0.630013  0.341843  -0.6973  }
{  0.0615763  0.917068  0.393947  }
Molecule radius: 27.4871 Ang 
orientation time of molecule target: 0.00265503 s
target mass: 14310.2 amu
gas mass: 4.0026 amu
reduce mass: 4.00148 amu
charge state: 4.9988 e
*********************************************************
Geometric Ellipsoid: 
*********************************************************
maximal distances: 14.0491  17.3929  25.4208  Ang
Initial axis length: 64.0591  67.4029  75.4308  Ang
Ellipsoid axis length: 67.9991  71.3429  79.3708  Ang
ellipsoid calculation time: 4.1008e-05 s
maximal impact parameter: 79.3708 Ang
*********************************************************
Linked-cell: 
Numbers of cells: 2016
Nx: 12 Ny: 12 Nz: 14
Filled cells: 35
Empty cells: 1981
Average atoms per cell: 55.9143
Maximum atoms per cell: 176
Minimum atoms per cell: 1
Simulation box: 
lx: 144.12 Ang
ly: 144.12 Ang
lz: 168.14 Ang
linked-cell calculation time: 0.00211 s
time info: 9.70364e-05 s
*********************************************************
Trajectory calculations 
*********************************************************
out target time: 0.982958 s
Ntraj: 10000
Nfree: 1610
Nscatter: 8390
Nlost: 0
omega: 1389.04
Ntraj: 10000
Nfree: 1585
Nscatter: 8414
Nlost: 1
omega: 1368.26
Ntraj: 10000
Nfree: 1573
Nscatter: 8427
Nlost: 0
omega: 1329.46
Ntraj: 10000
Nfree: 1549
Nscatter: 8451
Nlost: 0
omega: 1600.52
Ntraj: 10000
Nfree: 1584
Nscatter: 8416
Nlost: 0
omega: 1535.71
Ntraj: 10000
Nfree: 1608
Nscatter: 8392
Nlost: 0
omega: 1518.3
Ntraj: 10000
Nfree: 1615
Nscatter: 8385
Nlost: 0
omega: 1462.07
Ntraj: 10000
Nfree: 1608
Nscatter: 8391
Nlost: 1
omega: 1475.16
Ntraj: 10000
Nfree: 1619
Nscatter: 8381
Nlost: 0
omega: 1521.49
Ntraj: 10000
Nfree: 1596
Nscatter: 8404
Nlost: 0
omega: 1508.93
*********************************************************
task: 0
worker id: 79201
time create lcl and mol: 0.00051403 s
numbers of trajectories: 6250
time trajectory calculation: 0.289878 s
task: 1
worker id: 43409
time create lcl and mol: 0.000494957 s
numbers of trajectories: 6250
time trajectory calculation: 0.290334 s
task: 2
worker id: 54020
time create lcl and mol: 0.000488997 s
numbers of trajectories: 6250
time trajectory calculation: 0.293133 s
task: 3
worker id: 15069
time create lcl and mol: 0.000447035 s
numbers of trajectories: 6250
time trajectory calculation: 0.296787 s
task: 4
worker id: 46273
time create lcl and mol: 0.000504017 s
numbers of trajectories: 6250
time trajectory calculation: 0.282221 s
task: 5
worker id: 58877
time create lcl and mol: 0.00049305 s
numbers of trajectories: 6250
time trajectory calculation: 0.311677 s
task: 6
worker id: 856
time create lcl and mol: 0.00062108 s
numbers of trajectories: 6250
time trajectory calculation: 0.330259 s
task: 7
worker id: 94870
time create lcl and mol: 0.000772953 s
numbers of trajectories: 6250
time trajectory calculation: 0.29403 s
task: 8
worker id: 46273
time create lcl and mol: 0.000620127 s
numbers of trajectories: 6250
time trajectory calculation: 0.281137 s
task: 9
worker id: 54020
time create lcl and mol: 0.000575066 s
numbers of trajectories: 6250
time trajectory calculation: 0.286102 s
task: 10
worker id: 79201
time create lcl and mol: 0.000595093 s
numbers of trajectories: 6250
time trajectory calculation: 0.258768 s
task: 11
worker id: 94870
time create lcl and mol: 0.000564814 s
numbers of trajectories: 6250
time trajectory calculation: 0.257175 s
task: 12
worker id: 58877
time create lcl and mol: 0.000586033 s
numbers of trajectories: 6250
time trajectory calculation: 0.606841 s
task: 13
worker id: 15069
time create lcl and mol: 0.000664949 s
numbers of trajectories: 6250
time trajectory calculation: 0.278969 s
task: 14
worker id: 856
time create lcl and mol: 0.000599861 s
numbers of trajectories: 6250
time trajectory calculation: 0.297014 s
task: 15
worker id: 43409
time create lcl and mol: 0.000602007 s
numbers of trajectories: 6250
time trajectory calculation: 0.358959 s
CCS time: 0.990696 s
*********************************************************
average value of CCS = 1470.89 Ang^2
error value of CCS = 25.415 Ang^2
Total time: 1.00011 s
Program finished...
[1695221240.811629] [sdumont6205:58877:0]       tag_match.c:62   UCX  WARN  unexpected tag-receive descriptor 0x55676e10aac0 was not matched
[1695221240.813684] [sdumont6077:856  :0]       tag_match.c:62   UCX  WARN  unexpected tag-receive descriptor 0x55d5f5be4bc0 was not matched
[1695221240.813643] [sdumont6074:43950:0]       tag_match.c:62   UCX  WARN  unexpected tag-receive descriptor 0x2b7a28012900 was not matched
[1695221240.813636] [sdumont6078:43409:0]       tag_match.c:62   UCX  WARN  unexpected tag-receive descriptor 0x55618ce1bcc0 was not matched
[1695221240.814862] [sdumont6210:54020:0]       tag_match.c:62   UCX  WARN  unexpected tag-receive descriptor 0x55a850380940 was not matched
*********************************************************
INPUT:: Simulation Parameters 
*********************************************************
target filename                  : 08_1dpx_carga_5_min.xyz
number of probe                  : 10000
number of iterarions             : 10
number of tasks                  : 16
number of threads                : 24
seed number                      : 2104
gas buffer                       : He
Target Temperature (K)           : 298
timestep (fs)                    : 10
Skin cell size (Ang)             : 0.01
Equipotential                    : no
Cut short-range interaction      : yes
LJ cutoff (Ang)                  : 12
Apply long-range interaction     : yes
Cut long-range interaction       : yes
Coulomb cutoff (Ang)             : 25
Apply induced-dipole interaction : yes
alpha (Ang^3)                    : 0.204956
force_type: 4
*********************************************************
Force Field parameters: 
*********************************************************
Symbol  mass (amu)  epislon (kcal/mol)  sigma(Angstroms) 
C   12.011   0.0309   3.043
N   14.007   0.0309   3.043
H   1.008   0.015   2.38
O   15.999   0.0309   3.043
S   32.06   0.0311   3.5
*********************************************************
MOLECULE:: orientation around the inertia principal axis 
*********************************************************
Inertia matrix a.u. Ang^2: 
{  1.81376e+06  216858  -460409  }
{  216858  1.99685e+06  201330  }
{  -460409  201330  1.70119e+06  }
Rotation matrix applied to molecule: 
{  0.77414  0.205254  -0.598814  }
{  -0.630013  0.341843  -0.6973  }
{  0.0615763  0.917068  0.393947  }
Molecule radius: 27.4871 Ang 
orientation time of molecule target: 0.00265908 s
target mass: 14310.2 amu
gas mass: 4.0026 amu
reduce mass: 4.00148 amu
charge state: 4.9988 e
*********************************************************
Geometric Ellipsoid: 
*********************************************************
maximal distances: 14.0491  17.3929  25.4208  Ang
Initial axis length: 64.0591  67.4029  75.4308  Ang
Ellipsoid axis length: 67.9991  71.3429  79.3708  Ang
ellipsoid calculation time: 4.60148e-05 s
maximal impact parameter: 79.3708 Ang
*********************************************************
Linked-cell: 
Numbers of cells: 2016
Nx: 12 Ny: 12 Nz: 14
Filled cells: 35
Empty cells: 1981
Average atoms per cell: 55.9143
Maximum atoms per cell: 176
Minimum atoms per cell: 1
Simulation box: 
lx: 144.12 Ang
ly: 144.12 Ang
lz: 168.14 Ang
linked-cell calculation time: 0.00212097 s
time info: 9.60827e-05 s
*********************************************************
Trajectory calculations 
*********************************************************
out target time: 0.930114 s
Ntraj: 10000
Nfree: 1610
Nscatter: 8390
Nlost: 0
omega: 1389.04
Ntraj: 10000
Nfree: 1585
Nscatter: 8414
Nlost: 1
omega: 1368.26
Ntraj: 10000
Nfree: 1573
Nscatter: 8427
Nlost: 0
omega: 1329.46
Ntraj: 10000
Nfree: 1549
Nscatter: 8451
Nlost: 0
omega: 1600.52
Ntraj: 10000
Nfree: 1584
Nscatter: 8416
Nlost: 0
omega: 1535.71
Ntraj: 10000
Nfree: 1608
Nscatter: 8392
Nlost: 0
omega: 1518.3
Ntraj: 10000
Nfree: 1615
Nscatter: 8385
Nlost: 0
omega: 1462.07
Ntraj: 10000
Nfree: 1608
Nscatter: 8391
Nlost: 1
omega: 1475.16
Ntraj: 10000
Nfree: 1619
Nscatter: 8381
Nlost: 0
omega: 1521.49
Ntraj: 10000
Nfree: 1596
Nscatter: 8404
Nlost: 0
omega: 1508.93
*********************************************************
task: 0
worker id: 79580
time create lcl and mol: 0.000501871 s
numbers of trajectories: 6250
time trajectory calculation: 0.266173 s
task: 1
worker id: 46652
time create lcl and mol: 0.000486135 s
numbers of trajectories: 6250
time trajectory calculation: 0.26079 s
task: 2
worker id: 59258
time create lcl and mol: 0.00048399 s
numbers of trajectories: 6250
time trajectory calculation: 0.264427 s
task: 3
worker id: 43789
time create lcl and mol: 0.000492811 s
numbers of trajectories: 6250
time trajectory calculation: 0.28926 s
task: 4
worker id: 95253
time create lcl and mol: 0.000463963 s
numbers of trajectories: 6250
time trajectory calculation: 0.264664 s
task: 5
worker id: 1302
time create lcl and mol: 0.000496864 s
numbers of trajectories: 6250
time trajectory calculation: 0.281992 s
task: 6
worker id: 15452
time create lcl and mol: 0.000509977 s
numbers of trajectories: 6250
time trajectory calculation: 0.291537 s
task: 7
worker id: 54399
time create lcl and mol: 0.00049901 s
numbers of trajectories: 6250
time trajectory calculation: 0.270183 s
task: 8
worker id: 43789
time create lcl and mol: 0.000546932 s
numbers of trajectories: 6250
time trajectory calculation: 0.260966 s
task: 9
worker id: 95253
time create lcl and mol: 0.000553131 s
numbers of trajectories: 6250
time trajectory calculation: 0.263951 s
task: 10
worker id: 79580
time create lcl and mol: 0.000550985 s
numbers of trajectories: 6250
time trajectory calculation: 0.261284 s
task: 11
worker id: 15452
time create lcl and mol: 0.000561953 s
numbers of trajectories: 6250
time trajectory calculation: 0.249814 s
task: 12
worker id: 59258
time create lcl and mol: 0.000516891 s
numbers of trajectories: 6250
time trajectory calculation: 0.59181 s
task: 13
worker id: 54399
time create lcl and mol: 0.000539064 s
numbers of trajectories: 6250
time trajectory calculation: 0.274103 s
task: 14
worker id: 1302
time create lcl and mol: 0.000548124 s
numbers of trajectories: 6250
time trajectory calculation: 0.278972 s
task: 15
worker id: 46652
time create lcl and mol: 0.000485182 s
numbers of trajectories: 6250
time trajectory calculation: 0.328103 s
CCS time: 0.937934 s
*********************************************************
average value of CCS = 1470.89 Ang^2
error value of CCS = 25.415 Ang^2
Total time: 0.947953 s
Program finished...
*********************************************************
INPUT:: Simulation Parameters 
*********************************************************
target filename                  : 08_1dpx_carga_5_min.xyz
number of probe                  : 10000
number of iterarions             : 10
number of tasks                  : 16
number of threads                : 24
seed number                      : 2104
gas buffer                       : He
Target Temperature (K)           : 298
timestep (fs)                    : 10
Skin cell size (Ang)             : 0.01
Equipotential                    : no
Cut short-range interaction      : yes
LJ cutoff (Ang)                  : 12
Apply long-range interaction     : yes
Cut long-range interaction       : yes
Coulomb cutoff (Ang)             : 25
Apply induced-dipole interaction : yes
alpha (Ang^3)                    : 0.204956
force_type: 4
*********************************************************
Force Field parameters: 
*********************************************************
Symbol  mass (amu)  epislon (kcal/mol)  sigma(Angstroms) 
C   12.011   0.0309   3.043
N   14.007   0.0309   3.043
H   1.008   0.015   2.38
O   15.999   0.0309   3.043
S   32.06   0.0311   3.5
*********************************************************
MOLECULE:: orientation around the inertia principal axis 
*********************************************************
Inertia matrix a.u. Ang^2: 
{  1.81376e+06  216858  -460409  }
{  216858  1.99685e+06  201330  }
{  -460409  201330  1.70119e+06  }
Rotation matrix applied to molecule: 
{  0.77414  0.205254  -0.598814  }
{  -0.630013  0.341843  -0.6973  }
{  0.0615763  0.917068  0.393947  }
Molecule radius: 27.4871 Ang 
orientation time of molecule target: 0.00263309 s
target mass: 14310.2 amu
gas mass: 4.0026 amu
reduce mass: 4.00148 amu
charge state: 4.9988 e
*********************************************************
Geometric Ellipsoid: 
*********************************************************
maximal distances: 14.0491  17.3929  25.4208  Ang
Initial axis length: 64.0591  67.4029  75.4308  Ang
Ellipsoid axis length: 67.9991  71.3429  79.3708  Ang
ellipsoid calculation time: 5.10216e-05 s
maximal impact parameter: 79.3708 Ang
*********************************************************
Linked-cell: 
Numbers of cells: 2016
Nx: 12 Ny: 12 Nz: 14
Filled cells: 35
Empty cells: 1981
Average atoms per cell: 55.9143
Maximum atoms per cell: 176
Minimum atoms per cell: 1
Simulation box: 
lx: 144.12 Ang
ly: 144.12 Ang
lz: 168.14 Ang
linked-cell calculation time: 0.00211191 s
time info: 9.799e-05 s
*********************************************************
Trajectory calculations 
*********************************************************
out target time: 0.963694 s
Ntraj: 10000
Nfree: 1610
Nscatter: 8390
Nlost: 0
omega: 1389.04
Ntraj: 10000
Nfree: 1585
Nscatter: 8414
Nlost: 1
omega: 1368.26
Ntraj: 10000
Nfree: 1573
Nscatter: 8427
Nlost: 0
omega: 1329.46
Ntraj: 10000
Nfree: 1549
Nscatter: 8451
Nlost: 0
omega: 1600.52
Ntraj: 10000
Nfree: 1584
Nscatter: 8416
Nlost: 0
omega: 1535.71
Ntraj: 10000
Nfree: 1608
Nscatter: 8392
Nlost: 0
omega: 1518.3
Ntraj: 10000
Nfree: 1615
Nscatter: 8385
Nlost: 0
omega: 1462.07
Ntraj: 10000
Nfree: 1608
Nscatter: 8391
Nlost: 1
omega: 1475.16
Ntraj: 10000
Nfree: 1619
Nscatter: 8381
Nlost: 0
omega: 1521.49
Ntraj: 10000
Nfree: 1596
Nscatter: 8404
Nlost: 0
omega: 1508.93
*********************************************************
task: 0
worker id: 43888
time create lcl and mol: 0.000624895 s
numbers of trajectories: 6250
time trajectory calculation: 0.265276 s
task: 1
worker id: 1420
time create lcl and mol: 0.000510931 s
numbers of trajectories: 6250
time trajectory calculation: 0.269661 s
task: 2
worker id: 46751
time create lcl and mol: 0.000484228 s
numbers of trajectories: 6250
time trajectory calculation: 0.269979 s
task: 3
worker id: 15550
time create lcl and mol: 0.00049901 s
numbers of trajectories: 6250
time trajectory calculation: 0.287754 s
task: 4
worker id: 43888
time create lcl and mol: 0.000543833 s
numbers of trajectories: 6250
time trajectory calculation: 0.253733 s
task: 5
worker id: 95355
time create lcl and mol: 0.000490904 s
numbers of trajectories: 6250
time trajectory calculation: 0.283923 s
task: 6
worker id: 59359
time create lcl and mol: 0.000478983 s
numbers of trajectories: 6250
time trajectory calculation: 0.301354 s
task: 7
worker id: 79679
time create lcl and mol: 0.000462055 s
numbers of trajectories: 6250
time trajectory calculation: 0.282046 s
task: 8
worker id: 54497
time create lcl and mol: 0.000503063 s
numbers of trajectories: 6250
time trajectory calculation: 0.269893 s
task: 9
worker id: 95355
time create lcl and mol: 0.000525951 s
numbers of trajectories: 6250
time trajectory calculation: 0.263967 s
task: 10
worker id: 1420
time create lcl and mol: 0.000516176 s
numbers of trajectories: 6250
time trajectory calculation: 0.257687 s
task: 11
worker id: 79679
time create lcl and mol: 0.000557899 s
numbers of trajectories: 6250
time trajectory calculation: 0.257387 s
task: 12
worker id: 46751
time create lcl and mol: 0.000542164 s
numbers of trajectories: 6250
time trajectory calculation: 0.617 s
task: 13
worker id: 54497
time create lcl and mol: 0.000555038 s
numbers of trajectories: 6250
time trajectory calculation: 0.271772 s
task: 14
worker id: 59359
time create lcl and mol: 0.00058198 s
numbers of trajectories: 6250
time trajectory calculation: 0.283508 s
task: 15
worker id: 15550
time create lcl and mol: 0.000525951 s
numbers of trajectories: 6250
time trajectory calculation: 0.327522 s
CCS time: 0.971442 s
*********************************************************
average value of CCS = 1470.89 Ang^2
error value of CCS = 25.415 Ang^2
Total time: 0.981344 s
Program finished...
*********************************************************
INPUT:: Simulation Parameters 
*********************************************************
target filename                  : 08_1dpx_carga_5_min.xyz
number of probe                  : 10000
number of iterarions             : 10
number of tasks                  : 16
number of threads                : 24
seed number                      : 2104
gas buffer                       : He
Target Temperature (K)           : 298
timestep (fs)                    : 10
Skin cell size (Ang)             : 0.01
Equipotential                    : no
Cut short-range interaction      : yes
LJ cutoff (Ang)                  : 12
Apply long-range interaction     : yes
Cut long-range interaction       : yes
Coulomb cutoff (Ang)             : 25
Apply induced-dipole interaction : yes
alpha (Ang^3)                    : 0.204956
force_type: 4
*********************************************************
Force Field parameters: 
*********************************************************
Symbol  mass (amu)  epislon (kcal/mol)  sigma(Angstroms) 
C   12.011   0.0309   3.043
N   14.007   0.0309   3.043
H   1.008   0.015   2.38
O   15.999   0.0309   3.043
S   32.06   0.0311   3.5
*********************************************************
MOLECULE:: orientation around the inertia principal axis 
*********************************************************
Inertia matrix a.u. Ang^2: 
{  1.81376e+06  216858  -460409  }
{  216858  1.99685e+06  201330  }
{  -460409  201330  1.70119e+06  }
Rotation matrix applied to molecule: 
{  0.77414  0.205254  -0.598814  }
{  -0.630013  0.341843  -0.6973  }
{  0.0615763  0.917068  0.393947  }
Molecule radius: 27.4871 Ang 
orientation time of molecule target: 0.00257087 s
target mass: 14310.2 amu
gas mass: 4.0026 amu
reduce mass: 4.00148 amu
charge state: 4.9988 e
*********************************************************
Geometric Ellipsoid: 
*********************************************************
maximal distances: 14.0491  17.3929  25.4208  Ang
Initial axis length: 64.0591  67.4029  75.4308  Ang
Ellipsoid axis length: 67.9991  71.3429  79.3708  Ang
ellipsoid calculation time: 4.91142e-05 s
maximal impact parameter: 79.3708 Ang
*********************************************************
Linked-cell: 
Numbers of cells: 2016
Nx: 12 Ny: 12 Nz: 14
Filled cells: 35
Empty cells: 1981
Average atoms per cell: 55.9143
Maximum atoms per cell: 176
Minimum atoms per cell: 1
Simulation box: 
lx: 144.12 Ang
ly: 144.12 Ang
lz: 168.14 Ang
linked-cell calculation time: 0.00217199 s
time info: 9.799e-05 s
*********************************************************
Trajectory calculations 
*********************************************************
out target time: 0.849165 s
Ntraj: 10000
Nfree: 1610
Nscatter: 8390
Nlost: 0
omega: 1389.04
Ntraj: 10000
Nfree: 1585
Nscatter: 8414
Nlost: 1
omega: 1368.26
Ntraj: 10000
Nfree: 1573
Nscatter: 8427
Nlost: 0
omega: 1329.46
Ntraj: 10000
Nfree: 1549
Nscatter: 8451
Nlost: 0
omega: 1600.52
Ntraj: 10000
Nfree: 1584
Nscatter: 8416
Nlost: 0
omega: 1535.71
Ntraj: 10000
Nfree: 1608
Nscatter: 8392
Nlost: 0
omega: 1518.3
Ntraj: 10000
Nfree: 1615
Nscatter: 8385
Nlost: 0
omega: 1462.07
Ntraj: 10000
Nfree: 1608
Nscatter: 8391
Nlost: 1
omega: 1475.16
Ntraj: 10000
Nfree: 1619
Nscatter: 8381
Nlost: 0
omega: 1521.49
Ntraj: 10000
Nfree: 1596
Nscatter: 8404
Nlost: 0
omega: 1508.93
*********************************************************
task: 0
worker id: 54586
time create lcl and mol: 0.000576019 s
numbers of trajectories: 6250
time trajectory calculation: 0.258527 s
task: 1
worker id: 1528
time create lcl and mol: 0.00048089 s
numbers of trajectories: 6250
time trajectory calculation: 0.267793 s
task: 2
worker id: 46837
time create lcl and mol: 0.000440836 s
numbers of trajectories: 6250
time trajectory calculation: 0.265772 s
task: 3
worker id: 1528
time create lcl and mol: 0.000514984 s
numbers of trajectories: 6250
time trajectory calculation: 0.263486 s
task: 4
worker id: 54586
time create lcl and mol: 0.000499964 s
numbers of trajectories: 6250
time trajectory calculation: 0.26586 s
task: 5
worker id: 15635
time create lcl and mol: 0.000517845 s
numbers of trajectories: 6250
time trajectory calculation: 0.285878 s
task: 6
worker id: 46837
time create lcl and mol: 0.000521898 s
numbers of trajectories: 6250
time trajectory calculation: 0.274702 s
task: 7
worker id: 59445
time create lcl and mol: 0.000556231 s
numbers of trajectories: 6250
time trajectory calculation: 0.266788 s
task: 8
worker id: 15635
time create lcl and mol: 0.000557899 s
numbers of trajectories: 6250
time trajectory calculation: 0.261085 s
task: 9
worker id: 95441
time create lcl and mol: 0.000527143 s
numbers of trajectories: 6250
time trajectory calculation: 0.260521 s
task: 10
worker id: 79765
time create lcl and mol: 0.000540018 s
numbers of trajectories: 6250
time trajectory calculation: 0.260873 s
task: 11
worker id: 1528
time create lcl and mol: 0.000526905 s
numbers of trajectories: 6250
time trajectory calculation: 0.24459 s
task: 12
worker id: 43975
time create lcl and mol: 0.000478983 s
numbers of trajectories: 6250
time trajectory calculation: 0.621528 s
task: 13
worker id: 95441
time create lcl and mol: 0.000494957 s
numbers of trajectories: 6250
time trajectory calculation: 0.275967 s
task: 14
worker id: 79765
time create lcl and mol: 0.000767946 s
numbers of trajectories: 6250
time trajectory calculation: 0.29139 s
task: 15
worker id: 59445
time create lcl and mol: 0.000553846 s
numbers of trajectories: 6250
time trajectory calculation: 0.355576 s
CCS time: 0.857041 s
*********************************************************
average value of CCS = 1470.89 Ang^2
error value of CCS = 25.415 Ang^2
Total time: 0.866755 s
Program finished...
