*********************************************************
INPUT:: Simulation Parameters 
*********************************************************
target filename                  : 02_1fd3_carga_3_min.xyz
number of probe                  : 10000
number of iterarions             : 10
number of tasks                  : 28
number of threads                : 24
seed number                      : 2104
gas buffer                       : He
Target Temperature (K)           : 298
timestep (fs)                    : 10
Skin cell size (Ang)             : 0.01
Equipotential                    : no
Cut short-range interaction      : yes
LJ cutoff (Ang)                  : 12
Apply long-range interaction     : yes
Cut long-range interaction       : yes
Coulomb cutoff (Ang)             : 25
Apply induced-dipole interaction : yes
alpha (Ang^3)                    : 0.204956
force_type: 4
*********************************************************
Force Field parameters: 
*********************************************************
Symbol  mass (amu)  epislon (kcal/mol)  sigma(Angstroms) 
C   12.011   0.0309   3.043
N   14.007   0.0309   3.043
H   1.008   0.015   2.38
O   15.999   0.0309   3.043
S   32.06   0.0311   3.5
*********************************************************
MOLECULE:: orientation around the inertia principal axis 
*********************************************************
Inertia matrix a.u. Ang^2: 
{  214906  -11513.4  -42297.4  }
{  -11513.4  310957  44573.5  }
{  -42297.4  44573.5  245138  }
Rotation matrix applied to molecule: 
{  0.242802  -0.833808  -0.495794  }
{  -0.766603  0.148265  -0.62477  }
{  0.594447  0.531773  -0.603201  }
Molecule radius: 19.762 Ang 
orientation time of molecule target: 0.00134706 s
target mass: 4331.23 amu
gas mass: 4.0026 amu
reduce mass: 3.9989 amu
charge state: 2.9988 e
*********************************************************
Geometric Ellipsoid: 
*********************************************************
maximal distances: 10.335  13.5071  18.3765  Ang
Initial axis length: 60.345  63.5171  68.3865  Ang
Ellipsoid axis length: 62.755  65.9271  70.7965  Ang
ellipsoid calculation time: 5.00679e-05 s
maximal impact parameter: 70.7965 Ang
*********************************************************
Linked-cell: 
Numbers of cells: 1452
Nx: 11 Ny: 11 Nz: 12
Filled cells: 14
Empty cells: 1438
Average atoms per cell: 43.3571
Maximum atoms per cell: 173
Minimum atoms per cell: 1
Simulation box: 
lx: 132.11 Ang
ly: 132.11 Ang
lz: 144.12 Ang
linked-cell calculation time: 0.00152016 s
time info: 4.57764e-05 s
*********************************************************
Trajectory calculations 
*********************************************************
out target time: 0.390869 s
Ntraj: 10000
Nfree: 1234
Nscatter: 8766
Nlost: 0
omega: 651.383
Ntraj: 10000
Nfree: 1187
Nscatter: 8812
Nlost: 1
omega: 697.772
Ntraj: 10000
Nfree: 1191
Nscatter: 8809
Nlost: 0
omega: 654.604
Ntraj: 10000
Nfree: 1185
Nscatter: 8815
Nlost: 0
omega: 827.776
Ntraj: 10000
Nfree: 1177
Nscatter: 8823
Nlost: 0
omega: 817.15
Ntraj: 10000
Nfree: 1212
Nscatter: 8788
Nlost: 0
omega: 735.655
Ntraj: 10000
Nfree: 1193
Nscatter: 8807
Nlost: 0
omega: 735.941
Ntraj: 10000
Nfree: 1192
Nscatter: 8808
Nlost: 0
omega: 710.41
Ntraj: 10000
Nfree: 1222
Nscatter: 8778
Nlost: 0
omega: 816.219
Ntraj: 10000
Nfree: 1230
Nscatter: 8770
Nlost: 0
omega: 763.944
*********************************************************
task: 0
worker id: 66020
time create lcl and mol: 0.000338078 s
numbers of trajectories: 3572
time trajectory calculation: 0.0809 s
task: 1
worker id: 83672
time create lcl and mol: 0.000344992 s
numbers of trajectories: 3572
time trajectory calculation: 0.073786 s
task: 2
worker id: 83206
time create lcl and mol: 0.000378847 s
numbers of trajectories: 3572
time trajectory calculation: 0.314013 s
task: 3
worker id: 83672
time create lcl and mol: 0.000330925 s
numbers of trajectories: 3572
time trajectory calculation: 0.074646 s
task: 4
worker id: 17375
time create lcl and mol: 0.000355005 s
numbers of trajectories: 3572
time trajectory calculation: 0.0790479 s
task: 5
worker id: 50410
time create lcl and mol: 0.000331163 s
numbers of trajectories: 3572
time trajectory calculation: 0.0792549 s
task: 6
worker id: 83672
time create lcl and mol: 0.000342131 s
numbers of trajectories: 3572
time trajectory calculation: 0.0713089 s
task: 7
worker id: 66020
time create lcl and mol: 0.000380993 s
numbers of trajectories: 3572
time trajectory calculation: 0.0695679 s
task: 8
worker id: 29935
time create lcl and mol: 0.000384092 s
numbers of trajectories: 3572
time trajectory calculation: 0.0778818 s
task: 9
worker id: 14732
time create lcl and mol: 0.000359774 s
numbers of trajectories: 3572
time trajectory calculation: 0.0723312 s
task: 10
worker id: 17375
time create lcl and mol: 0.000388861 s
numbers of trajectories: 3572
time trajectory calculation: 0.078701 s
task: 11
worker id: 50410
time create lcl and mol: 0.000359774 s
numbers of trajectories: 3572
time trajectory calculation: 0.0738461 s
task: 12
worker id: 50410
time create lcl and mol: 0.000361919 s
numbers of trajectories: 3571
time trajectory calculation: 0.0752339 s
task: 13
worker id: 14732
time create lcl and mol: 0.000360012 s
numbers of trajectories: 3571
time trajectory calculation: 0.073431 s
task: 14
worker id: 25284
time create lcl and mol: 0.000370979 s
numbers of trajectories: 3571
time trajectory calculation: 0.070893 s
task: 15
worker id: 29935
time create lcl and mol: 0.000383854 s
numbers of trajectories: 3571
time trajectory calculation: 0.075855 s
task: 16
worker id: 14732
time create lcl and mol: 0.000329971 s
numbers of trajectories: 3571
time trajectory calculation: 0.0786579 s
task: 17
worker id: 66020
time create lcl and mol: 0.00036788 s
numbers of trajectories: 3571
time trajectory calculation: 0.0724962 s
task: 18
worker id: 25284
time create lcl and mol: 0.000345945 s
numbers of trajectories: 3571
time trajectory calculation: 0.082341 s
task: 19
worker id: 29935
time create lcl and mol: 0.000329971 s
numbers of trajectories: 3571
time trajectory calculation: 0.076735 s
task: 20
worker id: 25284
time create lcl and mol: 0.000361919 s
numbers of trajectories: 3571
time trajectory calculation: 0.068469 s
task: 21
worker id: 50410
time create lcl and mol: 0.000357866 s
numbers of trajectories: 3571
time trajectory calculation: 0.070749 s
task: 22
worker id: 14732
time create lcl and mol: 0.000365973 s
numbers of trajectories: 3571
time trajectory calculation: 0.075537 s
task: 23
worker id: 83672
time create lcl and mol: 0.000353098 s
numbers of trajectories: 3571
time trajectory calculation: 0.071996 s
task: 24
worker id: 17375
time create lcl and mol: 0.000385046 s
numbers of trajectories: 3571
time trajectory calculation: 0.0775108 s
task: 25
worker id: 66020
time create lcl and mol: 0.000364065 s
numbers of trajectories: 3571
time trajectory calculation: 0.071456 s
task: 26
worker id: 25284
time create lcl and mol: 0.000370979 s
numbers of trajectories: 3571
time trajectory calculation: 0.073354 s
task: 27
worker id: 29935
time create lcl and mol: 0.000387192 s
numbers of trajectories: 3571
time trajectory calculation: 0.0774469 s
CCS time: 0.398714 s
*********************************************************
average value of CCS = 741.085 Ang^2
error value of CCS = 19.4595 Ang^2
Total time: 0.407068 s
Program finished...
*********************************************************
INPUT:: Simulation Parameters 
*********************************************************
target filename                  : 02_1fd3_carga_3_min.xyz
number of probe                  : 10000
number of iterarions             : 10
number of tasks                  : 28
number of threads                : 24
seed number                      : 2104
gas buffer                       : He
Target Temperature (K)           : 298
timestep (fs)                    : 10
Skin cell size (Ang)             : 0.01
Equipotential                    : no
Cut short-range interaction      : yes
LJ cutoff (Ang)                  : 12
Apply long-range interaction     : yes
Cut long-range interaction       : yes
Coulomb cutoff (Ang)             : 25
Apply induced-dipole interaction : yes
alpha (Ang^3)                    : 0.204956
force_type: 4
*********************************************************
Force Field parameters: 
*********************************************************
Symbol  mass (amu)  epislon (kcal/mol)  sigma(Angstroms) 
C   12.011   0.0309   3.043
N   14.007   0.0309   3.043
H   1.008   0.015   2.38
O   15.999   0.0309   3.043
S   32.06   0.0311   3.5
*********************************************************
MOLECULE:: orientation around the inertia principal axis 
*********************************************************
Inertia matrix a.u. Ang^2: 
{  214906  -11513.4  -42297.4  }
{  -11513.4  310957  44573.5  }
{  -42297.4  44573.5  245138  }
Rotation matrix applied to molecule: 
{  0.242802  -0.833808  -0.495794  }
{  -0.766603  0.148265  -0.62477  }
{  0.594447  0.531773  -0.603201  }
Molecule radius: 19.762 Ang 
orientation time of molecule target: 0.0012238 s
target mass: 4331.23 amu
gas mass: 4.0026 amu
reduce mass: 3.9989 amu
charge state: 2.9988 e
*********************************************************
Geometric Ellipsoid: 
*********************************************************
maximal distances: 10.335  13.5071  18.3765  Ang
Initial axis length: 60.345  63.5171  68.3865  Ang
Ellipsoid axis length: 62.755  65.9271  70.7965  Ang
ellipsoid calculation time: 3.31402e-05 s
maximal impact parameter: 70.7965 Ang
*********************************************************
Linked-cell: 
Numbers of cells: 1452
Nx: 11 Ny: 11 Nz: 12
Filled cells: 14
Empty cells: 1438
Average atoms per cell: 43.3571
Maximum atoms per cell: 173
Minimum atoms per cell: 1
Simulation box: 
lx: 132.11 Ang
ly: 132.11 Ang
lz: 144.12 Ang
linked-cell calculation time: 0.00153899 s
time info: 4.60148e-05 s
*********************************************************
Trajectory calculations 
*********************************************************
out target time: 0.419674 s
Ntraj: 10000
Nfree: 1234
Nscatter: 8766
Nlost: 0
omega: 651.383
Ntraj: 10000
Nfree: 1187
Nscatter: 8812
Nlost: 1
omega: 697.772
Ntraj: 10000
Nfree: 1191
Nscatter: 8809
Nlost: 0
omega: 654.604
Ntraj: 10000
Nfree: 1185
Nscatter: 8815
Nlost: 0
omega: 827.776
Ntraj: 10000
Nfree: 1177
Nscatter: 8823
Nlost: 0
omega: 817.15
Ntraj: 10000
Nfree: 1212
Nscatter: 8788
Nlost: 0
omega: 735.655
Ntraj: 10000
Nfree: 1193
Nscatter: 8807
Nlost: 0
omega: 735.941
Ntraj: 10000
Nfree: 1192
Nscatter: 8808
Nlost: 0
omega: 710.41
Ntraj: 10000
Nfree: 1222
Nscatter: 8778
Nlost: 0
omega: 816.219
Ntraj: 10000
Nfree: 1230
Nscatter: 8770
Nlost: 0
omega: 763.944
*********************************************************
task: 0
worker id: 30025
time create lcl and mol: 0.000338078 s
numbers of trajectories: 3572
time trajectory calculation: 0.083365 s
task: 1
worker id: 83757
time create lcl and mol: 0.000339031 s
numbers of trajectories: 3572
time trajectory calculation: 0.081917 s
task: 2
worker id: 14819
time create lcl and mol: 0.000331879 s
numbers of trajectories: 3572
time trajectory calculation: 0.331519 s
task: 3
worker id: 83757
time create lcl and mol: 0.000368118 s
numbers of trajectories: 3572
time trajectory calculation: 0.069397 s
task: 4
worker id: 66107
time create lcl and mol: 0.000326157 s
numbers of trajectories: 3572
time trajectory calculation: 0.083009 s
task: 5
worker id: 83304
time create lcl and mol: 0.000351191 s
numbers of trajectories: 3572
time trajectory calculation: 0.0789568 s
task: 6
worker id: 50496
time create lcl and mol: 0.000530005 s
numbers of trajectories: 3572
time trajectory calculation: 0.0820692 s
task: 7
worker id: 17461
time create lcl and mol: 0.000392199 s
numbers of trajectories: 3572
time trajectory calculation: 0.0738859 s
task: 8
worker id: 25371
time create lcl and mol: 0.000334978 s
numbers of trajectories: 3572
time trajectory calculation: 0.0823672 s
task: 9
worker id: 17461
time create lcl and mol: 0.000357866 s
numbers of trajectories: 3572
time trajectory calculation: 0.0722861 s
task: 10
worker id: 30025
time create lcl and mol: 0.00037384 s
numbers of trajectories: 3572
time trajectory calculation: 0.077606 s
task: 11
worker id: 17461
time create lcl and mol: 0.000355959 s
numbers of trajectories: 3572
time trajectory calculation: 0.073663 s
task: 12
worker id: 83304
time create lcl and mol: 0.000345945 s
numbers of trajectories: 3571
time trajectory calculation: 0.0751691 s
task: 13
worker id: 66107
time create lcl and mol: 0.000358105 s
numbers of trajectories: 3571
time trajectory calculation: 0.0732329 s
task: 14
worker id: 83757
time create lcl and mol: 0.000404119 s
numbers of trajectories: 3571
time trajectory calculation: 0.0728929 s
task: 15
worker id: 66107
time create lcl and mol: 0.000366926 s
numbers of trajectories: 3571
time trajectory calculation: 0.0734849 s
task: 16
worker id: 50496
time create lcl and mol: 0.000344992 s
numbers of trajectories: 3571
time trajectory calculation: 0.072943 s
task: 17
worker id: 50496
time create lcl and mol: 0.000351906 s
numbers of trajectories: 3571
time trajectory calculation: 0.0706921 s
task: 18
worker id: 17461
time create lcl and mol: 0.000360012 s
numbers of trajectories: 3571
time trajectory calculation: 0.0740869 s
task: 19
worker id: 83304
time create lcl and mol: 0.000348806 s
numbers of trajectories: 3571
time trajectory calculation: 0.066282 s
task: 20
worker id: 83304
time create lcl and mol: 0.000344992 s
numbers of trajectories: 3571
time trajectory calculation: 0.0679641 s
task: 21
worker id: 66107
time create lcl and mol: 0.000365019 s
numbers of trajectories: 3571
time trajectory calculation: 0.0706789 s
task: 22
worker id: 25371
time create lcl and mol: 0.000378132 s
numbers of trajectories: 3571
time trajectory calculation: 0.0738888 s
task: 23
worker id: 30025
time create lcl and mol: 0.000357151 s
numbers of trajectories: 3571
time trajectory calculation: 0.0736248 s
task: 24
worker id: 83757
time create lcl and mol: 0.000360012 s
numbers of trajectories: 3571
time trajectory calculation: 0.075084 s
task: 25
worker id: 50496
time create lcl and mol: 0.000347853 s
numbers of trajectories: 3571
time trajectory calculation: 0.070811 s
task: 26
worker id: 25371
time create lcl and mol: 0.000360012 s
numbers of trajectories: 3571
time trajectory calculation: 0.0744269 s
task: 27
worker id: 25371
time create lcl and mol: 0.000362158 s
numbers of trajectories: 3571
time trajectory calculation: 0.075217 s
CCS time: 0.427685 s
*********************************************************
average value of CCS = 741.085 Ang^2
error value of CCS = 19.4595 Ang^2
Total time: 0.435777 s
Program finished...
*********************************************************
INPUT:: Simulation Parameters 
*********************************************************
target filename                  : 02_1fd3_carga_3_min.xyz
number of probe                  : 10000
number of iterarions             : 10
number of tasks                  : 28
number of threads                : 24
seed number                      : 2104
gas buffer                       : He
Target Temperature (K)           : 298
timestep (fs)                    : 10
Skin cell size (Ang)             : 0.01
Equipotential                    : no
Cut short-range interaction      : yes
LJ cutoff (Ang)                  : 12
Apply long-range interaction     : yes
Cut long-range interaction       : yes
Coulomb cutoff (Ang)             : 25
Apply induced-dipole interaction : yes
alpha (Ang^3)                    : 0.204956
force_type: 4
*********************************************************
Force Field parameters: 
*********************************************************
Symbol  mass (amu)  epislon (kcal/mol)  sigma(Angstroms) 
C   12.011   0.0309   3.043
N   14.007   0.0309   3.043
H   1.008   0.015   2.38
O   15.999   0.0309   3.043
S   32.06   0.0311   3.5
*********************************************************
MOLECULE:: orientation around the inertia principal axis 
*********************************************************
Inertia matrix a.u. Ang^2: 
{  214906  -11513.4  -42297.4  }
{  -11513.4  310957  44573.5  }
{  -42297.4  44573.5  245138  }
Rotation matrix applied to molecule: 
{  0.242802  -0.833808  -0.495794  }
{  -0.766603  0.148265  -0.62477  }
{  0.594447  0.531773  -0.603201  }
Molecule radius: 19.762 Ang 
orientation time of molecule target: 0.00124407 s
target mass: 4331.23 amu
gas mass: 4.0026 amu
reduce mass: 3.9989 amu
charge state: 2.9988 e
*********************************************************
Geometric Ellipsoid: 
*********************************************************
maximal distances: 10.335  13.5071  18.3765  Ang
Initial axis length: 60.345  63.5171  68.3865  Ang
Ellipsoid axis length: 62.755  65.9271  70.7965  Ang
ellipsoid calculation time: 3.8147e-05 s
maximal impact parameter: 70.7965 Ang
*********************************************************
Linked-cell: 
Numbers of cells: 1452
Nx: 11 Ny: 11 Nz: 12
Filled cells: 14
Empty cells: 1438
Average atoms per cell: 43.3571
Maximum atoms per cell: 173
Minimum atoms per cell: 1
Simulation box: 
lx: 132.11 Ang
ly: 132.11 Ang
lz: 144.12 Ang
linked-cell calculation time: 0.0015111 s
time info: 4.31538e-05 s
*********************************************************
Trajectory calculations 
*********************************************************
out target time: 0.412465 s
Ntraj: 10000
Nfree: 1234
Nscatter: 8766
Nlost: 0
omega: 651.383
Ntraj: 10000
Nfree: 1187
Nscatter: 8812
Nlost: 1
omega: 697.772
Ntraj: 10000
Nfree: 1191
Nscatter: 8809
Nlost: 0
omega: 654.604
Ntraj: 10000
Nfree: 1185
Nscatter: 8815
Nlost: 0
omega: 827.776
Ntraj: 10000
Nfree: 1177
Nscatter: 8823
Nlost: 0
omega: 817.15
Ntraj: 10000
Nfree: 1212
Nscatter: 8788
Nlost: 0
omega: 735.655
Ntraj: 10000
Nfree: 1193
Nscatter: 8807
Nlost: 0
omega: 735.941
Ntraj: 10000
Nfree: 1192
Nscatter: 8808
Nlost: 0
omega: 710.41
Ntraj: 10000
Nfree: 1222
Nscatter: 8778
Nlost: 0
omega: 816.219
Ntraj: 10000
Nfree: 1230
Nscatter: 8770
Nlost: 0
omega: 763.944
*********************************************************
task: 0
worker id: 66193
time create lcl and mol: 0.000329971 s
numbers of trajectories: 3572
time trajectory calculation: 0.082443 s
task: 1
worker id: 17546
time create lcl and mol: 0.000347137 s
numbers of trajectories: 3572
time trajectory calculation: 0.0800579 s
task: 2
worker id: 83406
time create lcl and mol: 0.000478029 s
numbers of trajectories: 3572
time trajectory calculation: 0.348765 s
task: 3
worker id: 14905
time create lcl and mol: 0.000605106 s
numbers of trajectories: 3572
time trajectory calculation: 0.0787101 s
task: 4
worker id: 83846
time create lcl and mol: 0.000313997 s
numbers of trajectories: 3572
time trajectory calculation: 0.077034 s
task: 5
worker id: 30112
time create lcl and mol: 0.000323057 s
numbers of trajectories: 3572
time trajectory calculation: 0.0805829 s
task: 6
worker id: 25456
time create lcl and mol: 0.000344992 s
numbers of trajectories: 3572
time trajectory calculation: 0.08002 s
task: 7
worker id: 17546
time create lcl and mol: 0.000360012 s
numbers of trajectories: 3572
time trajectory calculation: 0.0678289 s
task: 8
worker id: 50583
time create lcl and mol: 0.000317097 s
numbers of trajectories: 3572
time trajectory calculation: 0.0825579 s
task: 9
worker id: 14905
time create lcl and mol: 0.000346899 s
numbers of trajectories: 3572
time trajectory calculation: 0.073349 s
task: 10
worker id: 14905
time create lcl and mol: 0.000347137 s
numbers of trajectories: 3572
time trajectory calculation: 0.079035 s
task: 11
worker id: 17546
time create lcl and mol: 0.000342131 s
numbers of trajectories: 3572
time trajectory calculation: 0.0712349 s
task: 12
worker id: 66193
time create lcl and mol: 0.000345945 s
numbers of trajectories: 3571
time trajectory calculation: 0.077728 s
task: 13
worker id: 17546
time create lcl and mol: 0.000339031 s
numbers of trajectories: 3571
time trajectory calculation: 0.0719469 s
task: 14
worker id: 30112
time create lcl and mol: 0.000349045 s
numbers of trajectories: 3571
time trajectory calculation: 0.0704758 s
task: 15
worker id: 30112
time create lcl and mol: 0.000342131 s
numbers of trajectories: 3571
time trajectory calculation: 0.0709701 s
task: 16
worker id: 25456
time create lcl and mol: 0.000361919 s
numbers of trajectories: 3571
time trajectory calculation: 0.073091 s
task: 17
worker id: 25456
time create lcl and mol: 0.000370026 s
numbers of trajectories: 3571
time trajectory calculation: 0.0705628 s
task: 18
worker id: 30112
time create lcl and mol: 0.000343084 s
numbers of trajectories: 3571
time trajectory calculation: 0.0722959 s
task: 19
worker id: 14905
time create lcl and mol: 0.000359058 s
numbers of trajectories: 3571
time trajectory calculation: 0.0693929 s
task: 20
worker id: 50583
time create lcl and mol: 0.000373125 s
numbers of trajectories: 3571
time trajectory calculation: 0.0700998 s
task: 21
worker id: 83846
time create lcl and mol: 0.000341892 s
numbers of trajectories: 3571
time trajectory calculation: 0.0705919 s
task: 22
worker id: 25456
time create lcl and mol: 0.000365019 s
numbers of trajectories: 3571
time trajectory calculation: 0.0744889 s
task: 23
worker id: 66193
time create lcl and mol: 0.000341892 s
numbers of trajectories: 3571
time trajectory calculation: 0.0728631 s
task: 24
worker id: 83846
time create lcl and mol: 0.000354052 s
numbers of trajectories: 3571
time trajectory calculation: 0.0763018 s
task: 25
worker id: 83846
time create lcl and mol: 0.000359058 s
numbers of trajectories: 3571
time trajectory calculation: 0.0724361 s
task: 26
worker id: 50583
time create lcl and mol: 0.000358105 s
numbers of trajectories: 3571
time trajectory calculation: 0.0741999 s
task: 27
worker id: 50583
time create lcl and mol: 0.000365019 s
numbers of trajectories: 3571
time trajectory calculation: 0.0757291 s
CCS time: 0.420383 s
*********************************************************
average value of CCS = 741.085 Ang^2
error value of CCS = 19.4595 Ang^2
Total time: 0.427769 s
Program finished...
*********************************************************
INPUT:: Simulation Parameters 
*********************************************************
target filename                  : 02_1fd3_carga_3_min.xyz
number of probe                  : 10000
number of iterarions             : 10
number of tasks                  : 28
number of threads                : 24
seed number                      : 2104
gas buffer                       : He
Target Temperature (K)           : 298
timestep (fs)                    : 10
Skin cell size (Ang)             : 0.01
Equipotential                    : no
Cut short-range interaction      : yes
LJ cutoff (Ang)                  : 12
Apply long-range interaction     : yes
Cut long-range interaction       : yes
Coulomb cutoff (Ang)             : 25
Apply induced-dipole interaction : yes
alpha (Ang^3)                    : 0.204956
force_type: 4
*********************************************************
Force Field parameters: 
*********************************************************
Symbol  mass (amu)  epislon (kcal/mol)  sigma(Angstroms) 
C   12.011   0.0309   3.043
N   14.007   0.0309   3.043
H   1.008   0.015   2.38
O   15.999   0.0309   3.043
S   32.06   0.0311   3.5
*********************************************************
MOLECULE:: orientation around the inertia principal axis 
*********************************************************
Inertia matrix a.u. Ang^2: 
{  214906  -11513.4  -42297.4  }
{  -11513.4  310957  44573.5  }
{  -42297.4  44573.5  245138  }
Rotation matrix applied to molecule: 
{  0.242802  -0.833808  -0.495794  }
{  -0.766603  0.148265  -0.62477  }
{  0.594447  0.531773  -0.603201  }
Molecule radius: 19.762 Ang 
orientation time of molecule target: 0.00125623 s
target mass: 4331.23 amu
gas mass: 4.0026 amu
reduce mass: 3.9989 amu
charge state: 2.9988 e
*********************************************************
Geometric Ellipsoid: 
*********************************************************
maximal distances: 10.335  13.5071  18.3765  Ang
Initial axis length: 60.345  63.5171  68.3865  Ang
Ellipsoid axis length: 62.755  65.9271  70.7965  Ang
ellipsoid calculation time: 3.50475e-05 s
maximal impact parameter: 70.7965 Ang
*********************************************************
Linked-cell: 
Numbers of cells: 1452
Nx: 11 Ny: 11 Nz: 12
Filled cells: 14
Empty cells: 1438
Average atoms per cell: 43.3571
Maximum atoms per cell: 173
Minimum atoms per cell: 1
Simulation box: 
lx: 132.11 Ang
ly: 132.11 Ang
lz: 144.12 Ang
linked-cell calculation time: 0.00150895 s
time info: 4.60148e-05 s
*********************************************************
Trajectory calculations 
*********************************************************
out target time: 0.399522 s
Ntraj: 10000
Nfree: 1234
Nscatter: 8766
Nlost: 0
omega: 651.383
Ntraj: 10000
Nfree: 1187
Nscatter: 8812
Nlost: 1
omega: 697.772
Ntraj: 10000
Nfree: 1191
Nscatter: 8809
Nlost: 0
omega: 654.604
Ntraj: 10000
Nfree: 1185
Nscatter: 8815
Nlost: 0
omega: 827.776
Ntraj: 10000
Nfree: 1177
Nscatter: 8823
Nlost: 0
omega: 817.15
Ntraj: 10000
Nfree: 1212
Nscatter: 8788
Nlost: 0
omega: 735.655
Ntraj: 10000
Nfree: 1193
Nscatter: 8807
Nlost: 0
omega: 735.941
Ntraj: 10000
Nfree: 1192
Nscatter: 8808
Nlost: 0
omega: 710.41
Ntraj: 10000
Nfree: 1222
Nscatter: 8778
Nlost: 0
omega: 816.219
Ntraj: 10000
Nfree: 1230
Nscatter: 8770
Nlost: 0
omega: 763.944
*********************************************************
task: 0
worker id: 66281
time create lcl and mol: 0.000365973 s
numbers of trajectories: 3572
time trajectory calculation: 0.0827501 s
task: 1
worker id: 17630
time create lcl and mol: 0.000430822 s
numbers of trajectories: 3572
time trajectory calculation: 0.0796502 s
task: 2
worker id: 83507
time create lcl and mol: 0.000506878 s
numbers of trajectories: 3572
time trajectory calculation: 0.318609 s
task: 3
worker id: 30201
time create lcl and mol: 0.000300169 s
numbers of trajectories: 3572
time trajectory calculation: 0.07497 s
task: 4
worker id: 14989
time create lcl and mol: 0.000313997 s
numbers of trajectories: 3572
time trajectory calculation: 0.08617 s
task: 5
worker id: 83932
time create lcl and mol: 0.000303984 s
numbers of trajectories: 3572
time trajectory calculation: 0.0783949 s
task: 6
worker id: 50670
time create lcl and mol: 0.000308037 s
numbers of trajectories: 3572
time trajectory calculation: 0.083787 s
task: 7
worker id: 50670
time create lcl and mol: 0.000361919 s
numbers of trajectories: 3572
time trajectory calculation: 0.066993 s
task: 8
worker id: 25541
time create lcl and mol: 0.000459909 s
numbers of trajectories: 3572
time trajectory calculation: 0.0861921 s
task: 9
worker id: 83932
time create lcl and mol: 0.000330925 s
numbers of trajectories: 3572
time trajectory calculation: 0.0704401 s
task: 10
worker id: 50670
time create lcl and mol: 0.000369787 s
numbers of trajectories: 3572
time trajectory calculation: 0.0765941 s
task: 11
worker id: 83932
time create lcl and mol: 0.000330925 s
numbers of trajectories: 3572
time trajectory calculation: 0.0717282 s
task: 12
worker id: 17630
time create lcl and mol: 0.000454903 s
numbers of trajectories: 3571
time trajectory calculation: 0.0739911 s
task: 13
worker id: 14989
time create lcl and mol: 0.000333071 s
numbers of trajectories: 3571
time trajectory calculation: 0.0737178 s
task: 14
worker id: 25541
time create lcl and mol: 0.000391006 s
numbers of trajectories: 3571
time trajectory calculation: 0.0743179 s
task: 15
worker id: 25541
time create lcl and mol: 0.000383854 s
numbers of trajectories: 3571
time trajectory calculation: 0.0751331 s
task: 16
worker id: 66281
time create lcl and mol: 0.000357151 s
numbers of trajectories: 3571
time trajectory calculation: 0.0732899 s
task: 17
worker id: 50670
time create lcl and mol: 0.000361204 s
numbers of trajectories: 3571
time trajectory calculation: 0.0710039 s
task: 18
worker id: 30201
time create lcl and mol: 0.000371933 s
numbers of trajectories: 3571
time trajectory calculation: 0.0727499 s
task: 19
worker id: 30201
time create lcl and mol: 0.000365019 s
numbers of trajectories: 3571
time trajectory calculation: 0.0670609 s
task: 20
worker id: 14989
time create lcl and mol: 0.000355005 s
numbers of trajectories: 3571
time trajectory calculation: 0.070617 s
task: 21
worker id: 17630
time create lcl and mol: 0.000464916 s
numbers of trajectories: 3571
time trajectory calculation: 0.0707891 s
task: 22
worker id: 66281
time create lcl and mol: 0.000354052 s
numbers of trajectories: 3571
time trajectory calculation: 0.0758059 s
task: 23
worker id: 30201
time create lcl and mol: 0.000361919 s
numbers of trajectories: 3571
time trajectory calculation: 0.0731471 s
task: 24
worker id: 17630
time create lcl and mol: 0.000463009 s
numbers of trajectories: 3571
time trajectory calculation: 0.075897 s
task: 25
worker id: 83932
time create lcl and mol: 0.000343084 s
numbers of trajectories: 3571
time trajectory calculation: 0.069478 s
task: 26
worker id: 14989
time create lcl and mol: 0.000378132 s
numbers of trajectories: 3571
time trajectory calculation: 0.0746179 s
task: 27
worker id: 66281
time create lcl and mol: 0.000357866 s
numbers of trajectories: 3571
time trajectory calculation: 0.075227 s
CCS time: 0.40744 s
*********************************************************
average value of CCS = 741.085 Ang^2
error value of CCS = 19.4595 Ang^2
Total time: 0.415204 s
Program finished...
*********************************************************
INPUT:: Simulation Parameters 
*********************************************************
target filename                  : 02_1fd3_carga_3_min.xyz
number of probe                  : 10000
number of iterarions             : 10
number of tasks                  : 28
number of threads                : 24
seed number                      : 2104
gas buffer                       : He
Target Temperature (K)           : 298
timestep (fs)                    : 10
Skin cell size (Ang)             : 0.01
Equipotential                    : no
Cut short-range interaction      : yes
LJ cutoff (Ang)                  : 12
Apply long-range interaction     : yes
Cut long-range interaction       : yes
Coulomb cutoff (Ang)             : 25
Apply induced-dipole interaction : yes
alpha (Ang^3)                    : 0.204956
force_type: 4
*********************************************************
Force Field parameters: 
*********************************************************
Symbol  mass (amu)  epislon (kcal/mol)  sigma(Angstroms) 
C   12.011   0.0309   3.043
N   14.007   0.0309   3.043
H   1.008   0.015   2.38
O   15.999   0.0309   3.043
S   32.06   0.0311   3.5
*********************************************************
MOLECULE:: orientation around the inertia principal axis 
*********************************************************
Inertia matrix a.u. Ang^2: 
{  214906  -11513.4  -42297.4  }
{  -11513.4  310957  44573.5  }
{  -42297.4  44573.5  245138  }
Rotation matrix applied to molecule: 
{  0.242802  -0.833808  -0.495794  }
{  -0.766603  0.148265  -0.62477  }
{  0.594447  0.531773  -0.603201  }
Molecule radius: 19.762 Ang 
orientation time of molecule target: 0.00120997 s
target mass: 4331.23 amu
gas mass: 4.0026 amu
reduce mass: 3.9989 amu
charge state: 2.9988 e
*********************************************************
Geometric Ellipsoid: 
*********************************************************
maximal distances: 10.335  13.5071  18.3765  Ang
Initial axis length: 60.345  63.5171  68.3865  Ang
Ellipsoid axis length: 62.755  65.9271  70.7965  Ang
ellipsoid calculation time: 4.19617e-05 s
maximal impact parameter: 70.7965 Ang
*********************************************************
Linked-cell: 
Numbers of cells: 1452
Nx: 11 Ny: 11 Nz: 12
Filled cells: 14
Empty cells: 1438
Average atoms per cell: 43.3571
Maximum atoms per cell: 173
Minimum atoms per cell: 1
Simulation box: 
lx: 132.11 Ang
ly: 132.11 Ang
lz: 144.12 Ang
linked-cell calculation time: 0.00152516 s
time info: 4.91142e-05 s
*********************************************************
Trajectory calculations 
*********************************************************
out target time: 0.416293 s
Ntraj: 10000
Nfree: 1234
Nscatter: 8766
Nlost: 0
omega: 651.383
Ntraj: 10000
Nfree: 1187
Nscatter: 8812
Nlost: 1
omega: 697.772
Ntraj: 10000
Nfree: 1191
Nscatter: 8809
Nlost: 0
omega: 654.604
Ntraj: 10000
Nfree: 1185
Nscatter: 8815
Nlost: 0
omega: 827.776
Ntraj: 10000
Nfree: 1177
Nscatter: 8823
Nlost: 0
omega: 817.15
Ntraj: 10000
Nfree: 1212
Nscatter: 8788
Nlost: 0
omega: 735.655
Ntraj: 10000
Nfree: 1193
Nscatter: 8807
Nlost: 0
omega: 735.941
Ntraj: 10000
Nfree: 1192
Nscatter: 8808
Nlost: 0
omega: 710.41
Ntraj: 10000
Nfree: 1222
Nscatter: 8778
Nlost: 0
omega: 816.219
Ntraj: 10000
Nfree: 1230
Nscatter: 8770
Nlost: 0
omega: 763.944
*********************************************************
task: 0
worker id: 15077
time create lcl and mol: 0.000375032 s
numbers of trajectories: 3572
time trajectory calculation: 0.0730629 s
task: 1
worker id: 15077
time create lcl and mol: 0.000295877 s
numbers of trajectories: 3572
time trajectory calculation: 0.0784969 s
task: 2
worker id: 66368
time create lcl and mol: 0.000325203 s
numbers of trajectories: 3572
time trajectory calculation: 0.341387 s
task: 3
worker id: 15077
time create lcl and mol: 0.000370979 s
numbers of trajectories: 3572
time trajectory calculation: 0.0789452 s
task: 4
worker id: 17718
time create lcl and mol: 0.000342846 s
numbers of trajectories: 3572
time trajectory calculation: 0.0776381 s
task: 5
worker id: 83607
time create lcl and mol: 0.000330925 s
numbers of trajectories: 3572
time trajectory calculation: 0.0868762 s
task: 6
worker id: 50755
time create lcl and mol: 0.000319958 s
numbers of trajectories: 3572
time trajectory calculation: 0.0791202 s
task: 7
worker id: 25625
time create lcl and mol: 0.000342131 s
numbers of trajectories: 3572
time trajectory calculation: 0.075861 s
task: 8
worker id: 84019
time create lcl and mol: 0.000495911 s
numbers of trajectories: 3572
time trajectory calculation: 0.0794799 s
task: 9
worker id: 30286
time create lcl and mol: 0.000386953 s
numbers of trajectories: 3572
time trajectory calculation: 0.084846 s
task: 10
worker id: 50755
time create lcl and mol: 0.000343084 s
numbers of trajectories: 3572
time trajectory calculation: 0.085639 s
task: 11
worker id: 25625
time create lcl and mol: 0.000326872 s
numbers of trajectories: 3572
time trajectory calculation: 0.0818269 s
task: 12
worker id: 17718
time create lcl and mol: 0.000339985 s
numbers of trajectories: 3571
time trajectory calculation: 0.075361 s
task: 13
worker id: 84019
time create lcl and mol: 0.000344038 s
numbers of trajectories: 3571
time trajectory calculation: 0.084532 s
task: 14
worker id: 17718
time create lcl and mol: 0.000358105 s
numbers of trajectories: 3571
time trajectory calculation: 0.0702419 s
task: 15
worker id: 83607
time create lcl and mol: 0.000365973 s
numbers of trajectories: 3571
time trajectory calculation: 0.073596 s
task: 16
worker id: 30286
time create lcl and mol: 0.000380993 s
numbers of trajectories: 3571
time trajectory calculation: 0.07634 s
task: 17
worker id: 84019
time create lcl and mol: 0.000353098 s
numbers of trajectories: 3571
time trajectory calculation: 0.0741749 s
task: 18
worker id: 50755
time create lcl and mol: 0.000359058 s
numbers of trajectories: 3571
time trajectory calculation: 0.0737069 s
task: 19
worker id: 50755
time create lcl and mol: 0.000358105 s
numbers of trajectories: 3571
time trajectory calculation: 0.06709 s
task: 20
worker id: 17718
time create lcl and mol: 0.000350952 s
numbers of trajectories: 3571
time trajectory calculation: 0.084888 s
task: 21
worker id: 30286
time create lcl and mol: 0.000385046 s
numbers of trajectories: 3571
time trajectory calculation: 0.0750511 s
task: 22
worker id: 15077
time create lcl and mol: 0.00037694 s
numbers of trajectories: 3571
time trajectory calculation: 0.0740921 s
task: 23
worker id: 83607
time create lcl and mol: 0.000365019 s
numbers of trajectories: 3571
time trajectory calculation: 0.0832181 s
task: 24
worker id: 84019
time create lcl and mol: 0.000349998 s
numbers of trajectories: 3571
time trajectory calculation: 0.0772491 s
task: 25
worker id: 83607
time create lcl and mol: 0.000366211 s
numbers of trajectories: 3571
time trajectory calculation: 0.0724959 s
task: 26
worker id: 25625
time create lcl and mol: 0.000349045 s
numbers of trajectories: 3571
time trajectory calculation: 0.0713761 s
task: 27
worker id: 25625
time create lcl and mol: 0.00035882 s
numbers of trajectories: 3571
time trajectory calculation: 0.0732732 s
CCS time: 0.424236 s
*********************************************************
average value of CCS = 741.085 Ang^2
error value of CCS = 19.4595 Ang^2
Total time: 0.43205 s
Program finished...
