*********************************************************
INPUT:: Simulation Parameters 
*********************************************************
target filename                  : 6ola_pH74.xyz
number of probe                  : 10000
number of iterarions             : 10
number of tasks                  : 22
number of threads                : 24
seed number                      : 2104
gas buffer                       : He
Target Temperature (K)           : 298
timestep (fs)                    : 10
Skin cell size (Ang)             : 0.01
Equipotential                    : no
Cut short-range interaction      : yes
LJ cutoff (Ang)                  : 12
Apply long-range interaction     : yes
Cut long-range interaction       : yes
Coulomb cutoff (Ang)             : 25
Apply induced-dipole interaction : yes
alpha (Ang^3)                    : 0.204956
force_type: 4
*********************************************************
Force Field parameters: 
*********************************************************
Symbol  mass (amu)  epislon (kcal/mol)  sigma(Angstroms) 
C   12.011   0.0309   3.043
N   14.007   0.0309   3.043
H   1.008   0.015   2.38
O   15.999   0.0309   3.043
S   32.06   0.0311   3.5
*********************************************************
MOLECULE:: orientation around the inertia principal axis 
*********************************************************
Inertia matrix a.u. Ang^2: 
{  6.20552e+09  146226  304150  }
{  146226  6.20532e+09  -389388  }
{  304150  -389388  6.20531e+09  }
Rotation matrix applied to molecule: 
{  0.581053  -0.406044  0.705341  }
{  -0.403981  0.608439  0.683082  }
{  -0.706518  -0.681851  0.189501  }
Molecule radius: 104.521 Ang 
orientation time of molecule target: 0.464001 s
target mass: 1.38316e+06 amu
gas mass: 4.0026 amu
reduce mass: 4.00259 amu
charge state: 682.99 e
*********************************************************
Geometric Ellipsoid: 
*********************************************************
maximal distances: 104.098  97.6909  104.521  Ang
Initial axis length: 154.108  147.701  154.531  Ang
Ellipsoid axis length: 160.058  153.651  160.481  Ang
ellipsoid calculation time: 0.00130415 s
maximal impact parameter: 160.481 Ang
*********************************************************
Linked-cell: 
Numbers of cells: 18954
Nx: 27 Ny: 26 Nz: 27
Filled cells: 2129
Empty cells: 16825
Average atoms per cell: 91.0113
Maximum atoms per cell: 206
Minimum atoms per cell: 1
Simulation box: 
lx: 324.27 Ang
ly: 312.26 Ang
lz: 324.27 Ang
linked-cell calculation time: 0.0403321 s
time info: 0.00565982 s
*********************************************************
Trajectory calculations 
*********************************************************
out target time: 9.6613 s
Ntraj: 10000
Nfree: 323
Nscatter: 9677
Nlost: 0
omega: 42129.5
Ntraj: 10000
Nfree: 296
Nscatter: 9704
Nlost: 0
omega: 43347.9
Ntraj: 10000
Nfree: 305
Nscatter: 9695
Nlost: 0
omega: 42748.4
Ntraj: 10000
Nfree: 289
Nscatter: 9711
Nlost: 0
omega: 43585.5
Ntraj: 10000
Nfree: 297
Nscatter: 9703
Nlost: 0
omega: 43416.8
Ntraj: 10000
Nfree: 313
Nscatter: 9687
Nlost: 0
omega: 43396.2
Ntraj: 10000
Nfree: 281
Nscatter: 9718
Nlost: 1
omega: 42756.4
Ntraj: 10000
Nfree: 316
Nscatter: 9684
Nlost: 0
omega: 41558.8
Ntraj: 10000
Nfree: 309
Nscatter: 9691
Nlost: 0
omega: 43279.8
Ntraj: 10000
Nfree: 307
Nscatter: 9693
Nlost: 0
omega: 43921.2
*********************************************************
task: 0
worker id: 59418
time create lcl and mol: 0.00817895 s
numbers of trajectories: 4546
time trajectory calculation: 1.86181 s
task: 1
worker id: 67289
time create lcl and mol: 0.00823784 s
numbers of trajectories: 4546
time trajectory calculation: 1.99441 s
task: 2
worker id: 71987
time create lcl and mol: 0.00831199 s
numbers of trajectories: 4546
time trajectory calculation: 1.86688 s
task: 3
worker id: 22601
time create lcl and mol: 0.00823998 s
numbers of trajectories: 4546
time trajectory calculation: 1.92473 s
task: 4
worker id: 92372
time create lcl and mol: 0.00827289 s
numbers of trajectories: 4546
time trajectory calculation: 2.09431 s
task: 5
worker id: 10508
time create lcl and mol: 0.00904298 s
numbers of trajectories: 4546
time trajectory calculation: 1.85336 s
task: 6
worker id: 28168
time create lcl and mol: 0.0084281 s
numbers of trajectories: 4546
time trajectory calculation: 1.84902 s
task: 7
worker id: 67289
time create lcl and mol: 0.00923395 s
numbers of trajectories: 4546
time trajectory calculation: 1.88779 s
task: 8
worker id: 71987
time create lcl and mol: 0.00860405 s
numbers of trajectories: 4546
time trajectory calculation: 1.99939 s
task: 9
worker id: 28168
time create lcl and mol: 0.00927806 s
numbers of trajectories: 4546
time trajectory calculation: 2.4941 s
task: 10
worker id: 59418
time create lcl and mol: 0.00911498 s
numbers of trajectories: 4545
time trajectory calculation: 1.91896 s
task: 11
worker id: 56660
time create lcl and mol: 0.0083251 s
numbers of trajectories: 4545
time trajectory calculation: 1.83499 s
task: 12
worker id: 22601
time create lcl and mol: 0.00859404 s
numbers of trajectories: 4545
time trajectory calculation: 1.89794 s
task: 13
worker id: 22601
time create lcl and mol: 0.00892401 s
numbers of trajectories: 4545
time trajectory calculation: 1.90091 s
task: 14
worker id: 10508
time create lcl and mol: 0.00850606 s
numbers of trajectories: 4545
time trajectory calculation: 5.83506 s
task: 15
worker id: 56660
time create lcl and mol: 0.00814915 s
numbers of trajectories: 4545
time trajectory calculation: 1.87015 s
task: 16
worker id: 10508
time create lcl and mol: 0.00845909 s
numbers of trajectories: 4545
time trajectory calculation: 1.84514 s
task: 17
worker id: 67289
time create lcl and mol: 0.00909305 s
numbers of trajectories: 4545
time trajectory calculation: 1.89926 s
task: 18
worker id: 92372
time create lcl and mol: 0.00855899 s
numbers of trajectories: 4545
time trajectory calculation: 2.5796 s
task: 19
worker id: 59418
time create lcl and mol: 0.00932097 s
numbers of trajectories: 4545
time trajectory calculation: 1.94484 s
task: 20
worker id: 71987
time create lcl and mol: 0.008816 s
numbers of trajectories: 4545
time trajectory calculation: 2.19265 s
task: 21
worker id: 56660
time create lcl and mol: 0.00914097 s
numbers of trajectories: 4545
time trajectory calculation: 1.96814 s
CCS time: 9.67377 s
*********************************************************
average value of CCS = 43014 Ang^2
error value of CCS = 216.26 Ang^2
Total time: 10.1847 s
Program finished...
*********************************************************
INPUT:: Simulation Parameters 
*********************************************************
target filename                  : 6ola_pH74.xyz
number of probe                  : 10000
number of iterarions             : 10
number of tasks                  : 22
number of threads                : 24
seed number                      : 2104
gas buffer                       : He
Target Temperature (K)           : 298
timestep (fs)                    : 10
Skin cell size (Ang)             : 0.01
Equipotential                    : no
Cut short-range interaction      : yes
LJ cutoff (Ang)                  : 12
Apply long-range interaction     : yes
Cut long-range interaction       : yes
Coulomb cutoff (Ang)             : 25
Apply induced-dipole interaction : yes
alpha (Ang^3)                    : 0.204956
force_type: 4
*********************************************************
Force Field parameters: 
*********************************************************
Symbol  mass (amu)  epislon (kcal/mol)  sigma(Angstroms) 
C   12.011   0.0309   3.043
N   14.007   0.0309   3.043
H   1.008   0.015   2.38
O   15.999   0.0309   3.043
S   32.06   0.0311   3.5
*********************************************************
MOLECULE:: orientation around the inertia principal axis 
*********************************************************
Inertia matrix a.u. Ang^2: 
{  6.20552e+09  146226  304150  }
{  146226  6.20532e+09  -389388  }
{  304150  -389388  6.20531e+09  }
Rotation matrix applied to molecule: 
{  0.581053  -0.406044  0.705341  }
{  -0.403981  0.608439  0.683082  }
{  -0.706518  -0.681851  0.189501  }
Molecule radius: 104.521 Ang 
orientation time of molecule target: 0.207797 s
target mass: 1.38316e+06 amu
gas mass: 4.0026 amu
reduce mass: 4.00259 amu
charge state: 682.99 e
*********************************************************
Geometric Ellipsoid: 
*********************************************************
maximal distances: 104.098  97.6909  104.521  Ang
Initial axis length: 154.108  147.701  154.531  Ang
Ellipsoid axis length: 160.058  153.651  160.481  Ang
ellipsoid calculation time: 0.00127101 s
maximal impact parameter: 160.481 Ang
*********************************************************
Linked-cell: 
Numbers of cells: 18954
Nx: 27 Ny: 26 Nz: 27
Filled cells: 2129
Empty cells: 16825
Average atoms per cell: 91.0113
Maximum atoms per cell: 206
Minimum atoms per cell: 1
Simulation box: 
lx: 324.27 Ang
ly: 312.26 Ang
lz: 324.27 Ang
linked-cell calculation time: 0.0403209 s
time info: 0.0055871 s
*********************************************************
Trajectory calculations 
*********************************************************
out target time: 7.65104 s
Ntraj: 10000
Nfree: 323
Nscatter: 9677
Nlost: 0
omega: 42129.5
Ntraj: 10000
Nfree: 296
Nscatter: 9704
Nlost: 0
omega: 43347.9
Ntraj: 10000
Nfree: 305
Nscatter: 9695
Nlost: 0
omega: 42748.4
Ntraj: 10000
Nfree: 289
Nscatter: 9711
Nlost: 0
omega: 43585.5
Ntraj: 10000
Nfree: 297
Nscatter: 9703
Nlost: 0
omega: 43416.8
Ntraj: 10000
Nfree: 313
Nscatter: 9687
Nlost: 0
omega: 43396.2
Ntraj: 10000
Nfree: 281
Nscatter: 9718
Nlost: 1
omega: 42756.4
Ntraj: 10000
Nfree: 316
Nscatter: 9684
Nlost: 0
omega: 41558.8
Ntraj: 10000
Nfree: 309
Nscatter: 9691
Nlost: 0
omega: 43279.8
Ntraj: 10000
Nfree: 307
Nscatter: 9693
Nlost: 0
omega: 43921.2
*********************************************************
task: 0
worker id: 57062
time create lcl and mol: 0.007936 s
numbers of trajectories: 4546
time trajectory calculation: 1.83172 s
task: 1
worker id: 59821
time create lcl and mol: 0.00832796 s
numbers of trajectories: 4546
time trajectory calculation: 1.96927 s
task: 2
worker id: 10914
time create lcl and mol: 0.00922084 s
numbers of trajectories: 4546
time trajectory calculation: 1.89555 s
task: 3
worker id: 23016
time create lcl and mol: 0.00813985 s
numbers of trajectories: 4546
time trajectory calculation: 1.88511 s
task: 4
worker id: 10914
time create lcl and mol: 0.00836802 s
numbers of trajectories: 4546
time trajectory calculation: 1.93897 s
task: 5
worker id: 28569
time create lcl and mol: 0.00846004 s
numbers of trajectories: 4546
time trajectory calculation: 1.86445 s
task: 6
worker id: 72393
time create lcl and mol: 0.00809789 s
numbers of trajectories: 4546
time trajectory calculation: 1.91895 s
task: 7
worker id: 92775
time create lcl and mol: 0.00827909 s
numbers of trajectories: 4546
time trajectory calculation: 1.94586 s
task: 8
worker id: 67689
time create lcl and mol: 0.00837016 s
numbers of trajectories: 4546
time trajectory calculation: 1.95322 s
task: 9
worker id: 28569
time create lcl and mol: 0.00884795 s
numbers of trajectories: 4546
time trajectory calculation: 2.50332 s
task: 10
worker id: 10914
time create lcl and mol: 0.00858688 s
numbers of trajectories: 4545
time trajectory calculation: 1.88444 s
task: 11
worker id: 72393
time create lcl and mol: 0.00928497 s
numbers of trajectories: 4545
time trajectory calculation: 1.88945 s
task: 12
worker id: 23016
time create lcl and mol: 0.008744 s
numbers of trajectories: 4545
time trajectory calculation: 1.91657 s
task: 13
worker id: 28569
time create lcl and mol: 0.00815797 s
numbers of trajectories: 4545
time trajectory calculation: 1.91358 s
task: 14
worker id: 57062
time create lcl and mol: 0.00931907 s
numbers of trajectories: 4545
time trajectory calculation: 5.73136 s
task: 15
worker id: 23016
time create lcl and mol: 0.00949502 s
numbers of trajectories: 4545
time trajectory calculation: 1.82661 s
task: 16
worker id: 72393
time create lcl and mol: 0.00888419 s
numbers of trajectories: 4545
time trajectory calculation: 1.80413 s
task: 17
worker id: 67689
time create lcl and mol: 0.00910783 s
numbers of trajectories: 4545
time trajectory calculation: 1.85957 s
task: 18
worker id: 92775
time create lcl and mol: 0.00914693 s
numbers of trajectories: 4545
time trajectory calculation: 2.59622 s
task: 19
worker id: 67689
time create lcl and mol: 0.00895214 s
numbers of trajectories: 4545
time trajectory calculation: 1.87163 s
task: 20
worker id: 59821
time create lcl and mol: 0.00917602 s
numbers of trajectories: 4545
time trajectory calculation: 2.24638 s
task: 21
worker id: 59821
time create lcl and mol: 0.00907183 s
numbers of trajectories: 4545
time trajectory calculation: 1.98756 s
CCS time: 7.6635 s
*********************************************************
average value of CCS = 43014 Ang^2
error value of CCS = 216.26 Ang^2
Total time: 7.91783 s
Program finished...
*********************************************************
INPUT:: Simulation Parameters 
*********************************************************
target filename                  : 6ola_pH74.xyz
number of probe                  : 10000
number of iterarions             : 10
number of tasks                  : 22
number of threads                : 24
seed number                      : 2104
gas buffer                       : He
Target Temperature (K)           : 298
timestep (fs)                    : 10
Skin cell size (Ang)             : 0.01
Equipotential                    : no
Cut short-range interaction      : yes
LJ cutoff (Ang)                  : 12
Apply long-range interaction     : yes
Cut long-range interaction       : yes
Coulomb cutoff (Ang)             : 25
Apply induced-dipole interaction : yes
alpha (Ang^3)                    : 0.204956
force_type: 4
*********************************************************
Force Field parameters: 
*********************************************************
Symbol  mass (amu)  epislon (kcal/mol)  sigma(Angstroms) 
C   12.011   0.0309   3.043
N   14.007   0.0309   3.043
H   1.008   0.015   2.38
O   15.999   0.0309   3.043
S   32.06   0.0311   3.5
*********************************************************
MOLECULE:: orientation around the inertia principal axis 
*********************************************************
Inertia matrix a.u. Ang^2: 
{  6.20552e+09  146226  304150  }
{  146226  6.20532e+09  -389388  }
{  304150  -389388  6.20531e+09  }
Rotation matrix applied to molecule: 
{  0.581053  -0.406044  0.705341  }
{  -0.403981  0.608439  0.683082  }
{  -0.706518  -0.681851  0.189501  }
Molecule radius: 104.521 Ang 
orientation time of molecule target: 0.208168 s
target mass: 1.38316e+06 amu
gas mass: 4.0026 amu
reduce mass: 4.00259 amu
charge state: 682.99 e
*********************************************************
Geometric Ellipsoid: 
*********************************************************
maximal distances: 104.098  97.6909  104.521  Ang
Initial axis length: 154.108  147.701  154.531  Ang
Ellipsoid axis length: 160.058  153.651  160.481  Ang
ellipsoid calculation time: 0.00120783 s
maximal impact parameter: 160.481 Ang
*********************************************************
Linked-cell: 
Numbers of cells: 18954
Nx: 27 Ny: 26 Nz: 27
Filled cells: 2129
Empty cells: 16825
Average atoms per cell: 91.0113
Maximum atoms per cell: 206
Minimum atoms per cell: 1
Simulation box: 
lx: 324.27 Ang
ly: 312.26 Ang
lz: 324.27 Ang
linked-cell calculation time: 0.0405588 s
time info: 0.00587296 s
*********************************************************
Trajectory calculations 
*********************************************************
out target time: 9.64982 s
Ntraj: 10000
Nfree: 323
Nscatter: 9677
Nlost: 0
omega: 42129.5
Ntraj: 10000
Nfree: 296
Nscatter: 9704
Nlost: 0
omega: 43347.9
Ntraj: 10000
Nfree: 305
Nscatter: 9695
Nlost: 0
omega: 42748.4
Ntraj: 10000
Nfree: 289
Nscatter: 9711
Nlost: 0
omega: 43585.5
Ntraj: 10000
Nfree: 297
Nscatter: 9703
Nlost: 0
omega: 43416.8
Ntraj: 10000
Nfree: 313
Nscatter: 9687
Nlost: 0
omega: 43396.2
Ntraj: 10000
Nfree: 281
Nscatter: 9718
Nlost: 1
omega: 42756.4
Ntraj: 10000
Nfree: 316
Nscatter: 9684
Nlost: 0
omega: 41558.8
Ntraj: 10000
Nfree: 309
Nscatter: 9691
Nlost: 0
omega: 43279.8
Ntraj: 10000
Nfree: 307
Nscatter: 9693
Nlost: 0
omega: 43921.2
*********************************************************
task: 0
worker id: 57460
time create lcl and mol: 0.00820303 s
numbers of trajectories: 4546
time trajectory calculation: 1.83688 s
task: 1
worker id: 11312
time create lcl and mol: 0.00862789 s
numbers of trajectories: 4546
time trajectory calculation: 1.97724 s
task: 2
worker id: 72794
time create lcl and mol: 0.00868893 s
numbers of trajectories: 4546
time trajectory calculation: 1.90445 s
task: 3
worker id: 93183
time create lcl and mol: 0.00870609 s
numbers of trajectories: 4546
time trajectory calculation: 1.83946 s
task: 4
worker id: 57460
time create lcl and mol: 0.0105169 s
numbers of trajectories: 4546
time trajectory calculation: 2.07708 s
task: 5
worker id: 93183
time create lcl and mol: 0.00808001 s
numbers of trajectories: 4546
time trajectory calculation: 1.81273 s
task: 6
worker id: 72794
time create lcl and mol: 0.00805402 s
numbers of trajectories: 4546
time trajectory calculation: 1.87491 s
task: 7
worker id: 60222
time create lcl and mol: 0.00843191 s
numbers of trajectories: 4546
time trajectory calculation: 1.86817 s
task: 8
worker id: 23431
time create lcl and mol: 0.00820708 s
numbers of trajectories: 4546
time trajectory calculation: 1.95276 s
task: 9
worker id: 28969
time create lcl and mol: 0.00854611 s
numbers of trajectories: 4546
time trajectory calculation: 2.4953 s
task: 10
worker id: 68095
time create lcl and mol: 0.00875306 s
numbers of trajectories: 4545
time trajectory calculation: 1.9221 s
task: 11
worker id: 11312
time create lcl and mol: 0.0081861 s
numbers of trajectories: 4545
time trajectory calculation: 1.87856 s
task: 12
worker id: 23431
time create lcl and mol: 0.0102801 s
numbers of trajectories: 4545
time trajectory calculation: 1.89562 s
task: 13
worker id: 68095
time create lcl and mol: 0.00899696 s
numbers of trajectories: 4545
time trajectory calculation: 1.89002 s
task: 14
worker id: 68095
time create lcl and mol: 0.010159 s
numbers of trajectories: 4545
time trajectory calculation: 5.7177 s
task: 15
worker id: 93183
time create lcl and mol: 0.0105579 s
numbers of trajectories: 4545
time trajectory calculation: 1.88015 s
task: 16
worker id: 57460
time create lcl and mol: 0.00890899 s
numbers of trajectories: 4545
time trajectory calculation: 1.82621 s
task: 17
worker id: 23431
time create lcl and mol: 0.00881696 s
numbers of trajectories: 4545
time trajectory calculation: 1.87793 s
task: 18
worker id: 60222
time create lcl and mol: 0.00911379 s
numbers of trajectories: 4545
time trajectory calculation: 2.53705 s
task: 19
worker id: 72794
time create lcl and mol: 0.0100992 s
numbers of trajectories: 4545
time trajectory calculation: 1.91292 s
task: 20
worker id: 11312
time create lcl and mol: 0.00925589 s
numbers of trajectories: 4545
time trajectory calculation: 2.1916 s
task: 21
worker id: 28969
time create lcl and mol: 0.0083499 s
numbers of trajectories: 4545
time trajectory calculation: 1.97907 s
CCS time: 9.66249 s
*********************************************************
average value of CCS = 43014 Ang^2
error value of CCS = 216.26 Ang^2
Total time: 9.91707 s
Program finished...
*********************************************************
INPUT:: Simulation Parameters 
*********************************************************
target filename                  : 6ola_pH74.xyz
number of probe                  : 10000
number of iterarions             : 10
number of tasks                  : 22
number of threads                : 24
seed number                      : 2104
gas buffer                       : He
Target Temperature (K)           : 298
timestep (fs)                    : 10
Skin cell size (Ang)             : 0.01
Equipotential                    : no
Cut short-range interaction      : yes
LJ cutoff (Ang)                  : 12
Apply long-range interaction     : yes
Cut long-range interaction       : yes
Coulomb cutoff (Ang)             : 25
Apply induced-dipole interaction : yes
alpha (Ang^3)                    : 0.204956
force_type: 4
*********************************************************
Force Field parameters: 
*********************************************************
Symbol  mass (amu)  epislon (kcal/mol)  sigma(Angstroms) 
C   12.011   0.0309   3.043
N   14.007   0.0309   3.043
H   1.008   0.015   2.38
O   15.999   0.0309   3.043
S   32.06   0.0311   3.5
*********************************************************
MOLECULE:: orientation around the inertia principal axis 
*********************************************************
Inertia matrix a.u. Ang^2: 
{  6.20552e+09  146226  304150  }
{  146226  6.20532e+09  -389388  }
{  304150  -389388  6.20531e+09  }
Rotation matrix applied to molecule: 
{  0.581053  -0.406044  0.705341  }
{  -0.403981  0.608439  0.683082  }
{  -0.706518  -0.681851  0.189501  }
Molecule radius: 104.521 Ang 
orientation time of molecule target: 0.205907 s
target mass: 1.38316e+06 amu
gas mass: 4.0026 amu
reduce mass: 4.00259 amu
charge state: 682.99 e
*********************************************************
Geometric Ellipsoid: 
*********************************************************
maximal distances: 104.098  97.6909  104.521  Ang
Initial axis length: 154.108  147.701  154.531  Ang
Ellipsoid axis length: 160.058  153.651  160.481  Ang
ellipsoid calculation time: 0.0012188 s
maximal impact parameter: 160.481 Ang
*********************************************************
Linked-cell: 
Numbers of cells: 18954
Nx: 27 Ny: 26 Nz: 27
Filled cells: 2129
Empty cells: 16825
Average atoms per cell: 91.0113
Maximum atoms per cell: 206
Minimum atoms per cell: 1
Simulation box: 
lx: 324.27 Ang
ly: 312.26 Ang
lz: 324.27 Ang
linked-cell calculation time: 0.040107 s
time info: 0.00575995 s
*********************************************************
Trajectory calculations 
*********************************************************
out target time: 9.87207 s
Ntraj: 10000
Nfree: 323
Nscatter: 9677
Nlost: 0
omega: 42129.5
Ntraj: 10000
Nfree: 296
Nscatter: 9704
Nlost: 0
omega: 43347.9
Ntraj: 10000
Nfree: 305
Nscatter: 9695
Nlost: 0
omega: 42748.4
Ntraj: 10000
Nfree: 289
Nscatter: 9711
Nlost: 0
omega: 43585.5
Ntraj: 10000
Nfree: 297
Nscatter: 9703
Nlost: 0
omega: 43416.8
Ntraj: 10000
Nfree: 313
Nscatter: 9687
Nlost: 0
omega: 43396.2
Ntraj: 10000
Nfree: 281
Nscatter: 9718
Nlost: 1
omega: 42756.4
Ntraj: 10000
Nfree: 316
Nscatter: 9684
Nlost: 0
omega: 41558.8
Ntraj: 10000
Nfree: 309
Nscatter: 9691
Nlost: 0
omega: 43279.8
Ntraj: 10000
Nfree: 307
Nscatter: 9693
Nlost: 0
omega: 43921.2
*********************************************************
task: 0
worker id: 93601
time create lcl and mol: 0.00827003 s
numbers of trajectories: 4546
time trajectory calculation: 1.86638 s
task: 1
worker id: 29386
time create lcl and mol: 0.00831604 s
numbers of trajectories: 4546
time trajectory calculation: 1.99828 s
task: 2
worker id: 93601
time create lcl and mol: 0.00933313 s
numbers of trajectories: 4546
time trajectory calculation: 1.92356 s
task: 3
worker id: 23864
time create lcl and mol: 0.00809002 s
numbers of trajectories: 4546
time trajectory calculation: 1.88783 s
task: 4
worker id: 60645
time create lcl and mol: 0.00817323 s
numbers of trajectories: 4546
time trajectory calculation: 2.01741 s
task: 5
worker id: 60645
time create lcl and mol: 0.00882983 s
numbers of trajectories: 4546
time trajectory calculation: 1.92511 s
task: 6
worker id: 11736
time create lcl and mol: 0.008564 s
numbers of trajectories: 4546
time trajectory calculation: 1.852 s
task: 7
worker id: 57879
time create lcl and mol: 0.00805402 s
numbers of trajectories: 4546
time trajectory calculation: 1.9087 s
task: 8
worker id: 68508
time create lcl and mol: 0.00813699 s
numbers of trajectories: 4546
time trajectory calculation: 1.92088 s
task: 9
worker id: 73216
time create lcl and mol: 0.00813103 s
numbers of trajectories: 4546
time trajectory calculation: 2.43642 s
task: 10
worker id: 60645
time create lcl and mol: 0.00919008 s
numbers of trajectories: 4545
time trajectory calculation: 1.92088 s
task: 11
worker id: 93601
time create lcl and mol: 0.00889492 s
numbers of trajectories: 4545
time trajectory calculation: 1.84357 s
task: 12
worker id: 11736
time create lcl and mol: 0.00921392 s
numbers of trajectories: 4545
time trajectory calculation: 1.89968 s
task: 13
worker id: 57879
time create lcl and mol: 0.00932407 s
numbers of trajectories: 4545
time trajectory calculation: 1.92613 s
task: 14
worker id: 68508
time create lcl and mol: 0.0088222 s
numbers of trajectories: 4545
time trajectory calculation: 5.92297 s
task: 15
worker id: 57879
time create lcl and mol: 0.00880599 s
numbers of trajectories: 4545
time trajectory calculation: 1.86067 s
task: 16
worker id: 11736
time create lcl and mol: 0.00913787 s
numbers of trajectories: 4545
time trajectory calculation: 1.85989 s
task: 17
worker id: 73216
time create lcl and mol: 0.0082171 s
numbers of trajectories: 4545
time trajectory calculation: 1.89041 s
task: 18
worker id: 23864
time create lcl and mol: 0.00864291 s
numbers of trajectories: 4545
time trajectory calculation: 2.57894 s
task: 19
worker id: 68508
time create lcl and mol: 0.00872803 s
numbers of trajectories: 4545
time trajectory calculation: 1.91011 s
task: 20
worker id: 29386
time create lcl and mol: 0.00924301 s
numbers of trajectories: 4545
time trajectory calculation: 2.19863 s
task: 21
worker id: 29386
time create lcl and mol: 0.00856113 s
numbers of trajectories: 4545
time trajectory calculation: 1.9339 s
CCS time: 9.88474 s
*********************************************************
average value of CCS = 43014 Ang^2
error value of CCS = 216.26 Ang^2
Total time: 10.1368 s
Program finished...
*********************************************************
INPUT:: Simulation Parameters 
*********************************************************
target filename                  : 6ola_pH74.xyz
number of probe                  : 10000
number of iterarions             : 10
number of tasks                  : 22
number of threads                : 24
seed number                      : 2104
gas buffer                       : He
Target Temperature (K)           : 298
timestep (fs)                    : 10
Skin cell size (Ang)             : 0.01
Equipotential                    : no
Cut short-range interaction      : yes
LJ cutoff (Ang)                  : 12
Apply long-range interaction     : yes
Cut long-range interaction       : yes
Coulomb cutoff (Ang)             : 25
Apply induced-dipole interaction : yes
alpha (Ang^3)                    : 0.204956
force_type: 4
*********************************************************
Force Field parameters: 
*********************************************************
Symbol  mass (amu)  epislon (kcal/mol)  sigma(Angstroms) 
C   12.011   0.0309   3.043
N   14.007   0.0309   3.043
H   1.008   0.015   2.38
O   15.999   0.0309   3.043
S   32.06   0.0311   3.5
*********************************************************
MOLECULE:: orientation around the inertia principal axis 
*********************************************************
Inertia matrix a.u. Ang^2: 
{  6.20552e+09  146226  304150  }
{  146226  6.20532e+09  -389388  }
{  304150  -389388  6.20531e+09  }
Rotation matrix applied to molecule: 
{  0.581053  -0.406044  0.705341  }
{  -0.403981  0.608439  0.683082  }
{  -0.706518  -0.681851  0.189501  }
Molecule radius: 104.521 Ang 
orientation time of molecule target: 0.206056 s
target mass: 1.38316e+06 amu
gas mass: 4.0026 amu
reduce mass: 4.00259 amu
charge state: 682.99 e
*********************************************************
Geometric Ellipsoid: 
*********************************************************
maximal distances: 104.098  97.6909  104.521  Ang
Initial axis length: 154.108  147.701  154.531  Ang
Ellipsoid axis length: 160.058  153.651  160.481  Ang
ellipsoid calculation time: 0.00121689 s
maximal impact parameter: 160.481 Ang
*********************************************************
Linked-cell: 
Numbers of cells: 18954
Nx: 27 Ny: 26 Nz: 27
Filled cells: 2129
Empty cells: 16825
Average atoms per cell: 91.0113
Maximum atoms per cell: 206
Minimum atoms per cell: 1
Simulation box: 
lx: 324.27 Ang
ly: 312.26 Ang
lz: 324.27 Ang
linked-cell calculation time: 0.040107 s
time info: 0.00576305 s
*********************************************************
Trajectory calculations 
*********************************************************
out target time: 9.76433 s
Ntraj: 10000
Nfree: 323
Nscatter: 9677
Nlost: 0
omega: 42129.5
Ntraj: 10000
Nfree: 296
Nscatter: 9704
Nlost: 0
omega: 43347.9
Ntraj: 10000
Nfree: 305
Nscatter: 9695
Nlost: 0
omega: 42748.4
Ntraj: 10000
Nfree: 289
Nscatter: 9711
Nlost: 0
omega: 43585.5
Ntraj: 10000
Nfree: 297
Nscatter: 9703
Nlost: 0
omega: 43416.8
Ntraj: 10000
Nfree: 313
Nscatter: 9687
Nlost: 0
omega: 43396.2
Ntraj: 10000
Nfree: 281
Nscatter: 9718
Nlost: 1
omega: 42756.4
Ntraj: 10000
Nfree: 316
Nscatter: 9684
Nlost: 0
omega: 41558.8
Ntraj: 10000
Nfree: 309
Nscatter: 9691
Nlost: 0
omega: 43279.8
Ntraj: 10000
Nfree: 307
Nscatter: 9693
Nlost: 0
omega: 43921.2
*********************************************************
task: 0
worker id: 24277
time create lcl and mol: 0.00815701 s
numbers of trajectories: 4546
time trajectory calculation: 1.95488 s
task: 1
worker id: 94001
time create lcl and mol: 0.00804496 s
numbers of trajectories: 4546
time trajectory calculation: 2.04685 s
task: 2
worker id: 61046
time create lcl and mol: 0.00925899 s
numbers of trajectories: 4546
time trajectory calculation: 1.89771 s
task: 3
worker id: 61046
time create lcl and mol: 0.00822401 s
numbers of trajectories: 4546
time trajectory calculation: 1.9029 s
task: 4
worker id: 68910
time create lcl and mol: 0.0081408 s
numbers of trajectories: 4546
time trajectory calculation: 2.08971 s
task: 5
worker id: 94001
time create lcl and mol: 0.00942898 s
numbers of trajectories: 4546
time trajectory calculation: 1.89545 s
task: 6
worker id: 29787
time create lcl and mol: 0.00834298 s
numbers of trajectories: 4546
time trajectory calculation: 1.87869 s
task: 7
worker id: 73615
time create lcl and mol: 0.00818086 s
numbers of trajectories: 4546
time trajectory calculation: 1.95454 s
task: 8
worker id: 68910
time create lcl and mol: 0.00876284 s
numbers of trajectories: 4546
time trajectory calculation: 1.9512 s
task: 9
worker id: 29787
time create lcl and mol: 0.00966406 s
numbers of trajectories: 4546
time trajectory calculation: 2.49982 s
task: 10
worker id: 58279
time create lcl and mol: 0.00892305 s
numbers of trajectories: 4545
time trajectory calculation: 1.92372 s
task: 11
worker id: 24277
time create lcl and mol: 0.0092051 s
numbers of trajectories: 4545
time trajectory calculation: 1.88293 s
task: 12
worker id: 94001
time create lcl and mol: 0.00909591 s
numbers of trajectories: 4545
time trajectory calculation: 1.89788 s
task: 13
worker id: 12140
time create lcl and mol: 0.00838709 s
numbers of trajectories: 4545
time trajectory calculation: 1.91693 s
task: 14
worker id: 58279
time create lcl and mol: 0.00900602 s
numbers of trajectories: 4545
time trajectory calculation: 5.82693 s
task: 15
worker id: 68910
time create lcl and mol: 0.00888085 s
numbers of trajectories: 4545
time trajectory calculation: 1.8657 s
task: 16
worker id: 61046
time create lcl and mol: 0.00875211 s
numbers of trajectories: 4545
time trajectory calculation: 1.82987 s
task: 17
worker id: 58279
time create lcl and mol: 0.0081439 s
numbers of trajectories: 4545
time trajectory calculation: 1.90018 s
task: 18
worker id: 12140
time create lcl and mol: 0.0085032 s
numbers of trajectories: 4545
time trajectory calculation: 2.54803 s
task: 19
worker id: 73615
time create lcl and mol: 0.00896692 s
numbers of trajectories: 4545
time trajectory calculation: 1.90953 s
task: 20
worker id: 73615
time create lcl and mol: 0.00851011 s
numbers of trajectories: 4545
time trajectory calculation: 2.13185 s
task: 21
worker id: 24277
time create lcl and mol: 0.00917006 s
numbers of trajectories: 4545
time trajectory calculation: 1.98715 s
CCS time: 9.7774 s
*********************************************************
average value of CCS = 43014 Ang^2
error value of CCS = 216.26 Ang^2
Total time: 10.0296 s
Program finished...
