*********************************************************
INPUT:: Simulation Parameters 
*********************************************************
target filename                  : 10_4avt_carga_31_min.xyz
number of probe                  : 10000
number of iterarions             : 10
number of tasks                  : 28
number of threads                : 24
seed number                      : 2104
gas buffer                       : He
Target Temperature (K)           : 298
timestep (fs)                    : 10
Skin cell size (Ang)             : 0.01
Equipotential                    : no
Cut short-range interaction      : yes
LJ cutoff (Ang)                  : 12
Apply long-range interaction     : yes
Cut long-range interaction       : yes
Coulomb cutoff (Ang)             : 25
Apply induced-dipole interaction : yes
alpha (Ang^3)                    : 0.204956
force_type: 4
*********************************************************
Force Field parameters: 
*********************************************************
Symbol  mass (amu)  epislon (kcal/mol)  sigma(Angstroms) 
C   12.011   0.0309   3.043
N   14.007   0.0309   3.043
H   1.008   0.015   2.38
O   15.999   0.0309   3.043
S   32.06   0.0311   3.5
*********************************************************
MOLECULE:: orientation around the inertia principal axis 
*********************************************************
Inertia matrix a.u. Ang^2: 
{  2.29035e+08  -1.13344e+07  8.2053e+06  }
{  -1.13344e+07  2.50171e+08  -1.78791e+07  }
{  8.2053e+06  -1.78791e+07  2.38415e+08  }
Rotation matrix applied to molecule: 
{  0.337034  -0.762644  0.552071  }
{  0.941493  0.272859  -0.197838  }
{  0.000241967  0.586449  0.809986  }
Molecule radius: 60.1159 Ang 
orientation time of molecule target: 0.130531 s
target mass: 232455 amu
gas mass: 4.0026 amu
reduce mass: 4.00253 amu
charge state: 31 e
*********************************************************
Geometric Ellipsoid: 
*********************************************************
maximal distances: 40.6569  53.3921  53.9199  Ang
Initial axis length: 90.6669  103.402  103.93  Ang
Ellipsoid axis length: 100.197  112.932  113.46  Ang
ellipsoid calculation time: 0.000248194 s
maximal impact parameter: 113.46 Ang
*********************************************************
Linked-cell: 
Numbers of cells: 6137
Nx: 17 Ny: 19 Nz: 19
Filled cells: 391
Empty cells: 5746
Average atoms per cell: 83.821
Maximum atoms per cell: 216
Minimum atoms per cell: 1
Simulation box: 
lx: 204.17 Ang
ly: 228.19 Ang
lz: 228.19 Ang
linked-cell calculation time: 0.00910592 s
time info: 0.00104809 s
*********************************************************
Trajectory calculations 
*********************************************************
out target time: 13.2303 s
Ntraj: 10000
Nfree: 838
Nscatter: 9137
Nlost: 25
omega: 11078.5
Ntraj: 10000
Nfree: 786
Nscatter: 9191
Nlost: 23
omega: 11249.8
Ntraj: 10000
Nfree: 820
Nscatter: 9146
Nlost: 34
omega: 11245.7
Ntraj: 10000
Nfree: 801
Nscatter: 9173
Nlost: 26
omega: 11694.4
Ntraj: 10000
Nfree: 805
Nscatter: 9169
Nlost: 26
omega: 11291.2
Ntraj: 10000
Nfree: 828
Nscatter: 9153
Nlost: 19
omega: 11427
Ntraj: 10000
Nfree: 808
Nscatter: 9170
Nlost: 22
omega: 11277.6
Ntraj: 10000
Nfree: 776
Nscatter: 9211
Nlost: 13
omega: 11054
Ntraj: 10000
Nfree: 849
Nscatter: 9117
Nlost: 34
omega: 11704.3
Ntraj: 10000
Nfree: 851
Nscatter: 9122
Nlost: 27
omega: 11680.8
*********************************************************
task: 0
worker id: 10373
time create lcl and mol: 0.00204206 s
numbers of trajectories: 3572
time trajectory calculation: 3.1951 s
task: 1
worker id: 48457
time create lcl and mol: 0.00215888 s
numbers of trajectories: 3572
time trajectory calculation: 3.64132 s
task: 2
worker id: 40504
time create lcl and mol: 0.00199699 s
numbers of trajectories: 3572
time trajectory calculation: 3.41909 s
task: 3
worker id: 53069
time create lcl and mol: 0.00193286 s
numbers of trajectories: 3572
time trajectory calculation: 2.2588 s
task: 4
worker id: 40504
time create lcl and mol: 0.002249 s
numbers of trajectories: 3572
time trajectory calculation: 3.35308 s
task: 5
worker id: 73522
time create lcl and mol: 0.00206709 s
numbers of trajectories: 3572
time trajectory calculation: 4.19466 s
task: 6
worker id: 40504
time create lcl and mol: 0.00218892 s
numbers of trajectories: 3572
time trajectory calculation: 3.80817 s
task: 7
worker id: 37855
time create lcl and mol: 0.00215292 s
numbers of trajectories: 3572
time trajectory calculation: 2.98585 s
task: 8
worker id: 48457
time create lcl and mol: 0.00204921 s
numbers of trajectories: 3572
time trajectory calculation: 3.05279 s
task: 9
worker id: 37855
time create lcl and mol: 0.00208521 s
numbers of trajectories: 3572
time trajectory calculation: 2.71408 s
task: 10
worker id: 10373
time create lcl and mol: 0.00211811 s
numbers of trajectories: 3572
time trajectory calculation: 3.79377 s
task: 11
worker id: 37855
time create lcl and mol: 0.00208402 s
numbers of trajectories: 3572
time trajectory calculation: 3.24883 s
task: 12
worker id: 73522
time create lcl and mol: 0.00208211 s
numbers of trajectories: 3571
time trajectory calculation: 2.87123 s
task: 13
worker id: 89148
time create lcl and mol: 0.00202608 s
numbers of trajectories: 3571
time trajectory calculation: 4.22998 s
task: 14
worker id: 9241
time create lcl and mol: 0.00204396 s
numbers of trajectories: 3571
time trajectory calculation: 2.77444 s
task: 15
worker id: 40504
time create lcl and mol: 0.00210404 s
numbers of trajectories: 3571
time trajectory calculation: 2.53991 s
task: 16
worker id: 10373
time create lcl and mol: 0.00197005 s
numbers of trajectories: 3571
time trajectory calculation: 3.59205 s
task: 17
worker id: 89148
time create lcl and mol: 0.00226593 s
numbers of trajectories: 3571
time trajectory calculation: 2.43938 s
task: 18
worker id: 73522
time create lcl and mol: 0.00225711 s
numbers of trajectories: 3571
time trajectory calculation: 2.91405 s
task: 19
worker id: 89148
time create lcl and mol: 0.00222301 s
numbers of trajectories: 3571
time trajectory calculation: 2.99885 s
task: 20
worker id: 89148
time create lcl and mol: 0.00208998 s
numbers of trajectories: 3571
time trajectory calculation: 2.35847 s
task: 21
worker id: 53069
time create lcl and mol: 0.00217605 s
numbers of trajectories: 3571
time trajectory calculation: 2.96734 s
task: 22
worker id: 37855
time create lcl and mol: 0.00216794 s
numbers of trajectories: 3571
time trajectory calculation: 3.16765 s
task: 23
worker id: 9241
time create lcl and mol: 0.00221491 s
numbers of trajectories: 3571
time trajectory calculation: 4.62169 s
task: 24
worker id: 9241
time create lcl and mol: 0.00220513 s
numbers of trajectories: 3571
time trajectory calculation: 3.05275 s
task: 25
worker id: 53069
time create lcl and mol: 0.00208116 s
numbers of trajectories: 3571
time trajectory calculation: 4.59509 s
task: 26
worker id: 53069
time create lcl and mol: 0.00203896 s
numbers of trajectories: 3571
time trajectory calculation: 3.13408 s
task: 27
worker id: 48457
time create lcl and mol: 0.00209594 s
numbers of trajectories: 3571
time trajectory calculation: 3.48091 s
CCS time: 13.2388 s
*********************************************************
average value of CCS = 11370.3 Ang^2
error value of CCS = 73.9111 Ang^2
Total time: 13.3839 s
Program finished...
*********************************************************
INPUT:: Simulation Parameters 
*********************************************************
target filename                  : 10_4avt_carga_31_min.xyz
number of probe                  : 10000
number of iterarions             : 10
number of tasks                  : 28
number of threads                : 24
seed number                      : 2104
gas buffer                       : He
Target Temperature (K)           : 298
timestep (fs)                    : 10
Skin cell size (Ang)             : 0.01
Equipotential                    : no
Cut short-range interaction      : yes
LJ cutoff (Ang)                  : 12
Apply long-range interaction     : yes
Cut long-range interaction       : yes
Coulomb cutoff (Ang)             : 25
Apply induced-dipole interaction : yes
alpha (Ang^3)                    : 0.204956
force_type: 4
*********************************************************
Force Field parameters: 
*********************************************************
Symbol  mass (amu)  epislon (kcal/mol)  sigma(Angstroms) 
C   12.011   0.0309   3.043
N   14.007   0.0309   3.043
H   1.008   0.015   2.38
O   15.999   0.0309   3.043
S   32.06   0.0311   3.5
*********************************************************
MOLECULE:: orientation around the inertia principal axis 
*********************************************************
Inertia matrix a.u. Ang^2: 
{  2.29035e+08  -1.13344e+07  8.2053e+06  }
{  -1.13344e+07  2.50171e+08  -1.78791e+07  }
{  8.2053e+06  -1.78791e+07  2.38415e+08  }
Rotation matrix applied to molecule: 
{  0.337034  -0.762644  0.552071  }
{  0.941493  0.272859  -0.197838  }
{  0.000241967  0.586449  0.809986  }
Molecule radius: 60.1159 Ang 
orientation time of molecule target: 0.032613 s
target mass: 232455 amu
gas mass: 4.0026 amu
reduce mass: 4.00253 amu
charge state: 31 e
*********************************************************
Geometric Ellipsoid: 
*********************************************************
maximal distances: 40.6569  53.3921  53.9199  Ang
Initial axis length: 90.6669  103.402  103.93  Ang
Ellipsoid axis length: 100.197  112.932  113.46  Ang
ellipsoid calculation time: 0.000246048 s
maximal impact parameter: 113.46 Ang
*********************************************************
Linked-cell: 
Numbers of cells: 6137
Nx: 17 Ny: 19 Nz: 19
Filled cells: 391
Empty cells: 5746
Average atoms per cell: 83.821
Maximum atoms per cell: 216
Minimum atoms per cell: 1
Simulation box: 
lx: 204.17 Ang
ly: 228.19 Ang
lz: 228.19 Ang
linked-cell calculation time: 0.00964093 s
time info: 0.0012629 s
*********************************************************
Trajectory calculations 
*********************************************************
out target time: 13.117 s
Ntraj: 10000
Nfree: 838
Nscatter: 9137
Nlost: 25
omega: 11078.5
Ntraj: 10000
Nfree: 786
Nscatter: 9191
Nlost: 23
omega: 11249.8
Ntraj: 10000
Nfree: 820
Nscatter: 9146
Nlost: 34
omega: 11245.7
Ntraj: 10000
Nfree: 801
Nscatter: 9173
Nlost: 26
omega: 11694.4
Ntraj: 10000
Nfree: 805
Nscatter: 9169
Nlost: 26
omega: 11291.2
Ntraj: 10000
Nfree: 828
Nscatter: 9153
Nlost: 19
omega: 11427
Ntraj: 10000
Nfree: 808
Nscatter: 9170
Nlost: 22
omega: 11277.6
Ntraj: 10000
Nfree: 776
Nscatter: 9211
Nlost: 13
omega: 11054
Ntraj: 10000
Nfree: 849
Nscatter: 9117
Nlost: 34
omega: 11704.3
Ntraj: 10000
Nfree: 851
Nscatter: 9122
Nlost: 27
omega: 11680.8
*********************************************************
task: 0
worker id: 40909
time create lcl and mol: 0.00223899 s
numbers of trajectories: 3572
time trajectory calculation: 3.13578 s
task: 1
worker id: 48865
time create lcl and mol: 0.00206709 s
numbers of trajectories: 3572
time trajectory calculation: 3.6662 s
task: 2
worker id: 10797
time create lcl and mol: 0.00208592 s
numbers of trajectories: 3572
time trajectory calculation: 3.63444 s
task: 3
worker id: 9652
time create lcl and mol: 0.00219703 s
numbers of trajectories: 3572
time trajectory calculation: 2.43283 s
task: 4
worker id: 40909
time create lcl and mol: 0.00208592 s
numbers of trajectories: 3572
time trajectory calculation: 3.48366 s
task: 5
worker id: 53477
time create lcl and mol: 0.00193095 s
numbers of trajectories: 3572
time trajectory calculation: 4.46602 s
task: 6
worker id: 89553
time create lcl and mol: 0.002105 s
numbers of trajectories: 3572
time trajectory calculation: 3.90247 s
task: 7
worker id: 38260
time create lcl and mol: 0.00208592 s
numbers of trajectories: 3572
time trajectory calculation: 3.07027 s
task: 8
worker id: 73932
time create lcl and mol: 0.00209284 s
numbers of trajectories: 3572
time trajectory calculation: 2.96771 s
task: 9
worker id: 89553
time create lcl and mol: 0.00213599 s
numbers of trajectories: 3572
time trajectory calculation: 2.77763 s
task: 10
worker id: 10797
time create lcl and mol: 0.00215507 s
numbers of trajectories: 3572
time trajectory calculation: 3.81107 s
task: 11
worker id: 38260
time create lcl and mol: 0.00210285 s
numbers of trajectories: 3572
time trajectory calculation: 3.38766 s
task: 12
worker id: 53477
time create lcl and mol: 0.00192809 s
numbers of trajectories: 3571
time trajectory calculation: 2.84507 s
task: 13
worker id: 9652
time create lcl and mol: 0.00205517 s
numbers of trajectories: 3571
time trajectory calculation: 4.37416 s
task: 14
worker id: 73932
time create lcl and mol: 0.00213599 s
numbers of trajectories: 3571
time trajectory calculation: 2.97297 s
task: 15
worker id: 73932
time create lcl and mol: 0.00211787 s
numbers of trajectories: 3571
time trajectory calculation: 2.61709 s
task: 16
worker id: 48865
time create lcl and mol: 0.00239491 s
numbers of trajectories: 3571
time trajectory calculation: 3.62454 s
task: 17
worker id: 53477
time create lcl and mol: 0.00207591 s
numbers of trajectories: 3571
time trajectory calculation: 2.28976 s
task: 18
worker id: 73932
time create lcl and mol: 0.00218606 s
numbers of trajectories: 3571
time trajectory calculation: 2.88667 s
task: 19
worker id: 10797
time create lcl and mol: 0.00219417 s
numbers of trajectories: 3571
time trajectory calculation: 2.99983 s
task: 20
worker id: 9652
time create lcl and mol: 0.00225496 s
numbers of trajectories: 3571
time trajectory calculation: 2.39356 s
task: 21
worker id: 38260
time create lcl and mol: 0.00205207 s
numbers of trajectories: 3571
time trajectory calculation: 2.90319 s
task: 22
worker id: 53477
time create lcl and mol: 0.00209713 s
numbers of trajectories: 3571
time trajectory calculation: 3.16097 s
task: 23
worker id: 48865
time create lcl and mol: 0.00216007 s
numbers of trajectories: 3571
time trajectory calculation: 4.64225 s
task: 24
worker id: 9652
time create lcl and mol: 0.00210404 s
numbers of trajectories: 3571
time trajectory calculation: 3.16546 s
task: 25
worker id: 40909
time create lcl and mol: 0.00209093 s
numbers of trajectories: 3571
time trajectory calculation: 4.55719 s
task: 26
worker id: 89553
time create lcl and mol: 0.00206399 s
numbers of trajectories: 3571
time trajectory calculation: 3.1194 s
task: 27
worker id: 38260
time create lcl and mol: 0.002141 s
numbers of trajectories: 3571
time trajectory calculation: 3.6594 s
CCS time: 13.1265 s
*********************************************************
average value of CCS = 11370.3 Ang^2
error value of CCS = 73.9111 Ang^2
Total time: 13.45 s
Program finished...
*********************************************************
INPUT:: Simulation Parameters 
*********************************************************
target filename                  : 10_4avt_carga_31_min.xyz
number of probe                  : 10000
number of iterarions             : 10
number of tasks                  : 28
number of threads                : 24
seed number                      : 2104
gas buffer                       : He
Target Temperature (K)           : 298
timestep (fs)                    : 10
Skin cell size (Ang)             : 0.01
Equipotential                    : no
Cut short-range interaction      : yes
LJ cutoff (Ang)                  : 12
Apply long-range interaction     : yes
Cut long-range interaction       : yes
Coulomb cutoff (Ang)             : 25
Apply induced-dipole interaction : yes
alpha (Ang^3)                    : 0.204956
force_type: 4
*********************************************************
Force Field parameters: 
*********************************************************
Symbol  mass (amu)  epislon (kcal/mol)  sigma(Angstroms) 
C   12.011   0.0309   3.043
N   14.007   0.0309   3.043
H   1.008   0.015   2.38
O   15.999   0.0309   3.043
S   32.06   0.0311   3.5
*********************************************************
MOLECULE:: orientation around the inertia principal axis 
*********************************************************
Inertia matrix a.u. Ang^2: 
{  2.29035e+08  -1.13344e+07  8.2053e+06  }
{  -1.13344e+07  2.50171e+08  -1.78791e+07  }
{  8.2053e+06  -1.78791e+07  2.38415e+08  }
Rotation matrix applied to molecule: 
{  0.337034  -0.762644  0.552071  }
{  0.941493  0.272859  -0.197838  }
{  0.000241967  0.586449  0.809986  }
Molecule radius: 60.1159 Ang 
orientation time of molecule target: 0.032722 s
target mass: 232455 amu
gas mass: 4.0026 amu
reduce mass: 4.00253 amu
charge state: 31 e
*********************************************************
Geometric Ellipsoid: 
*********************************************************
maximal distances: 40.6569  53.3921  53.9199  Ang
Initial axis length: 90.6669  103.402  103.93  Ang
Ellipsoid axis length: 100.197  112.932  113.46  Ang
ellipsoid calculation time: 0.000247955 s
maximal impact parameter: 113.46 Ang
*********************************************************
Linked-cell: 
Numbers of cells: 6137
Nx: 17 Ny: 19 Nz: 19
Filled cells: 391
Empty cells: 5746
Average atoms per cell: 83.821
Maximum atoms per cell: 216
Minimum atoms per cell: 1
Simulation box: 
lx: 204.17 Ang
ly: 228.19 Ang
lz: 228.19 Ang
linked-cell calculation time: 0.00911188 s
time info: 0.00102592 s
*********************************************************
Trajectory calculations 
*********************************************************
out target time: 12.6825 s
Ntraj: 10000
Nfree: 838
Nscatter: 9137
Nlost: 25
omega: 11078.5
Ntraj: 10000
Nfree: 786
Nscatter: 9191
Nlost: 23
omega: 11249.8
Ntraj: 10000
Nfree: 820
Nscatter: 9146
Nlost: 34
omega: 11245.7
Ntraj: 10000
Nfree: 801
Nscatter: 9173
Nlost: 26
omega: 11694.4
Ntraj: 10000
Nfree: 805
Nscatter: 9169
Nlost: 26
omega: 11291.2
Ntraj: 10000
Nfree: 828
Nscatter: 9153
Nlost: 19
omega: 11427
Ntraj: 10000
Nfree: 808
Nscatter: 9170
Nlost: 22
omega: 11277.6
Ntraj: 10000
Nfree: 776
Nscatter: 9211
Nlost: 13
omega: 11054
Ntraj: 10000
Nfree: 849
Nscatter: 9117
Nlost: 34
omega: 11704.3
Ntraj: 10000
Nfree: 851
Nscatter: 9122
Nlost: 27
omega: 11680.8
*********************************************************
task: 0
worker id: 54201
time create lcl and mol: 0.00213504 s
numbers of trajectories: 3572
time trajectory calculation: 3.06774 s
task: 1
worker id: 11539
time create lcl and mol: 0.002033 s
numbers of trajectories: 3572
time trajectory calculation: 3.69171 s
task: 2
worker id: 49590
time create lcl and mol: 0.00209785 s
numbers of trajectories: 3572
time trajectory calculation: 3.33249 s
task: 3
worker id: 41636
time create lcl and mol: 0.00219297 s
numbers of trajectories: 3572
time trajectory calculation: 2.33649 s
task: 4
worker id: 74656
time create lcl and mol: 0.00207496 s
numbers of trajectories: 3572
time trajectory calculation: 3.24535 s
task: 5
worker id: 90278
time create lcl and mol: 0.00212288 s
numbers of trajectories: 3572
time trajectory calculation: 4.33735 s
task: 6
worker id: 10378
time create lcl and mol: 0.00216103 s
numbers of trajectories: 3572
time trajectory calculation: 3.46463 s
task: 7
worker id: 38985
time create lcl and mol: 0.0019691 s
numbers of trajectories: 3572
time trajectory calculation: 2.90135 s
task: 8
worker id: 49590
time create lcl and mol: 0.00202394 s
numbers of trajectories: 3572
time trajectory calculation: 3.11121 s
task: 9
worker id: 54201
time create lcl and mol: 0.00220108 s
numbers of trajectories: 3572
time trajectory calculation: 2.80714 s
task: 10
worker id: 10378
time create lcl and mol: 0.00214601 s
numbers of trajectories: 3572
time trajectory calculation: 3.7779 s
task: 11
worker id: 10378
time create lcl and mol: 0.00223994 s
numbers of trajectories: 3572
time trajectory calculation: 3.29335 s
task: 12
worker id: 41636
time create lcl and mol: 0.00216508 s
numbers of trajectories: 3571
time trajectory calculation: 2.89014 s
task: 13
worker id: 74656
time create lcl and mol: 0.00217605 s
numbers of trajectories: 3571
time trajectory calculation: 4.38997 s
task: 14
worker id: 41636
time create lcl and mol: 0.00218105 s
numbers of trajectories: 3571
time trajectory calculation: 2.90765 s
task: 15
worker id: 74656
time create lcl and mol: 0.00216484 s
numbers of trajectories: 3571
time trajectory calculation: 2.64799 s
task: 16
worker id: 54201
time create lcl and mol: 0.00219798 s
numbers of trajectories: 3571
time trajectory calculation: 3.54087 s
task: 17
worker id: 11539
time create lcl and mol: 0.00205898 s
numbers of trajectories: 3571
time trajectory calculation: 2.38722 s
task: 18
worker id: 11539
time create lcl and mol: 0.00217795 s
numbers of trajectories: 3571
time trajectory calculation: 2.86144 s
task: 19
worker id: 41636
time create lcl and mol: 0.00209093 s
numbers of trajectories: 3571
time trajectory calculation: 2.93369 s
task: 20
worker id: 90278
time create lcl and mol: 0.00219107 s
numbers of trajectories: 3571
time trajectory calculation: 2.3787 s
task: 21
worker id: 11539
time create lcl and mol: 0.00210905 s
numbers of trajectories: 3571
time trajectory calculation: 2.96542 s
task: 22
worker id: 54201
time create lcl and mol: 0.00206399 s
numbers of trajectories: 3571
time trajectory calculation: 3.09099 s
task: 23
worker id: 38985
time create lcl and mol: 0.00213099 s
numbers of trajectories: 3571
time trajectory calculation: 4.49264 s
task: 24
worker id: 49590
time create lcl and mol: 0.00206304 s
numbers of trajectories: 3571
time trajectory calculation: 3.07758 s
task: 25
worker id: 90278
time create lcl and mol: 0.00215602 s
numbers of trajectories: 3571
time trajectory calculation: 4.4276 s
task: 26
worker id: 49590
time create lcl and mol: 0.00220299 s
numbers of trajectories: 3571
time trajectory calculation: 3.06928 s
task: 27
worker id: 38985
time create lcl and mol: 0.00204396 s
numbers of trajectories: 3571
time trajectory calculation: 3.65145 s
CCS time: 12.6911 s
*********************************************************
average value of CCS = 11370.3 Ang^2
error value of CCS = 73.9111 Ang^2
Total time: 12.7382 s
Program finished...
*********************************************************
INPUT:: Simulation Parameters 
*********************************************************
target filename                  : 10_4avt_carga_31_min.xyz
number of probe                  : 10000
number of iterarions             : 10
number of tasks                  : 28
number of threads                : 24
seed number                      : 2104
gas buffer                       : He
Target Temperature (K)           : 298
timestep (fs)                    : 10
Skin cell size (Ang)             : 0.01
Equipotential                    : no
Cut short-range interaction      : yes
LJ cutoff (Ang)                  : 12
Apply long-range interaction     : yes
Cut long-range interaction       : yes
Coulomb cutoff (Ang)             : 25
Apply induced-dipole interaction : yes
alpha (Ang^3)                    : 0.204956
force_type: 4
*********************************************************
Force Field parameters: 
*********************************************************
Symbol  mass (amu)  epislon (kcal/mol)  sigma(Angstroms) 
C   12.011   0.0309   3.043
N   14.007   0.0309   3.043
H   1.008   0.015   2.38
O   15.999   0.0309   3.043
S   32.06   0.0311   3.5
*********************************************************
MOLECULE:: orientation around the inertia principal axis 
*********************************************************
Inertia matrix a.u. Ang^2: 
{  2.29035e+08  -1.13344e+07  8.2053e+06  }
{  -1.13344e+07  2.50171e+08  -1.78791e+07  }
{  8.2053e+06  -1.78791e+07  2.38415e+08  }
Rotation matrix applied to molecule: 
{  0.337034  -0.762644  0.552071  }
{  0.941493  0.272859  -0.197838  }
{  0.000241967  0.586449  0.809986  }
Molecule radius: 60.1159 Ang 
orientation time of molecule target: 0.031858 s
target mass: 232455 amu
gas mass: 4.0026 amu
reduce mass: 4.00253 amu
charge state: 31 e
*********************************************************
Geometric Ellipsoid: 
*********************************************************
maximal distances: 40.6569  53.3921  53.9199  Ang
Initial axis length: 90.6669  103.402  103.93  Ang
Ellipsoid axis length: 100.197  112.932  113.46  Ang
ellipsoid calculation time: 0.000252962 s
maximal impact parameter: 113.46 Ang
*********************************************************
Linked-cell: 
Numbers of cells: 6137
Nx: 17 Ny: 19 Nz: 19
Filled cells: 391
Empty cells: 5746
Average atoms per cell: 83.821
Maximum atoms per cell: 216
Minimum atoms per cell: 1
Simulation box: 
lx: 204.17 Ang
ly: 228.19 Ang
lz: 228.19 Ang
linked-cell calculation time: 0.00904703 s
time info: 0.00107098 s
*********************************************************
Trajectory calculations 
*********************************************************
out target time: 13.2313 s
Ntraj: 10000
Nfree: 838
Nscatter: 9137
Nlost: 25
omega: 11078.5
Ntraj: 10000
Nfree: 786
Nscatter: 9191
Nlost: 23
omega: 11249.8
Ntraj: 10000
Nfree: 820
Nscatter: 9146
Nlost: 34
omega: 11245.7
Ntraj: 10000
Nfree: 801
Nscatter: 9173
Nlost: 26
omega: 11694.4
Ntraj: 10000
Nfree: 805
Nscatter: 9169
Nlost: 26
omega: 11291.2
Ntraj: 10000
Nfree: 828
Nscatter: 9153
Nlost: 19
omega: 11427
Ntraj: 10000
Nfree: 808
Nscatter: 9170
Nlost: 22
omega: 11277.6
Ntraj: 10000
Nfree: 776
Nscatter: 9211
Nlost: 13
omega: 11054
Ntraj: 10000
Nfree: 849
Nscatter: 9117
Nlost: 34
omega: 11704.3
Ntraj: 10000
Nfree: 851
Nscatter: 9122
Nlost: 27
omega: 11680.8
*********************************************************
task: 0
worker id: 42048
time create lcl and mol: 0.00195909 s
numbers of trajectories: 3572
time trajectory calculation: 3.27345 s
task: 1
worker id: 11958
time create lcl and mol: 0.00205898 s
numbers of trajectories: 3572
time trajectory calculation: 3.65705 s
task: 2
worker id: 54606
time create lcl and mol: 0.00197196 s
numbers of trajectories: 3572
time trajectory calculation: 3.41884 s
task: 3
worker id: 90684
time create lcl and mol: 0.00215292 s
numbers of trajectories: 3572
time trajectory calculation: 2.42481 s
task: 4
worker id: 39387
time create lcl and mol: 0.00201392 s
numbers of trajectories: 3572
time trajectory calculation: 3.47275 s
task: 5
worker id: 39387
time create lcl and mol: 0.00208402 s
numbers of trajectories: 3572
time trajectory calculation: 4.44108 s
task: 6
worker id: 90684
time create lcl and mol: 0.002141 s
numbers of trajectories: 3572
time trajectory calculation: 3.60708 s
task: 7
worker id: 49992
time create lcl and mol: 0.0022018 s
numbers of trajectories: 3572
time trajectory calculation: 3.01955 s
task: 8
worker id: 10784
time create lcl and mol: 0.00215197 s
numbers of trajectories: 3572
time trajectory calculation: 3.03348 s
task: 9
worker id: 75067
time create lcl and mol: 0.002213 s
numbers of trajectories: 3572
time trajectory calculation: 2.70943 s
task: 10
worker id: 90684
time create lcl and mol: 0.00216293 s
numbers of trajectories: 3572
time trajectory calculation: 3.82801 s
task: 11
worker id: 39387
time create lcl and mol: 0.00220084 s
numbers of trajectories: 3572
time trajectory calculation: 3.37522 s
task: 12
worker id: 54606
time create lcl and mol: 0.00198293 s
numbers of trajectories: 3571
time trajectory calculation: 2.79145 s
task: 13
worker id: 54606
time create lcl and mol: 0.00209498 s
numbers of trajectories: 3571
time trajectory calculation: 4.34326 s
task: 14
worker id: 90684
time create lcl and mol: 0.00209904 s
numbers of trajectories: 3571
time trajectory calculation: 2.97965 s
task: 15
worker id: 54606
time create lcl and mol: 0.00199389 s
numbers of trajectories: 3571
time trajectory calculation: 2.57971 s
task: 16
worker id: 75067
time create lcl and mol: 0.00222516 s
numbers of trajectories: 3571
time trajectory calculation: 3.6106 s
task: 17
worker id: 11958
time create lcl and mol: 0.00207496 s
numbers of trajectories: 3571
time trajectory calculation: 2.34235 s
task: 18
worker id: 42048
time create lcl and mol: 0.00207996 s
numbers of trajectories: 3571
time trajectory calculation: 2.84777 s
task: 19
worker id: 49992
time create lcl and mol: 0.00213504 s
numbers of trajectories: 3571
time trajectory calculation: 2.98411 s
task: 20
worker id: 75067
time create lcl and mol: 0.00197601 s
numbers of trajectories: 3571
time trajectory calculation: 2.32371 s
task: 21
worker id: 10784
time create lcl and mol: 0.00215888 s
numbers of trajectories: 3571
time trajectory calculation: 2.9111 s
task: 22
worker id: 49992
time create lcl and mol: 0.00209808 s
numbers of trajectories: 3571
time trajectory calculation: 3.24334 s
task: 23
worker id: 42048
time create lcl and mol: 0.00210404 s
numbers of trajectories: 3571
time trajectory calculation: 4.55968 s
task: 24
worker id: 75067
time create lcl and mol: 0.00220203 s
numbers of trajectories: 3571
time trajectory calculation: 3.0575 s
task: 25
worker id: 10784
time create lcl and mol: 0.0019989 s
numbers of trajectories: 3571
time trajectory calculation: 4.39373 s
task: 26
worker id: 49992
time create lcl and mol: 0.00230503 s
numbers of trajectories: 3571
time trajectory calculation: 3.17793 s
task: 27
worker id: 11958
time create lcl and mol: 0.00198889 s
numbers of trajectories: 3571
time trajectory calculation: 3.40475 s
CCS time: 13.2399 s
*********************************************************
average value of CCS = 11370.3 Ang^2
error value of CCS = 73.9111 Ang^2
Total time: 13.286 s
Program finished...
*********************************************************
INPUT:: Simulation Parameters 
*********************************************************
target filename                  : 10_4avt_carga_31_min.xyz
number of probe                  : 10000
number of iterarions             : 10
number of tasks                  : 28
number of threads                : 24
seed number                      : 2104
gas buffer                       : He
Target Temperature (K)           : 298
timestep (fs)                    : 10
Skin cell size (Ang)             : 0.01
Equipotential                    : no
Cut short-range interaction      : yes
LJ cutoff (Ang)                  : 12
Apply long-range interaction     : yes
Cut long-range interaction       : yes
Coulomb cutoff (Ang)             : 25
Apply induced-dipole interaction : yes
alpha (Ang^3)                    : 0.204956
force_type: 4
*********************************************************
Force Field parameters: 
*********************************************************
Symbol  mass (amu)  epislon (kcal/mol)  sigma(Angstroms) 
C   12.011   0.0309   3.043
N   14.007   0.0309   3.043
H   1.008   0.015   2.38
O   15.999   0.0309   3.043
S   32.06   0.0311   3.5
*********************************************************
MOLECULE:: orientation around the inertia principal axis 
*********************************************************
Inertia matrix a.u. Ang^2: 
{  2.29035e+08  -1.13344e+07  8.2053e+06  }
{  -1.13344e+07  2.50171e+08  -1.78791e+07  }
{  8.2053e+06  -1.78791e+07  2.38415e+08  }
Rotation matrix applied to molecule: 
{  0.337034  -0.762644  0.552071  }
{  0.941493  0.272859  -0.197838  }
{  0.000241967  0.586449  0.809986  }
Molecule radius: 60.1159 Ang 
orientation time of molecule target: 0.0318348 s
target mass: 232455 amu
gas mass: 4.0026 amu
reduce mass: 4.00253 amu
charge state: 31 e
*********************************************************
Geometric Ellipsoid: 
*********************************************************
maximal distances: 40.6569  53.3921  53.9199  Ang
Initial axis length: 90.6669  103.402  103.93  Ang
Ellipsoid axis length: 100.197  112.932  113.46  Ang
ellipsoid calculation time: 0.000257015 s
maximal impact parameter: 113.46 Ang
*********************************************************
Linked-cell: 
Numbers of cells: 6137
Nx: 17 Ny: 19 Nz: 19
Filled cells: 391
Empty cells: 5746
Average atoms per cell: 83.821
Maximum atoms per cell: 216
Minimum atoms per cell: 1
Simulation box: 
lx: 204.17 Ang
ly: 228.19 Ang
lz: 228.19 Ang
linked-cell calculation time: 0.00921297 s
time info: 0.00108194 s
*********************************************************
Trajectory calculations 
*********************************************************
out target time: 13.5216 s
Ntraj: 10000
Nfree: 838
Nscatter: 9137
Nlost: 25
omega: 11078.5
Ntraj: 10000
Nfree: 786
Nscatter: 9191
Nlost: 23
omega: 11249.8
Ntraj: 10000
Nfree: 820
Nscatter: 9146
Nlost: 34
omega: 11245.7
Ntraj: 10000
Nfree: 801
Nscatter: 9173
Nlost: 26
omega: 11694.4
Ntraj: 10000
Nfree: 805
Nscatter: 9169
Nlost: 26
omega: 11291.2
Ntraj: 10000
Nfree: 828
Nscatter: 9153
Nlost: 19
omega: 11427
Ntraj: 10000
Nfree: 808
Nscatter: 9170
Nlost: 22
omega: 11277.6
Ntraj: 10000
Nfree: 776
Nscatter: 9211
Nlost: 13
omega: 11054
Ntraj: 10000
Nfree: 849
Nscatter: 9117
Nlost: 34
omega: 11704.3
Ntraj: 10000
Nfree: 851
Nscatter: 9122
Nlost: 27
omega: 11680.8
*********************************************************
task: 0
worker id: 50703
time create lcl and mol: 0.00206709 s
numbers of trajectories: 3572
time trajectory calculation: 3.09647 s
task: 1
worker id: 40098
time create lcl and mol: 0.00210309 s
numbers of trajectories: 3572
time trajectory calculation: 3.46462 s
task: 2
worker id: 12680
time create lcl and mol: 0.00203609 s
numbers of trajectories: 3572
time trajectory calculation: 3.41063 s
task: 3
worker id: 91398
time create lcl and mol: 0.002105 s
numbers of trajectories: 3572
time trajectory calculation: 2.33691 s
task: 4
worker id: 55316
time create lcl and mol: 0.00209498 s
numbers of trajectories: 3572
time trajectory calculation: 3.29916 s
task: 5
worker id: 75781
time create lcl and mol: 0.00203395 s
numbers of trajectories: 3572
time trajectory calculation: 4.56864 s
task: 6
worker id: 40098
time create lcl and mol: 0.00209808 s
numbers of trajectories: 3572
time trajectory calculation: 3.52915 s
task: 7
worker id: 11494
time create lcl and mol: 0.00201702 s
numbers of trajectories: 3572
time trajectory calculation: 2.92253 s
task: 8
worker id: 42758
time create lcl and mol: 0.00207496 s
numbers of trajectories: 3572
time trajectory calculation: 3.0796 s
task: 9
worker id: 11494
time create lcl and mol: 0.00201797 s
numbers of trajectories: 3572
time trajectory calculation: 2.78089 s
task: 10
worker id: 50703
time create lcl and mol: 0.00212502 s
numbers of trajectories: 3572
time trajectory calculation: 3.76957 s
task: 11
worker id: 55316
time create lcl and mol: 0.00201392 s
numbers of trajectories: 3572
time trajectory calculation: 3.41038 s
task: 12
worker id: 75781
time create lcl and mol: 0.00215507 s
numbers of trajectories: 3571
time trajectory calculation: 2.85282 s
task: 13
worker id: 75781
time create lcl and mol: 0.00210905 s
numbers of trajectories: 3571
time trajectory calculation: 4.31708 s
task: 14
worker id: 40098
time create lcl and mol: 0.00200701 s
numbers of trajectories: 3571
time trajectory calculation: 2.86853 s
task: 15
worker id: 42758
time create lcl and mol: 0.00188422 s
numbers of trajectories: 3571
time trajectory calculation: 2.65421 s
task: 16
worker id: 50703
time create lcl and mol: 0.00211215 s
numbers of trajectories: 3571
time trajectory calculation: 3.51848 s
task: 17
worker id: 91398
time create lcl and mol: 0.00223017 s
numbers of trajectories: 3571
time trajectory calculation: 2.31998 s
task: 18
worker id: 55316
time create lcl and mol: 0.00203991 s
numbers of trajectories: 3571
time trajectory calculation: 2.83071 s
task: 19
worker id: 12680
time create lcl and mol: 0.00211787 s
numbers of trajectories: 3571
time trajectory calculation: 2.98125 s
task: 20
worker id: 91398
time create lcl and mol: 0.00220585 s
numbers of trajectories: 3571
time trajectory calculation: 2.3258 s
task: 21
worker id: 42758
time create lcl and mol: 0.00222588 s
numbers of trajectories: 3571
time trajectory calculation: 2.88287 s
task: 22
worker id: 55316
time create lcl and mol: 0.00221395 s
numbers of trajectories: 3571
time trajectory calculation: 3.18 s
task: 23
worker id: 11494
time create lcl and mol: 0.00216818 s
numbers of trajectories: 3571
time trajectory calculation: 4.69981 s
task: 24
worker id: 11494
time create lcl and mol: 0.00211596 s
numbers of trajectories: 3571
time trajectory calculation: 3.02243 s
task: 25
worker id: 42758
time create lcl and mol: 0.00199604 s
numbers of trajectories: 3571
time trajectory calculation: 4.47726 s
task: 26
worker id: 91398
time create lcl and mol: 0.00201201 s
numbers of trajectories: 3571
time trajectory calculation: 3.15741 s
task: 27
worker id: 12680
time create lcl and mol: 0.00209093 s
numbers of trajectories: 3571
time trajectory calculation: 3.42157 s
CCS time: 13.5303 s
*********************************************************
average value of CCS = 11370.3 Ang^2
error value of CCS = 73.9111 Ang^2
Total time: 13.5765 s
Program finished...
