*********************************************************
INPUT:: Simulation Parameters 
*********************************************************
target filename                  : 02_2akq_01_carga_7_min.xyz
number of probe                  : 10000
number of iterarions             : 10
number of tasks                  : 16
number of threads                : 24
seed number                      : 2104
gas buffer                       : He
Target Temperature (K)           : 298
timestep (fs)                    : 10
Skin cell size (Ang)             : 0.01
Equipotential                    : no
Cut short-range interaction      : yes
LJ cutoff (Ang)                  : 12
Apply long-range interaction     : yes
Cut long-range interaction       : yes
Coulomb cutoff (Ang)             : 25
Apply induced-dipole interaction : yes
alpha (Ang^3)                    : 0.204956
force_type: 4
*********************************************************
Force Field parameters: 
*********************************************************
Symbol  mass (amu)  epislon (kcal/mol)  sigma(Angstroms) 
C   12.011   0.0309   3.043
N   14.007   0.0309   3.043
H   1.008   0.015   2.38
O   15.999   0.0309   3.043
S   32.06   0.0311   3.5
*********************************************************
MOLECULE:: orientation around the inertia principal axis 
*********************************************************
Inertia matrix a.u. Ang^2: 
{  2.47346e+06  80067.3  210732  }
{  80067.3  2.5905e+06  15544.3  }
{  210732  15544.3  2.4855e+06  }
Rotation matrix applied to molecule: 
{  0.652112  0.4584  0.603837  }
{  -0.725153  0.144822  0.673186  }
{  0.22114  -0.876867  0.426851  }
Molecule radius: 27.1023 Ang 
orientation time of molecule target: 0.06552 s
target mass: 17694.5 amu
gas mass: 4.0026 amu
reduce mass: 4.00169 amu
charge state: 7 e
*********************************************************
Geometric Ellipsoid: 
*********************************************************
maximal distances: 19.2489  21.325  24.1645  Ang
Initial axis length: 69.2589  71.335  74.1745  Ang
Ellipsoid axis length: 72.7989  74.875  77.7145  Ang
ellipsoid calculation time: 4.50611e-05 s
maximal impact parameter: 77.7145 Ang
*********************************************************
Linked-cell: 
Numbers of cells: 2197
Nx: 13 Ny: 13 Nz: 13
Filled cells: 43
Empty cells: 2154
Average atoms per cell: 58.3256
Maximum atoms per cell: 183
Minimum atoms per cell: 1
Simulation box: 
lx: 156.13 Ang
ly: 156.13 Ang
lz: 156.13 Ang
linked-cell calculation time: 0.0023849 s
time info: 0.000128031 s
*********************************************************
Trajectory calculations 
*********************************************************
out target time: 1.10785 s
Ntraj: 10000
Nfree: 677
Nscatter: 9323
Nlost: 0
omega: 1644.38
Ntraj: 10000
Nfree: 660
Nscatter: 9340
Nlost: 0
omega: 1733.81
Ntraj: 10000
Nfree: 660
Nscatter: 9340
Nlost: 0
omega: 1639.56
Ntraj: 10000
Nfree: 626
Nscatter: 9374
Nlost: 0
omega: 1842.34
Ntraj: 10000
Nfree: 656
Nscatter: 9344
Nlost: 0
omega: 1840.86
Ntraj: 10000
Nfree: 663
Nscatter: 9337
Nlost: 0
omega: 1805.98
Ntraj: 10000
Nfree: 637
Nscatter: 9363
Nlost: 0
omega: 1701.45
Ntraj: 10000
Nfree: 659
Nscatter: 9341
Nlost: 0
omega: 1756.82
Ntraj: 10000
Nfree: 676
Nscatter: 9324
Nlost: 0
omega: 1840.21
Ntraj: 10000
Nfree: 669
Nscatter: 9331
Nlost: 0
omega: 1813.02
*********************************************************
task: 0
worker id: 84206
time create lcl and mol: 0.000763178 s
numbers of trajectories: 6250
time trajectory calculation: 0.363025 s
task: 1
worker id: 20076
time create lcl and mol: 0.000745058 s
numbers of trajectories: 6250
time trajectory calculation: 0.367424 s
task: 2
worker id: 2156
time create lcl and mol: 0.000524998 s
numbers of trajectories: 6250
time trajectory calculation: 0.368074 s
task: 3
worker id: 63892
time create lcl and mol: 0.000530005 s
numbers of trajectories: 6250
time trajectory calculation: 0.374024 s
task: 4
worker id: 51280
time create lcl and mol: 0.000555992 s
numbers of trajectories: 6250
time trajectory calculation: 0.361655 s
task: 5
worker id: 59048
time create lcl and mol: 0.000536919 s
numbers of trajectories: 6250
time trajectory calculation: 0.382132 s
task: 6
worker id: 6533
time create lcl and mol: 0.000540018 s
numbers of trajectories: 6250
time trajectory calculation: 0.370535 s
task: 7
worker id: 6533
time create lcl and mol: 0.000653982 s
numbers of trajectories: 6250
time trajectory calculation: 0.3513 s
task: 8
worker id: 48417
time create lcl and mol: 0.000552893 s
numbers of trajectories: 6250
time trajectory calculation: 0.382357 s
task: 9
worker id: 48417
time create lcl and mol: 0.000609875 s
numbers of trajectories: 6250
time trajectory calculation: 0.352938 s
task: 10
worker id: 59048
time create lcl and mol: 0.000612974 s
numbers of trajectories: 6250
time trajectory calculation: 0.337468 s
task: 11
worker id: 84206
time create lcl and mol: 0.00056386 s
numbers of trajectories: 6250
time trajectory calculation: 0.319774 s
task: 12
worker id: 63892
time create lcl and mol: 0.000550985 s
numbers of trajectories: 6250
time trajectory calculation: 0.353321 s
task: 13
worker id: 20076
time create lcl and mol: 0.000576973 s
numbers of trajectories: 6250
time trajectory calculation: 0.348018 s
task: 14
worker id: 2156
time create lcl and mol: 0.000603914 s
numbers of trajectories: 6250
time trajectory calculation: 0.640301 s
task: 15
worker id: 51280
time create lcl and mol: 0.000560999 s
numbers of trajectories: 6250
time trajectory calculation: 0.341141 s
CCS time: 1.11581 s
*********************************************************
average value of CCS = 1761.84 Ang^2
error value of CCS = 23.7987 Ang^2
Total time: 1.18922 s
Program finished...
*********************************************************
INPUT:: Simulation Parameters 
*********************************************************
target filename                  : 02_2akq_01_carga_7_min.xyz
number of probe                  : 10000
number of iterarions             : 10
number of tasks                  : 16
number of threads                : 24
seed number                      : 2104
gas buffer                       : He
Target Temperature (K)           : 298
timestep (fs)                    : 10
Skin cell size (Ang)             : 0.01
Equipotential                    : no
Cut short-range interaction      : yes
LJ cutoff (Ang)                  : 12
Apply long-range interaction     : yes
Cut long-range interaction       : yes
Coulomb cutoff (Ang)             : 25
Apply induced-dipole interaction : yes
alpha (Ang^3)                    : 0.204956
force_type: 4
*********************************************************
Force Field parameters: 
*********************************************************
Symbol  mass (amu)  epislon (kcal/mol)  sigma(Angstroms) 
C   12.011   0.0309   3.043
N   14.007   0.0309   3.043
H   1.008   0.015   2.38
O   15.999   0.0309   3.043
S   32.06   0.0311   3.5
*********************************************************
MOLECULE:: orientation around the inertia principal axis 
*********************************************************
Inertia matrix a.u. Ang^2: 
{  2.47346e+06  80067.3  210732  }
{  80067.3  2.5905e+06  15544.3  }
{  210732  15544.3  2.4855e+06  }
Rotation matrix applied to molecule: 
{  0.652112  0.4584  0.603837  }
{  -0.725153  0.144822  0.673186  }
{  0.22114  -0.876867  0.426851  }
Molecule radius: 27.1023 Ang 
orientation time of molecule target: 0.00314093 s
target mass: 17694.5 amu
gas mass: 4.0026 amu
reduce mass: 4.00169 amu
charge state: 7 e
*********************************************************
Geometric Ellipsoid: 
*********************************************************
maximal distances: 19.2489  21.325  24.1645  Ang
Initial axis length: 69.2589  71.335  74.1745  Ang
Ellipsoid axis length: 72.7989  74.875  77.7145  Ang
ellipsoid calculation time: 5.19753e-05 s
maximal impact parameter: 77.7145 Ang
*********************************************************
Linked-cell: 
Numbers of cells: 2197
Nx: 13 Ny: 13 Nz: 13
Filled cells: 43
Empty cells: 2154
Average atoms per cell: 58.3256
Maximum atoms per cell: 183
Minimum atoms per cell: 1
Simulation box: 
lx: 156.13 Ang
ly: 156.13 Ang
lz: 156.13 Ang
linked-cell calculation time: 0.00235701 s
time info: 0.000121832 s
*********************************************************
Trajectory calculations 
*********************************************************
out target time: 1.05124 s
Ntraj: 10000
Nfree: 677
Nscatter: 9323
Nlost: 0
omega: 1644.38
Ntraj: 10000
Nfree: 660
Nscatter: 9340
Nlost: 0
omega: 1733.81
Ntraj: 10000
Nfree: 660
Nscatter: 9340
Nlost: 0
omega: 1639.56
Ntraj: 10000
Nfree: 626
Nscatter: 9374
Nlost: 0
omega: 1842.34
Ntraj: 10000
Nfree: 656
Nscatter: 9344
Nlost: 0
omega: 1840.86
Ntraj: 10000
Nfree: 663
Nscatter: 9337
Nlost: 0
omega: 1805.98
Ntraj: 10000
Nfree: 637
Nscatter: 9363
Nlost: 0
omega: 1701.45
Ntraj: 10000
Nfree: 659
Nscatter: 9341
Nlost: 0
omega: 1756.82
Ntraj: 10000
Nfree: 676
Nscatter: 9324
Nlost: 0
omega: 1840.21
Ntraj: 10000
Nfree: 669
Nscatter: 9331
Nlost: 0
omega: 1813.02
*********************************************************
task: 0
worker id: 2577
time create lcl and mol: 0.000540018 s
numbers of trajectories: 6250
time trajectory calculation: 0.340287 s
task: 1
worker id: 51672
time create lcl and mol: 0.000496149 s
numbers of trajectories: 6250
time trajectory calculation: 0.362093 s
task: 2
worker id: 48810
time create lcl and mol: 0.00051403 s
numbers of trajectories: 6250
time trajectory calculation: 0.344644 s
task: 3
worker id: 6939
time create lcl and mol: 0.000703096 s
numbers of trajectories: 6250
time trajectory calculation: 0.337192 s
task: 4
worker id: 20471
time create lcl and mol: 0.000545025 s
numbers of trajectories: 6250
time trajectory calculation: 0.335365 s
task: 5
worker id: 64300
time create lcl and mol: 0.000528812 s
numbers of trajectories: 6250
time trajectory calculation: 0.347163 s
task: 6
worker id: 84598
time create lcl and mol: 0.000643015 s
numbers of trajectories: 6250
time trajectory calculation: 0.336668 s
task: 7
worker id: 59443
time create lcl and mol: 0.00056386 s
numbers of trajectories: 6250
time trajectory calculation: 0.354491 s
task: 8
worker id: 59443
time create lcl and mol: 0.000608921 s
numbers of trajectories: 6250
time trajectory calculation: 0.343156 s
task: 9
worker id: 6939
time create lcl and mol: 0.000586987 s
numbers of trajectories: 6250
time trajectory calculation: 0.334407 s
task: 10
worker id: 48810
time create lcl and mol: 0.000601053 s
numbers of trajectories: 6250
time trajectory calculation: 0.338252 s
task: 11
worker id: 51672
time create lcl and mol: 0.000580072 s
numbers of trajectories: 6250
time trajectory calculation: 0.317999 s
task: 12
worker id: 20471
time create lcl and mol: 0.000605822 s
numbers of trajectories: 6250
time trajectory calculation: 0.345823 s
task: 13
worker id: 64300
time create lcl and mol: 0.000591993 s
numbers of trajectories: 6250
time trajectory calculation: 0.343343 s
task: 14
worker id: 2577
time create lcl and mol: 0.000575066 s
numbers of trajectories: 6250
time trajectory calculation: 0.655438 s
task: 15
worker id: 84598
time create lcl and mol: 0.000604153 s
numbers of trajectories: 6250
time trajectory calculation: 0.332462 s
CCS time: 1.05901 s
*********************************************************
average value of CCS = 1761.84 Ang^2
error value of CCS = 23.7987 Ang^2
Total time: 1.06953 s
Program finished...
*********************************************************
INPUT:: Simulation Parameters 
*********************************************************
target filename                  : 02_2akq_01_carga_7_min.xyz
number of probe                  : 10000
number of iterarions             : 10
number of tasks                  : 16
number of threads                : 24
seed number                      : 2104
gas buffer                       : He
Target Temperature (K)           : 298
timestep (fs)                    : 10
Skin cell size (Ang)             : 0.01
Equipotential                    : no
Cut short-range interaction      : yes
LJ cutoff (Ang)                  : 12
Apply long-range interaction     : yes
Cut long-range interaction       : yes
Coulomb cutoff (Ang)             : 25
Apply induced-dipole interaction : yes
alpha (Ang^3)                    : 0.204956
force_type: 4
*********************************************************
Force Field parameters: 
*********************************************************
Symbol  mass (amu)  epislon (kcal/mol)  sigma(Angstroms) 
C   12.011   0.0309   3.043
N   14.007   0.0309   3.043
H   1.008   0.015   2.38
O   15.999   0.0309   3.043
S   32.06   0.0311   3.5
*********************************************************
MOLECULE:: orientation around the inertia principal axis 
*********************************************************
Inertia matrix a.u. Ang^2: 
{  2.47346e+06  80067.3  210732  }
{  80067.3  2.5905e+06  15544.3  }
{  210732  15544.3  2.4855e+06  }
Rotation matrix applied to molecule: 
{  0.652112  0.4584  0.603837  }
{  -0.725153  0.144822  0.673186  }
{  0.22114  -0.876867  0.426851  }
Molecule radius: 27.1023 Ang 
orientation time of molecule target: 0.00312901 s
target mass: 17694.5 amu
gas mass: 4.0026 amu
reduce mass: 4.00169 amu
charge state: 7 e
*********************************************************
Geometric Ellipsoid: 
*********************************************************
maximal distances: 19.2489  21.325  24.1645  Ang
Initial axis length: 69.2589  71.335  74.1745  Ang
Ellipsoid axis length: 72.7989  74.875  77.7145  Ang
ellipsoid calculation time: 4.60148e-05 s
maximal impact parameter: 77.7145 Ang
*********************************************************
Linked-cell: 
Numbers of cells: 2197
Nx: 13 Ny: 13 Nz: 13
Filled cells: 43
Empty cells: 2154
Average atoms per cell: 58.3256
Maximum atoms per cell: 183
Minimum atoms per cell: 1
Simulation box: 
lx: 156.13 Ang
ly: 156.13 Ang
lz: 156.13 Ang
linked-cell calculation time: 0.00242186 s
time info: 0.000118017 s
*********************************************************
Trajectory calculations 
*********************************************************
out target time: 1.01427 s
Ntraj: 10000
Nfree: 677
Nscatter: 9323
Nlost: 0
omega: 1644.38
Ntraj: 10000
Nfree: 660
Nscatter: 9340
Nlost: 0
omega: 1733.81
Ntraj: 10000
Nfree: 660
Nscatter: 9340
Nlost: 0
omega: 1639.56
Ntraj: 10000
Nfree: 626
Nscatter: 9374
Nlost: 0
omega: 1842.34
Ntraj: 10000
Nfree: 656
Nscatter: 9344
Nlost: 0
omega: 1840.86
Ntraj: 10000
Nfree: 663
Nscatter: 9337
Nlost: 0
omega: 1805.98
Ntraj: 10000
Nfree: 637
Nscatter: 9363
Nlost: 0
omega: 1701.45
Ntraj: 10000
Nfree: 659
Nscatter: 9341
Nlost: 0
omega: 1756.82
Ntraj: 10000
Nfree: 676
Nscatter: 9324
Nlost: 0
omega: 1840.21
Ntraj: 10000
Nfree: 669
Nscatter: 9331
Nlost: 0
omega: 1813.02
*********************************************************
task: 0
worker id: 20557
time create lcl and mol: 0.000555992 s
numbers of trajectories: 6250
time trajectory calculation: 0.327671 s
task: 1
worker id: 84684
time create lcl and mol: 0.000532866 s
numbers of trajectories: 6250
time trajectory calculation: 0.361289 s
task: 2
worker id: 59528
time create lcl and mol: 0.000546932 s
numbers of trajectories: 6250
time trajectory calculation: 0.35216 s
task: 3
worker id: 64390
time create lcl and mol: 0.000546932 s
numbers of trajectories: 6250
time trajectory calculation: 0.337741 s
task: 4
worker id: 51760
time create lcl and mol: 0.000550985 s
numbers of trajectories: 6250
time trajectory calculation: 0.324223 s
task: 5
worker id: 48896
time create lcl and mol: 0.00054884 s
numbers of trajectories: 6250
time trajectory calculation: 0.348293 s
task: 6
worker id: 2663
time create lcl and mol: 0.000531912 s
numbers of trajectories: 6250
time trajectory calculation: 0.340292 s
task: 7
worker id: 7040
time create lcl and mol: 0.000547886 s
numbers of trajectories: 6250
time trajectory calculation: 0.354853 s
task: 8
worker id: 84684
time create lcl and mol: 0.000581026 s
numbers of trajectories: 6250
time trajectory calculation: 0.347523 s
task: 9
worker id: 59528
time create lcl and mol: 0.000584841 s
numbers of trajectories: 6250
time trajectory calculation: 0.345519 s
task: 10
worker id: 20557
time create lcl and mol: 0.000593185 s
numbers of trajectories: 6250
time trajectory calculation: 0.327179 s
task: 11
worker id: 48896
time create lcl and mol: 0.000592947 s
numbers of trajectories: 6250
time trajectory calculation: 0.312587 s
task: 12
worker id: 51760
time create lcl and mol: 0.000576019 s
numbers of trajectories: 6250
time trajectory calculation: 0.343574 s
task: 13
worker id: 7040
time create lcl and mol: 0.000571966 s
numbers of trajectories: 6250
time trajectory calculation: 0.33604 s
task: 14
worker id: 2663
time create lcl and mol: 0.000600815 s
numbers of trajectories: 6250
time trajectory calculation: 0.619779 s
task: 15
worker id: 64390
time create lcl and mol: 0.000582933 s
numbers of trajectories: 6250
time trajectory calculation: 0.333889 s
CCS time: 1.02208 s
*********************************************************
average value of CCS = 1761.84 Ang^2
error value of CCS = 23.7987 Ang^2
Total time: 1.03249 s
Program finished...
[1695221326.279120] [sdumont6074:51573:0]       tag_match.c:62   UCX  WARN  unexpected tag-receive descriptor 0x2b46fc0133c0 was not matched
[1695221326.279137] [sdumont6210:59528:0]       tag_match.c:62   UCX  WARN  unexpected tag-receive descriptor 0x560bb2c01f00 was not matched
[1695221326.278793] [sdumont6205:64390:0]       tag_match.c:62   UCX  WARN  unexpected tag-receive descriptor 0x557725ce6bc0 was not matched
[1695221326.280237] [sdumont6081:2663 :0]       tag_match.c:62   UCX  WARN  unexpected tag-receive descriptor 0x5644687d3c40 was not matched
[1695221326.280604] [sdumont6077:7040 :0]       tag_match.c:62   UCX  WARN  unexpected tag-receive descriptor 0x558112d66bc0 was not matched
[1695221326.278869] [sdumont6209:84684:0]       tag_match.c:62   UCX  WARN  unexpected tag-receive descriptor 0x559b03dddb00 was not matched
*********************************************************
INPUT:: Simulation Parameters 
*********************************************************
target filename                  : 02_2akq_01_carga_7_min.xyz
number of probe                  : 10000
number of iterarions             : 10
number of tasks                  : 16
number of threads                : 24
seed number                      : 2104
gas buffer                       : He
Target Temperature (K)           : 298
timestep (fs)                    : 10
Skin cell size (Ang)             : 0.01
Equipotential                    : no
Cut short-range interaction      : yes
LJ cutoff (Ang)                  : 12
Apply long-range interaction     : yes
Cut long-range interaction       : yes
Coulomb cutoff (Ang)             : 25
Apply induced-dipole interaction : yes
alpha (Ang^3)                    : 0.204956
force_type: 4
*********************************************************
Force Field parameters: 
*********************************************************
Symbol  mass (amu)  epislon (kcal/mol)  sigma(Angstroms) 
C   12.011   0.0309   3.043
N   14.007   0.0309   3.043
H   1.008   0.015   2.38
O   15.999   0.0309   3.043
S   32.06   0.0311   3.5
*********************************************************
MOLECULE:: orientation around the inertia principal axis 
*********************************************************
Inertia matrix a.u. Ang^2: 
{  2.47346e+06  80067.3  210732  }
{  80067.3  2.5905e+06  15544.3  }
{  210732  15544.3  2.4855e+06  }
Rotation matrix applied to molecule: 
{  0.652112  0.4584  0.603837  }
{  -0.725153  0.144822  0.673186  }
{  0.22114  -0.876867  0.426851  }
Molecule radius: 27.1023 Ang 
orientation time of molecule target: 0.00319791 s
target mass: 17694.5 amu
gas mass: 4.0026 amu
reduce mass: 4.00169 amu
charge state: 7 e
*********************************************************
Geometric Ellipsoid: 
*********************************************************
maximal distances: 19.2489  21.325  24.1645  Ang
Initial axis length: 69.2589  71.335  74.1745  Ang
Ellipsoid axis length: 72.7989  74.875  77.7145  Ang
ellipsoid calculation time: 4.60148e-05 s
maximal impact parameter: 77.7145 Ang
*********************************************************
Linked-cell: 
Numbers of cells: 2197
Nx: 13 Ny: 13 Nz: 13
Filled cells: 43
Empty cells: 2154
Average atoms per cell: 58.3256
Maximum atoms per cell: 183
Minimum atoms per cell: 1
Simulation box: 
lx: 156.13 Ang
ly: 156.13 Ang
lz: 156.13 Ang
linked-cell calculation time: 0.00243402 s
time info: 0.000122786 s
*********************************************************
Trajectory calculations 
*********************************************************
out target time: 1.02847 s
Ntraj: 10000
Nfree: 677
Nscatter: 9323
Nlost: 0
omega: 1644.38
Ntraj: 10000
Nfree: 660
Nscatter: 9340
Nlost: 0
omega: 1733.81
Ntraj: 10000
Nfree: 660
Nscatter: 9340
Nlost: 0
omega: 1639.56
Ntraj: 10000
Nfree: 626
Nscatter: 9374
Nlost: 0
omega: 1842.34
Ntraj: 10000
Nfree: 656
Nscatter: 9344
Nlost: 0
omega: 1840.86
Ntraj: 10000
Nfree: 663
Nscatter: 9337
Nlost: 0
omega: 1805.98
Ntraj: 10000
Nfree: 637
Nscatter: 9363
Nlost: 0
omega: 1701.45
Ntraj: 10000
Nfree: 659
Nscatter: 9341
Nlost: 0
omega: 1756.82
Ntraj: 10000
Nfree: 676
Nscatter: 9324
Nlost: 0
omega: 1840.21
Ntraj: 10000
Nfree: 669
Nscatter: 9331
Nlost: 0
omega: 1813.02
*********************************************************
task: 0
worker id: 7140
time create lcl and mol: 0.000576019 s
numbers of trajectories: 6250
time trajectory calculation: 0.342975 s
task: 1
worker id: 20647
time create lcl and mol: 0.000552893 s
numbers of trajectories: 6250
time trajectory calculation: 0.339754 s
task: 2
worker id: 51847
time create lcl and mol: 0.000540018 s
numbers of trajectories: 6250
time trajectory calculation: 0.341972 s
task: 3
worker id: 2870
time create lcl and mol: 0.000522137 s
numbers of trajectories: 6250
time trajectory calculation: 0.346131 s
task: 4
worker id: 48983
time create lcl and mol: 0.000686884 s
numbers of trajectories: 6250
time trajectory calculation: 0.335061 s
task: 5
worker id: 64474
time create lcl and mol: 0.000543118 s
numbers of trajectories: 6250
time trajectory calculation: 0.354476 s
task: 6
worker id: 2870
time create lcl and mol: 0.000585079 s
numbers of trajectories: 6250
time trajectory calculation: 0.325428 s
task: 7
worker id: 84772
time create lcl and mol: 0.000573158 s
numbers of trajectories: 6250
time trajectory calculation: 0.342693 s
task: 8
worker id: 7140
time create lcl and mol: 0.000575066 s
numbers of trajectories: 6250
time trajectory calculation: 0.337753 s
task: 9
worker id: 59618
time create lcl and mol: 0.000560045 s
numbers of trajectories: 6250
time trajectory calculation: 0.349529 s
task: 10
worker id: 51847
time create lcl and mol: 0.000619888 s
numbers of trajectories: 6250
time trajectory calculation: 0.327996 s
task: 11
worker id: 59618
time create lcl and mol: 0.000598907 s
numbers of trajectories: 6250
time trajectory calculation: 0.318119 s
task: 12
worker id: 64474
time create lcl and mol: 0.000565052 s
numbers of trajectories: 6250
time trajectory calculation: 0.343782 s
task: 13
worker id: 84772
time create lcl and mol: 0.000596046 s
numbers of trajectories: 6250
time trajectory calculation: 0.335007 s
task: 14
worker id: 20647
time create lcl and mol: 0.000602961 s
numbers of trajectories: 6250
time trajectory calculation: 0.626989 s
task: 15
worker id: 48983
time create lcl and mol: 0.000591993 s
numbers of trajectories: 6250
time trajectory calculation: 0.347274 s
CCS time: 1.03631 s
*********************************************************
average value of CCS = 1761.84 Ang^2
error value of CCS = 23.7987 Ang^2
Total time: 1.04719 s
Program finished...
*********************************************************
INPUT:: Simulation Parameters 
*********************************************************
target filename                  : 02_2akq_01_carga_7_min.xyz
number of probe                  : 10000
number of iterarions             : 10
number of tasks                  : 16
number of threads                : 24
seed number                      : 2104
gas buffer                       : He
Target Temperature (K)           : 298
timestep (fs)                    : 10
Skin cell size (Ang)             : 0.01
Equipotential                    : no
Cut short-range interaction      : yes
LJ cutoff (Ang)                  : 12
Apply long-range interaction     : yes
Cut long-range interaction       : yes
Coulomb cutoff (Ang)             : 25
Apply induced-dipole interaction : yes
alpha (Ang^3)                    : 0.204956
force_type: 4
*********************************************************
Force Field parameters: 
*********************************************************
Symbol  mass (amu)  epislon (kcal/mol)  sigma(Angstroms) 
C   12.011   0.0309   3.043
N   14.007   0.0309   3.043
H   1.008   0.015   2.38
O   15.999   0.0309   3.043
S   32.06   0.0311   3.5
*********************************************************
MOLECULE:: orientation around the inertia principal axis 
*********************************************************
Inertia matrix a.u. Ang^2: 
{  2.47346e+06  80067.3  210732  }
{  80067.3  2.5905e+06  15544.3  }
{  210732  15544.3  2.4855e+06  }
Rotation matrix applied to molecule: 
{  0.652112  0.4584  0.603837  }
{  -0.725153  0.144822  0.673186  }
{  0.22114  -0.876867  0.426851  }
Molecule radius: 27.1023 Ang 
orientation time of molecule target: 0.00318408 s
target mass: 17694.5 amu
gas mass: 4.0026 amu
reduce mass: 4.00169 amu
charge state: 7 e
*********************************************************
Geometric Ellipsoid: 
*********************************************************
maximal distances: 19.2489  21.325  24.1645  Ang
Initial axis length: 69.2589  71.335  74.1745  Ang
Ellipsoid axis length: 72.7989  74.875  77.7145  Ang
ellipsoid calculation time: 4.48227e-05 s
maximal impact parameter: 77.7145 Ang
*********************************************************
Linked-cell: 
Numbers of cells: 2197
Nx: 13 Ny: 13 Nz: 13
Filled cells: 43
Empty cells: 2154
Average atoms per cell: 58.3256
Maximum atoms per cell: 183
Minimum atoms per cell: 1
Simulation box: 
lx: 156.13 Ang
ly: 156.13 Ang
lz: 156.13 Ang
linked-cell calculation time: 0.00231791 s
time info: 0.000115871 s
*********************************************************
Trajectory calculations 
*********************************************************
out target time: 1.08131 s
Ntraj: 10000
Nfree: 677
Nscatter: 9323
Nlost: 0
omega: 1644.38
Ntraj: 10000
Nfree: 660
Nscatter: 9340
Nlost: 0
omega: 1733.81
Ntraj: 10000
Nfree: 660
Nscatter: 9340
Nlost: 0
omega: 1639.56
Ntraj: 10000
Nfree: 626
Nscatter: 9374
Nlost: 0
omega: 1842.34
Ntraj: 10000
Nfree: 656
Nscatter: 9344
Nlost: 0
omega: 1840.86
Ntraj: 10000
Nfree: 663
Nscatter: 9337
Nlost: 0
omega: 1805.98
Ntraj: 10000
Nfree: 637
Nscatter: 9363
Nlost: 0
omega: 1701.45
Ntraj: 10000
Nfree: 659
Nscatter: 9341
Nlost: 0
omega: 1756.82
Ntraj: 10000
Nfree: 676
Nscatter: 9324
Nlost: 0
omega: 1840.21
Ntraj: 10000
Nfree: 669
Nscatter: 9331
Nlost: 0
omega: 1813.02
*********************************************************
task: 0
worker id: 51934
time create lcl and mol: 0.000557899 s
numbers of trajectories: 6250
time trajectory calculation: 0.341102 s
task: 1
worker id: 7240
time create lcl and mol: 0.000546932 s
numbers of trajectories: 6250
time trajectory calculation: 0.339726 s
task: 2
worker id: 49070
time create lcl and mol: 0.00058198 s
numbers of trajectories: 6250
time trajectory calculation: 0.329986 s
task: 3
worker id: 64560
time create lcl and mol: 0.000571012 s
numbers of trajectories: 6250
time trajectory calculation: 0.341639 s
task: 4
worker id: 20735
time create lcl and mol: 0.000773907 s
numbers of trajectories: 6250
time trajectory calculation: 0.334046 s
task: 5
worker id: 20735
time create lcl and mol: 0.000586033 s
numbers of trajectories: 6250
time trajectory calculation: 0.338259 s
task: 6
worker id: 2963
time create lcl and mol: 0.000580072 s
numbers of trajectories: 6250
time trajectory calculation: 0.35991 s
task: 7
worker id: 84859
time create lcl and mol: 0.000701904 s
numbers of trajectories: 6250
time trajectory calculation: 0.367651 s
task: 8
worker id: 59704
time create lcl and mol: 0.000787973 s
numbers of trajectories: 6250
time trajectory calculation: 0.348673 s
task: 9
worker id: 64560
time create lcl and mol: 0.000594139 s
numbers of trajectories: 6250
time trajectory calculation: 0.341837 s
task: 10
worker id: 51934
time create lcl and mol: 0.000582933 s
numbers of trajectories: 6250
time trajectory calculation: 0.337286 s
task: 11
worker id: 7240
time create lcl and mol: 0.000584126 s
numbers of trajectories: 6250
time trajectory calculation: 0.311952 s
task: 12
worker id: 59704
time create lcl and mol: 0.000578165 s
numbers of trajectories: 6250
time trajectory calculation: 0.341199 s
task: 13
worker id: 49070
time create lcl and mol: 0.000550985 s
numbers of trajectories: 6250
time trajectory calculation: 0.355751 s
task: 14
worker id: 2963
time create lcl and mol: 0.000513077 s
numbers of trajectories: 6250
time trajectory calculation: 0.666025 s
task: 15
worker id: 84859
time create lcl and mol: 0.000639915 s
numbers of trajectories: 6250
time trajectory calculation: 0.348845 s
CCS time: 1.08905 s
*********************************************************
average value of CCS = 1761.84 Ang^2
error value of CCS = 23.7987 Ang^2
Total time: 1.10145 s
Program finished...
