*********************************************************
INPUT:: Simulation Parameters 
*********************************************************
target filename                  : 07_1hfx_carga_6_min.xyz
number of probe                  : 10000
number of iterarions             : 10
number of tasks                  : 24
number of threads                : 24
seed number                      : 2104
gas buffer                       : He
Target Temperature (K)           : 298
timestep (fs)                    : 10
Skin cell size (Ang)             : 0.01
Equipotential                    : no
Cut short-range interaction      : yes
LJ cutoff (Ang)                  : 12
Apply long-range interaction     : yes
Cut long-range interaction       : yes
Coulomb cutoff (Ang)             : 25
Apply induced-dipole interaction : yes
alpha (Ang^3)                    : 0.204956
force_type: 4
*********************************************************
Force Field parameters: 
*********************************************************
Symbol  mass (amu)  epislon (kcal/mol)  sigma(Angstroms) 
C   12.011   0.0309   3.043
N   14.007   0.0309   3.043
H   1.008   0.015   2.38
O   15.999   0.0309   3.043
S   32.06   0.0311   3.5
*********************************************************
MOLECULE:: orientation around the inertia principal axis 
*********************************************************
Inertia matrix a.u. Ang^2: 
{  2.15825e+06  -153520  -326774  }
{  -153520  1.94756e+06  -366619  }
{  -326774  -366619  1.54064e+06  }
Rotation matrix applied to molecule: 
{  0.914026  0.0232003  -0.404993  }
{  0.348728  0.465087  0.813685  }
{  0.207235  -0.884961  0.417011  }
Molecule radius: 26.4525 Ang 
orientation time of molecule target: 0.0408649 s
target mass: 14221.2 amu
gas mass: 4.0026 amu
reduce mass: 4.00147 amu
charge state: 6 e
*********************************************************
Geometric Ellipsoid: 
*********************************************************
maximal distances: 14.3081  18.329  25.5156  Ang
Initial axis length: 64.3181  68.339  75.5256  Ang
Ellipsoid axis length: 66.5781  70.599  77.7856  Ang
ellipsoid calculation time: 4.41074e-05 s
maximal impact parameter: 77.7856 Ang
*********************************************************
Linked-cell: 
Numbers of cells: 1872
Nx: 12 Ny: 12 Nz: 13
Filled cells: 36
Empty cells: 1836
Average atoms per cell: 54.7222
Maximum atoms per cell: 197
Minimum atoms per cell: 1
Simulation box: 
lx: 144.12 Ang
ly: 144.12 Ang
lz: 156.13 Ang
linked-cell calculation time: 0.00204206 s
time info: 0.000101089 s
*********************************************************
Trajectory calculations 
*********************************************************
out target time: 0.914849 s
Ntraj: 10000
Nfree: 1557
Nscatter: 8443
Nlost: 0
omega: 1480.14
Ntraj: 10000
Nfree: 1526
Nscatter: 8473
Nlost: 1
omega: 1432.63
Ntraj: 10000
Nfree: 1537
Nscatter: 8463
Nlost: 0
omega: 1338.76
Ntraj: 10000
Nfree: 1508
Nscatter: 8492
Nlost: 0
omega: 1569.18
Ntraj: 10000
Nfree: 1540
Nscatter: 8460
Nlost: 0
omega: 1652.89
Ntraj: 10000
Nfree: 1553
Nscatter: 8447
Nlost: 0
omega: 1553.63
Ntraj: 10000
Nfree: 1568
Nscatter: 8432
Nlost: 0
omega: 1545.69
Ntraj: 10000
Nfree: 1560
Nscatter: 8440
Nlost: 0
omega: 1514.92
Ntraj: 10000
Nfree: 1560
Nscatter: 8440
Nlost: 0
omega: 1618.87
Ntraj: 10000
Nfree: 1549
Nscatter: 8451
Nlost: 0
omega: 1574.71
*********************************************************
task: 0
worker id: 45333
time create lcl and mol: 0.000446081 s
numbers of trajectories: 4167
time trajectory calculation: 0.179747 s
task: 1
worker id: 45333
time create lcl and mol: 0.000510931 s
numbers of trajectories: 4167
time trajectory calculation: 0.176839 s
task: 2
worker id: 9270
time create lcl and mol: 0.000500917 s
numbers of trajectories: 4167
time trajectory calculation: 0.18241 s
task: 3
worker id: 29665
time create lcl and mol: 0.000473976 s
numbers of trajectories: 4167
time trajectory calculation: 0.677454 s
task: 4
worker id: 58559
time create lcl and mol: 0.000446081 s
numbers of trajectories: 4167
time trajectory calculation: 0.198491 s
task: 5
worker id: 9270
time create lcl and mol: 0.000506163 s
numbers of trajectories: 4167
time trajectory calculation: 0.19789 s
task: 6
worker id: 58559
time create lcl and mol: 0.000490904 s
numbers of trajectories: 4167
time trajectory calculation: 0.175909 s
task: 7
worker id: 4561
time create lcl and mol: 0.000507832 s
numbers of trajectories: 4167
time trajectory calculation: 0.194715 s
task: 8
worker id: 94265
time create lcl and mol: 0.000488997 s
numbers of trajectories: 4167
time trajectory calculation: 0.256362 s
task: 9
worker id: 91544
time create lcl and mol: 0.000449181 s
numbers of trajectories: 4167
time trajectory calculation: 0.191276 s
task: 10
worker id: 91544
time create lcl and mol: 0.000452995 s
numbers of trajectories: 4167
time trajectory calculation: 0.182794 s
task: 11
worker id: 9270
time create lcl and mol: 0.00049305 s
numbers of trajectories: 4167
time trajectory calculation: 0.189331 s
task: 12
worker id: 91544
time create lcl and mol: 0.000462055 s
numbers of trajectories: 4167
time trajectory calculation: 0.187697 s
task: 13
worker id: 45333
time create lcl and mol: 0.000497818 s
numbers of trajectories: 4167
time trajectory calculation: 0.181143 s
task: 14
worker id: 63011
time create lcl and mol: 0.000506878 s
numbers of trajectories: 4167
time trajectory calculation: 0.648814 s
task: 15
worker id: 58559
time create lcl and mol: 0.00049901 s
numbers of trajectories: 4167
time trajectory calculation: 0.186537 s
task: 16
worker id: 91544
time create lcl and mol: 0.000663996 s
numbers of trajectories: 4166
time trajectory calculation: 0.184967 s
task: 17
worker id: 94265
time create lcl and mol: 0.00049305 s
numbers of trajectories: 4166
time trajectory calculation: 0.184831 s
task: 18
worker id: 4561
time create lcl and mol: 0.000549078 s
numbers of trajectories: 4166
time trajectory calculation: 0.187425 s
task: 19
worker id: 63011
time create lcl and mol: 0.000720024 s
numbers of trajectories: 4166
time trajectory calculation: 0.197515 s
task: 20
worker id: 45333
time create lcl and mol: 0.00049305 s
numbers of trajectories: 4166
time trajectory calculation: 0.183712 s
task: 21
worker id: 4561
time create lcl and mol: 0.000540018 s
numbers of trajectories: 4166
time trajectory calculation: 0.186837 s
task: 22
worker id: 58559
time create lcl and mol: 0.000494003 s
numbers of trajectories: 4166
time trajectory calculation: 0.185247 s
task: 23
worker id: 94265
time create lcl and mol: 0.000492096 s
numbers of trajectories: 4166
time trajectory calculation: 0.195525 s
CCS time: 0.922996 s
*********************************************************
average value of CCS = 1528.14 Ang^2
error value of CCS = 27.5813 Ang^2
Total time: 0.971455 s
Program finished...
*********************************************************
INPUT:: Simulation Parameters 
*********************************************************
target filename                  : 07_1hfx_carga_6_min.xyz
number of probe                  : 10000
number of iterarions             : 10
number of tasks                  : 24
number of threads                : 24
seed number                      : 2104
gas buffer                       : He
Target Temperature (K)           : 298
timestep (fs)                    : 10
Skin cell size (Ang)             : 0.01
Equipotential                    : no
Cut short-range interaction      : yes
LJ cutoff (Ang)                  : 12
Apply long-range interaction     : yes
Cut long-range interaction       : yes
Coulomb cutoff (Ang)             : 25
Apply induced-dipole interaction : yes
alpha (Ang^3)                    : 0.204956
force_type: 4
*********************************************************
Force Field parameters: 
*********************************************************
Symbol  mass (amu)  epislon (kcal/mol)  sigma(Angstroms) 
C   12.011   0.0309   3.043
N   14.007   0.0309   3.043
H   1.008   0.015   2.38
O   15.999   0.0309   3.043
S   32.06   0.0311   3.5
*********************************************************
MOLECULE:: orientation around the inertia principal axis 
*********************************************************
Inertia matrix a.u. Ang^2: 
{  2.15825e+06  -153520  -326774  }
{  -153520  1.94756e+06  -366619  }
{  -326774  -366619  1.54064e+06  }
Rotation matrix applied to molecule: 
{  0.914026  0.0232003  -0.404993  }
{  0.348728  0.465087  0.813685  }
{  0.207235  -0.884961  0.417011  }
Molecule radius: 26.4525 Ang 
orientation time of molecule target: 0.0025878 s
target mass: 14221.2 amu
gas mass: 4.0026 amu
reduce mass: 4.00147 amu
charge state: 6 e
*********************************************************
Geometric Ellipsoid: 
*********************************************************
maximal distances: 14.3081  18.329  25.5156  Ang
Initial axis length: 64.3181  68.339  75.5256  Ang
Ellipsoid axis length: 66.5781  70.599  77.7856  Ang
ellipsoid calculation time: 4.3869e-05 s
maximal impact parameter: 77.7856 Ang
*********************************************************
Linked-cell: 
Numbers of cells: 1872
Nx: 12 Ny: 12 Nz: 13
Filled cells: 36
Empty cells: 1836
Average atoms per cell: 54.7222
Maximum atoms per cell: 197
Minimum atoms per cell: 1
Simulation box: 
lx: 144.12 Ang
ly: 144.12 Ang
lz: 156.13 Ang
linked-cell calculation time: 0.00200105 s
time info: 9.799e-05 s
*********************************************************
Trajectory calculations 
*********************************************************
out target time: 1.22306 s
Ntraj: 10000
Nfree: 1557
Nscatter: 8443
Nlost: 0
omega: 1480.14
Ntraj: 10000
Nfree: 1526
Nscatter: 8473
Nlost: 1
omega: 1432.63
Ntraj: 10000
Nfree: 1537
Nscatter: 8463
Nlost: 0
omega: 1338.76
Ntraj: 10000
Nfree: 1508
Nscatter: 8492
Nlost: 0
omega: 1569.18
Ntraj: 10000
Nfree: 1540
Nscatter: 8460
Nlost: 0
omega: 1652.89
Ntraj: 10000
Nfree: 1553
Nscatter: 8447
Nlost: 0
omega: 1553.63
Ntraj: 10000
Nfree: 1568
Nscatter: 8432
Nlost: 0
omega: 1545.69
Ntraj: 10000
Nfree: 1560
Nscatter: 8440
Nlost: 0
omega: 1514.92
Ntraj: 10000
Nfree: 1560
Nscatter: 8440
Nlost: 0
omega: 1618.87
Ntraj: 10000
Nfree: 1549
Nscatter: 8451
Nlost: 0
omega: 1574.71
*********************************************************
task: 0
worker id: 29768
time create lcl and mol: 0.000550032 s
numbers of trajectories: 4167
time trajectory calculation: 0.197268 s
task: 1
worker id: 4662
time create lcl and mol: 0.000461102 s
numbers of trajectories: 4167
time trajectory calculation: 0.189426 s
task: 2
worker id: 91646
time create lcl and mol: 0.000453949 s
numbers of trajectories: 4167
time trajectory calculation: 0.192291 s
task: 3
worker id: 29768
time create lcl and mol: 0.000554085 s
numbers of trajectories: 4167
time trajectory calculation: 0.668156 s
task: 4
worker id: 94364
time create lcl and mol: 0.000470877 s
numbers of trajectories: 4167
time trajectory calculation: 0.193938 s
task: 5
worker id: 58674
time create lcl and mol: 0.000471115 s
numbers of trajectories: 4167
time trajectory calculation: 0.208983 s
task: 6
worker id: 9369
time create lcl and mol: 0.000467062 s
numbers of trajectories: 4167
time trajectory calculation: 0.177603 s
task: 7
worker id: 45433
time create lcl and mol: 0.000462055 s
numbers of trajectories: 4167
time trajectory calculation: 0.193238 s
task: 8
worker id: 63113
time create lcl and mol: 0.000473976 s
numbers of trajectories: 4167
time trajectory calculation: 0.281558 s
task: 9
worker id: 58674
time create lcl and mol: 0.000566959 s
numbers of trajectories: 4167
time trajectory calculation: 0.205799 s
task: 10
worker id: 9369
time create lcl and mol: 0.000497103 s
numbers of trajectories: 4167
time trajectory calculation: 0.179615 s
task: 11
worker id: 63113
time create lcl and mol: 0.000521183 s
numbers of trajectories: 4167
time trajectory calculation: 0.185377 s
task: 12
worker id: 4662
time create lcl and mol: 0.000526905 s
numbers of trajectories: 4167
time trajectory calculation: 0.184489 s
task: 13
worker id: 94364
time create lcl and mol: 0.000496149 s
numbers of trajectories: 4167
time trajectory calculation: 0.180488 s
task: 14
worker id: 63113
time create lcl and mol: 0.000514984 s
numbers of trajectories: 4167
time trajectory calculation: 0.668008 s
task: 15
worker id: 9369
time create lcl and mol: 0.000515938 s
numbers of trajectories: 4167
time trajectory calculation: 0.187194 s
task: 16
worker id: 91646
time create lcl and mol: 0.000551939 s
numbers of trajectories: 4166
time trajectory calculation: 0.178053 s
task: 17
worker id: 58674
time create lcl and mol: 0.000534058 s
numbers of trajectories: 4166
time trajectory calculation: 0.182771 s
task: 18
worker id: 94364
time create lcl and mol: 0.00050211 s
numbers of trajectories: 4166
time trajectory calculation: 0.178652 s
task: 19
worker id: 45433
time create lcl and mol: 0.00048995 s
numbers of trajectories: 4166
time trajectory calculation: 0.19999 s
task: 20
worker id: 29768
time create lcl and mol: 0.000594139 s
numbers of trajectories: 4166
time trajectory calculation: 0.204108 s
task: 21
worker id: 45433
time create lcl and mol: 0.000496864 s
numbers of trajectories: 4166
time trajectory calculation: 0.188064 s
task: 22
worker id: 91646
time create lcl and mol: 0.000540018 s
numbers of trajectories: 4166
time trajectory calculation: 0.194591 s
task: 23
worker id: 4662
time create lcl and mol: 0.000521183 s
numbers of trajectories: 4166
time trajectory calculation: 0.191325 s
CCS time: 1.23094 s
*********************************************************
average value of CCS = 1528.14 Ang^2
error value of CCS = 27.5813 Ang^2
Total time: 1.24046 s
Program finished...
*********************************************************
INPUT:: Simulation Parameters 
*********************************************************
target filename                  : 07_1hfx_carga_6_min.xyz
number of probe                  : 10000
number of iterarions             : 10
number of tasks                  : 24
number of threads                : 24
seed number                      : 2104
gas buffer                       : He
Target Temperature (K)           : 298
timestep (fs)                    : 10
Skin cell size (Ang)             : 0.01
Equipotential                    : no
Cut short-range interaction      : yes
LJ cutoff (Ang)                  : 12
Apply long-range interaction     : yes
Cut long-range interaction       : yes
Coulomb cutoff (Ang)             : 25
Apply induced-dipole interaction : yes
alpha (Ang^3)                    : 0.204956
force_type: 4
*********************************************************
Force Field parameters: 
*********************************************************
Symbol  mass (amu)  epislon (kcal/mol)  sigma(Angstroms) 
C   12.011   0.0309   3.043
N   14.007   0.0309   3.043
H   1.008   0.015   2.38
O   15.999   0.0309   3.043
S   32.06   0.0311   3.5
*********************************************************
MOLECULE:: orientation around the inertia principal axis 
*********************************************************
Inertia matrix a.u. Ang^2: 
{  2.15825e+06  -153520  -326774  }
{  -153520  1.94756e+06  -366619  }
{  -326774  -366619  1.54064e+06  }
Rotation matrix applied to molecule: 
{  0.914026  0.0232003  -0.404993  }
{  0.348728  0.465087  0.813685  }
{  0.207235  -0.884961  0.417011  }
Molecule radius: 26.4525 Ang 
orientation time of molecule target: 0.00259089 s
target mass: 14221.2 amu
gas mass: 4.0026 amu
reduce mass: 4.00147 amu
charge state: 6 e
*********************************************************
Geometric Ellipsoid: 
*********************************************************
maximal distances: 14.3081  18.329  25.5156  Ang
Initial axis length: 64.3181  68.339  75.5256  Ang
Ellipsoid axis length: 66.5781  70.599  77.7856  Ang
ellipsoid calculation time: 4.19617e-05 s
maximal impact parameter: 77.7856 Ang
*********************************************************
Linked-cell: 
Numbers of cells: 1872
Nx: 12 Ny: 12 Nz: 13
Filled cells: 36
Empty cells: 1836
Average atoms per cell: 54.7222
Maximum atoms per cell: 197
Minimum atoms per cell: 1
Simulation box: 
lx: 144.12 Ang
ly: 144.12 Ang
lz: 156.13 Ang
linked-cell calculation time: 0.00208688 s
time info: 9.70364e-05 s
*********************************************************
Trajectory calculations 
*********************************************************
out target time: 0.891796 s
Ntraj: 10000
Nfree: 1557
Nscatter: 8443
Nlost: 0
omega: 1480.14
Ntraj: 10000
Nfree: 1526
Nscatter: 8473
Nlost: 1
omega: 1432.63
Ntraj: 10000
Nfree: 1537
Nscatter: 8463
Nlost: 0
omega: 1338.76
Ntraj: 10000
Nfree: 1508
Nscatter: 8492
Nlost: 0
omega: 1569.18
Ntraj: 10000
Nfree: 1540
Nscatter: 8460
Nlost: 0
omega: 1652.89
Ntraj: 10000
Nfree: 1553
Nscatter: 8447
Nlost: 0
omega: 1553.63
Ntraj: 10000
Nfree: 1568
Nscatter: 8432
Nlost: 0
omega: 1545.69
Ntraj: 10000
Nfree: 1560
Nscatter: 8440
Nlost: 0
omega: 1514.92
Ntraj: 10000
Nfree: 1560
Nscatter: 8440
Nlost: 0
omega: 1618.87
Ntraj: 10000
Nfree: 1549
Nscatter: 8451
Nlost: 0
omega: 1574.71
*********************************************************
task: 0
worker id: 45522
time create lcl and mol: 0.00051403 s
numbers of trajectories: 4167
time trajectory calculation: 0.177126 s
task: 1
worker id: 63199
time create lcl and mol: 0.000494957 s
numbers of trajectories: 4167
time trajectory calculation: 0.182712 s
task: 2
worker id: 45522
time create lcl and mol: 0.000464916 s
numbers of trajectories: 4167
time trajectory calculation: 0.18487 s
task: 3
worker id: 9458
time create lcl and mol: 0.000461102 s
numbers of trajectories: 4167
time trajectory calculation: 0.647704 s
task: 4
worker id: 58773
time create lcl and mol: 0.000473976 s
numbers of trajectories: 4167
time trajectory calculation: 0.196908 s
task: 5
worker id: 58773
time create lcl and mol: 0.000519037 s
numbers of trajectories: 4167
time trajectory calculation: 0.189426 s
task: 6
worker id: 29855
time create lcl and mol: 0.000481129 s
numbers of trajectories: 4167
time trajectory calculation: 0.180819 s
task: 7
worker id: 4749
time create lcl and mol: 0.00047183 s
numbers of trajectories: 4167
time trajectory calculation: 0.187192 s
task: 8
worker id: 94452
time create lcl and mol: 0.000538826 s
numbers of trajectories: 4167
time trajectory calculation: 0.259809 s
task: 9
worker id: 58773
time create lcl and mol: 0.000518084 s
numbers of trajectories: 4167
time trajectory calculation: 0.189219 s
task: 10
worker id: 63199
time create lcl and mol: 0.000498056 s
numbers of trajectories: 4167
time trajectory calculation: 0.18227 s
task: 11
worker id: 94452
time create lcl and mol: 0.000510931 s
numbers of trajectories: 4167
time trajectory calculation: 0.184381 s
task: 12
worker id: 91733
time create lcl and mol: 0.000529051 s
numbers of trajectories: 4167
time trajectory calculation: 0.182598 s
task: 13
worker id: 91733
time create lcl and mol: 0.000515938 s
numbers of trajectories: 4167
time trajectory calculation: 0.185714 s
task: 14
worker id: 29855
time create lcl and mol: 0.00049901 s
numbers of trajectories: 4167
time trajectory calculation: 0.643598 s
task: 15
worker id: 4749
time create lcl and mol: 0.00052309 s
numbers of trajectories: 4167
time trajectory calculation: 0.186588 s
task: 16
worker id: 91733
time create lcl and mol: 0.000471115 s
numbers of trajectories: 4166
time trajectory calculation: 0.186083 s
task: 17
worker id: 94452
time create lcl and mol: 0.000464916 s
numbers of trajectories: 4166
time trajectory calculation: 0.185486 s
task: 18
worker id: 63199
time create lcl and mol: 0.000466108 s
numbers of trajectories: 4166
time trajectory calculation: 0.184735 s
task: 19
worker id: 45522
time create lcl and mol: 0.000486851 s
numbers of trajectories: 4166
time trajectory calculation: 0.195606 s
task: 20
worker id: 4749
time create lcl and mol: 0.000490904 s
numbers of trajectories: 4166
time trajectory calculation: 0.184504 s
task: 21
worker id: 91733
time create lcl and mol: 0.000520945 s
numbers of trajectories: 4166
time trajectory calculation: 0.188397 s
task: 22
worker id: 4749
time create lcl and mol: 0.00051713 s
numbers of trajectories: 4166
time trajectory calculation: 0.180126 s
task: 23
worker id: 63199
time create lcl and mol: 0.00050211 s
numbers of trajectories: 4166
time trajectory calculation: 0.195076 s
CCS time: 0.899842 s
*********************************************************
average value of CCS = 1528.14 Ang^2
error value of CCS = 27.5813 Ang^2
Total time: 0.90959 s
Program finished...
*********************************************************
INPUT:: Simulation Parameters 
*********************************************************
target filename                  : 07_1hfx_carga_6_min.xyz
number of probe                  : 10000
number of iterarions             : 10
number of tasks                  : 24
number of threads                : 24
seed number                      : 2104
gas buffer                       : He
Target Temperature (K)           : 298
timestep (fs)                    : 10
Skin cell size (Ang)             : 0.01
Equipotential                    : no
Cut short-range interaction      : yes
LJ cutoff (Ang)                  : 12
Apply long-range interaction     : yes
Cut long-range interaction       : yes
Coulomb cutoff (Ang)             : 25
Apply induced-dipole interaction : yes
alpha (Ang^3)                    : 0.204956
force_type: 4
*********************************************************
Force Field parameters: 
*********************************************************
Symbol  mass (amu)  epislon (kcal/mol)  sigma(Angstroms) 
C   12.011   0.0309   3.043
N   14.007   0.0309   3.043
H   1.008   0.015   2.38
O   15.999   0.0309   3.043
S   32.06   0.0311   3.5
*********************************************************
MOLECULE:: orientation around the inertia principal axis 
*********************************************************
Inertia matrix a.u. Ang^2: 
{  2.15825e+06  -153520  -326774  }
{  -153520  1.94756e+06  -366619  }
{  -326774  -366619  1.54064e+06  }
Rotation matrix applied to molecule: 
{  0.914026  0.0232003  -0.404993  }
{  0.348728  0.465087  0.813685  }
{  0.207235  -0.884961  0.417011  }
Molecule radius: 26.4525 Ang 
orientation time of molecule target: 0.00262403 s
target mass: 14221.2 amu
gas mass: 4.0026 amu
reduce mass: 4.00147 amu
charge state: 6 e
*********************************************************
Geometric Ellipsoid: 
*********************************************************
maximal distances: 14.3081  18.329  25.5156  Ang
Initial axis length: 64.3181  68.339  75.5256  Ang
Ellipsoid axis length: 66.5781  70.599  77.7856  Ang
ellipsoid calculation time: 4.19617e-05 s
maximal impact parameter: 77.7856 Ang
*********************************************************
Linked-cell: 
Numbers of cells: 1872
Nx: 12 Ny: 12 Nz: 13
Filled cells: 36
Empty cells: 1836
Average atoms per cell: 54.7222
Maximum atoms per cell: 197
Minimum atoms per cell: 1
Simulation box: 
lx: 144.12 Ang
ly: 144.12 Ang
lz: 156.13 Ang
linked-cell calculation time: 0.00206518 s
time info: 9.39369e-05 s
*********************************************************
Trajectory calculations 
*********************************************************
out target time: 1.09745 s
Ntraj: 10000
Nfree: 1557
Nscatter: 8443
Nlost: 0
omega: 1480.14
Ntraj: 10000
Nfree: 1526
Nscatter: 8473
Nlost: 1
omega: 1432.63
Ntraj: 10000
Nfree: 1537
Nscatter: 8463
Nlost: 0
omega: 1338.76
Ntraj: 10000
Nfree: 1508
Nscatter: 8492
Nlost: 0
omega: 1569.18
Ntraj: 10000
Nfree: 1540
Nscatter: 8460
Nlost: 0
omega: 1652.89
Ntraj: 10000
Nfree: 1553
Nscatter: 8447
Nlost: 0
omega: 1553.63
Ntraj: 10000
Nfree: 1568
Nscatter: 8432
Nlost: 0
omega: 1545.69
Ntraj: 10000
Nfree: 1560
Nscatter: 8440
Nlost: 0
omega: 1514.92
Ntraj: 10000
Nfree: 1560
Nscatter: 8440
Nlost: 0
omega: 1618.87
Ntraj: 10000
Nfree: 1549
Nscatter: 8451
Nlost: 0
omega: 1574.71
*********************************************************
task: 0
worker id: 63285
time create lcl and mol: 0.000497818 s
numbers of trajectories: 4167
time trajectory calculation: 0.184593 s
task: 1
worker id: 94539
time create lcl and mol: 0.000505924 s
numbers of trajectories: 4167
time trajectory calculation: 0.189402 s
task: 2
worker id: 9544
time create lcl and mol: 0.000473976 s
numbers of trajectories: 4167
time trajectory calculation: 0.191311 s
task: 3
worker id: 29942
time create lcl and mol: 0.000491858 s
numbers of trajectories: 4167
time trajectory calculation: 0.67387 s
task: 4
worker id: 58873
time create lcl and mol: 0.000494003 s
numbers of trajectories: 4167
time trajectory calculation: 0.197842 s
task: 5
worker id: 4835
time create lcl and mol: 0.000452995 s
numbers of trajectories: 4167
time trajectory calculation: 0.193619 s
task: 6
worker id: 63285
time create lcl and mol: 0.00050211 s
numbers of trajectories: 4167
time trajectory calculation: 0.173004 s
task: 7
worker id: 9544
time create lcl and mol: 0.000478983 s
numbers of trajectories: 4167
time trajectory calculation: 0.178564 s
task: 8
worker id: 91820
time create lcl and mol: 0.000519991 s
numbers of trajectories: 4167
time trajectory calculation: 0.270886 s
task: 9
worker id: 58873
time create lcl and mol: 0.000518084 s
numbers of trajectories: 4167
time trajectory calculation: 0.190715 s
task: 10
worker id: 63285
time create lcl and mol: 0.000497818 s
numbers of trajectories: 4167
time trajectory calculation: 0.180845 s
task: 11
worker id: 58873
time create lcl and mol: 0.000519991 s
numbers of trajectories: 4167
time trajectory calculation: 0.18571 s
task: 12
worker id: 63285
time create lcl and mol: 0.00049305 s
numbers of trajectories: 4167
time trajectory calculation: 0.182901 s
task: 13
worker id: 4835
time create lcl and mol: 0.000498056 s
numbers of trajectories: 4167
time trajectory calculation: 0.179844 s
task: 14
worker id: 4835
time create lcl and mol: 0.000494957 s
numbers of trajectories: 4167
time trajectory calculation: 0.646868 s
task: 15
worker id: 94539
time create lcl and mol: 0.000520945 s
numbers of trajectories: 4167
time trajectory calculation: 0.18917 s
task: 16
worker id: 45612
time create lcl and mol: 0.000513077 s
numbers of trajectories: 4166
time trajectory calculation: 0.177599 s
task: 17
worker id: 91820
time create lcl and mol: 0.000494003 s
numbers of trajectories: 4166
time trajectory calculation: 0.18518 s
task: 18
worker id: 91820
time create lcl and mol: 0.000511169 s
numbers of trajectories: 4166
time trajectory calculation: 0.180946 s
task: 19
worker id: 45612
time create lcl and mol: 0.000473022 s
numbers of trajectories: 4166
time trajectory calculation: 0.204207 s
task: 20
worker id: 9544
time create lcl and mol: 0.000483036 s
numbers of trajectories: 4166
time trajectory calculation: 0.188094 s
task: 21
worker id: 9544
time create lcl and mol: 0.000500917 s
numbers of trajectories: 4166
time trajectory calculation: 0.182738 s
task: 22
worker id: 45612
time create lcl and mol: 0.000519991 s
numbers of trajectories: 4166
time trajectory calculation: 0.189768 s
task: 23
worker id: 94539
time create lcl and mol: 0.00052309 s
numbers of trajectories: 4166
time trajectory calculation: 0.195387 s
CCS time: 1.10547 s
*********************************************************
average value of CCS = 1528.14 Ang^2
error value of CCS = 27.5813 Ang^2
Total time: 1.11524 s
Program finished...
*********************************************************
INPUT:: Simulation Parameters 
*********************************************************
target filename                  : 07_1hfx_carga_6_min.xyz
number of probe                  : 10000
number of iterarions             : 10
number of tasks                  : 24
number of threads                : 24
seed number                      : 2104
gas buffer                       : He
Target Temperature (K)           : 298
timestep (fs)                    : 10
Skin cell size (Ang)             : 0.01
Equipotential                    : no
Cut short-range interaction      : yes
LJ cutoff (Ang)                  : 12
Apply long-range interaction     : yes
Cut long-range interaction       : yes
Coulomb cutoff (Ang)             : 25
Apply induced-dipole interaction : yes
alpha (Ang^3)                    : 0.204956
force_type: 4
*********************************************************
Force Field parameters: 
*********************************************************
Symbol  mass (amu)  epislon (kcal/mol)  sigma(Angstroms) 
C   12.011   0.0309   3.043
N   14.007   0.0309   3.043
H   1.008   0.015   2.38
O   15.999   0.0309   3.043
S   32.06   0.0311   3.5
*********************************************************
MOLECULE:: orientation around the inertia principal axis 
*********************************************************
Inertia matrix a.u. Ang^2: 
{  2.15825e+06  -153520  -326774  }
{  -153520  1.94756e+06  -366619  }
{  -326774  -366619  1.54064e+06  }
Rotation matrix applied to molecule: 
{  0.914026  0.0232003  -0.404993  }
{  0.348728  0.465087  0.813685  }
{  0.207235  -0.884961  0.417011  }
Molecule radius: 26.4525 Ang 
orientation time of molecule target: 0.00268197 s
target mass: 14221.2 amu
gas mass: 4.0026 amu
reduce mass: 4.00147 amu
charge state: 6 e
*********************************************************
Geometric Ellipsoid: 
*********************************************************
maximal distances: 14.3081  18.329  25.5156  Ang
Initial axis length: 64.3181  68.339  75.5256  Ang
Ellipsoid axis length: 66.5781  70.599  77.7856  Ang
ellipsoid calculation time: 4.3869e-05 s
maximal impact parameter: 77.7856 Ang
*********************************************************
Linked-cell: 
Numbers of cells: 1872
Nx: 12 Ny: 12 Nz: 13
Filled cells: 36
Empty cells: 1836
Average atoms per cell: 54.7222
Maximum atoms per cell: 197
Minimum atoms per cell: 1
Simulation box: 
lx: 144.12 Ang
ly: 144.12 Ang
lz: 156.13 Ang
linked-cell calculation time: 0.00202703 s
time info: 9.29832e-05 s
*********************************************************
Trajectory calculations 
*********************************************************
out target time: 0.899058 s
Ntraj: 10000
Nfree: 1557
Nscatter: 8443
Nlost: 0
omega: 1480.14
Ntraj: 10000
Nfree: 1526
Nscatter: 8473
Nlost: 1
omega: 1432.63
Ntraj: 10000
Nfree: 1537
Nscatter: 8463
Nlost: 0
omega: 1338.76
Ntraj: 10000
Nfree: 1508
Nscatter: 8492
Nlost: 0
omega: 1569.18
Ntraj: 10000
Nfree: 1540
Nscatter: 8460
Nlost: 0
omega: 1652.89
Ntraj: 10000
Nfree: 1553
Nscatter: 8447
Nlost: 0
omega: 1553.63
Ntraj: 10000
Nfree: 1568
Nscatter: 8432
Nlost: 0
omega: 1545.69
Ntraj: 10000
Nfree: 1560
Nscatter: 8440
Nlost: 0
omega: 1514.92
Ntraj: 10000
Nfree: 1560
Nscatter: 8440
Nlost: 0
omega: 1618.87
Ntraj: 10000
Nfree: 1549
Nscatter: 8451
Nlost: 0
omega: 1574.71
*********************************************************
task: 0
worker id: 94629
time create lcl and mol: 0.000473976 s
numbers of trajectories: 4167
time trajectory calculation: 0.185828 s
task: 1
worker id: 9631
time create lcl and mol: 0.000458002 s
numbers of trajectories: 4167
time trajectory calculation: 0.185936 s
task: 2
worker id: 4924
time create lcl and mol: 0.000490904 s
numbers of trajectories: 4167
time trajectory calculation: 0.184861 s
task: 3
worker id: 30029
time create lcl and mol: 0.000462055 s
numbers of trajectories: 4167
time trajectory calculation: 0.694286 s
task: 4
worker id: 91909
time create lcl and mol: 0.000430822 s
numbers of trajectories: 4167
time trajectory calculation: 0.195966 s
task: 5
worker id: 58974
time create lcl and mol: 0.000477076 s
numbers of trajectories: 4167
time trajectory calculation: 0.196497 s
task: 6
worker id: 91909
time create lcl and mol: 0.000513077 s
numbers of trajectories: 4167
time trajectory calculation: 0.174099 s
task: 7
worker id: 45702
time create lcl and mol: 0.000446081 s
numbers of trajectories: 4167
time trajectory calculation: 0.192205 s
task: 8
worker id: 63374
time create lcl and mol: 0.000595093 s
numbers of trajectories: 4167
time trajectory calculation: 0.281336 s
task: 9
worker id: 94629
time create lcl and mol: 0.000530005 s
numbers of trajectories: 4167
time trajectory calculation: 0.190777 s
task: 10
worker id: 94629
time create lcl and mol: 0.000521183 s
numbers of trajectories: 4167
time trajectory calculation: 0.189547 s
task: 11
worker id: 58974
time create lcl and mol: 0.000509024 s
numbers of trajectories: 4167
time trajectory calculation: 0.185225 s
task: 12
worker id: 91909
time create lcl and mol: 0.000473976 s
numbers of trajectories: 4167
time trajectory calculation: 0.179777 s
task: 13
worker id: 4924
time create lcl and mol: 0.000519991 s
numbers of trajectories: 4167
time trajectory calculation: 0.183387 s
task: 14
worker id: 9631
time create lcl and mol: 0.00047183 s
numbers of trajectories: 4167
time trajectory calculation: 0.647488 s
task: 15
worker id: 63374
time create lcl and mol: 0.00052309 s
numbers of trajectories: 4167
time trajectory calculation: 0.187671 s
task: 16
worker id: 4924
time create lcl and mol: 0.000504971 s
numbers of trajectories: 4166
time trajectory calculation: 0.17407 s
task: 17
worker id: 94629
time create lcl and mol: 0.000521898 s
numbers of trajectories: 4166
time trajectory calculation: 0.178184 s
task: 18
worker id: 63374
time create lcl and mol: 0.000530005 s
numbers of trajectories: 4166
time trajectory calculation: 0.187321 s
task: 19
worker id: 45702
time create lcl and mol: 0.000463009 s
numbers of trajectories: 4166
time trajectory calculation: 0.199081 s
task: 20
worker id: 4924
time create lcl and mol: 0.000511885 s
numbers of trajectories: 4166
time trajectory calculation: 0.190283 s
task: 21
worker id: 58974
time create lcl and mol: 0.000514984 s
numbers of trajectories: 4166
time trajectory calculation: 0.187242 s
task: 22
worker id: 91909
time create lcl and mol: 0.000497103 s
numbers of trajectories: 4166
time trajectory calculation: 0.189627 s
task: 23
worker id: 45702
time create lcl and mol: 0.000487089 s
numbers of trajectories: 4166
time trajectory calculation: 0.199706 s
CCS time: 0.906474 s
*********************************************************
average value of CCS = 1528.14 Ang^2
error value of CCS = 27.5813 Ang^2
Total time: 0.916457 s
Program finished...
