*********************************************************
INPUT:: Simulation Parameters 
*********************************************************
target filename                  : 02_1fd3_carga_3_min.xyz
number of probe                  : 10000
number of iterarions             : 10
number of tasks                  : 18
number of threads                : 24
seed number                      : 2104
gas buffer                       : He
Target Temperature (K)           : 298
timestep (fs)                    : 10
Skin cell size (Ang)             : 0.01
Equipotential                    : no
Cut short-range interaction      : yes
LJ cutoff (Ang)                  : 12
Apply long-range interaction     : yes
Cut long-range interaction       : yes
Coulomb cutoff (Ang)             : 25
Apply induced-dipole interaction : yes
alpha (Ang^3)                    : 0.204956
force_type: 4
*********************************************************
Force Field parameters: 
*********************************************************
Symbol  mass (amu)  epislon (kcal/mol)  sigma(Angstroms) 
C   12.011   0.0309   3.043
N   14.007   0.0309   3.043
H   1.008   0.015   2.38
O   15.999   0.0309   3.043
S   32.06   0.0311   3.5
*********************************************************
MOLECULE:: orientation around the inertia principal axis 
*********************************************************
Inertia matrix a.u. Ang^2: 
{  214906  -11513.4  -42297.4  }
{  -11513.4  310957  44573.5  }
{  -42297.4  44573.5  245138  }
Rotation matrix applied to molecule: 
{  0.242802  -0.833808  -0.495794  }
{  -0.766603  0.148265  -0.62477  }
{  0.594447  0.531773  -0.603201  }
Molecule radius: 19.762 Ang 
orientation time of molecule target: 0.00113797 s
target mass: 4331.23 amu
gas mass: 4.0026 amu
reduce mass: 3.9989 amu
charge state: 2.9988 e
*********************************************************
Geometric Ellipsoid: 
*********************************************************
maximal distances: 10.335  13.5071  18.3765  Ang
Initial axis length: 60.345  63.5171  68.3865  Ang
Ellipsoid axis length: 62.755  65.9271  70.7965  Ang
ellipsoid calculation time: 3.29018e-05 s
maximal impact parameter: 70.7965 Ang
*********************************************************
Linked-cell: 
Numbers of cells: 1452
Nx: 11 Ny: 11 Nz: 12
Filled cells: 14
Empty cells: 1438
Average atoms per cell: 43.3571
Maximum atoms per cell: 173
Minimum atoms per cell: 1
Simulation box: 
lx: 132.11 Ang
ly: 132.11 Ang
lz: 144.12 Ang
linked-cell calculation time: 0.00154805 s
time info: 4.3869e-05 s
*********************************************************
Trajectory calculations 
*********************************************************
out target time: 0.489758 s
Ntraj: 10000
Nfree: 1234
Nscatter: 8766
Nlost: 0
omega: 651.383
Ntraj: 10000
Nfree: 1187
Nscatter: 8812
Nlost: 1
omega: 697.772
Ntraj: 10000
Nfree: 1191
Nscatter: 8809
Nlost: 0
omega: 654.604
Ntraj: 10000
Nfree: 1185
Nscatter: 8815
Nlost: 0
omega: 827.776
Ntraj: 10000
Nfree: 1177
Nscatter: 8823
Nlost: 0
omega: 817.15
Ntraj: 10000
Nfree: 1212
Nscatter: 8788
Nlost: 0
omega: 735.655
Ntraj: 10000
Nfree: 1193
Nscatter: 8807
Nlost: 0
omega: 735.941
Ntraj: 10000
Nfree: 1192
Nscatter: 8808
Nlost: 0
omega: 710.41
Ntraj: 10000
Nfree: 1222
Nscatter: 8778
Nlost: 0
omega: 816.219
Ntraj: 10000
Nfree: 1230
Nscatter: 8770
Nlost: 0
omega: 763.944
*********************************************************
task: 0
worker id: 67210
time create lcl and mol: 0.000328064 s
numbers of trajectories: 5556
time trajectory calculation: 0.113796 s
task: 1
worker id: 8657
time create lcl and mol: 0.000386 s
numbers of trajectories: 5556
time trajectory calculation: 0.30937 s
task: 2
worker id: 8657
time create lcl and mol: 0.000325918 s
numbers of trajectories: 5556
time trajectory calculation: 0.122478 s
task: 3
worker id: 33840
time create lcl and mol: 0.000316143 s
numbers of trajectories: 5556
time trajectory calculation: 0.125104 s
task: 4
worker id: 13486
time create lcl and mol: 0.000361919 s
numbers of trajectories: 5556
time trajectory calculation: 0.105466 s
task: 5
worker id: 609
time create lcl and mol: 0.000339985 s
numbers of trajectories: 5556
time trajectory calculation: 0.118507 s
task: 6
worker id: 55026
time create lcl and mol: 0.000339985 s
numbers of trajectories: 5556
time trajectory calculation: 0.126094 s
task: 7
worker id: 13486
time create lcl and mol: 0.000301123 s
numbers of trajectories: 5556
time trajectory calculation: 0.117327 s
task: 8
worker id: 67210
time create lcl and mol: 0.000362873 s
numbers of trajectories: 5556
time trajectory calculation: 0.111817 s
task: 9
worker id: 33840
time create lcl and mol: 0.000338078 s
numbers of trajectories: 5556
time trajectory calculation: 0.112388 s
task: 10
worker id: 95623
time create lcl and mol: 0.000354052 s
numbers of trajectories: 5555
time trajectory calculation: 0.113472 s
task: 11
worker id: 49515
time create lcl and mol: 0.000381947 s
numbers of trajectories: 5555
time trajectory calculation: 0.111423 s
task: 12
worker id: 67210
time create lcl and mol: 0.000365019 s
numbers of trajectories: 5555
time trajectory calculation: 0.108589 s
task: 13
worker id: 13486
time create lcl and mol: 0.000364065 s
numbers of trajectories: 5555
time trajectory calculation: 0.107664 s
task: 14
worker id: 609
time create lcl and mol: 0.000356913 s
numbers of trajectories: 5555
time trajectory calculation: 0.113265 s
task: 15
worker id: 55026
time create lcl and mol: 0.000347853 s
numbers of trajectories: 5555
time trajectory calculation: 0.116424 s
task: 16
worker id: 95623
time create lcl and mol: 0.000305891 s
numbers of trajectories: 5555
time trajectory calculation: 0.121008 s
task: 17
worker id: 49515
time create lcl and mol: 0.000341177 s
numbers of trajectories: 5555
time trajectory calculation: 0.122828 s
CCS time: 0.497651 s
*********************************************************
average value of CCS = 741.085 Ang^2
error value of CCS = 19.4595 Ang^2
Total time: 0.50548 s
Program finished...
*********************************************************
INPUT:: Simulation Parameters 
*********************************************************
target filename                  : 02_1fd3_carga_3_min.xyz
number of probe                  : 10000
number of iterarions             : 10
number of tasks                  : 18
number of threads                : 24
seed number                      : 2104
gas buffer                       : He
Target Temperature (K)           : 298
timestep (fs)                    : 10
Skin cell size (Ang)             : 0.01
Equipotential                    : no
Cut short-range interaction      : yes
LJ cutoff (Ang)                  : 12
Apply long-range interaction     : yes
Cut long-range interaction       : yes
Coulomb cutoff (Ang)             : 25
Apply induced-dipole interaction : yes
alpha (Ang^3)                    : 0.204956
force_type: 4
*********************************************************
Force Field parameters: 
*********************************************************
Symbol  mass (amu)  epislon (kcal/mol)  sigma(Angstroms) 
C   12.011   0.0309   3.043
N   14.007   0.0309   3.043
H   1.008   0.015   2.38
O   15.999   0.0309   3.043
S   32.06   0.0311   3.5
*********************************************************
MOLECULE:: orientation around the inertia principal axis 
*********************************************************
Inertia matrix a.u. Ang^2: 
{  214906  -11513.4  -42297.4  }
{  -11513.4  310957  44573.5  }
{  -42297.4  44573.5  245138  }
Rotation matrix applied to molecule: 
{  0.242802  -0.833808  -0.495794  }
{  -0.766603  0.148265  -0.62477  }
{  0.594447  0.531773  -0.603201  }
Molecule radius: 19.762 Ang 
orientation time of molecule target: 0.00127602 s
target mass: 4331.23 amu
gas mass: 4.0026 amu
reduce mass: 3.9989 amu
charge state: 2.9988 e
*********************************************************
Geometric Ellipsoid: 
*********************************************************
maximal distances: 10.335  13.5071  18.3765  Ang
Initial axis length: 60.345  63.5171  68.3865  Ang
Ellipsoid axis length: 62.755  65.9271  70.7965  Ang
ellipsoid calculation time: 4.50611e-05 s
maximal impact parameter: 70.7965 Ang
*********************************************************
Linked-cell: 
Numbers of cells: 1452
Nx: 11 Ny: 11 Nz: 12
Filled cells: 14
Empty cells: 1438
Average atoms per cell: 43.3571
Maximum atoms per cell: 173
Minimum atoms per cell: 1
Simulation box: 
lx: 132.11 Ang
ly: 132.11 Ang
lz: 144.12 Ang
linked-cell calculation time: 0.00152183 s
time info: 4.60148e-05 s
*********************************************************
Trajectory calculations 
*********************************************************
out target time: 0.446865 s
Ntraj: 10000
Nfree: 1234
Nscatter: 8766
Nlost: 0
omega: 651.383
Ntraj: 10000
Nfree: 1187
Nscatter: 8812
Nlost: 1
omega: 697.772
Ntraj: 10000
Nfree: 1191
Nscatter: 8809
Nlost: 0
omega: 654.604
Ntraj: 10000
Nfree: 1185
Nscatter: 8815
Nlost: 0
omega: 827.776
Ntraj: 10000
Nfree: 1177
Nscatter: 8823
Nlost: 0
omega: 817.15
Ntraj: 10000
Nfree: 1212
Nscatter: 8788
Nlost: 0
omega: 735.655
Ntraj: 10000
Nfree: 1193
Nscatter: 8807
Nlost: 0
omega: 735.941
Ntraj: 10000
Nfree: 1192
Nscatter: 8808
Nlost: 0
omega: 710.41
Ntraj: 10000
Nfree: 1222
Nscatter: 8778
Nlost: 0
omega: 816.219
Ntraj: 10000
Nfree: 1230
Nscatter: 8770
Nlost: 0
omega: 763.944
*********************************************************
task: 0
worker id: 8757
time create lcl and mol: 0.000461102 s
numbers of trajectories: 5556
time trajectory calculation: 0.117579 s
task: 1
worker id: 710
time create lcl and mol: 0.000322819 s
numbers of trajectories: 5556
time trajectory calculation: 0.266172 s
task: 2
worker id: 33938
time create lcl and mol: 0.000322104 s
numbers of trajectories: 5556
time trajectory calculation: 0.112191 s
task: 3
worker id: 67308
time create lcl and mol: 0.000334024 s
numbers of trajectories: 5556
time trajectory calculation: 0.117614 s
task: 4
worker id: 55137
time create lcl and mol: 0.000337124 s
numbers of trajectories: 5556
time trajectory calculation: 0.113394 s
task: 5
worker id: 13585
time create lcl and mol: 0.000327826 s
numbers of trajectories: 5556
time trajectory calculation: 0.114068 s
task: 6
worker id: 710
time create lcl and mol: 0.000314951 s
numbers of trajectories: 5556
time trajectory calculation: 0.121321 s
task: 7
worker id: 49614
time create lcl and mol: 0.000527143 s
numbers of trajectories: 5556
time trajectory calculation: 0.120513 s
task: 8
worker id: 95721
time create lcl and mol: 0.00041008 s
numbers of trajectories: 5556
time trajectory calculation: 0.118006 s
task: 9
worker id: 55137
time create lcl and mol: 0.000349998 s
numbers of trajectories: 5556
time trajectory calculation: 0.111557 s
task: 10
worker id: 33938
time create lcl and mol: 0.000345945 s
numbers of trajectories: 5555
time trajectory calculation: 0.10896 s
task: 11
worker id: 95721
time create lcl and mol: 0.000353813 s
numbers of trajectories: 5555
time trajectory calculation: 0.109535 s
task: 12
worker id: 13585
time create lcl and mol: 0.000348091 s
numbers of trajectories: 5555
time trajectory calculation: 0.104228 s
task: 13
worker id: 8757
time create lcl and mol: 0.000343084 s
numbers of trajectories: 5555
time trajectory calculation: 0.107099 s
task: 14
worker id: 33938
time create lcl and mol: 0.000352859 s
numbers of trajectories: 5555
time trajectory calculation: 0.110215 s
task: 15
worker id: 67308
time create lcl and mol: 0.000354052 s
numbers of trajectories: 5555
time trajectory calculation: 0.112226 s
task: 16
worker id: 49614
time create lcl and mol: 0.000364065 s
numbers of trajectories: 5555
time trajectory calculation: 0.109613 s
task: 17
worker id: 13585
time create lcl and mol: 0.000340939 s
numbers of trajectories: 5555
time trajectory calculation: 0.111288 s
CCS time: 0.454661 s
*********************************************************
average value of CCS = 741.085 Ang^2
error value of CCS = 19.4595 Ang^2
Total time: 0.462786 s
Program finished...
*********************************************************
INPUT:: Simulation Parameters 
*********************************************************
target filename                  : 02_1fd3_carga_3_min.xyz
number of probe                  : 10000
number of iterarions             : 10
number of tasks                  : 18
number of threads                : 24
seed number                      : 2104
gas buffer                       : He
Target Temperature (K)           : 298
timestep (fs)                    : 10
Skin cell size (Ang)             : 0.01
Equipotential                    : no
Cut short-range interaction      : yes
LJ cutoff (Ang)                  : 12
Apply long-range interaction     : yes
Cut long-range interaction       : yes
Coulomb cutoff (Ang)             : 25
Apply induced-dipole interaction : yes
alpha (Ang^3)                    : 0.204956
force_type: 4
*********************************************************
Force Field parameters: 
*********************************************************
Symbol  mass (amu)  epislon (kcal/mol)  sigma(Angstroms) 
C   12.011   0.0309   3.043
N   14.007   0.0309   3.043
H   1.008   0.015   2.38
O   15.999   0.0309   3.043
S   32.06   0.0311   3.5
*********************************************************
MOLECULE:: orientation around the inertia principal axis 
*********************************************************
Inertia matrix a.u. Ang^2: 
{  214906  -11513.4  -42297.4  }
{  -11513.4  310957  44573.5  }
{  -42297.4  44573.5  245138  }
Rotation matrix applied to molecule: 
{  0.242802  -0.833808  -0.495794  }
{  -0.766603  0.148265  -0.62477  }
{  0.594447  0.531773  -0.603201  }
Molecule radius: 19.762 Ang 
orientation time of molecule target: 0.00115299 s
target mass: 4331.23 amu
gas mass: 4.0026 amu
reduce mass: 3.9989 amu
charge state: 2.9988 e
*********************************************************
Geometric Ellipsoid: 
*********************************************************
maximal distances: 10.335  13.5071  18.3765  Ang
Initial axis length: 60.345  63.5171  68.3865  Ang
Ellipsoid axis length: 62.755  65.9271  70.7965  Ang
ellipsoid calculation time: 3.60012e-05 s
maximal impact parameter: 70.7965 Ang
*********************************************************
Linked-cell: 
Numbers of cells: 1452
Nx: 11 Ny: 11 Nz: 12
Filled cells: 14
Empty cells: 1438
Average atoms per cell: 43.3571
Maximum atoms per cell: 173
Minimum atoms per cell: 1
Simulation box: 
lx: 132.11 Ang
ly: 132.11 Ang
lz: 144.12 Ang
linked-cell calculation time: 0.00151896 s
time info: 4.31538e-05 s
*********************************************************
Trajectory calculations 
*********************************************************
out target time: 0.415001 s
Ntraj: 10000
Nfree: 1234
Nscatter: 8766
Nlost: 0
omega: 651.383
Ntraj: 10000
Nfree: 1187
Nscatter: 8812
Nlost: 1
omega: 697.772
Ntraj: 10000
Nfree: 1191
Nscatter: 8809
Nlost: 0
omega: 654.604
Ntraj: 10000
Nfree: 1185
Nscatter: 8815
Nlost: 0
omega: 827.776
Ntraj: 10000
Nfree: 1177
Nscatter: 8823
Nlost: 0
omega: 817.15
Ntraj: 10000
Nfree: 1212
Nscatter: 8788
Nlost: 0
omega: 735.655
Ntraj: 10000
Nfree: 1193
Nscatter: 8807
Nlost: 0
omega: 735.941
Ntraj: 10000
Nfree: 1192
Nscatter: 8808
Nlost: 0
omega: 710.41
Ntraj: 10000
Nfree: 1222
Nscatter: 8778
Nlost: 0
omega: 816.219
Ntraj: 10000
Nfree: 1230
Nscatter: 8770
Nlost: 0
omega: 763.944
*********************************************************
task: 0
worker id: 95807
time create lcl and mol: 0.00031805 s
numbers of trajectories: 5556
time trajectory calculation: 0.116998 s
task: 1
worker id: 55237
time create lcl and mol: 0.000530005 s
numbers of trajectories: 5556
time trajectory calculation: 0.301668 s
task: 2
worker id: 796
time create lcl and mol: 0.000333071 s
numbers of trajectories: 5556
time trajectory calculation: 0.115645 s
task: 3
worker id: 49700
time create lcl and mol: 0.000340939 s
numbers of trajectories: 5556
time trajectory calculation: 0.119362 s
task: 4
worker id: 13671
time create lcl and mol: 0.000334978 s
numbers of trajectories: 5556
time trajectory calculation: 0.113107 s
task: 5
worker id: 67393
time create lcl and mol: 0.00032711 s
numbers of trajectories: 5556
time trajectory calculation: 0.118864 s
task: 6
worker id: 34026
time create lcl and mol: 0.000333071 s
numbers of trajectories: 5556
time trajectory calculation: 0.123515 s
task: 7
worker id: 8844
time create lcl and mol: 0.000331879 s
numbers of trajectories: 5556
time trajectory calculation: 0.119032 s
task: 8
worker id: 95807
time create lcl and mol: 0.000368834 s
numbers of trajectories: 5556
time trajectory calculation: 0.116282 s
task: 9
worker id: 8844
time create lcl and mol: 0.000327826 s
numbers of trajectories: 5556
time trajectory calculation: 0.109062 s
task: 10
worker id: 13671
time create lcl and mol: 0.000360966 s
numbers of trajectories: 5555
time trajectory calculation: 0.10829 s
task: 11
worker id: 8844
time create lcl and mol: 0.000349998 s
numbers of trajectories: 5555
time trajectory calculation: 0.110001 s
task: 12
worker id: 13671
time create lcl and mol: 0.000398874 s
numbers of trajectories: 5555
time trajectory calculation: 0.105568 s
task: 13
worker id: 49700
time create lcl and mol: 0.000346899 s
numbers of trajectories: 5555
time trajectory calculation: 0.109758 s
task: 14
worker id: 67393
time create lcl and mol: 0.000364065 s
numbers of trajectories: 5555
time trajectory calculation: 0.112973 s
task: 15
worker id: 49700
time create lcl and mol: 0.000349045 s
numbers of trajectories: 5555
time trajectory calculation: 0.113607 s
task: 16
worker id: 34026
time create lcl and mol: 0.000343084 s
numbers of trajectories: 5555
time trajectory calculation: 0.110324 s
task: 17
worker id: 796
time create lcl and mol: 0.000348091 s
numbers of trajectories: 5555
time trajectory calculation: 0.115177 s
CCS time: 0.422725 s
*********************************************************
average value of CCS = 741.085 Ang^2
error value of CCS = 19.4595 Ang^2
Total time: 0.430431 s
Program finished...
*********************************************************
INPUT:: Simulation Parameters 
*********************************************************
target filename                  : 02_1fd3_carga_3_min.xyz
number of probe                  : 10000
number of iterarions             : 10
number of tasks                  : 18
number of threads                : 24
seed number                      : 2104
gas buffer                       : He
Target Temperature (K)           : 298
timestep (fs)                    : 10
Skin cell size (Ang)             : 0.01
Equipotential                    : no
Cut short-range interaction      : yes
LJ cutoff (Ang)                  : 12
Apply long-range interaction     : yes
Cut long-range interaction       : yes
Coulomb cutoff (Ang)             : 25
Apply induced-dipole interaction : yes
alpha (Ang^3)                    : 0.204956
force_type: 4
*********************************************************
Force Field parameters: 
*********************************************************
Symbol  mass (amu)  epislon (kcal/mol)  sigma(Angstroms) 
C   12.011   0.0309   3.043
N   14.007   0.0309   3.043
H   1.008   0.015   2.38
O   15.999   0.0309   3.043
S   32.06   0.0311   3.5
*********************************************************
MOLECULE:: orientation around the inertia principal axis 
*********************************************************
Inertia matrix a.u. Ang^2: 
{  214906  -11513.4  -42297.4  }
{  -11513.4  310957  44573.5  }
{  -42297.4  44573.5  245138  }
Rotation matrix applied to molecule: 
{  0.242802  -0.833808  -0.495794  }
{  -0.766603  0.148265  -0.62477  }
{  0.594447  0.531773  -0.603201  }
Molecule radius: 19.762 Ang 
orientation time of molecule target: 0.00132608 s
target mass: 4331.23 amu
gas mass: 4.0026 amu
reduce mass: 3.9989 amu
charge state: 2.9988 e
*********************************************************
Geometric Ellipsoid: 
*********************************************************
maximal distances: 10.335  13.5071  18.3765  Ang
Initial axis length: 60.345  63.5171  68.3865  Ang
Ellipsoid axis length: 62.755  65.9271  70.7965  Ang
ellipsoid calculation time: 4.3869e-05 s
maximal impact parameter: 70.7965 Ang
*********************************************************
Linked-cell: 
Numbers of cells: 1452
Nx: 11 Ny: 11 Nz: 12
Filled cells: 14
Empty cells: 1438
Average atoms per cell: 43.3571
Maximum atoms per cell: 173
Minimum atoms per cell: 1
Simulation box: 
lx: 132.11 Ang
ly: 132.11 Ang
lz: 144.12 Ang
linked-cell calculation time: 0.00159097 s
time info: 4.19617e-05 s
*********************************************************
Trajectory calculations 
*********************************************************
out target time: 0.413452 s
Ntraj: 10000
Nfree: 1234
Nscatter: 8766
Nlost: 0
omega: 651.383
Ntraj: 10000
Nfree: 1187
Nscatter: 8812
Nlost: 1
omega: 697.772
Ntraj: 10000
Nfree: 1191
Nscatter: 8809
Nlost: 0
omega: 654.604
Ntraj: 10000
Nfree: 1185
Nscatter: 8815
Nlost: 0
omega: 827.776
Ntraj: 10000
Nfree: 1177
Nscatter: 8823
Nlost: 0
omega: 817.15
Ntraj: 10000
Nfree: 1212
Nscatter: 8788
Nlost: 0
omega: 735.655
Ntraj: 10000
Nfree: 1193
Nscatter: 8807
Nlost: 0
omega: 735.941
Ntraj: 10000
Nfree: 1192
Nscatter: 8808
Nlost: 0
omega: 710.41
Ntraj: 10000
Nfree: 1222
Nscatter: 8778
Nlost: 0
omega: 816.219
Ntraj: 10000
Nfree: 1230
Nscatter: 8770
Nlost: 0
omega: 763.944
*********************************************************
task: 0
worker id: 13757
time create lcl and mol: 0.000537872 s
numbers of trajectories: 5556
time trajectory calculation: 0.116602 s
task: 1
worker id: 55337
time create lcl and mol: 0.000336885 s
numbers of trajectories: 5556
time trajectory calculation: 0.290585 s
task: 2
worker id: 912
time create lcl and mol: 0.000335932 s
numbers of trajectories: 5556
time trajectory calculation: 0.112969 s
task: 3
worker id: 13757
time create lcl and mol: 0.00037384 s
numbers of trajectories: 5556
time trajectory calculation: 0.115338 s
task: 4
worker id: 67479
time create lcl and mol: 0.000336885 s
numbers of trajectories: 5556
time trajectory calculation: 0.111609 s
task: 5
worker id: 8931
time create lcl and mol: 0.000333071 s
numbers of trajectories: 5556
time trajectory calculation: 0.117663 s
task: 6
worker id: 49786
time create lcl and mol: 0.000349998 s
numbers of trajectories: 5556
time trajectory calculation: 0.122272 s
task: 7
worker id: 95896
time create lcl and mol: 0.000338793 s
numbers of trajectories: 5556
time trajectory calculation: 0.12065 s
task: 8
worker id: 34113
time create lcl and mol: 0.000526905 s
numbers of trajectories: 5556
time trajectory calculation: 0.120363 s
task: 9
worker id: 67479
time create lcl and mol: 0.000355959 s
numbers of trajectories: 5556
time trajectory calculation: 0.10784 s
task: 10
worker id: 95896
time create lcl and mol: 0.000367165 s
numbers of trajectories: 5555
time trajectory calculation: 0.111831 s
task: 11
worker id: 8931
time create lcl and mol: 0.000360966 s
numbers of trajectories: 5555
time trajectory calculation: 0.113657 s
task: 12
worker id: 912
time create lcl and mol: 0.000350952 s
numbers of trajectories: 5555
time trajectory calculation: 0.103083 s
task: 13
worker id: 34113
time create lcl and mol: 0.000343084 s
numbers of trajectories: 5555
time trajectory calculation: 0.106595 s
task: 14
worker id: 912
time create lcl and mol: 0.000348091 s
numbers of trajectories: 5555
time trajectory calculation: 0.110173 s
task: 15
worker id: 67479
time create lcl and mol: 0.000344038 s
numbers of trajectories: 5555
time trajectory calculation: 0.108878 s
task: 16
worker id: 34113
time create lcl and mol: 0.000346899 s
numbers of trajectories: 5555
time trajectory calculation: 0.109206 s
task: 17
worker id: 49786
time create lcl and mol: 0.000375032 s
numbers of trajectories: 5555
time trajectory calculation: 0.112208 s
CCS time: 0.421536 s
*********************************************************
average value of CCS = 741.085 Ang^2
error value of CCS = 19.4595 Ang^2
Total time: 0.429542 s
Program finished...
*********************************************************
INPUT:: Simulation Parameters 
*********************************************************
target filename                  : 02_1fd3_carga_3_min.xyz
number of probe                  : 10000
number of iterarions             : 10
number of tasks                  : 18
number of threads                : 24
seed number                      : 2104
gas buffer                       : He
Target Temperature (K)           : 298
timestep (fs)                    : 10
Skin cell size (Ang)             : 0.01
Equipotential                    : no
Cut short-range interaction      : yes
LJ cutoff (Ang)                  : 12
Apply long-range interaction     : yes
Cut long-range interaction       : yes
Coulomb cutoff (Ang)             : 25
Apply induced-dipole interaction : yes
alpha (Ang^3)                    : 0.204956
force_type: 4
*********************************************************
Force Field parameters: 
*********************************************************
Symbol  mass (amu)  epislon (kcal/mol)  sigma(Angstroms) 
C   12.011   0.0309   3.043
N   14.007   0.0309   3.043
H   1.008   0.015   2.38
O   15.999   0.0309   3.043
S   32.06   0.0311   3.5
*********************************************************
MOLECULE:: orientation around the inertia principal axis 
*********************************************************
Inertia matrix a.u. Ang^2: 
{  214906  -11513.4  -42297.4  }
{  -11513.4  310957  44573.5  }
{  -42297.4  44573.5  245138  }
Rotation matrix applied to molecule: 
{  0.242802  -0.833808  -0.495794  }
{  -0.766603  0.148265  -0.62477  }
{  0.594447  0.531773  -0.603201  }
Molecule radius: 19.762 Ang 
orientation time of molecule target: 0.00119114 s
target mass: 4331.23 amu
gas mass: 4.0026 amu
reduce mass: 3.9989 amu
charge state: 2.9988 e
*********************************************************
Geometric Ellipsoid: 
*********************************************************
maximal distances: 10.335  13.5071  18.3765  Ang
Initial axis length: 60.345  63.5171  68.3865  Ang
Ellipsoid axis length: 62.755  65.9271  70.7965  Ang
ellipsoid calculation time: 3.50475e-05 s
maximal impact parameter: 70.7965 Ang
*********************************************************
Linked-cell: 
Numbers of cells: 1452
Nx: 11 Ny: 11 Nz: 12
Filled cells: 14
Empty cells: 1438
Average atoms per cell: 43.3571
Maximum atoms per cell: 173
Minimum atoms per cell: 1
Simulation box: 
lx: 132.11 Ang
ly: 132.11 Ang
lz: 144.12 Ang
linked-cell calculation time: 0.00152302 s
time info: 4.19617e-05 s
*********************************************************
Trajectory calculations 
*********************************************************
out target time: 0.422167 s
Ntraj: 10000
Nfree: 1234
Nscatter: 8766
Nlost: 0
omega: 651.383
Ntraj: 10000
Nfree: 1187
Nscatter: 8812
Nlost: 1
omega: 697.772
Ntraj: 10000
Nfree: 1191
Nscatter: 8809
Nlost: 0
omega: 654.604
Ntraj: 10000
Nfree: 1185
Nscatter: 8815
Nlost: 0
omega: 827.776
Ntraj: 10000
Nfree: 1177
Nscatter: 8823
Nlost: 0
omega: 817.15
Ntraj: 10000
Nfree: 1212
Nscatter: 8788
Nlost: 0
omega: 735.655
Ntraj: 10000
Nfree: 1193
Nscatter: 8807
Nlost: 0
omega: 735.941
Ntraj: 10000
Nfree: 1192
Nscatter: 8808
Nlost: 0
omega: 710.41
Ntraj: 10000
Nfree: 1222
Nscatter: 8778
Nlost: 0
omega: 816.219
Ntraj: 10000
Nfree: 1230
Nscatter: 8770
Nlost: 0
omega: 763.944
*********************************************************
task: 0
worker id: 13843
time create lcl and mol: 0.000331163 s
numbers of trajectories: 5556
time trajectory calculation: 0.115045 s
task: 1
worker id: 9017
time create lcl and mol: 0.00049305 s
numbers of trajectories: 5556
time trajectory calculation: 0.305507 s
task: 2
worker id: 34201
time create lcl and mol: 0.000339985 s
numbers of trajectories: 5556
time trajectory calculation: 0.114189 s
task: 3
worker id: 95982
time create lcl and mol: 0.000324011 s
numbers of trajectories: 5556
time trajectory calculation: 0.119275 s
task: 4
worker id: 49873
time create lcl and mol: 0.000336885 s
numbers of trajectories: 5556
time trajectory calculation: 0.114103 s
task: 5
worker id: 55438
time create lcl and mol: 0.000535011 s
numbers of trajectories: 5556
time trajectory calculation: 0.116228 s
task: 6
worker id: 67565
time create lcl and mol: 0.000363111 s
numbers of trajectories: 5556
time trajectory calculation: 0.122173 s
task: 7
worker id: 1015
time create lcl and mol: 0.00032711 s
numbers of trajectories: 5556
time trajectory calculation: 0.117884 s
task: 8
worker id: 49873
time create lcl and mol: 0.000349998 s
numbers of trajectories: 5556
time trajectory calculation: 0.111193 s
task: 9
worker id: 34201
time create lcl and mol: 0.000360012 s
numbers of trajectories: 5556
time trajectory calculation: 0.11298 s
task: 10
worker id: 49873
time create lcl and mol: 0.000342131 s
numbers of trajectories: 5555
time trajectory calculation: 0.109133 s
task: 11
worker id: 34201
time create lcl and mol: 0.000355005 s
numbers of trajectories: 5555
time trajectory calculation: 0.113699 s
task: 12
worker id: 55438
time create lcl and mol: 0.000341892 s
numbers of trajectories: 5555
time trajectory calculation: 0.103375 s
task: 13
worker id: 1015
time create lcl and mol: 0.000369787 s
numbers of trajectories: 5555
time trajectory calculation: 0.110125 s
task: 14
worker id: 55438
time create lcl and mol: 0.000356913 s
numbers of trajectories: 5555
time trajectory calculation: 0.110778 s
task: 15
worker id: 95982
time create lcl and mol: 0.000347137 s
numbers of trajectories: 5555
time trajectory calculation: 0.110482 s
task: 16
worker id: 67565
time create lcl and mol: 0.000356913 s
numbers of trajectories: 5555
time trajectory calculation: 0.109159 s
task: 17
worker id: 13843
time create lcl and mol: 0.000360012 s
numbers of trajectories: 5555
time trajectory calculation: 0.112365 s
CCS time: 0.42992 s
*********************************************************
average value of CCS = 741.085 Ang^2
error value of CCS = 19.4595 Ang^2
Total time: 0.437644 s
Program finished...
