*********************************************************
INPUT:: Simulation Parameters 
*********************************************************
target filename                  : 6co8.xyz
number of probe                  : 10000
number of iterarions             : 10
number of tasks                  : 10
number of threads                : 24
seed number                      : 2104
gas buffer                       : He
Target Temperature (K)           : 298
timestep (fs)                    : 10
Skin cell size (Ang)             : 0.01
Equipotential                    : no
Cut short-range interaction      : yes
LJ cutoff (Ang)                  : 12
Apply long-range interaction     : yes
Cut long-range interaction       : yes
Coulomb cutoff (Ang)             : 25
Apply induced-dipole interaction : yes
alpha (Ang^3)                    : 0.204956
force_type: 4
*********************************************************
Force Field parameters: 
*********************************************************
Symbol  mass (amu)  epislon (kcal/mol)  sigma(Angstroms) 
C   12.011   0.0309   3.043
N   14.007   0.0309   3.043
H   1.008   0.015   2.38
O   15.999   0.0309   3.043
S   32.06   0.0311   3.5
*********************************************************
MOLECULE:: orientation around the inertia principal axis 
*********************************************************
Inertia matrix a.u. Ang^2: 
{  3.16993e+11  -3488.86  182563  }
{  -3488.86  3.16993e+11  11107.4  }
{  182563  11107.4  3.16993e+11  }
Rotation matrix applied to molecule: 
{  0.0135249  -0.0653249  0.997772  }
{  -0.0544395  0.998043  -0.0307808  }
{  -0.993809  -0.053902  0.0099422  }
Molecule radius: 235.768 Ang 
orientation time of molecule target: 1.87418 s
target mass: 1.12678e+07 amu
gas mass: 4.0026 amu
reduce mass: 4.0026 amu
charge state: 170.688 e
*********************************************************
Geometric Ellipsoid: 
*********************************************************
maximal distances: 235.74  235.713  235.768  Ang
Initial axis length: 285.75  285.723  285.778  Ang
Ellipsoid axis length: 285.8  285.773  285.828  Ang
ellipsoid calculation time: 0.0103528 s
maximal impact parameter: 285.828 Ang
*********************************************************
Linked-cell: 
Numbers of cells: 110592
Nx: 48 Ny: 48 Nz: 48
Filled cells: 17880
Empty cells: 92712
Average atoms per cell: 88.1783
Maximum atoms per cell: 206
Minimum atoms per cell: 1
Simulation box: 
lx: 576.48 Ang
ly: 576.48 Ang
lz: 576.48 Ang
linked-cell calculation time: 0.294995 s
time info: 0.0356829 s
*********************************************************
Trajectory calculations 
*********************************************************
out target time: 28.7743 s
Ntraj: 10000
Nfree: 2
Nscatter: 9989
Nlost: 9
omega: 238079
Ntraj: 10000
Nfree: 4
Nscatter: 9983
Nlost: 13
omega: 237933
Ntraj: 10000
Nfree: 4
Nscatter: 9983
Nlost: 13
omega: 234708
Ntraj: 10000
Nfree: 3
Nscatter: 9983
Nlost: 14
omega: 237044
Ntraj: 10000
Nfree: 1
Nscatter: 9983
Nlost: 16
omega: 239558
Ntraj: 10000
Nfree: 2
Nscatter: 9989
Nlost: 9
omega: 236385
Ntraj: 10000
Nfree: 4
Nscatter: 9989
Nlost: 7
omega: 237523
Ntraj: 10000
Nfree: 1
Nscatter: 9986
Nlost: 13
omega: 234858
Ntraj: 10000
Nfree: 1
Nscatter: 9992
Nlost: 7
omega: 236524
Ntraj: 10000
Nfree: 1
Nscatter: 9986
Nlost: 13
omega: 237828
*********************************************************
task: 0
worker id: 7766
time create lcl and mol: 0.059866 s
numbers of trajectories: 10000
time trajectory calculation: 18.0436 s
task: 1
worker id: 28026
time create lcl and mol: 0.063309 s
numbers of trajectories: 10000
time trajectory calculation: 16.8163 s
task: 2
worker id: 92736
time create lcl and mol: 0.059031 s
numbers of trajectories: 10000
time trajectory calculation: 15.2692 s
task: 3
worker id: 61535
time create lcl and mol: 0.060632 s
numbers of trajectories: 10000
time trajectory calculation: 14.299 s
task: 4
worker id: 89805
time create lcl and mol: 0.0596979 s
numbers of trajectories: 10000
time trajectory calculation: 16.1745 s
task: 5
worker id: 42045
time create lcl and mol: 0.0603969 s
numbers of trajectories: 10000
time trajectory calculation: 12.5298 s
task: 6
worker id: 43766
time create lcl and mol: 0.0586989 s
numbers of trajectories: 10000
time trajectory calculation: 13.1979 s
task: 7
worker id: 2834
time create lcl and mol: 0.05778 s
numbers of trajectories: 10000
time trajectory calculation: 13.7888 s
task: 8
worker id: 42045
time create lcl and mol: 0.0620849 s
numbers of trajectories: 10000
time trajectory calculation: 11.94 s
task: 9
worker id: 43766
time create lcl and mol: 0.061156 s
numbers of trajectories: 10000
time trajectory calculation: 15.285 s
CCS time: 28.818 s
*********************************************************
average value of CCS = 237044 Ang^2
error value of CCS = 446.843 Ang^2
Total time: 31.0027 s
Program finished...
*********************************************************
INPUT:: Simulation Parameters 
*********************************************************
target filename                  : 6co8.xyz
number of probe                  : 10000
number of iterarions             : 10
number of tasks                  : 10
number of threads                : 24
seed number                      : 2104
gas buffer                       : He
Target Temperature (K)           : 298
timestep (fs)                    : 10
Skin cell size (Ang)             : 0.01
Equipotential                    : no
Cut short-range interaction      : yes
LJ cutoff (Ang)                  : 12
Apply long-range interaction     : yes
Cut long-range interaction       : yes
Coulomb cutoff (Ang)             : 25
Apply induced-dipole interaction : yes
alpha (Ang^3)                    : 0.204956
force_type: 4
*********************************************************
Force Field parameters: 
*********************************************************
Symbol  mass (amu)  epislon (kcal/mol)  sigma(Angstroms) 
C   12.011   0.0309   3.043
N   14.007   0.0309   3.043
H   1.008   0.015   2.38
O   15.999   0.0309   3.043
S   32.06   0.0311   3.5
*********************************************************
MOLECULE:: orientation around the inertia principal axis 
*********************************************************
Inertia matrix a.u. Ang^2: 
{  3.16993e+11  -3488.86  182563  }
{  -3488.86  3.16993e+11  11107.4  }
{  182563  11107.4  3.16993e+11  }
Rotation matrix applied to molecule: 
{  0.0135249  -0.0653249  0.997772  }
{  -0.0544395  0.998043  -0.0307808  }
{  -0.993809  -0.053902  0.0099422  }
Molecule radius: 235.768 Ang 
orientation time of molecule target: 1.73888 s
target mass: 1.12678e+07 amu
gas mass: 4.0026 amu
reduce mass: 4.0026 amu
charge state: 170.688 e
*********************************************************
Geometric Ellipsoid: 
*********************************************************
maximal distances: 235.74  235.713  235.768  Ang
Initial axis length: 285.75  285.723  285.778  Ang
Ellipsoid axis length: 285.8  285.773  285.828  Ang
ellipsoid calculation time: 0.00971007 s
maximal impact parameter: 285.828 Ang
*********************************************************
Linked-cell: 
Numbers of cells: 110592
Nx: 48 Ny: 48 Nz: 48
Filled cells: 17880
Empty cells: 92712
Average atoms per cell: 88.1783
Maximum atoms per cell: 206
Minimum atoms per cell: 1
Simulation box: 
lx: 576.48 Ang
ly: 576.48 Ang
lz: 576.48 Ang
linked-cell calculation time: 0.280455 s
time info: 0.0335782 s
*********************************************************
Trajectory calculations 
*********************************************************
out target time: 28.9583 s
Ntraj: 10000
Nfree: 2
Nscatter: 9989
Nlost: 9
omega: 238079
Ntraj: 10000
Nfree: 4
Nscatter: 9983
Nlost: 13
omega: 237933
Ntraj: 10000
Nfree: 4
Nscatter: 9983
Nlost: 13
omega: 234708
Ntraj: 10000
Nfree: 3
Nscatter: 9983
Nlost: 14
omega: 237044
Ntraj: 10000
Nfree: 1
Nscatter: 9983
Nlost: 16
omega: 239558
Ntraj: 10000
Nfree: 2
Nscatter: 9989
Nlost: 9
omega: 236385
Ntraj: 10000
Nfree: 4
Nscatter: 9989
Nlost: 7
omega: 237523
Ntraj: 10000
Nfree: 1
Nscatter: 9986
Nlost: 13
omega: 234858
Ntraj: 10000
Nfree: 1
Nscatter: 9992
Nlost: 7
omega: 236524
Ntraj: 10000
Nfree: 1
Nscatter: 9986
Nlost: 13
omega: 237828
*********************************************************
task: 0
worker id: 8802
time create lcl and mol: 0.0568869 s
numbers of trajectories: 10000
time trajectory calculation: 16.8429 s
task: 1
worker id: 43090
time create lcl and mol: 0.0608759 s
numbers of trajectories: 10000
time trajectory calculation: 16.6417 s
task: 2
worker id: 29058
time create lcl and mol: 0.0591681 s
numbers of trajectories: 10000
time trajectory calculation: 14.8346 s
task: 3
worker id: 90841
time create lcl and mol: 0.0585561 s
numbers of trajectories: 10000
time trajectory calculation: 14.1048 s
task: 4
worker id: 93772
time create lcl and mol: 0.0613742 s
numbers of trajectories: 10000
time trajectory calculation: 15.7384 s
task: 5
worker id: 62567
time create lcl and mol: 0.0595431 s
numbers of trajectories: 10000
time trajectory calculation: 12.6737 s
task: 6
worker id: 44801
time create lcl and mol: 0.05866 s
numbers of trajectories: 10000
time trajectory calculation: 13.555 s
task: 7
worker id: 3886
time create lcl and mol: 0.0613828 s
numbers of trajectories: 10000
time trajectory calculation: 13.5209 s
task: 8
worker id: 62567
time create lcl and mol: 0.0628369 s
numbers of trajectories: 10000
time trajectory calculation: 11.8992 s
task: 9
worker id: 3886
time create lcl and mol: 0.0620379 s
numbers of trajectories: 10000
time trajectory calculation: 15.1298 s
CCS time: 28.9996 s
*********************************************************
average value of CCS = 237044 Ang^2
error value of CCS = 446.843 Ang^2
Total time: 31.0331 s
Program finished...
*********************************************************
INPUT:: Simulation Parameters 
*********************************************************
target filename                  : 6co8.xyz
number of probe                  : 10000
number of iterarions             : 10
number of tasks                  : 10
number of threads                : 24
seed number                      : 2104
gas buffer                       : He
Target Temperature (K)           : 298
timestep (fs)                    : 10
Skin cell size (Ang)             : 0.01
Equipotential                    : no
Cut short-range interaction      : yes
LJ cutoff (Ang)                  : 12
Apply long-range interaction     : yes
Cut long-range interaction       : yes
Coulomb cutoff (Ang)             : 25
Apply induced-dipole interaction : yes
alpha (Ang^3)                    : 0.204956
force_type: 4
*********************************************************
Force Field parameters: 
*********************************************************
Symbol  mass (amu)  epislon (kcal/mol)  sigma(Angstroms) 
C   12.011   0.0309   3.043
N   14.007   0.0309   3.043
H   1.008   0.015   2.38
O   15.999   0.0309   3.043
S   32.06   0.0311   3.5
*********************************************************
MOLECULE:: orientation around the inertia principal axis 
*********************************************************
Inertia matrix a.u. Ang^2: 
{  3.16993e+11  -3488.86  182563  }
{  -3488.86  3.16993e+11  11107.4  }
{  182563  11107.4  3.16993e+11  }
Rotation matrix applied to molecule: 
{  0.0135249  -0.0653249  0.997772  }
{  -0.0544395  0.998043  -0.0307808  }
{  -0.993809  -0.053902  0.0099422  }
Molecule radius: 235.768 Ang 
orientation time of molecule target: 1.69936 s
target mass: 1.12678e+07 amu
gas mass: 4.0026 amu
reduce mass: 4.0026 amu
charge state: 170.688 e
*********************************************************
Geometric Ellipsoid: 
*********************************************************
maximal distances: 235.74  235.713  235.768  Ang
Initial axis length: 285.75  285.723  285.778  Ang
Ellipsoid axis length: 285.8  285.773  285.828  Ang
ellipsoid calculation time: 0.00980306 s
maximal impact parameter: 285.828 Ang
*********************************************************
Linked-cell: 
Numbers of cells: 110592
Nx: 48 Ny: 48 Nz: 48
Filled cells: 17880
Empty cells: 92712
Average atoms per cell: 88.1783
Maximum atoms per cell: 206
Minimum atoms per cell: 1
Simulation box: 
lx: 576.48 Ang
ly: 576.48 Ang
lz: 576.48 Ang
linked-cell calculation time: 0.284712 s
time info: 0.0353122 s
*********************************************************
Trajectory calculations 
*********************************************************
out target time: 28.7916 s
Ntraj: 10000
Nfree: 2
Nscatter: 9989
Nlost: 9
omega: 238079
Ntraj: 10000
Nfree: 4
Nscatter: 9983
Nlost: 13
omega: 237933
Ntraj: 10000
Nfree: 4
Nscatter: 9983
Nlost: 13
omega: 234708
Ntraj: 10000
Nfree: 3
Nscatter: 9983
Nlost: 14
omega: 237044
Ntraj: 10000
Nfree: 1
Nscatter: 9983
Nlost: 16
omega: 239558
Ntraj: 10000
Nfree: 2
Nscatter: 9989
Nlost: 9
omega: 236385
Ntraj: 10000
Nfree: 4
Nscatter: 9989
Nlost: 7
omega: 237523
Ntraj: 10000
Nfree: 1
Nscatter: 9986
Nlost: 13
omega: 234858
Ntraj: 10000
Nfree: 1
Nscatter: 9992
Nlost: 7
omega: 236524
Ntraj: 10000
Nfree: 1
Nscatter: 9986
Nlost: 13
omega: 237828
*********************************************************
task: 0
worker id: 5241
time create lcl and mol: 0.0585439 s
numbers of trajectories: 10000
time trajectory calculation: 17.3212 s
task: 1
worker id: 30411
time create lcl and mol: 0.0585551 s
numbers of trajectories: 10000
time trajectory calculation: 16.7904 s
task: 2
worker id: 10154
time create lcl and mol: 0.0583439 s
numbers of trajectories: 10000
time trajectory calculation: 15.1017 s
task: 3
worker id: 46156
time create lcl and mol: 0.0588069 s
numbers of trajectories: 10000
time trajectory calculation: 14.8428 s
task: 4
worker id: 95127
time create lcl and mol: 0.058284 s
numbers of trajectories: 10000
time trajectory calculation: 15.6383 s
task: 5
worker id: 44458
time create lcl and mol: 0.057842 s
numbers of trajectories: 10000
time trajectory calculation: 12.3342 s
task: 6
worker id: 92195
time create lcl and mol: 0.06024 s
numbers of trajectories: 10000
time trajectory calculation: 13.3627 s
task: 7
worker id: 63916
time create lcl and mol: 0.0573509 s
numbers of trajectories: 10000
time trajectory calculation: 13.8916 s
task: 8
worker id: 44458
time create lcl and mol: 0.0608251 s
numbers of trajectories: 10000
time trajectory calculation: 11.9487 s
task: 9
worker id: 92195
time create lcl and mol: 0.0627 s
numbers of trajectories: 10000
time trajectory calculation: 15.1438 s
CCS time: 28.8347 s
*********************************************************
average value of CCS = 237044 Ang^2
error value of CCS = 446.843 Ang^2
Total time: 30.834 s
Program finished...
*********************************************************
INPUT:: Simulation Parameters 
*********************************************************
target filename                  : 6co8.xyz
number of probe                  : 10000
number of iterarions             : 10
number of tasks                  : 10
number of threads                : 24
seed number                      : 2104
gas buffer                       : He
Target Temperature (K)           : 298
timestep (fs)                    : 10
Skin cell size (Ang)             : 0.01
Equipotential                    : no
Cut short-range interaction      : yes
LJ cutoff (Ang)                  : 12
Apply long-range interaction     : yes
Cut long-range interaction       : yes
Coulomb cutoff (Ang)             : 25
Apply induced-dipole interaction : yes
alpha (Ang^3)                    : 0.204956
force_type: 4
*********************************************************
Force Field parameters: 
*********************************************************
Symbol  mass (amu)  epislon (kcal/mol)  sigma(Angstroms) 
C   12.011   0.0309   3.043
N   14.007   0.0309   3.043
H   1.008   0.015   2.38
O   15.999   0.0309   3.043
S   32.06   0.0311   3.5
*********************************************************
MOLECULE:: orientation around the inertia principal axis 
*********************************************************
Inertia matrix a.u. Ang^2: 
{  3.16993e+11  -3488.86  182563  }
{  -3488.86  3.16993e+11  11107.4  }
{  182563  11107.4  3.16993e+11  }
Rotation matrix applied to molecule: 
{  0.0135249  -0.0653249  0.997772  }
{  -0.0544395  0.998043  -0.0307808  }
{  -0.993809  -0.053902  0.0099422  }
Molecule radius: 235.768 Ang 
orientation time of molecule target: 1.70602 s
target mass: 1.12678e+07 amu
gas mass: 4.0026 amu
reduce mass: 4.0026 amu
charge state: 170.688 e
*********************************************************
Geometric Ellipsoid: 
*********************************************************
maximal distances: 235.74  235.713  235.768  Ang
Initial axis length: 285.75  285.723  285.778  Ang
Ellipsoid axis length: 285.8  285.773  285.828  Ang
ellipsoid calculation time: 0.00984788 s
maximal impact parameter: 285.828 Ang
*********************************************************
Linked-cell: 
Numbers of cells: 110592
Nx: 48 Ny: 48 Nz: 48
Filled cells: 17880
Empty cells: 92712
Average atoms per cell: 88.1783
Maximum atoms per cell: 206
Minimum atoms per cell: 1
Simulation box: 
lx: 576.48 Ang
ly: 576.48 Ang
lz: 576.48 Ang
linked-cell calculation time: 0.285139 s
time info: 0.0348551 s
*********************************************************
Trajectory calculations 
*********************************************************
out target time: 26.3912 s
Ntraj: 10000
Nfree: 2
Nscatter: 9989
Nlost: 9
omega: 238079
Ntraj: 10000
Nfree: 4
Nscatter: 9983
Nlost: 13
omega: 237933
Ntraj: 10000
Nfree: 4
Nscatter: 9983
Nlost: 13
omega: 234708
Ntraj: 10000
Nfree: 3
Nscatter: 9983
Nlost: 14
omega: 237044
Ntraj: 10000
Nfree: 1
Nscatter: 9983
Nlost: 16
omega: 239558
Ntraj: 10000
Nfree: 2
Nscatter: 9989
Nlost: 9
omega: 236385
Ntraj: 10000
Nfree: 4
Nscatter: 9989
Nlost: 7
omega: 237523
Ntraj: 10000
Nfree: 1
Nscatter: 9986
Nlost: 13
omega: 234858
Ntraj: 10000
Nfree: 1
Nscatter: 9992
Nlost: 7
omega: 236524
Ntraj: 10000
Nfree: 1
Nscatter: 9986
Nlost: 13
omega: 237828
*********************************************************
task: 0
worker id: 47221
time create lcl and mol: 0.0597849 s
numbers of trajectories: 10000
time trajectory calculation: 17.3171 s
task: 1
worker id: 96192
time create lcl and mol: 0.05936 s
numbers of trajectories: 10000
time trajectory calculation: 17.0369 s
task: 2
worker id: 11224
time create lcl and mol: 0.0566449 s
numbers of trajectories: 10000
time trajectory calculation: 15.3099 s
task: 3
worker id: 45552
time create lcl and mol: 0.061285 s
numbers of trajectories: 10000
time trajectory calculation: 14.5866 s
task: 4
worker id: 64986
time create lcl and mol: 0.0585771 s
numbers of trajectories: 10000
time trajectory calculation: 16.0478 s
task: 5
worker id: 31483
time create lcl and mol: 0.0612779 s
numbers of trajectories: 10000
time trajectory calculation: 12.4999 s
task: 6
worker id: 31483
time create lcl and mol: 0.059257 s
numbers of trajectories: 10000
time trajectory calculation: 13.5863 s
task: 7
worker id: 93259
time create lcl and mol: 0.0596251 s
numbers of trajectories: 10000
time trajectory calculation: 13.7943 s
task: 8
worker id: 93259
time create lcl and mol: 0.060497 s
numbers of trajectories: 10000
time trajectory calculation: 12.0957 s
task: 9
worker id: 6319
time create lcl and mol: 0.0587029 s
numbers of trajectories: 10000
time trajectory calculation: 15.4066 s
CCS time: 26.4338 s
*********************************************************
average value of CCS = 237044 Ang^2
error value of CCS = 446.843 Ang^2
Total time: 28.4401 s
Program finished...
[1695217834.569082] [sdumont6074:67287:0]       tag_match.c:62   UCX  WARN  unexpected tag-receive descriptor 0x2aac30006bc0 was not matched
[1695217834.567723] [sdumont6209:31483:0]       tag_match.c:62   UCX  WARN  unexpected tag-receive descriptor 0x5625b481eb00 was not matched
[1695217834.569891] [sdumont6080:96192:0]       tag_match.c:62   UCX  WARN  unexpected tag-receive descriptor 0x556c977c8c00 was not matched
[1695217834.571763] [sdumont6210:6319 :0]       tag_match.c:62   UCX  WARN  unexpected tag-receive descriptor 0x55def5798ac0 was not matched
*********************************************************
INPUT:: Simulation Parameters 
*********************************************************
target filename                  : 6co8.xyz
number of probe                  : 10000
number of iterarions             : 10
number of tasks                  : 10
number of threads                : 24
seed number                      : 2104
gas buffer                       : He
Target Temperature (K)           : 298
timestep (fs)                    : 10
Skin cell size (Ang)             : 0.01
Equipotential                    : no
Cut short-range interaction      : yes
LJ cutoff (Ang)                  : 12
Apply long-range interaction     : yes
Cut long-range interaction       : yes
Coulomb cutoff (Ang)             : 25
Apply induced-dipole interaction : yes
alpha (Ang^3)                    : 0.204956
force_type: 4
*********************************************************
Force Field parameters: 
*********************************************************
Symbol  mass (amu)  epislon (kcal/mol)  sigma(Angstroms) 
C   12.011   0.0309   3.043
N   14.007   0.0309   3.043
H   1.008   0.015   2.38
O   15.999   0.0309   3.043
S   32.06   0.0311   3.5
*********************************************************
MOLECULE:: orientation around the inertia principal axis 
*********************************************************
Inertia matrix a.u. Ang^2: 
{  3.16993e+11  -3488.86  182563  }
{  -3488.86  3.16993e+11  11107.4  }
{  182563  11107.4  3.16993e+11  }
Rotation matrix applied to molecule: 
{  0.0135249  -0.0653249  0.997772  }
{  -0.0544395  0.998043  -0.0307808  }
{  -0.993809  -0.053902  0.0099422  }
Molecule radius: 235.768 Ang 
orientation time of molecule target: 1.69737 s
target mass: 1.12678e+07 amu
gas mass: 4.0026 amu
reduce mass: 4.0026 amu
charge state: 170.688 e
*********************************************************
Geometric Ellipsoid: 
*********************************************************
maximal distances: 235.74  235.713  235.768  Ang
Initial axis length: 285.75  285.723  285.778  Ang
Ellipsoid axis length: 285.8  285.773  285.828  Ang
ellipsoid calculation time: 0.00975704 s
maximal impact parameter: 285.828 Ang
*********************************************************
Linked-cell: 
Numbers of cells: 110592
Nx: 48 Ny: 48 Nz: 48
Filled cells: 17880
Empty cells: 92712
Average atoms per cell: 88.1783
Maximum atoms per cell: 206
Minimum atoms per cell: 1
Simulation box: 
lx: 576.48 Ang
ly: 576.48 Ang
lz: 576.48 Ang
linked-cell calculation time: 0.281238 s
time info: 0.0350869 s
*********************************************************
Trajectory calculations 
*********************************************************
out target time: 29.5536 s
Ntraj: 10000
Nfree: 2
Nscatter: 9989
Nlost: 9
omega: 238079
Ntraj: 10000
Nfree: 4
Nscatter: 9983
Nlost: 13
omega: 237933
Ntraj: 10000
Nfree: 4
Nscatter: 9983
Nlost: 13
omega: 234708
Ntraj: 10000
Nfree: 3
Nscatter: 9983
Nlost: 14
omega: 237044
Ntraj: 10000
Nfree: 1
Nscatter: 9983
Nlost: 16
omega: 239558
Ntraj: 10000
Nfree: 2
Nscatter: 9989
Nlost: 9
omega: 236385
Ntraj: 10000
Nfree: 4
Nscatter: 9989
Nlost: 7
omega: 237523
Ntraj: 10000
Nfree: 1
Nscatter: 9986
Nlost: 13
omega: 234858
Ntraj: 10000
Nfree: 1
Nscatter: 9992
Nlost: 7
omega: 236524
Ntraj: 10000
Nfree: 1
Nscatter: 9986
Nlost: 13
omega: 237828
*********************************************************
task: 0
worker id: 94302
time create lcl and mol: 0.0594931 s
numbers of trajectories: 10000
time trajectory calculation: 17.7591 s
task: 1
worker id: 48266
time create lcl and mol: 0.0615461 s
numbers of trajectories: 10000
time trajectory calculation: 16.4974 s
task: 2
worker id: 7365
time create lcl and mol: 0.0579479 s
numbers of trajectories: 10000
time trajectory calculation: 15.7621 s
task: 3
worker id: 97233
time create lcl and mol: 0.0589252 s
numbers of trajectories: 10000
time trajectory calculation: 14.6575 s
task: 4
worker id: 12279
time create lcl and mol: 0.0572021 s
numbers of trajectories: 10000
time trajectory calculation: 16.2108 s
task: 5
worker id: 48266
time create lcl and mol: 0.059103 s
numbers of trajectories: 10000
time trajectory calculation: 12.7686 s
task: 6
worker id: 66028
time create lcl and mol: 0.0582831 s
numbers of trajectories: 10000
time trajectory calculation: 13.4775 s
task: 7
worker id: 46610
time create lcl and mol: 0.058501 s
numbers of trajectories: 10000
time trajectory calculation: 13.7803 s
task: 8
worker id: 32525
time create lcl and mol: 0.0596101 s
numbers of trajectories: 10000
time trajectory calculation: 12.2932 s
task: 9
worker id: 32525
time create lcl and mol: 0.061723 s
numbers of trajectories: 10000
time trajectory calculation: 15.29 s
CCS time: 29.5964 s
*********************************************************
average value of CCS = 237044 Ang^2
error value of CCS = 446.843 Ang^2
Total time: 31.5901 s
Program finished...
[1695217867.171303] [sdumont6074:68406:0]       tag_match.c:62   UCX  WARN  unexpected tag-receive descriptor 0x2b9f38006bc0 was not matched
[1695217867.172041] [sdumont6080:97233:0]       tag_match.c:62   UCX  WARN  unexpected tag-receive descriptor 0x55d135ddcc00 was not matched
[1695217867.170883] [sdumont6209:32525:0]       tag_match.c:62   UCX  WARN  unexpected tag-receive descriptor 0x55ca708d8b00 was not matched
[1695217867.172007] [sdumont6081:48266:0]       tag_match.c:62   UCX  WARN  unexpected tag-receive descriptor 0x55ddf2f1fc40 was not matched
[1695217867.172390] [sdumont6077:46610:0]       tag_match.c:62   UCX  WARN  unexpected tag-receive descriptor 0x55a217afdbc0 was not matched
