*********************************************************
INPUT:: Simulation Parameters 
*********************************************************
target filename                  : 09_1aqf_carga_31_min.xyz
number of probe                  : 10000
number of iterarions             : 10
number of tasks                  : 10
number of threads                : 24
seed number                      : 2104
gas buffer                       : He
Target Temperature (K)           : 298
timestep (fs)                    : 10
Skin cell size (Ang)             : 0.01
Equipotential                    : no
Cut short-range interaction      : yes
LJ cutoff (Ang)                  : 12
Apply long-range interaction     : yes
Cut long-range interaction       : yes
Coulomb cutoff (Ang)             : 25
Apply induced-dipole interaction : yes
alpha (Ang^3)                    : 0.204956
force_type: 4
*********************************************************
Force Field parameters: 
*********************************************************
Symbol  mass (amu)  epislon (kcal/mol)  sigma(Angstroms) 
C   12.011   0.0309   3.043
N   14.007   0.0309   3.043
H   1.008   0.015   2.38
O   15.999   0.0309   3.043
S   32.06   0.0311   3.5
*********************************************************
MOLECULE:: orientation around the inertia principal axis 
*********************************************************
Inertia matrix a.u. Ang^2: 
{  3.06475e+08  -1.24859e+07  2.8268e+06  }
{  -1.24859e+07  2.10003e+08  6.06891e+07  }
{  2.8268e+06  6.06891e+07  2.38764e+08  }
Rotation matrix applied to molecule: 
{  0.967096  -0.210263  -0.143226  }
{  0.0793105  0.78409  -0.615559  }
{  0.241732  0.583946  0.774967  }
Molecule radius: 70.6159 Ang 
orientation time of molecule target: 0.116046 s
target mass: 227289 amu
gas mass: 4.0026 amu
reduce mass: 4.00253 amu
charge state: 31 e
*********************************************************
Geometric Ellipsoid: 
*********************************************************
maximal distances: 46.8728  52.0299  62.5643  Ang
Initial axis length: 96.8828  102.04  112.574  Ang
Ellipsoid axis length: 110.473  115.63  126.164  Ang
ellipsoid calculation time: 0.000245094 s
maximal impact parameter: 126.164 Ang
*********************************************************
Linked-cell: 
Numbers of cells: 8360
Nx: 19 Ny: 20 Nz: 22
Filled cells: 400
Empty cells: 7960
Average atoms per cell: 80.425
Maximum atoms per cell: 202
Minimum atoms per cell: 1
Simulation box: 
lx: 228.19 Ang
ly: 240.2 Ang
lz: 264.22 Ang
linked-cell calculation time: 0.010901 s
time info: 0.00105596 s
*********************************************************
Trajectory calculations 
*********************************************************
out target time: 4.29229 s
Ntraj: 10000
Nfree: 1387
Nscatter: 8612
Nlost: 1
omega: 11353.8
Ntraj: 10000
Nfree: 1346
Nscatter: 8652
Nlost: 2
omega: 11848.1
Ntraj: 10000
Nfree: 1353
Nscatter: 8647
Nlost: 0
omega: 11504.2
Ntraj: 10000
Nfree: 1334
Nscatter: 8666
Nlost: 0
omega: 11832.4
Ntraj: 10000
Nfree: 1341
Nscatter: 8658
Nlost: 1
omega: 11726.1
Ntraj: 10000
Nfree: 1358
Nscatter: 8641
Nlost: 1
omega: 11516
Ntraj: 10000
Nfree: 1377
Nscatter: 8623
Nlost: 0
omega: 11312.9
Ntraj: 10000
Nfree: 1379
Nscatter: 8619
Nlost: 2
omega: 11140.4
Ntraj: 10000
Nfree: 1367
Nscatter: 8633
Nlost: 0
omega: 12093.8
Ntraj: 10000
Nfree: 1388
Nscatter: 8612
Nlost: 0
omega: 11968.8
*********************************************************
task: 0
worker id: 87540
time create lcl and mol: 0.00245404 s
numbers of trajectories: 10000
time trajectory calculation: 2.0634 s
task: 1
worker id: 10244
time create lcl and mol: 0.00258803 s
numbers of trajectories: 10000
time trajectory calculation: 3.04962 s
task: 2
worker id: 71992
time create lcl and mol: 0.00269723 s
numbers of trajectories: 10000
time trajectory calculation: 1.84413 s
task: 3
worker id: 74979
time create lcl and mol: 0.00240111 s
numbers of trajectories: 10000
time trajectory calculation: 1.99498 s
task: 4
worker id: 43768
time create lcl and mol: 0.00240088 s
numbers of trajectories: 10000
time trajectory calculation: 2.49375 s
task: 5
worker id: 23742
time create lcl and mol: 0.00264287 s
numbers of trajectories: 10000
time trajectory calculation: 2.12089 s
task: 6
worker id: 71992
time create lcl and mol: 0.00264788 s
numbers of trajectories: 10000
time trajectory calculation: 1.86268 s
task: 7
worker id: 82647
time create lcl and mol: 0.00258708 s
numbers of trajectories: 10000
time trajectory calculation: 2.23024 s
task: 8
worker id: 26033
time create lcl and mol: 0.00259304 s
numbers of trajectories: 10000
time trajectory calculation: 2.19627 s
task: 9
worker id: 74979
time create lcl and mol: 0.00267792 s
numbers of trajectories: 10000
time trajectory calculation: 2.23184 s
CCS time: 4.30075 s
*********************************************************
average value of CCS = 11629.6 Ang^2
error value of CCS = 93.4331 Ang^2
Total time: 4.43327 s
Program finished...
*********************************************************
INPUT:: Simulation Parameters 
*********************************************************
target filename                  : 09_1aqf_carga_31_min.xyz
number of probe                  : 10000
number of iterarions             : 10
number of tasks                  : 10
number of threads                : 24
seed number                      : 2104
gas buffer                       : He
Target Temperature (K)           : 298
timestep (fs)                    : 10
Skin cell size (Ang)             : 0.01
Equipotential                    : no
Cut short-range interaction      : yes
LJ cutoff (Ang)                  : 12
Apply long-range interaction     : yes
Cut long-range interaction       : yes
Coulomb cutoff (Ang)             : 25
Apply induced-dipole interaction : yes
alpha (Ang^3)                    : 0.204956
force_type: 4
*********************************************************
Force Field parameters: 
*********************************************************
Symbol  mass (amu)  epislon (kcal/mol)  sigma(Angstroms) 
C   12.011   0.0309   3.043
N   14.007   0.0309   3.043
H   1.008   0.015   2.38
O   15.999   0.0309   3.043
S   32.06   0.0311   3.5
*********************************************************
MOLECULE:: orientation around the inertia principal axis 
*********************************************************
Inertia matrix a.u. Ang^2: 
{  3.06475e+08  -1.24859e+07  2.8268e+06  }
{  -1.24859e+07  2.10003e+08  6.06891e+07  }
{  2.8268e+06  6.06891e+07  2.38764e+08  }
Rotation matrix applied to molecule: 
{  0.967096  -0.210263  -0.143226  }
{  0.0793105  0.78409  -0.615559  }
{  0.241732  0.583946  0.774967  }
Molecule radius: 70.6159 Ang 
orientation time of molecule target: 0.0310609 s
target mass: 227289 amu
gas mass: 4.0026 amu
reduce mass: 4.00253 amu
charge state: 31 e
*********************************************************
Geometric Ellipsoid: 
*********************************************************
maximal distances: 46.8728  52.0299  62.5643  Ang
Initial axis length: 96.8828  102.04  112.574  Ang
Ellipsoid axis length: 110.473  115.63  126.164  Ang
ellipsoid calculation time: 0.000257015 s
maximal impact parameter: 126.164 Ang
*********************************************************
Linked-cell: 
Numbers of cells: 8360
Nx: 19 Ny: 20 Nz: 22
Filled cells: 400
Empty cells: 7960
Average atoms per cell: 80.425
Maximum atoms per cell: 202
Minimum atoms per cell: 1
Simulation box: 
lx: 228.19 Ang
ly: 240.2 Ang
lz: 264.22 Ang
linked-cell calculation time: 0.0107911 s
time info: 0.00100493 s
*********************************************************
Trajectory calculations 
*********************************************************
out target time: 4.24982 s
Ntraj: 10000
Nfree: 1387
Nscatter: 8612
Nlost: 1
omega: 11353.8
Ntraj: 10000
Nfree: 1346
Nscatter: 8652
Nlost: 2
omega: 11848.1
Ntraj: 10000
Nfree: 1353
Nscatter: 8647
Nlost: 0
omega: 11504.2
Ntraj: 10000
Nfree: 1334
Nscatter: 8666
Nlost: 0
omega: 11832.4
Ntraj: 10000
Nfree: 1341
Nscatter: 8658
Nlost: 1
omega: 11726.1
Ntraj: 10000
Nfree: 1358
Nscatter: 8641
Nlost: 1
omega: 11516
Ntraj: 10000
Nfree: 1377
Nscatter: 8623
Nlost: 0
omega: 11312.9
Ntraj: 10000
Nfree: 1379
Nscatter: 8619
Nlost: 2
omega: 11140.4
Ntraj: 10000
Nfree: 1367
Nscatter: 8633
Nlost: 0
omega: 12093.8
Ntraj: 10000
Nfree: 1388
Nscatter: 8612
Nlost: 0
omega: 11968.8
*********************************************************
task: 0
worker id: 43858
time create lcl and mol: 0.00238585 s
numbers of trajectories: 10000
time trajectory calculation: 2.22313 s
task: 1
worker id: 75069
time create lcl and mol: 0.00252914 s
numbers of trajectories: 10000
time trajectory calculation: 2.97338 s
task: 2
worker id: 26124
time create lcl and mol: 0.00259113 s
numbers of trajectories: 10000
time trajectory calculation: 1.87966 s
task: 3
worker id: 82738
time create lcl and mol: 0.00246787 s
numbers of trajectories: 10000
time trajectory calculation: 2.00439 s
task: 4
worker id: 72082
time create lcl and mol: 0.00238299 s
numbers of trajectories: 10000
time trajectory calculation: 2.52918 s
task: 5
worker id: 87629
time create lcl and mol: 0.00240707 s
numbers of trajectories: 10000
time trajectory calculation: 2.15315 s
task: 6
worker id: 23849
time create lcl and mol: 0.00255394 s
numbers of trajectories: 10000
time trajectory calculation: 1.8644 s
task: 7
worker id: 10334
time create lcl and mol: 0.00247383 s
numbers of trajectories: 10000
time trajectory calculation: 2.21993 s
task: 8
worker id: 26124
time create lcl and mol: 0.00257993 s
numbers of trajectories: 10000
time trajectory calculation: 2.1138 s
task: 9
worker id: 23849
time create lcl and mol: 0.00262308 s
numbers of trajectories: 10000
time trajectory calculation: 2.31489 s
CCS time: 4.25793 s
*********************************************************
average value of CCS = 11629.6 Ang^2
error value of CCS = 93.4331 Ang^2
Total time: 4.30537 s
Program finished...
*********************************************************
INPUT:: Simulation Parameters 
*********************************************************
target filename                  : 09_1aqf_carga_31_min.xyz
number of probe                  : 10000
number of iterarions             : 10
number of tasks                  : 10
number of threads                : 24
seed number                      : 2104
gas buffer                       : He
Target Temperature (K)           : 298
timestep (fs)                    : 10
Skin cell size (Ang)             : 0.01
Equipotential                    : no
Cut short-range interaction      : yes
LJ cutoff (Ang)                  : 12
Apply long-range interaction     : yes
Cut long-range interaction       : yes
Coulomb cutoff (Ang)             : 25
Apply induced-dipole interaction : yes
alpha (Ang^3)                    : 0.204956
force_type: 4
*********************************************************
Force Field parameters: 
*********************************************************
Symbol  mass (amu)  epislon (kcal/mol)  sigma(Angstroms) 
C   12.011   0.0309   3.043
N   14.007   0.0309   3.043
H   1.008   0.015   2.38
O   15.999   0.0309   3.043
S   32.06   0.0311   3.5
*********************************************************
MOLECULE:: orientation around the inertia principal axis 
*********************************************************
Inertia matrix a.u. Ang^2: 
{  3.06475e+08  -1.24859e+07  2.8268e+06  }
{  -1.24859e+07  2.10003e+08  6.06891e+07  }
{  2.8268e+06  6.06891e+07  2.38764e+08  }
Rotation matrix applied to molecule: 
{  0.967096  -0.210263  -0.143226  }
{  0.0793105  0.78409  -0.615559  }
{  0.241732  0.583946  0.774967  }
Molecule radius: 70.6159 Ang 
orientation time of molecule target: 0.031364 s
target mass: 227289 amu
gas mass: 4.0026 amu
reduce mass: 4.00253 amu
charge state: 31 e
*********************************************************
Geometric Ellipsoid: 
*********************************************************
maximal distances: 46.8728  52.0299  62.5643  Ang
Initial axis length: 96.8828  102.04  112.574  Ang
Ellipsoid axis length: 110.473  115.63  126.164  Ang
ellipsoid calculation time: 0.000255108 s
maximal impact parameter: 126.164 Ang
*********************************************************
Linked-cell: 
Numbers of cells: 8360
Nx: 19 Ny: 20 Nz: 22
Filled cells: 400
Empty cells: 7960
Average atoms per cell: 80.425
Maximum atoms per cell: 202
Minimum atoms per cell: 1
Simulation box: 
lx: 228.19 Ang
ly: 240.2 Ang
lz: 264.22 Ang
linked-cell calculation time: 0.0108809 s
time info: 0.00106287 s
*********************************************************
Trajectory calculations 
*********************************************************
out target time: 4.26515 s
Ntraj: 10000
Nfree: 1387
Nscatter: 8612
Nlost: 1
omega: 11353.8
Ntraj: 10000
Nfree: 1346
Nscatter: 8652
Nlost: 2
omega: 11848.1
Ntraj: 10000
Nfree: 1353
Nscatter: 8647
Nlost: 0
omega: 11504.2
Ntraj: 10000
Nfree: 1334
Nscatter: 8666
Nlost: 0
omega: 11832.4
Ntraj: 10000
Nfree: 1341
Nscatter: 8658
Nlost: 1
omega: 11726.1
Ntraj: 10000
Nfree: 1358
Nscatter: 8641
Nlost: 1
omega: 11516
Ntraj: 10000
Nfree: 1377
Nscatter: 8623
Nlost: 0
omega: 11312.9
Ntraj: 10000
Nfree: 1379
Nscatter: 8619
Nlost: 2
omega: 11140.4
Ntraj: 10000
Nfree: 1367
Nscatter: 8633
Nlost: 0
omega: 12093.8
Ntraj: 10000
Nfree: 1388
Nscatter: 8612
Nlost: 0
omega: 11968.8
*********************************************************
task: 0
worker id: 26537
time create lcl and mol: 0.00247288 s
numbers of trajectories: 10000
time trajectory calculation: 2.1188 s
task: 1
worker id: 24272
time create lcl and mol: 0.0026741 s
numbers of trajectories: 10000
time trajectory calculation: 3.10374 s
task: 2
worker id: 88044
time create lcl and mol: 0.00244308 s
numbers of trajectories: 10000
time trajectory calculation: 1.87158 s
task: 3
worker id: 75482
time create lcl and mol: 0.00237989 s
numbers of trajectories: 10000
time trajectory calculation: 1.99966 s
task: 4
worker id: 44271
time create lcl and mol: 0.00234103 s
numbers of trajectories: 10000
time trajectory calculation: 2.6016 s
task: 5
worker id: 10744
time create lcl and mol: 0.00247288 s
numbers of trajectories: 10000
time trajectory calculation: 1.99993 s
task: 6
worker id: 72493
time create lcl and mol: 0.00267291 s
numbers of trajectories: 10000
time trajectory calculation: 1.84889 s
task: 7
worker id: 88044
time create lcl and mol: 0.00263309 s
numbers of trajectories: 10000
time trajectory calculation: 2.0818 s
task: 8
worker id: 83147
time create lcl and mol: 0.0024879 s
numbers of trajectories: 10000
time trajectory calculation: 2.04111 s
task: 9
worker id: 72493
time create lcl and mol: 0.00276303 s
numbers of trajectories: 10000
time trajectory calculation: 2.35098 s
CCS time: 4.27358 s
*********************************************************
average value of CCS = 11629.6 Ang^2
error value of CCS = 93.4331 Ang^2
Total time: 4.32107 s
Program finished...
*********************************************************
INPUT:: Simulation Parameters 
*********************************************************
target filename                  : 09_1aqf_carga_31_min.xyz
number of probe                  : 10000
number of iterarions             : 10
number of tasks                  : 10
number of threads                : 24
seed number                      : 2104
gas buffer                       : He
Target Temperature (K)           : 298
timestep (fs)                    : 10
Skin cell size (Ang)             : 0.01
Equipotential                    : no
Cut short-range interaction      : yes
LJ cutoff (Ang)                  : 12
Apply long-range interaction     : yes
Cut long-range interaction       : yes
Coulomb cutoff (Ang)             : 25
Apply induced-dipole interaction : yes
alpha (Ang^3)                    : 0.204956
force_type: 4
*********************************************************
Force Field parameters: 
*********************************************************
Symbol  mass (amu)  epislon (kcal/mol)  sigma(Angstroms) 
C   12.011   0.0309   3.043
N   14.007   0.0309   3.043
H   1.008   0.015   2.38
O   15.999   0.0309   3.043
S   32.06   0.0311   3.5
*********************************************************
MOLECULE:: orientation around the inertia principal axis 
*********************************************************
Inertia matrix a.u. Ang^2: 
{  3.06475e+08  -1.24859e+07  2.8268e+06  }
{  -1.24859e+07  2.10003e+08  6.06891e+07  }
{  2.8268e+06  6.06891e+07  2.38764e+08  }
Rotation matrix applied to molecule: 
{  0.967096  -0.210263  -0.143226  }
{  0.0793105  0.78409  -0.615559  }
{  0.241732  0.583946  0.774967  }
Molecule radius: 70.6159 Ang 
orientation time of molecule target: 0.0310509 s
target mass: 227289 amu
gas mass: 4.0026 amu
reduce mass: 4.00253 amu
charge state: 31 e
*********************************************************
Geometric Ellipsoid: 
*********************************************************
maximal distances: 46.8728  52.0299  62.5643  Ang
Initial axis length: 96.8828  102.04  112.574  Ang
Ellipsoid axis length: 110.473  115.63  126.164  Ang
ellipsoid calculation time: 0.000257015 s
maximal impact parameter: 126.164 Ang
*********************************************************
Linked-cell: 
Numbers of cells: 8360
Nx: 19 Ny: 20 Nz: 22
Filled cells: 400
Empty cells: 7960
Average atoms per cell: 80.425
Maximum atoms per cell: 202
Minimum atoms per cell: 1
Simulation box: 
lx: 228.19 Ang
ly: 240.2 Ang
lz: 264.22 Ang
linked-cell calculation time: 0.010767 s
time info: 0.00103402 s
*********************************************************
Trajectory calculations 
*********************************************************
out target time: 4.31895 s
Ntraj: 10000
Nfree: 1387
Nscatter: 8612
Nlost: 1
omega: 11353.8
Ntraj: 10000
Nfree: 1346
Nscatter: 8652
Nlost: 2
omega: 11848.1
Ntraj: 10000
Nfree: 1353
Nscatter: 8647
Nlost: 0
omega: 11504.2
Ntraj: 10000
Nfree: 1334
Nscatter: 8666
Nlost: 0
omega: 11832.4
Ntraj: 10000
Nfree: 1341
Nscatter: 8658
Nlost: 1
omega: 11726.1
Ntraj: 10000
Nfree: 1358
Nscatter: 8641
Nlost: 1
omega: 11516
Ntraj: 10000
Nfree: 1377
Nscatter: 8623
Nlost: 0
omega: 11312.9
Ntraj: 10000
Nfree: 1379
Nscatter: 8619
Nlost: 2
omega: 11140.4
Ntraj: 10000
Nfree: 1367
Nscatter: 8633
Nlost: 0
omega: 12093.8
Ntraj: 10000
Nfree: 1388
Nscatter: 8612
Nlost: 0
omega: 11968.8
*********************************************************
task: 0
worker id: 24668
time create lcl and mol: 0.00266194 s
numbers of trajectories: 10000
time trajectory calculation: 2.16839 s
task: 1
worker id: 88427
time create lcl and mol: 0.00252485 s
numbers of trajectories: 10000
time trajectory calculation: 2.91289 s
task: 2
worker id: 26919
time create lcl and mol: 0.00233388 s
numbers of trajectories: 10000
time trajectory calculation: 1.879 s
task: 3
worker id: 72876
time create lcl and mol: 0.00230408 s
numbers of trajectories: 10000
time trajectory calculation: 1.97569 s
task: 4
worker id: 75864
time create lcl and mol: 0.00235295 s
numbers of trajectories: 10000
time trajectory calculation: 2.61527 s
task: 5
worker id: 44655
time create lcl and mol: 0.00234485 s
numbers of trajectories: 10000
time trajectory calculation: 2.02438 s
task: 6
worker id: 11127
time create lcl and mol: 0.002527 s
numbers of trajectories: 10000
time trajectory calculation: 1.91915 s
task: 7
worker id: 26919
time create lcl and mol: 0.00269318 s
numbers of trajectories: 10000
time trajectory calculation: 2.21206 s
task: 8
worker id: 83532
time create lcl and mol: 0.00250196 s
numbers of trajectories: 10000
time trajectory calculation: 2.02657 s
task: 9
worker id: 11127
time create lcl and mol: 0.00266719 s
numbers of trajectories: 10000
time trajectory calculation: 2.33968 s
CCS time: 4.32721 s
*********************************************************
average value of CCS = 11629.6 Ang^2
error value of CCS = 93.4331 Ang^2
Total time: 4.37454 s
Program finished...
*********************************************************
INPUT:: Simulation Parameters 
*********************************************************
target filename                  : 09_1aqf_carga_31_min.xyz
number of probe                  : 10000
number of iterarions             : 10
number of tasks                  : 10
number of threads                : 24
seed number                      : 2104
gas buffer                       : He
Target Temperature (K)           : 298
timestep (fs)                    : 10
Skin cell size (Ang)             : 0.01
Equipotential                    : no
Cut short-range interaction      : yes
LJ cutoff (Ang)                  : 12
Apply long-range interaction     : yes
Cut long-range interaction       : yes
Coulomb cutoff (Ang)             : 25
Apply induced-dipole interaction : yes
alpha (Ang^3)                    : 0.204956
force_type: 4
*********************************************************
Force Field parameters: 
*********************************************************
Symbol  mass (amu)  epislon (kcal/mol)  sigma(Angstroms) 
C   12.011   0.0309   3.043
N   14.007   0.0309   3.043
H   1.008   0.015   2.38
O   15.999   0.0309   3.043
S   32.06   0.0311   3.5
*********************************************************
MOLECULE:: orientation around the inertia principal axis 
*********************************************************
Inertia matrix a.u. Ang^2: 
{  3.06475e+08  -1.24859e+07  2.8268e+06  }
{  -1.24859e+07  2.10003e+08  6.06891e+07  }
{  2.8268e+06  6.06891e+07  2.38764e+08  }
Rotation matrix applied to molecule: 
{  0.967096  -0.210263  -0.143226  }
{  0.0793105  0.78409  -0.615559  }
{  0.241732  0.583946  0.774967  }
Molecule radius: 70.6159 Ang 
orientation time of molecule target: 0.031177 s
target mass: 227289 amu
gas mass: 4.0026 amu
reduce mass: 4.00253 amu
charge state: 31 e
*********************************************************
Geometric Ellipsoid: 
*********************************************************
maximal distances: 46.8728  52.0299  62.5643  Ang
Initial axis length: 96.8828  102.04  112.574  Ang
Ellipsoid axis length: 110.473  115.63  126.164  Ang
ellipsoid calculation time: 0.000259876 s
maximal impact parameter: 126.164 Ang
*********************************************************
Linked-cell: 
Numbers of cells: 8360
Nx: 19 Ny: 20 Nz: 22
Filled cells: 400
Empty cells: 7960
Average atoms per cell: 80.425
Maximum atoms per cell: 202
Minimum atoms per cell: 1
Simulation box: 
lx: 228.19 Ang
ly: 240.2 Ang
lz: 264.22 Ang
linked-cell calculation time: 0.0107958 s
time info: 0.00102901 s
*********************************************************
Trajectory calculations 
*********************************************************
out target time: 4.32191 s
Ntraj: 10000
Nfree: 1387
Nscatter: 8612
Nlost: 1
omega: 11353.8
Ntraj: 10000
Nfree: 1346
Nscatter: 8652
Nlost: 2
omega: 11848.1
Ntraj: 10000
Nfree: 1353
Nscatter: 8647
Nlost: 0
omega: 11504.2
Ntraj: 10000
Nfree: 1334
Nscatter: 8666
Nlost: 0
omega: 11832.4
Ntraj: 10000
Nfree: 1341
Nscatter: 8658
Nlost: 1
omega: 11726.1
Ntraj: 10000
Nfree: 1358
Nscatter: 8641
Nlost: 1
omega: 11516
Ntraj: 10000
Nfree: 1377
Nscatter: 8623
Nlost: 0
omega: 11312.9
Ntraj: 10000
Nfree: 1379
Nscatter: 8619
Nlost: 2
omega: 11140.4
Ntraj: 10000
Nfree: 1367
Nscatter: 8633
Nlost: 0
omega: 12093.8
Ntraj: 10000
Nfree: 1388
Nscatter: 8612
Nlost: 0
omega: 11968.8
*********************************************************
task: 0
worker id: 88531
time create lcl and mol: 0.00251198 s
numbers of trajectories: 10000
time trajectory calculation: 2.16293 s
task: 1
worker id: 75968
time create lcl and mol: 0.00252199 s
numbers of trajectories: 10000
time trajectory calculation: 3.02685 s
task: 2
worker id: 72980
time create lcl and mol: 0.00232697 s
numbers of trajectories: 10000
time trajectory calculation: 1.88252 s
task: 3
worker id: 27022
time create lcl and mol: 0.00266695 s
numbers of trajectories: 10000
time trajectory calculation: 2.01269 s
task: 4
worker id: 44759
time create lcl and mol: 0.00248909 s
numbers of trajectories: 10000
time trajectory calculation: 2.47409 s
task: 5
worker id: 24789
time create lcl and mol: 0.00273895 s
numbers of trajectories: 10000
time trajectory calculation: 2.13734 s
task: 6
worker id: 11234
time create lcl and mol: 0.00246191 s
numbers of trajectories: 10000
time trajectory calculation: 1.87198 s
task: 7
worker id: 83634
time create lcl and mol: 0.00268888 s
numbers of trajectories: 10000
time trajectory calculation: 2.0837 s
task: 8
worker id: 11234
time create lcl and mol: 0.002841 s
numbers of trajectories: 10000
time trajectory calculation: 2.13356 s
task: 9
worker id: 72980
time create lcl and mol: 0.00267315 s
numbers of trajectories: 10000
time trajectory calculation: 2.36883 s
CCS time: 4.33024 s
*********************************************************
average value of CCS = 11629.6 Ang^2
error value of CCS = 93.4331 Ang^2
Total time: 4.37769 s
Program finished...
