*********************************************************
INPUT:: Simulation Parameters 
*********************************************************
target filename                  : 04_1ubq_carga_4_min.xyz
number of probe                  : 10000
number of iterarions             : 10
number of tasks                  : 12
number of threads                : 24
seed number                      : 2104
gas buffer                       : He
Target Temperature (K)           : 298
timestep (fs)                    : 10
Skin cell size (Ang)             : 0.01
Equipotential                    : no
Cut short-range interaction      : yes
LJ cutoff (Ang)                  : 12
Apply long-range interaction     : yes
Cut long-range interaction       : yes
Coulomb cutoff (Ang)             : 25
Apply induced-dipole interaction : yes
alpha (Ang^3)                    : 0.204956
force_type: 4
*********************************************************
Force Field parameters: 
*********************************************************
Symbol  mass (amu)  epislon (kcal/mol)  sigma(Angstroms) 
C   12.011   0.0309   3.043
N   14.007   0.0309   3.043
H   1.008   0.015   2.38
O   15.999   0.0309   3.043
S   32.06   0.0311   3.5
*********************************************************
MOLECULE:: orientation around the inertia principal axis 
*********************************************************
Inertia matrix a.u. Ang^2: 
{  774050  -98727  -119273  }
{  -98727  765481  -55190.9  }
{  -119273  -55190.9  711486  }
Rotation matrix applied to molecule: 
{  0.797039  -0.460096  -0.391204  }
{  0.592383  0.469553  0.654677  }
{  -0.117523  -0.753546  0.646805  }
Molecule radius: 22.0778 Ang 
orientation time of molecule target: 0.00191498 s
target mass: 8568.9 amu
gas mass: 4.0026 amu
reduce mass: 4.00073 amu
charge state: 4 e
*********************************************************
Geometric Ellipsoid: 
*********************************************************
maximal distances: 13.373  14.2779  21.6306  Ang
Initial axis length: 63.383  64.2879  71.6406  Ang
Ellipsoid axis length: 64.833  65.7379  73.0906  Ang
ellipsoid calculation time: 3.48091e-05 s
maximal impact parameter: 73.0906 Ang
*********************************************************
Linked-cell: 
Numbers of cells: 1573
Nx: 11 Ny: 11 Nz: 13
Filled cells: 28
Empty cells: 1545
Average atoms per cell: 44.1071
Maximum atoms per cell: 197
Minimum atoms per cell: 1
Simulation box: 
lx: 132.11 Ang
ly: 132.11 Ang
lz: 156.13 Ang
linked-cell calculation time: 0.00169182 s
time info: 6.79493e-05 s
*********************************************************
Trajectory calculations 
*********************************************************
out target time: 0.619188 s
Ntraj: 10000
Nfree: 1438
Nscatter: 8562
Nlost: 0
omega: 972.254
Ntraj: 10000
Nfree: 1384
Nscatter: 8616
Nlost: 0
omega: 1024.23
Ntraj: 10000
Nfree: 1390
Nscatter: 8610
Nlost: 0
omega: 958.126
Ntraj: 10000
Nfree: 1371
Nscatter: 8629
Nlost: 0
omega: 1150.67
Ntraj: 10000
Nfree: 1373
Nscatter: 8627
Nlost: 0
omega: 1163.4
Ntraj: 10000
Nfree: 1391
Nscatter: 8609
Nlost: 0
omega: 1104.33
Ntraj: 10000
Nfree: 1414
Nscatter: 8586
Nlost: 0
omega: 996.655
Ntraj: 10000
Nfree: 1394
Nscatter: 8606
Nlost: 0
omega: 1040.98
Ntraj: 10000
Nfree: 1418
Nscatter: 8582
Nlost: 0
omega: 1115.37
Ntraj: 10000
Nfree: 1403
Nscatter: 8597
Nlost: 0
omega: 1090.54
*********************************************************
task: 0
worker id: 31680
time create lcl and mol: 0.000457048 s
numbers of trajectories: 8334
time trajectory calculation: 0.2795 s
task: 1
worker id: 19080
time create lcl and mol: 0.000438213 s
numbers of trajectories: 8334
time trajectory calculation: 0.272745 s
task: 2
worker id: 16160
time create lcl and mol: 0.00041008 s
numbers of trajectories: 8334
time trajectory calculation: 0.281209 s
task: 3
worker id: 85425
time create lcl and mol: 0.000370026 s
numbers of trajectories: 8334
time trajectory calculation: 0.551383 s
task: 4
worker id: 66399
time create lcl and mol: 0.000428915 s
numbers of trajectories: 8333
time trajectory calculation: 0.297414 s
task: 5
worker id: 67660
time create lcl and mol: 0.000396967 s
numbers of trajectories: 8333
time trajectory calculation: 0.339002 s
task: 6
worker id: 19080
time create lcl and mol: 0.00040102 s
numbers of trajectories: 8333
time trajectory calculation: 0.280814 s
task: 7
worker id: 51937
time create lcl and mol: 0.000567198 s
numbers of trajectories: 8333
time trajectory calculation: 0.287536 s
task: 8
worker id: 26789
time create lcl and mol: 0.000388145 s
numbers of trajectories: 8333
time trajectory calculation: 0.273097 s
task: 9
worker id: 16160
time create lcl and mol: 0.000452995 s
numbers of trajectories: 8333
time trajectory calculation: 0.276327 s
task: 10
worker id: 31680
time create lcl and mol: 0.000418901 s
numbers of trajectories: 8333
time trajectory calculation: 0.283142 s
task: 11
worker id: 26789
time create lcl and mol: 0.000432968 s
numbers of trajectories: 8333
time trajectory calculation: 0.283953 s
CCS time: 0.626864 s
*********************************************************
average value of CCS = 1061.66 Ang^2
error value of CCS = 22.0411 Ang^2
Total time: 0.635662 s
Program finished...
*********************************************************
INPUT:: Simulation Parameters 
*********************************************************
target filename                  : 04_1ubq_carga_4_min.xyz
number of probe                  : 10000
number of iterarions             : 10
number of tasks                  : 12
number of threads                : 24
seed number                      : 2104
gas buffer                       : He
Target Temperature (K)           : 298
timestep (fs)                    : 10
Skin cell size (Ang)             : 0.01
Equipotential                    : no
Cut short-range interaction      : yes
LJ cutoff (Ang)                  : 12
Apply long-range interaction     : yes
Cut long-range interaction       : yes
Coulomb cutoff (Ang)             : 25
Apply induced-dipole interaction : yes
alpha (Ang^3)                    : 0.204956
force_type: 4
*********************************************************
Force Field parameters: 
*********************************************************
Symbol  mass (amu)  epislon (kcal/mol)  sigma(Angstroms) 
C   12.011   0.0309   3.043
N   14.007   0.0309   3.043
H   1.008   0.015   2.38
O   15.999   0.0309   3.043
S   32.06   0.0311   3.5
*********************************************************
MOLECULE:: orientation around the inertia principal axis 
*********************************************************
Inertia matrix a.u. Ang^2: 
{  774050  -98727  -119273  }
{  -98727  765481  -55190.9  }
{  -119273  -55190.9  711486  }
Rotation matrix applied to molecule: 
{  0.797039  -0.460096  -0.391204  }
{  0.592383  0.469553  0.654677  }
{  -0.117523  -0.753546  0.646805  }
Molecule radius: 22.0778 Ang 
orientation time of molecule target: 0.00194502 s
target mass: 8568.9 amu
gas mass: 4.0026 amu
reduce mass: 4.00073 amu
charge state: 4 e
*********************************************************
Geometric Ellipsoid: 
*********************************************************
maximal distances: 13.373  14.2779  21.6306  Ang
Initial axis length: 63.383  64.2879  71.6406  Ang
Ellipsoid axis length: 64.833  65.7379  73.0906  Ang
ellipsoid calculation time: 4.3869e-05 s
maximal impact parameter: 73.0906 Ang
*********************************************************
Linked-cell: 
Numbers of cells: 1573
Nx: 11 Ny: 11 Nz: 13
Filled cells: 28
Empty cells: 1545
Average atoms per cell: 44.1071
Maximum atoms per cell: 197
Minimum atoms per cell: 1
Simulation box: 
lx: 132.11 Ang
ly: 132.11 Ang
lz: 156.13 Ang
linked-cell calculation time: 0.00172687 s
time info: 6.79493e-05 s
*********************************************************
Trajectory calculations 
*********************************************************
out target time: 0.639226 s
Ntraj: 10000
Nfree: 1438
Nscatter: 8562
Nlost: 0
omega: 972.254
Ntraj: 10000
Nfree: 1384
Nscatter: 8616
Nlost: 0
omega: 1024.23
Ntraj: 10000
Nfree: 1390
Nscatter: 8610
Nlost: 0
omega: 958.126
Ntraj: 10000
Nfree: 1371
Nscatter: 8629
Nlost: 0
omega: 1150.67
Ntraj: 10000
Nfree: 1373
Nscatter: 8627
Nlost: 0
omega: 1163.4
Ntraj: 10000
Nfree: 1391
Nscatter: 8609
Nlost: 0
omega: 1104.33
Ntraj: 10000
Nfree: 1414
Nscatter: 8586
Nlost: 0
omega: 996.655
Ntraj: 10000
Nfree: 1394
Nscatter: 8606
Nlost: 0
omega: 1040.98
Ntraj: 10000
Nfree: 1418
Nscatter: 8582
Nlost: 0
omega: 1115.37
Ntraj: 10000
Nfree: 1403
Nscatter: 8597
Nlost: 0
omega: 1090.54
*********************************************************
task: 0
worker id: 31765
time create lcl and mol: 0.000393867 s
numbers of trajectories: 8334
time trajectory calculation: 0.287187 s
task: 1
worker id: 19166
time create lcl and mol: 0.000371218 s
numbers of trajectories: 8334
time trajectory calculation: 0.277196 s
task: 2
worker id: 16247
time create lcl and mol: 0.000379086 s
numbers of trajectories: 8334
time trajectory calculation: 0.289547 s
task: 3
worker id: 66498
time create lcl and mol: 0.000411034 s
numbers of trajectories: 8334
time trajectory calculation: 0.556244 s
task: 4
worker id: 52024
time create lcl and mol: 0.000410795 s
numbers of trajectories: 8333
time trajectory calculation: 0.299715 s
task: 5
worker id: 67748
time create lcl and mol: 0.000360012 s
numbers of trajectories: 8333
time trajectory calculation: 0.336316 s
task: 6
worker id: 85511
time create lcl and mol: 0.000362873 s
numbers of trajectories: 8333
time trajectory calculation: 0.288878 s
task: 7
worker id: 26875
time create lcl and mol: 0.00039196 s
numbers of trajectories: 8333
time trajectory calculation: 0.290924 s
task: 8
worker id: 85511
time create lcl and mol: 0.000418901 s
numbers of trajectories: 8333
time trajectory calculation: 0.263116 s
task: 9
worker id: 16247
time create lcl and mol: 0.000436068 s
numbers of trajectories: 8333
time trajectory calculation: 0.277388 s
task: 10
worker id: 31765
time create lcl and mol: 0.000464916 s
numbers of trajectories: 8333
time trajectory calculation: 0.284463 s
task: 11
worker id: 19166
time create lcl and mol: 0.000416994 s
numbers of trajectories: 8333
time trajectory calculation: 0.286877 s
CCS time: 0.646891 s
*********************************************************
average value of CCS = 1061.66 Ang^2
error value of CCS = 22.0411 Ang^2
Total time: 0.655756 s
Program finished...
*********************************************************
INPUT:: Simulation Parameters 
*********************************************************
target filename                  : 04_1ubq_carga_4_min.xyz
number of probe                  : 10000
number of iterarions             : 10
number of tasks                  : 12
number of threads                : 24
seed number                      : 2104
gas buffer                       : He
Target Temperature (K)           : 298
timestep (fs)                    : 10
Skin cell size (Ang)             : 0.01
Equipotential                    : no
Cut short-range interaction      : yes
LJ cutoff (Ang)                  : 12
Apply long-range interaction     : yes
Cut long-range interaction       : yes
Coulomb cutoff (Ang)             : 25
Apply induced-dipole interaction : yes
alpha (Ang^3)                    : 0.204956
force_type: 4
*********************************************************
Force Field parameters: 
*********************************************************
Symbol  mass (amu)  epislon (kcal/mol)  sigma(Angstroms) 
C   12.011   0.0309   3.043
N   14.007   0.0309   3.043
H   1.008   0.015   2.38
O   15.999   0.0309   3.043
S   32.06   0.0311   3.5
*********************************************************
MOLECULE:: orientation around the inertia principal axis 
*********************************************************
Inertia matrix a.u. Ang^2: 
{  774050  -98727  -119273  }
{  -98727  765481  -55190.9  }
{  -119273  -55190.9  711486  }
Rotation matrix applied to molecule: 
{  0.797039  -0.460096  -0.391204  }
{  0.592383  0.469553  0.654677  }
{  -0.117523  -0.753546  0.646805  }
Molecule radius: 22.0778 Ang 
orientation time of molecule target: 0.00248814 s
target mass: 8568.9 amu
gas mass: 4.0026 amu
reduce mass: 4.00073 amu
charge state: 4 e
*********************************************************
Geometric Ellipsoid: 
*********************************************************
maximal distances: 13.373  14.2779  21.6306  Ang
Initial axis length: 63.383  64.2879  71.6406  Ang
Ellipsoid axis length: 64.833  65.7379  73.0906  Ang
ellipsoid calculation time: 5.91278e-05 s
maximal impact parameter: 73.0906 Ang
*********************************************************
Linked-cell: 
Numbers of cells: 1573
Nx: 11 Ny: 11 Nz: 13
Filled cells: 28
Empty cells: 1545
Average atoms per cell: 44.1071
Maximum atoms per cell: 197
Minimum atoms per cell: 1
Simulation box: 
lx: 132.11 Ang
ly: 132.11 Ang
lz: 156.13 Ang
linked-cell calculation time: 0.00221682 s
time info: 9.70364e-05 s
*********************************************************
Trajectory calculations 
*********************************************************
out target time: 0.653111 s
Ntraj: 10000
Nfree: 1438
Nscatter: 8562
Nlost: 0
omega: 972.254
Ntraj: 10000
Nfree: 1384
Nscatter: 8616
Nlost: 0
omega: 1024.23
Ntraj: 10000
Nfree: 1390
Nscatter: 8610
Nlost: 0
omega: 958.126
Ntraj: 10000
Nfree: 1371
Nscatter: 8629
Nlost: 0
omega: 1150.67
Ntraj: 10000
Nfree: 1373
Nscatter: 8627
Nlost: 0
omega: 1163.4
Ntraj: 10000
Nfree: 1391
Nscatter: 8609
Nlost: 0
omega: 1104.33
Ntraj: 10000
Nfree: 1414
Nscatter: 8586
Nlost: 0
omega: 996.655
Ntraj: 10000
Nfree: 1394
Nscatter: 8606
Nlost: 0
omega: 1040.98
Ntraj: 10000
Nfree: 1418
Nscatter: 8582
Nlost: 0
omega: 1115.37
Ntraj: 10000
Nfree: 1403
Nscatter: 8597
Nlost: 0
omega: 1090.54
*********************************************************
task: 0
worker id: 31854
time create lcl and mol: 0.000429869 s
numbers of trajectories: 8334
time trajectory calculation: 0.28475 s
task: 1
worker id: 31854
time create lcl and mol: 0.000407934 s
numbers of trajectories: 8334
time trajectory calculation: 0.276623 s
task: 2
worker id: 66599
time create lcl and mol: 0.000430107 s
numbers of trajectories: 8334
time trajectory calculation: 0.298636 s
task: 3
worker id: 85598
time create lcl and mol: 0.000444889 s
numbers of trajectories: 8334
time trajectory calculation: 0.588661 s
task: 4
worker id: 19253
time create lcl and mol: 0.000441074 s
numbers of trajectories: 8333
time trajectory calculation: 0.311834 s
task: 5
worker id: 16335
time create lcl and mol: 0.000452042 s
numbers of trajectories: 8333
time trajectory calculation: 0.330577 s
task: 6
worker id: 67836
time create lcl and mol: 0.000432014 s
numbers of trajectories: 8333
time trajectory calculation: 0.296649 s
task: 7
worker id: 26961
time create lcl and mol: 0.000480175 s
numbers of trajectories: 8333
time trajectory calculation: 0.298494 s
task: 8
worker id: 52108
time create lcl and mol: 0.000433922 s
numbers of trajectories: 8333
time trajectory calculation: 0.273228 s
task: 9
worker id: 67836
time create lcl and mol: 0.000478983 s
numbers of trajectories: 8333
time trajectory calculation: 0.292383 s
task: 10
worker id: 52108
time create lcl and mol: 0.00040102 s
numbers of trajectories: 8333
time trajectory calculation: 0.286133 s
task: 11
worker id: 66599
time create lcl and mol: 0.000444174 s
numbers of trajectories: 8333
time trajectory calculation: 0.299687 s
CCS time: 0.663061 s
*********************************************************
average value of CCS = 1061.66 Ang^2
error value of CCS = 22.0411 Ang^2
Total time: 0.718241 s
Program finished...
*********************************************************
INPUT:: Simulation Parameters 
*********************************************************
target filename                  : 04_1ubq_carga_4_min.xyz
number of probe                  : 10000
number of iterarions             : 10
number of tasks                  : 12
number of threads                : 24
seed number                      : 2104
gas buffer                       : He
Target Temperature (K)           : 298
timestep (fs)                    : 10
Skin cell size (Ang)             : 0.01
Equipotential                    : no
Cut short-range interaction      : yes
LJ cutoff (Ang)                  : 12
Apply long-range interaction     : yes
Cut long-range interaction       : yes
Coulomb cutoff (Ang)             : 25
Apply induced-dipole interaction : yes
alpha (Ang^3)                    : 0.204956
force_type: 4
*********************************************************
Force Field parameters: 
*********************************************************
Symbol  mass (amu)  epislon (kcal/mol)  sigma(Angstroms) 
C   12.011   0.0309   3.043
N   14.007   0.0309   3.043
H   1.008   0.015   2.38
O   15.999   0.0309   3.043
S   32.06   0.0311   3.5
*********************************************************
MOLECULE:: orientation around the inertia principal axis 
*********************************************************
Inertia matrix a.u. Ang^2: 
{  774050  -98727  -119273  }
{  -98727  765481  -55190.9  }
{  -119273  -55190.9  711486  }
Rotation matrix applied to molecule: 
{  0.797039  -0.460096  -0.391204  }
{  0.592383  0.469553  0.654677  }
{  -0.117523  -0.753546  0.646805  }
Molecule radius: 22.0778 Ang 
orientation time of molecule target: 0.00195813 s
target mass: 8568.9 amu
gas mass: 4.0026 amu
reduce mass: 4.00073 amu
charge state: 4 e
*********************************************************
Geometric Ellipsoid: 
*********************************************************
maximal distances: 13.373  14.2779  21.6306  Ang
Initial axis length: 63.383  64.2879  71.6406  Ang
Ellipsoid axis length: 64.833  65.7379  73.0906  Ang
ellipsoid calculation time: 4.22001e-05 s
maximal impact parameter: 73.0906 Ang
*********************************************************
Linked-cell: 
Numbers of cells: 1573
Nx: 11 Ny: 11 Nz: 13
Filled cells: 28
Empty cells: 1545
Average atoms per cell: 44.1071
Maximum atoms per cell: 197
Minimum atoms per cell: 1
Simulation box: 
lx: 132.11 Ang
ly: 132.11 Ang
lz: 156.13 Ang
linked-cell calculation time: 0.00173306 s
time info: 6.50883e-05 s
*********************************************************
Trajectory calculations 
*********************************************************
out target time: 0.654648 s
Ntraj: 10000
Nfree: 1438
Nscatter: 8562
Nlost: 0
omega: 972.254
Ntraj: 10000
Nfree: 1384
Nscatter: 8616
Nlost: 0
omega: 1024.23
Ntraj: 10000
Nfree: 1390
Nscatter: 8610
Nlost: 0
omega: 958.126
Ntraj: 10000
Nfree: 1371
Nscatter: 8629
Nlost: 0
omega: 1150.67
Ntraj: 10000
Nfree: 1373
Nscatter: 8627
Nlost: 0
omega: 1163.4
Ntraj: 10000
Nfree: 1391
Nscatter: 8609
Nlost: 0
omega: 1104.33
Ntraj: 10000
Nfree: 1414
Nscatter: 8586
Nlost: 0
omega: 996.655
Ntraj: 10000
Nfree: 1394
Nscatter: 8606
Nlost: 0
omega: 1040.98
Ntraj: 10000
Nfree: 1418
Nscatter: 8582
Nlost: 0
omega: 1115.37
Ntraj: 10000
Nfree: 1403
Nscatter: 8597
Nlost: 0
omega: 1090.54
*********************************************************
task: 0
worker id: 68217
time create lcl and mol: 0.000391006 s
numbers of trajectories: 8334
time trajectory calculation: 0.287035 s
task: 1
worker id: 19630
time create lcl and mol: 0.000377178 s
numbers of trajectories: 8334
time trajectory calculation: 0.289234 s
task: 2
worker id: 66993
time create lcl and mol: 0.000406981 s
numbers of trajectories: 8334
time trajectory calculation: 0.28549 s
task: 3
worker id: 85979
time create lcl and mol: 0.000384092 s
numbers of trajectories: 8334
time trajectory calculation: 0.523818 s
task: 4
worker id: 16715
time create lcl and mol: 0.000427961 s
numbers of trajectories: 8333
time trajectory calculation: 0.284585 s
task: 5
worker id: 32231
time create lcl and mol: 0.000396013 s
numbers of trajectories: 8333
time trajectory calculation: 0.334599 s
task: 6
worker id: 16715
time create lcl and mol: 0.000364065 s
numbers of trajectories: 8333
time trajectory calculation: 0.288548 s
task: 7
worker id: 52485
time create lcl and mol: 0.000451088 s
numbers of trajectories: 8333
time trajectory calculation: 0.29102 s
task: 8
worker id: 27343
time create lcl and mol: 0.00039196 s
numbers of trajectories: 8333
time trajectory calculation: 0.276153 s
task: 9
worker id: 66993
time create lcl and mol: 0.000415087 s
numbers of trajectories: 8333
time trajectory calculation: 0.274559 s
task: 10
worker id: 27343
time create lcl and mol: 0.000437975 s
numbers of trajectories: 8333
time trajectory calculation: 0.286324 s
task: 11
worker id: 68217
time create lcl and mol: 0.000411034 s
numbers of trajectories: 8333
time trajectory calculation: 0.299417 s
CCS time: 0.662436 s
*********************************************************
average value of CCS = 1061.66 Ang^2
error value of CCS = 22.0411 Ang^2
Total time: 0.671311 s
Program finished...
*********************************************************
INPUT:: Simulation Parameters 
*********************************************************
target filename                  : 04_1ubq_carga_4_min.xyz
number of probe                  : 10000
number of iterarions             : 10
number of tasks                  : 12
number of threads                : 24
seed number                      : 2104
gas buffer                       : He
Target Temperature (K)           : 298
timestep (fs)                    : 10
Skin cell size (Ang)             : 0.01
Equipotential                    : no
Cut short-range interaction      : yes
LJ cutoff (Ang)                  : 12
Apply long-range interaction     : yes
Cut long-range interaction       : yes
Coulomb cutoff (Ang)             : 25
Apply induced-dipole interaction : yes
alpha (Ang^3)                    : 0.204956
force_type: 4
*********************************************************
Force Field parameters: 
*********************************************************
Symbol  mass (amu)  epislon (kcal/mol)  sigma(Angstroms) 
C   12.011   0.0309   3.043
N   14.007   0.0309   3.043
H   1.008   0.015   2.38
O   15.999   0.0309   3.043
S   32.06   0.0311   3.5
*********************************************************
MOLECULE:: orientation around the inertia principal axis 
*********************************************************
Inertia matrix a.u. Ang^2: 
{  774050  -98727  -119273  }
{  -98727  765481  -55190.9  }
{  -119273  -55190.9  711486  }
Rotation matrix applied to molecule: 
{  0.797039  -0.460096  -0.391204  }
{  0.592383  0.469553  0.654677  }
{  -0.117523  -0.753546  0.646805  }
Molecule radius: 22.0778 Ang 
orientation time of molecule target: 0.00195289 s
target mass: 8568.9 amu
gas mass: 4.0026 amu
reduce mass: 4.00073 amu
charge state: 4 e
*********************************************************
Geometric Ellipsoid: 
*********************************************************
maximal distances: 13.373  14.2779  21.6306  Ang
Initial axis length: 63.383  64.2879  71.6406  Ang
Ellipsoid axis length: 64.833  65.7379  73.0906  Ang
ellipsoid calculation time: 3.8147e-05 s
maximal impact parameter: 73.0906 Ang
*********************************************************
Linked-cell: 
Numbers of cells: 1573
Nx: 11 Ny: 11 Nz: 13
Filled cells: 28
Empty cells: 1545
Average atoms per cell: 44.1071
Maximum atoms per cell: 197
Minimum atoms per cell: 1
Simulation box: 
lx: 132.11 Ang
ly: 132.11 Ang
lz: 156.13 Ang
linked-cell calculation time: 0.00172687 s
time info: 7.70092e-05 s
*********************************************************
Trajectory calculations 
*********************************************************
out target time: 0.880428 s
Ntraj: 10000
Nfree: 1438
Nscatter: 8562
Nlost: 0
omega: 972.254
Ntraj: 10000
Nfree: 1384
Nscatter: 8616
Nlost: 0
omega: 1024.23
Ntraj: 10000
Nfree: 1390
Nscatter: 8610
Nlost: 0
omega: 958.126
Ntraj: 10000
Nfree: 1371
Nscatter: 8629
Nlost: 0
omega: 1150.67
Ntraj: 10000
Nfree: 1373
Nscatter: 8627
Nlost: 0
omega: 1163.4
Ntraj: 10000
Nfree: 1391
Nscatter: 8609
Nlost: 0
omega: 1104.33
Ntraj: 10000
Nfree: 1414
Nscatter: 8586
Nlost: 0
omega: 996.655
Ntraj: 10000
Nfree: 1394
Nscatter: 8606
Nlost: 0
omega: 1040.98
Ntraj: 10000
Nfree: 1418
Nscatter: 8582
Nlost: 0
omega: 1115.37
Ntraj: 10000
Nfree: 1403
Nscatter: 8597
Nlost: 0
omega: 1090.54
*********************************************************
task: 0
worker id: 32329
time create lcl and mol: 0.000407934 s
numbers of trajectories: 8334
time trajectory calculation: 0.274708 s
task: 1
worker id: 19730
time create lcl and mol: 0.000418901 s
numbers of trajectories: 8334
time trajectory calculation: 0.268236 s
task: 2
worker id: 19730
time create lcl and mol: 0.000378847 s
numbers of trajectories: 8334
time trajectory calculation: 0.279701 s
task: 3
worker id: 27441
time create lcl and mol: 0.000417948 s
numbers of trajectories: 8334
time trajectory calculation: 0.525041 s
task: 4
worker id: 86078
time create lcl and mol: 0.000426054 s
numbers of trajectories: 8333
time trajectory calculation: 0.29686 s
task: 5
worker id: 67108
time create lcl and mol: 0.0004282 s
numbers of trajectories: 8333
time trajectory calculation: 0.335029 s
task: 6
worker id: 32329
time create lcl and mol: 0.000441074 s
numbers of trajectories: 8333
time trajectory calculation: 0.272795 s
task: 7
worker id: 52586
time create lcl and mol: 0.000386953 s
numbers of trajectories: 8333
time trajectory calculation: 0.317221 s
task: 8
worker id: 68317
time create lcl and mol: 0.000432014 s
numbers of trajectories: 8333
time trajectory calculation: 0.268676 s
task: 9
worker id: 27441
time create lcl and mol: 0.000391006 s
numbers of trajectories: 8333
time trajectory calculation: 0.285283 s
task: 10
worker id: 68317
time create lcl and mol: 0.000375032 s
numbers of trajectories: 8333
time trajectory calculation: 0.295216 s
task: 11
worker id: 16813
time create lcl and mol: 0.000388861 s
numbers of trajectories: 8333
time trajectory calculation: 0.302896 s
CCS time: 0.888114 s
*********************************************************
average value of CCS = 1061.66 Ang^2
error value of CCS = 22.0411 Ang^2
Total time: 0.897257 s
Program finished...
