*********************************************************
INPUT:: Simulation Parameters 
*********************************************************
target filename                  : 6vsb_pH8.xyz
number of probe                  : 10000
number of iterarions             : 10
number of tasks                  : 26
number of threads                : 24
seed number                      : 2104
gas buffer                       : He
Target Temperature (K)           : 298
timestep (fs)                    : 10
Skin cell size (Ang)             : 0.01
Equipotential                    : no
Cut short-range interaction      : yes
LJ cutoff (Ang)                  : 12
Apply long-range interaction     : yes
Cut long-range interaction       : yes
Coulomb cutoff (Ang)             : 25
Apply induced-dipole interaction : yes
alpha (Ang^3)                    : 0.204956
force_type: 4
*********************************************************
Force Field parameters: 
*********************************************************
Symbol  mass (amu)  epislon (kcal/mol)  sigma(Angstroms) 
C   12.011   0.0309   3.043
N   14.007   0.0309   3.043
H   1.008   0.015   2.38
O   15.999   0.0309   3.043
S   32.06   0.0311   3.5
*********************************************************
MOLECULE:: orientation around the inertia principal axis 
*********************************************************
Inertia matrix a.u. Ang^2: 
{  5.96602e+08  -2.76401e+06  2.13405e+06  }
{  -2.76401e+06  5.91979e+08  5.29065e+06  }
{  2.13405e+06  5.29065e+06  3.21168e+08  }
Rotation matrix applied to molecule: 
{  0.905562  -0.424213  -0.00112692  }
{  0.00793947  0.0196042  -0.999776  }
{  0.42414  0.90535  0.0211208  }
Molecule radius: 92.1165 Ang 
orientation time of molecule target: 0.0491419 s
target mass: 322081 amu
gas mass: 4.0026 amu
reduce mass: 4.00255 amu
charge state: -24.0016 e
*********************************************************
Geometric Ellipsoid: 
*********************************************************
maximal distances: 67.6873  68.9213  91.9941  Ang
Initial axis length: 117.697  118.931  142.004  Ang
Ellipsoid axis length: 125.107  126.341  149.414  Ang
ellipsoid calculation time: 0.000326872 s
maximal impact parameter: 149.414 Ang
*********************************************************
Linked-cell: 
Numbers of cells: 11550
Nx: 21 Ny: 22 Nz: 25
Filled cells: 596
Empty cells: 10954
Average atoms per cell: 75.4077
Maximum atoms per cell: 203
Minimum atoms per cell: 1
Simulation box: 
lx: 252.21 Ang
ly: 264.22 Ang
lz: 300.25 Ang
linked-cell calculation time: 0.0146461 s
time info: 0.00141811 s
*********************************************************
Trajectory calculations 
*********************************************************
out target time: 10.4784 s
Ntraj: 10000
Nfree: 2031
Nscatter: 7967
Nlost: 2
omega: 15276.9
Ntraj: 10000
Nfree: 2012
Nscatter: 7987
Nlost: 1
omega: 16021.9
Ntraj: 10000
Nfree: 2033
Nscatter: 7967
Nlost: 0
omega: 15932.4
Ntraj: 10000
Nfree: 1999
Nscatter: 8000
Nlost: 1
omega: 16573.7
Ntraj: 10000
Nfree: 2013
Nscatter: 7984
Nlost: 3
omega: 16214.8
Ntraj: 10000
Nfree: 2086
Nscatter: 7913
Nlost: 1
omega: 16330.9
Ntraj: 10000
Nfree: 2046
Nscatter: 7952
Nlost: 2
omega: 16288.1
Ntraj: 10000
Nfree: 2019
Nscatter: 7980
Nlost: 1
omega: 15990.1
Ntraj: 10000
Nfree: 2071
Nscatter: 7927
Nlost: 2
omega: 16645.2
Ntraj: 10000
Nfree: 2028
Nscatter: 7970
Nlost: 2
omega: 16797.2
*********************************************************
task: 0
worker id: 76016
time create lcl and mol: 0.00351596 s
numbers of trajectories: 3847
time trajectory calculation: 2.45456 s
task: 1
worker id: 91160
time create lcl and mol: 0.00346494 s
numbers of trajectories: 3847
time trajectory calculation: 1.65661 s
task: 2
worker id: 91160
time create lcl and mol: 0.00351501 s
numbers of trajectories: 3847
time trajectory calculation: 1.84894 s
task: 3
worker id: 29752
time create lcl and mol: 0.00356603 s
numbers of trajectories: 3847
time trajectory calculation: 2.67418 s
task: 4
worker id: 47394
time create lcl and mol: 0.00337887 s
numbers of trajectories: 3846
time trajectory calculation: 1.85168 s
task: 5
worker id: 46289
time create lcl and mol: 0.00345397 s
numbers of trajectories: 3846
time trajectory calculation: 2.13118 s
task: 6
worker id: 78668
time create lcl and mol: 0.00374484 s
numbers of trajectories: 3846
time trajectory calculation: 2.6737 s
task: 7
worker id: 14108
time create lcl and mol: 0.00348306 s
numbers of trajectories: 3846
time trajectory calculation: 1.72806 s
task: 8
worker id: 29752
time create lcl and mol: 0.0035212 s
numbers of trajectories: 3846
time trajectory calculation: 1.95152 s
task: 9
worker id: 86537
time create lcl and mol: 0.00370622 s
numbers of trajectories: 3846
time trajectory calculation: 4.34272 s
task: 10
worker id: 86537
time create lcl and mol: 0.0034852 s
numbers of trajectories: 3846
time trajectory calculation: 1.48451 s
task: 11
worker id: 78668
time create lcl and mol: 0.00350904 s
numbers of trajectories: 3846
time trajectory calculation: 4.35928 s
task: 12
worker id: 14108
time create lcl and mol: 0.003721 s
numbers of trajectories: 3846
time trajectory calculation: 4.91127 s
task: 13
worker id: 91160
time create lcl and mol: 0.00352097 s
numbers of trajectories: 3846
time trajectory calculation: 1.23416 s
task: 14
worker id: 76016
time create lcl and mol: 0.00361013 s
numbers of trajectories: 3846
time trajectory calculation: 3.71559 s
task: 15
worker id: 86537
time create lcl and mol: 0.00356984 s
numbers of trajectories: 3846
time trajectory calculation: 3.44635 s
task: 16
worker id: 76016
time create lcl and mol: 0.003474 s
numbers of trajectories: 3846
time trajectory calculation: 2.89844 s
task: 17
worker id: 47394
time create lcl and mol: 0.00356507 s
numbers of trajectories: 3846
time trajectory calculation: 0.893237 s
task: 18
worker id: 46289
time create lcl and mol: 0.00359321 s
numbers of trajectories: 3846
time trajectory calculation: 1.58393 s
task: 19
worker id: 46289
time create lcl and mol: 0.00355506 s
numbers of trajectories: 3846
time trajectory calculation: 3.1864 s
task: 20
worker id: 14108
time create lcl and mol: 0.00324106 s
numbers of trajectories: 3846
time trajectory calculation: 1.88449 s
task: 21
worker id: 47394
time create lcl and mol: 0.00372601 s
numbers of trajectories: 3846
time trajectory calculation: 2.73151 s
task: 22
worker id: 47394
time create lcl and mol: 0.00402403 s
numbers of trajectories: 3846
time trajectory calculation: 1.33331 s
task: 23
worker id: 29752
time create lcl and mol: 0.00368786 s
numbers of trajectories: 3846
time trajectory calculation: 3.28113 s
task: 24
worker id: 47394
time create lcl and mol: 0.00350595 s
numbers of trajectories: 3846
time trajectory calculation: 3.52939 s
task: 25
worker id: 91160
time create lcl and mol: 0.00350499 s
numbers of trajectories: 3846
time trajectory calculation: 2.51284 s
CCS time: 10.4867 s
*********************************************************
average value of CCS = 16207.1 Ang^2
error value of CCS = 131.1 Ang^2
Total time: 10.5561 s
Program finished...
*********************************************************
INPUT:: Simulation Parameters 
*********************************************************
target filename                  : 6vsb_pH8.xyz
number of probe                  : 10000
number of iterarions             : 10
number of tasks                  : 26
number of threads                : 24
seed number                      : 2104
gas buffer                       : He
Target Temperature (K)           : 298
timestep (fs)                    : 10
Skin cell size (Ang)             : 0.01
Equipotential                    : no
Cut short-range interaction      : yes
LJ cutoff (Ang)                  : 12
Apply long-range interaction     : yes
Cut long-range interaction       : yes
Coulomb cutoff (Ang)             : 25
Apply induced-dipole interaction : yes
alpha (Ang^3)                    : 0.204956
force_type: 4
*********************************************************
Force Field parameters: 
*********************************************************
Symbol  mass (amu)  epislon (kcal/mol)  sigma(Angstroms) 
C   12.011   0.0309   3.043
N   14.007   0.0309   3.043
H   1.008   0.015   2.38
O   15.999   0.0309   3.043
S   32.06   0.0311   3.5
*********************************************************
MOLECULE:: orientation around the inertia principal axis 
*********************************************************
Inertia matrix a.u. Ang^2: 
{  5.96602e+08  -2.76401e+06  2.13405e+06  }
{  -2.76401e+06  5.91979e+08  5.29065e+06  }
{  2.13405e+06  5.29065e+06  3.21168e+08  }
Rotation matrix applied to molecule: 
{  0.905562  -0.424213  -0.00112692  }
{  0.00793947  0.0196042  -0.999776  }
{  0.42414  0.90535  0.0211208  }
Molecule radius: 92.1165 Ang 
orientation time of molecule target: 0.0496469 s
target mass: 322081 amu
gas mass: 4.0026 amu
reduce mass: 4.00255 amu
charge state: -24.0016 e
*********************************************************
Geometric Ellipsoid: 
*********************************************************
maximal distances: 67.6873  68.9213  91.9941  Ang
Initial axis length: 117.697  118.931  142.004  Ang
Ellipsoid axis length: 125.107  126.341  149.414  Ang
ellipsoid calculation time: 0.000335932 s
maximal impact parameter: 149.414 Ang
*********************************************************
Linked-cell: 
Numbers of cells: 11550
Nx: 21 Ny: 22 Nz: 25
Filled cells: 596
Empty cells: 10954
Average atoms per cell: 75.4077
Maximum atoms per cell: 203
Minimum atoms per cell: 1
Simulation box: 
lx: 252.21 Ang
ly: 264.22 Ang
lz: 300.25 Ang
linked-cell calculation time: 0.014751 s
time info: 0.00148606 s
*********************************************************
Trajectory calculations 
*********************************************************
out target time: 10.5147 s
Ntraj: 10000
Nfree: 2031
Nscatter: 7967
Nlost: 2
omega: 15276.9
Ntraj: 10000
Nfree: 2012
Nscatter: 7987
Nlost: 1
omega: 16021.9
Ntraj: 10000
Nfree: 2033
Nscatter: 7967
Nlost: 0
omega: 15932.4
Ntraj: 10000
Nfree: 1999
Nscatter: 8000
Nlost: 1
omega: 16573.7
Ntraj: 10000
Nfree: 2013
Nscatter: 7984
Nlost: 3
omega: 16214.8
Ntraj: 10000
Nfree: 2086
Nscatter: 7913
Nlost: 1
omega: 16330.9
Ntraj: 10000
Nfree: 2046
Nscatter: 7952
Nlost: 2
omega: 16288.1
Ntraj: 10000
Nfree: 2019
Nscatter: 7980
Nlost: 1
omega: 15990.1
Ntraj: 10000
Nfree: 2071
Nscatter: 7927
Nlost: 2
omega: 16645.2
Ntraj: 10000
Nfree: 2028
Nscatter: 7970
Nlost: 2
omega: 16797.2
*********************************************************
task: 0
worker id: 91558
time create lcl and mol: 0.00346589 s
numbers of trajectories: 3847
time trajectory calculation: 2.4005 s
task: 1
worker id: 76417
time create lcl and mol: 0.00353193 s
numbers of trajectories: 3847
time trajectory calculation: 1.62623 s
task: 2
worker id: 79070
time create lcl and mol: 0.003479 s
numbers of trajectories: 3847
time trajectory calculation: 1.81829 s
task: 3
worker id: 46703
time create lcl and mol: 0.00354099 s
numbers of trajectories: 3847
time trajectory calculation: 2.64628 s
task: 4
worker id: 14507
time create lcl and mol: 0.00347209 s
numbers of trajectories: 3846
time trajectory calculation: 1.80033 s
task: 5
worker id: 30151
time create lcl and mol: 0.00347996 s
numbers of trajectories: 3846
time trajectory calculation: 2.12884 s
task: 6
worker id: 47792
time create lcl and mol: 0.00348091 s
numbers of trajectories: 3846
time trajectory calculation: 2.74541 s
task: 7
worker id: 86939
time create lcl and mol: 0.00369287 s
numbers of trajectories: 3846
time trajectory calculation: 1.73649 s
task: 8
worker id: 46703
time create lcl and mol: 0.003474 s
numbers of trajectories: 3846
time trajectory calculation: 2.13247 s
task: 9
worker id: 14507
time create lcl and mol: 0.00363111 s
numbers of trajectories: 3846
time trajectory calculation: 4.20689 s
task: 10
worker id: 91558
time create lcl and mol: 0.00357985 s
numbers of trajectories: 3846
time trajectory calculation: 1.44386 s
task: 11
worker id: 76417
time create lcl and mol: 0.00333905 s
numbers of trajectories: 3846
time trajectory calculation: 4.32276 s
task: 12
worker id: 79070
time create lcl and mol: 0.003479 s
numbers of trajectories: 3846
time trajectory calculation: 4.98845 s
task: 13
worker id: 30151
time create lcl and mol: 0.0035851 s
numbers of trajectories: 3846
time trajectory calculation: 1.22743 s
task: 14
worker id: 86939
time create lcl and mol: 0.00367999 s
numbers of trajectories: 3846
time trajectory calculation: 3.75777 s
task: 15
worker id: 91558
time create lcl and mol: 0.00364184 s
numbers of trajectories: 3846
time trajectory calculation: 3.55183 s
task: 16
worker id: 30151
time create lcl and mol: 0.00439596 s
numbers of trajectories: 3846
time trajectory calculation: 2.82748 s
task: 17
worker id: 30151
time create lcl and mol: 0.00374889 s
numbers of trajectories: 3846
time trajectory calculation: 0.897849 s
task: 18
worker id: 86939
time create lcl and mol: 0.00344181 s
numbers of trajectories: 3846
time trajectory calculation: 1.57735 s
task: 19
worker id: 47792
time create lcl and mol: 0.00373793 s
numbers of trajectories: 3846
time trajectory calculation: 3.2478 s
task: 20
worker id: 76417
time create lcl and mol: 0.00376606 s
numbers of trajectories: 3846
time trajectory calculation: 1.90748 s
task: 21
worker id: 46703
time create lcl and mol: 0.00359702 s
numbers of trajectories: 3846
time trajectory calculation: 2.66514 s
task: 22
worker id: 47792
time create lcl and mol: 0.00367403 s
numbers of trajectories: 3846
time trajectory calculation: 1.23613 s
task: 23
worker id: 79070
time create lcl and mol: 0.00343609 s
numbers of trajectories: 3846
time trajectory calculation: 3.32663 s
task: 24
worker id: 14507
time create lcl and mol: 0.00335097 s
numbers of trajectories: 3846
time trajectory calculation: 3.67403 s
task: 25
worker id: 76417
time create lcl and mol: 0.00354791 s
numbers of trajectories: 3846
time trajectory calculation: 2.5563 s
CCS time: 10.5231 s
*********************************************************
average value of CCS = 16207.1 Ang^2
error value of CCS = 131.1 Ang^2
Total time: 10.5925 s
Program finished...
*********************************************************
INPUT:: Simulation Parameters 
*********************************************************
target filename                  : 6vsb_pH8.xyz
number of probe                  : 10000
number of iterarions             : 10
number of tasks                  : 26
number of threads                : 24
seed number                      : 2104
gas buffer                       : He
Target Temperature (K)           : 298
timestep (fs)                    : 10
Skin cell size (Ang)             : 0.01
Equipotential                    : no
Cut short-range interaction      : yes
LJ cutoff (Ang)                  : 12
Apply long-range interaction     : yes
Cut long-range interaction       : yes
Coulomb cutoff (Ang)             : 25
Apply induced-dipole interaction : yes
alpha (Ang^3)                    : 0.204956
force_type: 4
*********************************************************
Force Field parameters: 
*********************************************************
Symbol  mass (amu)  epislon (kcal/mol)  sigma(Angstroms) 
C   12.011   0.0309   3.043
N   14.007   0.0309   3.043
H   1.008   0.015   2.38
O   15.999   0.0309   3.043
S   32.06   0.0311   3.5
*********************************************************
MOLECULE:: orientation around the inertia principal axis 
*********************************************************
Inertia matrix a.u. Ang^2: 
{  5.96602e+08  -2.76401e+06  2.13405e+06  }
{  -2.76401e+06  5.91979e+08  5.29065e+06  }
{  2.13405e+06  5.29065e+06  3.21168e+08  }
Rotation matrix applied to molecule: 
{  0.905562  -0.424213  -0.00112692  }
{  0.00793947  0.0196042  -0.999776  }
{  0.42414  0.90535  0.0211208  }
Molecule radius: 92.1165 Ang 
orientation time of molecule target: 0.0492241 s
target mass: 322081 amu
gas mass: 4.0026 amu
reduce mass: 4.00255 amu
charge state: -24.0016 e
*********************************************************
Geometric Ellipsoid: 
*********************************************************
maximal distances: 67.6873  68.9213  91.9941  Ang
Initial axis length: 117.697  118.931  142.004  Ang
Ellipsoid axis length: 125.107  126.341  149.414  Ang
ellipsoid calculation time: 0.000337124 s
maximal impact parameter: 149.414 Ang
*********************************************************
Linked-cell: 
Numbers of cells: 11550
Nx: 21 Ny: 22 Nz: 25
Filled cells: 596
Empty cells: 10954
Average atoms per cell: 75.4077
Maximum atoms per cell: 203
Minimum atoms per cell: 1
Simulation box: 
lx: 252.21 Ang
ly: 264.22 Ang
lz: 300.25 Ang
linked-cell calculation time: 0.014735 s
time info: 0.00146294 s
*********************************************************
Trajectory calculations 
*********************************************************
out target time: 11.2846 s
Ntraj: 10000
Nfree: 2031
Nscatter: 7967
Nlost: 2
omega: 15276.9
Ntraj: 10000
Nfree: 2012
Nscatter: 7987
Nlost: 1
omega: 16021.9
Ntraj: 10000
Nfree: 2033
Nscatter: 7967
Nlost: 0
omega: 15932.4
Ntraj: 10000
Nfree: 1999
Nscatter: 8000
Nlost: 1
omega: 16573.7
Ntraj: 10000
Nfree: 2013
Nscatter: 7984
Nlost: 3
omega: 16214.8
Ntraj: 10000
Nfree: 2086
Nscatter: 7913
Nlost: 1
omega: 16330.9
Ntraj: 10000
Nfree: 2046
Nscatter: 7952
Nlost: 2
omega: 16288.1
Ntraj: 10000
Nfree: 2019
Nscatter: 7980
Nlost: 1
omega: 15990.1
Ntraj: 10000
Nfree: 2071
Nscatter: 7927
Nlost: 2
omega: 16645.2
Ntraj: 10000
Nfree: 2028
Nscatter: 7970
Nlost: 2
omega: 16797.2
*********************************************************
task: 0
worker id: 91961
time create lcl and mol: 0.00348091 s
numbers of trajectories: 3847
time trajectory calculation: 2.58764 s
task: 1
worker id: 79472
time create lcl and mol: 0.00351381 s
numbers of trajectories: 3847
time trajectory calculation: 1.60616 s
task: 2
worker id: 76820
time create lcl and mol: 0.00330496 s
numbers of trajectories: 3847
time trajectory calculation: 1.80821 s
task: 3
worker id: 47125
time create lcl and mol: 0.00345802 s
numbers of trajectories: 3847
time trajectory calculation: 2.56749 s
task: 4
worker id: 48195
time create lcl and mol: 0.00333786 s
numbers of trajectories: 3846
time trajectory calculation: 1.80376 s
task: 5
worker id: 30556
time create lcl and mol: 0.00367808 s
numbers of trajectories: 3846
time trajectory calculation: 2.13106 s
task: 6
worker id: 14912
time create lcl and mol: 0.00350904 s
numbers of trajectories: 3846
time trajectory calculation: 2.77962 s
task: 7
worker id: 87341
time create lcl and mol: 0.00362015 s
numbers of trajectories: 3846
time trajectory calculation: 1.71558 s
task: 8
worker id: 14912
time create lcl and mol: 0.00325513 s
numbers of trajectories: 3846
time trajectory calculation: 2.00852 s
task: 9
worker id: 48195
time create lcl and mol: 0.00414705 s
numbers of trajectories: 3846
time trajectory calculation: 4.40263 s
task: 10
worker id: 30556
time create lcl and mol: 0.00374198 s
numbers of trajectories: 3846
time trajectory calculation: 1.52539 s
task: 11
worker id: 14912
time create lcl and mol: 0.00352597 s
numbers of trajectories: 3846
time trajectory calculation: 4.4631 s
task: 12
worker id: 79472
time create lcl and mol: 0.00365806 s
numbers of trajectories: 3846
time trajectory calculation: 4.75663 s
task: 13
worker id: 79472
time create lcl and mol: 0.00353599 s
numbers of trajectories: 3846
time trajectory calculation: 1.30348 s
task: 14
worker id: 87341
time create lcl and mol: 0.00362802 s
numbers of trajectories: 3846
time trajectory calculation: 3.76907 s
task: 15
worker id: 87341
time create lcl and mol: 0.00349283 s
numbers of trajectories: 3846
time trajectory calculation: 3.48786 s
task: 16
worker id: 76820
time create lcl and mol: 0.00345397 s
numbers of trajectories: 3846
time trajectory calculation: 2.8237 s
task: 17
worker id: 48195
time create lcl and mol: 0.003649 s
numbers of trajectories: 3846
time trajectory calculation: 0.914857 s
task: 18
worker id: 91961
time create lcl and mol: 0.00339913 s
numbers of trajectories: 3846
time trajectory calculation: 1.57782 s
task: 19
worker id: 47125
time create lcl and mol: 0.00439596 s
numbers of trajectories: 3846
time trajectory calculation: 3.11159 s
task: 20
worker id: 14912
time create lcl and mol: 0.00352001 s
numbers of trajectories: 3846
time trajectory calculation: 1.92573 s
task: 21
worker id: 76820
time create lcl and mol: 0.00355291 s
numbers of trajectories: 3846
time trajectory calculation: 2.79169 s
task: 22
worker id: 30556
time create lcl and mol: 0.00373197 s
numbers of trajectories: 3846
time trajectory calculation: 1.35565 s
task: 23
worker id: 91961
time create lcl and mol: 0.00448799 s
numbers of trajectories: 3846
time trajectory calculation: 3.11304 s
task: 24
worker id: 30556
time create lcl and mol: 0.00329804 s
numbers of trajectories: 3846
time trajectory calculation: 3.58494 s
task: 25
worker id: 47125
time create lcl and mol: 0.0033288 s
numbers of trajectories: 3846
time trajectory calculation: 2.48116 s
CCS time: 11.293 s
*********************************************************
average value of CCS = 16207.1 Ang^2
error value of CCS = 131.1 Ang^2
Total time: 11.3622 s
Program finished...
*********************************************************
INPUT:: Simulation Parameters 
*********************************************************
target filename                  : 6vsb_pH8.xyz
number of probe                  : 10000
number of iterarions             : 10
number of tasks                  : 26
number of threads                : 24
seed number                      : 2104
gas buffer                       : He
Target Temperature (K)           : 298
timestep (fs)                    : 10
Skin cell size (Ang)             : 0.01
Equipotential                    : no
Cut short-range interaction      : yes
LJ cutoff (Ang)                  : 12
Apply long-range interaction     : yes
Cut long-range interaction       : yes
Coulomb cutoff (Ang)             : 25
Apply induced-dipole interaction : yes
alpha (Ang^3)                    : 0.204956
force_type: 4
*********************************************************
Force Field parameters: 
*********************************************************
Symbol  mass (amu)  epislon (kcal/mol)  sigma(Angstroms) 
C   12.011   0.0309   3.043
N   14.007   0.0309   3.043
H   1.008   0.015   2.38
O   15.999   0.0309   3.043
S   32.06   0.0311   3.5
*********************************************************
MOLECULE:: orientation around the inertia principal axis 
*********************************************************
Inertia matrix a.u. Ang^2: 
{  5.96602e+08  -2.76401e+06  2.13405e+06  }
{  -2.76401e+06  5.91979e+08  5.29065e+06  }
{  2.13405e+06  5.29065e+06  3.21168e+08  }
Rotation matrix applied to molecule: 
{  0.905562  -0.424213  -0.00112692  }
{  0.00793947  0.0196042  -0.999776  }
{  0.42414  0.90535  0.0211208  }
Molecule radius: 92.1165 Ang 
orientation time of molecule target: 0.0501511 s
target mass: 322081 amu
gas mass: 4.0026 amu
reduce mass: 4.00255 amu
charge state: -24.0016 e
*********************************************************
Geometric Ellipsoid: 
*********************************************************
maximal distances: 67.6873  68.9213  91.9941  Ang
Initial axis length: 117.697  118.931  142.004  Ang
Ellipsoid axis length: 125.107  126.341  149.414  Ang
ellipsoid calculation time: 0.000339031 s
maximal impact parameter: 149.414 Ang
*********************************************************
Linked-cell: 
Numbers of cells: 11550
Nx: 21 Ny: 22 Nz: 25
Filled cells: 596
Empty cells: 10954
Average atoms per cell: 75.4077
Maximum atoms per cell: 203
Minimum atoms per cell: 1
Simulation box: 
lx: 252.21 Ang
ly: 264.22 Ang
lz: 300.25 Ang
linked-cell calculation time: 0.0147269 s
time info: 0.00146389 s
*********************************************************
Trajectory calculations 
*********************************************************
out target time: 10.7356 s
Ntraj: 10000
Nfree: 2031
Nscatter: 7967
Nlost: 2
omega: 15276.9
Ntraj: 10000
Nfree: 2012
Nscatter: 7987
Nlost: 1
omega: 16021.9
Ntraj: 10000
Nfree: 2033
Nscatter: 7967
Nlost: 0
omega: 15932.4
Ntraj: 10000
Nfree: 1999
Nscatter: 8000
Nlost: 1
omega: 16573.7
Ntraj: 10000
Nfree: 2013
Nscatter: 7984
Nlost: 3
omega: 16214.8
Ntraj: 10000
Nfree: 2086
Nscatter: 7913
Nlost: 1
omega: 16330.9
Ntraj: 10000
Nfree: 2046
Nscatter: 7952
Nlost: 2
omega: 16288.1
Ntraj: 10000
Nfree: 2019
Nscatter: 7980
Nlost: 1
omega: 15990.1
Ntraj: 10000
Nfree: 2071
Nscatter: 7927
Nlost: 2
omega: 16645.2
Ntraj: 10000
Nfree: 2028
Nscatter: 7970
Nlost: 2
omega: 16797.2
*********************************************************
task: 0
worker id: 48614
time create lcl and mol: 0.00347519 s
numbers of trajectories: 3847
time trajectory calculation: 2.46074 s
task: 1
worker id: 15333
time create lcl and mol: 0.00340199 s
numbers of trajectories: 3847
time trajectory calculation: 1.63258 s
task: 2
worker id: 87761
time create lcl and mol: 0.0035131 s
numbers of trajectories: 3847
time trajectory calculation: 1.88945 s
task: 3
worker id: 47561
time create lcl and mol: 0.00349402 s
numbers of trajectories: 3847
time trajectory calculation: 2.68748 s
task: 4
worker id: 15333
time create lcl and mol: 0.00332093 s
numbers of trajectories: 3846
time trajectory calculation: 1.81237 s
task: 5
worker id: 79891
time create lcl and mol: 0.00345802 s
numbers of trajectories: 3846
time trajectory calculation: 2.1871 s
task: 6
worker id: 77236
time create lcl and mol: 0.00326204 s
numbers of trajectories: 3846
time trajectory calculation: 2.69365 s
task: 7
worker id: 92381
time create lcl and mol: 0.003618 s
numbers of trajectories: 3846
time trajectory calculation: 1.71415 s
task: 8
worker id: 77236
time create lcl and mol: 0.00331807 s
numbers of trajectories: 3846
time trajectory calculation: 2.04704 s
task: 9
worker id: 15333
time create lcl and mol: 0.00340891 s
numbers of trajectories: 3846
time trajectory calculation: 4.22183 s
task: 10
worker id: 79891
time create lcl and mol: 0.00349593 s
numbers of trajectories: 3846
time trajectory calculation: 1.51407 s
task: 11
worker id: 87761
time create lcl and mol: 0.00349402 s
numbers of trajectories: 3846
time trajectory calculation: 4.45799 s
task: 12
worker id: 30973
time create lcl and mol: 0.00357103 s
numbers of trajectories: 3846
time trajectory calculation: 4.71443 s
task: 13
worker id: 92381
time create lcl and mol: 0.00342321 s
numbers of trajectories: 3846
time trajectory calculation: 1.33133 s
task: 14
worker id: 79891
time create lcl and mol: 0.00360394 s
numbers of trajectories: 3846
time trajectory calculation: 3.8209 s
task: 15
worker id: 47561
time create lcl and mol: 0.00363684 s
numbers of trajectories: 3846
time trajectory calculation: 3.51803 s
task: 16
worker id: 92381
time create lcl and mol: 0.00358295 s
numbers of trajectories: 3846
time trajectory calculation: 2.90207 s
task: 17
worker id: 48614
time create lcl and mol: 0.00351691 s
numbers of trajectories: 3846
time trajectory calculation: 0.893857 s
task: 18
worker id: 48614
time create lcl and mol: 0.00377297 s
numbers of trajectories: 3846
time trajectory calculation: 1.55821 s
task: 19
worker id: 77236
time create lcl and mol: 0.00356698 s
numbers of trajectories: 3846
time trajectory calculation: 3.11694 s
task: 20
worker id: 92381
time create lcl and mol: 0.00342107 s
numbers of trajectories: 3846
time trajectory calculation: 1.89579 s
task: 21
worker id: 30973
time create lcl and mol: 0.00357795 s
numbers of trajectories: 3846
time trajectory calculation: 2.77479 s
task: 22
worker id: 47561
time create lcl and mol: 0.0034349 s
numbers of trajectories: 3846
time trajectory calculation: 1.27534 s
task: 23
worker id: 47561
time create lcl and mol: 0.0036211 s
numbers of trajectories: 3846
time trajectory calculation: 3.12251 s
task: 24
worker id: 87761
time create lcl and mol: 0.00346708 s
numbers of trajectories: 3846
time trajectory calculation: 3.43893 s
task: 25
worker id: 48614
time create lcl and mol: 0.00344706 s
numbers of trajectories: 3846
time trajectory calculation: 2.54745 s
CCS time: 10.7439 s
*********************************************************
average value of CCS = 16207.1 Ang^2
error value of CCS = 131.1 Ang^2
Total time: 10.8143 s
Program finished...
*********************************************************
INPUT:: Simulation Parameters 
*********************************************************
target filename                  : 6vsb_pH8.xyz
number of probe                  : 10000
number of iterarions             : 10
number of tasks                  : 26
number of threads                : 24
seed number                      : 2104
gas buffer                       : He
Target Temperature (K)           : 298
timestep (fs)                    : 10
Skin cell size (Ang)             : 0.01
Equipotential                    : no
Cut short-range interaction      : yes
LJ cutoff (Ang)                  : 12
Apply long-range interaction     : yes
Cut long-range interaction       : yes
Coulomb cutoff (Ang)             : 25
Apply induced-dipole interaction : yes
alpha (Ang^3)                    : 0.204956
force_type: 4
*********************************************************
Force Field parameters: 
*********************************************************
Symbol  mass (amu)  epislon (kcal/mol)  sigma(Angstroms) 
C   12.011   0.0309   3.043
N   14.007   0.0309   3.043
H   1.008   0.015   2.38
O   15.999   0.0309   3.043
S   32.06   0.0311   3.5
*********************************************************
MOLECULE:: orientation around the inertia principal axis 
*********************************************************
Inertia matrix a.u. Ang^2: 
{  5.96602e+08  -2.76401e+06  2.13405e+06  }
{  -2.76401e+06  5.91979e+08  5.29065e+06  }
{  2.13405e+06  5.29065e+06  3.21168e+08  }
Rotation matrix applied to molecule: 
{  0.905562  -0.424213  -0.00112692  }
{  0.00793947  0.0196042  -0.999776  }
{  0.42414  0.90535  0.0211208  }
Molecule radius: 92.1165 Ang 
orientation time of molecule target: 0.0491538 s
target mass: 322081 amu
gas mass: 4.0026 amu
reduce mass: 4.00255 amu
charge state: -24.0016 e
*********************************************************
Geometric Ellipsoid: 
*********************************************************
maximal distances: 67.6873  68.9213  91.9941  Ang
Initial axis length: 117.697  118.931  142.004  Ang
Ellipsoid axis length: 125.107  126.341  149.414  Ang
ellipsoid calculation time: 0.000320911 s
maximal impact parameter: 149.414 Ang
*********************************************************
Linked-cell: 
Numbers of cells: 11550
Nx: 21 Ny: 22 Nz: 25
Filled cells: 596
Empty cells: 10954
Average atoms per cell: 75.4077
Maximum atoms per cell: 203
Minimum atoms per cell: 1
Simulation box: 
lx: 252.21 Ang
ly: 264.22 Ang
lz: 300.25 Ang
linked-cell calculation time: 0.0145919 s
time info: 0.00149202 s
*********************************************************
Trajectory calculations 
*********************************************************
out target time: 9.12162 s
Ntraj: 10000
Nfree: 2031
Nscatter: 7967
Nlost: 2
omega: 15276.9
Ntraj: 10000
Nfree: 2012
Nscatter: 7987
Nlost: 1
omega: 16021.9
Ntraj: 10000
Nfree: 2033
Nscatter: 7967
Nlost: 0
omega: 15932.4
Ntraj: 10000
Nfree: 1999
Nscatter: 8000
Nlost: 1
omega: 16573.7
Ntraj: 10000
Nfree: 2013
Nscatter: 7984
Nlost: 3
omega: 16214.8
Ntraj: 10000
Nfree: 2086
Nscatter: 7913
Nlost: 1
omega: 16330.9
Ntraj: 10000
Nfree: 2046
Nscatter: 7952
Nlost: 2
omega: 16288.1
Ntraj: 10000
Nfree: 2019
Nscatter: 7980
Nlost: 1
omega: 15990.1
Ntraj: 10000
Nfree: 2071
Nscatter: 7927
Nlost: 2
omega: 16645.2
Ntraj: 10000
Nfree: 2028
Nscatter: 7970
Nlost: 2
omega: 16797.2
*********************************************************
task: 0
worker id: 80586
time create lcl and mol: 0.00371599 s
numbers of trajectories: 3847
time trajectory calculation: 2.40234 s
task: 1
worker id: 80586
time create lcl and mol: 0.00351191 s
numbers of trajectories: 3847
time trajectory calculation: 1.63323 s
task: 2
worker id: 48271
time create lcl and mol: 0.00350189 s
numbers of trajectories: 3847
time trajectory calculation: 1.8142 s
task: 3
worker id: 49310
time create lcl and mol: 0.00362802 s
numbers of trajectories: 3847
time trajectory calculation: 2.67824 s
task: 4
worker id: 16025
time create lcl and mol: 0.00347209 s
numbers of trajectories: 3846
time trajectory calculation: 1.77559 s
task: 5
worker id: 16025
time create lcl and mol: 0.00343394 s
numbers of trajectories: 3846
time trajectory calculation: 2.15601 s
task: 6
worker id: 88456
time create lcl and mol: 0.00366092 s
numbers of trajectories: 3846
time trajectory calculation: 2.80653 s
task: 7
worker id: 88456
time create lcl and mol: 0.00361705 s
numbers of trajectories: 3846
time trajectory calculation: 1.64349 s
task: 8
worker id: 16025
time create lcl and mol: 0.00327396 s
numbers of trajectories: 3846
time trajectory calculation: 1.93313 s
task: 9
worker id: 88456
time create lcl and mol: 0.0035069 s
numbers of trajectories: 3846
time trajectory calculation: 4.18689 s
task: 10
worker id: 93072
time create lcl and mol: 0.00347519 s
numbers of trajectories: 3846
time trajectory calculation: 1.43642 s
task: 11
worker id: 77932
time create lcl and mol: 0.00367689 s
numbers of trajectories: 3846
time trajectory calculation: 4.40846 s
task: 12
worker id: 93072
time create lcl and mol: 0.00348401 s
numbers of trajectories: 3846
time trajectory calculation: 4.89134 s
task: 13
worker id: 31666
time create lcl and mol: 0.00332403 s
numbers of trajectories: 3846
time trajectory calculation: 1.23748 s
task: 14
worker id: 49310
time create lcl and mol: 0.00357604 s
numbers of trajectories: 3846
time trajectory calculation: 3.66126 s
task: 15
worker id: 48271
time create lcl and mol: 0.00366592 s
numbers of trajectories: 3846
time trajectory calculation: 3.48524 s
task: 16
worker id: 48271
time create lcl and mol: 0.00356293 s
numbers of trajectories: 3846
time trajectory calculation: 2.77665 s
task: 17
worker id: 31666
time create lcl and mol: 0.00364995 s
numbers of trajectories: 3846
time trajectory calculation: 0.901977 s
task: 18
worker id: 80586
time create lcl and mol: 0.00349402 s
numbers of trajectories: 3846
time trajectory calculation: 1.58059 s
task: 19
worker id: 77932
time create lcl and mol: 0.00346398 s
numbers of trajectories: 3846
time trajectory calculation: 3.2897 s
task: 20
worker id: 80586
time create lcl and mol: 0.00349593 s
numbers of trajectories: 3846
time trajectory calculation: 1.91046 s
task: 21
worker id: 31666
time create lcl and mol: 0.00351286 s
numbers of trajectories: 3846
time trajectory calculation: 2.73634 s
task: 22
worker id: 93072
time create lcl and mol: 0.00345206 s
numbers of trajectories: 3846
time trajectory calculation: 1.31256 s
task: 23
worker id: 16025
time create lcl and mol: 0.0034821 s
numbers of trajectories: 3846
time trajectory calculation: 3.10588 s
task: 24
worker id: 31666
time create lcl and mol: 0.0035758 s
numbers of trajectories: 3846
time trajectory calculation: 3.49717 s
task: 25
worker id: 49310
time create lcl and mol: 0.00349689 s
numbers of trajectories: 3846
time trajectory calculation: 2.55193 s
CCS time: 9.13012 s
*********************************************************
average value of CCS = 16207.1 Ang^2
error value of CCS = 131.1 Ang^2
Total time: 9.19919 s
Program finished...
