*********************************************************
INPUT:: Simulation Parameters 
*********************************************************
target filename                  : 05_3v03_carga_14_min.xyz
number of probe                  : 10000
number of iterarions             : 10
number of tasks                  : 32
number of threads                : 24
seed number                      : 2104
gas buffer                       : He
Target Temperature (K)           : 298
timestep (fs)                    : 10
Skin cell size (Ang)             : 0.01
Equipotential                    : no
Cut short-range interaction      : yes
LJ cutoff (Ang)                  : 12
Apply long-range interaction     : yes
Cut long-range interaction       : yes
Coulomb cutoff (Ang)             : 25
Apply induced-dipole interaction : yes
alpha (Ang^3)                    : 0.204956
force_type: 4
*********************************************************
Force Field parameters: 
*********************************************************
Symbol  mass (amu)  epislon (kcal/mol)  sigma(Angstroms) 
C   12.011   0.0309   3.043
N   14.007   0.0309   3.043
H   1.008   0.015   2.38
O   15.999   0.0309   3.043
S   32.06   0.0311   3.5
*********************************************************
MOLECULE:: orientation around the inertia principal axis 
*********************************************************
Inertia matrix a.u. Ang^2: 
{  2.60547e+07  2.13098e+06  -702522  }
{  2.13098e+06  3.69523e+07  4.10948e+06  }
{  -702522  4.10948e+06  2.95985e+07  }
Rotation matrix applied to molecule: 
{  0.129005  0.912215  0.388872  }
{  -0.870808  0.291812  -0.39565  }
{  -0.474395  -0.287593  0.832009  }
Molecule radius: 47.8764 Ang 
orientation time of molecule target: 0.00946403 s
target mass: 66226.8 amu
gas mass: 4.0026 amu
reduce mass: 4.00236 amu
charge state: 13.9996 e
*********************************************************
Geometric Ellipsoid: 
*********************************************************
maximal distances: 30.502  38.7214  47.1561  Ang
Initial axis length: 80.512  88.7314  97.1661  Ang
Ellipsoid axis length: 88.672  96.8914  105.326  Ang
ellipsoid calculation time: 0.000100851 s
maximal impact parameter: 105.326 Ang
*********************************************************
Linked-cell: 
Numbers of cells: 4590
Nx: 15 Ny: 17 Nz: 18
Filled cells: 136
Empty cells: 4454
Average atoms per cell: 67.8162
Maximum atoms per cell: 194
Minimum atoms per cell: 1
Simulation box: 
lx: 180.15 Ang
ly: 204.17 Ang
lz: 216.18 Ang
linked-cell calculation time: 0.00506306 s
time info: 0.000350952 s
*********************************************************
Trajectory calculations 
*********************************************************
out target time: 4.58678 s
Ntraj: 10000
Nfree: 1566
Nscatter: 8432
Nlost: 2
omega: 4769.5
Ntraj: 10000
Nfree: 1546
Nscatter: 8452
Nlost: 2
omega: 5043.99
Ntraj: 10000
Nfree: 1553
Nscatter: 8443
Nlost: 4
omega: 4971.98
Ntraj: 10000
Nfree: 1514
Nscatter: 8485
Nlost: 1
omega: 5255.94
Ntraj: 10000
Nfree: 1546
Nscatter: 8454
Nlost: 0
omega: 5140.34
Ntraj: 10000
Nfree: 1573
Nscatter: 8426
Nlost: 1
omega: 4946.86
Ntraj: 10000
Nfree: 1573
Nscatter: 8427
Nlost: 0
omega: 4941.17
Ntraj: 10000
Nfree: 1556
Nscatter: 8443
Nlost: 1
omega: 4777.96
Ntraj: 10000
Nfree: 1575
Nscatter: 8421
Nlost: 4
omega: 5199.67
Ntraj: 10000
Nfree: 1560
Nscatter: 8435
Nlost: 5
omega: 5003.2
*********************************************************
task: 0
worker id: 36859
time create lcl and mol: 0.00119805 s
numbers of trajectories: 3125
time trajectory calculation: 0.55056 s
task: 1
worker id: 31425
time create lcl and mol: 0.00132489 s
numbers of trajectories: 3125
time trajectory calculation: 0.339883 s
task: 2
worker id: 13863
time create lcl and mol: 0.0012269 s
numbers of trajectories: 3125
time trajectory calculation: 1.46951 s
task: 3
worker id: 60151
time create lcl and mol: 0.00121713 s
numbers of trajectories: 3125
time trajectory calculation: 1.98647 s
task: 4
worker id: 95844
time create lcl and mol: 0.00120878 s
numbers of trajectories: 3125
time trajectory calculation: 0.362027 s
task: 5
worker id: 31425
time create lcl and mol: 0.00133896 s
numbers of trajectories: 3125
time trajectory calculation: 0.740025 s
task: 6
worker id: 62782
time create lcl and mol: 0.00119305 s
numbers of trajectories: 3125
time trajectory calculation: 1.9429 s
task: 7
worker id: 75271
time create lcl and mol: 0.00135398 s
numbers of trajectories: 3125
time trajectory calculation: 1.34848 s
task: 8
worker id: 70760
time create lcl and mol: 0.0012002 s
numbers of trajectories: 3125
time trajectory calculation: 1.40487 s
task: 9
worker id: 95844
time create lcl and mol: 0.00126719 s
numbers of trajectories: 3125
time trajectory calculation: 1.10682 s
task: 10
worker id: 36859
time create lcl and mol: 0.001369 s
numbers of trajectories: 3125
time trajectory calculation: 0.591093 s
task: 11
worker id: 95844
time create lcl and mol: 0.00134206 s
numbers of trajectories: 3125
time trajectory calculation: 0.83088 s
task: 12
worker id: 95844
time create lcl and mol: 0.00133991 s
numbers of trajectories: 3125
time trajectory calculation: 0.309956 s
task: 13
worker id: 36859
time create lcl and mol: 0.00139093 s
numbers of trajectories: 3125
time trajectory calculation: 0.97918 s
task: 14
worker id: 36859
time create lcl and mol: 0.00122213 s
numbers of trajectories: 3125
time trajectory calculation: 0.368907 s
task: 15
worker id: 95844
time create lcl and mol: 0.00135016 s
numbers of trajectories: 3125
time trajectory calculation: 0.484489 s
task: 16
worker id: 62782
time create lcl and mol: 0.00127506 s
numbers of trajectories: 3125
time trajectory calculation: 1.49918 s
task: 17
worker id: 60151
time create lcl and mol: 0.00127482 s
numbers of trajectories: 3125
time trajectory calculation: 0.382003 s
task: 18
worker id: 70760
time create lcl and mol: 0.00128007 s
numbers of trajectories: 3125
time trajectory calculation: 0.890582 s
task: 19
worker id: 31425
time create lcl and mol: 0.00121593 s
numbers of trajectories: 3125
time trajectory calculation: 0.504727 s
task: 20
worker id: 95844
time create lcl and mol: 0.00126386 s
numbers of trajectories: 3125
time trajectory calculation: 0.30397 s
task: 21
worker id: 36859
time create lcl and mol: 0.00121808 s
numbers of trajectories: 3125
time trajectory calculation: 0.33022 s
task: 22
worker id: 75271
time create lcl and mol: 0.00130796 s
numbers of trajectories: 3125
time trajectory calculation: 0.377602 s
task: 23
worker id: 95844
time create lcl and mol: 0.00133491 s
numbers of trajectories: 3125
time trajectory calculation: 0.291173 s
task: 24
worker id: 70760
time create lcl and mol: 0.00120592 s
numbers of trajectories: 3125
time trajectory calculation: 1.3181 s
task: 25
worker id: 13863
time create lcl and mol: 0.00127292 s
numbers of trajectories: 3125
time trajectory calculation: 1.84573 s
task: 26
worker id: 31425
time create lcl and mol: 0.001266 s
numbers of trajectories: 3125
time trajectory calculation: 1.55588 s
task: 27
worker id: 13863
time create lcl and mol: 0.0012629 s
numbers of trajectories: 3125
time trajectory calculation: 1.20117 s
task: 28
worker id: 75271
time create lcl and mol: 0.00126696 s
numbers of trajectories: 3125
time trajectory calculation: 1.51401 s
task: 29
worker id: 60151
time create lcl and mol: 0.00134611 s
numbers of trajectories: 3125
time trajectory calculation: 1.05581 s
task: 30
worker id: 62782
time create lcl and mol: 0.00128388 s
numbers of trajectories: 3125
time trajectory calculation: 1.00738 s
task: 31
worker id: 36859
time create lcl and mol: 0.0012219 s
numbers of trajectories: 3125
time trajectory calculation: 1.33568 s
CCS time: 4.59497 s
*********************************************************
average value of CCS = 5005.06 Ang^2
error value of CCS = 48.6066 Ang^2
Total time: 4.6146 s
Program finished...
*********************************************************
INPUT:: Simulation Parameters 
*********************************************************
target filename                  : 05_3v03_carga_14_min.xyz
number of probe                  : 10000
number of iterarions             : 10
number of tasks                  : 32
number of threads                : 24
seed number                      : 2104
gas buffer                       : He
Target Temperature (K)           : 298
timestep (fs)                    : 10
Skin cell size (Ang)             : 0.01
Equipotential                    : no
Cut short-range interaction      : yes
LJ cutoff (Ang)                  : 12
Apply long-range interaction     : yes
Cut long-range interaction       : yes
Coulomb cutoff (Ang)             : 25
Apply induced-dipole interaction : yes
alpha (Ang^3)                    : 0.204956
force_type: 4
*********************************************************
Force Field parameters: 
*********************************************************
Symbol  mass (amu)  epislon (kcal/mol)  sigma(Angstroms) 
C   12.011   0.0309   3.043
N   14.007   0.0309   3.043
H   1.008   0.015   2.38
O   15.999   0.0309   3.043
S   32.06   0.0311   3.5
*********************************************************
MOLECULE:: orientation around the inertia principal axis 
*********************************************************
Inertia matrix a.u. Ang^2: 
{  2.60547e+07  2.13098e+06  -702522  }
{  2.13098e+06  3.69523e+07  4.10948e+06  }
{  -702522  4.10948e+06  2.95985e+07  }
Rotation matrix applied to molecule: 
{  0.129005  0.912215  0.388872  }
{  -0.870808  0.291812  -0.39565  }
{  -0.474395  -0.287593  0.832009  }
Molecule radius: 47.8764 Ang 
orientation time of molecule target: 0.0096209 s
target mass: 66226.8 amu
gas mass: 4.0026 amu
reduce mass: 4.00236 amu
charge state: 13.9996 e
*********************************************************
Geometric Ellipsoid: 
*********************************************************
maximal distances: 30.502  38.7214  47.1561  Ang
Initial axis length: 80.512  88.7314  97.1661  Ang
Ellipsoid axis length: 88.672  96.8914  105.326  Ang
ellipsoid calculation time: 9.799e-05 s
maximal impact parameter: 105.326 Ang
*********************************************************
Linked-cell: 
Numbers of cells: 4590
Nx: 15 Ny: 17 Nz: 18
Filled cells: 136
Empty cells: 4454
Average atoms per cell: 67.8162
Maximum atoms per cell: 194
Minimum atoms per cell: 1
Simulation box: 
lx: 180.15 Ang
ly: 204.17 Ang
lz: 216.18 Ang
linked-cell calculation time: 0.00509501 s
time info: 0.000346899 s
*********************************************************
Trajectory calculations 
*********************************************************
out target time: 4.25524 s
Ntraj: 10000
Nfree: 1566
Nscatter: 8432
Nlost: 2
omega: 4769.5
Ntraj: 10000
Nfree: 1546
Nscatter: 8452
Nlost: 2
omega: 5043.99
Ntraj: 10000
Nfree: 1553
Nscatter: 8443
Nlost: 4
omega: 4971.98
Ntraj: 10000
Nfree: 1514
Nscatter: 8485
Nlost: 1
omega: 5255.94
Ntraj: 10000
Nfree: 1546
Nscatter: 8454
Nlost: 0
omega: 5140.34
Ntraj: 10000
Nfree: 1573
Nscatter: 8426
Nlost: 1
omega: 4946.86
Ntraj: 10000
Nfree: 1573
Nscatter: 8427
Nlost: 0
omega: 4941.17
Ntraj: 10000
Nfree: 1556
Nscatter: 8443
Nlost: 1
omega: 4777.96
Ntraj: 10000
Nfree: 1575
Nscatter: 8421
Nlost: 4
omega: 5199.67
Ntraj: 10000
Nfree: 1560
Nscatter: 8435
Nlost: 5
omega: 5003.2
*********************************************************
task: 0
worker id: 36964
time create lcl and mol: 0.00128913 s
numbers of trajectories: 3125
time trajectory calculation: 0.601921 s
task: 1
worker id: 62870
time create lcl and mol: 0.00128102 s
numbers of trajectories: 3125
time trajectory calculation: 0.329492 s
task: 2
worker id: 13955
time create lcl and mol: 0.00124002 s
numbers of trajectories: 3125
time trajectory calculation: 1.50422 s
task: 3
worker id: 62870
time create lcl and mol: 0.00127816 s
numbers of trajectories: 3125
time trajectory calculation: 1.91363 s
task: 4
worker id: 31516
time create lcl and mol: 0.00124502 s
numbers of trajectories: 3125
time trajectory calculation: 0.347643 s
task: 5
worker id: 95937
time create lcl and mol: 0.00120115 s
numbers of trajectories: 3125
time trajectory calculation: 0.736865 s
task: 6
worker id: 95937
time create lcl and mol: 0.0012691 s
numbers of trajectories: 3125
time trajectory calculation: 1.9603 s
task: 7
worker id: 31516
time create lcl and mol: 0.00123 s
numbers of trajectories: 3125
time trajectory calculation: 1.30567 s
task: 8
worker id: 62870
time create lcl and mol: 0.00135303 s
numbers of trajectories: 3125
time trajectory calculation: 1.43799 s
task: 9
worker id: 13955
time create lcl and mol: 0.00125909 s
numbers of trajectories: 3125
time trajectory calculation: 1.07296 s
task: 10
worker id: 70854
time create lcl and mol: 0.00128484 s
numbers of trajectories: 3125
time trajectory calculation: 0.570287 s
task: 11
worker id: 60242
time create lcl and mol: 0.00106096 s
numbers of trajectories: 3125
time trajectory calculation: 0.790928 s
task: 12
worker id: 75361
time create lcl and mol: 0.00119209 s
numbers of trajectories: 3125
time trajectory calculation: 0.302281 s
task: 13
worker id: 60242
time create lcl and mol: 0.0011549 s
numbers of trajectories: 3125
time trajectory calculation: 0.97272 s
task: 14
worker id: 70854
time create lcl and mol: 0.00128818 s
numbers of trajectories: 3125
time trajectory calculation: 0.370023 s
task: 15
worker id: 36964
time create lcl and mol: 0.00124788 s
numbers of trajectories: 3125
time trajectory calculation: 0.452665 s
task: 16
worker id: 31516
time create lcl and mol: 0.00139499 s
numbers of trajectories: 3125
time trajectory calculation: 1.62433 s
task: 17
worker id: 62870
time create lcl and mol: 0.00135589 s
numbers of trajectories: 3125
time trajectory calculation: 0.383065 s
task: 18
worker id: 75361
time create lcl and mol: 0.00120711 s
numbers of trajectories: 3125
time trajectory calculation: 0.904311 s
task: 19
worker id: 60242
time create lcl and mol: 0.00130701 s
numbers of trajectories: 3125
time trajectory calculation: 0.54163 s
task: 20
worker id: 13955
time create lcl and mol: 0.00116706 s
numbers of trajectories: 3125
time trajectory calculation: 0.308531 s
task: 21
worker id: 70854
time create lcl and mol: 0.00136805 s
numbers of trajectories: 3125
time trajectory calculation: 0.326626 s
task: 22
worker id: 70854
time create lcl and mol: 0.00144601 s
numbers of trajectories: 3125
time trajectory calculation: 0.389871 s
task: 23
worker id: 75361
time create lcl and mol: 0.00117493 s
numbers of trajectories: 3125
time trajectory calculation: 0.300231 s
task: 24
worker id: 60242
time create lcl and mol: 0.00121593 s
numbers of trajectories: 3125
time trajectory calculation: 1.31602 s
task: 25
worker id: 36964
time create lcl and mol: 0.00128508 s
numbers of trajectories: 3125
time trajectory calculation: 1.79137 s
task: 26
worker id: 70854
time create lcl and mol: 0.00125408 s
numbers of trajectories: 3125
time trajectory calculation: 1.56061 s
task: 27
worker id: 36964
time create lcl and mol: 0.00125384 s
numbers of trajectories: 3125
time trajectory calculation: 1.20463 s
task: 28
worker id: 95937
time create lcl and mol: 0.00120592 s
numbers of trajectories: 3125
time trajectory calculation: 1.49657 s
task: 29
worker id: 75361
time create lcl and mol: 0.00127292 s
numbers of trajectories: 3125
time trajectory calculation: 1.03938 s
task: 30
worker id: 13955
time create lcl and mol: 0.00122404 s
numbers of trajectories: 3125
time trajectory calculation: 1.00336 s
task: 31
worker id: 75361
time create lcl and mol: 0.00119305 s
numbers of trajectories: 3125
time trajectory calculation: 1.3372 s
CCS time: 4.26326 s
*********************************************************
average value of CCS = 5005.06 Ang^2
error value of CCS = 48.6066 Ang^2
Total time: 4.2832 s
Program finished...
*********************************************************
INPUT:: Simulation Parameters 
*********************************************************
target filename                  : 05_3v03_carga_14_min.xyz
number of probe                  : 10000
number of iterarions             : 10
number of tasks                  : 32
number of threads                : 24
seed number                      : 2104
gas buffer                       : He
Target Temperature (K)           : 298
timestep (fs)                    : 10
Skin cell size (Ang)             : 0.01
Equipotential                    : no
Cut short-range interaction      : yes
LJ cutoff (Ang)                  : 12
Apply long-range interaction     : yes
Cut long-range interaction       : yes
Coulomb cutoff (Ang)             : 25
Apply induced-dipole interaction : yes
alpha (Ang^3)                    : 0.204956
force_type: 4
*********************************************************
Force Field parameters: 
*********************************************************
Symbol  mass (amu)  epislon (kcal/mol)  sigma(Angstroms) 
C   12.011   0.0309   3.043
N   14.007   0.0309   3.043
H   1.008   0.015   2.38
O   15.999   0.0309   3.043
S   32.06   0.0311   3.5
*********************************************************
MOLECULE:: orientation around the inertia principal axis 
*********************************************************
Inertia matrix a.u. Ang^2: 
{  2.60547e+07  2.13098e+06  -702522  }
{  2.13098e+06  3.69523e+07  4.10948e+06  }
{  -702522  4.10948e+06  2.95985e+07  }
Rotation matrix applied to molecule: 
{  0.129005  0.912215  0.388872  }
{  -0.870808  0.291812  -0.39565  }
{  -0.474395  -0.287593  0.832009  }
Molecule radius: 47.8764 Ang 
orientation time of molecule target: 0.00936007 s
target mass: 66226.8 amu
gas mass: 4.0026 amu
reduce mass: 4.00236 amu
charge state: 13.9996 e
*********************************************************
Geometric Ellipsoid: 
*********************************************************
maximal distances: 30.502  38.7214  47.1561  Ang
Initial axis length: 80.512  88.7314  97.1661  Ang
Ellipsoid axis length: 88.672  96.8914  105.326  Ang
ellipsoid calculation time: 9.41753e-05 s
maximal impact parameter: 105.326 Ang
*********************************************************
Linked-cell: 
Numbers of cells: 4590
Nx: 15 Ny: 17 Nz: 18
Filled cells: 136
Empty cells: 4454
Average atoms per cell: 67.8162
Maximum atoms per cell: 194
Minimum atoms per cell: 1
Simulation box: 
lx: 180.15 Ang
ly: 204.17 Ang
lz: 216.18 Ang
linked-cell calculation time: 0.00507712 s
time info: 0.000347853 s
*********************************************************
Trajectory calculations 
*********************************************************
out target time: 4.62292 s
Ntraj: 10000
Nfree: 1566
Nscatter: 8432
Nlost: 2
omega: 4769.5
Ntraj: 10000
Nfree: 1546
Nscatter: 8452
Nlost: 2
omega: 5043.99
Ntraj: 10000
Nfree: 1553
Nscatter: 8443
Nlost: 4
omega: 4971.98
Ntraj: 10000
Nfree: 1514
Nscatter: 8485
Nlost: 1
omega: 5255.94
Ntraj: 10000
Nfree: 1546
Nscatter: 8454
Nlost: 0
omega: 5140.34
Ntraj: 10000
Nfree: 1573
Nscatter: 8426
Nlost: 1
omega: 4946.86
Ntraj: 10000
Nfree: 1573
Nscatter: 8427
Nlost: 0
omega: 4941.17
Ntraj: 10000
Nfree: 1556
Nscatter: 8443
Nlost: 1
omega: 4777.96
Ntraj: 10000
Nfree: 1575
Nscatter: 8421
Nlost: 4
omega: 5199.67
Ntraj: 10000
Nfree: 1560
Nscatter: 8435
Nlost: 5
omega: 5003.2
*********************************************************
task: 0
worker id: 31919
time create lcl and mol: 0.00139499 s
numbers of trajectories: 3125
time trajectory calculation: 0.523707 s
task: 1
worker id: 37379
time create lcl and mol: 0.00119686 s
numbers of trajectories: 3125
time trajectory calculation: 0.338527 s
task: 2
worker id: 37379
time create lcl and mol: 0.0012691 s
numbers of trajectories: 3125
time trajectory calculation: 1.46133 s
task: 3
worker id: 14356
time create lcl and mol: 0.00120306 s
numbers of trajectories: 3125
time trajectory calculation: 2.0216 s
task: 4
worker id: 71254
time create lcl and mol: 0.00121689 s
numbers of trajectories: 3125
time trajectory calculation: 0.348643 s
task: 5
worker id: 37379
time create lcl and mol: 0.00135398 s
numbers of trajectories: 3125
time trajectory calculation: 0.716357 s
task: 6
worker id: 96334
time create lcl and mol: 0.00139999 s
numbers of trajectories: 3125
time trajectory calculation: 1.98072 s
task: 7
worker id: 63270
time create lcl and mol: 0.00128698 s
numbers of trajectories: 3125
time trajectory calculation: 1.36556 s
task: 8
worker id: 96334
time create lcl and mol: 0.00130892 s
numbers of trajectories: 3125
time trajectory calculation: 1.46352 s
task: 9
worker id: 14356
time create lcl and mol: 0.00119209 s
numbers of trajectories: 3125
time trajectory calculation: 1.17738 s
task: 10
worker id: 37379
time create lcl and mol: 0.00127888 s
numbers of trajectories: 3125
time trajectory calculation: 0.598729 s
task: 11
worker id: 75763
time create lcl and mol: 0.00130892 s
numbers of trajectories: 3125
time trajectory calculation: 0.827366 s
task: 12
worker id: 71254
time create lcl and mol: 0.00134993 s
numbers of trajectories: 3125
time trajectory calculation: 0.312476 s
task: 13
worker id: 31919
time create lcl and mol: 0.00123906 s
numbers of trajectories: 3125
time trajectory calculation: 0.969086 s
task: 14
worker id: 31919
time create lcl and mol: 0.0012579 s
numbers of trajectories: 3125
time trajectory calculation: 0.387004 s
task: 15
worker id: 75763
time create lcl and mol: 0.00131297 s
numbers of trajectories: 3125
time trajectory calculation: 0.485292 s
task: 16
worker id: 31919
time create lcl and mol: 0.00129795 s
numbers of trajectories: 3125
time trajectory calculation: 1.51099 s
task: 17
worker id: 60642
time create lcl and mol: 0.00125813 s
numbers of trajectories: 3125
time trajectory calculation: 0.413552 s
task: 18
worker id: 60642
time create lcl and mol: 0.00117588 s
numbers of trajectories: 3125
time trajectory calculation: 0.90051 s
task: 19
worker id: 63270
time create lcl and mol: 0.00125599 s
numbers of trajectories: 3125
time trajectory calculation: 0.53861 s
task: 20
worker id: 75763
time create lcl and mol: 0.00116801 s
numbers of trajectories: 3125
time trajectory calculation: 0.297057 s
task: 21
worker id: 37379
time create lcl and mol: 0.00120687 s
numbers of trajectories: 3125
time trajectory calculation: 0.329229 s
task: 22
worker id: 75763
time create lcl and mol: 0.00129986 s
numbers of trajectories: 3125
time trajectory calculation: 0.373385 s
task: 23
worker id: 63270
time create lcl and mol: 0.00122094 s
numbers of trajectories: 3125
time trajectory calculation: 0.292917 s
task: 24
worker id: 14356
time create lcl and mol: 0.00125408 s
numbers of trajectories: 3125
time trajectory calculation: 1.35014 s
task: 25
worker id: 63270
time create lcl and mol: 0.001297 s
numbers of trajectories: 3125
time trajectory calculation: 1.88016 s
task: 26
worker id: 71254
time create lcl and mol: 0.0013411 s
numbers of trajectories: 3125
time trajectory calculation: 1.58498 s
task: 27
worker id: 60642
time create lcl and mol: 0.00122094 s
numbers of trajectories: 3125
time trajectory calculation: 1.20591 s
task: 28
worker id: 75763
time create lcl and mol: 0.0012219 s
numbers of trajectories: 3125
time trajectory calculation: 1.4153 s
task: 29
worker id: 31919
time create lcl and mol: 0.00128794 s
numbers of trajectories: 3125
time trajectory calculation: 1.11787 s
task: 30
worker id: 60642
time create lcl and mol: 0.001266 s
numbers of trajectories: 3125
time trajectory calculation: 1.0201 s
task: 31
worker id: 71254
time create lcl and mol: 0.00127387 s
numbers of trajectories: 3125
time trajectory calculation: 1.29492 s
CCS time: 4.63096 s
*********************************************************
average value of CCS = 5005.06 Ang^2
error value of CCS = 48.6066 Ang^2
Total time: 4.65054 s
Program finished...
*********************************************************
INPUT:: Simulation Parameters 
*********************************************************
target filename                  : 05_3v03_carga_14_min.xyz
number of probe                  : 10000
number of iterarions             : 10
number of tasks                  : 32
number of threads                : 24
seed number                      : 2104
gas buffer                       : He
Target Temperature (K)           : 298
timestep (fs)                    : 10
Skin cell size (Ang)             : 0.01
Equipotential                    : no
Cut short-range interaction      : yes
LJ cutoff (Ang)                  : 12
Apply long-range interaction     : yes
Cut long-range interaction       : yes
Coulomb cutoff (Ang)             : 25
Apply induced-dipole interaction : yes
alpha (Ang^3)                    : 0.204956
force_type: 4
*********************************************************
Force Field parameters: 
*********************************************************
Symbol  mass (amu)  epislon (kcal/mol)  sigma(Angstroms) 
C   12.011   0.0309   3.043
N   14.007   0.0309   3.043
H   1.008   0.015   2.38
O   15.999   0.0309   3.043
S   32.06   0.0311   3.5
*********************************************************
MOLECULE:: orientation around the inertia principal axis 
*********************************************************
Inertia matrix a.u. Ang^2: 
{  2.60547e+07  2.13098e+06  -702522  }
{  2.13098e+06  3.69523e+07  4.10948e+06  }
{  -702522  4.10948e+06  2.95985e+07  }
Rotation matrix applied to molecule: 
{  0.129005  0.912215  0.388872  }
{  -0.870808  0.291812  -0.39565  }
{  -0.474395  -0.287593  0.832009  }
Molecule radius: 47.8764 Ang 
orientation time of molecule target: 0.00940895 s
target mass: 66226.8 amu
gas mass: 4.0026 amu
reduce mass: 4.00236 amu
charge state: 13.9996 e
*********************************************************
Geometric Ellipsoid: 
*********************************************************
maximal distances: 30.502  38.7214  47.1561  Ang
Initial axis length: 80.512  88.7314  97.1661  Ang
Ellipsoid axis length: 88.672  96.8914  105.326  Ang
ellipsoid calculation time: 9.70364e-05 s
maximal impact parameter: 105.326 Ang
*********************************************************
Linked-cell: 
Numbers of cells: 4590
Nx: 15 Ny: 17 Nz: 18
Filled cells: 136
Empty cells: 4454
Average atoms per cell: 67.8162
Maximum atoms per cell: 194
Minimum atoms per cell: 1
Simulation box: 
lx: 180.15 Ang
ly: 204.17 Ang
lz: 216.18 Ang
linked-cell calculation time: 0.00503802 s
time info: 0.000342131 s
*********************************************************
Trajectory calculations 
*********************************************************
out target time: 4.48221 s
Ntraj: 10000
Nfree: 1566
Nscatter: 8432
Nlost: 2
omega: 4769.5
Ntraj: 10000
Nfree: 1546
Nscatter: 8452
Nlost: 2
omega: 5043.99
Ntraj: 10000
Nfree: 1553
Nscatter: 8443
Nlost: 4
omega: 4971.98
Ntraj: 10000
Nfree: 1514
Nscatter: 8485
Nlost: 1
omega: 5255.94
Ntraj: 10000
Nfree: 1546
Nscatter: 8454
Nlost: 0
omega: 5140.34
Ntraj: 10000
Nfree: 1573
Nscatter: 8426
Nlost: 1
omega: 4946.86
Ntraj: 10000
Nfree: 1573
Nscatter: 8427
Nlost: 0
omega: 4941.17
Ntraj: 10000
Nfree: 1556
Nscatter: 8443
Nlost: 1
omega: 4777.96
Ntraj: 10000
Nfree: 1575
Nscatter: 8421
Nlost: 4
omega: 5199.67
Ntraj: 10000
Nfree: 1560
Nscatter: 8435
Nlost: 5
omega: 5003.2
*********************************************************
task: 0
worker id: 96718
time create lcl and mol: 0.00129008 s
numbers of trajectories: 3125
time trajectory calculation: 0.525798 s
task: 1
worker id: 37776
time create lcl and mol: 0.00121999 s
numbers of trajectories: 3125
time trajectory calculation: 0.341405 s
task: 2
worker id: 76144
time create lcl and mol: 0.00138688 s
numbers of trajectories: 3125
time trajectory calculation: 1.44616 s
task: 3
worker id: 14740
time create lcl and mol: 0.00143099 s
numbers of trajectories: 3125
time trajectory calculation: 1.95355 s
task: 4
worker id: 63651
time create lcl and mol: 0.00139618 s
numbers of trajectories: 3125
time trajectory calculation: 0.358921 s
task: 5
worker id: 61025
time create lcl and mol: 0.00145698 s
numbers of trajectories: 3125
time trajectory calculation: 0.749101 s
task: 6
worker id: 32302
time create lcl and mol: 0.001369 s
numbers of trajectories: 3125
time trajectory calculation: 2.00485 s
task: 7
worker id: 71635
time create lcl and mol: 0.00124097 s
numbers of trajectories: 3125
time trajectory calculation: 1.34073 s
task: 8
worker id: 71635
time create lcl and mol: 0.00124002 s
numbers of trajectories: 3125
time trajectory calculation: 1.45706 s
task: 9
worker id: 76144
time create lcl and mol: 0.00125313 s
numbers of trajectories: 3125
time trajectory calculation: 1.14451 s
task: 10
worker id: 32302
time create lcl and mol: 0.00127292 s
numbers of trajectories: 3125
time trajectory calculation: 0.627355 s
task: 11
worker id: 37776
time create lcl and mol: 0.00128102 s
numbers of trajectories: 3125
time trajectory calculation: 0.778309 s
task: 12
worker id: 61025
time create lcl and mol: 0.00128412 s
numbers of trajectories: 3125
time trajectory calculation: 0.30458 s
task: 13
worker id: 63651
time create lcl and mol: 0.00118303 s
numbers of trajectories: 3125
time trajectory calculation: 0.983326 s
task: 14
worker id: 96718
time create lcl and mol: 0.00122499 s
numbers of trajectories: 3125
time trajectory calculation: 0.413476 s
task: 15
worker id: 32302
time create lcl and mol: 0.00128603 s
numbers of trajectories: 3125
time trajectory calculation: 0.51667 s
task: 16
worker id: 63651
time create lcl and mol: 0.0012989 s
numbers of trajectories: 3125
time trajectory calculation: 1.61282 s
task: 17
worker id: 63651
time create lcl and mol: 0.00125718 s
numbers of trajectories: 3125
time trajectory calculation: 0.404278 s
task: 18
worker id: 37776
time create lcl and mol: 0.00135708 s
numbers of trajectories: 3125
time trajectory calculation: 0.892366 s
task: 19
worker id: 76144
time create lcl and mol: 0.00123787 s
numbers of trajectories: 3125
time trajectory calculation: 0.532466 s
task: 20
worker id: 76144
time create lcl and mol: 0.00111198 s
numbers of trajectories: 3125
time trajectory calculation: 0.29385 s
task: 21
worker id: 61025
time create lcl and mol: 0.00131488 s
numbers of trajectories: 3125
time trajectory calculation: 0.313012 s
task: 22
worker id: 37776
time create lcl and mol: 0.00128198 s
numbers of trajectories: 3125
time trajectory calculation: 0.367919 s
task: 23
worker id: 76144
time create lcl and mol: 0.00126314 s
numbers of trajectories: 3125
time trajectory calculation: 0.293756 s
task: 24
worker id: 14740
time create lcl and mol: 0.00124788 s
numbers of trajectories: 3125
time trajectory calculation: 1.32766 s
task: 25
worker id: 96718
time create lcl and mol: 0.00122213 s
numbers of trajectories: 3125
time trajectory calculation: 1.83386 s
task: 26
worker id: 96718
time create lcl and mol: 0.00144506 s
numbers of trajectories: 3125
time trajectory calculation: 1.61698 s
task: 27
worker id: 32302
time create lcl and mol: 0.00128698 s
numbers of trajectories: 3125
time trajectory calculation: 1.21008 s
task: 28
worker id: 37776
time create lcl and mol: 0.00120807 s
numbers of trajectories: 3125
time trajectory calculation: 1.51201 s
task: 29
worker id: 61025
time create lcl and mol: 0.0013001 s
numbers of trajectories: 3125
time trajectory calculation: 1.03374 s
task: 30
worker id: 71635
time create lcl and mol: 0.00118303 s
numbers of trajectories: 3125
time trajectory calculation: 1.00477 s
task: 31
worker id: 61025
time create lcl and mol: 0.00129819 s
numbers of trajectories: 3125
time trajectory calculation: 1.272 s
CCS time: 4.49023 s
*********************************************************
average value of CCS = 5005.06 Ang^2
error value of CCS = 48.6066 Ang^2
Total time: 4.51017 s
Program finished...
*********************************************************
INPUT:: Simulation Parameters 
*********************************************************
target filename                  : 05_3v03_carga_14_min.xyz
number of probe                  : 10000
number of iterarions             : 10
number of tasks                  : 32
number of threads                : 24
seed number                      : 2104
gas buffer                       : He
Target Temperature (K)           : 298
timestep (fs)                    : 10
Skin cell size (Ang)             : 0.01
Equipotential                    : no
Cut short-range interaction      : yes
LJ cutoff (Ang)                  : 12
Apply long-range interaction     : yes
Cut long-range interaction       : yes
Coulomb cutoff (Ang)             : 25
Apply induced-dipole interaction : yes
alpha (Ang^3)                    : 0.204956
force_type: 4
*********************************************************
Force Field parameters: 
*********************************************************
Symbol  mass (amu)  epislon (kcal/mol)  sigma(Angstroms) 
C   12.011   0.0309   3.043
N   14.007   0.0309   3.043
H   1.008   0.015   2.38
O   15.999   0.0309   3.043
S   32.06   0.0311   3.5
*********************************************************
MOLECULE:: orientation around the inertia principal axis 
*********************************************************
Inertia matrix a.u. Ang^2: 
{  2.60547e+07  2.13098e+06  -702522  }
{  2.13098e+06  3.69523e+07  4.10948e+06  }
{  -702522  4.10948e+06  2.95985e+07  }
Rotation matrix applied to molecule: 
{  0.129005  0.912215  0.388872  }
{  -0.870808  0.291812  -0.39565  }
{  -0.474395  -0.287593  0.832009  }
Molecule radius: 47.8764 Ang 
orientation time of molecule target: 0.00940418 s
target mass: 66226.8 amu
gas mass: 4.0026 amu
reduce mass: 4.00236 amu
charge state: 13.9996 e
*********************************************************
Geometric Ellipsoid: 
*********************************************************
maximal distances: 30.502  38.7214  47.1561  Ang
Initial axis length: 80.512  88.7314  97.1661  Ang
Ellipsoid axis length: 88.672  96.8914  105.326  Ang
ellipsoid calculation time: 9.70364e-05 s
maximal impact parameter: 105.326 Ang
*********************************************************
Linked-cell: 
Numbers of cells: 4590
Nx: 15 Ny: 17 Nz: 18
Filled cells: 136
Empty cells: 4454
Average atoms per cell: 67.8162
Maximum atoms per cell: 194
Minimum atoms per cell: 1
Simulation box: 
lx: 180.15 Ang
ly: 204.17 Ang
lz: 216.18 Ang
linked-cell calculation time: 0.00504804 s
time info: 0.000341892 s
*********************************************************
Trajectory calculations 
*********************************************************
out target time: 4.68996 s
Ntraj: 10000
Nfree: 1566
Nscatter: 8432
Nlost: 2
omega: 4769.5
Ntraj: 10000
Nfree: 1546
Nscatter: 8452
Nlost: 2
omega: 5043.99
Ntraj: 10000
Nfree: 1553
Nscatter: 8443
Nlost: 4
omega: 4971.98
Ntraj: 10000
Nfree: 1514
Nscatter: 8485
Nlost: 1
omega: 5255.94
Ntraj: 10000
Nfree: 1546
Nscatter: 8454
Nlost: 0
omega: 5140.34
Ntraj: 10000
Nfree: 1573
Nscatter: 8426
Nlost: 1
omega: 4946.86
Ntraj: 10000
Nfree: 1573
Nscatter: 8427
Nlost: 0
omega: 4941.17
Ntraj: 10000
Nfree: 1556
Nscatter: 8443
Nlost: 1
omega: 4777.96
Ntraj: 10000
Nfree: 1575
Nscatter: 8421
Nlost: 4
omega: 5199.67
Ntraj: 10000
Nfree: 1560
Nscatter: 8435
Nlost: 5
omega: 5003.2
*********************************************************
task: 0
worker id: 14860
time create lcl and mol: 0.00120115 s
numbers of trajectories: 3125
time trajectory calculation: 0.56384 s
task: 1
worker id: 61145
time create lcl and mol: 0.00123 s
numbers of trajectories: 3125
time trajectory calculation: 0.337666 s
task: 2
worker id: 61145
time create lcl and mol: 0.00136995 s
numbers of trajectories: 3125
time trajectory calculation: 1.49349 s
task: 3
worker id: 14860
time create lcl and mol: 0.00124216 s
numbers of trajectories: 3125
time trajectory calculation: 1.99767 s
task: 4
worker id: 37908
time create lcl and mol: 0.00124812 s
numbers of trajectories: 3125
time trajectory calculation: 0.348843 s
task: 5
worker id: 63770
time create lcl and mol: 0.00137901 s
numbers of trajectories: 3125
time trajectory calculation: 0.753111 s
task: 6
worker id: 32419
time create lcl and mol: 0.001436 s
numbers of trajectories: 3125
time trajectory calculation: 2.03587 s
task: 7
worker id: 76263
time create lcl and mol: 0.00117683 s
numbers of trajectories: 3125
time trajectory calculation: 1.29164 s
task: 8
worker id: 96835
time create lcl and mol: 0.00120807 s
numbers of trajectories: 3125
time trajectory calculation: 1.44191 s
task: 9
worker id: 71752
time create lcl and mol: 0.00123 s
numbers of trajectories: 3125
time trajectory calculation: 1.1923 s
task: 10
worker id: 71752
time create lcl and mol: 0.00150394 s
numbers of trajectories: 3125
time trajectory calculation: 0.606165 s
task: 11
worker id: 71752
time create lcl and mol: 0.00131512 s
numbers of trajectories: 3125
time trajectory calculation: 0.836656 s
task: 12
worker id: 37908
time create lcl and mol: 0.0013299 s
numbers of trajectories: 3125
time trajectory calculation: 0.312492 s
task: 13
worker id: 14860
time create lcl and mol: 0.00120401 s
numbers of trajectories: 3125
time trajectory calculation: 0.958102 s
task: 14
worker id: 63770
time create lcl and mol: 0.00128198 s
numbers of trajectories: 3125
time trajectory calculation: 0.38798 s
task: 15
worker id: 71752
time create lcl and mol: 0.00127697 s
numbers of trajectories: 3125
time trajectory calculation: 0.455704 s
task: 16
worker id: 76263
time create lcl and mol: 0.00128913 s
numbers of trajectories: 3125
time trajectory calculation: 1.50842 s
task: 17
worker id: 71752
time create lcl and mol: 0.00125504 s
numbers of trajectories: 3125
time trajectory calculation: 0.411435 s
task: 18
worker id: 32419
time create lcl and mol: 0.00130296 s
numbers of trajectories: 3125
time trajectory calculation: 0.928309 s
task: 19
worker id: 14860
time create lcl and mol: 0.00124907 s
numbers of trajectories: 3125
time trajectory calculation: 0.53111 s
task: 20
worker id: 32419
time create lcl and mol: 0.00122595 s
numbers of trajectories: 3125
time trajectory calculation: 0.297094 s
task: 21
worker id: 96835
time create lcl and mol: 0.00124717 s
numbers of trajectories: 3125
time trajectory calculation: 0.328037 s
task: 22
worker id: 96835
time create lcl and mol: 0.00129414 s
numbers of trajectories: 3125
time trajectory calculation: 0.374558 s
task: 23
worker id: 61145
time create lcl and mol: 0.00138211 s
numbers of trajectories: 3125
time trajectory calculation: 0.292017 s
task: 24
worker id: 37908
time create lcl and mol: 0.00133705 s
numbers of trajectories: 3125
time trajectory calculation: 1.26942 s
task: 25
worker id: 76263
time create lcl and mol: 0.0012641 s
numbers of trajectories: 3125
time trajectory calculation: 1.81804 s
task: 26
worker id: 61145
time create lcl and mol: 0.00128198 s
numbers of trajectories: 3125
time trajectory calculation: 1.6549 s
task: 27
worker id: 37908
time create lcl and mol: 0.00122499 s
numbers of trajectories: 3125
time trajectory calculation: 1.17604 s
task: 28
worker id: 63770
time create lcl and mol: 0.00127602 s
numbers of trajectories: 3125
time trajectory calculation: 1.50762 s
task: 29
worker id: 37908
time create lcl and mol: 0.00128007 s
numbers of trajectories: 3125
time trajectory calculation: 1.1131 s
task: 30
worker id: 96835
time create lcl and mol: 0.00131702 s
numbers of trajectories: 3125
time trajectory calculation: 1.05064 s
task: 31
worker id: 63770
time create lcl and mol: 0.00136113 s
numbers of trajectories: 3125
time trajectory calculation: 1.33534 s
CCS time: 4.69801 s
*********************************************************
average value of CCS = 5005.06 Ang^2
error value of CCS = 48.6066 Ang^2
Total time: 4.71793 s
Program finished...
