*********************************************************
INPUT:: Simulation Parameters 
*********************************************************
target filename                  : 3j3q.xyz
number of probe                  : 10000
number of iterarions             : 10
number of tasks                  : 22
number of threads                : 24
seed number                      : 2104
gas buffer                       : He
Target Temperature (K)           : 298
timestep (fs)                    : 10
Skin cell size (Ang)             : 0.01
Equipotential                    : no
Cut short-range interaction      : yes
LJ cutoff (Ang)                  : 12
Apply long-range interaction     : yes
Cut long-range interaction       : yes
Coulomb cutoff (Ang)             : 25
Apply induced-dipole interaction : yes
alpha (Ang^3)                    : 0.204956
force_type: 4
*********************************************************
Force Field parameters: 
*********************************************************
Symbol  mass (amu)  epislon (kcal/mol)  sigma(Angstroms) 
C   12.011   0.0309   3.043
N   14.007   0.0309   3.043
H   1.008   0.015   2.38
O   15.999   0.0309   3.043
S   32.06   0.0311   3.5
*********************************************************
MOLECULE:: orientation around the inertia principal axis 
*********************************************************
Inertia matrix a.u. Ang^2: 
{  4.11981e+12  5.55214e+11  1.18732e+11  }
{  5.55214e+11  2.60317e+12  -5.05959e+11  }
{  1.18732e+11  -5.05959e+11  3.97212e+12  }
Rotation matrix applied to molecule: 
{  0.906996  0.35969  -0.219044  }
{  -0.291356  0.911492  0.290335  }
{  0.304088  -0.199513  0.931518  }
Molecule radius: 608.113 Ang 
orientation time of molecule target: 5.2106 s
target mass: 3.48079e+07 amu
gas mass: 4.0026 amu
reduce mass: 4.0026 amu
charge state: -4068 e
*********************************************************
Geometric Ellipsoid: 
*********************************************************
maximal distances: 328.398  394.005  606.712  Ang
Initial axis length: 378.408  444.015  656.722  Ang
Ellipsoid axis length: 432.788  498.395  711.102  Ang
ellipsoid calculation time: 0.0320449 s
maximal impact parameter: 711.102 Ang
*********************************************************
Linked-cell: 
Numbers of cells: 721021
Nx: 73 Ny: 83 Nz: 119
Filled cells: 65656
Empty cells: 655365
Average atoms per cell: 74.3925
Maximum atoms per cell: 205
Minimum atoms per cell: 1
Simulation box: 
lx: 876.73 Ang
ly: 996.83 Ang
lz: 1429.19 Ang
linked-cell calculation time: 1.19201 s
time info: 0.108823 s
*********************************************************
Trajectory calculations 
*********************************************************
out target time: 26.1721 s
Ntraj: 10000
Nfree: 4203
Nscatter: 5776
Nlost: 21
omega: 783117
Ntraj: 10000
Nfree: 4110
Nscatter: 5878
Nlost: 12
omega: 797373
Ntraj: 10000
Nfree: 4192
Nscatter: 5795
Nlost: 13
omega: 779908
Ntraj: 10000
Nfree: 4138
Nscatter: 5842
Nlost: 20
omega: 800908
Ntraj: 10000
Nfree: 4088
Nscatter: 5899
Nlost: 13
omega: 781368
Ntraj: 10000
Nfree: 4181
Nscatter: 5810
Nlost: 9
omega: 803170
Ntraj: 10000
Nfree: 4141
Nscatter: 5851
Nlost: 8
omega: 768046
Ntraj: 10000
Nfree: 4192
Nscatter: 5799
Nlost: 9
omega: 785974
Ntraj: 10000
Nfree: 4212
Nscatter: 5776
Nlost: 12
omega: 783390
Ntraj: 10000
Nfree: 4177
Nscatter: 5813
Nlost: 10
omega: 800646
*********************************************************
task: 0
worker id: 39968
time create lcl and mol: 0.271033 s
numbers of trajectories: 4546
time trajectory calculation: 10.1977 s
task: 1
worker id: 6634
time create lcl and mol: 0.270072 s
numbers of trajectories: 4546
time trajectory calculation: 10.8263 s
task: 2
worker id: 34603
time create lcl and mol: 0.271225 s
numbers of trajectories: 4546
time trajectory calculation: 6.42689 s
task: 3
worker id: 22322
time create lcl and mol: 0.271566 s
numbers of trajectories: 4546
time trajectory calculation: 7.81013 s
task: 4
worker id: 68463
time create lcl and mol: 0.274067 s
numbers of trajectories: 4546
time trajectory calculation: 5.89492 s
task: 5
worker id: 71224
time create lcl and mol: 0.273826 s
numbers of trajectories: 4546
time trajectory calculation: 8.17144 s
task: 6
worker id: 83792
time create lcl and mol: 0.255246 s
numbers of trajectories: 4546
time trajectory calculation: 6.59436 s
task: 7
worker id: 79090
time create lcl and mol: 0.262411 s
numbers of trajectories: 4546
time trajectory calculation: 8.36283 s
task: 8
worker id: 68463
time create lcl and mol: 0.26628 s
numbers of trajectories: 4546
time trajectory calculation: 10.7904 s
task: 9
worker id: 34603
time create lcl and mol: 0.280618 s
numbers of trajectories: 4546
time trajectory calculation: 9.28701 s
task: 10
worker id: 22322
time create lcl and mol: 0.265346 s
numbers of trajectories: 4545
time trajectory calculation: 8.18514 s
task: 11
worker id: 22322
time create lcl and mol: 0.279823 s
numbers of trajectories: 4545
time trajectory calculation: 6.15489 s
task: 12
worker id: 79090
time create lcl and mol: 0.276997 s
numbers of trajectories: 4545
time trajectory calculation: 9.15893 s
task: 13
worker id: 39968
time create lcl and mol: 0.27409 s
numbers of trajectories: 4545
time trajectory calculation: 9.17428 s
task: 14
worker id: 6634
time create lcl and mol: 0.264261 s
numbers of trajectories: 4545
time trajectory calculation: 7.43853 s
task: 15
worker id: 83792
time create lcl and mol: 0.260089 s
numbers of trajectories: 4545
time trajectory calculation: 9.39168 s
task: 16
worker id: 71224
time create lcl and mol: 0.267982 s
numbers of trajectories: 4545
time trajectory calculation: 8.33078 s
task: 17
worker id: 83792
time create lcl and mol: 0.263776 s
numbers of trajectories: 4545
time trajectory calculation: 6.80407 s
task: 18
worker id: 34603
time create lcl and mol: 0.276841 s
numbers of trajectories: 4545
time trajectory calculation: 5.31351 s
task: 19
worker id: 71224
time create lcl and mol: 0.267437 s
numbers of trajectories: 4545
time trajectory calculation: 6.81038 s
task: 20
worker id: 39968
time create lcl and mol: 0.281726 s
numbers of trajectories: 4545
time trajectory calculation: 5.47365 s
task: 21
worker id: 68463
time create lcl and mol: 0.269856 s
numbers of trajectories: 4545
time trajectory calculation: 7.91356 s
CCS time: 26.2887 s
*********************************************************
average value of CCS = 788390 Ang^2
error value of CCS = 3463.82 Ang^2
Total time: 32.7283 s
Program finished...
*********************************************************
INPUT:: Simulation Parameters 
*********************************************************
target filename                  : 3j3q.xyz
number of probe                  : 10000
number of iterarions             : 10
number of tasks                  : 22
number of threads                : 24
seed number                      : 2104
gas buffer                       : He
Target Temperature (K)           : 298
timestep (fs)                    : 10
Skin cell size (Ang)             : 0.01
Equipotential                    : no
Cut short-range interaction      : yes
LJ cutoff (Ang)                  : 12
Apply long-range interaction     : yes
Cut long-range interaction       : yes
Coulomb cutoff (Ang)             : 25
Apply induced-dipole interaction : yes
alpha (Ang^3)                    : 0.204956
force_type: 4
*********************************************************
Force Field parameters: 
*********************************************************
Symbol  mass (amu)  epislon (kcal/mol)  sigma(Angstroms) 
C   12.011   0.0309   3.043
N   14.007   0.0309   3.043
H   1.008   0.015   2.38
O   15.999   0.0309   3.043
S   32.06   0.0311   3.5
*********************************************************
MOLECULE:: orientation around the inertia principal axis 
*********************************************************
Inertia matrix a.u. Ang^2: 
{  4.11981e+12  5.55214e+11  1.18732e+11  }
{  5.55214e+11  2.60317e+12  -5.05959e+11  }
{  1.18732e+11  -5.05959e+11  3.97212e+12  }
Rotation matrix applied to molecule: 
{  0.906996  0.35969  -0.219044  }
{  -0.291356  0.911492  0.290335  }
{  0.304088  -0.199513  0.931518  }
Molecule radius: 608.113 Ang 
orientation time of molecule target: 5.16492 s
target mass: 3.48079e+07 amu
gas mass: 4.0026 amu
reduce mass: 4.0026 amu
charge state: -4068 e
*********************************************************
Geometric Ellipsoid: 
*********************************************************
maximal distances: 328.398  394.005  606.712  Ang
Initial axis length: 378.408  444.015  656.722  Ang
Ellipsoid axis length: 432.788  498.395  711.102  Ang
ellipsoid calculation time: 0.029649 s
maximal impact parameter: 711.102 Ang
*********************************************************
Linked-cell: 
Numbers of cells: 721021
Nx: 73 Ny: 83 Nz: 119
Filled cells: 65656
Empty cells: 655365
Average atoms per cell: 74.3925
Maximum atoms per cell: 205
Minimum atoms per cell: 1
Simulation box: 
lx: 876.73 Ang
ly: 996.83 Ang
lz: 1429.19 Ang
linked-cell calculation time: 1.19917 s
time info: 0.107203 s
*********************************************************
Trajectory calculations 
*********************************************************
out target time: 26.9599 s
Ntraj: 10000
Nfree: 4203
Nscatter: 5776
Nlost: 21
omega: 783117
Ntraj: 10000
Nfree: 4110
Nscatter: 5878
Nlost: 12
omega: 797373
Ntraj: 10000
Nfree: 4192
Nscatter: 5795
Nlost: 13
omega: 779908
Ntraj: 10000
Nfree: 4138
Nscatter: 5842
Nlost: 20
omega: 800908
Ntraj: 10000
Nfree: 4088
Nscatter: 5899
Nlost: 13
omega: 781368
Ntraj: 10000
Nfree: 4181
Nscatter: 5810
Nlost: 9
omega: 803170
Ntraj: 10000
Nfree: 4141
Nscatter: 5851
Nlost: 8
omega: 768046
Ntraj: 10000
Nfree: 4192
Nscatter: 5799
Nlost: 9
omega: 785974
Ntraj: 10000
Nfree: 4212
Nscatter: 5776
Nlost: 12
omega: 783390
Ntraj: 10000
Nfree: 4177
Nscatter: 5813
Nlost: 10
omega: 800646
*********************************************************
task: 0
worker id: 80419
time create lcl and mol: 0.26625 s
numbers of trajectories: 4546
time trajectory calculation: 10.2162 s
task: 1
worker id: 69790
time create lcl and mol: 0.266417 s
numbers of trajectories: 4546
time trajectory calculation: 11.0944 s
task: 2
worker id: 35940
time create lcl and mol: 0.261373 s
numbers of trajectories: 4546
time trajectory calculation: 6.45384 s
task: 3
worker id: 41300
time create lcl and mol: 0.264901 s
numbers of trajectories: 4546
time trajectory calculation: 7.82236 s
task: 4
worker id: 72548
time create lcl and mol: 0.263455 s
numbers of trajectories: 4546
time trajectory calculation: 6.22306 s
task: 5
worker id: 85116
time create lcl and mol: 0.257372 s
numbers of trajectories: 4546
time trajectory calculation: 8.20972 s
task: 6
worker id: 80419
time create lcl and mol: 0.265581 s
numbers of trajectories: 4546
time trajectory calculation: 6.59908 s
task: 7
worker id: 23651
time create lcl and mol: 0.259293 s
numbers of trajectories: 4546
time trajectory calculation: 8.33323 s
task: 8
worker id: 7960
time create lcl and mol: 0.271547 s
numbers of trajectories: 4546
time trajectory calculation: 11.0682 s
task: 9
worker id: 7960
time create lcl and mol: 0.278595 s
numbers of trajectories: 4546
time trajectory calculation: 9.30205 s
task: 10
worker id: 85116
time create lcl and mol: 0.269339 s
numbers of trajectories: 4545
time trajectory calculation: 8.12523 s
task: 11
worker id: 85116
time create lcl and mol: 0.27094 s
numbers of trajectories: 4545
time trajectory calculation: 6.20402 s
task: 12
worker id: 35940
time create lcl and mol: 0.281191 s
numbers of trajectories: 4545
time trajectory calculation: 9.12057 s
task: 13
worker id: 23651
time create lcl and mol: 0.263895 s
numbers of trajectories: 4545
time trajectory calculation: 9.15883 s
task: 14
worker id: 69790
time create lcl and mol: 0.281008 s
numbers of trajectories: 4545
time trajectory calculation: 7.33336 s
task: 15
worker id: 72548
time create lcl and mol: 0.276757 s
numbers of trajectories: 4545
time trajectory calculation: 9.47619 s
task: 16
worker id: 23651
time create lcl and mol: 0.261759 s
numbers of trajectories: 4545
time trajectory calculation: 8.17486 s
task: 17
worker id: 41300
time create lcl and mol: 0.270091 s
numbers of trajectories: 4545
time trajectory calculation: 6.80515 s
task: 18
worker id: 72548
time create lcl and mol: 0.272651 s
numbers of trajectories: 4545
time trajectory calculation: 5.46586 s
task: 19
worker id: 80419
time create lcl and mol: 0.271934 s
numbers of trajectories: 4545
time trajectory calculation: 6.94858 s
task: 20
worker id: 41300
time create lcl and mol: 0.274619 s
numbers of trajectories: 4545
time trajectory calculation: 5.46982 s
task: 21
worker id: 35940
time create lcl and mol: 0.277593 s
numbers of trajectories: 4545
time trajectory calculation: 7.80859 s
CCS time: 27.075 s
*********************************************************
average value of CCS = 788390 Ang^2
error value of CCS = 3463.82 Ang^2
Total time: 33.4736 s
Program finished...
*********************************************************
INPUT:: Simulation Parameters 
*********************************************************
target filename                  : 3j3q.xyz
number of probe                  : 10000
number of iterarions             : 10
number of tasks                  : 22
number of threads                : 24
seed number                      : 2104
gas buffer                       : He
Target Temperature (K)           : 298
timestep (fs)                    : 10
Skin cell size (Ang)             : 0.01
Equipotential                    : no
Cut short-range interaction      : yes
LJ cutoff (Ang)                  : 12
Apply long-range interaction     : yes
Cut long-range interaction       : yes
Coulomb cutoff (Ang)             : 25
Apply induced-dipole interaction : yes
alpha (Ang^3)                    : 0.204956
force_type: 4
*********************************************************
Force Field parameters: 
*********************************************************
Symbol  mass (amu)  epislon (kcal/mol)  sigma(Angstroms) 
C   12.011   0.0309   3.043
N   14.007   0.0309   3.043
H   1.008   0.015   2.38
O   15.999   0.0309   3.043
S   32.06   0.0311   3.5
*********************************************************
MOLECULE:: orientation around the inertia principal axis 
*********************************************************
Inertia matrix a.u. Ang^2: 
{  4.11981e+12  5.55214e+11  1.18732e+11  }
{  5.55214e+11  2.60317e+12  -5.05959e+11  }
{  1.18732e+11  -5.05959e+11  3.97212e+12  }
Rotation matrix applied to molecule: 
{  0.906996  0.35969  -0.219044  }
{  -0.291356  0.911492  0.290335  }
{  0.304088  -0.199513  0.931518  }
Molecule radius: 608.113 Ang 
orientation time of molecule target: 5.21183 s
target mass: 3.48079e+07 amu
gas mass: 4.0026 amu
reduce mass: 4.0026 amu
charge state: -4068 e
*********************************************************
Geometric Ellipsoid: 
*********************************************************
maximal distances: 328.398  394.005  606.712  Ang
Initial axis length: 378.408  444.015  656.722  Ang
Ellipsoid axis length: 432.788  498.395  711.102  Ang
ellipsoid calculation time: 0.030216 s
maximal impact parameter: 711.102 Ang
*********************************************************
Linked-cell: 
Numbers of cells: 721021
Nx: 73 Ny: 83 Nz: 119
Filled cells: 65656
Empty cells: 655365
Average atoms per cell: 74.3925
Maximum atoms per cell: 205
Minimum atoms per cell: 1
Simulation box: 
lx: 876.73 Ang
ly: 996.83 Ang
lz: 1429.19 Ang
linked-cell calculation time: 1.19442 s
time info: 0.107517 s
*********************************************************
Trajectory calculations 
*********************************************************
out target time: 28.1788 s
Ntraj: 10000
Nfree: 4203
Nscatter: 5776
Nlost: 21
omega: 783117
Ntraj: 10000
Nfree: 4110
Nscatter: 5878
Nlost: 12
omega: 797373
Ntraj: 10000
Nfree: 4192
Nscatter: 5795
Nlost: 13
omega: 779908
Ntraj: 10000
Nfree: 4138
Nscatter: 5842
Nlost: 20
omega: 800908
Ntraj: 10000
Nfree: 4088
Nscatter: 5899
Nlost: 13
omega: 781368
Ntraj: 10000
Nfree: 4181
Nscatter: 5810
Nlost: 9
omega: 803170
Ntraj: 10000
Nfree: 4141
Nscatter: 5851
Nlost: 8
omega: 768046
Ntraj: 10000
Nfree: 4192
Nscatter: 5799
Nlost: 9
omega: 785974
Ntraj: 10000
Nfree: 4212
Nscatter: 5776
Nlost: 12
omega: 783390
Ntraj: 10000
Nfree: 4177
Nscatter: 5813
Nlost: 10
omega: 800646
*********************************************************
task: 0
worker id: 42365
time create lcl and mol: 0.272211 s
numbers of trajectories: 4546
time trajectory calculation: 9.77812 s
task: 1
worker id: 37026
time create lcl and mol: 0.25983 s
numbers of trajectories: 4546
time trajectory calculation: 10.6575 s
task: 2
worker id: 81485
time create lcl and mol: 0.261752 s
numbers of trajectories: 4546
time trajectory calculation: 6.37524 s
task: 3
worker id: 86185
time create lcl and mol: 0.258721 s
numbers of trajectories: 4546
time trajectory calculation: 7.66535 s
task: 4
worker id: 42365
time create lcl and mol: 0.279248 s
numbers of trajectories: 4546
time trajectory calculation: 6.09611 s
task: 5
worker id: 70852
time create lcl and mol: 0.276748 s
numbers of trajectories: 4546
time trajectory calculation: 8.00189 s
task: 6
worker id: 73611
time create lcl and mol: 0.266165 s
numbers of trajectories: 4546
time trajectory calculation: 6.78073 s
task: 7
worker id: 9030
time create lcl and mol: 0.273092 s
numbers of trajectories: 4546
time trajectory calculation: 8.3614 s
task: 8
worker id: 42365
time create lcl and mol: 0.267728 s
numbers of trajectories: 4546
time trajectory calculation: 10.9876 s
task: 9
worker id: 24715
time create lcl and mol: 0.282823 s
numbers of trajectories: 4546
time trajectory calculation: 9.09677 s
task: 10
worker id: 24715
time create lcl and mol: 0.290983 s
numbers of trajectories: 4545
time trajectory calculation: 8.21943 s
task: 11
worker id: 86185
time create lcl and mol: 0.26858 s
numbers of trajectories: 4545
time trajectory calculation: 6.16756 s
task: 12
worker id: 37026
time create lcl and mol: 0.274868 s
numbers of trajectories: 4545
time trajectory calculation: 9.09214 s
task: 13
worker id: 86185
time create lcl and mol: 0.262767 s
numbers of trajectories: 4545
time trajectory calculation: 9.19364 s
task: 14
worker id: 81485
time create lcl and mol: 0.276775 s
numbers of trajectories: 4545
time trajectory calculation: 7.45504 s
task: 15
worker id: 9030
time create lcl and mol: 0.272267 s
numbers of trajectories: 4545
time trajectory calculation: 9.50692 s
task: 16
worker id: 73611
time create lcl and mol: 0.291823 s
numbers of trajectories: 4545
time trajectory calculation: 8.46956 s
task: 17
worker id: 70852
time create lcl and mol: 0.263944 s
numbers of trajectories: 4545
time trajectory calculation: 6.50584 s
task: 18
worker id: 70852
time create lcl and mol: 0.282206 s
numbers of trajectories: 4545
time trajectory calculation: 5.47362 s
task: 19
worker id: 24715
time create lcl and mol: 0.280603 s
numbers of trajectories: 4545
time trajectory calculation: 7.15865 s
task: 20
worker id: 81485
time create lcl and mol: 0.271609 s
numbers of trajectories: 4545
time trajectory calculation: 5.48183 s
task: 21
worker id: 73611
time create lcl and mol: 0.275324 s
numbers of trajectories: 4545
time trajectory calculation: 7.85681 s
CCS time: 28.2942 s
*********************************************************
average value of CCS = 788390 Ang^2
error value of CCS = 3463.82 Ang^2
Total time: 34.7358 s
Program finished...
*********************************************************
INPUT:: Simulation Parameters 
*********************************************************
target filename                  : 3j3q.xyz
number of probe                  : 10000
number of iterarions             : 10
number of tasks                  : 22
number of threads                : 24
seed number                      : 2104
gas buffer                       : He
Target Temperature (K)           : 298
timestep (fs)                    : 10
Skin cell size (Ang)             : 0.01
Equipotential                    : no
Cut short-range interaction      : yes
LJ cutoff (Ang)                  : 12
Apply long-range interaction     : yes
Cut long-range interaction       : yes
Coulomb cutoff (Ang)             : 25
Apply induced-dipole interaction : yes
alpha (Ang^3)                    : 0.204956
force_type: 4
*********************************************************
Force Field parameters: 
*********************************************************
Symbol  mass (amu)  epislon (kcal/mol)  sigma(Angstroms) 
C   12.011   0.0309   3.043
N   14.007   0.0309   3.043
H   1.008   0.015   2.38
O   15.999   0.0309   3.043
S   32.06   0.0311   3.5
*********************************************************
MOLECULE:: orientation around the inertia principal axis 
*********************************************************
Inertia matrix a.u. Ang^2: 
{  4.11981e+12  5.55214e+11  1.18732e+11  }
{  5.55214e+11  2.60317e+12  -5.05959e+11  }
{  1.18732e+11  -5.05959e+11  3.97212e+12  }
Rotation matrix applied to molecule: 
{  0.906996  0.35969  -0.219044  }
{  -0.291356  0.911492  0.290335  }
{  0.304088  -0.199513  0.931518  }
Molecule radius: 608.113 Ang 
orientation time of molecule target: 5.15592 s
target mass: 3.48079e+07 amu
gas mass: 4.0026 amu
reduce mass: 4.0026 amu
charge state: -4068 e
*********************************************************
Geometric Ellipsoid: 
*********************************************************
maximal distances: 328.398  394.005  606.712  Ang
Initial axis length: 378.408  444.015  656.722  Ang
Ellipsoid axis length: 432.788  498.395  711.102  Ang
ellipsoid calculation time: 0.0301821 s
maximal impact parameter: 711.102 Ang
*********************************************************
Linked-cell: 
Numbers of cells: 721021
Nx: 73 Ny: 83 Nz: 119
Filled cells: 65656
Empty cells: 655365
Average atoms per cell: 74.3925
Maximum atoms per cell: 205
Minimum atoms per cell: 1
Simulation box: 
lx: 876.73 Ang
ly: 996.83 Ang
lz: 1429.19 Ang
linked-cell calculation time: 1.19631 s
time info: 0.107053 s
*********************************************************
Trajectory calculations 
*********************************************************
out target time: 25.721 s
Ntraj: 10000
Nfree: 4203
Nscatter: 5776
Nlost: 21
omega: 783117
Ntraj: 10000
Nfree: 4110
Nscatter: 5878
Nlost: 12
omega: 797373
Ntraj: 10000
Nfree: 4192
Nscatter: 5795
Nlost: 13
omega: 779908
Ntraj: 10000
Nfree: 4138
Nscatter: 5842
Nlost: 20
omega: 800908
Ntraj: 10000
Nfree: 4088
Nscatter: 5899
Nlost: 13
omega: 781368
Ntraj: 10000
Nfree: 4181
Nscatter: 5810
Nlost: 9
omega: 803170
Ntraj: 10000
Nfree: 4141
Nscatter: 5851
Nlost: 8
omega: 768046
Ntraj: 10000
Nfree: 4192
Nscatter: 5799
Nlost: 9
omega: 785974
Ntraj: 10000
Nfree: 4212
Nscatter: 5776
Nlost: 12
omega: 783390
Ntraj: 10000
Nfree: 4177
Nscatter: 5813
Nlost: 10
omega: 800646
*********************************************************
task: 0
worker id: 72189
time create lcl and mol: 0.26412 s
numbers of trajectories: 4546
time trajectory calculation: 10.2924 s
task: 1
worker id: 38363
time create lcl and mol: 0.263654 s
numbers of trajectories: 4546
time trajectory calculation: 11.1059 s
task: 2
worker id: 87505
time create lcl and mol: 0.267887 s
numbers of trajectories: 4546
time trajectory calculation: 6.4096 s
task: 3
worker id: 74940
time create lcl and mol: 0.267059 s
numbers of trajectories: 4546
time trajectory calculation: 7.50341 s
task: 4
worker id: 43692
time create lcl and mol: 0.264669 s
numbers of trajectories: 4546
time trajectory calculation: 6.14697 s
task: 5
worker id: 74940
time create lcl and mol: 0.267939 s
numbers of trajectories: 4546
time trajectory calculation: 8.00943 s
task: 6
worker id: 10358
time create lcl and mol: 0.269296 s
numbers of trajectories: 4546
time trajectory calculation: 6.78589 s
task: 7
worker id: 82810
time create lcl and mol: 0.264147 s
numbers of trajectories: 4546
time trajectory calculation: 8.25057 s
task: 8
worker id: 26041
time create lcl and mol: 0.280253 s
numbers of trajectories: 4546
time trajectory calculation: 10.7463 s
task: 9
worker id: 43692
time create lcl and mol: 0.273299 s
numbers of trajectories: 4546
time trajectory calculation: 9.1925 s
task: 10
worker id: 10358
time create lcl and mol: 0.273719 s
numbers of trajectories: 4545
time trajectory calculation: 8.36097 s
task: 11
worker id: 26041
time create lcl and mol: 0.263893 s
numbers of trajectories: 4545
time trajectory calculation: 6.18949 s
task: 12
worker id: 87505
time create lcl and mol: 0.268953 s
numbers of trajectories: 4545
time trajectory calculation: 8.79871 s
task: 13
worker id: 74940
time create lcl and mol: 0.261979 s
numbers of trajectories: 4545
time trajectory calculation: 8.89632 s
task: 14
worker id: 38363
time create lcl and mol: 0.268681 s
numbers of trajectories: 4545
time trajectory calculation: 7.53001 s
task: 15
worker id: 82810
time create lcl and mol: 0.263918 s
numbers of trajectories: 4545
time trajectory calculation: 9.56452 s
task: 16
worker id: 43692
time create lcl and mol: 0.266437 s
numbers of trajectories: 4545
time trajectory calculation: 8.42342 s
task: 17
worker id: 26041
time create lcl and mol: 0.263002 s
numbers of trajectories: 4545
time trajectory calculation: 6.77937 s
task: 18
worker id: 87505
time create lcl and mol: 0.257994 s
numbers of trajectories: 4545
time trajectory calculation: 5.48215 s
task: 19
worker id: 10358
time create lcl and mol: 0.272999 s
numbers of trajectories: 4545
time trajectory calculation: 7.2324 s
task: 20
worker id: 82810
time create lcl and mol: 0.264765 s
numbers of trajectories: 4545
time trajectory calculation: 5.28305 s
task: 21
worker id: 72189
time create lcl and mol: 0.266267 s
numbers of trajectories: 4545
time trajectory calculation: 7.87501 s
CCS time: 25.8359 s
*********************************************************
average value of CCS = 788390 Ang^2
error value of CCS = 3463.82 Ang^2
Total time: 32.2232 s
Program finished...
*********************************************************
INPUT:: Simulation Parameters 
*********************************************************
target filename                  : 3j3q.xyz
number of probe                  : 10000
number of iterarions             : 10
number of tasks                  : 22
number of threads                : 24
seed number                      : 2104
gas buffer                       : He
Target Temperature (K)           : 298
timestep (fs)                    : 10
Skin cell size (Ang)             : 0.01
Equipotential                    : no
Cut short-range interaction      : yes
LJ cutoff (Ang)                  : 12
Apply long-range interaction     : yes
Cut long-range interaction       : yes
Coulomb cutoff (Ang)             : 25
Apply induced-dipole interaction : yes
alpha (Ang^3)                    : 0.204956
force_type: 4
*********************************************************
Force Field parameters: 
*********************************************************
Symbol  mass (amu)  epislon (kcal/mol)  sigma(Angstroms) 
C   12.011   0.0309   3.043
N   14.007   0.0309   3.043
H   1.008   0.015   2.38
O   15.999   0.0309   3.043
S   32.06   0.0311   3.5
*********************************************************
MOLECULE:: orientation around the inertia principal axis 
*********************************************************
Inertia matrix a.u. Ang^2: 
{  4.11981e+12  5.55214e+11  1.18732e+11  }
{  5.55214e+11  2.60317e+12  -5.05959e+11  }
{  1.18732e+11  -5.05959e+11  3.97212e+12  }
Rotation matrix applied to molecule: 
{  0.906996  0.35969  -0.219044  }
{  -0.291356  0.911492  0.290335  }
{  0.304088  -0.199513  0.931518  }
Molecule radius: 608.113 Ang 
orientation time of molecule target: 5.19375 s
target mass: 3.48079e+07 amu
gas mass: 4.0026 amu
reduce mass: 4.0026 amu
charge state: -4068 e
*********************************************************
Geometric Ellipsoid: 
*********************************************************
maximal distances: 328.398  394.005  606.712  Ang
Initial axis length: 378.408  444.015  656.722  Ang
Ellipsoid axis length: 432.788  498.395  711.102  Ang
ellipsoid calculation time: 0.0325179 s
maximal impact parameter: 711.102 Ang
*********************************************************
Linked-cell: 
Numbers of cells: 721021
Nx: 73 Ny: 83 Nz: 119
Filled cells: 65656
Empty cells: 655365
Average atoms per cell: 74.3925
Maximum atoms per cell: 205
Minimum atoms per cell: 1
Simulation box: 
lx: 876.73 Ang
ly: 996.83 Ang
lz: 1429.19 Ang
linked-cell calculation time: 1.24477 s
time info: 0.107665 s
*********************************************************
Trajectory calculations 
*********************************************************
out target time: 25.5148 s
Ntraj: 10000
Nfree: 4203
Nscatter: 5776
Nlost: 21
omega: 783117
Ntraj: 10000
Nfree: 4110
Nscatter: 5878
Nlost: 12
omega: 797373
Ntraj: 10000
Nfree: 4192
Nscatter: 5795
Nlost: 13
omega: 779908
Ntraj: 10000
Nfree: 4138
Nscatter: 5842
Nlost: 20
omega: 800908
Ntraj: 10000
Nfree: 4088
Nscatter: 5899
Nlost: 13
omega: 781368
Ntraj: 10000
Nfree: 4181
Nscatter: 5810
Nlost: 9
omega: 803170
Ntraj: 10000
Nfree: 4141
Nscatter: 5851
Nlost: 8
omega: 768046
Ntraj: 10000
Nfree: 4192
Nscatter: 5799
Nlost: 9
omega: 785974
Ntraj: 10000
Nfree: 4212
Nscatter: 5776
Nlost: 12
omega: 783390
Ntraj: 10000
Nfree: 4177
Nscatter: 5813
Nlost: 10
omega: 800646
*********************************************************
task: 0
worker id: 76005
time create lcl and mol: 0.267071 s
numbers of trajectories: 4546
time trajectory calculation: 10.1869 s
task: 1
worker id: 44762
time create lcl and mol: 0.266895 s
numbers of trajectories: 4546
time trajectory calculation: 10.782 s
task: 2
worker id: 83872
time create lcl and mol: 0.268847 s
numbers of trajectories: 4546
time trajectory calculation: 6.37597 s
task: 3
worker id: 73249
time create lcl and mol: 0.265072 s
numbers of trajectories: 4546
time trajectory calculation: 7.6857 s
task: 4
worker id: 39450
time create lcl and mol: 0.262136 s
numbers of trajectories: 4546
time trajectory calculation: 6.10975 s
task: 5
worker id: 88571
time create lcl and mol: 0.266928 s
numbers of trajectories: 4546
time trajectory calculation: 7.91248 s
task: 6
worker id: 83872
time create lcl and mol: 0.278066 s
numbers of trajectories: 4546
time trajectory calculation: 6.65425 s
task: 7
worker id: 88571
time create lcl and mol: 0.27148 s
numbers of trajectories: 4546
time trajectory calculation: 8.22605 s
task: 8
worker id: 11421
time create lcl and mol: 0.26174 s
numbers of trajectories: 4546
time trajectory calculation: 10.7332 s
task: 9
worker id: 39450
time create lcl and mol: 0.278571 s
numbers of trajectories: 4546
time trajectory calculation: 9.17282 s
task: 10
worker id: 11421
time create lcl and mol: 0.278435 s
numbers of trajectories: 4545
time trajectory calculation: 8.30585 s
task: 11
worker id: 83872
time create lcl and mol: 0.27008 s
numbers of trajectories: 4545
time trajectory calculation: 6.21949 s
task: 12
worker id: 27109
time create lcl and mol: 0.277817 s
numbers of trajectories: 4545
time trajectory calculation: 9.15654 s
task: 13
worker id: 73249
time create lcl and mol: 0.28136 s
numbers of trajectories: 4545
time trajectory calculation: 9.07993 s
task: 14
worker id: 88571
time create lcl and mol: 0.258751 s
numbers of trajectories: 4545
time trajectory calculation: 7.5417 s
task: 15
worker id: 76005
time create lcl and mol: 0.272747 s
numbers of trajectories: 4545
time trajectory calculation: 9.52757 s
task: 16
worker id: 27109
time create lcl and mol: 0.268616 s
numbers of trajectories: 4545
time trajectory calculation: 8.4961 s
task: 17
worker id: 39450
time create lcl and mol: 0.26755 s
numbers of trajectories: 4545
time trajectory calculation: 6.79508 s
task: 18
worker id: 44762
time create lcl and mol: 0.274825 s
numbers of trajectories: 4545
time trajectory calculation: 5.46077 s
task: 19
worker id: 73249
time create lcl and mol: 0.270901 s
numbers of trajectories: 4545
time trajectory calculation: 6.88398 s
task: 20
worker id: 27109
time create lcl and mol: 0.264809 s
numbers of trajectories: 4545
time trajectory calculation: 5.50928 s
task: 21
worker id: 44762
time create lcl and mol: 0.270277 s
numbers of trajectories: 4545
time trajectory calculation: 7.8426 s
CCS time: 25.6303 s
*********************************************************
average value of CCS = 788390 Ang^2
error value of CCS = 3463.82 Ang^2
Total time: 32.133 s
Program finished...
