*********************************************************
INPUT:: Simulation Parameters 
*********************************************************
target filename                  : 08_4w6z_carga_23_min.xyz
number of probe                  : 10000
number of iterarions             : 10
number of tasks                  : 22
number of threads                : 24
seed number                      : 2104
gas buffer                       : He
Target Temperature (K)           : 298
timestep (fs)                    : 10
Skin cell size (Ang)             : 0.01
Equipotential                    : no
Cut short-range interaction      : yes
LJ cutoff (Ang)                  : 12
Apply long-range interaction     : yes
Cut long-range interaction       : yes
Coulomb cutoff (Ang)             : 25
Apply induced-dipole interaction : yes
alpha (Ang^3)                    : 0.204956
force_type: 4
*********************************************************
Force Field parameters: 
*********************************************************
Symbol  mass (amu)  epislon (kcal/mol)  sigma(Angstroms) 
C   12.011   0.0309   3.043
N   14.007   0.0309   3.043
H   1.008   0.015   2.38
O   15.999   0.0309   3.043
S   32.06   0.0311   3.5
*********************************************************
MOLECULE:: orientation around the inertia principal axis 
*********************************************************
Inertia matrix a.u. Ang^2: 
{  2.03839e+08  3.07314e+07  -4.04125e+06  }
{  3.07314e+07  2.3067e+08  -140213  }
{  -4.04125e+06  -140213  1.08526e+08  }
Rotation matrix applied to molecule: 
{  0.548286  0.83613  -0.016395  }
{  -0.0455894  0.0103081  -0.998907  }
{  -0.835047  0.548434  0.0437705  }
Molecule radius: 68.2678 Ang 
orientation time of molecule target: 0.0213881 s
target mass: 146837 amu
gas mass: 4.0026 amu
reduce mass: 4.00249 amu
charge state: 23 e
*********************************************************
Geometric Ellipsoid: 
*********************************************************
maximal distances: 31.1072  51.7073  59.4449  Ang
Initial axis length: 81.1172  101.717  109.455  Ang
Ellipsoid axis length: 94.4672  115.067  122.805  Ang
ellipsoid calculation time: 0.00018096 s
maximal impact parameter: 122.805 Ang
*********************************************************
Linked-cell: 
Numbers of cells: 6720
Nx: 16 Ny: 20 Nz: 21
Filled cells: 292
Empty cells: 6428
Average atoms per cell: 70.6918
Maximum atoms per cell: 212
Minimum atoms per cell: 1
Simulation box: 
lx: 192.16 Ang
ly: 240.2 Ang
lz: 252.21 Ang
linked-cell calculation time: 0.00851488 s
time info: 0.000720024 s
*********************************************************
Trajectory calculations 
*********************************************************
out target time: 8.06567 s
Ntraj: 10000
Nfree: 1910
Nscatter: 8048
Nlost: 42
omega: 8974.08
Ntraj: 10000
Nfree: 1857
Nscatter: 8099
Nlost: 44
omega: 9313.11
Ntraj: 10000
Nfree: 1888
Nscatter: 8067
Nlost: 45
omega: 9503.63
Ntraj: 10000
Nfree: 1878
Nscatter: 8073
Nlost: 49
omega: 9504.57
Ntraj: 10000
Nfree: 1878
Nscatter: 8084
Nlost: 38
omega: 9360.83
Ntraj: 10000
Nfree: 1954
Nscatter: 8006
Nlost: 40
omega: 9332.04
Ntraj: 10000
Nfree: 1905
Nscatter: 8042
Nlost: 53
omega: 9030.53
Ntraj: 10000
Nfree: 1901
Nscatter: 8055
Nlost: 44
omega: 9039.48
Ntraj: 10000
Nfree: 1929
Nscatter: 8010
Nlost: 61
omega: 9447.3
Ntraj: 10000
Nfree: 1931
Nscatter: 8011
Nlost: 58
omega: 9268.02
*********************************************************
task: 0
worker id: 44267
time create lcl and mol: 0.00195909 s
numbers of trajectories: 4546
time trajectory calculation: 3.08424 s
task: 1
worker id: 41505
time create lcl and mol: 0.00197005 s
numbers of trajectories: 4546
time trajectory calculation: 2.24164 s
task: 2
worker id: 6995
time create lcl and mol: 0.00197101 s
numbers of trajectories: 4546
time trajectory calculation: 2.12085 s
task: 3
worker id: 13020
time create lcl and mol: 0.00221515 s
numbers of trajectories: 4546
time trajectory calculation: 2.52221 s
task: 4
worker id: 92892
time create lcl and mol: 0.00198317 s
numbers of trajectories: 4546
time trajectory calculation: 2.08038 s
task: 5
worker id: 56822
time create lcl and mol: 0.00194597 s
numbers of trajectories: 4546
time trajectory calculation: 3.1225 s
task: 6
worker id: 77226
time create lcl and mol: 0.00195003 s
numbers of trajectories: 4546
time trajectory calculation: 3.16981 s
task: 7
worker id: 52126
time create lcl and mol: 0.00198412 s
numbers of trajectories: 4546
time trajectory calculation: 2.14804 s
task: 8
worker id: 13020
time create lcl and mol: 0.00201392 s
numbers of trajectories: 4546
time trajectory calculation: 2.80079 s
task: 9
worker id: 41505
time create lcl and mol: 0.00204992 s
numbers of trajectories: 4546
time trajectory calculation: 2.19536 s
task: 10
worker id: 52126
time create lcl and mol: 0.00209308 s
numbers of trajectories: 4545
time trajectory calculation: 2.07851 s
task: 11
worker id: 77226
time create lcl and mol: 0.00249195 s
numbers of trajectories: 4545
time trajectory calculation: 2.41641 s
task: 12
worker id: 77226
time create lcl and mol: 0.00214386 s
numbers of trajectories: 4545
time trajectory calculation: 2.37127 s
task: 13
worker id: 92892
time create lcl and mol: 0.00211406 s
numbers of trajectories: 4545
time trajectory calculation: 2.30879 s
task: 14
worker id: 41505
time create lcl and mol: 0.00210094 s
numbers of trajectories: 4545
time trajectory calculation: 2.40308 s
task: 15
worker id: 92892
time create lcl and mol: 0.00205517 s
numbers of trajectories: 4545
time trajectory calculation: 1.92032 s
task: 16
worker id: 44267
time create lcl and mol: 0.00204086 s
numbers of trajectories: 4545
time trajectory calculation: 2.8337 s
task: 17
worker id: 13020
time create lcl and mol: 0.00206184 s
numbers of trajectories: 4545
time trajectory calculation: 2.33246 s
task: 18
worker id: 6995
time create lcl and mol: 0.00209904 s
numbers of trajectories: 4545
time trajectory calculation: 2.40842 s
task: 19
worker id: 56822
time create lcl and mol: 0.00205708 s
numbers of trajectories: 4545
time trajectory calculation: 3.24483 s
task: 20
worker id: 52126
time create lcl and mol: 0.00206089 s
numbers of trajectories: 4545
time trajectory calculation: 3.50524 s
task: 21
worker id: 6995
time create lcl and mol: 0.00210595 s
numbers of trajectories: 4545
time trajectory calculation: 2.4236 s
CCS time: 8.07398 s
*********************************************************
average value of CCS = 9277.36 Ang^2
error value of CCS = 59.3731 Ang^2
Total time: 8.10917 s
Program finished...
*********************************************************
INPUT:: Simulation Parameters 
*********************************************************
target filename                  : 08_4w6z_carga_23_min.xyz
number of probe                  : 10000
number of iterarions             : 10
number of tasks                  : 22
number of threads                : 24
seed number                      : 2104
gas buffer                       : He
Target Temperature (K)           : 298
timestep (fs)                    : 10
Skin cell size (Ang)             : 0.01
Equipotential                    : no
Cut short-range interaction      : yes
LJ cutoff (Ang)                  : 12
Apply long-range interaction     : yes
Cut long-range interaction       : yes
Coulomb cutoff (Ang)             : 25
Apply induced-dipole interaction : yes
alpha (Ang^3)                    : 0.204956
force_type: 4
*********************************************************
Force Field parameters: 
*********************************************************
Symbol  mass (amu)  epislon (kcal/mol)  sigma(Angstroms) 
C   12.011   0.0309   3.043
N   14.007   0.0309   3.043
H   1.008   0.015   2.38
O   15.999   0.0309   3.043
S   32.06   0.0311   3.5
*********************************************************
MOLECULE:: orientation around the inertia principal axis 
*********************************************************
Inertia matrix a.u. Ang^2: 
{  2.03839e+08  3.07314e+07  -4.04125e+06  }
{  3.07314e+07  2.3067e+08  -140213  }
{  -4.04125e+06  -140213  1.08526e+08  }
Rotation matrix applied to molecule: 
{  0.548286  0.83613  -0.016395  }
{  -0.0455894  0.0103081  -0.998907  }
{  -0.835047  0.548434  0.0437705  }
Molecule radius: 68.2678 Ang 
orientation time of molecule target: 0.0202219 s
target mass: 146837 amu
gas mass: 4.0026 amu
reduce mass: 4.00249 amu
charge state: 23 e
*********************************************************
Geometric Ellipsoid: 
*********************************************************
maximal distances: 31.1072  51.7073  59.4449  Ang
Initial axis length: 81.1172  101.717  109.455  Ang
Ellipsoid axis length: 94.4672  115.067  122.805  Ang
ellipsoid calculation time: 0.000175953 s
maximal impact parameter: 122.805 Ang
*********************************************************
Linked-cell: 
Numbers of cells: 6720
Nx: 16 Ny: 20 Nz: 21
Filled cells: 292
Empty cells: 6428
Average atoms per cell: 70.6918
Maximum atoms per cell: 212
Minimum atoms per cell: 1
Simulation box: 
lx: 192.16 Ang
ly: 240.2 Ang
lz: 252.21 Ang
linked-cell calculation time: 0.00808883 s
time info: 0.000727892 s
*********************************************************
Trajectory calculations 
*********************************************************
out target time: 8.65019 s
Ntraj: 10000
Nfree: 1910
Nscatter: 8048
Nlost: 42
omega: 8974.08
Ntraj: 10000
Nfree: 1857
Nscatter: 8099
Nlost: 44
omega: 9313.11
Ntraj: 10000
Nfree: 1888
Nscatter: 8067
Nlost: 45
omega: 9503.63
Ntraj: 10000
Nfree: 1878
Nscatter: 8073
Nlost: 49
omega: 9504.57
Ntraj: 10000
Nfree: 1878
Nscatter: 8084
Nlost: 38
omega: 9360.83
Ntraj: 10000
Nfree: 1954
Nscatter: 8006
Nlost: 40
omega: 9332.04
Ntraj: 10000
Nfree: 1905
Nscatter: 8042
Nlost: 53
omega: 9030.53
Ntraj: 10000
Nfree: 1901
Nscatter: 8055
Nlost: 44
omega: 9039.48
Ntraj: 10000
Nfree: 1929
Nscatter: 8010
Nlost: 61
omega: 9447.3
Ntraj: 10000
Nfree: 1931
Nscatter: 8011
Nlost: 58
omega: 9268.02
*********************************************************
task: 0
worker id: 41903
time create lcl and mol: 0.00192404 s
numbers of trajectories: 4546
time trajectory calculation: 3.08687 s
task: 1
worker id: 52536
time create lcl and mol: 0.00216103 s
numbers of trajectories: 4546
time trajectory calculation: 2.28363 s
task: 2
worker id: 93292
time create lcl and mol: 0.00197601 s
numbers of trajectories: 4546
time trajectory calculation: 2.1382 s
task: 3
worker id: 44667
time create lcl and mol: 0.00206709 s
numbers of trajectories: 4546
time trajectory calculation: 2.49939 s
task: 4
worker id: 57221
time create lcl and mol: 0.00192595 s
numbers of trajectories: 4546
time trajectory calculation: 2.11695 s
task: 5
worker id: 77636
time create lcl and mol: 0.001966 s
numbers of trajectories: 4546
time trajectory calculation: 3.10691 s
task: 6
worker id: 7413
time create lcl and mol: 0.0019691 s
numbers of trajectories: 4546
time trajectory calculation: 3.13448 s
task: 7
worker id: 13420
time create lcl and mol: 0.00198388 s
numbers of trajectories: 4546
time trajectory calculation: 2.15474 s
task: 8
worker id: 44667
time create lcl and mol: 0.00208306 s
numbers of trajectories: 4546
time trajectory calculation: 2.77783 s
task: 9
worker id: 13420
time create lcl and mol: 0.00205016 s
numbers of trajectories: 4546
time trajectory calculation: 2.17522 s
task: 10
worker id: 13420
time create lcl and mol: 0.00206113 s
numbers of trajectories: 4545
time trajectory calculation: 2.07403 s
task: 11
worker id: 41903
time create lcl and mol: 0.00206304 s
numbers of trajectories: 4545
time trajectory calculation: 2.40162 s
task: 12
worker id: 57221
time create lcl and mol: 0.00194693 s
numbers of trajectories: 4545
time trajectory calculation: 2.41553 s
task: 13
worker id: 77636
time create lcl and mol: 0.0020051 s
numbers of trajectories: 4545
time trajectory calculation: 2.30045 s
task: 14
worker id: 44667
time create lcl and mol: 0.00199294 s
numbers of trajectories: 4545
time trajectory calculation: 2.48878 s
task: 15
worker id: 41903
time create lcl and mol: 0.00198483 s
numbers of trajectories: 4545
time trajectory calculation: 2.0033 s
task: 16
worker id: 52536
time create lcl and mol: 0.00209785 s
numbers of trajectories: 4545
time trajectory calculation: 2.82395 s
task: 17
worker id: 7413
time create lcl and mol: 0.00210619 s
numbers of trajectories: 4545
time trajectory calculation: 2.22318 s
task: 18
worker id: 93292
time create lcl and mol: 0.00201082 s
numbers of trajectories: 4545
time trajectory calculation: 2.48544 s
task: 19
worker id: 93292
time create lcl and mol: 0.00201893 s
numbers of trajectories: 4545
time trajectory calculation: 3.19019 s
task: 20
worker id: 52536
time create lcl and mol: 0.00197601 s
numbers of trajectories: 4545
time trajectory calculation: 3.44642 s
task: 21
worker id: 57221
time create lcl and mol: 0.00209498 s
numbers of trajectories: 4545
time trajectory calculation: 2.41166 s
CCS time: 8.65827 s
*********************************************************
average value of CCS = 9277.36 Ang^2
error value of CCS = 59.3731 Ang^2
Total time: 8.69181 s
Program finished...
*********************************************************
INPUT:: Simulation Parameters 
*********************************************************
target filename                  : 08_4w6z_carga_23_min.xyz
number of probe                  : 10000
number of iterarions             : 10
number of tasks                  : 22
number of threads                : 24
seed number                      : 2104
gas buffer                       : He
Target Temperature (K)           : 298
timestep (fs)                    : 10
Skin cell size (Ang)             : 0.01
Equipotential                    : no
Cut short-range interaction      : yes
LJ cutoff (Ang)                  : 12
Apply long-range interaction     : yes
Cut long-range interaction       : yes
Coulomb cutoff (Ang)             : 25
Apply induced-dipole interaction : yes
alpha (Ang^3)                    : 0.204956
force_type: 4
*********************************************************
Force Field parameters: 
*********************************************************
Symbol  mass (amu)  epislon (kcal/mol)  sigma(Angstroms) 
C   12.011   0.0309   3.043
N   14.007   0.0309   3.043
H   1.008   0.015   2.38
O   15.999   0.0309   3.043
S   32.06   0.0311   3.5
*********************************************************
MOLECULE:: orientation around the inertia principal axis 
*********************************************************
Inertia matrix a.u. Ang^2: 
{  2.03839e+08  3.07314e+07  -4.04125e+06  }
{  3.07314e+07  2.3067e+08  -140213  }
{  -4.04125e+06  -140213  1.08526e+08  }
Rotation matrix applied to molecule: 
{  0.548286  0.83613  -0.016395  }
{  -0.0455894  0.0103081  -0.998907  }
{  -0.835047  0.548434  0.0437705  }
Molecule radius: 68.2678 Ang 
orientation time of molecule target: 0.0204489 s
target mass: 146837 amu
gas mass: 4.0026 amu
reduce mass: 4.00249 amu
charge state: 23 e
*********************************************************
Geometric Ellipsoid: 
*********************************************************
maximal distances: 31.1072  51.7073  59.4449  Ang
Initial axis length: 81.1172  101.717  109.455  Ang
Ellipsoid axis length: 94.4672  115.067  122.805  Ang
ellipsoid calculation time: 0.000183105 s
maximal impact parameter: 122.805 Ang
*********************************************************
Linked-cell: 
Numbers of cells: 6720
Nx: 16 Ny: 20 Nz: 21
Filled cells: 292
Empty cells: 6428
Average atoms per cell: 70.6918
Maximum atoms per cell: 212
Minimum atoms per cell: 1
Simulation box: 
lx: 192.16 Ang
ly: 240.2 Ang
lz: 252.21 Ang
linked-cell calculation time: 0.00817704 s
time info: 0.000725985 s
*********************************************************
Trajectory calculations 
*********************************************************
out target time: 7.92416 s
Ntraj: 10000
Nfree: 1910
Nscatter: 8048
Nlost: 42
omega: 8974.08
Ntraj: 10000
Nfree: 1857
Nscatter: 8099
Nlost: 44
omega: 9313.11
Ntraj: 10000
Nfree: 1888
Nscatter: 8067
Nlost: 45
omega: 9503.63
Ntraj: 10000
Nfree: 1878
Nscatter: 8073
Nlost: 49
omega: 9504.57
Ntraj: 10000
Nfree: 1878
Nscatter: 8084
Nlost: 38
omega: 9360.83
Ntraj: 10000
Nfree: 1954
Nscatter: 8006
Nlost: 40
omega: 9332.04
Ntraj: 10000
Nfree: 1905
Nscatter: 8042
Nlost: 53
omega: 9030.53
Ntraj: 10000
Nfree: 1901
Nscatter: 8055
Nlost: 44
omega: 9039.48
Ntraj: 10000
Nfree: 1929
Nscatter: 8010
Nlost: 61
omega: 9447.3
Ntraj: 10000
Nfree: 1931
Nscatter: 8011
Nlost: 58
omega: 9268.02
*********************************************************
task: 0
worker id: 7825
time create lcl and mol: 0.00203991 s
numbers of trajectories: 4546
time trajectory calculation: 3.168 s
task: 1
worker id: 42302
time create lcl and mol: 0.00197387 s
numbers of trajectories: 4546
time trajectory calculation: 2.27629 s
task: 2
worker id: 93694
time create lcl and mol: 0.00202203 s
numbers of trajectories: 4546
time trajectory calculation: 2.14346 s
task: 3
worker id: 78039
time create lcl and mol: 0.00194097 s
numbers of trajectories: 4546
time trajectory calculation: 2.42709 s
task: 4
worker id: 45067
time create lcl and mol: 0.00200295 s
numbers of trajectories: 4546
time trajectory calculation: 2.0964 s
task: 5
worker id: 45067
time create lcl and mol: 0.00200486 s
numbers of trajectories: 4546
time trajectory calculation: 3.10998 s
task: 6
worker id: 78039
time create lcl and mol: 0.00209188 s
numbers of trajectories: 4546
time trajectory calculation: 3.14652 s
task: 7
worker id: 13819
time create lcl and mol: 0.00208902 s
numbers of trajectories: 4546
time trajectory calculation: 2.13265 s
task: 8
worker id: 42302
time create lcl and mol: 0.00204992 s
numbers of trajectories: 4546
time trajectory calculation: 2.72246 s
task: 9
worker id: 52933
time create lcl and mol: 0.00207496 s
numbers of trajectories: 4546
time trajectory calculation: 2.22709 s
task: 10
worker id: 57620
time create lcl and mol: 0.00214219 s
numbers of trajectories: 4545
time trajectory calculation: 2.08263 s
task: 11
worker id: 52933
time create lcl and mol: 0.00208807 s
numbers of trajectories: 4545
time trajectory calculation: 2.35491 s
task: 12
worker id: 45067
time create lcl and mol: 0.00205898 s
numbers of trajectories: 4545
time trajectory calculation: 2.43395 s
task: 13
worker id: 42302
time create lcl and mol: 0.00205994 s
numbers of trajectories: 4545
time trajectory calculation: 2.32118 s
task: 14
worker id: 13819
time create lcl and mol: 0.00206995 s
numbers of trajectories: 4545
time trajectory calculation: 2.49655 s
task: 15
worker id: 57620
time create lcl and mol: 0.00193405 s
numbers of trajectories: 4545
time trajectory calculation: 2.00458 s
task: 16
worker id: 93694
time create lcl and mol: 0.00211501 s
numbers of trajectories: 4545
time trajectory calculation: 2.74173 s
task: 17
worker id: 52933
time create lcl and mol: 0.00199819 s
numbers of trajectories: 4545
time trajectory calculation: 2.21783 s
task: 18
worker id: 7825
time create lcl and mol: 0.00204492 s
numbers of trajectories: 4545
time trajectory calculation: 2.34994 s
task: 19
worker id: 13819
time create lcl and mol: 0.00204706 s
numbers of trajectories: 4545
time trajectory calculation: 3.21545 s
task: 20
worker id: 57620
time create lcl and mol: 0.0020709 s
numbers of trajectories: 4545
time trajectory calculation: 3.39359 s
task: 21
worker id: 93694
time create lcl and mol: 0.0020299 s
numbers of trajectories: 4545
time trajectory calculation: 2.41689 s
CCS time: 7.93224 s
*********************************************************
average value of CCS = 9277.36 Ang^2
error value of CCS = 59.3731 Ang^2
Total time: 7.96632 s
Program finished...
*********************************************************
INPUT:: Simulation Parameters 
*********************************************************
target filename                  : 08_4w6z_carga_23_min.xyz
number of probe                  : 10000
number of iterarions             : 10
number of tasks                  : 22
number of threads                : 24
seed number                      : 2104
gas buffer                       : He
Target Temperature (K)           : 298
timestep (fs)                    : 10
Skin cell size (Ang)             : 0.01
Equipotential                    : no
Cut short-range interaction      : yes
LJ cutoff (Ang)                  : 12
Apply long-range interaction     : yes
Cut long-range interaction       : yes
Coulomb cutoff (Ang)             : 25
Apply induced-dipole interaction : yes
alpha (Ang^3)                    : 0.204956
force_type: 4
*********************************************************
Force Field parameters: 
*********************************************************
Symbol  mass (amu)  epislon (kcal/mol)  sigma(Angstroms) 
C   12.011   0.0309   3.043
N   14.007   0.0309   3.043
H   1.008   0.015   2.38
O   15.999   0.0309   3.043
S   32.06   0.0311   3.5
*********************************************************
MOLECULE:: orientation around the inertia principal axis 
*********************************************************
Inertia matrix a.u. Ang^2: 
{  2.03839e+08  3.07314e+07  -4.04125e+06  }
{  3.07314e+07  2.3067e+08  -140213  }
{  -4.04125e+06  -140213  1.08526e+08  }
Rotation matrix applied to molecule: 
{  0.548286  0.83613  -0.016395  }
{  -0.0455894  0.0103081  -0.998907  }
{  -0.835047  0.548434  0.0437705  }
Molecule radius: 68.2678 Ang 
orientation time of molecule target: 0.0203722 s
target mass: 146837 amu
gas mass: 4.0026 amu
reduce mass: 4.00249 amu
charge state: 23 e
*********************************************************
Geometric Ellipsoid: 
*********************************************************
maximal distances: 31.1072  51.7073  59.4449  Ang
Initial axis length: 81.1172  101.717  109.455  Ang
Ellipsoid axis length: 94.4672  115.067  122.805  Ang
ellipsoid calculation time: 0.000167847 s
maximal impact parameter: 122.805 Ang
*********************************************************
Linked-cell: 
Numbers of cells: 6720
Nx: 16 Ny: 20 Nz: 21
Filled cells: 292
Empty cells: 6428
Average atoms per cell: 70.6918
Maximum atoms per cell: 212
Minimum atoms per cell: 1
Simulation box: 
lx: 192.16 Ang
ly: 240.2 Ang
lz: 252.21 Ang
linked-cell calculation time: 0.00809598 s
time info: 0.000694036 s
*********************************************************
Trajectory calculations 
*********************************************************
out target time: 8.71999 s
Ntraj: 10000
Nfree: 1910
Nscatter: 8048
Nlost: 42
omega: 8974.08
Ntraj: 10000
Nfree: 1857
Nscatter: 8099
Nlost: 44
omega: 9313.11
Ntraj: 10000
Nfree: 1888
Nscatter: 8067
Nlost: 45
omega: 9503.63
Ntraj: 10000
Nfree: 1878
Nscatter: 8073
Nlost: 49
omega: 9504.57
Ntraj: 10000
Nfree: 1878
Nscatter: 8084
Nlost: 38
omega: 9360.83
Ntraj: 10000
Nfree: 1954
Nscatter: 8006
Nlost: 40
omega: 9332.04
Ntraj: 10000
Nfree: 1905
Nscatter: 8042
Nlost: 53
omega: 9030.53
Ntraj: 10000
Nfree: 1901
Nscatter: 8055
Nlost: 44
omega: 9039.48
Ntraj: 10000
Nfree: 1929
Nscatter: 8010
Nlost: 61
omega: 9447.3
Ntraj: 10000
Nfree: 1931
Nscatter: 8011
Nlost: 58
omega: 9268.02
*********************************************************
task: 0
worker id: 14223
time create lcl and mol: 0.00192595 s
numbers of trajectories: 4546
time trajectory calculation: 3.12979 s
task: 1
worker id: 58033
time create lcl and mol: 0.00195503 s
numbers of trajectories: 4546
time trajectory calculation: 2.26883 s
task: 2
worker id: 14223
time create lcl and mol: 0.0019629 s
numbers of trajectories: 4546
time trajectory calculation: 2.09348 s
task: 3
worker id: 94096
time create lcl and mol: 0.00214195 s
numbers of trajectories: 4546
time trajectory calculation: 2.4645 s
task: 4
worker id: 53329
time create lcl and mol: 0.00201011 s
numbers of trajectories: 4546
time trajectory calculation: 2.09793 s
task: 5
worker id: 8239
time create lcl and mol: 0.00213909 s
numbers of trajectories: 4546
time trajectory calculation: 3.10921 s
task: 6
worker id: 45467
time create lcl and mol: 0.00197601 s
numbers of trajectories: 4546
time trajectory calculation: 3.13173 s
task: 7
worker id: 94096
time create lcl and mol: 0.00196385 s
numbers of trajectories: 4546
time trajectory calculation: 2.04113 s
task: 8
worker id: 42702
time create lcl and mol: 0.00181389 s
numbers of trajectories: 4546
time trajectory calculation: 2.76711 s
task: 9
worker id: 78439
time create lcl and mol: 0.0019381 s
numbers of trajectories: 4546
time trajectory calculation: 2.23346 s
task: 10
worker id: 8239
time create lcl and mol: 0.00202799 s
numbers of trajectories: 4545
time trajectory calculation: 2.08547 s
task: 11
worker id: 42702
time create lcl and mol: 0.00208402 s
numbers of trajectories: 4545
time trajectory calculation: 2.3623 s
task: 12
worker id: 58033
time create lcl and mol: 0.00195217 s
numbers of trajectories: 4545
time trajectory calculation: 2.37042 s
task: 13
worker id: 53329
time create lcl and mol: 0.00199008 s
numbers of trajectories: 4545
time trajectory calculation: 2.40148 s
task: 14
worker id: 53329
time create lcl and mol: 0.00210595 s
numbers of trajectories: 4545
time trajectory calculation: 2.46708 s
task: 15
worker id: 45467
time create lcl and mol: 0.00217319 s
numbers of trajectories: 4545
time trajectory calculation: 1.94196 s
task: 16
worker id: 78439
time create lcl and mol: 0.00209379 s
numbers of trajectories: 4545
time trajectory calculation: 2.79751 s
task: 17
worker id: 58033
time create lcl and mol: 0.00194407 s
numbers of trajectories: 4545
time trajectory calculation: 2.27364 s
task: 18
worker id: 78439
time create lcl and mol: 0.00194287 s
numbers of trajectories: 4545
time trajectory calculation: 2.3913 s
task: 19
worker id: 45467
time create lcl and mol: 0.00205994 s
numbers of trajectories: 4545
time trajectory calculation: 3.21745 s
task: 20
worker id: 42702
time create lcl and mol: 0.00207591 s
numbers of trajectories: 4545
time trajectory calculation: 3.47294 s
task: 21
worker id: 94096
time create lcl and mol: 0.00211096 s
numbers of trajectories: 4545
time trajectory calculation: 2.24614 s
CCS time: 8.7279 s
*********************************************************
average value of CCS = 9277.36 Ang^2
error value of CCS = 59.3731 Ang^2
Total time: 8.76205 s
Program finished...
*********************************************************
INPUT:: Simulation Parameters 
*********************************************************
target filename                  : 08_4w6z_carga_23_min.xyz
number of probe                  : 10000
number of iterarions             : 10
number of tasks                  : 22
number of threads                : 24
seed number                      : 2104
gas buffer                       : He
Target Temperature (K)           : 298
timestep (fs)                    : 10
Skin cell size (Ang)             : 0.01
Equipotential                    : no
Cut short-range interaction      : yes
LJ cutoff (Ang)                  : 12
Apply long-range interaction     : yes
Cut long-range interaction       : yes
Coulomb cutoff (Ang)             : 25
Apply induced-dipole interaction : yes
alpha (Ang^3)                    : 0.204956
force_type: 4
*********************************************************
Force Field parameters: 
*********************************************************
Symbol  mass (amu)  epislon (kcal/mol)  sigma(Angstroms) 
C   12.011   0.0309   3.043
N   14.007   0.0309   3.043
H   1.008   0.015   2.38
O   15.999   0.0309   3.043
S   32.06   0.0311   3.5
*********************************************************
MOLECULE:: orientation around the inertia principal axis 
*********************************************************
Inertia matrix a.u. Ang^2: 
{  2.03839e+08  3.07314e+07  -4.04125e+06  }
{  3.07314e+07  2.3067e+08  -140213  }
{  -4.04125e+06  -140213  1.08526e+08  }
Rotation matrix applied to molecule: 
{  0.548286  0.83613  -0.016395  }
{  -0.0455894  0.0103081  -0.998907  }
{  -0.835047  0.548434  0.0437705  }
Molecule radius: 68.2678 Ang 
orientation time of molecule target: 0.021476 s
target mass: 146837 amu
gas mass: 4.0026 amu
reduce mass: 4.00249 amu
charge state: 23 e
*********************************************************
Geometric Ellipsoid: 
*********************************************************
maximal distances: 31.1072  51.7073  59.4449  Ang
Initial axis length: 81.1172  101.717  109.455  Ang
Ellipsoid axis length: 94.4672  115.067  122.805  Ang
ellipsoid calculation time: 0.000172853 s
maximal impact parameter: 122.805 Ang
*********************************************************
Linked-cell: 
Numbers of cells: 6720
Nx: 16 Ny: 20 Nz: 21
Filled cells: 292
Empty cells: 6428
Average atoms per cell: 70.6918
Maximum atoms per cell: 212
Minimum atoms per cell: 1
Simulation box: 
lx: 192.16 Ang
ly: 240.2 Ang
lz: 252.21 Ang
linked-cell calculation time: 0.00850296 s
time info: 0.000715971 s
*********************************************************
Trajectory calculations 
*********************************************************
out target time: 7.99222 s
Ntraj: 10000
Nfree: 1910
Nscatter: 8048
Nlost: 42
omega: 8974.08
Ntraj: 10000
Nfree: 1857
Nscatter: 8099
Nlost: 44
omega: 9313.11
Ntraj: 10000
Nfree: 1888
Nscatter: 8067
Nlost: 45
omega: 9503.63
Ntraj: 10000
Nfree: 1878
Nscatter: 8073
Nlost: 49
omega: 9504.57
Ntraj: 10000
Nfree: 1878
Nscatter: 8084
Nlost: 38
omega: 9360.83
Ntraj: 10000
Nfree: 1954
Nscatter: 8006
Nlost: 40
omega: 9332.04
Ntraj: 10000
Nfree: 1905
Nscatter: 8042
Nlost: 53
omega: 9030.53
Ntraj: 10000
Nfree: 1901
Nscatter: 8055
Nlost: 44
omega: 9039.48
Ntraj: 10000
Nfree: 1929
Nscatter: 8010
Nlost: 61
omega: 9447.3
Ntraj: 10000
Nfree: 1931
Nscatter: 8011
Nlost: 58
omega: 9268.02
*********************************************************
task: 0
worker id: 8655
time create lcl and mol: 0.00212502 s
numbers of trajectories: 4546
time trajectory calculation: 3.11344 s
task: 1
worker id: 8655
time create lcl and mol: 0.00204682 s
numbers of trajectories: 4546
time trajectory calculation: 2.30594 s
task: 2
worker id: 78843
time create lcl and mol: 0.00207615 s
numbers of trajectories: 4546
time trajectory calculation: 2.10517 s
task: 3
worker id: 43103
time create lcl and mol: 0.00181293 s
numbers of trajectories: 4546
time trajectory calculation: 2.51974 s
task: 4
worker id: 94498
time create lcl and mol: 0.00195408 s
numbers of trajectories: 4546
time trajectory calculation: 2.12649 s
task: 5
worker id: 45871
time create lcl and mol: 0.00205803 s
numbers of trajectories: 4546
time trajectory calculation: 3.14113 s
task: 6
worker id: 14626
time create lcl and mol: 0.00187302 s
numbers of trajectories: 4546
time trajectory calculation: 3.14979 s
task: 7
worker id: 45871
time create lcl and mol: 0.00205588 s
numbers of trajectories: 4546
time trajectory calculation: 2.14587 s
task: 8
worker id: 58437
time create lcl and mol: 0.00196099 s
numbers of trajectories: 4546
time trajectory calculation: 2.78731 s
task: 9
worker id: 53729
time create lcl and mol: 0.00193501 s
numbers of trajectories: 4546
time trajectory calculation: 2.21314 s
task: 10
worker id: 78843
time create lcl and mol: 0.00183988 s
numbers of trajectories: 4545
time trajectory calculation: 2.08597 s
task: 11
worker id: 94498
time create lcl and mol: 0.00207496 s
numbers of trajectories: 4545
time trajectory calculation: 2.39602 s
task: 12
worker id: 53729
time create lcl and mol: 0.00212908 s
numbers of trajectories: 4545
time trajectory calculation: 2.45994 s
task: 13
worker id: 8655
time create lcl and mol: 0.00195694 s
numbers of trajectories: 4545
time trajectory calculation: 2.30348 s
task: 14
worker id: 53729
time create lcl and mol: 0.002141 s
numbers of trajectories: 4545
time trajectory calculation: 2.43324 s
task: 15
worker id: 58437
time create lcl and mol: 0.00196695 s
numbers of trajectories: 4545
time trajectory calculation: 2.00164 s
task: 16
worker id: 14626
time create lcl and mol: 0.00194812 s
numbers of trajectories: 4545
time trajectory calculation: 2.6732 s
task: 17
worker id: 45871
time create lcl and mol: 0.00200391 s
numbers of trajectories: 4545
time trajectory calculation: 2.16891 s
task: 18
worker id: 78843
time create lcl and mol: 0.001966 s
numbers of trajectories: 4545
time trajectory calculation: 2.36341 s
task: 19
worker id: 43103
time create lcl and mol: 0.00203991 s
numbers of trajectories: 4545
time trajectory calculation: 3.13271 s
task: 20
worker id: 94498
time create lcl and mol: 0.0020721 s
numbers of trajectories: 4545
time trajectory calculation: 3.35058 s
task: 21
worker id: 58437
time create lcl and mol: 0.00205612 s
numbers of trajectories: 4545
time trajectory calculation: 2.30158 s
CCS time: 8.00045 s
*********************************************************
average value of CCS = 9277.36 Ang^2
error value of CCS = 59.3731 Ang^2
Total time: 8.03556 s
Program finished...
