*********************************************************
INPUT:: Simulation Parameters 
*********************************************************
target filename                  : 04_1ubq_carga_4_min.xyz
number of probe                  : 10000
number of iterarions             : 10
number of tasks                  : 26
number of threads                : 24
seed number                      : 2104
gas buffer                       : He
Target Temperature (K)           : 298
timestep (fs)                    : 10
Skin cell size (Ang)             : 0.01
Equipotential                    : no
Cut short-range interaction      : yes
LJ cutoff (Ang)                  : 12
Apply long-range interaction     : yes
Cut long-range interaction       : yes
Coulomb cutoff (Ang)             : 25
Apply induced-dipole interaction : yes
alpha (Ang^3)                    : 0.204956
force_type: 4
*********************************************************
Force Field parameters: 
*********************************************************
Symbol  mass (amu)  epislon (kcal/mol)  sigma(Angstroms) 
C   12.011   0.0309   3.043
N   14.007   0.0309   3.043
H   1.008   0.015   2.38
O   15.999   0.0309   3.043
S   32.06   0.0311   3.5
*********************************************************
MOLECULE:: orientation around the inertia principal axis 
*********************************************************
Inertia matrix a.u. Ang^2: 
{  774050  -98727  -119273  }
{  -98727  765481  -55190.9  }
{  -119273  -55190.9  711486  }
Rotation matrix applied to molecule: 
{  0.797039  -0.460096  -0.391204  }
{  0.592383  0.469553  0.654677  }
{  -0.117523  -0.753546  0.646805  }
Molecule radius: 22.0778 Ang 
orientation time of molecule target: 0.00192118 s
target mass: 8568.9 amu
gas mass: 4.0026 amu
reduce mass: 4.00073 amu
charge state: 4 e
*********************************************************
Geometric Ellipsoid: 
*********************************************************
maximal distances: 13.373  14.2779  21.6306  Ang
Initial axis length: 63.383  64.2879  71.6406  Ang
Ellipsoid axis length: 64.833  65.7379  73.0906  Ang
ellipsoid calculation time: 3.88622e-05 s
maximal impact parameter: 73.0906 Ang
*********************************************************
Linked-cell: 
Numbers of cells: 1573
Nx: 11 Ny: 11 Nz: 13
Filled cells: 28
Empty cells: 1545
Average atoms per cell: 44.1071
Maximum atoms per cell: 197
Minimum atoms per cell: 1
Simulation box: 
lx: 132.11 Ang
ly: 132.11 Ang
lz: 156.13 Ang
linked-cell calculation time: 0.00172496 s
time info: 7.00951e-05 s
*********************************************************
Trajectory calculations 
*********************************************************
out target time: 0.754931 s
Ntraj: 10000
Nfree: 1438
Nscatter: 8562
Nlost: 0
omega: 972.254
Ntraj: 10000
Nfree: 1384
Nscatter: 8616
Nlost: 0
omega: 1024.23
Ntraj: 10000
Nfree: 1390
Nscatter: 8610
Nlost: 0
omega: 958.126
Ntraj: 10000
Nfree: 1371
Nscatter: 8629
Nlost: 0
omega: 1150.67
Ntraj: 10000
Nfree: 1373
Nscatter: 8627
Nlost: 0
omega: 1163.4
Ntraj: 10000
Nfree: 1391
Nscatter: 8609
Nlost: 0
omega: 1104.33
Ntraj: 10000
Nfree: 1414
Nscatter: 8586
Nlost: 0
omega: 996.655
Ntraj: 10000
Nfree: 1394
Nscatter: 8606
Nlost: 0
omega: 1040.98
Ntraj: 10000
Nfree: 1418
Nscatter: 8582
Nlost: 0
omega: 1115.37
Ntraj: 10000
Nfree: 1403
Nscatter: 8597
Nlost: 0
omega: 1090.54
*********************************************************
task: 0
worker id: 19062
time create lcl and mol: 0.000385046 s
numbers of trajectories: 3847
time trajectory calculation: 0.132406 s
task: 1
worker id: 21670
time create lcl and mol: 0.000391006 s
numbers of trajectories: 3847
time trajectory calculation: 0.140632 s
task: 2
worker id: 52922
time create lcl and mol: 0.000403166 s
numbers of trajectories: 3847
time trajectory calculation: 0.138958 s
task: 3
worker id: 4012
time create lcl and mol: 0.000380039 s
numbers of trajectories: 3847
time trajectory calculation: 0.13358 s
task: 4
worker id: 50216
time create lcl and mol: 0.000407934 s
numbers of trajectories: 3846
time trajectory calculation: 0.135895 s
task: 5
worker id: 85915
time create lcl and mol: 0.000406027 s
numbers of trajectories: 3846
time trajectory calculation: 0.140016 s
task: 6
worker id: 65470
time create lcl and mol: 0.000387907 s
numbers of trajectories: 3846
time trajectory calculation: 0.657439 s
task: 7
worker id: 60797
time create lcl and mol: 0.000389814 s
numbers of trajectories: 3846
time trajectory calculation: 0.15361 s
task: 8
worker id: 19062
time create lcl and mol: 0.000440836 s
numbers of trajectories: 3846
time trajectory calculation: 0.131459 s
task: 9
worker id: 4012
time create lcl and mol: 0.000410795 s
numbers of trajectories: 3846
time trajectory calculation: 0.135523 s
task: 10
worker id: 21670
time create lcl and mol: 0.000437021 s
numbers of trajectories: 3846
time trajectory calculation: 0.133187 s
task: 11
worker id: 19062
time create lcl and mol: 0.000432968 s
numbers of trajectories: 3846
time trajectory calculation: 0.152985 s
task: 12
worker id: 4012
time create lcl and mol: 0.000407934 s
numbers of trajectories: 3846
time trajectory calculation: 0.269368 s
task: 13
worker id: 50216
time create lcl and mol: 0.000437021 s
numbers of trajectories: 3846
time trajectory calculation: 0.130536 s
task: 14
worker id: 85915
time create lcl and mol: 0.000408888 s
numbers of trajectories: 3846
time trajectory calculation: 0.150431 s
task: 15
worker id: 19062
time create lcl and mol: 0.000458002 s
numbers of trajectories: 3846
time trajectory calculation: 0.135121 s
task: 16
worker id: 21670
time create lcl and mol: 0.000405073 s
numbers of trajectories: 3846
time trajectory calculation: 0.129375 s
task: 17
worker id: 85915
time create lcl and mol: 0.000413895 s
numbers of trajectories: 3846
time trajectory calculation: 0.12553 s
task: 18
worker id: 50216
time create lcl and mol: 0.000435114 s
numbers of trajectories: 3846
time trajectory calculation: 0.120276 s
task: 19
worker id: 52922
time create lcl and mol: 0.000433922 s
numbers of trajectories: 3846
time trajectory calculation: 0.126153 s
task: 20
worker id: 60797
time create lcl and mol: 0.000441074 s
numbers of trajectories: 3846
time trajectory calculation: 0.129778 s
task: 21
worker id: 85915
time create lcl and mol: 0.000417948 s
numbers of trajectories: 3846
time trajectory calculation: 0.133063 s
task: 22
worker id: 52922
time create lcl and mol: 0.000409842 s
numbers of trajectories: 3846
time trajectory calculation: 0.133196 s
task: 23
worker id: 4012
time create lcl and mol: 0.000415087 s
numbers of trajectories: 3846
time trajectory calculation: 0.129568 s
task: 24
worker id: 50216
time create lcl and mol: 0.000447035 s
numbers of trajectories: 3846
time trajectory calculation: 0.147379 s
task: 25
worker id: 60797
time create lcl and mol: 0.000437975 s
numbers of trajectories: 3846
time trajectory calculation: 0.142522 s
CCS time: 0.762905 s
*********************************************************
average value of CCS = 1061.66 Ang^2
error value of CCS = 22.0411 Ang^2
Total time: 0.771647 s
Program finished...
*********************************************************
INPUT:: Simulation Parameters 
*********************************************************
target filename                  : 04_1ubq_carga_4_min.xyz
number of probe                  : 10000
number of iterarions             : 10
number of tasks                  : 26
number of threads                : 24
seed number                      : 2104
gas buffer                       : He
Target Temperature (K)           : 298
timestep (fs)                    : 10
Skin cell size (Ang)             : 0.01
Equipotential                    : no
Cut short-range interaction      : yes
LJ cutoff (Ang)                  : 12
Apply long-range interaction     : yes
Cut long-range interaction       : yes
Coulomb cutoff (Ang)             : 25
Apply induced-dipole interaction : yes
alpha (Ang^3)                    : 0.204956
force_type: 4
*********************************************************
Force Field parameters: 
*********************************************************
Symbol  mass (amu)  epislon (kcal/mol)  sigma(Angstroms) 
C   12.011   0.0309   3.043
N   14.007   0.0309   3.043
H   1.008   0.015   2.38
O   15.999   0.0309   3.043
S   32.06   0.0311   3.5
*********************************************************
MOLECULE:: orientation around the inertia principal axis 
*********************************************************
Inertia matrix a.u. Ang^2: 
{  774050  -98727  -119273  }
{  -98727  765481  -55190.9  }
{  -119273  -55190.9  711486  }
Rotation matrix applied to molecule: 
{  0.797039  -0.460096  -0.391204  }
{  0.592383  0.469553  0.654677  }
{  -0.117523  -0.753546  0.646805  }
Molecule radius: 22.0778 Ang 
orientation time of molecule target: 0.00196815 s
target mass: 8568.9 amu
gas mass: 4.0026 amu
reduce mass: 4.00073 amu
charge state: 4 e
*********************************************************
Geometric Ellipsoid: 
*********************************************************
maximal distances: 13.373  14.2779  21.6306  Ang
Initial axis length: 63.383  64.2879  71.6406  Ang
Ellipsoid axis length: 64.833  65.7379  73.0906  Ang
ellipsoid calculation time: 4.50611e-05 s
maximal impact parameter: 73.0906 Ang
*********************************************************
Linked-cell: 
Numbers of cells: 1573
Nx: 11 Ny: 11 Nz: 13
Filled cells: 28
Empty cells: 1545
Average atoms per cell: 44.1071
Maximum atoms per cell: 197
Minimum atoms per cell: 1
Simulation box: 
lx: 132.11 Ang
ly: 132.11 Ang
lz: 156.13 Ang
linked-cell calculation time: 0.00178003 s
time info: 7.08103e-05 s
*********************************************************
Trajectory calculations 
*********************************************************
out target time: 0.683774 s
Ntraj: 10000
Nfree: 1438
Nscatter: 8562
Nlost: 0
omega: 972.254
Ntraj: 10000
Nfree: 1384
Nscatter: 8616
Nlost: 0
omega: 1024.23
Ntraj: 10000
Nfree: 1390
Nscatter: 8610
Nlost: 0
omega: 958.126
Ntraj: 10000
Nfree: 1371
Nscatter: 8629
Nlost: 0
omega: 1150.67
Ntraj: 10000
Nfree: 1373
Nscatter: 8627
Nlost: 0
omega: 1163.4
Ntraj: 10000
Nfree: 1391
Nscatter: 8609
Nlost: 0
omega: 1104.33
Ntraj: 10000
Nfree: 1414
Nscatter: 8586
Nlost: 0
omega: 996.655
Ntraj: 10000
Nfree: 1394
Nscatter: 8606
Nlost: 0
omega: 1040.98
Ntraj: 10000
Nfree: 1418
Nscatter: 8582
Nlost: 0
omega: 1115.37
Ntraj: 10000
Nfree: 1403
Nscatter: 8597
Nlost: 0
omega: 1090.54
*********************************************************
task: 0
worker id: 19455
time create lcl and mol: 0.000384092 s
numbers of trajectories: 3847
time trajectory calculation: 0.133692 s
task: 1
worker id: 50608
time create lcl and mol: 0.000576019 s
numbers of trajectories: 3847
time trajectory calculation: 0.140715 s
task: 2
worker id: 22048
time create lcl and mol: 0.000370026 s
numbers of trajectories: 3847
time trajectory calculation: 0.136478 s
task: 3
worker id: 53305
time create lcl and mol: 0.000405073 s
numbers of trajectories: 3847
time trajectory calculation: 0.138278 s
task: 4
worker id: 4392
time create lcl and mol: 0.00039196 s
numbers of trajectories: 3846
time trajectory calculation: 0.149074 s
task: 5
worker id: 86314
time create lcl and mol: 0.000504017 s
numbers of trajectories: 3846
time trajectory calculation: 0.142103 s
task: 6
worker id: 65850
time create lcl and mol: 0.000365973 s
numbers of trajectories: 3846
time trajectory calculation: 0.64382 s
task: 7
worker id: 61191
time create lcl and mol: 0.00040102 s
numbers of trajectories: 3846
time trajectory calculation: 0.154082 s
task: 8
worker id: 19455
time create lcl and mol: 0.000439167 s
numbers of trajectories: 3846
time trajectory calculation: 0.127934 s
task: 9
worker id: 53305
time create lcl and mol: 0.000470877 s
numbers of trajectories: 3846
time trajectory calculation: 0.143528 s
task: 10
worker id: 86314
time create lcl and mol: 0.000406981 s
numbers of trajectories: 3846
time trajectory calculation: 0.134892 s
task: 11
worker id: 86314
time create lcl and mol: 0.000410795 s
numbers of trajectories: 3846
time trajectory calculation: 0.127747 s
task: 12
worker id: 61191
time create lcl and mol: 0.000442028 s
numbers of trajectories: 3846
time trajectory calculation: 0.249631 s
task: 13
worker id: 22048
time create lcl and mol: 0.000411987 s
numbers of trajectories: 3846
time trajectory calculation: 0.131068 s
task: 14
worker id: 22048
time create lcl and mol: 0.000411987 s
numbers of trajectories: 3846
time trajectory calculation: 0.131889 s
task: 15
worker id: 50608
time create lcl and mol: 0.000412941 s
numbers of trajectories: 3846
time trajectory calculation: 0.132309 s
task: 16
worker id: 53305
time create lcl and mol: 0.000464916 s
numbers of trajectories: 3846
time trajectory calculation: 0.13459 s
task: 17
worker id: 61191
time create lcl and mol: 0.000433922 s
numbers of trajectories: 3846
time trajectory calculation: 0.130676 s
task: 18
worker id: 19455
time create lcl and mol: 0.000444889 s
numbers of trajectories: 3846
time trajectory calculation: 0.12265 s
task: 19
worker id: 4392
time create lcl and mol: 0.000412941 s
numbers of trajectories: 3846
time trajectory calculation: 0.135531 s
task: 20
worker id: 86314
time create lcl and mol: 0.000411987 s
numbers of trajectories: 3846
time trajectory calculation: 0.1318 s
task: 21
worker id: 50608
time create lcl and mol: 0.000423908 s
numbers of trajectories: 3846
time trajectory calculation: 0.133821 s
task: 22
worker id: 19455
time create lcl and mol: 0.000432014 s
numbers of trajectories: 3846
time trajectory calculation: 0.13705 s
task: 23
worker id: 22048
time create lcl and mol: 0.000390053 s
numbers of trajectories: 3846
time trajectory calculation: 0.137837 s
task: 24
worker id: 53305
time create lcl and mol: 0.000464916 s
numbers of trajectories: 3846
time trajectory calculation: 0.133323 s
task: 25
worker id: 4392
time create lcl and mol: 0.000421047 s
numbers of trajectories: 3846
time trajectory calculation: 0.154224 s
CCS time: 0.69204 s
*********************************************************
average value of CCS = 1061.66 Ang^2
error value of CCS = 22.0411 Ang^2
Total time: 0.700347 s
Program finished...
*********************************************************
INPUT:: Simulation Parameters 
*********************************************************
target filename                  : 04_1ubq_carga_4_min.xyz
number of probe                  : 10000
number of iterarions             : 10
number of tasks                  : 26
number of threads                : 24
seed number                      : 2104
gas buffer                       : He
Target Temperature (K)           : 298
timestep (fs)                    : 10
Skin cell size (Ang)             : 0.01
Equipotential                    : no
Cut short-range interaction      : yes
LJ cutoff (Ang)                  : 12
Apply long-range interaction     : yes
Cut long-range interaction       : yes
Coulomb cutoff (Ang)             : 25
Apply induced-dipole interaction : yes
alpha (Ang^3)                    : 0.204956
force_type: 4
*********************************************************
Force Field parameters: 
*********************************************************
Symbol  mass (amu)  epislon (kcal/mol)  sigma(Angstroms) 
C   12.011   0.0309   3.043
N   14.007   0.0309   3.043
H   1.008   0.015   2.38
O   15.999   0.0309   3.043
S   32.06   0.0311   3.5
*********************************************************
MOLECULE:: orientation around the inertia principal axis 
*********************************************************
Inertia matrix a.u. Ang^2: 
{  774050  -98727  -119273  }
{  -98727  765481  -55190.9  }
{  -119273  -55190.9  711486  }
Rotation matrix applied to molecule: 
{  0.797039  -0.460096  -0.391204  }
{  0.592383  0.469553  0.654677  }
{  -0.117523  -0.753546  0.646805  }
Molecule radius: 22.0778 Ang 
orientation time of molecule target: 0.00198603 s
target mass: 8568.9 amu
gas mass: 4.0026 amu
reduce mass: 4.00073 amu
charge state: 4 e
*********************************************************
Geometric Ellipsoid: 
*********************************************************
maximal distances: 13.373  14.2779  21.6306  Ang
Initial axis length: 63.383  64.2879  71.6406  Ang
Ellipsoid axis length: 64.833  65.7379  73.0906  Ang
ellipsoid calculation time: 4.41074e-05 s
maximal impact parameter: 73.0906 Ang
*********************************************************
Linked-cell: 
Numbers of cells: 1573
Nx: 11 Ny: 11 Nz: 13
Filled cells: 28
Empty cells: 1545
Average atoms per cell: 44.1071
Maximum atoms per cell: 197
Minimum atoms per cell: 1
Simulation box: 
lx: 132.11 Ang
ly: 132.11 Ang
lz: 156.13 Ang
linked-cell calculation time: 0.00171018 s
time info: 7.00951e-05 s
*********************************************************
Trajectory calculations 
*********************************************************
out target time: 0.698028 s
Ntraj: 10000
Nfree: 1438
Nscatter: 8562
Nlost: 0
omega: 972.254
Ntraj: 10000
Nfree: 1384
Nscatter: 8616
Nlost: 0
omega: 1024.23
Ntraj: 10000
Nfree: 1390
Nscatter: 8610
Nlost: 0
omega: 958.126
Ntraj: 10000
Nfree: 1371
Nscatter: 8629
Nlost: 0
omega: 1150.67
Ntraj: 10000
Nfree: 1373
Nscatter: 8627
Nlost: 0
omega: 1163.4
Ntraj: 10000
Nfree: 1391
Nscatter: 8609
Nlost: 0
omega: 1104.33
Ntraj: 10000
Nfree: 1414
Nscatter: 8586
Nlost: 0
omega: 996.655
Ntraj: 10000
Nfree: 1394
Nscatter: 8606
Nlost: 0
omega: 1040.98
Ntraj: 10000
Nfree: 1418
Nscatter: 8582
Nlost: 0
omega: 1115.37
Ntraj: 10000
Nfree: 1403
Nscatter: 8597
Nlost: 0
omega: 1090.54
*********************************************************
task: 0
worker id: 50710
time create lcl and mol: 0.000399113 s
numbers of trajectories: 3847
time trajectory calculation: 0.133101 s
task: 1
worker id: 4505
time create lcl and mol: 0.000383139 s
numbers of trajectories: 3847
time trajectory calculation: 0.139134 s
task: 2
worker id: 86414
time create lcl and mol: 0.000502825 s
numbers of trajectories: 3847
time trajectory calculation: 0.135029 s
task: 3
worker id: 19570
time create lcl and mol: 0.000469923 s
numbers of trajectories: 3847
time trajectory calculation: 0.135261 s
task: 4
worker id: 53419
time create lcl and mol: 0.000396013 s
numbers of trajectories: 3846
time trajectory calculation: 0.138478 s
task: 5
worker id: 61294
time create lcl and mol: 0.000397921 s
numbers of trajectories: 3846
time trajectory calculation: 0.13913 s
task: 6
worker id: 22149
time create lcl and mol: 0.000392914 s
numbers of trajectories: 3846
time trajectory calculation: 0.6331 s
task: 7
worker id: 65948
time create lcl and mol: 0.00039196 s
numbers of trajectories: 3846
time trajectory calculation: 0.144445 s
task: 8
worker id: 4505
time create lcl and mol: 0.000404835 s
numbers of trajectories: 3846
time trajectory calculation: 0.134607 s
task: 9
worker id: 86414
time create lcl and mol: 0.00039196 s
numbers of trajectories: 3846
time trajectory calculation: 0.135769 s
task: 10
worker id: 61294
time create lcl and mol: 0.000412941 s
numbers of trajectories: 3846
time trajectory calculation: 0.131419 s
task: 11
worker id: 61294
time create lcl and mol: 0.000414133 s
numbers of trajectories: 3846
time trajectory calculation: 0.126627 s
task: 12
worker id: 65948
time create lcl and mol: 0.000414848 s
numbers of trajectories: 3846
time trajectory calculation: 0.26641 s
task: 13
worker id: 19570
time create lcl and mol: 0.000427961 s
numbers of trajectories: 3846
time trajectory calculation: 0.128965 s
task: 14
worker id: 53419
time create lcl and mol: 0.000413895 s
numbers of trajectories: 3846
time trajectory calculation: 0.128239 s
task: 15
worker id: 4505
time create lcl and mol: 0.000417948 s
numbers of trajectories: 3846
time trajectory calculation: 0.136058 s
task: 16
worker id: 19570
time create lcl and mol: 0.000437021 s
numbers of trajectories: 3846
time trajectory calculation: 0.129954 s
task: 17
worker id: 53419
time create lcl and mol: 0.000432014 s
numbers of trajectories: 3846
time trajectory calculation: 0.129822 s
task: 18
worker id: 53419
time create lcl and mol: 0.000412941 s
numbers of trajectories: 3846
time trajectory calculation: 0.122601 s
task: 19
worker id: 86414
time create lcl and mol: 0.000420094 s
numbers of trajectories: 3846
time trajectory calculation: 0.124749 s
task: 20
worker id: 86414
time create lcl and mol: 0.000408888 s
numbers of trajectories: 3846
time trajectory calculation: 0.126169 s
task: 21
worker id: 19570
time create lcl and mol: 0.000427961 s
numbers of trajectories: 3846
time trajectory calculation: 0.134604 s
task: 22
worker id: 65948
time create lcl and mol: 0.00041604 s
numbers of trajectories: 3846
time trajectory calculation: 0.137114 s
task: 23
worker id: 50710
time create lcl and mol: 0.000447989 s
numbers of trajectories: 3846
time trajectory calculation: 0.136661 s
task: 24
worker id: 61294
time create lcl and mol: 0.000400066 s
numbers of trajectories: 3846
time trajectory calculation: 0.127708 s
task: 25
worker id: 50710
time create lcl and mol: 0.000435114 s
numbers of trajectories: 3846
time trajectory calculation: 0.142233 s
CCS time: 0.706096 s
*********************************************************
average value of CCS = 1061.66 Ang^2
error value of CCS = 22.0411 Ang^2
Total time: 0.715216 s
Program finished...
*********************************************************
INPUT:: Simulation Parameters 
*********************************************************
target filename                  : 04_1ubq_carga_4_min.xyz
number of probe                  : 10000
number of iterarions             : 10
number of tasks                  : 26
number of threads                : 24
seed number                      : 2104
gas buffer                       : He
Target Temperature (K)           : 298
timestep (fs)                    : 10
Skin cell size (Ang)             : 0.01
Equipotential                    : no
Cut short-range interaction      : yes
LJ cutoff (Ang)                  : 12
Apply long-range interaction     : yes
Cut long-range interaction       : yes
Coulomb cutoff (Ang)             : 25
Apply induced-dipole interaction : yes
alpha (Ang^3)                    : 0.204956
force_type: 4
*********************************************************
Force Field parameters: 
*********************************************************
Symbol  mass (amu)  epislon (kcal/mol)  sigma(Angstroms) 
C   12.011   0.0309   3.043
N   14.007   0.0309   3.043
H   1.008   0.015   2.38
O   15.999   0.0309   3.043
S   32.06   0.0311   3.5
*********************************************************
MOLECULE:: orientation around the inertia principal axis 
*********************************************************
Inertia matrix a.u. Ang^2: 
{  774050  -98727  -119273  }
{  -98727  765481  -55190.9  }
{  -119273  -55190.9  711486  }
Rotation matrix applied to molecule: 
{  0.797039  -0.460096  -0.391204  }
{  0.592383  0.469553  0.654677  }
{  -0.117523  -0.753546  0.646805  }
Molecule radius: 22.0778 Ang 
orientation time of molecule target: 0.00200105 s
target mass: 8568.9 amu
gas mass: 4.0026 amu
reduce mass: 4.00073 amu
charge state: 4 e
*********************************************************
Geometric Ellipsoid: 
*********************************************************
maximal distances: 13.373  14.2779  21.6306  Ang
Initial axis length: 63.383  64.2879  71.6406  Ang
Ellipsoid axis length: 64.833  65.7379  73.0906  Ang
ellipsoid calculation time: 4.19617e-05 s
maximal impact parameter: 73.0906 Ang
*********************************************************
Linked-cell: 
Numbers of cells: 1573
Nx: 11 Ny: 11 Nz: 13
Filled cells: 28
Empty cells: 1545
Average atoms per cell: 44.1071
Maximum atoms per cell: 197
Minimum atoms per cell: 1
Simulation box: 
lx: 132.11 Ang
ly: 132.11 Ang
lz: 156.13 Ang
linked-cell calculation time: 0.00174785 s
time info: 6.98566e-05 s
*********************************************************
Trajectory calculations 
*********************************************************
out target time: 0.738596 s
Ntraj: 10000
Nfree: 1438
Nscatter: 8562
Nlost: 0
omega: 972.254
Ntraj: 10000
Nfree: 1384
Nscatter: 8616
Nlost: 0
omega: 1024.23
Ntraj: 10000
Nfree: 1390
Nscatter: 8610
Nlost: 0
omega: 958.126
Ntraj: 10000
Nfree: 1371
Nscatter: 8629
Nlost: 0
omega: 1150.67
Ntraj: 10000
Nfree: 1373
Nscatter: 8627
Nlost: 0
omega: 1163.4
Ntraj: 10000
Nfree: 1391
Nscatter: 8609
Nlost: 0
omega: 1104.33
Ntraj: 10000
Nfree: 1414
Nscatter: 8586
Nlost: 0
omega: 996.655
Ntraj: 10000
Nfree: 1394
Nscatter: 8606
Nlost: 0
omega: 1040.98
Ntraj: 10000
Nfree: 1418
Nscatter: 8582
Nlost: 0
omega: 1115.37
Ntraj: 10000
Nfree: 1403
Nscatter: 8597
Nlost: 0
omega: 1090.54
*********************************************************
task: 0
worker id: 4596
time create lcl and mol: 0.000393867 s
numbers of trajectories: 3847
time trajectory calculation: 0.132826 s
task: 1
worker id: 61381
time create lcl and mol: 0.000435829 s
numbers of trajectories: 3847
time trajectory calculation: 0.130949 s
task: 2
worker id: 53504
time create lcl and mol: 0.000571966 s
numbers of trajectories: 3847
time trajectory calculation: 0.136468 s
task: 3
worker id: 19672
time create lcl and mol: 0.000391006 s
numbers of trajectories: 3847
time trajectory calculation: 0.135434 s
task: 4
worker id: 50830
time create lcl and mol: 0.00039506 s
numbers of trajectories: 3846
time trajectory calculation: 0.14068 s
task: 5
worker id: 22254
time create lcl and mol: 0.000390768 s
numbers of trajectories: 3846
time trajectory calculation: 0.14016 s
task: 6
worker id: 86503
time create lcl and mol: 0.000538111 s
numbers of trajectories: 3846
time trajectory calculation: 0.636606 s
task: 7
worker id: 66051
time create lcl and mol: 0.000355959 s
numbers of trajectories: 3846
time trajectory calculation: 0.144889 s
task: 8
worker id: 61381
time create lcl and mol: 0.000396013 s
numbers of trajectories: 3846
time trajectory calculation: 0.138572 s
task: 9
worker id: 66051
time create lcl and mol: 0.000408888 s
numbers of trajectories: 3846
time trajectory calculation: 0.136404 s
task: 10
worker id: 19672
time create lcl and mol: 0.000432968 s
numbers of trajectories: 3846
time trajectory calculation: 0.128798 s
task: 11
worker id: 66051
time create lcl and mol: 0.00041914 s
numbers of trajectories: 3846
time trajectory calculation: 0.128174 s
task: 12
worker id: 19672
time create lcl and mol: 0.000428915 s
numbers of trajectories: 3846
time trajectory calculation: 0.251548 s
task: 13
worker id: 22254
time create lcl and mol: 0.000443935 s
numbers of trajectories: 3846
time trajectory calculation: 0.130553 s
task: 14
worker id: 50830
time create lcl and mol: 0.000416994 s
numbers of trajectories: 3846
time trajectory calculation: 0.128658 s
task: 15
worker id: 50830
time create lcl and mol: 0.000416994 s
numbers of trajectories: 3846
time trajectory calculation: 0.132863 s
task: 16
worker id: 4596
time create lcl and mol: 0.000427008 s
numbers of trajectories: 3846
time trajectory calculation: 0.133126 s
task: 17
worker id: 53504
time create lcl and mol: 0.000411987 s
numbers of trajectories: 3846
time trajectory calculation: 0.12798 s
task: 18
worker id: 61381
time create lcl and mol: 0.000439882 s
numbers of trajectories: 3846
time trajectory calculation: 0.120634 s
task: 19
worker id: 66051
time create lcl and mol: 0.000426054 s
numbers of trajectories: 3846
time trajectory calculation: 0.127486 s
task: 20
worker id: 61381
time create lcl and mol: 0.000429153 s
numbers of trajectories: 3846
time trajectory calculation: 0.130646 s
task: 21
worker id: 53504
time create lcl and mol: 0.000409126 s
numbers of trajectories: 3846
time trajectory calculation: 0.132613 s
task: 22
worker id: 53504
time create lcl and mol: 0.00041604 s
numbers of trajectories: 3846
time trajectory calculation: 0.133329 s
task: 23
worker id: 22254
time create lcl and mol: 0.000428915 s
numbers of trajectories: 3846
time trajectory calculation: 0.135806 s
task: 24
worker id: 19672
time create lcl and mol: 0.000467062 s
numbers of trajectories: 3846
time trajectory calculation: 0.128159 s
task: 25
worker id: 4596
time create lcl and mol: 0.000426054 s
numbers of trajectories: 3846
time trajectory calculation: 0.142107 s
CCS time: 0.746718 s
*********************************************************
average value of CCS = 1061.66 Ang^2
error value of CCS = 22.0411 Ang^2
Total time: 0.75534 s
Program finished...
*********************************************************
INPUT:: Simulation Parameters 
*********************************************************
target filename                  : 04_1ubq_carga_4_min.xyz
number of probe                  : 10000
number of iterarions             : 10
number of tasks                  : 26
number of threads                : 24
seed number                      : 2104
gas buffer                       : He
Target Temperature (K)           : 298
timestep (fs)                    : 10
Skin cell size (Ang)             : 0.01
Equipotential                    : no
Cut short-range interaction      : yes
LJ cutoff (Ang)                  : 12
Apply long-range interaction     : yes
Cut long-range interaction       : yes
Coulomb cutoff (Ang)             : 25
Apply induced-dipole interaction : yes
alpha (Ang^3)                    : 0.204956
force_type: 4
*********************************************************
Force Field parameters: 
*********************************************************
Symbol  mass (amu)  epislon (kcal/mol)  sigma(Angstroms) 
C   12.011   0.0309   3.043
N   14.007   0.0309   3.043
H   1.008   0.015   2.38
O   15.999   0.0309   3.043
S   32.06   0.0311   3.5
*********************************************************
MOLECULE:: orientation around the inertia principal axis 
*********************************************************
Inertia matrix a.u. Ang^2: 
{  774050  -98727  -119273  }
{  -98727  765481  -55190.9  }
{  -119273  -55190.9  711486  }
Rotation matrix applied to molecule: 
{  0.797039  -0.460096  -0.391204  }
{  0.592383  0.469553  0.654677  }
{  -0.117523  -0.753546  0.646805  }
Molecule radius: 22.0778 Ang 
orientation time of molecule target: 0.00194192 s
target mass: 8568.9 amu
gas mass: 4.0026 amu
reduce mass: 4.00073 amu
charge state: 4 e
*********************************************************
Geometric Ellipsoid: 
*********************************************************
maximal distances: 13.373  14.2779  21.6306  Ang
Initial axis length: 63.383  64.2879  71.6406  Ang
Ellipsoid axis length: 64.833  65.7379  73.0906  Ang
ellipsoid calculation time: 3.8147e-05 s
maximal impact parameter: 73.0906 Ang
*********************************************************
Linked-cell: 
Numbers of cells: 1573
Nx: 11 Ny: 11 Nz: 13
Filled cells: 28
Empty cells: 1545
Average atoms per cell: 44.1071
Maximum atoms per cell: 197
Minimum atoms per cell: 1
Simulation box: 
lx: 132.11 Ang
ly: 132.11 Ang
lz: 156.13 Ang
linked-cell calculation time: 0.00166893 s
time info: 7.29561e-05 s
*********************************************************
Trajectory calculations 
*********************************************************
out target time: 0.670374 s
Ntraj: 10000
Nfree: 1438
Nscatter: 8562
Nlost: 0
omega: 972.254
Ntraj: 10000
Nfree: 1384
Nscatter: 8616
Nlost: 0
omega: 1024.23
Ntraj: 10000
Nfree: 1390
Nscatter: 8610
Nlost: 0
omega: 958.126
Ntraj: 10000
Nfree: 1371
Nscatter: 8629
Nlost: 0
omega: 1150.67
Ntraj: 10000
Nfree: 1373
Nscatter: 8627
Nlost: 0
omega: 1163.4
Ntraj: 10000
Nfree: 1391
Nscatter: 8609
Nlost: 0
omega: 1104.33
Ntraj: 10000
Nfree: 1414
Nscatter: 8586
Nlost: 0
omega: 996.655
Ntraj: 10000
Nfree: 1394
Nscatter: 8606
Nlost: 0
omega: 1040.98
Ntraj: 10000
Nfree: 1418
Nscatter: 8582
Nlost: 0
omega: 1115.37
Ntraj: 10000
Nfree: 1403
Nscatter: 8597
Nlost: 0
omega: 1090.54
*********************************************************
task: 0
worker id: 22341
time create lcl and mol: 0.000403166 s
numbers of trajectories: 3847
time trajectory calculation: 0.134966 s
task: 1
worker id: 4685
time create lcl and mol: 0.000436068 s
numbers of trajectories: 3847
time trajectory calculation: 0.131268 s
task: 2
worker id: 86613
time create lcl and mol: 0.000390053 s
numbers of trajectories: 3847
time trajectory calculation: 0.138762 s
task: 3
worker id: 4685
time create lcl and mol: 0.000396013 s
numbers of trajectories: 3847
time trajectory calculation: 0.136123 s
task: 4
worker id: 19775
time create lcl and mol: 0.00039196 s
numbers of trajectories: 3846
time trajectory calculation: 0.138644 s
task: 5
worker id: 53591
time create lcl and mol: 0.00041008 s
numbers of trajectories: 3846
time trajectory calculation: 0.140914 s
task: 6
worker id: 50919
time create lcl and mol: 0.000375032 s
numbers of trajectories: 3846
time trajectory calculation: 0.627466 s
task: 7
worker id: 66137
time create lcl and mol: 0.000390053 s
numbers of trajectories: 3846
time trajectory calculation: 0.143189 s
task: 8
worker id: 61510
time create lcl and mol: 0.000396967 s
numbers of trajectories: 3846
time trajectory calculation: 0.138469 s
task: 9
worker id: 61510
time create lcl and mol: 0.000443935 s
numbers of trajectories: 3846
time trajectory calculation: 0.140806 s
task: 10
worker id: 86613
time create lcl and mol: 0.000427008 s
numbers of trajectories: 3846
time trajectory calculation: 0.135071 s
task: 11
worker id: 53591
time create lcl and mol: 0.00041914 s
numbers of trajectories: 3846
time trajectory calculation: 0.126861 s
task: 12
worker id: 19775
time create lcl and mol: 0.000404835 s
numbers of trajectories: 3846
time trajectory calculation: 0.235551 s
task: 13
worker id: 61510
time create lcl and mol: 0.000435829 s
numbers of trajectories: 3846
time trajectory calculation: 0.13132 s
task: 14
worker id: 4685
time create lcl and mol: 0.000426054 s
numbers of trajectories: 3846
time trajectory calculation: 0.127724 s
task: 15
worker id: 19775
time create lcl and mol: 0.000433922 s
numbers of trajectories: 3846
time trajectory calculation: 0.132653 s
task: 16
worker id: 86613
time create lcl and mol: 0.000437021 s
numbers of trajectories: 3846
time trajectory calculation: 0.132306 s
task: 17
worker id: 22341
time create lcl and mol: 0.000415087 s
numbers of trajectories: 3846
time trajectory calculation: 0.130379 s
task: 18
worker id: 22341
time create lcl and mol: 0.000397921 s
numbers of trajectories: 3846
time trajectory calculation: 0.127158 s
task: 19
worker id: 22341
time create lcl and mol: 0.000406981 s
numbers of trajectories: 3846
time trajectory calculation: 0.132483 s
task: 20
worker id: 53591
time create lcl and mol: 0.000416994 s
numbers of trajectories: 3846
time trajectory calculation: 0.126142 s
task: 21
worker id: 4685
time create lcl and mol: 0.000427961 s
numbers of trajectories: 3846
time trajectory calculation: 0.13662 s
task: 22
worker id: 66137
time create lcl and mol: 0.000415087 s
numbers of trajectories: 3846
time trajectory calculation: 0.135026 s
task: 23
worker id: 53591
time create lcl and mol: 0.000403166 s
numbers of trajectories: 3846
time trajectory calculation: 0.1318 s
task: 24
worker id: 86613
time create lcl and mol: 0.000427008 s
numbers of trajectories: 3846
time trajectory calculation: 0.129599 s
task: 25
worker id: 66137
time create lcl and mol: 0.000405073 s
numbers of trajectories: 3846
time trajectory calculation: 0.138678 s
CCS time: 0.678347 s
*********************************************************
average value of CCS = 1061.66 Ang^2
error value of CCS = 22.0411 Ang^2
Total time: 0.687044 s
Program finished...
