*********************************************************
INPUT:: Simulation Parameters 
*********************************************************
target filename                  : 03_3bsz_carga_14_min.xyz
number of probe                  : 10000
number of iterarions             : 10
number of tasks                  : 22
number of threads                : 24
seed number                      : 2104
gas buffer                       : He
Target Temperature (K)           : 298
timestep (fs)                    : 10
Skin cell size (Ang)             : 0.01
Equipotential                    : no
Cut short-range interaction      : yes
LJ cutoff (Ang)                  : 12
Apply long-range interaction     : yes
Cut long-range interaction       : yes
Coulomb cutoff (Ang)             : 25
Apply induced-dipole interaction : yes
alpha (Ang^3)                    : 0.204956
force_type: 4
*********************************************************
Force Field parameters: 
*********************************************************
Symbol  mass (amu)  epislon (kcal/mol)  sigma(Angstroms) 
C   12.011   0.0309   3.043
N   14.007   0.0309   3.043
H   1.008   0.015   2.38
O   15.999   0.0309   3.043
S   32.06   0.0311   3.5
*********************************************************
MOLECULE:: orientation around the inertia principal axis 
*********************************************************
Inertia matrix a.u. Ang^2: 
{  1.592e+07  -2.42743e+06  -2.87494e+06  }
{  -2.42743e+06  1.69711e+07  -604084  }
{  -2.87494e+06  -604084  1.74506e+07  }
Rotation matrix applied to molecule: 
{  0.6656  -0.394687  -0.633402  }
{  0.739056  0.466615  0.485867  }
{  0.10379  -0.791513  0.602275  }
Molecule radius: 36.1505 Ang 
orientation time of molecule target: 0.00765014 s
target mass: 52094.7 amu
gas mass: 4.0026 amu
reduce mass: 4.00229 amu
charge state: 13.9996 e
*********************************************************
Geometric Ellipsoid: 
*********************************************************
maximal distances: 23.5798  32.2083  34.2094  Ang
Initial axis length: 73.5898  82.2183  84.2194  Ang
Ellipsoid axis length: 77.4098  86.0383  88.0394  Ang
ellipsoid calculation time: 7.79629e-05 s
maximal impact parameter: 88.0394 Ang
*********************************************************
Linked-cell: 
Numbers of cells: 2925
Nx: 13 Ny: 15 Nz: 15
Filled cells: 110
Empty cells: 2815
Average atoms per cell: 66.3
Maximum atoms per cell: 197
Minimum atoms per cell: 1
Simulation box: 
lx: 156.13 Ang
ly: 180.15 Ang
lz: 180.15 Ang
linked-cell calculation time: 0.00353789 s
time info: 0.00028801 s
*********************************************************
Trajectory calculations 
*********************************************************
out target time: 2.10589 s
Ntraj: 10000
Nfree: 980
Nscatter: 9019
Nlost: 1
omega: 3572.63
Ntraj: 10000
Nfree: 923
Nscatter: 9077
Nlost: 0
omega: 3717.47
Ntraj: 10000
Nfree: 958
Nscatter: 9042
Nlost: 0
omega: 3442.68
Ntraj: 10000
Nfree: 945
Nscatter: 9053
Nlost: 2
omega: 3944.55
Ntraj: 10000
Nfree: 948
Nscatter: 9052
Nlost: 0
omega: 3824.08
Ntraj: 10000
Nfree: 974
Nscatter: 9026
Nlost: 0
omega: 3727.44
Ntraj: 10000
Nfree: 944
Nscatter: 9056
Nlost: 0
omega: 3692.03
Ntraj: 10000
Nfree: 929
Nscatter: 9071
Nlost: 0
omega: 3636.7
Ntraj: 10000
Nfree: 975
Nscatter: 9024
Nlost: 1
omega: 3793.55
Ntraj: 10000
Nfree: 992
Nscatter: 9008
Nlost: 0
omega: 3868
*********************************************************
task: 0
worker id: 71991
time create lcl and mol: 0.000853062 s
numbers of trajectories: 4546
time trajectory calculation: 0.940763 s
task: 1
worker id: 87645
time create lcl and mol: 0.000921011 s
numbers of trajectories: 4546
time trajectory calculation: 0.477406 s
task: 2
worker id: 71991
time create lcl and mol: 0.000963926 s
numbers of trajectories: 4546
time trajectory calculation: 0.455918 s
task: 3
worker id: 1293
time create lcl and mol: 0.000905037 s
numbers of trajectories: 4546
time trajectory calculation: 0.501782 s
task: 4
worker id: 7789
time create lcl and mol: 0.000900984 s
numbers of trajectories: 4546
time trajectory calculation: 0.476846 s
task: 5
worker id: 46901
time create lcl and mol: 0.000830889 s
numbers of trajectories: 4546
time trajectory calculation: 0.446199 s
task: 6
worker id: 36277
time create lcl and mol: 0.000756979 s
numbers of trajectories: 4546
time trajectory calculation: 0.508892 s
task: 7
worker id: 87645
time create lcl and mol: 0.000834942 s
numbers of trajectories: 4546
time trajectory calculation: 0.49134 s
task: 8
worker id: 51596
time create lcl and mol: 0.000874996 s
numbers of trajectories: 4546
time trajectory calculation: 1.56549 s
task: 9
worker id: 71991
time create lcl and mol: 0.000830889 s
numbers of trajectories: 4546
time trajectory calculation: 0.461799 s
task: 10
worker id: 1293
time create lcl and mol: 0.000987053 s
numbers of trajectories: 4545
time trajectory calculation: 0.585038 s
task: 11
worker id: 46901
time create lcl and mol: 0.000864029 s
numbers of trajectories: 4545
time trajectory calculation: 0.696906 s
task: 12
worker id: 39034
time create lcl and mol: 0.000911951 s
numbers of trajectories: 4545
time trajectory calculation: 0.441837 s
task: 13
worker id: 36277
time create lcl and mol: 0.000947952 s
numbers of trajectories: 4545
time trajectory calculation: 0.636501 s
task: 14
worker id: 87645
time create lcl and mol: 0.000927925 s
numbers of trajectories: 4545
time trajectory calculation: 0.448998 s
task: 15
worker id: 7789
time create lcl and mol: 0.000916004 s
numbers of trajectories: 4545
time trajectory calculation: 0.44383 s
task: 16
worker id: 39034
time create lcl and mol: 0.00088501 s
numbers of trajectories: 4545
time trajectory calculation: 0.45654 s
task: 17
worker id: 7789
time create lcl and mol: 0.000848055 s
numbers of trajectories: 4545
time trajectory calculation: 0.500333 s
task: 18
worker id: 39034
time create lcl and mol: 0.000936985 s
numbers of trajectories: 4545
time trajectory calculation: 1.13857 s
task: 19
worker id: 1293
time create lcl and mol: 0.000991106 s
numbers of trajectories: 4545
time trajectory calculation: 0.625415 s
task: 20
worker id: 46901
time create lcl and mol: 0.000836134 s
numbers of trajectories: 4545
time trajectory calculation: 0.569791 s
task: 21
worker id: 36277
time create lcl and mol: 0.000952005 s
numbers of trajectories: 4545
time trajectory calculation: 0.506159 s
CCS time: 2.11391 s
*********************************************************
average value of CCS = 3721.91 Ang^2
error value of CCS = 44.152 Ang^2
Total time: 2.13038 s
Program finished...
*********************************************************
INPUT:: Simulation Parameters 
*********************************************************
target filename                  : 03_3bsz_carga_14_min.xyz
number of probe                  : 10000
number of iterarions             : 10
number of tasks                  : 22
number of threads                : 24
seed number                      : 2104
gas buffer                       : He
Target Temperature (K)           : 298
timestep (fs)                    : 10
Skin cell size (Ang)             : 0.01
Equipotential                    : no
Cut short-range interaction      : yes
LJ cutoff (Ang)                  : 12
Apply long-range interaction     : yes
Cut long-range interaction       : yes
Coulomb cutoff (Ang)             : 25
Apply induced-dipole interaction : yes
alpha (Ang^3)                    : 0.204956
force_type: 4
*********************************************************
Force Field parameters: 
*********************************************************
Symbol  mass (amu)  epislon (kcal/mol)  sigma(Angstroms) 
C   12.011   0.0309   3.043
N   14.007   0.0309   3.043
H   1.008   0.015   2.38
O   15.999   0.0309   3.043
S   32.06   0.0311   3.5
*********************************************************
MOLECULE:: orientation around the inertia principal axis 
*********************************************************
Inertia matrix a.u. Ang^2: 
{  1.592e+07  -2.42743e+06  -2.87494e+06  }
{  -2.42743e+06  1.69711e+07  -604084  }
{  -2.87494e+06  -604084  1.74506e+07  }
Rotation matrix applied to molecule: 
{  0.6656  -0.394687  -0.633402  }
{  0.739056  0.466615  0.485867  }
{  0.10379  -0.791513  0.602275  }
Molecule radius: 36.1505 Ang 
orientation time of molecule target: 0.0075779 s
target mass: 52094.7 amu
gas mass: 4.0026 amu
reduce mass: 4.00229 amu
charge state: 13.9996 e
*********************************************************
Geometric Ellipsoid: 
*********************************************************
maximal distances: 23.5798  32.2083  34.2094  Ang
Initial axis length: 73.5898  82.2183  84.2194  Ang
Ellipsoid axis length: 77.4098  86.0383  88.0394  Ang
ellipsoid calculation time: 7.70092e-05 s
maximal impact parameter: 88.0394 Ang
*********************************************************
Linked-cell: 
Numbers of cells: 2925
Nx: 13 Ny: 15 Nz: 15
Filled cells: 110
Empty cells: 2815
Average atoms per cell: 66.3
Maximum atoms per cell: 197
Minimum atoms per cell: 1
Simulation box: 
lx: 156.13 Ang
ly: 180.15 Ang
lz: 180.15 Ang
linked-cell calculation time: 0.00346494 s
time info: 0.000282049 s
*********************************************************
Trajectory calculations 
*********************************************************
out target time: 2.53926 s
Ntraj: 10000
Nfree: 980
Nscatter: 9019
Nlost: 1
omega: 3572.63
Ntraj: 10000
Nfree: 923
Nscatter: 9077
Nlost: 0
omega: 3717.47
Ntraj: 10000
Nfree: 958
Nscatter: 9042
Nlost: 0
omega: 3442.68
Ntraj: 10000
Nfree: 945
Nscatter: 9053
Nlost: 2
omega: 3944.55
Ntraj: 10000
Nfree: 948
Nscatter: 9052
Nlost: 0
omega: 3824.08
Ntraj: 10000
Nfree: 974
Nscatter: 9026
Nlost: 0
omega: 3727.44
Ntraj: 10000
Nfree: 944
Nscatter: 9056
Nlost: 0
omega: 3692.03
Ntraj: 10000
Nfree: 929
Nscatter: 9071
Nlost: 0
omega: 3636.7
Ntraj: 10000
Nfree: 975
Nscatter: 9024
Nlost: 1
omega: 3793.55
Ntraj: 10000
Nfree: 992
Nscatter: 9008
Nlost: 0
omega: 3868
*********************************************************
task: 0
worker id: 87747
time create lcl and mol: 0.000861883 s
numbers of trajectories: 4546
time trajectory calculation: 1.03252 s
task: 1
worker id: 7891
time create lcl and mol: 0.000855923 s
numbers of trajectories: 4546
time trajectory calculation: 0.49856 s
task: 2
worker id: 51697
time create lcl and mol: 0.000854969 s
numbers of trajectories: 4546
time trajectory calculation: 0.472202 s
task: 3
worker id: 36377
time create lcl and mol: 0.000874996 s
numbers of trajectories: 4546
time trajectory calculation: 0.490829 s
task: 4
worker id: 1407
time create lcl and mol: 0.000854969 s
numbers of trajectories: 4546
time trajectory calculation: 0.489737 s
task: 5
worker id: 39135
time create lcl and mol: 0.000907898 s
numbers of trajectories: 4546
time trajectory calculation: 0.456569 s
task: 6
worker id: 72091
time create lcl and mol: 0.000861168 s
numbers of trajectories: 4546
time trajectory calculation: 0.500283 s
task: 7
worker id: 47003
time create lcl and mol: 0.000849009 s
numbers of trajectories: 4546
time trajectory calculation: 0.487404 s
task: 8
worker id: 39135
time create lcl and mol: 0.000957012 s
numbers of trajectories: 4546
time trajectory calculation: 1.50687 s
task: 9
worker id: 39135
time create lcl and mol: 0.00100422 s
numbers of trajectories: 4546
time trajectory calculation: 0.482583 s
task: 10
worker id: 47003
time create lcl and mol: 0.000956059 s
numbers of trajectories: 4545
time trajectory calculation: 0.526302 s
task: 11
worker id: 72091
time create lcl and mol: 0.000953913 s
numbers of trajectories: 4545
time trajectory calculation: 0.735464 s
task: 12
worker id: 36377
time create lcl and mol: 0.000951052 s
numbers of trajectories: 4545
time trajectory calculation: 0.46152 s
task: 13
worker id: 1407
time create lcl and mol: 0.000957012 s
numbers of trajectories: 4545
time trajectory calculation: 0.598939 s
task: 14
worker id: 51697
time create lcl and mol: 0.000957966 s
numbers of trajectories: 4545
time trajectory calculation: 0.455626 s
task: 15
worker id: 7891
time create lcl and mol: 0.000910997 s
numbers of trajectories: 4545
time trajectory calculation: 0.444871 s
task: 16
worker id: 72091
time create lcl and mol: 0.000916004 s
numbers of trajectories: 4545
time trajectory calculation: 0.439876 s
task: 17
worker id: 47003
time create lcl and mol: 0.000921965 s
numbers of trajectories: 4545
time trajectory calculation: 0.490909 s
task: 18
worker id: 51697
time create lcl and mol: 0.000945807 s
numbers of trajectories: 4545
time trajectory calculation: 1.13307 s
task: 19
worker id: 87747
time create lcl and mol: 0.000840902 s
numbers of trajectories: 4545
time trajectory calculation: 0.616042 s
task: 20
worker id: 7891
time create lcl and mol: 0.000941992 s
numbers of trajectories: 4545
time trajectory calculation: 0.531977 s
task: 21
worker id: 36377
time create lcl and mol: 0.000957012 s
numbers of trajectories: 4545
time trajectory calculation: 0.507723 s
CCS time: 2.54714 s
*********************************************************
average value of CCS = 3721.91 Ang^2
error value of CCS = 44.152 Ang^2
Total time: 2.56352 s
Program finished...
*********************************************************
INPUT:: Simulation Parameters 
*********************************************************
target filename                  : 03_3bsz_carga_14_min.xyz
number of probe                  : 10000
number of iterarions             : 10
number of tasks                  : 22
number of threads                : 24
seed number                      : 2104
gas buffer                       : He
Target Temperature (K)           : 298
timestep (fs)                    : 10
Skin cell size (Ang)             : 0.01
Equipotential                    : no
Cut short-range interaction      : yes
LJ cutoff (Ang)                  : 12
Apply long-range interaction     : yes
Cut long-range interaction       : yes
Coulomb cutoff (Ang)             : 25
Apply induced-dipole interaction : yes
alpha (Ang^3)                    : 0.204956
force_type: 4
*********************************************************
Force Field parameters: 
*********************************************************
Symbol  mass (amu)  epislon (kcal/mol)  sigma(Angstroms) 
C   12.011   0.0309   3.043
N   14.007   0.0309   3.043
H   1.008   0.015   2.38
O   15.999   0.0309   3.043
S   32.06   0.0311   3.5
*********************************************************
MOLECULE:: orientation around the inertia principal axis 
*********************************************************
Inertia matrix a.u. Ang^2: 
{  1.592e+07  -2.42743e+06  -2.87494e+06  }
{  -2.42743e+06  1.69711e+07  -604084  }
{  -2.87494e+06  -604084  1.74506e+07  }
Rotation matrix applied to molecule: 
{  0.6656  -0.394687  -0.633402  }
{  0.739056  0.466615  0.485867  }
{  0.10379  -0.791513  0.602275  }
Molecule radius: 36.1505 Ang 
orientation time of molecule target: 0.00756812 s
target mass: 52094.7 amu
gas mass: 4.0026 amu
reduce mass: 4.00229 amu
charge state: 13.9996 e
*********************************************************
Geometric Ellipsoid: 
*********************************************************
maximal distances: 23.5798  32.2083  34.2094  Ang
Initial axis length: 73.5898  82.2183  84.2194  Ang
Ellipsoid axis length: 77.4098  86.0383  88.0394  Ang
ellipsoid calculation time: 8.39233e-05 s
maximal impact parameter: 88.0394 Ang
*********************************************************
Linked-cell: 
Numbers of cells: 2925
Nx: 13 Ny: 15 Nz: 15
Filled cells: 110
Empty cells: 2815
Average atoms per cell: 66.3
Maximum atoms per cell: 197
Minimum atoms per cell: 1
Simulation box: 
lx: 156.13 Ang
ly: 180.15 Ang
lz: 180.15 Ang
linked-cell calculation time: 0.00353193 s
time info: 0.000263929 s
*********************************************************
Trajectory calculations 
*********************************************************
out target time: 2.64293 s
Ntraj: 10000
Nfree: 980
Nscatter: 9019
Nlost: 1
omega: 3572.63
Ntraj: 10000
Nfree: 923
Nscatter: 9077
Nlost: 0
omega: 3717.47
Ntraj: 10000
Nfree: 958
Nscatter: 9042
Nlost: 0
omega: 3442.68
Ntraj: 10000
Nfree: 945
Nscatter: 9053
Nlost: 2
omega: 3944.55
Ntraj: 10000
Nfree: 948
Nscatter: 9052
Nlost: 0
omega: 3824.08
Ntraj: 10000
Nfree: 974
Nscatter: 9026
Nlost: 0
omega: 3727.44
Ntraj: 10000
Nfree: 944
Nscatter: 9056
Nlost: 0
omega: 3692.03
Ntraj: 10000
Nfree: 929
Nscatter: 9071
Nlost: 0
omega: 3636.7
Ntraj: 10000
Nfree: 975
Nscatter: 9024
Nlost: 1
omega: 3793.55
Ntraj: 10000
Nfree: 992
Nscatter: 9008
Nlost: 0
omega: 3868
*********************************************************
task: 0
worker id: 39226
time create lcl and mol: 0.000865936 s
numbers of trajectories: 4546
time trajectory calculation: 0.958529 s
task: 1
worker id: 72183
time create lcl and mol: 0.000952959 s
numbers of trajectories: 4546
time trajectory calculation: 0.494563 s
task: 2
worker id: 1514
time create lcl and mol: 0.00108194 s
numbers of trajectories: 4546
time trajectory calculation: 0.470944 s
task: 3
worker id: 72183
time create lcl and mol: 0.000951052 s
numbers of trajectories: 4546
time trajectory calculation: 0.480822 s
task: 4
worker id: 72183
time create lcl and mol: 0.000854015 s
numbers of trajectories: 4546
time trajectory calculation: 0.49879 s
task: 5
worker id: 7983
time create lcl and mol: 0.00090313 s
numbers of trajectories: 4546
time trajectory calculation: 0.424992 s
task: 6
worker id: 39226
time create lcl and mol: 0.000838041 s
numbers of trajectories: 4546
time trajectory calculation: 0.483179 s
task: 7
worker id: 7983
time create lcl and mol: 0.000921011 s
numbers of trajectories: 4546
time trajectory calculation: 0.459031 s
task: 8
worker id: 1514
time create lcl and mol: 0.000937939 s
numbers of trajectories: 4546
time trajectory calculation: 1.53079 s
task: 9
worker id: 51785
time create lcl and mol: 0.000895023 s
numbers of trajectories: 4546
time trajectory calculation: 0.463735 s
task: 10
worker id: 1514
time create lcl and mol: 0.000940084 s
numbers of trajectories: 4545
time trajectory calculation: 0.570488 s
task: 11
worker id: 51785
time create lcl and mol: 0.00090003 s
numbers of trajectories: 4545
time trajectory calculation: 0.6987 s
task: 12
worker id: 87837
time create lcl and mol: 0.00090313 s
numbers of trajectories: 4545
time trajectory calculation: 0.46169 s
task: 13
worker id: 36465
time create lcl and mol: 0.000829935 s
numbers of trajectories: 4545
time trajectory calculation: 0.651025 s
task: 14
worker id: 87837
time create lcl and mol: 0.000810862 s
numbers of trajectories: 4545
time trajectory calculation: 0.485346 s
task: 15
worker id: 7983
time create lcl and mol: 0.000822067 s
numbers of trajectories: 4545
time trajectory calculation: 0.449704 s
task: 16
worker id: 47091
time create lcl and mol: 0.00103211 s
numbers of trajectories: 4545
time trajectory calculation: 0.453277 s
task: 17
worker id: 51785
time create lcl and mol: 0.000838995 s
numbers of trajectories: 4545
time trajectory calculation: 0.51713 s
task: 18
worker id: 47091
time create lcl and mol: 0.000910997 s
numbers of trajectories: 4545
time trajectory calculation: 1.17033 s
task: 19
worker id: 87837
time create lcl and mol: 0.000911951 s
numbers of trajectories: 4545
time trajectory calculation: 0.644909 s
task: 20
worker id: 36465
time create lcl and mol: 0.000882149 s
numbers of trajectories: 4545
time trajectory calculation: 0.529965 s
task: 21
worker id: 47091
time create lcl and mol: 0.000937223 s
numbers of trajectories: 4545
time trajectory calculation: 0.497658 s
CCS time: 2.65082 s
*********************************************************
average value of CCS = 3721.91 Ang^2
error value of CCS = 44.152 Ang^2
Total time: 2.66724 s
Program finished...
*********************************************************
INPUT:: Simulation Parameters 
*********************************************************
target filename                  : 03_3bsz_carga_14_min.xyz
number of probe                  : 10000
number of iterarions             : 10
number of tasks                  : 22
number of threads                : 24
seed number                      : 2104
gas buffer                       : He
Target Temperature (K)           : 298
timestep (fs)                    : 10
Skin cell size (Ang)             : 0.01
Equipotential                    : no
Cut short-range interaction      : yes
LJ cutoff (Ang)                  : 12
Apply long-range interaction     : yes
Cut long-range interaction       : yes
Coulomb cutoff (Ang)             : 25
Apply induced-dipole interaction : yes
alpha (Ang^3)                    : 0.204956
force_type: 4
*********************************************************
Force Field parameters: 
*********************************************************
Symbol  mass (amu)  epislon (kcal/mol)  sigma(Angstroms) 
C   12.011   0.0309   3.043
N   14.007   0.0309   3.043
H   1.008   0.015   2.38
O   15.999   0.0309   3.043
S   32.06   0.0311   3.5
*********************************************************
MOLECULE:: orientation around the inertia principal axis 
*********************************************************
Inertia matrix a.u. Ang^2: 
{  1.592e+07  -2.42743e+06  -2.87494e+06  }
{  -2.42743e+06  1.69711e+07  -604084  }
{  -2.87494e+06  -604084  1.74506e+07  }
Rotation matrix applied to molecule: 
{  0.6656  -0.394687  -0.633402  }
{  0.739056  0.466615  0.485867  }
{  0.10379  -0.791513  0.602275  }
Molecule radius: 36.1505 Ang 
orientation time of molecule target: 0.0075779 s
target mass: 52094.7 amu
gas mass: 4.0026 amu
reduce mass: 4.00229 amu
charge state: 13.9996 e
*********************************************************
Geometric Ellipsoid: 
*********************************************************
maximal distances: 23.5798  32.2083  34.2094  Ang
Initial axis length: 73.5898  82.2183  84.2194  Ang
Ellipsoid axis length: 77.4098  86.0383  88.0394  Ang
ellipsoid calculation time: 7.89165e-05 s
maximal impact parameter: 88.0394 Ang
*********************************************************
Linked-cell: 
Numbers of cells: 2925
Nx: 13 Ny: 15 Nz: 15
Filled cells: 110
Empty cells: 2815
Average atoms per cell: 66.3
Maximum atoms per cell: 197
Minimum atoms per cell: 1
Simulation box: 
lx: 156.13 Ang
ly: 180.15 Ang
lz: 180.15 Ang
linked-cell calculation time: 0.00350904 s
time info: 0.000266075 s
*********************************************************
Trajectory calculations 
*********************************************************
out target time: 2.58354 s
Ntraj: 10000
Nfree: 980
Nscatter: 9019
Nlost: 1
omega: 3572.63
Ntraj: 10000
Nfree: 923
Nscatter: 9077
Nlost: 0
omega: 3717.47
Ntraj: 10000
Nfree: 958
Nscatter: 9042
Nlost: 0
omega: 3442.68
Ntraj: 10000
Nfree: 945
Nscatter: 9053
Nlost: 2
omega: 3944.55
Ntraj: 10000
Nfree: 948
Nscatter: 9052
Nlost: 0
omega: 3824.08
Ntraj: 10000
Nfree: 974
Nscatter: 9026
Nlost: 0
omega: 3727.44
Ntraj: 10000
Nfree: 944
Nscatter: 9056
Nlost: 0
omega: 3692.03
Ntraj: 10000
Nfree: 929
Nscatter: 9071
Nlost: 0
omega: 3636.7
Ntraj: 10000
Nfree: 975
Nscatter: 9024
Nlost: 1
omega: 3793.55
Ntraj: 10000
Nfree: 992
Nscatter: 9008
Nlost: 0
omega: 3868
*********************************************************
task: 0
worker id: 52182
time create lcl and mol: 0.000823021 s
numbers of trajectories: 4546
time trajectory calculation: 1.00623 s
task: 1
worker id: 88234
time create lcl and mol: 0.000899076 s
numbers of trajectories: 4546
time trajectory calculation: 0.501467 s
task: 2
worker id: 47489
time create lcl and mol: 0.000874043 s
numbers of trajectories: 4546
time trajectory calculation: 0.455501 s
task: 3
worker id: 52182
time create lcl and mol: 0.000847101 s
numbers of trajectories: 4546
time trajectory calculation: 0.47509 s
task: 4
worker id: 47489
time create lcl and mol: 0.000957966 s
numbers of trajectories: 4546
time trajectory calculation: 0.487313 s
task: 5
worker id: 8378
time create lcl and mol: 0.00102711 s
numbers of trajectories: 4546
time trajectory calculation: 0.432613 s
task: 6
worker id: 1942
time create lcl and mol: 0.000873089 s
numbers of trajectories: 4546
time trajectory calculation: 0.500595 s
task: 7
worker id: 72582
time create lcl and mol: 0.000867844 s
numbers of trajectories: 4546
time trajectory calculation: 0.486324 s
task: 8
worker id: 88234
time create lcl and mol: 0.000955105 s
numbers of trajectories: 4546
time trajectory calculation: 1.43111 s
task: 9
worker id: 8378
time create lcl and mol: 0.000885963 s
numbers of trajectories: 4546
time trajectory calculation: 0.469542 s
task: 10
worker id: 39625
time create lcl and mol: 0.000878096 s
numbers of trajectories: 4545
time trajectory calculation: 0.540498 s
task: 11
worker id: 8378
time create lcl and mol: 0.000913143 s
numbers of trajectories: 4545
time trajectory calculation: 0.698314 s
task: 12
worker id: 36863
time create lcl and mol: 0.00090909 s
numbers of trajectories: 4545
time trajectory calculation: 0.45415 s
task: 13
worker id: 1942
time create lcl and mol: 0.000901937 s
numbers of trajectories: 4545
time trajectory calculation: 0.597437 s
task: 14
worker id: 72582
time create lcl and mol: 0.000936031 s
numbers of trajectories: 4545
time trajectory calculation: 0.461824 s
task: 15
worker id: 36863
time create lcl and mol: 0.000859976 s
numbers of trajectories: 4545
time trajectory calculation: 0.451563 s
task: 16
worker id: 1942
time create lcl and mol: 0.000920057 s
numbers of trajectories: 4545
time trajectory calculation: 0.447063 s
task: 17
worker id: 36863
time create lcl and mol: 0.000909805 s
numbers of trajectories: 4545
time trajectory calculation: 0.49178 s
task: 18
worker id: 39625
time create lcl and mol: 0.000852823 s
numbers of trajectories: 4545
time trajectory calculation: 1.12043 s
task: 19
worker id: 88234
time create lcl and mol: 0.000987053 s
numbers of trajectories: 4545
time trajectory calculation: 0.578419 s
task: 20
worker id: 72582
time create lcl and mol: 0.000933886 s
numbers of trajectories: 4545
time trajectory calculation: 0.540767 s
task: 21
worker id: 47489
time create lcl and mol: 0.000946999 s
numbers of trajectories: 4545
time trajectory calculation: 0.493878 s
CCS time: 2.5915 s
*********************************************************
average value of CCS = 3721.91 Ang^2
error value of CCS = 44.152 Ang^2
Total time: 2.60798 s
Program finished...
*********************************************************
INPUT:: Simulation Parameters 
*********************************************************
target filename                  : 03_3bsz_carga_14_min.xyz
number of probe                  : 10000
number of iterarions             : 10
number of tasks                  : 22
number of threads                : 24
seed number                      : 2104
gas buffer                       : He
Target Temperature (K)           : 298
timestep (fs)                    : 10
Skin cell size (Ang)             : 0.01
Equipotential                    : no
Cut short-range interaction      : yes
LJ cutoff (Ang)                  : 12
Apply long-range interaction     : yes
Cut long-range interaction       : yes
Coulomb cutoff (Ang)             : 25
Apply induced-dipole interaction : yes
alpha (Ang^3)                    : 0.204956
force_type: 4
*********************************************************
Force Field parameters: 
*********************************************************
Symbol  mass (amu)  epislon (kcal/mol)  sigma(Angstroms) 
C   12.011   0.0309   3.043
N   14.007   0.0309   3.043
H   1.008   0.015   2.38
O   15.999   0.0309   3.043
S   32.06   0.0311   3.5
*********************************************************
MOLECULE:: orientation around the inertia principal axis 
*********************************************************
Inertia matrix a.u. Ang^2: 
{  1.592e+07  -2.42743e+06  -2.87494e+06  }
{  -2.42743e+06  1.69711e+07  -604084  }
{  -2.87494e+06  -604084  1.74506e+07  }
Rotation matrix applied to molecule: 
{  0.6656  -0.394687  -0.633402  }
{  0.739056  0.466615  0.485867  }
{  0.10379  -0.791513  0.602275  }
Molecule radius: 36.1505 Ang 
orientation time of molecule target: 0.00767899 s
target mass: 52094.7 amu
gas mass: 4.0026 amu
reduce mass: 4.00229 amu
charge state: 13.9996 e
*********************************************************
Geometric Ellipsoid: 
*********************************************************
maximal distances: 23.5798  32.2083  34.2094  Ang
Initial axis length: 73.5898  82.2183  84.2194  Ang
Ellipsoid axis length: 77.4098  86.0383  88.0394  Ang
ellipsoid calculation time: 8.2016e-05 s
maximal impact parameter: 88.0394 Ang
*********************************************************
Linked-cell: 
Numbers of cells: 2925
Nx: 13 Ny: 15 Nz: 15
Filled cells: 110
Empty cells: 2815
Average atoms per cell: 66.3
Maximum atoms per cell: 197
Minimum atoms per cell: 1
Simulation box: 
lx: 156.13 Ang
ly: 180.15 Ang
lz: 180.15 Ang
linked-cell calculation time: 0.00350404 s
time info: 0.00026083 s
*********************************************************
Trajectory calculations 
*********************************************************
out target time: 2.63662 s
Ntraj: 10000
Nfree: 980
Nscatter: 9019
Nlost: 1
omega: 3572.63
Ntraj: 10000
Nfree: 923
Nscatter: 9077
Nlost: 0
omega: 3717.47
Ntraj: 10000
Nfree: 958
Nscatter: 9042
Nlost: 0
omega: 3442.68
Ntraj: 10000
Nfree: 945
Nscatter: 9053
Nlost: 2
omega: 3944.55
Ntraj: 10000
Nfree: 948
Nscatter: 9052
Nlost: 0
omega: 3824.08
Ntraj: 10000
Nfree: 974
Nscatter: 9026
Nlost: 0
omega: 3727.44
Ntraj: 10000
Nfree: 944
Nscatter: 9056
Nlost: 0
omega: 3692.03
Ntraj: 10000
Nfree: 929
Nscatter: 9071
Nlost: 0
omega: 3636.7
Ntraj: 10000
Nfree: 975
Nscatter: 9024
Nlost: 1
omega: 3793.55
Ntraj: 10000
Nfree: 992
Nscatter: 9008
Nlost: 0
omega: 3868
*********************************************************
task: 0
worker id: 52273
time create lcl and mol: 0.000850201 s
numbers of trajectories: 4546
time trajectory calculation: 1.03879 s
task: 1
worker id: 2047
time create lcl and mol: 0.000883102 s
numbers of trajectories: 4546
time trajectory calculation: 0.537203 s
task: 2
worker id: 72672
time create lcl and mol: 0.000819921 s
numbers of trajectories: 4546
time trajectory calculation: 0.507027 s
task: 3
worker id: 8471
time create lcl and mol: 0.000885963 s
numbers of trajectories: 4546
time trajectory calculation: 0.522125 s
task: 4
worker id: 88324
time create lcl and mol: 0.000854969 s
numbers of trajectories: 4546
time trajectory calculation: 0.526504 s
task: 5
worker id: 36956
time create lcl and mol: 0.000860929 s
numbers of trajectories: 4546
time trajectory calculation: 0.483931 s
task: 6
worker id: 39714
time create lcl and mol: 0.000868082 s
numbers of trajectories: 4546
time trajectory calculation: 0.52883 s
task: 7
worker id: 47580
time create lcl and mol: 0.000833035 s
numbers of trajectories: 4546
time trajectory calculation: 0.516811 s
task: 8
worker id: 52273
time create lcl and mol: 0.000887871 s
numbers of trajectories: 4546
time trajectory calculation: 1.54349 s
task: 9
worker id: 39714
time create lcl and mol: 0.00093317 s
numbers of trajectories: 4546
time trajectory calculation: 0.480835 s
task: 10
worker id: 8471
time create lcl and mol: 0.00090909 s
numbers of trajectories: 4545
time trajectory calculation: 0.570141 s
task: 11
worker id: 88324
time create lcl and mol: 0.000934124 s
numbers of trajectories: 4545
time trajectory calculation: 0.761938 s
task: 12
worker id: 39714
time create lcl and mol: 0.000880003 s
numbers of trajectories: 4545
time trajectory calculation: 0.461554 s
task: 13
worker id: 2047
time create lcl and mol: 0.000896931 s
numbers of trajectories: 4545
time trajectory calculation: 0.66811 s
task: 14
worker id: 36956
time create lcl and mol: 0.000920057 s
numbers of trajectories: 4545
time trajectory calculation: 0.468049 s
task: 15
worker id: 36956
time create lcl and mol: 0.000946999 s
numbers of trajectories: 4545
time trajectory calculation: 0.50192 s
task: 16
worker id: 47580
time create lcl and mol: 0.000862837 s
numbers of trajectories: 4545
time trajectory calculation: 0.445649 s
task: 17
worker id: 8471
time create lcl and mol: 0.000972986 s
numbers of trajectories: 4545
time trajectory calculation: 0.492365 s
task: 18
worker id: 72672
time create lcl and mol: 0.000858068 s
numbers of trajectories: 4545
time trajectory calculation: 1.15282 s
task: 19
worker id: 47580
time create lcl and mol: 0.000812054 s
numbers of trajectories: 4545
time trajectory calculation: 0.580028 s
task: 20
worker id: 2047
time create lcl and mol: 0.000814915 s
numbers of trajectories: 4545
time trajectory calculation: 0.520634 s
task: 21
worker id: 72672
time create lcl and mol: 0.00104499 s
numbers of trajectories: 4545
time trajectory calculation: 0.521342 s
CCS time: 2.6445 s
*********************************************************
average value of CCS = 3721.91 Ang^2
error value of CCS = 44.152 Ang^2
Total time: 2.66104 s
Program finished...
