*********************************************************
INPUT:: Simulation Parameters 
*********************************************************
target filename                  : 03_3bsz_carga_14_min.xyz
number of probe                  : 10000
number of iterarions             : 10
number of tasks                  : 28
number of threads                : 24
seed number                      : 2104
gas buffer                       : He
Target Temperature (K)           : 298
timestep (fs)                    : 10
Skin cell size (Ang)             : 0.01
Equipotential                    : no
Cut short-range interaction      : yes
LJ cutoff (Ang)                  : 12
Apply long-range interaction     : yes
Cut long-range interaction       : yes
Coulomb cutoff (Ang)             : 25
Apply induced-dipole interaction : yes
alpha (Ang^3)                    : 0.204956
force_type: 4
*********************************************************
Force Field parameters: 
*********************************************************
Symbol  mass (amu)  epislon (kcal/mol)  sigma(Angstroms) 
C   12.011   0.0309   3.043
N   14.007   0.0309   3.043
H   1.008   0.015   2.38
O   15.999   0.0309   3.043
S   32.06   0.0311   3.5
*********************************************************
MOLECULE:: orientation around the inertia principal axis 
*********************************************************
Inertia matrix a.u. Ang^2: 
{  1.592e+07  -2.42743e+06  -2.87494e+06  }
{  -2.42743e+06  1.69711e+07  -604084  }
{  -2.87494e+06  -604084  1.74506e+07  }
Rotation matrix applied to molecule: 
{  0.6656  -0.394687  -0.633402  }
{  0.739056  0.466615  0.485867  }
{  0.10379  -0.791513  0.602275  }
Molecule radius: 36.1505 Ang 
orientation time of molecule target: 0.00797009 s
target mass: 52094.7 amu
gas mass: 4.0026 amu
reduce mass: 4.00229 amu
charge state: 13.9996 e
*********************************************************
Geometric Ellipsoid: 
*********************************************************
maximal distances: 23.5798  32.2083  34.2094  Ang
Initial axis length: 73.5898  82.2183  84.2194  Ang
Ellipsoid axis length: 77.4098  86.0383  88.0394  Ang
ellipsoid calculation time: 8.29697e-05 s
maximal impact parameter: 88.0394 Ang
*********************************************************
Linked-cell: 
Numbers of cells: 2925
Nx: 13 Ny: 15 Nz: 15
Filled cells: 110
Empty cells: 2815
Average atoms per cell: 66.3
Maximum atoms per cell: 197
Minimum atoms per cell: 1
Simulation box: 
lx: 156.13 Ang
ly: 180.15 Ang
lz: 180.15 Ang
linked-cell calculation time: 0.0036459 s
time info: 0.000270844 s
*********************************************************
Trajectory calculations 
*********************************************************
out target time: 2.40728 s
Ntraj: 10000
Nfree: 980
Nscatter: 9019
Nlost: 1
omega: 3572.63
Ntraj: 10000
Nfree: 923
Nscatter: 9077
Nlost: 0
omega: 3717.47
Ntraj: 10000
Nfree: 958
Nscatter: 9042
Nlost: 0
omega: 3442.68
Ntraj: 10000
Nfree: 945
Nscatter: 9053
Nlost: 2
omega: 3944.55
Ntraj: 10000
Nfree: 948
Nscatter: 9052
Nlost: 0
omega: 3824.08
Ntraj: 10000
Nfree: 974
Nscatter: 9026
Nlost: 0
omega: 3727.44
Ntraj: 10000
Nfree: 944
Nscatter: 9056
Nlost: 0
omega: 3692.03
Ntraj: 10000
Nfree: 929
Nscatter: 9071
Nlost: 0
omega: 3636.7
Ntraj: 10000
Nfree: 975
Nscatter: 9024
Nlost: 1
omega: 3793.55
Ntraj: 10000
Nfree: 992
Nscatter: 9008
Nlost: 0
omega: 3868
*********************************************************
task: 0
worker id: 31566
time create lcl and mol: 0.000943899 s
numbers of trajectories: 3572
time trajectory calculation: 0.888672 s
task: 1
worker id: 742
time create lcl and mol: 0.000867128 s
numbers of trajectories: 3572
time trajectory calculation: 0.392887 s
task: 2
worker id: 80200
time create lcl and mol: 0.000850916 s
numbers of trajectories: 3572
time trajectory calculation: 0.377187 s
task: 3
worker id: 39472
time create lcl and mol: 0.000957012 s
numbers of trajectories: 3572
time trajectory calculation: 0.361355 s
task: 4
worker id: 28899
time create lcl and mol: 0.00111508 s
numbers of trajectories: 3572
time trajectory calculation: 0.415539 s
task: 5
worker id: 31566
time create lcl and mol: 0.000888824 s
numbers of trajectories: 3572
time trajectory calculation: 0.389967 s
task: 6
worker id: 97827
time create lcl and mol: 0.000861883 s
numbers of trajectories: 3572
time trajectory calculation: 0.403272 s
task: 7
worker id: 44111
time create lcl and mol: 0.000822067 s
numbers of trajectories: 3572
time trajectory calculation: 0.386827 s
task: 8
worker id: 64574
time create lcl and mol: 0.000969887 s
numbers of trajectories: 3572
time trajectory calculation: 0.470988 s
task: 9
worker id: 39472
time create lcl and mol: 0.000829935 s
numbers of trajectories: 3572
time trajectory calculation: 0.3658 s
task: 10
worker id: 742
time create lcl and mol: 0.000936031 s
numbers of trajectories: 3572
time trajectory calculation: 1.5353 s
task: 11
worker id: 31566
time create lcl and mol: 0.000952005 s
numbers of trajectories: 3572
time trajectory calculation: 0.370727 s
task: 12
worker id: 97827
time create lcl and mol: 0.000948906 s
numbers of trajectories: 3571
time trajectory calculation: 0.380326 s
task: 13
worker id: 44111
time create lcl and mol: 0.000845909 s
numbers of trajectories: 3571
time trajectory calculation: 0.486535 s
task: 14
worker id: 44111
time create lcl and mol: 0.000896931 s
numbers of trajectories: 3571
time trajectory calculation: 0.712958 s
task: 15
worker id: 742
time create lcl and mol: 0.000911951 s
numbers of trajectories: 3571
time trajectory calculation: 0.378339 s
task: 16
worker id: 28899
time create lcl and mol: 0.000896931 s
numbers of trajectories: 3571
time trajectory calculation: 0.368386 s
task: 17
worker id: 80200
time create lcl and mol: 0.000948906 s
numbers of trajectories: 3571
time trajectory calculation: 0.563393 s
task: 18
worker id: 64574
time create lcl and mol: 0.000921965 s
numbers of trajectories: 3571
time trajectory calculation: 0.380472 s
task: 19
worker id: 31566
time create lcl and mol: 0.000948906 s
numbers of trajectories: 3571
time trajectory calculation: 0.34884 s
task: 20
worker id: 64574
time create lcl and mol: 0.00096488 s
numbers of trajectories: 3571
time trajectory calculation: 0.340905 s
task: 21
worker id: 97827
time create lcl and mol: 0.000948906 s
numbers of trajectories: 3571
time trajectory calculation: 0.506812 s
task: 22
worker id: 28899
time create lcl and mol: 0.000954866 s
numbers of trajectories: 3571
time trajectory calculation: 0.426062 s
task: 23
worker id: 64574
time create lcl and mol: 0.000948906 s
numbers of trajectories: 3571
time trajectory calculation: 1.11969 s
task: 24
worker id: 39472
time create lcl and mol: 0.000908136 s
numbers of trajectories: 3571
time trajectory calculation: 0.384487 s
task: 25
worker id: 80200
time create lcl and mol: 0.000835896 s
numbers of trajectories: 3571
time trajectory calculation: 0.36386 s
task: 26
worker id: 39472
time create lcl and mol: 0.000933886 s
numbers of trajectories: 3571
time trajectory calculation: 0.410747 s
task: 27
worker id: 28899
time create lcl and mol: 0.000897169 s
numbers of trajectories: 3571
time trajectory calculation: 0.387185 s
CCS time: 2.41555 s
*********************************************************
average value of CCS = 3721.91 Ang^2
error value of CCS = 44.152 Ang^2
Total time: 2.43264 s
Program finished...
*********************************************************
INPUT:: Simulation Parameters 
*********************************************************
target filename                  : 03_3bsz_carga_14_min.xyz
number of probe                  : 10000
number of iterarions             : 10
number of tasks                  : 28
number of threads                : 24
seed number                      : 2104
gas buffer                       : He
Target Temperature (K)           : 298
timestep (fs)                    : 10
Skin cell size (Ang)             : 0.01
Equipotential                    : no
Cut short-range interaction      : yes
LJ cutoff (Ang)                  : 12
Apply long-range interaction     : yes
Cut long-range interaction       : yes
Coulomb cutoff (Ang)             : 25
Apply induced-dipole interaction : yes
alpha (Ang^3)                    : 0.204956
force_type: 4
*********************************************************
Force Field parameters: 
*********************************************************
Symbol  mass (amu)  epislon (kcal/mol)  sigma(Angstroms) 
C   12.011   0.0309   3.043
N   14.007   0.0309   3.043
H   1.008   0.015   2.38
O   15.999   0.0309   3.043
S   32.06   0.0311   3.5
*********************************************************
MOLECULE:: orientation around the inertia principal axis 
*********************************************************
Inertia matrix a.u. Ang^2: 
{  1.592e+07  -2.42743e+06  -2.87494e+06  }
{  -2.42743e+06  1.69711e+07  -604084  }
{  -2.87494e+06  -604084  1.74506e+07  }
Rotation matrix applied to molecule: 
{  0.6656  -0.394687  -0.633402  }
{  0.739056  0.466615  0.485867  }
{  0.10379  -0.791513  0.602275  }
Molecule radius: 36.1505 Ang 
orientation time of molecule target: 0.0077219 s
target mass: 52094.7 amu
gas mass: 4.0026 amu
reduce mass: 4.00229 amu
charge state: 13.9996 e
*********************************************************
Geometric Ellipsoid: 
*********************************************************
maximal distances: 23.5798  32.2083  34.2094  Ang
Initial axis length: 73.5898  82.2183  84.2194  Ang
Ellipsoid axis length: 77.4098  86.0383  88.0394  Ang
ellipsoid calculation time: 8.08239e-05 s
maximal impact parameter: 88.0394 Ang
*********************************************************
Linked-cell: 
Numbers of cells: 2925
Nx: 13 Ny: 15 Nz: 15
Filled cells: 110
Empty cells: 2815
Average atoms per cell: 66.3
Maximum atoms per cell: 197
Minimum atoms per cell: 1
Simulation box: 
lx: 156.13 Ang
ly: 180.15 Ang
lz: 180.15 Ang
linked-cell calculation time: 0.00348997 s
time info: 0.000267982 s
*********************************************************
Trajectory calculations 
*********************************************************
out target time: 2.39144 s
Ntraj: 10000
Nfree: 980
Nscatter: 9019
Nlost: 1
omega: 3572.63
Ntraj: 10000
Nfree: 923
Nscatter: 9077
Nlost: 0
omega: 3717.47
Ntraj: 10000
Nfree: 958
Nscatter: 9042
Nlost: 0
omega: 3442.68
Ntraj: 10000
Nfree: 945
Nscatter: 9053
Nlost: 2
omega: 3944.55
Ntraj: 10000
Nfree: 948
Nscatter: 9052
Nlost: 0
omega: 3824.08
Ntraj: 10000
Nfree: 974
Nscatter: 9026
Nlost: 0
omega: 3727.44
Ntraj: 10000
Nfree: 944
Nscatter: 9056
Nlost: 0
omega: 3692.03
Ntraj: 10000
Nfree: 929
Nscatter: 9071
Nlost: 0
omega: 3636.7
Ntraj: 10000
Nfree: 975
Nscatter: 9024
Nlost: 1
omega: 3793.55
Ntraj: 10000
Nfree: 992
Nscatter: 9008
Nlost: 0
omega: 3868
*********************************************************
task: 0
worker id: 64661
time create lcl and mol: 0.00090003 s
numbers of trajectories: 3572
time trajectory calculation: 0.894696 s
task: 1
worker id: 28988
time create lcl and mol: 0.00088191 s
numbers of trajectories: 3572
time trajectory calculation: 0.393393 s
task: 2
worker id: 97916
time create lcl and mol: 0.000847101 s
numbers of trajectories: 3572
time trajectory calculation: 0.36896 s
task: 3
worker id: 44199
time create lcl and mol: 0.000886917 s
numbers of trajectories: 3572
time trajectory calculation: 0.379273 s
task: 4
worker id: 31654
time create lcl and mol: 0.000832081 s
numbers of trajectories: 3572
time trajectory calculation: 0.39062 s
task: 5
worker id: 39562
time create lcl and mol: 0.000851154 s
numbers of trajectories: 3572
time trajectory calculation: 0.386305 s
task: 6
worker id: 853
time create lcl and mol: 0.000841141 s
numbers of trajectories: 3572
time trajectory calculation: 0.378902 s
task: 7
worker id: 80291
time create lcl and mol: 0.000836849 s
numbers of trajectories: 3572
time trajectory calculation: 0.372076 s
task: 8
worker id: 64661
time create lcl and mol: 0.000910997 s
numbers of trajectories: 3572
time trajectory calculation: 0.438306 s
task: 9
worker id: 44199
time create lcl and mol: 0.000888824 s
numbers of trajectories: 3572
time trajectory calculation: 0.354127 s
task: 10
worker id: 853
time create lcl and mol: 0.000969172 s
numbers of trajectories: 3572
time trajectory calculation: 1.57762 s
task: 11
worker id: 39562
time create lcl and mol: 0.000897884 s
numbers of trajectories: 3572
time trajectory calculation: 0.359739 s
task: 12
worker id: 44199
time create lcl and mol: 0.000892878 s
numbers of trajectories: 3571
time trajectory calculation: 0.376031 s
task: 13
worker id: 39562
time create lcl and mol: 0.00090313 s
numbers of trajectories: 3571
time trajectory calculation: 0.459217 s
task: 14
worker id: 80291
time create lcl and mol: 0.000893116 s
numbers of trajectories: 3571
time trajectory calculation: 0.704147 s
task: 15
worker id: 28988
time create lcl and mol: 0.000898123 s
numbers of trajectories: 3571
time trajectory calculation: 0.369215 s
task: 16
worker id: 97916
time create lcl and mol: 0.000895977 s
numbers of trajectories: 3571
time trajectory calculation: 0.364305 s
task: 17
worker id: 80291
time create lcl and mol: 0.000825882 s
numbers of trajectories: 3571
time trajectory calculation: 0.560855 s
task: 18
worker id: 31654
time create lcl and mol: 0.000898123 s
numbers of trajectories: 3571
time trajectory calculation: 0.364304 s
task: 19
worker id: 31654
time create lcl and mol: 0.000896931 s
numbers of trajectories: 3571
time trajectory calculation: 0.344549 s
task: 20
worker id: 28988
time create lcl and mol: 0.000900984 s
numbers of trajectories: 3571
time trajectory calculation: 0.336458 s
task: 21
worker id: 39562
time create lcl and mol: 0.000895977 s
numbers of trajectories: 3571
time trajectory calculation: 0.475892 s
task: 22
worker id: 44199
time create lcl and mol: 0.000921965 s
numbers of trajectories: 3571
time trajectory calculation: 0.430195 s
task: 23
worker id: 97916
time create lcl and mol: 0.000901222 s
numbers of trajectories: 3571
time trajectory calculation: 1.1438 s
task: 24
worker id: 28988
time create lcl and mol: 0.000916958 s
numbers of trajectories: 3571
time trajectory calculation: 0.39043 s
task: 25
worker id: 853
time create lcl and mol: 0.000941992 s
numbers of trajectories: 3571
time trajectory calculation: 0.359508 s
task: 26
worker id: 64661
time create lcl and mol: 0.000919819 s
numbers of trajectories: 3571
time trajectory calculation: 0.416188 s
task: 27
worker id: 31654
time create lcl and mol: 0.000869036 s
numbers of trajectories: 3571
time trajectory calculation: 0.403359 s
CCS time: 2.39938 s
*********************************************************
average value of CCS = 3721.91 Ang^2
error value of CCS = 44.152 Ang^2
Total time: 2.41535 s
Program finished...
*********************************************************
INPUT:: Simulation Parameters 
*********************************************************
target filename                  : 03_3bsz_carga_14_min.xyz
number of probe                  : 10000
number of iterarions             : 10
number of tasks                  : 28
number of threads                : 24
seed number                      : 2104
gas buffer                       : He
Target Temperature (K)           : 298
timestep (fs)                    : 10
Skin cell size (Ang)             : 0.01
Equipotential                    : no
Cut short-range interaction      : yes
LJ cutoff (Ang)                  : 12
Apply long-range interaction     : yes
Cut long-range interaction       : yes
Coulomb cutoff (Ang)             : 25
Apply induced-dipole interaction : yes
alpha (Ang^3)                    : 0.204956
force_type: 4
*********************************************************
Force Field parameters: 
*********************************************************
Symbol  mass (amu)  epislon (kcal/mol)  sigma(Angstroms) 
C   12.011   0.0309   3.043
N   14.007   0.0309   3.043
H   1.008   0.015   2.38
O   15.999   0.0309   3.043
S   32.06   0.0311   3.5
*********************************************************
MOLECULE:: orientation around the inertia principal axis 
*********************************************************
Inertia matrix a.u. Ang^2: 
{  1.592e+07  -2.42743e+06  -2.87494e+06  }
{  -2.42743e+06  1.69711e+07  -604084  }
{  -2.87494e+06  -604084  1.74506e+07  }
Rotation matrix applied to molecule: 
{  0.6656  -0.394687  -0.633402  }
{  0.739056  0.466615  0.485867  }
{  0.10379  -0.791513  0.602275  }
Molecule radius: 36.1505 Ang 
orientation time of molecule target: 0.00759602 s
target mass: 52094.7 amu
gas mass: 4.0026 amu
reduce mass: 4.00229 amu
charge state: 13.9996 e
*********************************************************
Geometric Ellipsoid: 
*********************************************************
maximal distances: 23.5798  32.2083  34.2094  Ang
Initial axis length: 73.5898  82.2183  84.2194  Ang
Ellipsoid axis length: 77.4098  86.0383  88.0394  Ang
ellipsoid calculation time: 7.89165e-05 s
maximal impact parameter: 88.0394 Ang
*********************************************************
Linked-cell: 
Numbers of cells: 2925
Nx: 13 Ny: 15 Nz: 15
Filled cells: 110
Empty cells: 2815
Average atoms per cell: 66.3
Maximum atoms per cell: 197
Minimum atoms per cell: 1
Simulation box: 
lx: 156.13 Ang
ly: 180.15 Ang
lz: 180.15 Ang
linked-cell calculation time: 0.00339222 s
time info: 0.000236034 s
*********************************************************
Trajectory calculations 
*********************************************************
out target time: 2.73977 s
Ntraj: 10000
Nfree: 980
Nscatter: 9019
Nlost: 1
omega: 3572.63
Ntraj: 10000
Nfree: 923
Nscatter: 9077
Nlost: 0
omega: 3717.47
Ntraj: 10000
Nfree: 958
Nscatter: 9042
Nlost: 0
omega: 3442.68
Ntraj: 10000
Nfree: 945
Nscatter: 9053
Nlost: 2
omega: 3944.55
Ntraj: 10000
Nfree: 948
Nscatter: 9052
Nlost: 0
omega: 3824.08
Ntraj: 10000
Nfree: 974
Nscatter: 9026
Nlost: 0
omega: 3727.44
Ntraj: 10000
Nfree: 944
Nscatter: 9056
Nlost: 0
omega: 3692.03
Ntraj: 10000
Nfree: 929
Nscatter: 9071
Nlost: 0
omega: 3636.7
Ntraj: 10000
Nfree: 975
Nscatter: 9024
Nlost: 1
omega: 3793.55
Ntraj: 10000
Nfree: 992
Nscatter: 9008
Nlost: 0
omega: 3868
*********************************************************
task: 0
worker id: 80379
time create lcl and mol: 0.000838995 s
numbers of trajectories: 3572
time trajectory calculation: 0.90277 s
task: 1
worker id: 29076
time create lcl and mol: 0.000888824 s
numbers of trajectories: 3572
time trajectory calculation: 0.415691 s
task: 2
worker id: 31741
time create lcl and mol: 0.000823975 s
numbers of trajectories: 3572
time trajectory calculation: 0.375696 s
task: 3
worker id: 1003
time create lcl and mol: 0.000861883 s
numbers of trajectories: 3572
time trajectory calculation: 0.369191 s
task: 4
worker id: 98003
time create lcl and mol: 0.000848055 s
numbers of trajectories: 3572
time trajectory calculation: 0.43525 s
task: 5
worker id: 44285
time create lcl and mol: 0.000957012 s
numbers of trajectories: 3572
time trajectory calculation: 0.396945 s
task: 6
worker id: 64752
time create lcl and mol: 0.000931978 s
numbers of trajectories: 3572
time trajectory calculation: 0.372305 s
task: 7
worker id: 64752
time create lcl and mol: 0.00106001 s
numbers of trajectories: 3572
time trajectory calculation: 0.369662 s
task: 8
worker id: 39650
time create lcl and mol: 0.0011251 s
numbers of trajectories: 3572
time trajectory calculation: 0.477006 s
task: 9
worker id: 29076
time create lcl and mol: 0.000930071 s
numbers of trajectories: 3572
time trajectory calculation: 0.363535 s
task: 10
worker id: 98003
time create lcl and mol: 0.000802994 s
numbers of trajectories: 3572
time trajectory calculation: 1.52055 s
task: 11
worker id: 80379
time create lcl and mol: 0.00087285 s
numbers of trajectories: 3572
time trajectory calculation: 0.379011 s
task: 12
worker id: 31741
time create lcl and mol: 0.000933886 s
numbers of trajectories: 3571
time trajectory calculation: 0.368591 s
task: 13
worker id: 1003
time create lcl and mol: 0.000920057 s
numbers of trajectories: 3571
time trajectory calculation: 0.47602 s
task: 14
worker id: 98003
time create lcl and mol: 0.000936031 s
numbers of trajectories: 3571
time trajectory calculation: 0.711162 s
task: 15
worker id: 1003
time create lcl and mol: 0.000894785 s
numbers of trajectories: 3571
time trajectory calculation: 0.384334 s
task: 16
worker id: 1003
time create lcl and mol: 0.000880003 s
numbers of trajectories: 3571
time trajectory calculation: 0.373872 s
task: 17
worker id: 39650
time create lcl and mol: 0.000929117 s
numbers of trajectories: 3571
time trajectory calculation: 0.581034 s
task: 18
worker id: 39650
time create lcl and mol: 0.000923872 s
numbers of trajectories: 3571
time trajectory calculation: 0.379814 s
task: 19
worker id: 64752
time create lcl and mol: 0.000869989 s
numbers of trajectories: 3571
time trajectory calculation: 0.356015 s
task: 20
worker id: 80379
time create lcl and mol: 0.000848055 s
numbers of trajectories: 3571
time trajectory calculation: 0.339571 s
task: 21
worker id: 31741
time create lcl and mol: 0.000933886 s
numbers of trajectories: 3571
time trajectory calculation: 0.500186 s
task: 22
worker id: 64752
time create lcl and mol: 0.000871897 s
numbers of trajectories: 3571
time trajectory calculation: 0.450761 s
task: 23
worker id: 44285
time create lcl and mol: 0.000933886 s
numbers of trajectories: 3571
time trajectory calculation: 1.13423 s
task: 24
worker id: 29076
time create lcl and mol: 0.00088501 s
numbers of trajectories: 3571
time trajectory calculation: 0.376821 s
task: 25
worker id: 31741
time create lcl and mol: 0.000898123 s
numbers of trajectories: 3571
time trajectory calculation: 0.365047 s
task: 26
worker id: 39650
time create lcl and mol: 0.000797033 s
numbers of trajectories: 3571
time trajectory calculation: 0.421204 s
task: 27
worker id: 29076
time create lcl and mol: 0.000919104 s
numbers of trajectories: 3571
time trajectory calculation: 0.413524 s
CCS time: 2.74708 s
*********************************************************
average value of CCS = 3721.91 Ang^2
error value of CCS = 44.152 Ang^2
Total time: 2.76355 s
Program finished...
*********************************************************
INPUT:: Simulation Parameters 
*********************************************************
target filename                  : 03_3bsz_carga_14_min.xyz
number of probe                  : 10000
number of iterarions             : 10
number of tasks                  : 28
number of threads                : 24
seed number                      : 2104
gas buffer                       : He
Target Temperature (K)           : 298
timestep (fs)                    : 10
Skin cell size (Ang)             : 0.01
Equipotential                    : no
Cut short-range interaction      : yes
LJ cutoff (Ang)                  : 12
Apply long-range interaction     : yes
Cut long-range interaction       : yes
Coulomb cutoff (Ang)             : 25
Apply induced-dipole interaction : yes
alpha (Ang^3)                    : 0.204956
force_type: 4
*********************************************************
Force Field parameters: 
*********************************************************
Symbol  mass (amu)  epislon (kcal/mol)  sigma(Angstroms) 
C   12.011   0.0309   3.043
N   14.007   0.0309   3.043
H   1.008   0.015   2.38
O   15.999   0.0309   3.043
S   32.06   0.0311   3.5
*********************************************************
MOLECULE:: orientation around the inertia principal axis 
*********************************************************
Inertia matrix a.u. Ang^2: 
{  1.592e+07  -2.42743e+06  -2.87494e+06  }
{  -2.42743e+06  1.69711e+07  -604084  }
{  -2.87494e+06  -604084  1.74506e+07  }
Rotation matrix applied to molecule: 
{  0.6656  -0.394687  -0.633402  }
{  0.739056  0.466615  0.485867  }
{  0.10379  -0.791513  0.602275  }
Molecule radius: 36.1505 Ang 
orientation time of molecule target: 0.00763297 s
target mass: 52094.7 amu
gas mass: 4.0026 amu
reduce mass: 4.00229 amu
charge state: 13.9996 e
*********************************************************
Geometric Ellipsoid: 
*********************************************************
maximal distances: 23.5798  32.2083  34.2094  Ang
Initial axis length: 73.5898  82.2183  84.2194  Ang
Ellipsoid axis length: 77.4098  86.0383  88.0394  Ang
ellipsoid calculation time: 8.51154e-05 s
maximal impact parameter: 88.0394 Ang
*********************************************************
Linked-cell: 
Numbers of cells: 2925
Nx: 13 Ny: 15 Nz: 15
Filled cells: 110
Empty cells: 2815
Average atoms per cell: 66.3
Maximum atoms per cell: 197
Minimum atoms per cell: 1
Simulation box: 
lx: 156.13 Ang
ly: 180.15 Ang
lz: 180.15 Ang
linked-cell calculation time: 0.00352407 s
time info: 0.000275135 s
*********************************************************
Trajectory calculations 
*********************************************************
out target time: 2.15867 s
Ntraj: 10000
Nfree: 980
Nscatter: 9019
Nlost: 1
omega: 3572.63
Ntraj: 10000
Nfree: 923
Nscatter: 9077
Nlost: 0
omega: 3717.47
Ntraj: 10000
Nfree: 958
Nscatter: 9042
Nlost: 0
omega: 3442.68
Ntraj: 10000
Nfree: 945
Nscatter: 9053
Nlost: 2
omega: 3944.55
Ntraj: 10000
Nfree: 948
Nscatter: 9052
Nlost: 0
omega: 3824.08
Ntraj: 10000
Nfree: 974
Nscatter: 9026
Nlost: 0
omega: 3727.44
Ntraj: 10000
Nfree: 944
Nscatter: 9056
Nlost: 0
omega: 3692.03
Ntraj: 10000
Nfree: 929
Nscatter: 9071
Nlost: 0
omega: 3636.7
Ntraj: 10000
Nfree: 975
Nscatter: 9024
Nlost: 1
omega: 3793.55
Ntraj: 10000
Nfree: 992
Nscatter: 9008
Nlost: 0
omega: 3868
*********************************************************
task: 0
worker id: 44678
time create lcl and mol: 0.000952005 s
numbers of trajectories: 3572
time trajectory calculation: 0.88494 s
task: 1
worker id: 32135
time create lcl and mol: 0.000902891 s
numbers of trajectories: 3572
time trajectory calculation: 0.38831 s
task: 2
worker id: 604
time create lcl and mol: 0.000874996 s
numbers of trajectories: 3572
time trajectory calculation: 0.379368 s
task: 3
worker id: 1419
time create lcl and mol: 0.00085187 s
numbers of trajectories: 3572
time trajectory calculation: 0.363671 s
task: 4
worker id: 80772
time create lcl and mol: 0.000831842 s
numbers of trajectories: 3572
time trajectory calculation: 0.415169 s
task: 5
worker id: 44678
time create lcl and mol: 0.000775099 s
numbers of trajectories: 3572
time trajectory calculation: 0.390894 s
task: 6
worker id: 40043
time create lcl and mol: 0.000844002 s
numbers of trajectories: 3572
time trajectory calculation: 0.386298 s
task: 7
worker id: 29471
time create lcl and mol: 0.000900984 s
numbers of trajectories: 3572
time trajectory calculation: 0.369555 s
task: 8
worker id: 29471
time create lcl and mol: 0.000892162 s
numbers of trajectories: 3572
time trajectory calculation: 0.45269 s
task: 9
worker id: 1419
time create lcl and mol: 0.000946999 s
numbers of trajectories: 3572
time trajectory calculation: 0.363047 s
task: 10
worker id: 65148
time create lcl and mol: 0.000873089 s
numbers of trajectories: 3572
time trajectory calculation: 1.55807 s
task: 11
worker id: 44678
time create lcl and mol: 0.000972986 s
numbers of trajectories: 3572
time trajectory calculation: 0.380005 s
task: 12
worker id: 604
time create lcl and mol: 0.000959873 s
numbers of trajectories: 3571
time trajectory calculation: 0.372991 s
task: 13
worker id: 604
time create lcl and mol: 0.000941038 s
numbers of trajectories: 3571
time trajectory calculation: 0.475423 s
task: 14
worker id: 32135
time create lcl and mol: 0.000889063 s
numbers of trajectories: 3571
time trajectory calculation: 0.700483 s
task: 15
worker id: 29471
time create lcl and mol: 0.000889063 s
numbers of trajectories: 3571
time trajectory calculation: 0.37319 s
task: 16
worker id: 80772
time create lcl and mol: 0.000901222 s
numbers of trajectories: 3571
time trajectory calculation: 0.364097 s
task: 17
worker id: 40043
time create lcl and mol: 0.000914097 s
numbers of trajectories: 3571
time trajectory calculation: 0.56064 s
task: 18
worker id: 1419
time create lcl and mol: 0.000952005 s
numbers of trajectories: 3571
time trajectory calculation: 0.376175 s
task: 19
worker id: 604
time create lcl and mol: 0.00096488 s
numbers of trajectories: 3571
time trajectory calculation: 0.355829 s
task: 20
worker id: 32135
time create lcl and mol: 0.000942945 s
numbers of trajectories: 3571
time trajectory calculation: 0.332361 s
task: 21
worker id: 1419
time create lcl and mol: 0.000946999 s
numbers of trajectories: 3571
time trajectory calculation: 0.503498 s
task: 22
worker id: 65148
time create lcl and mol: 0.00090003 s
numbers of trajectories: 3571
time trajectory calculation: 0.451198 s
task: 23
worker id: 40043
time create lcl and mol: 0.000891924 s
numbers of trajectories: 3571
time trajectory calculation: 1.14146 s
task: 24
worker id: 29471
time create lcl and mol: 0.000885963 s
numbers of trajectories: 3571
time trajectory calculation: 0.383295 s
task: 25
worker id: 80772
time create lcl and mol: 0.000954151 s
numbers of trajectories: 3571
time trajectory calculation: 0.366631 s
task: 26
worker id: 32135
time create lcl and mol: 0.000898838 s
numbers of trajectories: 3571
time trajectory calculation: 0.406011 s
task: 27
worker id: 80772
time create lcl and mol: 0.000939846 s
numbers of trajectories: 3571
time trajectory calculation: 0.409537 s
CCS time: 2.1668 s
*********************************************************
average value of CCS = 3721.91 Ang^2
error value of CCS = 44.152 Ang^2
Total time: 2.18319 s
Program finished...
*********************************************************
INPUT:: Simulation Parameters 
*********************************************************
target filename                  : 03_3bsz_carga_14_min.xyz
number of probe                  : 10000
number of iterarions             : 10
number of tasks                  : 28
number of threads                : 24
seed number                      : 2104
gas buffer                       : He
Target Temperature (K)           : 298
timestep (fs)                    : 10
Skin cell size (Ang)             : 0.01
Equipotential                    : no
Cut short-range interaction      : yes
LJ cutoff (Ang)                  : 12
Apply long-range interaction     : yes
Cut long-range interaction       : yes
Coulomb cutoff (Ang)             : 25
Apply induced-dipole interaction : yes
alpha (Ang^3)                    : 0.204956
force_type: 4
*********************************************************
Force Field parameters: 
*********************************************************
Symbol  mass (amu)  epislon (kcal/mol)  sigma(Angstroms) 
C   12.011   0.0309   3.043
N   14.007   0.0309   3.043
H   1.008   0.015   2.38
O   15.999   0.0309   3.043
S   32.06   0.0311   3.5
*********************************************************
MOLECULE:: orientation around the inertia principal axis 
*********************************************************
Inertia matrix a.u. Ang^2: 
{  1.592e+07  -2.42743e+06  -2.87494e+06  }
{  -2.42743e+06  1.69711e+07  -604084  }
{  -2.87494e+06  -604084  1.74506e+07  }
Rotation matrix applied to molecule: 
{  0.6656  -0.394687  -0.633402  }
{  0.739056  0.466615  0.485867  }
{  0.10379  -0.791513  0.602275  }
Molecule radius: 36.1505 Ang 
orientation time of molecule target: 0.00767612 s
target mass: 52094.7 amu
gas mass: 4.0026 amu
reduce mass: 4.00229 amu
charge state: 13.9996 e
*********************************************************
Geometric Ellipsoid: 
*********************************************************
maximal distances: 23.5798  32.2083  34.2094  Ang
Initial axis length: 73.5898  82.2183  84.2194  Ang
Ellipsoid axis length: 77.4098  86.0383  88.0394  Ang
ellipsoid calculation time: 7.79629e-05 s
maximal impact parameter: 88.0394 Ang
*********************************************************
Linked-cell: 
Numbers of cells: 2925
Nx: 13 Ny: 15 Nz: 15
Filled cells: 110
Empty cells: 2815
Average atoms per cell: 66.3
Maximum atoms per cell: 197
Minimum atoms per cell: 1
Simulation box: 
lx: 156.13 Ang
ly: 180.15 Ang
lz: 180.15 Ang
linked-cell calculation time: 0.00353384 s
time info: 0.000274897 s
*********************************************************
Trajectory calculations 
*********************************************************
out target time: 2.44505 s
Ntraj: 10000
Nfree: 980
Nscatter: 9019
Nlost: 1
omega: 3572.63
Ntraj: 10000
Nfree: 923
Nscatter: 9077
Nlost: 0
omega: 3717.47
Ntraj: 10000
Nfree: 958
Nscatter: 9042
Nlost: 0
omega: 3442.68
Ntraj: 10000
Nfree: 945
Nscatter: 9053
Nlost: 2
omega: 3944.55
Ntraj: 10000
Nfree: 948
Nscatter: 9052
Nlost: 0
omega: 3824.08
Ntraj: 10000
Nfree: 974
Nscatter: 9026
Nlost: 0
omega: 3727.44
Ntraj: 10000
Nfree: 944
Nscatter: 9056
Nlost: 0
omega: 3692.03
Ntraj: 10000
Nfree: 929
Nscatter: 9071
Nlost: 0
omega: 3636.7
Ntraj: 10000
Nfree: 975
Nscatter: 9024
Nlost: 1
omega: 3793.55
Ntraj: 10000
Nfree: 992
Nscatter: 9008
Nlost: 0
omega: 3868
*********************************************************
task: 0
worker id: 29559
time create lcl and mol: 0.000943899 s
numbers of trajectories: 3572
time trajectory calculation: 0.886171 s
task: 1
worker id: 65237
time create lcl and mol: 0.000838995 s
numbers of trajectories: 3572
time trajectory calculation: 0.393446 s
task: 2
worker id: 1529
time create lcl and mol: 0.000849962 s
numbers of trajectories: 3572
time trajectory calculation: 0.377715 s
task: 3
worker id: 80859
time create lcl and mol: 0.000883102 s
numbers of trajectories: 3572
time trajectory calculation: 0.35934 s
task: 4
worker id: 692
time create lcl and mol: 0.000852823 s
numbers of trajectories: 3572
time trajectory calculation: 0.399683 s
task: 5
worker id: 29559
time create lcl and mol: 0.000799894 s
numbers of trajectories: 3572
time trajectory calculation: 0.390699 s
task: 6
worker id: 44767
time create lcl and mol: 0.000806093 s
numbers of trajectories: 3572
time trajectory calculation: 0.378938 s
task: 7
worker id: 40136
time create lcl and mol: 0.000838041 s
numbers of trajectories: 3572
time trajectory calculation: 0.370878 s
task: 8
worker id: 1529
time create lcl and mol: 0.000891924 s
numbers of trajectories: 3572
time trajectory calculation: 0.461544 s
task: 9
worker id: 80859
time create lcl and mol: 0.000958204 s
numbers of trajectories: 3572
time trajectory calculation: 0.363565 s
task: 10
worker id: 65237
time create lcl and mol: 0.000955105 s
numbers of trajectories: 3572
time trajectory calculation: 1.53216 s
task: 11
worker id: 40136
time create lcl and mol: 0.000908136 s
numbers of trajectories: 3572
time trajectory calculation: 0.364654 s
task: 12
worker id: 44767
time create lcl and mol: 0.000938177 s
numbers of trajectories: 3571
time trajectory calculation: 0.380283 s
task: 13
worker id: 32225
time create lcl and mol: 0.000932932 s
numbers of trajectories: 3571
time trajectory calculation: 0.477763 s
task: 14
worker id: 692
time create lcl and mol: 0.000901937 s
numbers of trajectories: 3571
time trajectory calculation: 0.701085 s
task: 15
worker id: 692
time create lcl and mol: 0.000904083 s
numbers of trajectories: 3571
time trajectory calculation: 0.372879 s
task: 16
worker id: 1529
time create lcl and mol: 0.000888824 s
numbers of trajectories: 3571
time trajectory calculation: 0.384707 s
task: 17
worker id: 40136
time create lcl and mol: 0.000904083 s
numbers of trajectories: 3571
time trajectory calculation: 0.560027 s
task: 18
worker id: 32225
time create lcl and mol: 0.000831127 s
numbers of trajectories: 3571
time trajectory calculation: 0.387572 s
task: 19
worker id: 44767
time create lcl and mol: 0.000950813 s
numbers of trajectories: 3571
time trajectory calculation: 0.356756 s
task: 20
worker id: 80859
time create lcl and mol: 0.000942945 s
numbers of trajectories: 3571
time trajectory calculation: 0.341598 s
task: 21
worker id: 80859
time create lcl and mol: 0.000944853 s
numbers of trajectories: 3571
time trajectory calculation: 0.506058 s
task: 22
worker id: 29559
time create lcl and mol: 0.000952959 s
numbers of trajectories: 3571
time trajectory calculation: 0.451055 s
task: 23
worker id: 40136
time create lcl and mol: 0.000873089 s
numbers of trajectories: 3571
time trajectory calculation: 1.06651 s
task: 24
worker id: 32225
time create lcl and mol: 0.000941038 s
numbers of trajectories: 3571
time trajectory calculation: 0.39203 s
task: 25
worker id: 44767
time create lcl and mol: 0.000953913 s
numbers of trajectories: 3571
time trajectory calculation: 0.366614 s
task: 26
worker id: 1529
time create lcl and mol: 0.000946045 s
numbers of trajectories: 3571
time trajectory calculation: 0.411353 s
task: 27
worker id: 32225
time create lcl and mol: 0.000980139 s
numbers of trajectories: 3571
time trajectory calculation: 0.411531 s
CCS time: 2.45329 s
*********************************************************
average value of CCS = 3721.91 Ang^2
error value of CCS = 44.152 Ang^2
Total time: 2.46972 s
Program finished...
