*********************************************************
INPUT:: Simulation Parameters 
*********************************************************
target filename                  : 3j3q.xyz
number of probe                  : 10000
number of iterarions             : 10
number of tasks                  : 14
number of threads                : 24
seed number                      : 2104
gas buffer                       : He
Target Temperature (K)           : 298
timestep (fs)                    : 10
Skin cell size (Ang)             : 0.01
Equipotential                    : no
Cut short-range interaction      : yes
LJ cutoff (Ang)                  : 12
Apply long-range interaction     : yes
Cut long-range interaction       : yes
Coulomb cutoff (Ang)             : 25
Apply induced-dipole interaction : yes
alpha (Ang^3)                    : 0.204956
force_type: 4
*********************************************************
Force Field parameters: 
*********************************************************
Symbol  mass (amu)  epislon (kcal/mol)  sigma(Angstroms) 
C   12.011   0.0309   3.043
N   14.007   0.0309   3.043
H   1.008   0.015   2.38
O   15.999   0.0309   3.043
S   32.06   0.0311   3.5
*********************************************************
MOLECULE:: orientation around the inertia principal axis 
*********************************************************
Inertia matrix a.u. Ang^2: 
{  4.11981e+12  5.55214e+11  1.18732e+11  }
{  5.55214e+11  2.60317e+12  -5.05959e+11  }
{  1.18732e+11  -5.05959e+11  3.97212e+12  }
Rotation matrix applied to molecule: 
{  0.906996  0.35969  -0.219044  }
{  -0.291356  0.911492  0.290335  }
{  0.304088  -0.199513  0.931518  }
Molecule radius: 608.113 Ang 
orientation time of molecule target: 5.48092 s
target mass: 3.48079e+07 amu
gas mass: 4.0026 amu
reduce mass: 4.0026 amu
charge state: -4068 e
*********************************************************
Geometric Ellipsoid: 
*********************************************************
maximal distances: 328.398  394.005  606.712  Ang
Initial axis length: 378.408  444.015  656.722  Ang
Ellipsoid axis length: 432.788  498.395  711.102  Ang
ellipsoid calculation time: 0.0302329 s
maximal impact parameter: 711.102 Ang
*********************************************************
Linked-cell: 
Numbers of cells: 721021
Nx: 73 Ny: 83 Nz: 119
Filled cells: 65656
Empty cells: 655365
Average atoms per cell: 74.3925
Maximum atoms per cell: 205
Minimum atoms per cell: 1
Simulation box: 
lx: 876.73 Ang
ly: 996.83 Ang
lz: 1429.19 Ang
linked-cell calculation time: 1.24529 s
time info: 0.110152 s
*********************************************************
Trajectory calculations 
*********************************************************
out target time: 24.8045 s
Ntraj: 10000
Nfree: 4203
Nscatter: 5776
Nlost: 21
omega: 783117
Ntraj: 10000
Nfree: 4110
Nscatter: 5878
Nlost: 12
omega: 797373
Ntraj: 10000
Nfree: 4192
Nscatter: 5795
Nlost: 13
omega: 779908
Ntraj: 10000
Nfree: 4138
Nscatter: 5842
Nlost: 20
omega: 800908
Ntraj: 10000
Nfree: 4088
Nscatter: 5899
Nlost: 13
omega: 781368
Ntraj: 10000
Nfree: 4181
Nscatter: 5810
Nlost: 9
omega: 803170
Ntraj: 10000
Nfree: 4141
Nscatter: 5851
Nlost: 8
omega: 768046
Ntraj: 10000
Nfree: 4192
Nscatter: 5799
Nlost: 9
omega: 785974
Ntraj: 10000
Nfree: 4212
Nscatter: 5776
Nlost: 12
omega: 783390
Ntraj: 10000
Nfree: 4177
Nscatter: 5813
Nlost: 10
omega: 800646
*********************************************************
task: 0
worker id: 74570
time create lcl and mol: 0.271058 s
numbers of trajectories: 7143
time trajectory calculation: 12.428 s
task: 1
worker id: 38616
time create lcl and mol: 0.256772 s
numbers of trajectories: 7143
time trajectory calculation: 11.0084 s
task: 2
worker id: 38616
time create lcl and mol: 0.259815 s
numbers of trajectories: 7143
time trajectory calculation: 9.17501 s
task: 3
worker id: 25984
time create lcl and mol: 0.266438 s
numbers of trajectories: 7143
time trajectory calculation: 8.85692 s
task: 4
worker id: 92351
time create lcl and mol: 0.270088 s
numbers of trajectories: 7143
time trajectory calculation: 12.1115 s
task: 5
worker id: 77620
time create lcl and mol: 0.266082 s
numbers of trajectories: 7143
time trajectory calculation: 12.5283 s
task: 6
worker id: 77620
time create lcl and mol: 0.25846 s
numbers of trajectories: 7143
time trajectory calculation: 11.3438 s
task: 7
worker id: 23166
time create lcl and mol: 0.275226 s
numbers of trajectories: 7143
time trajectory calculation: 10.9844 s
task: 8
worker id: 58908
time create lcl and mol: 0.27801 s
numbers of trajectories: 7143
time trajectory calculation: 9.09498 s
task: 9
worker id: 33749
time create lcl and mol: 0.25919 s
numbers of trajectories: 7143
time trajectory calculation: 11.6986 s
task: 10
worker id: 23166
time create lcl and mol: 0.267606 s
numbers of trajectories: 7143
time trajectory calculation: 9.98581 s
task: 11
worker id: 58908
time create lcl and mol: 0.285033 s
numbers of trajectories: 7143
time trajectory calculation: 9.79126 s
task: 12
worker id: 25984
time create lcl and mol: 0.275098 s
numbers of trajectories: 7142
time trajectory calculation: 9.83245 s
task: 13
worker id: 33749
time create lcl and mol: 0.266392 s
numbers of trajectories: 7142
time trajectory calculation: 9.21181 s
CCS time: 24.9229 s
*********************************************************
average value of CCS = 788390 Ang^2
error value of CCS = 3463.82 Ang^2
Total time: 31.6843 s
Program finished...
*********************************************************
INPUT:: Simulation Parameters 
*********************************************************
target filename                  : 3j3q.xyz
number of probe                  : 10000
number of iterarions             : 10
number of tasks                  : 14
number of threads                : 24
seed number                      : 2104
gas buffer                       : He
Target Temperature (K)           : 298
timestep (fs)                    : 10
Skin cell size (Ang)             : 0.01
Equipotential                    : no
Cut short-range interaction      : yes
LJ cutoff (Ang)                  : 12
Apply long-range interaction     : yes
Cut long-range interaction       : yes
Coulomb cutoff (Ang)             : 25
Apply induced-dipole interaction : yes
alpha (Ang^3)                    : 0.204956
force_type: 4
*********************************************************
Force Field parameters: 
*********************************************************
Symbol  mass (amu)  epislon (kcal/mol)  sigma(Angstroms) 
C   12.011   0.0309   3.043
N   14.007   0.0309   3.043
H   1.008   0.015   2.38
O   15.999   0.0309   3.043
S   32.06   0.0311   3.5
*********************************************************
MOLECULE:: orientation around the inertia principal axis 
*********************************************************
Inertia matrix a.u. Ang^2: 
{  4.11981e+12  5.55214e+11  1.18732e+11  }
{  5.55214e+11  2.60317e+12  -5.05959e+11  }
{  1.18732e+11  -5.05959e+11  3.97212e+12  }
Rotation matrix applied to molecule: 
{  0.906996  0.35969  -0.219044  }
{  -0.291356  0.911492  0.290335  }
{  0.304088  -0.199513  0.931518  }
Molecule radius: 608.113 Ang 
orientation time of molecule target: 5.26389 s
target mass: 3.48079e+07 amu
gas mass: 4.0026 amu
reduce mass: 4.0026 amu
charge state: -4068 e
*********************************************************
Geometric Ellipsoid: 
*********************************************************
maximal distances: 328.398  394.005  606.712  Ang
Initial axis length: 378.408  444.015  656.722  Ang
Ellipsoid axis length: 432.788  498.395  711.102  Ang
ellipsoid calculation time: 0.030412 s
maximal impact parameter: 711.102 Ang
*********************************************************
Linked-cell: 
Numbers of cells: 721021
Nx: 73 Ny: 83 Nz: 119
Filled cells: 65656
Empty cells: 655365
Average atoms per cell: 74.3925
Maximum atoms per cell: 205
Minimum atoms per cell: 1
Simulation box: 
lx: 876.73 Ang
ly: 996.83 Ang
lz: 1429.19 Ang
linked-cell calculation time: 1.19883 s
time info: 0.107788 s
*********************************************************
Trajectory calculations 
*********************************************************
out target time: 24.0229 s
Ntraj: 10000
Nfree: 4203
Nscatter: 5776
Nlost: 21
omega: 783117
Ntraj: 10000
Nfree: 4110
Nscatter: 5878
Nlost: 12
omega: 797373
Ntraj: 10000
Nfree: 4192
Nscatter: 5795
Nlost: 13
omega: 779908
Ntraj: 10000
Nfree: 4138
Nscatter: 5842
Nlost: 20
omega: 800908
Ntraj: 10000
Nfree: 4088
Nscatter: 5899
Nlost: 13
omega: 781368
Ntraj: 10000
Nfree: 4181
Nscatter: 5810
Nlost: 9
omega: 803170
Ntraj: 10000
Nfree: 4141
Nscatter: 5851
Nlost: 8
omega: 768046
Ntraj: 10000
Nfree: 4192
Nscatter: 5799
Nlost: 9
omega: 785974
Ntraj: 10000
Nfree: 4212
Nscatter: 5776
Nlost: 12
omega: 783390
Ntraj: 10000
Nfree: 4177
Nscatter: 5813
Nlost: 10
omega: 800646
*********************************************************
task: 0
worker id: 27032
time create lcl and mol: 0.264576 s
numbers of trajectories: 7143
time trajectory calculation: 12.2803 s
task: 1
worker id: 59955
time create lcl and mol: 0.275729 s
numbers of trajectories: 7143
time trajectory calculation: 11.2891 s
task: 2
worker id: 93396
time create lcl and mol: 0.26382 s
numbers of trajectories: 7143
time trajectory calculation: 9.44296 s
task: 3
worker id: 24212
time create lcl and mol: 0.27763 s
numbers of trajectories: 7143
time trajectory calculation: 8.76954 s
task: 4
worker id: 78679
time create lcl and mol: 0.276274 s
numbers of trajectories: 7143
time trajectory calculation: 12.2179 s
task: 5
worker id: 39659
time create lcl and mol: 0.258139 s
numbers of trajectories: 7143
time trajectory calculation: 12.3993 s
task: 6
worker id: 34797
time create lcl and mol: 0.26174 s
numbers of trajectories: 7143
time trajectory calculation: 11.3729 s
task: 7
worker id: 24212
time create lcl and mol: 0.276555 s
numbers of trajectories: 7143
time trajectory calculation: 10.9462 s
task: 8
worker id: 75619
time create lcl and mol: 0.261591 s
numbers of trajectories: 7143
time trajectory calculation: 9.02654 s
task: 9
worker id: 59955
time create lcl and mol: 0.273268 s
numbers of trajectories: 7143
time trajectory calculation: 11.8004 s
task: 10
worker id: 78679
time create lcl and mol: 0.276605 s
numbers of trajectories: 7143
time trajectory calculation: 10.1764 s
task: 11
worker id: 93396
time create lcl and mol: 0.266487 s
numbers of trajectories: 7143
time trajectory calculation: 9.83727 s
task: 12
worker id: 75619
time create lcl and mol: 0.268449 s
numbers of trajectories: 7142
time trajectory calculation: 9.50509 s
task: 13
worker id: 34797
time create lcl and mol: 0.278919 s
numbers of trajectories: 7142
time trajectory calculation: 9.29743 s
CCS time: 24.1385 s
*********************************************************
average value of CCS = 788390 Ang^2
error value of CCS = 3463.82 Ang^2
Total time: 30.6369 s
Program finished...
*********************************************************
INPUT:: Simulation Parameters 
*********************************************************
target filename                  : 3j3q.xyz
number of probe                  : 10000
number of iterarions             : 10
number of tasks                  : 14
number of threads                : 24
seed number                      : 2104
gas buffer                       : He
Target Temperature (K)           : 298
timestep (fs)                    : 10
Skin cell size (Ang)             : 0.01
Equipotential                    : no
Cut short-range interaction      : yes
LJ cutoff (Ang)                  : 12
Apply long-range interaction     : yes
Cut long-range interaction       : yes
Coulomb cutoff (Ang)             : 25
Apply induced-dipole interaction : yes
alpha (Ang^3)                    : 0.204956
force_type: 4
*********************************************************
Force Field parameters: 
*********************************************************
Symbol  mass (amu)  epislon (kcal/mol)  sigma(Angstroms) 
C   12.011   0.0309   3.043
N   14.007   0.0309   3.043
H   1.008   0.015   2.38
O   15.999   0.0309   3.043
S   32.06   0.0311   3.5
*********************************************************
MOLECULE:: orientation around the inertia principal axis 
*********************************************************
Inertia matrix a.u. Ang^2: 
{  4.11981e+12  5.55214e+11  1.18732e+11  }
{  5.55214e+11  2.60317e+12  -5.05959e+11  }
{  1.18732e+11  -5.05959e+11  3.97212e+12  }
Rotation matrix applied to molecule: 
{  0.906996  0.35969  -0.219044  }
{  -0.291356  0.911492  0.290335  }
{  0.304088  -0.199513  0.931518  }
Molecule radius: 608.113 Ang 
orientation time of molecule target: 5.1919 s
target mass: 3.48079e+07 amu
gas mass: 4.0026 amu
reduce mass: 4.0026 amu
charge state: -4068 e
*********************************************************
Geometric Ellipsoid: 
*********************************************************
maximal distances: 328.398  394.005  606.712  Ang
Initial axis length: 378.408  444.015  656.722  Ang
Ellipsoid axis length: 432.788  498.395  711.102  Ang
ellipsoid calculation time: 0.030153 s
maximal impact parameter: 711.102 Ang
*********************************************************
Linked-cell: 
Numbers of cells: 721021
Nx: 73 Ny: 83 Nz: 119
Filled cells: 65656
Empty cells: 655365
Average atoms per cell: 74.3925
Maximum atoms per cell: 205
Minimum atoms per cell: 1
Simulation box: 
lx: 876.73 Ang
ly: 996.83 Ang
lz: 1429.19 Ang
linked-cell calculation time: 1.19311 s
time info: 0.107569 s
*********************************************************
Trajectory calculations 
*********************************************************
out target time: 24.4824 s
Ntraj: 10000
Nfree: 4203
Nscatter: 5776
Nlost: 21
omega: 783117
Ntraj: 10000
Nfree: 4110
Nscatter: 5878
Nlost: 12
omega: 797373
Ntraj: 10000
Nfree: 4192
Nscatter: 5795
Nlost: 13
omega: 779908
Ntraj: 10000
Nfree: 4138
Nscatter: 5842
Nlost: 20
omega: 800908
Ntraj: 10000
Nfree: 4088
Nscatter: 5899
Nlost: 13
omega: 781368
Ntraj: 10000
Nfree: 4181
Nscatter: 5810
Nlost: 9
omega: 803170
Ntraj: 10000
Nfree: 4141
Nscatter: 5851
Nlost: 8
omega: 768046
Ntraj: 10000
Nfree: 4192
Nscatter: 5799
Nlost: 9
omega: 785974
Ntraj: 10000
Nfree: 4212
Nscatter: 5776
Nlost: 12
omega: 783390
Ntraj: 10000
Nfree: 4177
Nscatter: 5813
Nlost: 10
omega: 800646
*********************************************************
task: 0
worker id: 60988
time create lcl and mol: 0.278745 s
numbers of trajectories: 7143
time trajectory calculation: 12.3449 s
task: 1
worker id: 40694
time create lcl and mol: 0.258627 s
numbers of trajectories: 7143
time trajectory calculation: 11.3887 s
task: 2
worker id: 94430
time create lcl and mol: 0.275242 s
numbers of trajectories: 7143
time trajectory calculation: 9.34146 s
task: 3
worker id: 60988
time create lcl and mol: 0.270142 s
numbers of trajectories: 7143
time trajectory calculation: 8.96127 s
task: 4
worker id: 25243
time create lcl and mol: 0.26509 s
numbers of trajectories: 7143
time trajectory calculation: 12.259 s
task: 5
worker id: 28065
time create lcl and mol: 0.272766 s
numbers of trajectories: 7143
time trajectory calculation: 12.5677 s
task: 6
worker id: 76650
time create lcl and mol: 0.27266 s
numbers of trajectories: 7143
time trajectory calculation: 11.1057 s
task: 7
worker id: 28065
time create lcl and mol: 0.275861 s
numbers of trajectories: 7143
time trajectory calculation: 10.9719 s
task: 8
worker id: 40694
time create lcl and mol: 0.270432 s
numbers of trajectories: 7143
time trajectory calculation: 8.94486 s
task: 9
worker id: 79728
time create lcl and mol: 0.273358 s
numbers of trajectories: 7143
time trajectory calculation: 11.6146 s
task: 10
worker id: 35828
time create lcl and mol: 0.2718 s
numbers of trajectories: 7143
time trajectory calculation: 10.1626 s
task: 11
worker id: 35828
time create lcl and mol: 0.277436 s
numbers of trajectories: 7143
time trajectory calculation: 9.79984 s
task: 12
worker id: 76650
time create lcl and mol: 0.288399 s
numbers of trajectories: 7142
time trajectory calculation: 9.85841 s
task: 13
worker id: 94430
time create lcl and mol: 0.28145 s
numbers of trajectories: 7142
time trajectory calculation: 9.38725 s
CCS time: 24.5978 s
*********************************************************
average value of CCS = 788390 Ang^2
error value of CCS = 3463.82 Ang^2
Total time: 31.0184 s
Program finished...
*********************************************************
INPUT:: Simulation Parameters 
*********************************************************
target filename                  : 3j3q.xyz
number of probe                  : 10000
number of iterarions             : 10
number of tasks                  : 14
number of threads                : 24
seed number                      : 2104
gas buffer                       : He
Target Temperature (K)           : 298
timestep (fs)                    : 10
Skin cell size (Ang)             : 0.01
Equipotential                    : no
Cut short-range interaction      : yes
LJ cutoff (Ang)                  : 12
Apply long-range interaction     : yes
Cut long-range interaction       : yes
Coulomb cutoff (Ang)             : 25
Apply induced-dipole interaction : yes
alpha (Ang^3)                    : 0.204956
force_type: 4
*********************************************************
Force Field parameters: 
*********************************************************
Symbol  mass (amu)  epislon (kcal/mol)  sigma(Angstroms) 
C   12.011   0.0309   3.043
N   14.007   0.0309   3.043
H   1.008   0.015   2.38
O   15.999   0.0309   3.043
S   32.06   0.0311   3.5
*********************************************************
MOLECULE:: orientation around the inertia principal axis 
*********************************************************
Inertia matrix a.u. Ang^2: 
{  4.11981e+12  5.55214e+11  1.18732e+11  }
{  5.55214e+11  2.60317e+12  -5.05959e+11  }
{  1.18732e+11  -5.05959e+11  3.97212e+12  }
Rotation matrix applied to molecule: 
{  0.906996  0.35969  -0.219044  }
{  -0.291356  0.911492  0.290335  }
{  0.304088  -0.199513  0.931518  }
Molecule radius: 608.113 Ang 
orientation time of molecule target: 5.17037 s
target mass: 3.48079e+07 amu
gas mass: 4.0026 amu
reduce mass: 4.0026 amu
charge state: -4068 e
*********************************************************
Geometric Ellipsoid: 
*********************************************************
maximal distances: 328.398  394.005  606.712  Ang
Initial axis length: 378.408  444.015  656.722  Ang
Ellipsoid axis length: 432.788  498.395  711.102  Ang
ellipsoid calculation time: 0.030206 s
maximal impact parameter: 711.102 Ang
*********************************************************
Linked-cell: 
Numbers of cells: 721021
Nx: 73 Ny: 83 Nz: 119
Filled cells: 65656
Empty cells: 655365
Average atoms per cell: 74.3925
Maximum atoms per cell: 205
Minimum atoms per cell: 1
Simulation box: 
lx: 876.73 Ang
ly: 996.83 Ang
lz: 1429.19 Ang
linked-cell calculation time: 1.19815 s
time info: 0.108682 s
*********************************************************
Trajectory calculations 
*********************************************************
out target time: 24.1351 s
Ntraj: 10000
Nfree: 4203
Nscatter: 5776
Nlost: 21
omega: 783117
Ntraj: 10000
Nfree: 4110
Nscatter: 5878
Nlost: 12
omega: 797373
Ntraj: 10000
Nfree: 4192
Nscatter: 5795
Nlost: 13
omega: 779908
Ntraj: 10000
Nfree: 4138
Nscatter: 5842
Nlost: 20
omega: 800908
Ntraj: 10000
Nfree: 4088
Nscatter: 5899
Nlost: 13
omega: 781368
Ntraj: 10000
Nfree: 4181
Nscatter: 5810
Nlost: 9
omega: 803170
Ntraj: 10000
Nfree: 4141
Nscatter: 5851
Nlost: 8
omega: 768046
Ntraj: 10000
Nfree: 4192
Nscatter: 5799
Nlost: 9
omega: 785974
Ntraj: 10000
Nfree: 4212
Nscatter: 5776
Nlost: 12
omega: 783390
Ntraj: 10000
Nfree: 4177
Nscatter: 5813
Nlost: 10
omega: 800646
*********************************************************
task: 0
worker id: 95474
time create lcl and mol: 0.267905 s
numbers of trajectories: 7143
time trajectory calculation: 12.4176 s
task: 1
worker id: 62041
time create lcl and mol: 0.273963 s
numbers of trajectories: 7143
time trajectory calculation: 11.3154 s
task: 2
worker id: 36889
time create lcl and mol: 0.272648 s
numbers of trajectories: 7143
time trajectory calculation: 9.1252 s
task: 3
worker id: 26286
time create lcl and mol: 0.320322 s
numbers of trajectories: 7143
time trajectory calculation: 8.89254 s
task: 4
worker id: 29109
time create lcl and mol: 0.264638 s
numbers of trajectories: 7143
time trajectory calculation: 12.1191 s
task: 5
worker id: 80788
time create lcl and mol: 0.259819 s
numbers of trajectories: 7143
time trajectory calculation: 12.5541 s
task: 6
worker id: 77697
time create lcl and mol: 0.262238 s
numbers of trajectories: 7143
time trajectory calculation: 11.3404 s
task: 7
worker id: 41750
time create lcl and mol: 0.268154 s
numbers of trajectories: 7143
time trajectory calculation: 10.9523 s
task: 8
worker id: 41750
time create lcl and mol: 0.255692 s
numbers of trajectories: 7143
time trajectory calculation: 9.03365 s
task: 9
worker id: 62041
time create lcl and mol: 0.281345 s
numbers of trajectories: 7143
time trajectory calculation: 11.8476 s
task: 10
worker id: 29109
time create lcl and mol: 0.269515 s
numbers of trajectories: 7143
time trajectory calculation: 10.1089 s
task: 11
worker id: 26286
time create lcl and mol: 0.334351 s
numbers of trajectories: 7143
time trajectory calculation: 9.83315 s
task: 12
worker id: 77697
time create lcl and mol: 0.276259 s
numbers of trajectories: 7142
time trajectory calculation: 9.62357 s
task: 13
worker id: 36889
time create lcl and mol: 0.267947 s
numbers of trajectories: 7142
time trajectory calculation: 9.29272 s
CCS time: 24.2516 s
*********************************************************
average value of CCS = 788390 Ang^2
error value of CCS = 3463.82 Ang^2
Total time: 30.6702 s
Program finished...
*********************************************************
INPUT:: Simulation Parameters 
*********************************************************
target filename                  : 3j3q.xyz
number of probe                  : 10000
number of iterarions             : 10
number of tasks                  : 14
number of threads                : 24
seed number                      : 2104
gas buffer                       : He
Target Temperature (K)           : 298
timestep (fs)                    : 10
Skin cell size (Ang)             : 0.01
Equipotential                    : no
Cut short-range interaction      : yes
LJ cutoff (Ang)                  : 12
Apply long-range interaction     : yes
Cut long-range interaction       : yes
Coulomb cutoff (Ang)             : 25
Apply induced-dipole interaction : yes
alpha (Ang^3)                    : 0.204956
force_type: 4
*********************************************************
Force Field parameters: 
*********************************************************
Symbol  mass (amu)  epislon (kcal/mol)  sigma(Angstroms) 
C   12.011   0.0309   3.043
N   14.007   0.0309   3.043
H   1.008   0.015   2.38
O   15.999   0.0309   3.043
S   32.06   0.0311   3.5
*********************************************************
MOLECULE:: orientation around the inertia principal axis 
*********************************************************
Inertia matrix a.u. Ang^2: 
{  4.11981e+12  5.55214e+11  1.18732e+11  }
{  5.55214e+11  2.60317e+12  -5.05959e+11  }
{  1.18732e+11  -5.05959e+11  3.97212e+12  }
Rotation matrix applied to molecule: 
{  0.906996  0.35969  -0.219044  }
{  -0.291356  0.911492  0.290335  }
{  0.304088  -0.199513  0.931518  }
Molecule radius: 608.113 Ang 
orientation time of molecule target: 5.16221 s
target mass: 3.48079e+07 amu
gas mass: 4.0026 amu
reduce mass: 4.0026 amu
charge state: -4068 e
*********************************************************
Geometric Ellipsoid: 
*********************************************************
maximal distances: 328.398  394.005  606.712  Ang
Initial axis length: 378.408  444.015  656.722  Ang
Ellipsoid axis length: 432.788  498.395  711.102  Ang
ellipsoid calculation time: 0.0296419 s
maximal impact parameter: 711.102 Ang
*********************************************************
Linked-cell: 
Numbers of cells: 721021
Nx: 73 Ny: 83 Nz: 119
Filled cells: 65656
Empty cells: 655365
Average atoms per cell: 74.3925
Maximum atoms per cell: 205
Minimum atoms per cell: 1
Simulation box: 
lx: 876.73 Ang
ly: 996.83 Ang
lz: 1429.19 Ang
linked-cell calculation time: 1.1987 s
time info: 0.107614 s
*********************************************************
Trajectory calculations 
*********************************************************
out target time: 23.989 s
Ntraj: 10000
Nfree: 4203
Nscatter: 5776
Nlost: 21
omega: 783117
Ntraj: 10000
Nfree: 4110
Nscatter: 5878
Nlost: 12
omega: 797373
Ntraj: 10000
Nfree: 4192
Nscatter: 5795
Nlost: 13
omega: 779908
Ntraj: 10000
Nfree: 4138
Nscatter: 5842
Nlost: 20
omega: 800908
Ntraj: 10000
Nfree: 4088
Nscatter: 5899
Nlost: 13
omega: 781368
Ntraj: 10000
Nfree: 4181
Nscatter: 5810
Nlost: 9
omega: 803170
Ntraj: 10000
Nfree: 4141
Nscatter: 5851
Nlost: 8
omega: 768046
Ntraj: 10000
Nfree: 4192
Nscatter: 5799
Nlost: 9
omega: 785974
Ntraj: 10000
Nfree: 4212
Nscatter: 5776
Nlost: 12
omega: 783390
Ntraj: 10000
Nfree: 4177
Nscatter: 5813
Nlost: 10
omega: 800646
*********************************************************
task: 0
worker id: 82127
time create lcl and mol: 0.268435 s
numbers of trajectories: 7143
time trajectory calculation: 12.1393 s
task: 1
worker id: 27613
time create lcl and mol: 0.279517 s
numbers of trajectories: 7143
time trajectory calculation: 11.4704 s
task: 2
worker id: 30435
time create lcl and mol: 0.27864 s
numbers of trajectories: 7143
time trajectory calculation: 9.60568 s
task: 3
worker id: 30435
time create lcl and mol: 0.276712 s
numbers of trajectories: 7143
time trajectory calculation: 8.96082 s
task: 4
worker id: 43074
time create lcl and mol: 0.258618 s
numbers of trajectories: 7143
time trajectory calculation: 12.241 s
task: 5
worker id: 63375
time create lcl and mol: 0.260359 s
numbers of trajectories: 7143
time trajectory calculation: 12.2759 s
task: 6
worker id: 38218
time create lcl and mol: 0.261894 s
numbers of trajectories: 7143
time trajectory calculation: 11.2137 s
task: 7
worker id: 82127
time create lcl and mol: 0.26524 s
numbers of trajectories: 7143
time trajectory calculation: 10.9314 s
task: 8
worker id: 79023
time create lcl and mol: 0.27459 s
numbers of trajectories: 7143
time trajectory calculation: 9.0725 s
task: 9
worker id: 96799
time create lcl and mol: 0.269597 s
numbers of trajectories: 7143
time trajectory calculation: 11.8612 s
task: 10
worker id: 38218
time create lcl and mol: 0.269425 s
numbers of trajectories: 7143
time trajectory calculation: 10.011 s
task: 11
worker id: 27613
time create lcl and mol: 0.263648 s
numbers of trajectories: 7143
time trajectory calculation: 9.75154 s
task: 12
worker id: 79023
time create lcl and mol: 0.26145 s
numbers of trajectories: 7142
time trajectory calculation: 9.92779 s
task: 13
worker id: 96799
time create lcl and mol: 0.264914 s
numbers of trajectories: 7142
time trajectory calculation: 9.10663 s
CCS time: 24.1044 s
*********************************************************
average value of CCS = 788390 Ang^2
error value of CCS = 3463.82 Ang^2
Total time: 30.4997 s
Program finished...
