*********************************************************
INPUT:: Simulation Parameters 
*********************************************************
target filename                  : 09_1aqf_carga_31_min.xyz
number of probe                  : 10000
number of iterarions             : 10
number of tasks                  : 14
number of threads                : 24
seed number                      : 2104
gas buffer                       : He
Target Temperature (K)           : 298
timestep (fs)                    : 10
Skin cell size (Ang)             : 0.01
Equipotential                    : no
Cut short-range interaction      : yes
LJ cutoff (Ang)                  : 12
Apply long-range interaction     : yes
Cut long-range interaction       : yes
Coulomb cutoff (Ang)             : 25
Apply induced-dipole interaction : yes
alpha (Ang^3)                    : 0.204956
force_type: 4
*********************************************************
Force Field parameters: 
*********************************************************
Symbol  mass (amu)  epislon (kcal/mol)  sigma(Angstroms) 
C   12.011   0.0309   3.043
N   14.007   0.0309   3.043
H   1.008   0.015   2.38
O   15.999   0.0309   3.043
S   32.06   0.0311   3.5
*********************************************************
MOLECULE:: orientation around the inertia principal axis 
*********************************************************
Inertia matrix a.u. Ang^2: 
{  3.06475e+08  -1.24859e+07  2.8268e+06  }
{  -1.24859e+07  2.10003e+08  6.06891e+07  }
{  2.8268e+06  6.06891e+07  2.38764e+08  }
Rotation matrix applied to molecule: 
{  0.967096  -0.210263  -0.143226  }
{  0.0793105  0.78409  -0.615559  }
{  0.241732  0.583946  0.774967  }
Molecule radius: 70.6159 Ang 
orientation time of molecule target: 0.031291 s
target mass: 227289 amu
gas mass: 4.0026 amu
reduce mass: 4.00253 amu
charge state: 31 e
*********************************************************
Geometric Ellipsoid: 
*********************************************************
maximal distances: 46.8728  52.0299  62.5643  Ang
Initial axis length: 96.8828  102.04  112.574  Ang
Ellipsoid axis length: 110.473  115.63  126.164  Ang
ellipsoid calculation time: 0.00026083 s
maximal impact parameter: 126.164 Ang
*********************************************************
Linked-cell: 
Numbers of cells: 8360
Nx: 19 Ny: 20 Nz: 22
Filled cells: 400
Empty cells: 7960
Average atoms per cell: 80.425
Maximum atoms per cell: 202
Minimum atoms per cell: 1
Simulation box: 
lx: 228.19 Ang
ly: 240.2 Ang
lz: 264.22 Ang
linked-cell calculation time: 0.0106261 s
time info: 0.00102305 s
*********************************************************
Trajectory calculations 
*********************************************************
out target time: 5.03981 s
Ntraj: 10000
Nfree: 1387
Nscatter: 8612
Nlost: 1
omega: 11353.8
Ntraj: 10000
Nfree: 1346
Nscatter: 8652
Nlost: 2
omega: 11848.1
Ntraj: 10000
Nfree: 1353
Nscatter: 8647
Nlost: 0
omega: 11504.2
Ntraj: 10000
Nfree: 1334
Nscatter: 8666
Nlost: 0
omega: 11832.4
Ntraj: 10000
Nfree: 1341
Nscatter: 8658
Nlost: 1
omega: 11726.1
Ntraj: 10000
Nfree: 1358
Nscatter: 8641
Nlost: 1
omega: 11516
Ntraj: 10000
Nfree: 1377
Nscatter: 8623
Nlost: 0
omega: 11312.9
Ntraj: 10000
Nfree: 1379
Nscatter: 8619
Nlost: 2
omega: 11140.4
Ntraj: 10000
Nfree: 1367
Nscatter: 8633
Nlost: 0
omega: 12093.8
Ntraj: 10000
Nfree: 1388
Nscatter: 8612
Nlost: 0
omega: 11968.8
*********************************************************
task: 0
worker id: 69427
time create lcl and mol: 0.00253701 s
numbers of trajectories: 7143
time trajectory calculation: 2.74342 s
task: 1
worker id: 51635
time create lcl and mol: 0.00275803 s
numbers of trajectories: 7143
time trajectory calculation: 2.38492 s
task: 2
worker id: 97781
time create lcl and mol: 0.00247407 s
numbers of trajectories: 7143
time trajectory calculation: 2.74417 s
task: 3
worker id: 51635
time create lcl and mol: 0.00254512 s
numbers of trajectories: 7143
time trajectory calculation: 1.33507 s
task: 4
worker id: 35987
time create lcl and mol: 0.00261092 s
numbers of trajectories: 7143
time trajectory calculation: 1.30949 s
task: 5
worker id: 3055
time create lcl and mol: 0.00249386 s
numbers of trajectories: 7143
time trajectory calculation: 1.47046 s
task: 6
worker id: 15686
time create lcl and mol: 0.00256395 s
numbers of trajectories: 7143
time trajectory calculation: 2.94245 s
task: 7
worker id: 54039
time create lcl and mol: 0.0027411 s
numbers of trajectories: 7143
time trajectory calculation: 2.64287 s
task: 8
worker id: 35987
time create lcl and mol: 0.0027771 s
numbers of trajectories: 7143
time trajectory calculation: 1.34474 s
task: 9
worker id: 54039
time create lcl and mol: 0.00266814 s
numbers of trajectories: 7143
time trajectory calculation: 2.31249 s
task: 10
worker id: 10821
time create lcl and mol: 0.00246096 s
numbers of trajectories: 7143
time trajectory calculation: 2.31763 s
task: 11
worker id: 3055
time create lcl and mol: 0.00261497 s
numbers of trajectories: 7143
time trajectory calculation: 1.4017 s
task: 12
worker id: 10821
time create lcl and mol: 0.00246906 s
numbers of trajectories: 7142
time trajectory calculation: 1.47143 s
task: 13
worker id: 69427
time create lcl and mol: 0.00255919 s
numbers of trajectories: 7142
time trajectory calculation: 1.66998 s
CCS time: 5.04813 s
*********************************************************
average value of CCS = 11629.6 Ang^2
error value of CCS = 93.4331 Ang^2
Total time: 5.09528 s
Program finished...
*********************************************************
INPUT:: Simulation Parameters 
*********************************************************
target filename                  : 09_1aqf_carga_31_min.xyz
number of probe                  : 10000
number of iterarions             : 10
number of tasks                  : 14
number of threads                : 24
seed number                      : 2104
gas buffer                       : He
Target Temperature (K)           : 298
timestep (fs)                    : 10
Skin cell size (Ang)             : 0.01
Equipotential                    : no
Cut short-range interaction      : yes
LJ cutoff (Ang)                  : 12
Apply long-range interaction     : yes
Cut long-range interaction       : yes
Coulomb cutoff (Ang)             : 25
Apply induced-dipole interaction : yes
alpha (Ang^3)                    : 0.204956
force_type: 4
*********************************************************
Force Field parameters: 
*********************************************************
Symbol  mass (amu)  epislon (kcal/mol)  sigma(Angstroms) 
C   12.011   0.0309   3.043
N   14.007   0.0309   3.043
H   1.008   0.015   2.38
O   15.999   0.0309   3.043
S   32.06   0.0311   3.5
*********************************************************
MOLECULE:: orientation around the inertia principal axis 
*********************************************************
Inertia matrix a.u. Ang^2: 
{  3.06475e+08  -1.24859e+07  2.8268e+06  }
{  -1.24859e+07  2.10003e+08  6.06891e+07  }
{  2.8268e+06  6.06891e+07  2.38764e+08  }
Rotation matrix applied to molecule: 
{  0.967096  -0.210263  -0.143226  }
{  0.0793105  0.78409  -0.615559  }
{  0.241732  0.583946  0.774967  }
Molecule radius: 70.6159 Ang 
orientation time of molecule target: 0.031199 s
target mass: 227289 amu
gas mass: 4.0026 amu
reduce mass: 4.00253 amu
charge state: 31 e
*********************************************************
Geometric Ellipsoid: 
*********************************************************
maximal distances: 46.8728  52.0299  62.5643  Ang
Initial axis length: 96.8828  102.04  112.574  Ang
Ellipsoid axis length: 110.473  115.63  126.164  Ang
ellipsoid calculation time: 0.000252962 s
maximal impact parameter: 126.164 Ang
*********************************************************
Linked-cell: 
Numbers of cells: 8360
Nx: 19 Ny: 20 Nz: 22
Filled cells: 400
Empty cells: 7960
Average atoms per cell: 80.425
Maximum atoms per cell: 202
Minimum atoms per cell: 1
Simulation box: 
lx: 228.19 Ang
ly: 240.2 Ang
lz: 264.22 Ang
linked-cell calculation time: 0.011189 s
time info: 0.00101805 s
*********************************************************
Trajectory calculations 
*********************************************************
out target time: 5.22105 s
Ntraj: 10000
Nfree: 1387
Nscatter: 8612
Nlost: 1
omega: 11353.8
Ntraj: 10000
Nfree: 1346
Nscatter: 8652
Nlost: 2
omega: 11848.1
Ntraj: 10000
Nfree: 1353
Nscatter: 8647
Nlost: 0
omega: 11504.2
Ntraj: 10000
Nfree: 1334
Nscatter: 8666
Nlost: 0
omega: 11832.4
Ntraj: 10000
Nfree: 1341
Nscatter: 8658
Nlost: 1
omega: 11726.1
Ntraj: 10000
Nfree: 1358
Nscatter: 8641
Nlost: 1
omega: 11516
Ntraj: 10000
Nfree: 1377
Nscatter: 8623
Nlost: 0
omega: 11312.9
Ntraj: 10000
Nfree: 1379
Nscatter: 8619
Nlost: 2
omega: 11140.4
Ntraj: 10000
Nfree: 1367
Nscatter: 8633
Nlost: 0
omega: 12093.8
Ntraj: 10000
Nfree: 1388
Nscatter: 8612
Nlost: 0
omega: 11968.8
*********************************************************
task: 0
worker id: 11234
time create lcl and mol: 0.00250411 s
numbers of trajectories: 7143
time trajectory calculation: 2.73596 s
task: 1
worker id: 3479
time create lcl and mol: 0.00264907 s
numbers of trajectories: 7143
time trajectory calculation: 2.46845 s
task: 2
worker id: 98194
time create lcl and mol: 0.00268483 s
numbers of trajectories: 7143
time trajectory calculation: 2.80885 s
task: 3
worker id: 36401
time create lcl and mol: 0.00253701 s
numbers of trajectories: 7143
time trajectory calculation: 1.31577 s
task: 4
worker id: 98194
time create lcl and mol: 0.00251698 s
numbers of trajectories: 7143
time trajectory calculation: 1.3561 s
task: 5
worker id: 54473
time create lcl and mol: 0.00247097 s
numbers of trajectories: 7143
time trajectory calculation: 1.46355 s
task: 6
worker id: 52056
time create lcl and mol: 0.00245214 s
numbers of trajectories: 7143
time trajectory calculation: 2.93644 s
task: 7
worker id: 16098
time create lcl and mol: 0.00261807 s
numbers of trajectories: 7143
time trajectory calculation: 2.67141 s
task: 8
worker id: 69850
time create lcl and mol: 0.00251102 s
numbers of trajectories: 7143
time trajectory calculation: 1.33145 s
task: 9
worker id: 54473
time create lcl and mol: 0.0026691 s
numbers of trajectories: 7143
time trajectory calculation: 2.35054 s
task: 10
worker id: 16098
time create lcl and mol: 0.00259805 s
numbers of trajectories: 7143
time trajectory calculation: 2.48062 s
task: 11
worker id: 3479
time create lcl and mol: 0.002491 s
numbers of trajectories: 7143
time trajectory calculation: 1.44268 s
task: 12
worker id: 36401
time create lcl and mol: 0.00284004 s
numbers of trajectories: 7142
time trajectory calculation: 1.47138 s
task: 13
worker id: 69850
time create lcl and mol: 0.00281096 s
numbers of trajectories: 7142
time trajectory calculation: 1.64693 s
CCS time: 5.22937 s
*********************************************************
average value of CCS = 11629.6 Ang^2
error value of CCS = 93.4331 Ang^2
Total time: 5.27706 s
Program finished...
*********************************************************
INPUT:: Simulation Parameters 
*********************************************************
target filename                  : 09_1aqf_carga_31_min.xyz
number of probe                  : 10000
number of iterarions             : 10
number of tasks                  : 14
number of threads                : 24
seed number                      : 2104
gas buffer                       : He
Target Temperature (K)           : 298
timestep (fs)                    : 10
Skin cell size (Ang)             : 0.01
Equipotential                    : no
Cut short-range interaction      : yes
LJ cutoff (Ang)                  : 12
Apply long-range interaction     : yes
Cut long-range interaction       : yes
Coulomb cutoff (Ang)             : 25
Apply induced-dipole interaction : yes
alpha (Ang^3)                    : 0.204956
force_type: 4
*********************************************************
Force Field parameters: 
*********************************************************
Symbol  mass (amu)  epislon (kcal/mol)  sigma(Angstroms) 
C   12.011   0.0309   3.043
N   14.007   0.0309   3.043
H   1.008   0.015   2.38
O   15.999   0.0309   3.043
S   32.06   0.0311   3.5
*********************************************************
MOLECULE:: orientation around the inertia principal axis 
*********************************************************
Inertia matrix a.u. Ang^2: 
{  3.06475e+08  -1.24859e+07  2.8268e+06  }
{  -1.24859e+07  2.10003e+08  6.06891e+07  }
{  2.8268e+06  6.06891e+07  2.38764e+08  }
Rotation matrix applied to molecule: 
{  0.967096  -0.210263  -0.143226  }
{  0.0793105  0.78409  -0.615559  }
{  0.241732  0.583946  0.774967  }
Molecule radius: 70.6159 Ang 
orientation time of molecule target: 0.031188 s
target mass: 227289 amu
gas mass: 4.0026 amu
reduce mass: 4.00253 amu
charge state: 31 e
*********************************************************
Geometric Ellipsoid: 
*********************************************************
maximal distances: 46.8728  52.0299  62.5643  Ang
Initial axis length: 96.8828  102.04  112.574  Ang
Ellipsoid axis length: 110.473  115.63  126.164  Ang
ellipsoid calculation time: 0.000250101 s
maximal impact parameter: 126.164 Ang
*********************************************************
Linked-cell: 
Numbers of cells: 8360
Nx: 19 Ny: 20 Nz: 22
Filled cells: 400
Empty cells: 7960
Average atoms per cell: 80.425
Maximum atoms per cell: 202
Minimum atoms per cell: 1
Simulation box: 
lx: 228.19 Ang
ly: 240.2 Ang
lz: 264.22 Ang
linked-cell calculation time: 0.0109131 s
time info: 0.00104284 s
*********************************************************
Trajectory calculations 
*********************************************************
out target time: 5.11223 s
Ntraj: 10000
Nfree: 1387
Nscatter: 8612
Nlost: 1
omega: 11353.8
Ntraj: 10000
Nfree: 1346
Nscatter: 8652
Nlost: 2
omega: 11848.1
Ntraj: 10000
Nfree: 1353
Nscatter: 8647
Nlost: 0
omega: 11504.2
Ntraj: 10000
Nfree: 1334
Nscatter: 8666
Nlost: 0
omega: 11832.4
Ntraj: 10000
Nfree: 1341
Nscatter: 8658
Nlost: 1
omega: 11726.1
Ntraj: 10000
Nfree: 1358
Nscatter: 8641
Nlost: 1
omega: 11516
Ntraj: 10000
Nfree: 1377
Nscatter: 8623
Nlost: 0
omega: 11312.9
Ntraj: 10000
Nfree: 1379
Nscatter: 8619
Nlost: 2
omega: 11140.4
Ntraj: 10000
Nfree: 1367
Nscatter: 8633
Nlost: 0
omega: 12093.8
Ntraj: 10000
Nfree: 1388
Nscatter: 8612
Nlost: 0
omega: 11968.8
*********************************************************
task: 0
worker id: 70250
time create lcl and mol: 0.00246906 s
numbers of trajectories: 7143
time trajectory calculation: 2.62718 s
task: 1
worker id: 52454
time create lcl and mol: 0.00271392 s
numbers of trajectories: 7143
time trajectory calculation: 2.33306 s
task: 2
worker id: 804
time create lcl and mol: 0.00247312 s
numbers of trajectories: 7143
time trajectory calculation: 2.74019 s
task: 3
worker id: 3882
time create lcl and mol: 0.00246787 s
numbers of trajectories: 7143
time trajectory calculation: 1.31658 s
task: 4
worker id: 54888
time create lcl and mol: 0.00268698 s
numbers of trajectories: 7143
time trajectory calculation: 1.32757 s
task: 5
worker id: 52454
time create lcl and mol: 0.00246191 s
numbers of trajectories: 7143
time trajectory calculation: 1.47257 s
task: 6
worker id: 16496
time create lcl and mol: 0.00242496 s
numbers of trajectories: 7143
time trajectory calculation: 3.09627 s
task: 7
worker id: 36798
time create lcl and mol: 0.00262403 s
numbers of trajectories: 7143
time trajectory calculation: 2.62251 s
task: 8
worker id: 11629
time create lcl and mol: 0.00250411 s
numbers of trajectories: 7143
time trajectory calculation: 1.34236 s
task: 9
worker id: 3882
time create lcl and mol: 0.00276709 s
numbers of trajectories: 7143
time trajectory calculation: 2.3239 s
task: 10
worker id: 70250
time create lcl and mol: 0.00260091 s
numbers of trajectories: 7143
time trajectory calculation: 2.40474 s
task: 11
worker id: 36798
time create lcl and mol: 0.00251198 s
numbers of trajectories: 7143
time trajectory calculation: 1.37293 s
task: 12
worker id: 11629
time create lcl and mol: 0.00274396 s
numbers of trajectories: 7142
time trajectory calculation: 1.47302 s
task: 13
worker id: 54888
time create lcl and mol: 0.00281405 s
numbers of trajectories: 7142
time trajectory calculation: 1.56836 s
CCS time: 5.12062 s
*********************************************************
average value of CCS = 11629.6 Ang^2
error value of CCS = 93.4331 Ang^2
Total time: 5.16825 s
Program finished...
*********************************************************
INPUT:: Simulation Parameters 
*********************************************************
target filename                  : 09_1aqf_carga_31_min.xyz
number of probe                  : 10000
number of iterarions             : 10
number of tasks                  : 14
number of threads                : 24
seed number                      : 2104
gas buffer                       : He
Target Temperature (K)           : 298
timestep (fs)                    : 10
Skin cell size (Ang)             : 0.01
Equipotential                    : no
Cut short-range interaction      : yes
LJ cutoff (Ang)                  : 12
Apply long-range interaction     : yes
Cut long-range interaction       : yes
Coulomb cutoff (Ang)             : 25
Apply induced-dipole interaction : yes
alpha (Ang^3)                    : 0.204956
force_type: 4
*********************************************************
Force Field parameters: 
*********************************************************
Symbol  mass (amu)  epislon (kcal/mol)  sigma(Angstroms) 
C   12.011   0.0309   3.043
N   14.007   0.0309   3.043
H   1.008   0.015   2.38
O   15.999   0.0309   3.043
S   32.06   0.0311   3.5
*********************************************************
MOLECULE:: orientation around the inertia principal axis 
*********************************************************
Inertia matrix a.u. Ang^2: 
{  3.06475e+08  -1.24859e+07  2.8268e+06  }
{  -1.24859e+07  2.10003e+08  6.06891e+07  }
{  2.8268e+06  6.06891e+07  2.38764e+08  }
Rotation matrix applied to molecule: 
{  0.967096  -0.210263  -0.143226  }
{  0.0793105  0.78409  -0.615559  }
{  0.241732  0.583946  0.774967  }
Molecule radius: 70.6159 Ang 
orientation time of molecule target: 0.031127 s
target mass: 227289 amu
gas mass: 4.0026 amu
reduce mass: 4.00253 amu
charge state: 31 e
*********************************************************
Geometric Ellipsoid: 
*********************************************************
maximal distances: 46.8728  52.0299  62.5643  Ang
Initial axis length: 96.8828  102.04  112.574  Ang
Ellipsoid axis length: 110.473  115.63  126.164  Ang
ellipsoid calculation time: 0.000244856 s
maximal impact parameter: 126.164 Ang
*********************************************************
Linked-cell: 
Numbers of cells: 8360
Nx: 19 Ny: 20 Nz: 22
Filled cells: 400
Empty cells: 7960
Average atoms per cell: 80.425
Maximum atoms per cell: 202
Minimum atoms per cell: 1
Simulation box: 
lx: 228.19 Ang
ly: 240.2 Ang
lz: 264.22 Ang
linked-cell calculation time: 0.0108519 s
time info: 0.00103998 s
*********************************************************
Trajectory calculations 
*********************************************************
out target time: 4.1847 s
Ntraj: 10000
Nfree: 1387
Nscatter: 8612
Nlost: 1
omega: 11353.8
Ntraj: 10000
Nfree: 1346
Nscatter: 8652
Nlost: 2
omega: 11848.1
Ntraj: 10000
Nfree: 1353
Nscatter: 8647
Nlost: 0
omega: 11504.2
Ntraj: 10000
Nfree: 1334
Nscatter: 8666
Nlost: 0
omega: 11832.4
Ntraj: 10000
Nfree: 1341
Nscatter: 8658
Nlost: 1
omega: 11726.1
Ntraj: 10000
Nfree: 1358
Nscatter: 8641
Nlost: 1
omega: 11516
Ntraj: 10000
Nfree: 1377
Nscatter: 8623
Nlost: 0
omega: 11312.9
Ntraj: 10000
Nfree: 1379
Nscatter: 8619
Nlost: 2
omega: 11140.4
Ntraj: 10000
Nfree: 1367
Nscatter: 8633
Nlost: 0
omega: 12093.8
Ntraj: 10000
Nfree: 1388
Nscatter: 8612
Nlost: 0
omega: 11968.8
*********************************************************
task: 0
worker id: 55073
time create lcl and mol: 0.00248098 s
numbers of trajectories: 7143
time trajectory calculation: 2.71126 s
task: 1
worker id: 1182
time create lcl and mol: 0.00252604 s
numbers of trajectories: 7143
time trajectory calculation: 2.37907 s
task: 2
worker id: 52675
time create lcl and mol: 0.0024929 s
numbers of trajectories: 7143
time trajectory calculation: 2.70302 s
task: 3
worker id: 4217
time create lcl and mol: 0.00260305 s
numbers of trajectories: 7143
time trajectory calculation: 1.33965 s
task: 4
worker id: 37132
time create lcl and mol: 0.00253296 s
numbers of trajectories: 7143
time trajectory calculation: 1.331 s
task: 5
worker id: 70385
time create lcl and mol: 0.00253296 s
numbers of trajectories: 7143
time trajectory calculation: 1.45705 s
task: 6
worker id: 16634
time create lcl and mol: 0.00264287 s
numbers of trajectories: 7143
time trajectory calculation: 3.08101 s
task: 7
worker id: 11987
time create lcl and mol: 0.00261903 s
numbers of trajectories: 7143
time trajectory calculation: 2.59154 s
task: 8
worker id: 11987
time create lcl and mol: 0.00258899 s
numbers of trajectories: 7143
time trajectory calculation: 1.32274 s
task: 9
worker id: 37132
time create lcl and mol: 0.00278378 s
numbers of trajectories: 7143
time trajectory calculation: 2.33146 s
task: 10
worker id: 70385
time create lcl and mol: 0.00270081 s
numbers of trajectories: 7143
time trajectory calculation: 2.41008 s
task: 11
worker id: 52675
time create lcl and mol: 0.00261712 s
numbers of trajectories: 7143
time trajectory calculation: 1.41202 s
task: 12
worker id: 4217
time create lcl and mol: 0.00253487 s
numbers of trajectories: 7142
time trajectory calculation: 1.47408 s
task: 13
worker id: 1182
time create lcl and mol: 0.00247192 s
numbers of trajectories: 7142
time trajectory calculation: 1.6874 s
CCS time: 4.19293 s
*********************************************************
average value of CCS = 11629.6 Ang^2
error value of CCS = 93.4331 Ang^2
Total time: 4.24017 s
Program finished...
*********************************************************
INPUT:: Simulation Parameters 
*********************************************************
target filename                  : 09_1aqf_carga_31_min.xyz
number of probe                  : 10000
number of iterarions             : 10
number of tasks                  : 14
number of threads                : 24
seed number                      : 2104
gas buffer                       : He
Target Temperature (K)           : 298
timestep (fs)                    : 10
Skin cell size (Ang)             : 0.01
Equipotential                    : no
Cut short-range interaction      : yes
LJ cutoff (Ang)                  : 12
Apply long-range interaction     : yes
Cut long-range interaction       : yes
Coulomb cutoff (Ang)             : 25
Apply induced-dipole interaction : yes
alpha (Ang^3)                    : 0.204956
force_type: 4
*********************************************************
Force Field parameters: 
*********************************************************
Symbol  mass (amu)  epislon (kcal/mol)  sigma(Angstroms) 
C   12.011   0.0309   3.043
N   14.007   0.0309   3.043
H   1.008   0.015   2.38
O   15.999   0.0309   3.043
S   32.06   0.0311   3.5
*********************************************************
MOLECULE:: orientation around the inertia principal axis 
*********************************************************
Inertia matrix a.u. Ang^2: 
{  3.06475e+08  -1.24859e+07  2.8268e+06  }
{  -1.24859e+07  2.10003e+08  6.06891e+07  }
{  2.8268e+06  6.06891e+07  2.38764e+08  }
Rotation matrix applied to molecule: 
{  0.967096  -0.210263  -0.143226  }
{  0.0793105  0.78409  -0.615559  }
{  0.241732  0.583946  0.774967  }
Molecule radius: 70.6159 Ang 
orientation time of molecule target: 0.0310459 s
target mass: 227289 amu
gas mass: 4.0026 amu
reduce mass: 4.00253 amu
charge state: 31 e
*********************************************************
Geometric Ellipsoid: 
*********************************************************
maximal distances: 46.8728  52.0299  62.5643  Ang
Initial axis length: 96.8828  102.04  112.574  Ang
Ellipsoid axis length: 110.473  115.63  126.164  Ang
ellipsoid calculation time: 0.000246048 s
maximal impact parameter: 126.164 Ang
*********************************************************
Linked-cell: 
Numbers of cells: 8360
Nx: 19 Ny: 20 Nz: 22
Filled cells: 400
Empty cells: 7960
Average atoms per cell: 80.425
Maximum atoms per cell: 202
Minimum atoms per cell: 1
Simulation box: 
lx: 228.19 Ang
ly: 240.2 Ang
lz: 264.22 Ang
linked-cell calculation time: 0.0108881 s
time info: 0.001086 s
*********************************************************
Trajectory calculations 
*********************************************************
out target time: 5.14886 s
Ntraj: 10000
Nfree: 1387
Nscatter: 8612
Nlost: 1
omega: 11353.8
Ntraj: 10000
Nfree: 1346
Nscatter: 8652
Nlost: 2
omega: 11848.1
Ntraj: 10000
Nfree: 1353
Nscatter: 8647
Nlost: 0
omega: 11504.2
Ntraj: 10000
Nfree: 1334
Nscatter: 8666
Nlost: 0
omega: 11832.4
Ntraj: 10000
Nfree: 1341
Nscatter: 8658
Nlost: 1
omega: 11726.1
Ntraj: 10000
Nfree: 1358
Nscatter: 8641
Nlost: 1
omega: 11516
Ntraj: 10000
Nfree: 1377
Nscatter: 8623
Nlost: 0
omega: 11312.9
Ntraj: 10000
Nfree: 1379
Nscatter: 8619
Nlost: 2
omega: 11140.4
Ntraj: 10000
Nfree: 1367
Nscatter: 8633
Nlost: 0
omega: 12093.8
Ntraj: 10000
Nfree: 1388
Nscatter: 8612
Nlost: 0
omega: 11968.8
*********************************************************
task: 0
worker id: 70736
time create lcl and mol: 0.00248313 s
numbers of trajectories: 7143
time trajectory calculation: 2.64566 s
task: 1
worker id: 55401
time create lcl and mol: 0.00252008 s
numbers of trajectories: 7143
time trajectory calculation: 2.42822 s
task: 2
worker id: 16980
time create lcl and mol: 0.00246406 s
numbers of trajectories: 7143
time trajectory calculation: 2.70913 s
task: 3
worker id: 4371
time create lcl and mol: 0.00247288 s
numbers of trajectories: 7143
time trajectory calculation: 1.28329 s
task: 4
worker id: 37282
time create lcl and mol: 0.00258803 s
numbers of trajectories: 7143
time trajectory calculation: 1.3275 s
task: 5
worker id: 52942
time create lcl and mol: 0.00252199 s
numbers of trajectories: 7143
time trajectory calculation: 1.4375 s
task: 6
worker id: 1349
time create lcl and mol: 0.00249314 s
numbers of trajectories: 7143
time trajectory calculation: 2.91545 s
task: 7
worker id: 4371
time create lcl and mol: 0.00235605 s
numbers of trajectories: 7143
time trajectory calculation: 2.58372 s
task: 8
worker id: 12111
time create lcl and mol: 0.00247884 s
numbers of trajectories: 7143
time trajectory calculation: 1.2859 s
task: 9
worker id: 37282
time create lcl and mol: 0.00270796 s
numbers of trajectories: 7143
time trajectory calculation: 2.33134 s
task: 10
worker id: 70736
time create lcl and mol: 0.00260615 s
numbers of trajectories: 7143
time trajectory calculation: 2.43457 s
task: 11
worker id: 12111
time create lcl and mol: 0.00276995 s
numbers of trajectories: 7143
time trajectory calculation: 1.37788 s
task: 12
worker id: 55401
time create lcl and mol: 0.00252414 s
numbers of trajectories: 7142
time trajectory calculation: 1.3829 s
task: 13
worker id: 52942
time create lcl and mol: 0.00274301 s
numbers of trajectories: 7142
time trajectory calculation: 1.65995 s
CCS time: 5.15733 s
*********************************************************
average value of CCS = 11629.6 Ang^2
error value of CCS = 93.4331 Ang^2
Total time: 5.20454 s
Program finished...
[1695220171.180577] [sdumont6080:4371 :0]       tag_match.c:62   UCX  WARN  unexpected tag-receive descriptor 0x562796686ac0 was not matched
[1695220171.178196] [sdumont6083:70736:0]       tag_match.c:62   UCX  WARN  unexpected tag-receive descriptor 0x56527294bc00 was not matched
