*********************************************************
INPUT:: Simulation Parameters 
*********************************************************
target filename                  : 6cgv.xyz
number of probe                  : 10000
number of iterarions             : 10
number of tasks                  : 14
number of threads                : 24
seed number                      : 2104
gas buffer                       : He
Target Temperature (K)           : 298
timestep (fs)                    : 10
Skin cell size (Ang)             : 0.01
Equipotential                    : no
Cut short-range interaction      : yes
LJ cutoff (Ang)                  : 12
Apply long-range interaction     : yes
Cut long-range interaction       : yes
Coulomb cutoff (Ang)             : 25
Apply induced-dipole interaction : yes
alpha (Ang^3)                    : 0.204956
force_type: 4
*********************************************************
Force Field parameters: 
*********************************************************
Symbol  mass (amu)  epislon (kcal/mol)  sigma(Angstroms) 
C   12.011   0.0309   3.043
N   14.007   0.0309   3.043
H   1.008   0.015   2.38
O   15.999   0.0309   3.043
S   32.06   0.0311   3.5
*********************************************************
MOLECULE:: orientation around the inertia principal axis 
*********************************************************
Inertia matrix a.u. Ang^2: 
{  8.31743e+12  -150701  -117647  }
{  -150701  8.31743e+12  -157279  }
{  -117647  -157279  8.31743e+12  }
Rotation matrix applied to molecule: 
{  0.999999  -0.00133501  -0.00104425  }
{  0.00269127  0.999993  0.00278224  }
{  0.00104053  -0.00278504  0.999995  }
Molecule radius: 472.049 Ang 
orientation time of molecule target: 12.9949 s
target mass: 8.488e+07 amu
gas mass: 4.0026 amu
reduce mass: 4.0026 amu
charge state: -9540 e
*********************************************************
Geometric Ellipsoid: 
*********************************************************
maximal distances: 471.877  446.362  472.049  Ang
Initial axis length: 521.887  496.372  522.059  Ang
Ellipsoid axis length: 544.967  519.452  545.139  Ang
ellipsoid calculation time: 0.0725338 s
maximal impact parameter: 545.139 Ang
*********************************************************
Linked-cell: 
Numbers of cells: 720447
Nx: 91 Ny: 87 Nz: 91
Filled cells: 119899
Empty cells: 600548
Average atoms per cell: 98.051
Maximum atoms per cell: 210
Minimum atoms per cell: 1
Simulation box: 
lx: 1092.91 Ang
ly: 1044.87 Ang
lz: 1092.91 Ang
linked-cell calculation time: 1.95158 s
time info: 0.246282 s
*********************************************************
Trajectory calculations 
*********************************************************
out target time: 36.3399 s
Ntraj: 10000
Nfree: 347
Nscatter: 9653
Nlost: 0
omega: 923820
Ntraj: 10000
Nfree: 302
Nscatter: 9697
Nlost: 1
omega: 932512
Ntraj: 10000
Nfree: 328
Nscatter: 9672
Nlost: 0
omega: 914825
Ntraj: 10000
Nfree: 304
Nscatter: 9694
Nlost: 2
omega: 931397
Ntraj: 10000
Nfree: 318
Nscatter: 9682
Nlost: 0
omega: 921634
Ntraj: 10000
Nfree: 320
Nscatter: 9680
Nlost: 0
omega: 913173
Ntraj: 10000
Nfree: 295
Nscatter: 9705
Nlost: 0
omega: 921134
Ntraj: 10000
Nfree: 332
Nscatter: 9667
Nlost: 1
omega: 919402
Ntraj: 10000
Nfree: 327
Nscatter: 9672
Nlost: 1
omega: 915877
Ntraj: 10000
Nfree: 322
Nscatter: 9675
Nlost: 3
omega: 929531
*********************************************************
task: 0
worker id: 80087
time create lcl and mol: 0.40971 s
numbers of trajectories: 7143
time trajectory calculation: 13.8121 s
task: 1
worker id: 97862
time create lcl and mol: 0.411093 s
numbers of trajectories: 7143
time trajectory calculation: 14.9886 s
task: 2
worker id: 28666
time create lcl and mol: 0.4019 s
numbers of trajectories: 7143
time trajectory calculation: 14.4546 s
task: 3
worker id: 31503
time create lcl and mol: 0.408258 s
numbers of trajectories: 7143
time trajectory calculation: 15.9852 s
task: 4
worker id: 83202
time create lcl and mol: 0.402984 s
numbers of trajectories: 7143
time trajectory calculation: 14.3947 s
task: 5
worker id: 64439
time create lcl and mol: 0.406112 s
numbers of trajectories: 7143
time trajectory calculation: 13.8184 s
task: 6
worker id: 83202
time create lcl and mol: 0.400269 s
numbers of trajectories: 7143
time trajectory calculation: 14.1162 s
task: 7
worker id: 44133
time create lcl and mol: 0.394829 s
numbers of trajectories: 7143
time trajectory calculation: 13.6817 s
task: 8
worker id: 39279
time create lcl and mol: 0.401965 s
numbers of trajectories: 7143
time trajectory calculation: 14.9614 s
task: 9
worker id: 80087
time create lcl and mol: 0.405571 s
numbers of trajectories: 7143
time trajectory calculation: 12.817 s
task: 10
worker id: 64439
time create lcl and mol: 0.3966 s
numbers of trajectories: 7143
time trajectory calculation: 13.6049 s
task: 11
worker id: 39279
time create lcl and mol: 0.42012 s
numbers of trajectories: 7143
time trajectory calculation: 15.1293 s
task: 12
worker id: 44133
time create lcl and mol: 0.421047 s
numbers of trajectories: 7142
time trajectory calculation: 16.4368 s
task: 13
worker id: 28666
time create lcl and mol: 0.431082 s
numbers of trajectories: 7142
time trajectory calculation: 20.2332 s
CCS time: 36.594 s
*********************************************************
average value of CCS = 922331 Ang^2
error value of CCS = 2079.06 Ang^2
Total time: 51.6182 s
Program finished...
*********************************************************
INPUT:: Simulation Parameters 
*********************************************************
target filename                  : 6cgv.xyz
number of probe                  : 10000
number of iterarions             : 10
number of tasks                  : 14
number of threads                : 24
seed number                      : 2104
gas buffer                       : He
Target Temperature (K)           : 298
timestep (fs)                    : 10
Skin cell size (Ang)             : 0.01
Equipotential                    : no
Cut short-range interaction      : yes
LJ cutoff (Ang)                  : 12
Apply long-range interaction     : yes
Cut long-range interaction       : yes
Coulomb cutoff (Ang)             : 25
Apply induced-dipole interaction : yes
alpha (Ang^3)                    : 0.204956
force_type: 4
*********************************************************
Force Field parameters: 
*********************************************************
Symbol  mass (amu)  epislon (kcal/mol)  sigma(Angstroms) 
C   12.011   0.0309   3.043
N   14.007   0.0309   3.043
H   1.008   0.015   2.38
O   15.999   0.0309   3.043
S   32.06   0.0311   3.5
*********************************************************
MOLECULE:: orientation around the inertia principal axis 
*********************************************************
Inertia matrix a.u. Ang^2: 
{  8.31743e+12  -150701  -117647  }
{  -150701  8.31743e+12  -157279  }
{  -117647  -157279  8.31743e+12  }
Rotation matrix applied to molecule: 
{  0.999999  -0.00133501  -0.00104425  }
{  0.00269127  0.999993  0.00278224  }
{  0.00104053  -0.00278504  0.999995  }
Molecule radius: 472.049 Ang 
orientation time of molecule target: 12.7951 s
target mass: 8.488e+07 amu
gas mass: 4.0026 amu
reduce mass: 4.0026 amu
charge state: -9540 e
*********************************************************
Geometric Ellipsoid: 
*********************************************************
maximal distances: 471.877  446.362  472.049  Ang
Initial axis length: 521.887  496.372  522.059  Ang
Ellipsoid axis length: 544.967  519.452  545.139  Ang
ellipsoid calculation time: 0.072607 s
maximal impact parameter: 545.139 Ang
*********************************************************
Linked-cell: 
Numbers of cells: 720447
Nx: 91 Ny: 87 Nz: 91
Filled cells: 119899
Empty cells: 600548
Average atoms per cell: 98.051
Maximum atoms per cell: 210
Minimum atoms per cell: 1
Simulation box: 
lx: 1092.91 Ang
ly: 1044.87 Ang
lz: 1092.91 Ang
linked-cell calculation time: 1.95298 s
time info: 0.238735 s
*********************************************************
Trajectory calculations 
*********************************************************
out target time: 35.5611 s
Ntraj: 10000
Nfree: 347
Nscatter: 9653
Nlost: 0
omega: 923820
Ntraj: 10000
Nfree: 302
Nscatter: 9697
Nlost: 1
omega: 932512
Ntraj: 10000
Nfree: 328
Nscatter: 9672
Nlost: 0
omega: 914825
Ntraj: 10000
Nfree: 304
Nscatter: 9694
Nlost: 2
omega: 931397
Ntraj: 10000
Nfree: 318
Nscatter: 9682
Nlost: 0
omega: 921634
Ntraj: 10000
Nfree: 320
Nscatter: 9680
Nlost: 0
omega: 913173
Ntraj: 10000
Nfree: 295
Nscatter: 9705
Nlost: 0
omega: 921134
Ntraj: 10000
Nfree: 332
Nscatter: 9667
Nlost: 1
omega: 919402
Ntraj: 10000
Nfree: 327
Nscatter: 9672
Nlost: 1
omega: 915877
Ntraj: 10000
Nfree: 322
Nscatter: 9675
Nlost: 3
omega: 929531
*********************************************************
task: 0
worker id: 1823
time create lcl and mol: 0.392579 s
numbers of trajectories: 7143
time trajectory calculation: 13.9088 s
task: 1
worker id: 33178
time create lcl and mol: 0.413121 s
numbers of trajectories: 7143
time trajectory calculation: 15.0537 s
task: 2
worker id: 81761
time create lcl and mol: 0.396994 s
numbers of trajectories: 7143
time trajectory calculation: 14.4484 s
task: 3
worker id: 40952
time create lcl and mol: 0.419043 s
numbers of trajectories: 7143
time trajectory calculation: 15.8253 s
task: 4
worker id: 45807
time create lcl and mol: 0.40206 s
numbers of trajectories: 7143
time trajectory calculation: 14.5793 s
task: 5
worker id: 33178
time create lcl and mol: 0.408501 s
numbers of trajectories: 7143
time trajectory calculation: 13.8358 s
task: 6
worker id: 66116
time create lcl and mol: 0.415261 s
numbers of trajectories: 7143
time trajectory calculation: 14.111 s
task: 7
worker id: 30341
time create lcl and mol: 0.408039 s
numbers of trajectories: 7143
time trajectory calculation: 13.5669 s
task: 8
worker id: 84890
time create lcl and mol: 0.420845 s
numbers of trajectories: 7143
time trajectory calculation: 15.1372 s
task: 9
worker id: 66116
time create lcl and mol: 0.412911 s
numbers of trajectories: 7143
time trajectory calculation: 13.0056 s
task: 10
worker id: 45807
time create lcl and mol: 0.420817 s
numbers of trajectories: 7143
time trajectory calculation: 13.6059 s
task: 11
worker id: 1823
time create lcl and mol: 0.411761 s
numbers of trajectories: 7143
time trajectory calculation: 14.9544 s
task: 12
worker id: 81761
time create lcl and mol: 0.39364 s
numbers of trajectories: 7142
time trajectory calculation: 16.3551 s
task: 13
worker id: 30341
time create lcl and mol: 0.400036 s
numbers of trajectories: 7142
time trajectory calculation: 20.3789 s
CCS time: 35.8076 s
*********************************************************
average value of CCS = 922331 Ang^2
error value of CCS = 2079.06 Ang^2
Total time: 50.6337 s
Program finished...
[1695220998.173351] [sdumont6078:30341:0]       tag_match.c:62   UCX  WARN  unexpected tag-receive descriptor 0x55e016492cc0 was not matched
[1695220998.173073] [sdumont6205:45807:0]       tag_match.c:62   UCX  WARN  unexpected tag-receive descriptor 0x55b8a6562b80 was not matched
[1695220998.174391] [sdumont6081:81761:0]       tag_match.c:62   UCX  WARN  unexpected tag-receive descriptor 0x55cb21a3da00 was not matched
[1695220998.174407] [sdumont6210:40952:0]       tag_match.c:62   UCX  WARN  unexpected tag-receive descriptor 0x564f39680ac0 was not matched
*********************************************************
INPUT:: Simulation Parameters 
*********************************************************
target filename                  : 6cgv.xyz
number of probe                  : 10000
number of iterarions             : 10
number of tasks                  : 14
number of threads                : 24
seed number                      : 2104
gas buffer                       : He
Target Temperature (K)           : 298
timestep (fs)                    : 10
Skin cell size (Ang)             : 0.01
Equipotential                    : no
Cut short-range interaction      : yes
LJ cutoff (Ang)                  : 12
Apply long-range interaction     : yes
Cut long-range interaction       : yes
Coulomb cutoff (Ang)             : 25
Apply induced-dipole interaction : yes
alpha (Ang^3)                    : 0.204956
force_type: 4
*********************************************************
Force Field parameters: 
*********************************************************
Symbol  mass (amu)  epislon (kcal/mol)  sigma(Angstroms) 
C   12.011   0.0309   3.043
N   14.007   0.0309   3.043
H   1.008   0.015   2.38
O   15.999   0.0309   3.043
S   32.06   0.0311   3.5
*********************************************************
MOLECULE:: orientation around the inertia principal axis 
*********************************************************
Inertia matrix a.u. Ang^2: 
{  8.31743e+12  -150701  -117647  }
{  -150701  8.31743e+12  -157279  }
{  -117647  -157279  8.31743e+12  }
Rotation matrix applied to molecule: 
{  0.999999  -0.00133501  -0.00104425  }
{  0.00269127  0.999993  0.00278224  }
{  0.00104053  -0.00278504  0.999995  }
Molecule radius: 472.049 Ang 
orientation time of molecule target: 12.7864 s
target mass: 8.488e+07 amu
gas mass: 4.0026 amu
reduce mass: 4.0026 amu
charge state: -9540 e
*********************************************************
Geometric Ellipsoid: 
*********************************************************
maximal distances: 471.877  446.362  472.049  Ang
Initial axis length: 521.887  496.372  522.059  Ang
Ellipsoid axis length: 544.967  519.452  545.139  Ang
ellipsoid calculation time: 0.0726831 s
maximal impact parameter: 545.139 Ang
*********************************************************
Linked-cell: 
Numbers of cells: 720447
Nx: 91 Ny: 87 Nz: 91
Filled cells: 119899
Empty cells: 600548
Average atoms per cell: 98.051
Maximum atoms per cell: 210
Minimum atoms per cell: 1
Simulation box: 
lx: 1092.91 Ang
ly: 1044.87 Ang
lz: 1092.91 Ang
linked-cell calculation time: 1.95394 s
time info: 0.238777 s
*********************************************************
Trajectory calculations 
*********************************************************
out target time: 34.4249 s
Ntraj: 10000
Nfree: 347
Nscatter: 9653
Nlost: 0
omega: 923820
Ntraj: 10000
Nfree: 302
Nscatter: 9697
Nlost: 1
omega: 932512
Ntraj: 10000
Nfree: 328
Nscatter: 9672
Nlost: 0
omega: 914825
Ntraj: 10000
Nfree: 304
Nscatter: 9694
Nlost: 2
omega: 931397
Ntraj: 10000
Nfree: 318
Nscatter: 9682
Nlost: 0
omega: 921634
Ntraj: 10000
Nfree: 320
Nscatter: 9680
Nlost: 0
omega: 913173
Ntraj: 10000
Nfree: 295
Nscatter: 9705
Nlost: 0
omega: 921134
Ntraj: 10000
Nfree: 332
Nscatter: 9667
Nlost: 1
omega: 919402
Ntraj: 10000
Nfree: 327
Nscatter: 9672
Nlost: 1
omega: 915877
Ntraj: 10000
Nfree: 322
Nscatter: 9675
Nlost: 3
omega: 929531
*********************************************************
task: 0
worker id: 86580
time create lcl and mol: 0.407314 s
numbers of trajectories: 7143
time trajectory calculation: 13.8624 s
task: 1
worker id: 3658
time create lcl and mol: 0.405565 s
numbers of trajectories: 7143
time trajectory calculation: 14.2527 s
task: 2
worker id: 47480
time create lcl and mol: 0.38605 s
numbers of trajectories: 7143
time trajectory calculation: 14.3857 s
task: 3
worker id: 34863
time create lcl and mol: 0.400595 s
numbers of trajectories: 7143
time trajectory calculation: 15.7075 s
task: 4
worker id: 86580
time create lcl and mol: 0.417004 s
numbers of trajectories: 7143
time trajectory calculation: 14.523 s
task: 5
worker id: 83440
time create lcl and mol: 0.408873 s
numbers of trajectories: 7143
time trajectory calculation: 13.7866 s
task: 6
worker id: 32025
time create lcl and mol: 0.405854 s
numbers of trajectories: 7143
time trajectory calculation: 14.1008 s
task: 7
worker id: 47480
time create lcl and mol: 0.428065 s
numbers of trajectories: 7143
time trajectory calculation: 13.4222 s
task: 8
worker id: 42625
time create lcl and mol: 0.417854 s
numbers of trajectories: 7143
time trajectory calculation: 14.9715 s
task: 9
worker id: 67789
time create lcl and mol: 0.395629 s
numbers of trajectories: 7143
time trajectory calculation: 12.7896 s
task: 10
worker id: 32025
time create lcl and mol: 0.433046 s
numbers of trajectories: 7143
time trajectory calculation: 13.3842 s
task: 11
worker id: 83440
time create lcl and mol: 0.406189 s
numbers of trajectories: 7143
time trajectory calculation: 14.7676 s
task: 12
worker id: 3658
time create lcl and mol: 0.419163 s
numbers of trajectories: 7142
time trajectory calculation: 16.4704 s
task: 13
worker id: 67789
time create lcl and mol: 0.40153 s
numbers of trajectories: 7142
time trajectory calculation: 19.9883 s
CCS time: 34.6714 s
*********************************************************
average value of CCS = 922331 Ang^2
error value of CCS = 2079.06 Ang^2
Total time: 49.4896 s
Program finished...
*********************************************************
INPUT:: Simulation Parameters 
*********************************************************
target filename                  : 6cgv.xyz
number of probe                  : 10000
number of iterarions             : 10
number of tasks                  : 14
number of threads                : 24
seed number                      : 2104
gas buffer                       : He
Target Temperature (K)           : 298
timestep (fs)                    : 10
Skin cell size (Ang)             : 0.01
Equipotential                    : no
Cut short-range interaction      : yes
LJ cutoff (Ang)                  : 12
Apply long-range interaction     : yes
Cut long-range interaction       : yes
Coulomb cutoff (Ang)             : 25
Apply induced-dipole interaction : yes
alpha (Ang^3)                    : 0.204956
force_type: 4
*********************************************************
Force Field parameters: 
*********************************************************
Symbol  mass (amu)  epislon (kcal/mol)  sigma(Angstroms) 
C   12.011   0.0309   3.043
N   14.007   0.0309   3.043
H   1.008   0.015   2.38
O   15.999   0.0309   3.043
S   32.06   0.0311   3.5
*********************************************************
MOLECULE:: orientation around the inertia principal axis 
*********************************************************
Inertia matrix a.u. Ang^2: 
{  8.31743e+12  -150701  -117647  }
{  -150701  8.31743e+12  -157279  }
{  -117647  -157279  8.31743e+12  }
Rotation matrix applied to molecule: 
{  0.999999  -0.00133501  -0.00104425  }
{  0.00269127  0.999993  0.00278224  }
{  0.00104053  -0.00278504  0.999995  }
Molecule radius: 472.049 Ang 
orientation time of molecule target: 12.7603 s
target mass: 8.488e+07 amu
gas mass: 4.0026 amu
reduce mass: 4.0026 amu
charge state: -9540 e
*********************************************************
Geometric Ellipsoid: 
*********************************************************
maximal distances: 471.877  446.362  472.049  Ang
Initial axis length: 521.887  496.372  522.059  Ang
Ellipsoid axis length: 544.967  519.452  545.139  Ang
ellipsoid calculation time: 0.0725091 s
maximal impact parameter: 545.139 Ang
*********************************************************
Linked-cell: 
Numbers of cells: 720447
Nx: 91 Ny: 87 Nz: 91
Filled cells: 119899
Empty cells: 600548
Average atoms per cell: 98.051
Maximum atoms per cell: 210
Minimum atoms per cell: 1
Simulation box: 
lx: 1092.91 Ang
ly: 1044.87 Ang
lz: 1092.91 Ang
linked-cell calculation time: 1.95785 s
time info: 0.238986 s
*********************************************************
Trajectory calculations 
*********************************************************
out target time: 36.4818 s
Ntraj: 10000
Nfree: 347
Nscatter: 9653
Nlost: 0
omega: 923820
Ntraj: 10000
Nfree: 302
Nscatter: 9697
Nlost: 1
omega: 932512
Ntraj: 10000
Nfree: 328
Nscatter: 9672
Nlost: 0
omega: 914825
Ntraj: 10000
Nfree: 304
Nscatter: 9694
Nlost: 2
omega: 931397
Ntraj: 10000
Nfree: 318
Nscatter: 9682
Nlost: 0
omega: 921634
Ntraj: 10000
Nfree: 320
Nscatter: 9680
Nlost: 0
omega: 913173
Ntraj: 10000
Nfree: 295
Nscatter: 9705
Nlost: 0
omega: 921134
Ntraj: 10000
Nfree: 332
Nscatter: 9667
Nlost: 1
omega: 919402
Ntraj: 10000
Nfree: 327
Nscatter: 9672
Nlost: 1
omega: 915877
Ntraj: 10000
Nfree: 322
Nscatter: 9675
Nlost: 3
omega: 929531
*********************************************************
task: 0
worker id: 44300
time create lcl and mol: 0.407258 s
numbers of trajectories: 7143
time trajectory calculation: 13.9043 s
task: 1
worker id: 33695
time create lcl and mol: 0.412449 s
numbers of trajectories: 7143
time trajectory calculation: 14.5092 s
task: 2
worker id: 69465
time create lcl and mol: 0.411431 s
numbers of trajectories: 7143
time trajectory calculation: 14.3514 s
task: 3
worker id: 36537
time create lcl and mol: 0.397735 s
numbers of trajectories: 7143
time trajectory calculation: 16.0005 s
task: 4
worker id: 5346
time create lcl and mol: 0.403509 s
numbers of trajectories: 7143
time trajectory calculation: 14.63 s
task: 5
worker id: 85120
time create lcl and mol: 0.392408 s
numbers of trajectories: 7143
time trajectory calculation: 13.7272 s
task: 6
worker id: 88266
time create lcl and mol: 0.397812 s
numbers of trajectories: 7143
time trajectory calculation: 13.9254 s
task: 7
worker id: 49154
time create lcl and mol: 0.398713 s
numbers of trajectories: 7143
time trajectory calculation: 13.7114 s
task: 8
worker id: 85120
time create lcl and mol: 0.423951 s
numbers of trajectories: 7143
time trajectory calculation: 15.0731 s
task: 9
worker id: 49154
time create lcl and mol: 0.426657 s
numbers of trajectories: 7143
time trajectory calculation: 12.9768 s
task: 10
worker id: 69465
time create lcl and mol: 0.422673 s
numbers of trajectories: 7143
time trajectory calculation: 13.3854 s
task: 11
worker id: 44300
time create lcl and mol: 0.426417 s
numbers of trajectories: 7143
time trajectory calculation: 15.03 s
task: 12
worker id: 88266
time create lcl and mol: 0.437967 s
numbers of trajectories: 7142
time trajectory calculation: 16.4151 s
task: 13
worker id: 33695
time create lcl and mol: 0.410449 s
numbers of trajectories: 7142
time trajectory calculation: 20.3338 s
CCS time: 36.7286 s
*********************************************************
average value of CCS = 922331 Ang^2
error value of CCS = 2079.06 Ang^2
Total time: 51.5247 s
Program finished...
*********************************************************
INPUT:: Simulation Parameters 
*********************************************************
target filename                  : 6cgv.xyz
number of probe                  : 10000
number of iterarions             : 10
number of tasks                  : 14
number of threads                : 24
seed number                      : 2104
gas buffer                       : He
Target Temperature (K)           : 298
timestep (fs)                    : 10
Skin cell size (Ang)             : 0.01
Equipotential                    : no
Cut short-range interaction      : yes
LJ cutoff (Ang)                  : 12
Apply long-range interaction     : yes
Cut long-range interaction       : yes
Coulomb cutoff (Ang)             : 25
Apply induced-dipole interaction : yes
alpha (Ang^3)                    : 0.204956
force_type: 4
*********************************************************
Force Field parameters: 
*********************************************************
Symbol  mass (amu)  epislon (kcal/mol)  sigma(Angstroms) 
C   12.011   0.0309   3.043
N   14.007   0.0309   3.043
H   1.008   0.015   2.38
O   15.999   0.0309   3.043
S   32.06   0.0311   3.5
*********************************************************
MOLECULE:: orientation around the inertia principal axis 
*********************************************************
Inertia matrix a.u. Ang^2: 
{  8.31743e+12  -150701  -117647  }
{  -150701  8.31743e+12  -157279  }
{  -117647  -157279  8.31743e+12  }
Rotation matrix applied to molecule: 
{  0.999999  -0.00133501  -0.00104425  }
{  0.00269127  0.999993  0.00278224  }
{  0.00104053  -0.00278504  0.999995  }
Molecule radius: 472.049 Ang 
orientation time of molecule target: 12.7536 s
target mass: 8.488e+07 amu
gas mass: 4.0026 amu
reduce mass: 4.0026 amu
charge state: -9540 e
*********************************************************
Geometric Ellipsoid: 
*********************************************************
maximal distances: 471.877  446.362  472.049  Ang
Initial axis length: 521.887  496.372  522.059  Ang
Ellipsoid axis length: 544.967  519.452  545.139  Ang
ellipsoid calculation time: 0.0726812 s
maximal impact parameter: 545.139 Ang
*********************************************************
Linked-cell: 
Numbers of cells: 720447
Nx: 91 Ny: 87 Nz: 91
Filled cells: 119899
Empty cells: 600548
Average atoms per cell: 98.051
Maximum atoms per cell: 210
Minimum atoms per cell: 1
Simulation box: 
lx: 1092.91 Ang
ly: 1044.87 Ang
lz: 1092.91 Ang
linked-cell calculation time: 1.95822 s
time info: 0.239191 s
*********************************************************
Trajectory calculations 
*********************************************************
out target time: 31.0446 s
Ntraj: 10000
Nfree: 347
Nscatter: 9653
Nlost: 0
omega: 923820
Ntraj: 10000
Nfree: 302
Nscatter: 9697
Nlost: 1
omega: 932512
Ntraj: 10000
Nfree: 328
Nscatter: 9672
Nlost: 0
omega: 914825
Ntraj: 10000
Nfree: 304
Nscatter: 9694
Nlost: 2
omega: 931397
Ntraj: 10000
Nfree: 318
Nscatter: 9682
Nlost: 0
omega: 921634
Ntraj: 10000
Nfree: 320
Nscatter: 9680
Nlost: 0
omega: 913173
Ntraj: 10000
Nfree: 295
Nscatter: 9705
Nlost: 0
omega: 921134
Ntraj: 10000
Nfree: 332
Nscatter: 9667
Nlost: 1
omega: 919402
Ntraj: 10000
Nfree: 327
Nscatter: 9672
Nlost: 1
omega: 915877
Ntraj: 10000
Nfree: 322
Nscatter: 9675
Nlost: 3
omega: 929531
*********************************************************
task: 0
worker id: 71477
time create lcl and mol: 0.421491 s
numbers of trajectories: 7143
time trajectory calculation: 13.7969 s
task: 1
worker id: 90296
time create lcl and mol: 0.421339 s
numbers of trajectories: 7143
time trajectory calculation: 14.8592 s
task: 2
worker id: 87129
time create lcl and mol: 0.43105 s
numbers of trajectories: 7143
time trajectory calculation: 14.2534 s
task: 3
worker id: 51167
time create lcl and mol: 0.421852 s
numbers of trajectories: 7143
time trajectory calculation: 15.862 s
task: 4
worker id: 90296
time create lcl and mol: 0.43018 s
numbers of trajectories: 7143
time trajectory calculation: 14.2981 s
task: 5
worker id: 51167
time create lcl and mol: 0.417485 s
numbers of trajectories: 7143
time trajectory calculation: 13.5227 s
task: 6
worker id: 46323
time create lcl and mol: 0.432779 s
numbers of trajectories: 7143
time trajectory calculation: 14.2814 s
task: 7
worker id: 35715
time create lcl and mol: 0.411533 s
numbers of trajectories: 7143
time trajectory calculation: 13.7389 s
task: 8
worker id: 71477
time create lcl and mol: 0.425755 s
numbers of trajectories: 7143
time trajectory calculation: 15.0889 s
task: 9
worker id: 46323
time create lcl and mol: 0.412839 s
numbers of trajectories: 7143
time trajectory calculation: 12.8998 s
task: 10
worker id: 87129
time create lcl and mol: 0.401507 s
numbers of trajectories: 7143
time trajectory calculation: 13.6071 s
task: 11
worker id: 35715
time create lcl and mol: 0.43179 s
numbers of trajectories: 7143
time trajectory calculation: 14.9913 s
task: 12
worker id: 38543
time create lcl and mol: 0.434177 s
numbers of trajectories: 7142
time trajectory calculation: 16.3701 s
task: 13
worker id: 7359
time create lcl and mol: 0.427856 s
numbers of trajectories: 7142
time trajectory calculation: 19.9766 s
CCS time: 31.2915 s
*********************************************************
average value of CCS = 922331 Ang^2
error value of CCS = 2079.06 Ang^2
Total time: 46.0811 s
Program finished...
