*********************************************************
INPUT:: Simulation Parameters 
*********************************************************
target filename                  : 02_1fd3_carga_3_min.xyz
number of probe                  : 10000
number of iterarions             : 10
number of tasks                  : 22
number of threads                : 24
seed number                      : 2104
gas buffer                       : He
Target Temperature (K)           : 298
timestep (fs)                    : 10
Skin cell size (Ang)             : 0.01
Equipotential                    : no
Cut short-range interaction      : yes
LJ cutoff (Ang)                  : 12
Apply long-range interaction     : yes
Cut long-range interaction       : yes
Coulomb cutoff (Ang)             : 25
Apply induced-dipole interaction : yes
alpha (Ang^3)                    : 0.204956
force_type: 4
*********************************************************
Force Field parameters: 
*********************************************************
Symbol  mass (amu)  epislon (kcal/mol)  sigma(Angstroms) 
C   12.011   0.0309   3.043
N   14.007   0.0309   3.043
H   1.008   0.015   2.38
O   15.999   0.0309   3.043
S   32.06   0.0311   3.5
*********************************************************
MOLECULE:: orientation around the inertia principal axis 
*********************************************************
Inertia matrix a.u. Ang^2: 
{  214906  -11513.4  -42297.4  }
{  -11513.4  310957  44573.5  }
{  -42297.4  44573.5  245138  }
Rotation matrix applied to molecule: 
{  0.242802  -0.833808  -0.495794  }
{  -0.766603  0.148265  -0.62477  }
{  0.594447  0.531773  -0.603201  }
Molecule radius: 19.762 Ang 
orientation time of molecule target: 0.00119901 s
target mass: 4331.23 amu
gas mass: 4.0026 amu
reduce mass: 3.9989 amu
charge state: 2.9988 e
*********************************************************
Geometric Ellipsoid: 
*********************************************************
maximal distances: 10.335  13.5071  18.3765  Ang
Initial axis length: 60.345  63.5171  68.3865  Ang
Ellipsoid axis length: 62.755  65.9271  70.7965  Ang
ellipsoid calculation time: 3.8147e-05 s
maximal impact parameter: 70.7965 Ang
*********************************************************
Linked-cell: 
Numbers of cells: 1452
Nx: 11 Ny: 11 Nz: 12
Filled cells: 14
Empty cells: 1438
Average atoms per cell: 43.3571
Maximum atoms per cell: 173
Minimum atoms per cell: 1
Simulation box: 
lx: 132.11 Ang
ly: 132.11 Ang
lz: 144.12 Ang
linked-cell calculation time: 0.00152993 s
time info: 4.3869e-05 s
*********************************************************
Trajectory calculations 
*********************************************************
out target time: 0.355487 s
Ntraj: 10000
Nfree: 1234
Nscatter: 8766
Nlost: 0
omega: 651.383
Ntraj: 10000
Nfree: 1187
Nscatter: 8812
Nlost: 1
omega: 697.772
Ntraj: 10000
Nfree: 1191
Nscatter: 8809
Nlost: 0
omega: 654.604
Ntraj: 10000
Nfree: 1185
Nscatter: 8815
Nlost: 0
omega: 827.776
Ntraj: 10000
Nfree: 1177
Nscatter: 8823
Nlost: 0
omega: 817.15
Ntraj: 10000
Nfree: 1212
Nscatter: 8788
Nlost: 0
omega: 735.655
Ntraj: 10000
Nfree: 1193
Nscatter: 8807
Nlost: 0
omega: 735.941
Ntraj: 10000
Nfree: 1192
Nscatter: 8808
Nlost: 0
omega: 710.41
Ntraj: 10000
Nfree: 1222
Nscatter: 8778
Nlost: 0
omega: 816.219
Ntraj: 10000
Nfree: 1230
Nscatter: 8770
Nlost: 0
omega: 763.944
*********************************************************
task: 0
worker id: 32796
time create lcl and mol: 0.000349998 s
numbers of trajectories: 4546
time trajectory calculation: 0.087909 s
task: 1
worker id: 91219
time create lcl and mol: 0.00032711 s
numbers of trajectories: 4546
time trajectory calculation: 0.097549 s
task: 2
worker id: 24894
time create lcl and mol: 0.000312805 s
numbers of trajectories: 4546
time trajectory calculation: 0.250261 s
task: 3
worker id: 32796
time create lcl and mol: 0.000345945 s
numbers of trajectories: 4546
time trajectory calculation: 0.087544 s
task: 4
worker id: 83723
time create lcl and mol: 0.000335932 s
numbers of trajectories: 4546
time trajectory calculation: 0.101518 s
task: 5
worker id: 73507
time create lcl and mol: 0.000320911 s
numbers of trajectories: 4546
time trajectory calculation: 0.08389 s
task: 6
worker id: 57867
time create lcl and mol: 0.000334978 s
numbers of trajectories: 4546
time trajectory calculation: 0.0979769 s
task: 7
worker id: 83723
time create lcl and mol: 0.000360966 s
numbers of trajectories: 4546
time trajectory calculation: 0.0914011 s
task: 8
worker id: 37477
time create lcl and mol: 0.000322104 s
numbers of trajectories: 4546
time trajectory calculation: 0.101448 s
task: 9
worker id: 57867
time create lcl and mol: 0.000351906 s
numbers of trajectories: 4546
time trajectory calculation: 0.0923731 s
task: 10
worker id: 73507
time create lcl and mol: 0.000350952 s
numbers of trajectories: 4545
time trajectory calculation: 0.0903759 s
task: 11
worker id: 91219
time create lcl and mol: 0.000365973 s
numbers of trajectories: 4545
time trajectory calculation: 0.089931 s
task: 12
worker id: 37477
time create lcl and mol: 0.000349998 s
numbers of trajectories: 4545
time trajectory calculation: 0.0891569 s
task: 13
worker id: 22151
time create lcl and mol: 0.000342131 s
numbers of trajectories: 4545
time trajectory calculation: 0.0942459 s
task: 14
worker id: 37477
time create lcl and mol: 0.000349998 s
numbers of trajectories: 4545
time trajectory calculation: 0.087606 s
task: 15
worker id: 22151
time create lcl and mol: 0.00048399 s
numbers of trajectories: 4545
time trajectory calculation: 0.0934272 s
task: 16
worker id: 73507
time create lcl and mol: 0.00032711 s
numbers of trajectories: 4545
time trajectory calculation: 0.093684 s
task: 17
worker id: 32796
time create lcl and mol: 0.000341892 s
numbers of trajectories: 4545
time trajectory calculation: 0.0992961 s
task: 18
worker id: 83723
time create lcl and mol: 0.000357151 s
numbers of trajectories: 4545
time trajectory calculation: 0.0903828 s
task: 19
worker id: 91219
time create lcl and mol: 0.000354052 s
numbers of trajectories: 4545
time trajectory calculation: 0.09096 s
task: 20
worker id: 22151
time create lcl and mol: 0.000332117 s
numbers of trajectories: 4545
time trajectory calculation: 0.0930638 s
task: 21
worker id: 57867
time create lcl and mol: 0.000350952 s
numbers of trajectories: 4545
time trajectory calculation: 0.0951409 s
CCS time: 0.363452 s
*********************************************************
average value of CCS = 741.085 Ang^2
error value of CCS = 19.4595 Ang^2
Total time: 0.37118 s
Program finished...
*********************************************************
INPUT:: Simulation Parameters 
*********************************************************
target filename                  : 02_1fd3_carga_3_min.xyz
number of probe                  : 10000
number of iterarions             : 10
number of tasks                  : 22
number of threads                : 24
seed number                      : 2104
gas buffer                       : He
Target Temperature (K)           : 298
timestep (fs)                    : 10
Skin cell size (Ang)             : 0.01
Equipotential                    : no
Cut short-range interaction      : yes
LJ cutoff (Ang)                  : 12
Apply long-range interaction     : yes
Cut long-range interaction       : yes
Coulomb cutoff (Ang)             : 25
Apply induced-dipole interaction : yes
alpha (Ang^3)                    : 0.204956
force_type: 4
*********************************************************
Force Field parameters: 
*********************************************************
Symbol  mass (amu)  epislon (kcal/mol)  sigma(Angstroms) 
C   12.011   0.0309   3.043
N   14.007   0.0309   3.043
H   1.008   0.015   2.38
O   15.999   0.0309   3.043
S   32.06   0.0311   3.5
*********************************************************
MOLECULE:: orientation around the inertia principal axis 
*********************************************************
Inertia matrix a.u. Ang^2: 
{  214906  -11513.4  -42297.4  }
{  -11513.4  310957  44573.5  }
{  -42297.4  44573.5  245138  }
Rotation matrix applied to molecule: 
{  0.242802  -0.833808  -0.495794  }
{  -0.766603  0.148265  -0.62477  }
{  0.594447  0.531773  -0.603201  }
Molecule radius: 19.762 Ang 
orientation time of molecule target: 0.00125384 s
target mass: 4331.23 amu
gas mass: 4.0026 amu
reduce mass: 3.9989 amu
charge state: 2.9988 e
*********************************************************
Geometric Ellipsoid: 
*********************************************************
maximal distances: 10.335  13.5071  18.3765  Ang
Initial axis length: 60.345  63.5171  68.3865  Ang
Ellipsoid axis length: 62.755  65.9271  70.7965  Ang
ellipsoid calculation time: 4.50611e-05 s
maximal impact parameter: 70.7965 Ang
*********************************************************
Linked-cell: 
Numbers of cells: 1452
Nx: 11 Ny: 11 Nz: 12
Filled cells: 14
Empty cells: 1438
Average atoms per cell: 43.3571
Maximum atoms per cell: 173
Minimum atoms per cell: 1
Simulation box: 
lx: 132.11 Ang
ly: 132.11 Ang
lz: 144.12 Ang
linked-cell calculation time: 0.00152802 s
time info: 4.19617e-05 s
*********************************************************
Trajectory calculations 
*********************************************************
out target time: 0.481348 s
Ntraj: 10000
Nfree: 1234
Nscatter: 8766
Nlost: 0
omega: 651.383
Ntraj: 10000
Nfree: 1187
Nscatter: 8812
Nlost: 1
omega: 697.772
Ntraj: 10000
Nfree: 1191
Nscatter: 8809
Nlost: 0
omega: 654.604
Ntraj: 10000
Nfree: 1185
Nscatter: 8815
Nlost: 0
omega: 827.776
Ntraj: 10000
Nfree: 1177
Nscatter: 8823
Nlost: 0
omega: 817.15
Ntraj: 10000
Nfree: 1212
Nscatter: 8788
Nlost: 0
omega: 735.655
Ntraj: 10000
Nfree: 1193
Nscatter: 8807
Nlost: 0
omega: 735.941
Ntraj: 10000
Nfree: 1192
Nscatter: 8808
Nlost: 0
omega: 710.41
Ntraj: 10000
Nfree: 1222
Nscatter: 8778
Nlost: 0
omega: 816.219
Ntraj: 10000
Nfree: 1230
Nscatter: 8770
Nlost: 0
omega: 763.944
*********************************************************
task: 0
worker id: 37564
time create lcl and mol: 0.000325918 s
numbers of trajectories: 4546
time trajectory calculation: 0.0984201 s
task: 1
worker id: 73595
time create lcl and mol: 0.000443935 s
numbers of trajectories: 4546
time trajectory calculation: 0.0939081 s
task: 2
worker id: 91305
time create lcl and mol: 0.000387907 s
numbers of trajectories: 4546
time trajectory calculation: 0.296208 s
task: 3
worker id: 24979
time create lcl and mol: 0.000316858 s
numbers of trajectories: 4546
time trajectory calculation: 0.0958371 s
task: 4
worker id: 22239
time create lcl and mol: 0.000331163 s
numbers of trajectories: 4546
time trajectory calculation: 0.101187 s
task: 5
worker id: 83824
time create lcl and mol: 0.000333071 s
numbers of trajectories: 4546
time trajectory calculation: 0.0995629 s
task: 6
worker id: 73595
time create lcl and mol: 0.000408888 s
numbers of trajectories: 4546
time trajectory calculation: 0.101121 s
task: 7
worker id: 57953
time create lcl and mol: 0.000531912 s
numbers of trajectories: 4546
time trajectory calculation: 0.10124 s
task: 8
worker id: 37564
time create lcl and mol: 0.000339985 s
numbers of trajectories: 4546
time trajectory calculation: 0.0962241 s
task: 9
worker id: 32882
time create lcl and mol: 0.000346899 s
numbers of trajectories: 4546
time trajectory calculation: 0.0983121 s
task: 10
worker id: 73595
time create lcl and mol: 0.000333071 s
numbers of trajectories: 4545
time trajectory calculation: 0.094188 s
task: 11
worker id: 32882
time create lcl and mol: 0.000385046 s
numbers of trajectories: 4545
time trajectory calculation: 0.102844 s
task: 12
worker id: 83824
time create lcl and mol: 0.000345945 s
numbers of trajectories: 4545
time trajectory calculation: 0.0972562 s
task: 13
worker id: 83824
time create lcl and mol: 0.000427008 s
numbers of trajectories: 4545
time trajectory calculation: 0.106433 s
task: 14
worker id: 37564
time create lcl and mol: 0.000423908 s
numbers of trajectories: 4545
time trajectory calculation: 0.105446 s
task: 15
worker id: 22239
time create lcl and mol: 0.000424862 s
numbers of trajectories: 4545
time trajectory calculation: 0.09694 s
task: 16
worker id: 32882
time create lcl and mol: 0.000396967 s
numbers of trajectories: 4545
time trajectory calculation: 0.100597 s
task: 17
worker id: 57953
time create lcl and mol: 0.000411034 s
numbers of trajectories: 4545
time trajectory calculation: 0.110417 s
task: 18
worker id: 22239
time create lcl and mol: 0.000354052 s
numbers of trajectories: 4545
time trajectory calculation: 0.102945 s
task: 19
worker id: 24979
time create lcl and mol: 0.000336885 s
numbers of trajectories: 4545
time trajectory calculation: 0.092731 s
task: 20
worker id: 24979
time create lcl and mol: 0.00041604 s
numbers of trajectories: 4545
time trajectory calculation: 0.110227 s
task: 21
worker id: 57953
time create lcl and mol: 0.000344992 s
numbers of trajectories: 4545
time trajectory calculation: 0.097399 s
CCS time: 0.489251 s
*********************************************************
average value of CCS = 741.085 Ang^2
error value of CCS = 19.4595 Ang^2
Total time: 0.497511 s
Program finished...
*********************************************************
INPUT:: Simulation Parameters 
*********************************************************
target filename                  : 02_1fd3_carga_3_min.xyz
number of probe                  : 10000
number of iterarions             : 10
number of tasks                  : 22
number of threads                : 24
seed number                      : 2104
gas buffer                       : He
Target Temperature (K)           : 298
timestep (fs)                    : 10
Skin cell size (Ang)             : 0.01
Equipotential                    : no
Cut short-range interaction      : yes
LJ cutoff (Ang)                  : 12
Apply long-range interaction     : yes
Cut long-range interaction       : yes
Coulomb cutoff (Ang)             : 25
Apply induced-dipole interaction : yes
alpha (Ang^3)                    : 0.204956
force_type: 4
*********************************************************
Force Field parameters: 
*********************************************************
Symbol  mass (amu)  epislon (kcal/mol)  sigma(Angstroms) 
C   12.011   0.0309   3.043
N   14.007   0.0309   3.043
H   1.008   0.015   2.38
O   15.999   0.0309   3.043
S   32.06   0.0311   3.5
*********************************************************
MOLECULE:: orientation around the inertia principal axis 
*********************************************************
Inertia matrix a.u. Ang^2: 
{  214906  -11513.4  -42297.4  }
{  -11513.4  310957  44573.5  }
{  -42297.4  44573.5  245138  }
Rotation matrix applied to molecule: 
{  0.242802  -0.833808  -0.495794  }
{  -0.766603  0.148265  -0.62477  }
{  0.594447  0.531773  -0.603201  }
Molecule radius: 19.762 Ang 
orientation time of molecule target: 0.00126219 s
target mass: 4331.23 amu
gas mass: 4.0026 amu
reduce mass: 3.9989 amu
charge state: 2.9988 e
*********************************************************
Geometric Ellipsoid: 
*********************************************************
maximal distances: 10.335  13.5071  18.3765  Ang
Initial axis length: 60.345  63.5171  68.3865  Ang
Ellipsoid axis length: 62.755  65.9271  70.7965  Ang
ellipsoid calculation time: 5.00679e-05 s
maximal impact parameter: 70.7965 Ang
*********************************************************
Linked-cell: 
Numbers of cells: 1452
Nx: 11 Ny: 11 Nz: 12
Filled cells: 14
Empty cells: 1438
Average atoms per cell: 43.3571
Maximum atoms per cell: 173
Minimum atoms per cell: 1
Simulation box: 
lx: 132.11 Ang
ly: 132.11 Ang
lz: 144.12 Ang
linked-cell calculation time: 0.00152493 s
time info: 4.31538e-05 s
*********************************************************
Trajectory calculations 
*********************************************************
out target time: 0.366959 s
Ntraj: 10000
Nfree: 1234
Nscatter: 8766
Nlost: 0
omega: 651.383
Ntraj: 10000
Nfree: 1187
Nscatter: 8812
Nlost: 1
omega: 697.772
Ntraj: 10000
Nfree: 1191
Nscatter: 8809
Nlost: 0
omega: 654.604
Ntraj: 10000
Nfree: 1185
Nscatter: 8815
Nlost: 0
omega: 827.776
Ntraj: 10000
Nfree: 1177
Nscatter: 8823
Nlost: 0
omega: 817.15
Ntraj: 10000
Nfree: 1212
Nscatter: 8788
Nlost: 0
omega: 735.655
Ntraj: 10000
Nfree: 1193
Nscatter: 8807
Nlost: 0
omega: 735.941
Ntraj: 10000
Nfree: 1192
Nscatter: 8808
Nlost: 0
omega: 710.41
Ntraj: 10000
Nfree: 1222
Nscatter: 8778
Nlost: 0
omega: 816.219
Ntraj: 10000
Nfree: 1230
Nscatter: 8770
Nlost: 0
omega: 763.944
*********************************************************
task: 0
worker id: 73975
time create lcl and mol: 0.000351191 s
numbers of trajectories: 4546
time trajectory calculation: 0.0988829 s
task: 1
worker id: 91682
time create lcl and mol: 0.00028801 s
numbers of trajectories: 4546
time trajectory calculation: 0.09531 s
task: 2
worker id: 84215
time create lcl and mol: 0.000344992 s
numbers of trajectories: 4546
time trajectory calculation: 0.261658 s
task: 3
worker id: 25358
time create lcl and mol: 0.000329971 s
numbers of trajectories: 4546
time trajectory calculation: 0.101775 s
task: 4
worker id: 37944
time create lcl and mol: 0.000334024 s
numbers of trajectories: 4546
time trajectory calculation: 0.101504 s
task: 5
worker id: 22616
time create lcl and mol: 0.000347853 s
numbers of trajectories: 4546
time trajectory calculation: 0.093498 s
task: 6
worker id: 58333
time create lcl and mol: 0.000416994 s
numbers of trajectories: 4546
time trajectory calculation: 0.097312 s
task: 7
worker id: 33260
time create lcl and mol: 0.000298023 s
numbers of trajectories: 4546
time trajectory calculation: 0.0986459 s
task: 8
worker id: 33260
time create lcl and mol: 0.000334978 s
numbers of trajectories: 4546
time trajectory calculation: 0.093689 s
task: 9
worker id: 22616
time create lcl and mol: 0.000342131 s
numbers of trajectories: 4546
time trajectory calculation: 0.092937 s
task: 10
worker id: 73975
time create lcl and mol: 0.000385046 s
numbers of trajectories: 4545
time trajectory calculation: 0.096827 s
task: 11
worker id: 58333
time create lcl and mol: 0.000332117 s
numbers of trajectories: 4545
time trajectory calculation: 0.0896361 s
task: 12
worker id: 22616
time create lcl and mol: 0.000354052 s
numbers of trajectories: 4545
time trajectory calculation: 0.089586 s
task: 13
worker id: 33260
time create lcl and mol: 0.00033617 s
numbers of trajectories: 4545
time trajectory calculation: 0.0897009 s
task: 14
worker id: 91682
time create lcl and mol: 0.00031805 s
numbers of trajectories: 4545
time trajectory calculation: 0.08883 s
task: 15
worker id: 37944
time create lcl and mol: 0.000364065 s
numbers of trajectories: 4545
time trajectory calculation: 0.0837669 s
task: 16
worker id: 25358
time create lcl and mol: 0.000351191 s
numbers of trajectories: 4545
time trajectory calculation: 0.0876789 s
task: 17
worker id: 25358
time create lcl and mol: 0.000349045 s
numbers of trajectories: 4545
time trajectory calculation: 0.09232 s
task: 18
worker id: 73975
time create lcl and mol: 0.00041604 s
numbers of trajectories: 4545
time trajectory calculation: 0.0952508 s
task: 19
worker id: 91682
time create lcl and mol: 0.000326157 s
numbers of trajectories: 4545
time trajectory calculation: 0.0888629 s
task: 20
worker id: 58333
time create lcl and mol: 0.000337839 s
numbers of trajectories: 4545
time trajectory calculation: 0.090137 s
task: 21
worker id: 37944
time create lcl and mol: 0.000348091 s
numbers of trajectories: 4545
time trajectory calculation: 0.0930831 s
CCS time: 0.374938 s
*********************************************************
average value of CCS = 741.085 Ang^2
error value of CCS = 19.4595 Ang^2
Total time: 0.382644 s
Program finished...
*********************************************************
INPUT:: Simulation Parameters 
*********************************************************
target filename                  : 02_1fd3_carga_3_min.xyz
number of probe                  : 10000
number of iterarions             : 10
number of tasks                  : 22
number of threads                : 24
seed number                      : 2104
gas buffer                       : He
Target Temperature (K)           : 298
timestep (fs)                    : 10
Skin cell size (Ang)             : 0.01
Equipotential                    : no
Cut short-range interaction      : yes
LJ cutoff (Ang)                  : 12
Apply long-range interaction     : yes
Cut long-range interaction       : yes
Coulomb cutoff (Ang)             : 25
Apply induced-dipole interaction : yes
alpha (Ang^3)                    : 0.204956
force_type: 4
*********************************************************
Force Field parameters: 
*********************************************************
Symbol  mass (amu)  epislon (kcal/mol)  sigma(Angstroms) 
C   12.011   0.0309   3.043
N   14.007   0.0309   3.043
H   1.008   0.015   2.38
O   15.999   0.0309   3.043
S   32.06   0.0311   3.5
*********************************************************
MOLECULE:: orientation around the inertia principal axis 
*********************************************************
Inertia matrix a.u. Ang^2: 
{  214906  -11513.4  -42297.4  }
{  -11513.4  310957  44573.5  }
{  -42297.4  44573.5  245138  }
Rotation matrix applied to molecule: 
{  0.242802  -0.833808  -0.495794  }
{  -0.766603  0.148265  -0.62477  }
{  0.594447  0.531773  -0.603201  }
Molecule radius: 19.762 Ang 
orientation time of molecule target: 0.00116897 s
target mass: 4331.23 amu
gas mass: 4.0026 amu
reduce mass: 3.9989 amu
charge state: 2.9988 e
*********************************************************
Geometric Ellipsoid: 
*********************************************************
maximal distances: 10.335  13.5071  18.3765  Ang
Initial axis length: 60.345  63.5171  68.3865  Ang
Ellipsoid axis length: 62.755  65.9271  70.7965  Ang
ellipsoid calculation time: 4.00543e-05 s
maximal impact parameter: 70.7965 Ang
*********************************************************
Linked-cell: 
Numbers of cells: 1452
Nx: 11 Ny: 11 Nz: 12
Filled cells: 14
Empty cells: 1438
Average atoms per cell: 43.3571
Maximum atoms per cell: 173
Minimum atoms per cell: 1
Simulation box: 
lx: 132.11 Ang
ly: 132.11 Ang
lz: 144.12 Ang
linked-cell calculation time: 0.00153589 s
time info: 4.60148e-05 s
*********************************************************
Trajectory calculations 
*********************************************************
out target time: 0.35496 s
Ntraj: 10000
Nfree: 1234
Nscatter: 8766
Nlost: 0
omega: 651.383
Ntraj: 10000
Nfree: 1187
Nscatter: 8812
Nlost: 1
omega: 697.772
Ntraj: 10000
Nfree: 1191
Nscatter: 8809
Nlost: 0
omega: 654.604
Ntraj: 10000
Nfree: 1185
Nscatter: 8815
Nlost: 0
omega: 827.776
Ntraj: 10000
Nfree: 1177
Nscatter: 8823
Nlost: 0
omega: 817.15
Ntraj: 10000
Nfree: 1212
Nscatter: 8788
Nlost: 0
omega: 735.655
Ntraj: 10000
Nfree: 1193
Nscatter: 8807
Nlost: 0
omega: 735.941
Ntraj: 10000
Nfree: 1192
Nscatter: 8808
Nlost: 0
omega: 710.41
Ntraj: 10000
Nfree: 1222
Nscatter: 8778
Nlost: 0
omega: 816.219
Ntraj: 10000
Nfree: 1230
Nscatter: 8770
Nlost: 0
omega: 763.944
*********************************************************
task: 0
worker id: 74074
time create lcl and mol: 0.000340939 s
numbers of trajectories: 4546
time trajectory calculation: 0.0974739 s
task: 1
worker id: 84330
time create lcl and mol: 0.000583172 s
numbers of trajectories: 4546
time trajectory calculation: 0.0971389 s
task: 2
worker id: 91784
time create lcl and mol: 0.000329018 s
numbers of trajectories: 4546
time trajectory calculation: 0.264652 s
task: 3
worker id: 22715
time create lcl and mol: 0.000334024 s
numbers of trajectories: 4546
time trajectory calculation: 0.096406 s
task: 4
worker id: 38044
time create lcl and mol: 0.000488997 s
numbers of trajectories: 4546
time trajectory calculation: 0.101219 s
task: 5
worker id: 25458
time create lcl and mol: 0.000316858 s
numbers of trajectories: 4546
time trajectory calculation: 0.090385 s
task: 6
worker id: 58432
time create lcl and mol: 0.000344992 s
numbers of trajectories: 4546
time trajectory calculation: 0.0974219 s
task: 7
worker id: 33361
time create lcl and mol: 0.000334024 s
numbers of trajectories: 4546
time trajectory calculation: 0.097774 s
task: 8
worker id: 38044
time create lcl and mol: 0.000344038 s
numbers of trajectories: 4546
time trajectory calculation: 0.093797 s
task: 9
worker id: 84330
time create lcl and mol: 0.000365973 s
numbers of trajectories: 4546
time trajectory calculation: 0.0924041 s
task: 10
worker id: 33361
time create lcl and mol: 0.000348091 s
numbers of trajectories: 4545
time trajectory calculation: 0.0941498 s
task: 11
worker id: 58432
time create lcl and mol: 0.000357151 s
numbers of trajectories: 4545
time trajectory calculation: 0.0904388 s
task: 12
worker id: 22715
time create lcl and mol: 0.000366926 s
numbers of trajectories: 4545
time trajectory calculation: 0.091074 s
task: 13
worker id: 22715
time create lcl and mol: 0.000359058 s
numbers of trajectories: 4545
time trajectory calculation: 0.09236 s
task: 14
worker id: 25458
time create lcl and mol: 0.000353098 s
numbers of trajectories: 4545
time trajectory calculation: 0.088341 s
task: 15
worker id: 74074
time create lcl and mol: 0.000352859 s
numbers of trajectories: 4545
time trajectory calculation: 0.0851471 s
task: 16
worker id: 33361
time create lcl and mol: 0.000351191 s
numbers of trajectories: 4545
time trajectory calculation: 0.0863369 s
task: 17
worker id: 74074
time create lcl and mol: 0.000373125 s
numbers of trajectories: 4545
time trajectory calculation: 0.0920911 s
task: 18
worker id: 84330
time create lcl and mol: 0.000355005 s
numbers of trajectories: 4545
time trajectory calculation: 0.0938458 s
task: 19
worker id: 25458
time create lcl and mol: 0.000349045 s
numbers of trajectories: 4545
time trajectory calculation: 0.0894461 s
task: 20
worker id: 38044
time create lcl and mol: 0.000339031 s
numbers of trajectories: 4545
time trajectory calculation: 0.089345 s
task: 21
worker id: 58432
time create lcl and mol: 0.000361919 s
numbers of trajectories: 4545
time trajectory calculation: 0.0944772 s
CCS time: 0.362869 s
*********************************************************
average value of CCS = 741.085 Ang^2
error value of CCS = 19.4595 Ang^2
Total time: 0.370514 s
Program finished...
*********************************************************
INPUT:: Simulation Parameters 
*********************************************************
target filename                  : 02_1fd3_carga_3_min.xyz
number of probe                  : 10000
number of iterarions             : 10
number of tasks                  : 22
number of threads                : 24
seed number                      : 2104
gas buffer                       : He
Target Temperature (K)           : 298
timestep (fs)                    : 10
Skin cell size (Ang)             : 0.01
Equipotential                    : no
Cut short-range interaction      : yes
LJ cutoff (Ang)                  : 12
Apply long-range interaction     : yes
Cut long-range interaction       : yes
Coulomb cutoff (Ang)             : 25
Apply induced-dipole interaction : yes
alpha (Ang^3)                    : 0.204956
force_type: 4
*********************************************************
Force Field parameters: 
*********************************************************
Symbol  mass (amu)  epislon (kcal/mol)  sigma(Angstroms) 
C   12.011   0.0309   3.043
N   14.007   0.0309   3.043
H   1.008   0.015   2.38
O   15.999   0.0309   3.043
S   32.06   0.0311   3.5
*********************************************************
MOLECULE:: orientation around the inertia principal axis 
*********************************************************
Inertia matrix a.u. Ang^2: 
{  214906  -11513.4  -42297.4  }
{  -11513.4  310957  44573.5  }
{  -42297.4  44573.5  245138  }
Rotation matrix applied to molecule: 
{  0.242802  -0.833808  -0.495794  }
{  -0.766603  0.148265  -0.62477  }
{  0.594447  0.531773  -0.603201  }
Molecule radius: 19.762 Ang 
orientation time of molecule target: 0.00120711 s
target mass: 4331.23 amu
gas mass: 4.0026 amu
reduce mass: 3.9989 amu
charge state: 2.9988 e
*********************************************************
Geometric Ellipsoid: 
*********************************************************
maximal distances: 10.335  13.5071  18.3765  Ang
Initial axis length: 60.345  63.5171  68.3865  Ang
Ellipsoid axis length: 62.755  65.9271  70.7965  Ang
ellipsoid calculation time: 3.50475e-05 s
maximal impact parameter: 70.7965 Ang
*********************************************************
Linked-cell: 
Numbers of cells: 1452
Nx: 11 Ny: 11 Nz: 12
Filled cells: 14
Empty cells: 1438
Average atoms per cell: 43.3571
Maximum atoms per cell: 173
Minimum atoms per cell: 1
Simulation box: 
lx: 132.11 Ang
ly: 132.11 Ang
lz: 144.12 Ang
linked-cell calculation time: 0.00151992 s
time info: 4.60148e-05 s
*********************************************************
Trajectory calculations 
*********************************************************
out target time: 0.376646 s
Ntraj: 10000
Nfree: 1234
Nscatter: 8766
Nlost: 0
omega: 651.383
Ntraj: 10000
Nfree: 1187
Nscatter: 8812
Nlost: 1
omega: 697.772
Ntraj: 10000
Nfree: 1191
Nscatter: 8809
Nlost: 0
omega: 654.604
Ntraj: 10000
Nfree: 1185
Nscatter: 8815
Nlost: 0
omega: 827.776
Ntraj: 10000
Nfree: 1177
Nscatter: 8823
Nlost: 0
omega: 817.15
Ntraj: 10000
Nfree: 1212
Nscatter: 8788
Nlost: 0
omega: 735.655
Ntraj: 10000
Nfree: 1193
Nscatter: 8807
Nlost: 0
omega: 735.941
Ntraj: 10000
Nfree: 1192
Nscatter: 8808
Nlost: 0
omega: 710.41
Ntraj: 10000
Nfree: 1222
Nscatter: 8778
Nlost: 0
omega: 816.219
Ntraj: 10000
Nfree: 1230
Nscatter: 8770
Nlost: 0
omega: 763.944
*********************************************************
task: 0
worker id: 22800
time create lcl and mol: 0.000333071 s
numbers of trajectories: 4546
time trajectory calculation: 0.0974729 s
task: 1
worker id: 25545
time create lcl and mol: 0.000325918 s
numbers of trajectories: 4546
time trajectory calculation: 0.0952849 s
task: 2
worker id: 74159
time create lcl and mol: 0.000463963 s
numbers of trajectories: 4546
time trajectory calculation: 0.254932 s
task: 3
worker id: 91871
time create lcl and mol: 0.000592947 s
numbers of trajectories: 4546
time trajectory calculation: 0.0970519 s
task: 4
worker id: 84431
time create lcl and mol: 0.000323057 s
numbers of trajectories: 4546
time trajectory calculation: 0.101072 s
task: 5
worker id: 38129
time create lcl and mol: 0.000324011 s
numbers of trajectories: 4546
time trajectory calculation: 0.0941119 s
task: 6
worker id: 58518
time create lcl and mol: 0.000319958 s
numbers of trajectories: 4546
time trajectory calculation: 0.0981569 s
task: 7
worker id: 33448
time create lcl and mol: 0.000351191 s
numbers of trajectories: 4546
time trajectory calculation: 0.10148 s
task: 8
worker id: 22800
time create lcl and mol: 0.000361919 s
numbers of trajectories: 4546
time trajectory calculation: 0.0946059 s
task: 9
worker id: 33448
time create lcl and mol: 0.000339985 s
numbers of trajectories: 4546
time trajectory calculation: 0.0916779 s
task: 10
worker id: 58518
time create lcl and mol: 0.000355005 s
numbers of trajectories: 4545
time trajectory calculation: 0.0904009 s
task: 11
worker id: 91871
time create lcl and mol: 0.000366926 s
numbers of trajectories: 4545
time trajectory calculation: 0.089905 s
task: 12
worker id: 91871
time create lcl and mol: 0.000360012 s
numbers of trajectories: 4545
time trajectory calculation: 0.0910311 s
task: 13
worker id: 58518
time create lcl and mol: 0.000347137 s
numbers of trajectories: 4545
time trajectory calculation: 0.0893428 s
task: 14
worker id: 33448
time create lcl and mol: 0.000349045 s
numbers of trajectories: 4545
time trajectory calculation: 0.0889921 s
task: 15
worker id: 38129
time create lcl and mol: 0.000344038 s
numbers of trajectories: 4545
time trajectory calculation: 0.0837729 s
task: 16
worker id: 84431
time create lcl and mol: 0.000361919 s
numbers of trajectories: 4545
time trajectory calculation: 0.088166 s
task: 17
worker id: 25545
time create lcl and mol: 0.000339985 s
numbers of trajectories: 4545
time trajectory calculation: 0.091516 s
task: 18
worker id: 25545
time create lcl and mol: 0.000344038 s
numbers of trajectories: 4545
time trajectory calculation: 0.0921052 s
task: 19
worker id: 22800
time create lcl and mol: 0.000366926 s
numbers of trajectories: 4545
time trajectory calculation: 0.091408 s
task: 20
worker id: 38129
time create lcl and mol: 0.000329018 s
numbers of trajectories: 4545
time trajectory calculation: 0.090553 s
task: 21
worker id: 84431
time create lcl and mol: 0.000371933 s
numbers of trajectories: 4545
time trajectory calculation: 0.0950649 s
CCS time: 0.384474 s
*********************************************************
average value of CCS = 741.085 Ang^2
error value of CCS = 19.4595 Ang^2
Total time: 0.392165 s
Program finished...
