*********************************************************
INPUT:: Simulation Parameters 
*********************************************************
target filename                  : 07_4ayu_carga_22_min.xyz
number of probe                  : 10000
number of iterarions             : 10
number of tasks                  : 32
number of threads                : 24
seed number                      : 2104
gas buffer                       : He
Target Temperature (K)           : 298
timestep (fs)                    : 10
Skin cell size (Ang)             : 0.01
Equipotential                    : no
Cut short-range interaction      : yes
LJ cutoff (Ang)                  : 12
Apply long-range interaction     : yes
Cut long-range interaction       : yes
Coulomb cutoff (Ang)             : 25
Apply induced-dipole interaction : yes
alpha (Ang^3)                    : 0.204956
force_type: 4
*********************************************************
Force Field parameters: 
*********************************************************
Symbol  mass (amu)  epislon (kcal/mol)  sigma(Angstroms) 
C   12.011   0.0309   3.043
N   14.007   0.0309   3.043
H   1.008   0.015   2.38
O   15.999   0.0309   3.043
S   32.06   0.0311   3.5
*********************************************************
MOLECULE:: orientation around the inertia principal axis 
*********************************************************
Inertia matrix a.u. Ang^2: 
{  7.56394e+07  8.38096e+06  381019  }
{  8.38096e+06  1.30845e+08  935494  }
{  381019  935494  7.46007e+07  }
Rotation matrix applied to molecule: 
{  0.146907  0.989003  0.0170625  }
{  -0.819127  0.111968  0.562579  }
{  0.554482  -0.0966231  0.826568  }
Molecule radius: 54.7678 Ang 
orientation time of molecule target: 0.0683839 s
target mass: 116233 amu
gas mass: 4.0026 amu
reduce mass: 4.00246 amu
charge state: 22 e
*********************************************************
Geometric Ellipsoid: 
*********************************************************
maximal distances: 22.0387  53.0368  53.4416  Ang
Initial axis length: 72.0487  103.047  103.452  Ang
Ellipsoid axis length: 75.0587  106.057  106.462  Ang
ellipsoid calculation time: 0.000137806 s
maximal impact parameter: 106.462 Ang
*********************************************************
Linked-cell: 
Numbers of cells: 4212
Nx: 13 Ny: 18 Nz: 18
Filled cells: 216
Empty cells: 3996
Average atoms per cell: 75.8565
Maximum atoms per cell: 204
Minimum atoms per cell: 1
Simulation box: 
lx: 156.13 Ang
ly: 216.18 Ang
lz: 216.18 Ang
linked-cell calculation time: 0.00550508 s
time info: 0.000556946 s
*********************************************************
Trajectory calculations 
*********************************************************
out target time: 8.86984 s
Ntraj: 10000
Nfree: 1905
Nscatter: 8066
Nlost: 29
omega: 7215.38
Ntraj: 10000
Nfree: 1889
Nscatter: 8075
Nlost: 36
omega: 7308.69
Ntraj: 10000
Nfree: 1954
Nscatter: 8024
Nlost: 22
omega: 7257.39
Ntraj: 10000
Nfree: 1945
Nscatter: 8019
Nlost: 36
omega: 7684.35
Ntraj: 10000
Nfree: 1910
Nscatter: 8058
Nlost: 32
omega: 7421.8
Ntraj: 10000
Nfree: 1970
Nscatter: 8000
Nlost: 30
omega: 7536.66
Ntraj: 10000
Nfree: 1923
Nscatter: 8047
Nlost: 30
omega: 7244.62
Ntraj: 10000
Nfree: 1924
Nscatter: 8051
Nlost: 25
omega: 7054.39
Ntraj: 10000
Nfree: 2015
Nscatter: 7960
Nlost: 25
omega: 7498.78
Ntraj: 10000
Nfree: 1987
Nscatter: 7987
Nlost: 26
omega: 7504.07
*********************************************************
task: 0
worker id: 39447
time create lcl and mol: 0.00138497 s
numbers of trajectories: 3125
time trajectory calculation: 1.69603 s
task: 1
worker id: 77719
time create lcl and mol: 0.00128102 s
numbers of trajectories: 3125
time trajectory calculation: 1.50552 s
task: 2
worker id: 16326
time create lcl and mol: 0.00133014 s
numbers of trajectories: 3125
time trajectory calculation: 1.95323 s
task: 3
worker id: 33875
time create lcl and mol: 0.00132799 s
numbers of trajectories: 3125
time trajectory calculation: 2.02199 s
task: 4
worker id: 65226
time create lcl and mol: 0.00132012 s
numbers of trajectories: 3125
time trajectory calculation: 2.04043 s
task: 5
worker id: 62607
time create lcl and mol: 0.00145507 s
numbers of trajectories: 3125
time trajectory calculation: 2.59299 s
task: 6
worker id: 98293
time create lcl and mol: 0.001261 s
numbers of trajectories: 3125
time trajectory calculation: 2.35387 s
task: 7
worker id: 73216
time create lcl and mol: 0.00136185 s
numbers of trajectories: 3125
time trajectory calculation: 1.9786 s
task: 8
worker id: 73216
time create lcl and mol: 0.00146484 s
numbers of trajectories: 3125
time trajectory calculation: 3.61516 s
task: 9
worker id: 65226
time create lcl and mol: 0.00129318 s
numbers of trajectories: 3125
time trajectory calculation: 2.16342 s
task: 10
worker id: 33875
time create lcl and mol: 0.00132012 s
numbers of trajectories: 3125
time trajectory calculation: 1.98033 s
task: 11
worker id: 62607
time create lcl and mol: 0.00143695 s
numbers of trajectories: 3125
time trajectory calculation: 1.94052 s
task: 12
worker id: 65226
time create lcl and mol: 0.00137997 s
numbers of trajectories: 3125
time trajectory calculation: 1.93589 s
task: 13
worker id: 39447
time create lcl and mol: 0.00130391 s
numbers of trajectories: 3125
time trajectory calculation: 2.5294 s
task: 14
worker id: 77719
time create lcl and mol: 0.00127387 s
numbers of trajectories: 3125
time trajectory calculation: 1.71656 s
task: 15
worker id: 16326
time create lcl and mol: 0.00131297 s
numbers of trajectories: 3125
time trajectory calculation: 2.0689 s
task: 16
worker id: 16326
time create lcl and mol: 0.00123596 s
numbers of trajectories: 3125
time trajectory calculation: 2.15296 s
task: 17
worker id: 62607
time create lcl and mol: 0.00140595 s
numbers of trajectories: 3125
time trajectory calculation: 2.00781 s
task: 18
worker id: 62607
time create lcl and mol: 0.00146317 s
numbers of trajectories: 3125
time trajectory calculation: 1.72582 s
task: 19
worker id: 16326
time create lcl and mol: 0.0013299 s
numbers of trajectories: 3125
time trajectory calculation: 1.82356 s
task: 20
worker id: 65226
time create lcl and mol: 0.00127101 s
numbers of trajectories: 3125
time trajectory calculation: 1.65514 s
task: 21
worker id: 77719
time create lcl and mol: 0.00128984 s
numbers of trajectories: 3125
time trajectory calculation: 2.32265 s
task: 22
worker id: 39447
time create lcl and mol: 0.00140309 s
numbers of trajectories: 3125
time trajectory calculation: 1.58504 s
task: 23
worker id: 39447
time create lcl and mol: 0.00131416 s
numbers of trajectories: 3125
time trajectory calculation: 1.82149 s
task: 24
worker id: 77719
time create lcl and mol: 0.00132513 s
numbers of trajectories: 3125
time trajectory calculation: 1.90356 s
task: 25
worker id: 98293
time create lcl and mol: 0.00131989 s
numbers of trajectories: 3125
time trajectory calculation: 1.7708 s
task: 26
worker id: 98293
time create lcl and mol: 0.00134802 s
numbers of trajectories: 3125
time trajectory calculation: 1.59388 s
task: 27
worker id: 98293
time create lcl and mol: 0.00134206 s
numbers of trajectories: 3125
time trajectory calculation: 2.04339 s
task: 28
worker id: 33875
time create lcl and mol: 0.00130391 s
numbers of trajectories: 3125
time trajectory calculation: 2.1803 s
task: 29
worker id: 33875
time create lcl and mol: 0.001302 s
numbers of trajectories: 3125
time trajectory calculation: 2.07158 s
task: 30
worker id: 77719
time create lcl and mol: 0.00129008 s
numbers of trajectories: 3125
time trajectory calculation: 1.31147 s
task: 31
worker id: 73216
time create lcl and mol: 0.00128412 s
numbers of trajectories: 3125
time trajectory calculation: 1.95908 s
CCS time: 8.87798 s
*********************************************************
average value of CCS = 7372.61 Ang^2
error value of CCS = 56.5201 Ang^2
Total time: 8.95709 s
Program finished...
*********************************************************
INPUT:: Simulation Parameters 
*********************************************************
target filename                  : 07_4ayu_carga_22_min.xyz
number of probe                  : 10000
number of iterarions             : 10
number of tasks                  : 32
number of threads                : 24
seed number                      : 2104
gas buffer                       : He
Target Temperature (K)           : 298
timestep (fs)                    : 10
Skin cell size (Ang)             : 0.01
Equipotential                    : no
Cut short-range interaction      : yes
LJ cutoff (Ang)                  : 12
Apply long-range interaction     : yes
Cut long-range interaction       : yes
Coulomb cutoff (Ang)             : 25
Apply induced-dipole interaction : yes
alpha (Ang^3)                    : 0.204956
force_type: 4
*********************************************************
Force Field parameters: 
*********************************************************
Symbol  mass (amu)  epislon (kcal/mol)  sigma(Angstroms) 
C   12.011   0.0309   3.043
N   14.007   0.0309   3.043
H   1.008   0.015   2.38
O   15.999   0.0309   3.043
S   32.06   0.0311   3.5
*********************************************************
MOLECULE:: orientation around the inertia principal axis 
*********************************************************
Inertia matrix a.u. Ang^2: 
{  7.56394e+07  8.38096e+06  381019  }
{  8.38096e+06  1.30845e+08  935494  }
{  381019  935494  7.46007e+07  }
Rotation matrix applied to molecule: 
{  0.146907  0.989003  0.0170625  }
{  -0.819127  0.111968  0.562579  }
{  0.554482  -0.0966231  0.826568  }
Molecule radius: 54.7678 Ang 
orientation time of molecule target: 0.016201 s
target mass: 116233 amu
gas mass: 4.0026 amu
reduce mass: 4.00246 amu
charge state: 22 e
*********************************************************
Geometric Ellipsoid: 
*********************************************************
maximal distances: 22.0387  53.0368  53.4416  Ang
Initial axis length: 72.0487  103.047  103.452  Ang
Ellipsoid axis length: 75.0587  106.057  106.462  Ang
ellipsoid calculation time: 0.000143051 s
maximal impact parameter: 106.462 Ang
*********************************************************
Linked-cell: 
Numbers of cells: 4212
Nx: 13 Ny: 18 Nz: 18
Filled cells: 216
Empty cells: 3996
Average atoms per cell: 75.8565
Maximum atoms per cell: 204
Minimum atoms per cell: 1
Simulation box: 
lx: 156.13 Ang
ly: 216.18 Ang
lz: 216.18 Ang
linked-cell calculation time: 0.00553703 s
time info: 0.000597 s
*********************************************************
Trajectory calculations 
*********************************************************
out target time: 9.20516 s
Ntraj: 10000
Nfree: 1905
Nscatter: 8066
Nlost: 29
omega: 7215.38
Ntraj: 10000
Nfree: 1889
Nscatter: 8075
Nlost: 36
omega: 7308.69
Ntraj: 10000
Nfree: 1954
Nscatter: 8024
Nlost: 22
omega: 7257.39
Ntraj: 10000
Nfree: 1945
Nscatter: 8019
Nlost: 36
omega: 7684.35
Ntraj: 10000
Nfree: 1910
Nscatter: 8058
Nlost: 32
omega: 7421.8
Ntraj: 10000
Nfree: 1970
Nscatter: 8000
Nlost: 30
omega: 7536.66
Ntraj: 10000
Nfree: 1923
Nscatter: 8047
Nlost: 30
omega: 7244.62
Ntraj: 10000
Nfree: 1924
Nscatter: 8051
Nlost: 25
omega: 7054.39
Ntraj: 10000
Nfree: 2015
Nscatter: 7960
Nlost: 25
omega: 7498.78
Ntraj: 10000
Nfree: 1987
Nscatter: 7987
Nlost: 26
omega: 7504.07
*********************************************************
task: 0
worker id: 34277
time create lcl and mol: 0.00142193 s
numbers of trajectories: 3125
time trajectory calculation: 1.67197 s
task: 1
worker id: 78118
time create lcl and mol: 0.00145793 s
numbers of trajectories: 3125
time trajectory calculation: 1.30864 s
task: 2
worker id: 937
time create lcl and mol: 0.00126004 s
numbers of trajectories: 3125
time trajectory calculation: 1.95763 s
task: 3
worker id: 65626
time create lcl and mol: 0.00150681 s
numbers of trajectories: 3125
time trajectory calculation: 1.98866 s
task: 4
worker id: 16726
time create lcl and mol: 0.00137091 s
numbers of trajectories: 3125
time trajectory calculation: 2.08387 s
task: 5
worker id: 63005
time create lcl and mol: 0.00136995 s
numbers of trajectories: 3125
time trajectory calculation: 2.63695 s
task: 6
worker id: 39861
time create lcl and mol: 0.001261 s
numbers of trajectories: 3125
time trajectory calculation: 2.36511 s
task: 7
worker id: 73615
time create lcl and mol: 0.00136185 s
numbers of trajectories: 3125
time trajectory calculation: 1.972 s
task: 8
worker id: 65626
time create lcl and mol: 0.00141811 s
numbers of trajectories: 3125
time trajectory calculation: 3.92646 s
task: 9
worker id: 16726
time create lcl and mol: 0.00138903 s
numbers of trajectories: 3125
time trajectory calculation: 2.19162 s
task: 10
worker id: 78118
time create lcl and mol: 0.001405 s
numbers of trajectories: 3125
time trajectory calculation: 2.05002 s
task: 11
worker id: 937
time create lcl and mol: 0.00144196 s
numbers of trajectories: 3125
time trajectory calculation: 1.93871 s
task: 12
worker id: 78118
time create lcl and mol: 0.00133586 s
numbers of trajectories: 3125
time trajectory calculation: 1.98777 s
task: 13
worker id: 63005
time create lcl and mol: 0.00138593 s
numbers of trajectories: 3125
time trajectory calculation: 2.54604 s
task: 14
worker id: 34277
time create lcl and mol: 0.00143218 s
numbers of trajectories: 3125
time trajectory calculation: 1.69528 s
task: 15
worker id: 937
time create lcl and mol: 0.001266 s
numbers of trajectories: 3125
time trajectory calculation: 2.06915 s
task: 16
worker id: 65626
time create lcl and mol: 0.00138688 s
numbers of trajectories: 3125
time trajectory calculation: 2.15219 s
task: 17
worker id: 73615
time create lcl and mol: 0.00133014 s
numbers of trajectories: 3125
time trajectory calculation: 2.01349 s
task: 18
worker id: 73615
time create lcl and mol: 0.00122285 s
numbers of trajectories: 3125
time trajectory calculation: 1.68099 s
task: 19
worker id: 34277
time create lcl and mol: 0.00138783 s
numbers of trajectories: 3125
time trajectory calculation: 1.83481 s
task: 20
worker id: 39861
time create lcl and mol: 0.00137496 s
numbers of trajectories: 3125
time trajectory calculation: 1.67385 s
task: 21
worker id: 34277
time create lcl and mol: 0.00128102 s
numbers of trajectories: 3125
time trajectory calculation: 2.31749 s
task: 22
worker id: 937
time create lcl and mol: 0.0013628 s
numbers of trajectories: 3125
time trajectory calculation: 1.58923 s
task: 23
worker id: 63005
time create lcl and mol: 0.00127292 s
numbers of trajectories: 3125
time trajectory calculation: 1.85735 s
task: 24
worker id: 73615
time create lcl and mol: 0.00130582 s
numbers of trajectories: 3125
time trajectory calculation: 1.90692 s
task: 25
worker id: 39861
time create lcl and mol: 0.00127888 s
numbers of trajectories: 3125
time trajectory calculation: 1.78307 s
task: 26
worker id: 78118
time create lcl and mol: 0.0013392 s
numbers of trajectories: 3125
time trajectory calculation: 1.59544 s
task: 27
worker id: 63005
time create lcl and mol: 0.00133586 s
numbers of trajectories: 3125
time trajectory calculation: 2.07358 s
task: 28
worker id: 16726
time create lcl and mol: 0.00131106 s
numbers of trajectories: 3125
time trajectory calculation: 2.24037 s
task: 29
worker id: 39861
time create lcl and mol: 0.00137997 s
numbers of trajectories: 3125
time trajectory calculation: 2.2012 s
task: 30
worker id: 16726
time create lcl and mol: 0.00131893 s
numbers of trajectories: 3125
time trajectory calculation: 1.35847 s
task: 31
worker id: 78118
time create lcl and mol: 0.00133705 s
numbers of trajectories: 3125
time trajectory calculation: 1.95879 s
CCS time: 9.21338 s
*********************************************************
average value of CCS = 7372.61 Ang^2
error value of CCS = 56.5201 Ang^2
Total time: 9.24011 s
Program finished...
*********************************************************
INPUT:: Simulation Parameters 
*********************************************************
target filename                  : 07_4ayu_carga_22_min.xyz
number of probe                  : 10000
number of iterarions             : 10
number of tasks                  : 32
number of threads                : 24
seed number                      : 2104
gas buffer                       : He
Target Temperature (K)           : 298
timestep (fs)                    : 10
Skin cell size (Ang)             : 0.01
Equipotential                    : no
Cut short-range interaction      : yes
LJ cutoff (Ang)                  : 12
Apply long-range interaction     : yes
Cut long-range interaction       : yes
Coulomb cutoff (Ang)             : 25
Apply induced-dipole interaction : yes
alpha (Ang^3)                    : 0.204956
force_type: 4
*********************************************************
Force Field parameters: 
*********************************************************
Symbol  mass (amu)  epislon (kcal/mol)  sigma(Angstroms) 
C   12.011   0.0309   3.043
N   14.007   0.0309   3.043
H   1.008   0.015   2.38
O   15.999   0.0309   3.043
S   32.06   0.0311   3.5
*********************************************************
MOLECULE:: orientation around the inertia principal axis 
*********************************************************
Inertia matrix a.u. Ang^2: 
{  7.56394e+07  8.38096e+06  381019  }
{  8.38096e+06  1.30845e+08  935494  }
{  381019  935494  7.46007e+07  }
Rotation matrix applied to molecule: 
{  0.146907  0.989003  0.0170625  }
{  -0.819127  0.111968  0.562579  }
{  0.554482  -0.0966231  0.826568  }
Molecule radius: 54.7678 Ang 
orientation time of molecule target: 0.016211 s
target mass: 116233 amu
gas mass: 4.0026 amu
reduce mass: 4.00246 amu
charge state: 22 e
*********************************************************
Geometric Ellipsoid: 
*********************************************************
maximal distances: 22.0387  53.0368  53.4416  Ang
Initial axis length: 72.0487  103.047  103.452  Ang
Ellipsoid axis length: 75.0587  106.057  106.462  Ang
ellipsoid calculation time: 0.000138998 s
maximal impact parameter: 106.462 Ang
*********************************************************
Linked-cell: 
Numbers of cells: 4212
Nx: 13 Ny: 18 Nz: 18
Filled cells: 216
Empty cells: 3996
Average atoms per cell: 75.8565
Maximum atoms per cell: 204
Minimum atoms per cell: 1
Simulation box: 
lx: 156.13 Ang
ly: 216.18 Ang
lz: 216.18 Ang
linked-cell calculation time: 0.00552082 s
time info: 0.000569105 s
*********************************************************
Trajectory calculations 
*********************************************************
out target time: 8.741 s
Ntraj: 10000
Nfree: 1905
Nscatter: 8066
Nlost: 29
omega: 7215.38
Ntraj: 10000
Nfree: 1889
Nscatter: 8075
Nlost: 36
omega: 7308.69
Ntraj: 10000
Nfree: 1954
Nscatter: 8024
Nlost: 22
omega: 7257.39
Ntraj: 10000
Nfree: 1945
Nscatter: 8019
Nlost: 36
omega: 7684.35
Ntraj: 10000
Nfree: 1910
Nscatter: 8058
Nlost: 32
omega: 7421.8
Ntraj: 10000
Nfree: 1970
Nscatter: 8000
Nlost: 30
omega: 7536.66
Ntraj: 10000
Nfree: 1923
Nscatter: 8047
Nlost: 30
omega: 7244.62
Ntraj: 10000
Nfree: 1924
Nscatter: 8051
Nlost: 25
omega: 7054.39
Ntraj: 10000
Nfree: 2015
Nscatter: 7960
Nlost: 25
omega: 7498.78
Ntraj: 10000
Nfree: 1987
Nscatter: 7987
Nlost: 26
omega: 7504.07
*********************************************************
task: 0
worker id: 34680
time create lcl and mol: 0.00135303 s
numbers of trajectories: 3125
time trajectory calculation: 1.73601 s
task: 1
worker id: 66028
time create lcl and mol: 0.0013001 s
numbers of trajectories: 3125
time trajectory calculation: 1.33321 s
task: 2
worker id: 40277
time create lcl and mol: 0.00173497 s
numbers of trajectories: 3125
time trajectory calculation: 1.88812 s
task: 3
worker id: 63404
time create lcl and mol: 0.0013411 s
numbers of trajectories: 3125
time trajectory calculation: 2.01431 s
task: 4
worker id: 17130
time create lcl and mol: 0.00136805 s
numbers of trajectories: 3125
time trajectory calculation: 2.02714 s
task: 5
worker id: 78523
time create lcl and mol: 0.00128293 s
numbers of trajectories: 3125
time trajectory calculation: 2.68362 s
task: 6
worker id: 74016
time create lcl and mol: 0.00148988 s
numbers of trajectories: 3125
time trajectory calculation: 2.44142 s
task: 7
worker id: 1361
time create lcl and mol: 0.0013299 s
numbers of trajectories: 3125
time trajectory calculation: 1.98523 s
task: 8
worker id: 34680
time create lcl and mol: 0.00132108 s
numbers of trajectories: 3125
time trajectory calculation: 3.85255 s
task: 9
worker id: 1361
time create lcl and mol: 0.00142097 s
numbers of trajectories: 3125
time trajectory calculation: 2.19309 s
task: 10
worker id: 63404
time create lcl and mol: 0.00132108 s
numbers of trajectories: 3125
time trajectory calculation: 1.99663 s
task: 11
worker id: 40277
time create lcl and mol: 0.00154209 s
numbers of trajectories: 3125
time trajectory calculation: 1.90814 s
task: 12
worker id: 17130
time create lcl and mol: 0.0013299 s
numbers of trajectories: 3125
time trajectory calculation: 1.97068 s
task: 13
worker id: 74016
time create lcl and mol: 0.00131893 s
numbers of trajectories: 3125
time trajectory calculation: 2.40726 s
task: 14
worker id: 63404
time create lcl and mol: 0.00141311 s
numbers of trajectories: 3125
time trajectory calculation: 1.66449 s
task: 15
worker id: 74016
time create lcl and mol: 0.0013361 s
numbers of trajectories: 3125
time trajectory calculation: 2.076 s
task: 16
worker id: 1361
time create lcl and mol: 0.00128198 s
numbers of trajectories: 3125
time trajectory calculation: 2.17099 s
task: 17
worker id: 40277
time create lcl and mol: 0.0016861 s
numbers of trajectories: 3125
time trajectory calculation: 1.98295 s
task: 18
worker id: 78523
time create lcl and mol: 0.00134301 s
numbers of trajectories: 3125
time trajectory calculation: 1.72946 s
task: 19
worker id: 17130
time create lcl and mol: 0.00132084 s
numbers of trajectories: 3125
time trajectory calculation: 1.86243 s
task: 20
worker id: 63404
time create lcl and mol: 0.00133896 s
numbers of trajectories: 3125
time trajectory calculation: 1.61193 s
task: 21
worker id: 40277
time create lcl and mol: 0.00153208 s
numbers of trajectories: 3125
time trajectory calculation: 2.31663 s
task: 22
worker id: 66028
time create lcl and mol: 0.00147891 s
numbers of trajectories: 3125
time trajectory calculation: 1.58501 s
task: 23
worker id: 78523
time create lcl and mol: 0.00138187 s
numbers of trajectories: 3125
time trajectory calculation: 1.86661 s
task: 24
worker id: 78523
time create lcl and mol: 0.001302 s
numbers of trajectories: 3125
time trajectory calculation: 1.89344 s
task: 25
worker id: 74016
time create lcl and mol: 0.00133586 s
numbers of trajectories: 3125
time trajectory calculation: 1.72686 s
task: 26
worker id: 1361
time create lcl and mol: 0.00135398 s
numbers of trajectories: 3125
time trajectory calculation: 1.57995 s
task: 27
worker id: 66028
time create lcl and mol: 0.00135207 s
numbers of trajectories: 3125
time trajectory calculation: 2.07527 s
task: 28
worker id: 34680
time create lcl and mol: 0.00158286 s
numbers of trajectories: 3125
time trajectory calculation: 2.24367 s
task: 29
worker id: 17130
time create lcl and mol: 0.00137305 s
numbers of trajectories: 3125
time trajectory calculation: 2.2013 s
task: 30
worker id: 66028
time create lcl and mol: 0.00129294 s
numbers of trajectories: 3125
time trajectory calculation: 1.30153 s
task: 31
worker id: 66028
time create lcl and mol: 0.00121403 s
numbers of trajectories: 3125
time trajectory calculation: 1.94321 s
CCS time: 8.74916 s
*********************************************************
average value of CCS = 7372.61 Ang^2
error value of CCS = 56.5201 Ang^2
Total time: 8.77624 s
Program finished...
*********************************************************
INPUT:: Simulation Parameters 
*********************************************************
target filename                  : 07_4ayu_carga_22_min.xyz
number of probe                  : 10000
number of iterarions             : 10
number of tasks                  : 32
number of threads                : 24
seed number                      : 2104
gas buffer                       : He
Target Temperature (K)           : 298
timestep (fs)                    : 10
Skin cell size (Ang)             : 0.01
Equipotential                    : no
Cut short-range interaction      : yes
LJ cutoff (Ang)                  : 12
Apply long-range interaction     : yes
Cut long-range interaction       : yes
Coulomb cutoff (Ang)             : 25
Apply induced-dipole interaction : yes
alpha (Ang^3)                    : 0.204956
force_type: 4
*********************************************************
Force Field parameters: 
*********************************************************
Symbol  mass (amu)  epislon (kcal/mol)  sigma(Angstroms) 
C   12.011   0.0309   3.043
N   14.007   0.0309   3.043
H   1.008   0.015   2.38
O   15.999   0.0309   3.043
S   32.06   0.0311   3.5
*********************************************************
MOLECULE:: orientation around the inertia principal axis 
*********************************************************
Inertia matrix a.u. Ang^2: 
{  7.56394e+07  8.38096e+06  381019  }
{  8.38096e+06  1.30845e+08  935494  }
{  381019  935494  7.46007e+07  }
Rotation matrix applied to molecule: 
{  0.146907  0.989003  0.0170625  }
{  -0.819127  0.111968  0.562579  }
{  0.554482  -0.0966231  0.826568  }
Molecule radius: 54.7678 Ang 
orientation time of molecule target: 0.016335 s
target mass: 116233 amu
gas mass: 4.0026 amu
reduce mass: 4.00246 amu
charge state: 22 e
*********************************************************
Geometric Ellipsoid: 
*********************************************************
maximal distances: 22.0387  53.0368  53.4416  Ang
Initial axis length: 72.0487  103.047  103.452  Ang
Ellipsoid axis length: 75.0587  106.057  106.462  Ang
ellipsoid calculation time: 0.000148058 s
maximal impact parameter: 106.462 Ang
*********************************************************
Linked-cell: 
Numbers of cells: 4212
Nx: 13 Ny: 18 Nz: 18
Filled cells: 216
Empty cells: 3996
Average atoms per cell: 75.8565
Maximum atoms per cell: 204
Minimum atoms per cell: 1
Simulation box: 
lx: 156.13 Ang
ly: 216.18 Ang
lz: 216.18 Ang
linked-cell calculation time: 0.00552893 s
time info: 0.000556946 s
*********************************************************
Trajectory calculations 
*********************************************************
out target time: 9.49586 s
Ntraj: 10000
Nfree: 1905
Nscatter: 8066
Nlost: 29
omega: 7215.38
Ntraj: 10000
Nfree: 1889
Nscatter: 8075
Nlost: 36
omega: 7308.69
Ntraj: 10000
Nfree: 1954
Nscatter: 8024
Nlost: 22
omega: 7257.39
Ntraj: 10000
Nfree: 1945
Nscatter: 8019
Nlost: 36
omega: 7684.35
Ntraj: 10000
Nfree: 1910
Nscatter: 8058
Nlost: 32
omega: 7421.8
Ntraj: 10000
Nfree: 1970
Nscatter: 8000
Nlost: 30
omega: 7536.66
Ntraj: 10000
Nfree: 1923
Nscatter: 8047
Nlost: 30
omega: 7244.62
Ntraj: 10000
Nfree: 1924
Nscatter: 8051
Nlost: 25
omega: 7054.39
Ntraj: 10000
Nfree: 2015
Nscatter: 7960
Nlost: 25
omega: 7498.78
Ntraj: 10000
Nfree: 1987
Nscatter: 7987
Nlost: 26
omega: 7504.07
*********************************************************
task: 0
worker id: 35097
time create lcl and mol: 0.00130987 s
numbers of trajectories: 3125
time trajectory calculation: 1.70058 s
task: 1
worker id: 63819
time create lcl and mol: 0.00142384 s
numbers of trajectories: 3125
time trajectory calculation: 1.36381 s
task: 2
worker id: 66442
time create lcl and mol: 0.00131297 s
numbers of trajectories: 3125
time trajectory calculation: 1.9046 s
task: 3
worker id: 78940
time create lcl and mol: 0.00143695 s
numbers of trajectories: 3125
time trajectory calculation: 2.00985 s
task: 4
worker id: 40706
time create lcl and mol: 0.00132608 s
numbers of trajectories: 3125
time trajectory calculation: 2.03204 s
task: 5
worker id: 35097
time create lcl and mol: 0.00130105 s
numbers of trajectories: 3125
time trajectory calculation: 2.69773 s
task: 6
worker id: 17545
time create lcl and mol: 0.00140405 s
numbers of trajectories: 3125
time trajectory calculation: 2.47022 s
task: 7
worker id: 1796
time create lcl and mol: 0.00137115 s
numbers of trajectories: 3125
time trajectory calculation: 2.05683 s
task: 8
worker id: 74430
time create lcl and mol: 0.0013628 s
numbers of trajectories: 3125
time trajectory calculation: 3.6801 s
task: 9
worker id: 40706
time create lcl and mol: 0.00136399 s
numbers of trajectories: 3125
time trajectory calculation: 2.19681 s
task: 10
worker id: 74430
time create lcl and mol: 0.00132298 s
numbers of trajectories: 3125
time trajectory calculation: 2.05699 s
task: 11
worker id: 63819
time create lcl and mol: 0.00140595 s
numbers of trajectories: 3125
time trajectory calculation: 1.93589 s
task: 12
worker id: 17545
time create lcl and mol: 0.00132608 s
numbers of trajectories: 3125
time trajectory calculation: 1.98194 s
task: 13
worker id: 78940
time create lcl and mol: 0.00132394 s
numbers of trajectories: 3125
time trajectory calculation: 2.50117 s
task: 14
worker id: 66442
time create lcl and mol: 0.00132895 s
numbers of trajectories: 3125
time trajectory calculation: 1.77672 s
task: 15
worker id: 1796
time create lcl and mol: 0.00131893 s
numbers of trajectories: 3125
time trajectory calculation: 2.06755 s
task: 16
worker id: 78940
time create lcl and mol: 0.0014441 s
numbers of trajectories: 3125
time trajectory calculation: 2.15988 s
task: 17
worker id: 63819
time create lcl and mol: 0.00143504 s
numbers of trajectories: 3125
time trajectory calculation: 1.99567 s
task: 18
worker id: 66442
time create lcl and mol: 0.00127292 s
numbers of trajectories: 3125
time trajectory calculation: 1.71549 s
task: 19
worker id: 17545
time create lcl and mol: 0.00138307 s
numbers of trajectories: 3125
time trajectory calculation: 1.87468 s
task: 20
worker id: 78940
time create lcl and mol: 0.00137401 s
numbers of trajectories: 3125
time trajectory calculation: 1.65094 s
task: 21
worker id: 1796
time create lcl and mol: 0.00132203 s
numbers of trajectories: 3125
time trajectory calculation: 2.32919 s
task: 22
worker id: 1796
time create lcl and mol: 0.00146103 s
numbers of trajectories: 3125
time trajectory calculation: 1.5717 s
task: 23
worker id: 40706
time create lcl and mol: 0.00138092 s
numbers of trajectories: 3125
time trajectory calculation: 1.82538 s
task: 24
worker id: 35097
time create lcl and mol: 0.0013392 s
numbers of trajectories: 3125
time trajectory calculation: 1.917 s
task: 25
worker id: 74430
time create lcl and mol: 0.00138998 s
numbers of trajectories: 3125
time trajectory calculation: 1.75419 s
task: 26
worker id: 17545
time create lcl and mol: 0.00142694 s
numbers of trajectories: 3125
time trajectory calculation: 1.59711 s
task: 27
worker id: 63819
time create lcl and mol: 0.00133514 s
numbers of trajectories: 3125
time trajectory calculation: 2.079 s
task: 28
worker id: 40706
time create lcl and mol: 0.00134611 s
numbers of trajectories: 3125
time trajectory calculation: 2.16681 s
task: 29
worker id: 35097
time create lcl and mol: 0.00139213 s
numbers of trajectories: 3125
time trajectory calculation: 2.14366 s
task: 30
worker id: 1796
time create lcl and mol: 0.00131106 s
numbers of trajectories: 3125
time trajectory calculation: 1.35944 s
task: 31
worker id: 66442
time create lcl and mol: 0.00136805 s
numbers of trajectories: 3125
time trajectory calculation: 1.96556 s
CCS time: 9.50396 s
*********************************************************
average value of CCS = 7372.61 Ang^2
error value of CCS = 56.5201 Ang^2
Total time: 9.53128 s
Program finished...
*********************************************************
INPUT:: Simulation Parameters 
*********************************************************
target filename                  : 07_4ayu_carga_22_min.xyz
number of probe                  : 10000
number of iterarions             : 10
number of tasks                  : 32
number of threads                : 24
seed number                      : 2104
gas buffer                       : He
Target Temperature (K)           : 298
timestep (fs)                    : 10
Skin cell size (Ang)             : 0.01
Equipotential                    : no
Cut short-range interaction      : yes
LJ cutoff (Ang)                  : 12
Apply long-range interaction     : yes
Cut long-range interaction       : yes
Coulomb cutoff (Ang)             : 25
Apply induced-dipole interaction : yes
alpha (Ang^3)                    : 0.204956
force_type: 4
*********************************************************
Force Field parameters: 
*********************************************************
Symbol  mass (amu)  epislon (kcal/mol)  sigma(Angstroms) 
C   12.011   0.0309   3.043
N   14.007   0.0309   3.043
H   1.008   0.015   2.38
O   15.999   0.0309   3.043
S   32.06   0.0311   3.5
*********************************************************
MOLECULE:: orientation around the inertia principal axis 
*********************************************************
Inertia matrix a.u. Ang^2: 
{  7.56394e+07  8.38096e+06  381019  }
{  8.38096e+06  1.30845e+08  935494  }
{  381019  935494  7.46007e+07  }
Rotation matrix applied to molecule: 
{  0.146907  0.989003  0.0170625  }
{  -0.819127  0.111968  0.562579  }
{  0.554482  -0.0966231  0.826568  }
Molecule radius: 54.7678 Ang 
orientation time of molecule target: 0.016288 s
target mass: 116233 amu
gas mass: 4.0026 amu
reduce mass: 4.00246 amu
charge state: 22 e
*********************************************************
Geometric Ellipsoid: 
*********************************************************
maximal distances: 22.0387  53.0368  53.4416  Ang
Initial axis length: 72.0487  103.047  103.452  Ang
Ellipsoid axis length: 75.0587  106.057  106.462  Ang
ellipsoid calculation time: 0.000138998 s
maximal impact parameter: 106.462 Ang
*********************************************************
Linked-cell: 
Numbers of cells: 4212
Nx: 13 Ny: 18 Nz: 18
Filled cells: 216
Empty cells: 3996
Average atoms per cell: 75.8565
Maximum atoms per cell: 204
Minimum atoms per cell: 1
Simulation box: 
lx: 156.13 Ang
ly: 216.18 Ang
lz: 216.18 Ang
linked-cell calculation time: 0.00552988 s
time info: 0.000571012 s
*********************************************************
Trajectory calculations 
*********************************************************
out target time: 9.80916 s
Ntraj: 10000
Nfree: 1905
Nscatter: 8066
Nlost: 29
omega: 7215.38
Ntraj: 10000
Nfree: 1889
Nscatter: 8075
Nlost: 36
omega: 7308.69
Ntraj: 10000
Nfree: 1954
Nscatter: 8024
Nlost: 22
omega: 7257.39
Ntraj: 10000
Nfree: 1945
Nscatter: 8019
Nlost: 36
omega: 7684.35
Ntraj: 10000
Nfree: 1910
Nscatter: 8058
Nlost: 32
omega: 7421.8
Ntraj: 10000
Nfree: 1970
Nscatter: 8000
Nlost: 30
omega: 7536.66
Ntraj: 10000
Nfree: 1923
Nscatter: 8047
Nlost: 30
omega: 7244.62
Ntraj: 10000
Nfree: 1924
Nscatter: 8051
Nlost: 25
omega: 7054.39
Ntraj: 10000
Nfree: 2015
Nscatter: 7960
Nlost: 25
omega: 7498.78
Ntraj: 10000
Nfree: 1987
Nscatter: 7987
Nlost: 26
omega: 7504.07
*********************************************************
task: 0
worker id: 64224
time create lcl and mol: 0.00143504 s
numbers of trajectories: 3125
time trajectory calculation: 1.7187 s
task: 1
worker id: 17945
time create lcl and mol: 0.00157595 s
numbers of trajectories: 3125
time trajectory calculation: 1.39051 s
task: 2
worker id: 41120
time create lcl and mol: 0.00151086 s
numbers of trajectories: 3125
time trajectory calculation: 1.84807 s
task: 3
worker id: 66844
time create lcl and mol: 0.00136805 s
numbers of trajectories: 3125
time trajectory calculation: 2.14396 s
task: 4
worker id: 79340
time create lcl and mol: 0.00130391 s
numbers of trajectories: 3125
time trajectory calculation: 2.01665 s
task: 5
worker id: 35498
time create lcl and mol: 0.00131321 s
numbers of trajectories: 3125
time trajectory calculation: 2.63583 s
task: 6
worker id: 2213
time create lcl and mol: 0.00133204 s
numbers of trajectories: 3125
time trajectory calculation: 2.38271 s
task: 7
worker id: 74828
time create lcl and mol: 0.00138116 s
numbers of trajectories: 3125
time trajectory calculation: 1.9681 s
task: 8
worker id: 64224
time create lcl and mol: 0.00136495 s
numbers of trajectories: 3125
time trajectory calculation: 3.89422 s
task: 9
worker id: 17945
time create lcl and mol: 0.00135899 s
numbers of trajectories: 3125
time trajectory calculation: 2.19714 s
task: 10
worker id: 41120
time create lcl and mol: 0.00131202 s
numbers of trajectories: 3125
time trajectory calculation: 2.03606 s
task: 11
worker id: 35498
time create lcl and mol: 0.00119901 s
numbers of trajectories: 3125
time trajectory calculation: 1.94579 s
task: 12
worker id: 66844
time create lcl and mol: 0.00135589 s
numbers of trajectories: 3125
time trajectory calculation: 1.98544 s
task: 13
worker id: 64224
time create lcl and mol: 0.00133491 s
numbers of trajectories: 3125
time trajectory calculation: 2.51037 s
task: 14
worker id: 66844
time create lcl and mol: 0.001405 s
numbers of trajectories: 3125
time trajectory calculation: 1.7206 s
task: 15
worker id: 41120
time create lcl and mol: 0.00133419 s
numbers of trajectories: 3125
time trajectory calculation: 2.05931 s
task: 16
worker id: 41120
time create lcl and mol: 0.00134993 s
numbers of trajectories: 3125
time trajectory calculation: 2.18918 s
task: 17
worker id: 74828
time create lcl and mol: 0.0014441 s
numbers of trajectories: 3125
time trajectory calculation: 1.93788 s
task: 18
worker id: 74828
time create lcl and mol: 0.00143504 s
numbers of trajectories: 3125
time trajectory calculation: 1.73531 s
task: 19
worker id: 79340
time create lcl and mol: 0.00135684 s
numbers of trajectories: 3125
time trajectory calculation: 1.87281 s
task: 20
worker id: 35498
time create lcl and mol: 0.00133801 s
numbers of trajectories: 3125
time trajectory calculation: 1.65183 s
task: 21
worker id: 74828
time create lcl and mol: 0.0014329 s
numbers of trajectories: 3125
time trajectory calculation: 2.3192 s
task: 22
worker id: 35498
time create lcl and mol: 0.00160193 s
numbers of trajectories: 3125
time trajectory calculation: 1.57844 s
task: 23
worker id: 17945
time create lcl and mol: 0.001261 s
numbers of trajectories: 3125
time trajectory calculation: 1.83475 s
task: 24
worker id: 79340
time create lcl and mol: 0.00131893 s
numbers of trajectories: 3125
time trajectory calculation: 1.89901 s
task: 25
worker id: 2213
time create lcl and mol: 0.00147796 s
numbers of trajectories: 3125
time trajectory calculation: 1.77438 s
task: 26
worker id: 64224
time create lcl and mol: 0.00137806 s
numbers of trajectories: 3125
time trajectory calculation: 1.59789 s
task: 27
worker id: 79340
time create lcl and mol: 0.0013938 s
numbers of trajectories: 3125
time trajectory calculation: 2.06475 s
task: 28
worker id: 17945
time create lcl and mol: 0.00124407 s
numbers of trajectories: 3125
time trajectory calculation: 2.18069 s
task: 29
worker id: 2213
time create lcl and mol: 0.00144911 s
numbers of trajectories: 3125
time trajectory calculation: 2.20481 s
task: 30
worker id: 66844
time create lcl and mol: 0.00133109 s
numbers of trajectories: 3125
time trajectory calculation: 1.35945 s
task: 31
worker id: 2213
time create lcl and mol: 0.00135303 s
numbers of trajectories: 3125
time trajectory calculation: 1.96282 s
CCS time: 9.81747 s
*********************************************************
average value of CCS = 7372.61 Ang^2
error value of CCS = 56.5201 Ang^2
Total time: 9.84474 s
Program finished...
