*********************************************************
INPUT:: Simulation Parameters 
*********************************************************
target filename                  : 09_1aqf_carga_31_min.xyz
number of probe                  : 10000
number of iterarions             : 10
number of tasks                  : 32
number of threads                : 24
seed number                      : 2104
gas buffer                       : He
Target Temperature (K)           : 298
timestep (fs)                    : 10
Skin cell size (Ang)             : 0.01
Equipotential                    : no
Cut short-range interaction      : yes
LJ cutoff (Ang)                  : 12
Apply long-range interaction     : yes
Cut long-range interaction       : yes
Coulomb cutoff (Ang)             : 25
Apply induced-dipole interaction : yes
alpha (Ang^3)                    : 0.204956
force_type: 4
*********************************************************
Force Field parameters: 
*********************************************************
Symbol  mass (amu)  epislon (kcal/mol)  sigma(Angstroms) 
C   12.011   0.0309   3.043
N   14.007   0.0309   3.043
H   1.008   0.015   2.38
O   15.999   0.0309   3.043
S   32.06   0.0311   3.5
*********************************************************
MOLECULE:: orientation around the inertia principal axis 
*********************************************************
Inertia matrix a.u. Ang^2: 
{  3.06475e+08  -1.24859e+07  2.8268e+06  }
{  -1.24859e+07  2.10003e+08  6.06891e+07  }
{  2.8268e+06  6.06891e+07  2.38764e+08  }
Rotation matrix applied to molecule: 
{  0.967096  -0.210263  -0.143226  }
{  0.0793105  0.78409  -0.615559  }
{  0.241732  0.583946  0.774967  }
Molecule radius: 70.6159 Ang 
orientation time of molecule target: 0.08111 s
target mass: 227289 amu
gas mass: 4.0026 amu
reduce mass: 4.00253 amu
charge state: 31 e
*********************************************************
Geometric Ellipsoid: 
*********************************************************
maximal distances: 46.8728  52.0299  62.5643  Ang
Initial axis length: 96.8828  102.04  112.574  Ang
Ellipsoid axis length: 110.473  115.63  126.164  Ang
ellipsoid calculation time: 0.000249863 s
maximal impact parameter: 126.164 Ang
*********************************************************
Linked-cell: 
Numbers of cells: 8360
Nx: 19 Ny: 20 Nz: 22
Filled cells: 400
Empty cells: 7960
Average atoms per cell: 80.425
Maximum atoms per cell: 202
Minimum atoms per cell: 1
Simulation box: 
lx: 228.19 Ang
ly: 240.2 Ang
lz: 264.22 Ang
linked-cell calculation time: 0.010998 s
time info: 0.00106788 s
*********************************************************
Trajectory calculations 
*********************************************************
out target time: 4.35314 s
Ntraj: 10000
Nfree: 1387
Nscatter: 8612
Nlost: 1
omega: 11353.8
Ntraj: 10000
Nfree: 1346
Nscatter: 8652
Nlost: 2
omega: 11848.1
Ntraj: 10000
Nfree: 1353
Nscatter: 8647
Nlost: 0
omega: 11504.2
Ntraj: 10000
Nfree: 1334
Nscatter: 8666
Nlost: 0
omega: 11832.4
Ntraj: 10000
Nfree: 1341
Nscatter: 8658
Nlost: 1
omega: 11726.1
Ntraj: 10000
Nfree: 1358
Nscatter: 8641
Nlost: 1
omega: 11516
Ntraj: 10000
Nfree: 1377
Nscatter: 8623
Nlost: 0
omega: 11312.9
Ntraj: 10000
Nfree: 1379
Nscatter: 8619
Nlost: 2
omega: 11140.4
Ntraj: 10000
Nfree: 1367
Nscatter: 8633
Nlost: 0
omega: 12093.8
Ntraj: 10000
Nfree: 1388
Nscatter: 8612
Nlost: 0
omega: 11968.8
*********************************************************
task: 0
worker id: 38205
time create lcl and mol: 0.00268316 s
numbers of trajectories: 3125
time trajectory calculation: 1.8833 s
task: 1
worker id: 77536
time create lcl and mol: 0.00252104 s
numbers of trajectories: 3125
time trajectory calculation: 0.699331 s
task: 2
worker id: 77536
time create lcl and mol: 0.00265598 s
numbers of trajectories: 3125
time trajectory calculation: 1.67953 s
task: 3
worker id: 69563
time create lcl and mol: 0.00251698 s
numbers of trajectories: 3125
time trajectory calculation: 0.856314 s
task: 4
worker id: 5081
time create lcl and mol: 0.00256586 s
numbers of trajectories: 3125
time trajectory calculation: 0.69562 s
task: 5
worker id: 43916
time create lcl and mol: 0.00248003 s
numbers of trajectories: 3125
time trajectory calculation: 1.23736 s
task: 6
worker id: 20666
time create lcl and mol: 0.00246811 s
numbers of trajectories: 3125
time trajectory calculation: 1.64404 s
task: 7
worker id: 20666
time create lcl and mol: 0.0026722 s
numbers of trajectories: 3125
time trajectory calculation: 0.591774 s
task: 8
worker id: 5081
time create lcl and mol: 0.00252414 s
numbers of trajectories: 3125
time trajectory calculation: 0.57087 s
task: 9
worker id: 38205
time create lcl and mol: 0.00275612 s
numbers of trajectories: 3125
time trajectory calculation: 0.604649 s
task: 10
worker id: 82042
time create lcl and mol: 0.00282097 s
numbers of trajectories: 3125
time trajectory calculation: 0.642157 s
task: 11
worker id: 43916
time create lcl and mol: 0.00264001 s
numbers of trajectories: 3125
time trajectory calculation: 0.736525 s
task: 12
worker id: 69563
time create lcl and mol: 0.00250697 s
numbers of trajectories: 3125
time trajectory calculation: 0.63777 s
task: 13
worker id: 43916
time create lcl and mol: 0.00237203 s
numbers of trajectories: 3125
time trajectory calculation: 0.545066 s
task: 14
worker id: 5081
time create lcl and mol: 0.0027802 s
numbers of trajectories: 3125
time trajectory calculation: 2.02112 s
task: 15
worker id: 77536
time create lcl and mol: 0.0027678 s
numbers of trajectories: 3125
time trajectory calculation: 0.830834 s
task: 16
worker id: 69563
time create lcl and mol: 0.00279999 s
numbers of trajectories: 3125
time trajectory calculation: 2.13496 s
task: 17
worker id: 66935
time create lcl and mol: 0.00298595 s
numbers of trajectories: 3125
time trajectory calculation: 0.622535 s
task: 18
worker id: 77536
time create lcl and mol: 0.00259089 s
numbers of trajectories: 3125
time trajectory calculation: 0.675366 s
task: 19
worker id: 66935
time create lcl and mol: 0.00260615 s
numbers of trajectories: 3125
time trajectory calculation: 0.577175 s
task: 20
worker id: 43916
time create lcl and mol: 0.00265694 s
numbers of trajectories: 3125
time trajectory calculation: 0.695707 s
task: 21
worker id: 66935
time create lcl and mol: 0.0024941 s
numbers of trajectories: 3125
time trajectory calculation: 0.727054 s
task: 22
worker id: 82042
time create lcl and mol: 0.00239992 s
numbers of trajectories: 3125
time trajectory calculation: 1.96039 s
task: 23
worker id: 38205
time create lcl and mol: 0.00244379 s
numbers of trajectories: 3125
time trajectory calculation: 0.653397 s
task: 24
worker id: 66935
time create lcl and mol: 0.0029819 s
numbers of trajectories: 3125
time trajectory calculation: 1.83957 s
task: 25
worker id: 82042
time create lcl and mol: 0.00282502 s
numbers of trajectories: 3125
time trajectory calculation: 0.976805 s
task: 26
worker id: 20666
time create lcl and mol: 0.00248814 s
numbers of trajectories: 3125
time trajectory calculation: 0.716955 s
task: 27
worker id: 82042
time create lcl and mol: 0.00252008 s
numbers of trajectories: 3125
time trajectory calculation: 0.672168 s
task: 28
worker id: 38205
time create lcl and mol: 0.00270796 s
numbers of trajectories: 3125
time trajectory calculation: 0.592331 s
task: 29
worker id: 20666
time create lcl and mol: 0.00238085 s
numbers of trajectories: 3125
time trajectory calculation: 0.994837 s
task: 30
worker id: 43916
time create lcl and mol: 0.00273681 s
numbers of trajectories: 3125
time trajectory calculation: 0.812244 s
task: 31
worker id: 5081
time create lcl and mol: 0.00265193 s
numbers of trajectories: 3125
time trajectory calculation: 0.799898 s
CCS time: 4.36199 s
*********************************************************
average value of CCS = 11629.6 Ang^2
error value of CCS = 93.4331 Ang^2
Total time: 4.45946 s
Program finished...
*********************************************************
INPUT:: Simulation Parameters 
*********************************************************
target filename                  : 09_1aqf_carga_31_min.xyz
number of probe                  : 10000
number of iterarions             : 10
number of tasks                  : 32
number of threads                : 24
seed number                      : 2104
gas buffer                       : He
Target Temperature (K)           : 298
timestep (fs)                    : 10
Skin cell size (Ang)             : 0.01
Equipotential                    : no
Cut short-range interaction      : yes
LJ cutoff (Ang)                  : 12
Apply long-range interaction     : yes
Cut long-range interaction       : yes
Coulomb cutoff (Ang)             : 25
Apply induced-dipole interaction : yes
alpha (Ang^3)                    : 0.204956
force_type: 4
*********************************************************
Force Field parameters: 
*********************************************************
Symbol  mass (amu)  epislon (kcal/mol)  sigma(Angstroms) 
C   12.011   0.0309   3.043
N   14.007   0.0309   3.043
H   1.008   0.015   2.38
O   15.999   0.0309   3.043
S   32.06   0.0311   3.5
*********************************************************
MOLECULE:: orientation around the inertia principal axis 
*********************************************************
Inertia matrix a.u. Ang^2: 
{  3.06475e+08  -1.24859e+07  2.8268e+06  }
{  -1.24859e+07  2.10003e+08  6.06891e+07  }
{  2.8268e+06  6.06891e+07  2.38764e+08  }
Rotation matrix applied to molecule: 
{  0.967096  -0.210263  -0.143226  }
{  0.0793105  0.78409  -0.615559  }
{  0.241732  0.583946  0.774967  }
Molecule radius: 70.6159 Ang 
orientation time of molecule target: 0.0317111 s
target mass: 227289 amu
gas mass: 4.0026 amu
reduce mass: 4.00253 amu
charge state: 31 e
*********************************************************
Geometric Ellipsoid: 
*********************************************************
maximal distances: 46.8728  52.0299  62.5643  Ang
Initial axis length: 96.8828  102.04  112.574  Ang
Ellipsoid axis length: 110.473  115.63  126.164  Ang
ellipsoid calculation time: 0.000257015 s
maximal impact parameter: 126.164 Ang
*********************************************************
Linked-cell: 
Numbers of cells: 8360
Nx: 19 Ny: 20 Nz: 22
Filled cells: 400
Empty cells: 7960
Average atoms per cell: 80.425
Maximum atoms per cell: 202
Minimum atoms per cell: 1
Simulation box: 
lx: 228.19 Ang
ly: 240.2 Ang
lz: 264.22 Ang
linked-cell calculation time: 0.0108001 s
time info: 0.00102305 s
*********************************************************
Trajectory calculations 
*********************************************************
out target time: 4.65865 s
Ntraj: 10000
Nfree: 1387
Nscatter: 8612
Nlost: 1
omega: 11353.8
Ntraj: 10000
Nfree: 1346
Nscatter: 8652
Nlost: 2
omega: 11848.1
Ntraj: 10000
Nfree: 1353
Nscatter: 8647
Nlost: 0
omega: 11504.2
Ntraj: 10000
Nfree: 1334
Nscatter: 8666
Nlost: 0
omega: 11832.4
Ntraj: 10000
Nfree: 1341
Nscatter: 8658
Nlost: 1
omega: 11726.1
Ntraj: 10000
Nfree: 1358
Nscatter: 8641
Nlost: 1
omega: 11516
Ntraj: 10000
Nfree: 1377
Nscatter: 8623
Nlost: 0
omega: 11312.9
Ntraj: 10000
Nfree: 1379
Nscatter: 8619
Nlost: 2
omega: 11140.4
Ntraj: 10000
Nfree: 1367
Nscatter: 8633
Nlost: 0
omega: 12093.8
Ntraj: 10000
Nfree: 1388
Nscatter: 8612
Nlost: 0
omega: 11968.8
*********************************************************
task: 0
worker id: 5186
time create lcl and mol: 0.00251198 s
numbers of trajectories: 3125
time trajectory calculation: 1.8871 s
task: 1
worker id: 20772
time create lcl and mol: 0.00252819 s
numbers of trajectories: 3125
time trajectory calculation: 0.718374 s
task: 2
worker id: 67038
time create lcl and mol: 0.00266314 s
numbers of trajectories: 3125
time trajectory calculation: 1.70485 s
task: 3
worker id: 5186
time create lcl and mol: 0.00251508 s
numbers of trajectories: 3125
time trajectory calculation: 0.760539 s
task: 4
worker id: 82144
time create lcl and mol: 0.00251317 s
numbers of trajectories: 3125
time trajectory calculation: 0.694086 s
task: 5
worker id: 69666
time create lcl and mol: 0.00311303 s
numbers of trajectories: 3125
time trajectory calculation: 1.17459 s
task: 6
worker id: 44037
time create lcl and mol: 0.00247979 s
numbers of trajectories: 3125
time trajectory calculation: 1.64007 s
task: 7
worker id: 38308
time create lcl and mol: 0.00251412 s
numbers of trajectories: 3125
time trajectory calculation: 0.605619 s
task: 8
worker id: 67038
time create lcl and mol: 0.00238419 s
numbers of trajectories: 3125
time trajectory calculation: 0.568249 s
task: 9
worker id: 77641
time create lcl and mol: 0.00244403 s
numbers of trajectories: 3125
time trajectory calculation: 0.628137 s
task: 10
worker id: 82144
time create lcl and mol: 0.00243902 s
numbers of trajectories: 3125
time trajectory calculation: 0.667403 s
task: 11
worker id: 38308
time create lcl and mol: 0.00251102 s
numbers of trajectories: 3125
time trajectory calculation: 0.788079 s
task: 12
worker id: 77641
time create lcl and mol: 0.00266695 s
numbers of trajectories: 3125
time trajectory calculation: 0.611299 s
task: 13
worker id: 38308
time create lcl and mol: 0.00262904 s
numbers of trajectories: 3125
time trajectory calculation: 0.594055 s
task: 14
worker id: 77641
time create lcl and mol: 0.00272107 s
numbers of trajectories: 3125
time trajectory calculation: 2.06576 s
task: 15
worker id: 82144
time create lcl and mol: 0.00283718 s
numbers of trajectories: 3125
time trajectory calculation: 0.836135 s
task: 16
worker id: 38308
time create lcl and mol: 0.0028019 s
numbers of trajectories: 3125
time trajectory calculation: 2.01022 s
task: 17
worker id: 67038
time create lcl and mol: 0.00286412 s
numbers of trajectories: 3125
time trajectory calculation: 0.592551 s
task: 18
worker id: 5186
time create lcl and mol: 0.00262403 s
numbers of trajectories: 3125
time trajectory calculation: 0.730483 s
task: 19
worker id: 77641
time create lcl and mol: 0.00266981 s
numbers of trajectories: 3125
time trajectory calculation: 0.570787 s
task: 20
worker id: 20772
time create lcl and mol: 0.00322485 s
numbers of trajectories: 3125
time trajectory calculation: 0.725078 s
task: 21
worker id: 44037
time create lcl and mol: 0.00251913 s
numbers of trajectories: 3125
time trajectory calculation: 0.687856 s
task: 22
worker id: 20772
time create lcl and mol: 0.00274491 s
numbers of trajectories: 3125
time trajectory calculation: 2.05316 s
task: 23
worker id: 69666
time create lcl and mol: 0.00295305 s
numbers of trajectories: 3125
time trajectory calculation: 0.683926 s
task: 24
worker id: 69666
time create lcl and mol: 0.00298595 s
numbers of trajectories: 3125
time trajectory calculation: 1.88997 s
task: 25
worker id: 67038
time create lcl and mol: 0.002707 s
numbers of trajectories: 3125
time trajectory calculation: 1.00697 s
task: 26
worker id: 44037
time create lcl and mol: 0.0025959 s
numbers of trajectories: 3125
time trajectory calculation: 0.771206 s
task: 27
worker id: 77641
time create lcl and mol: 0.00268507 s
numbers of trajectories: 3125
time trajectory calculation: 0.668557 s
task: 28
worker id: 82144
time create lcl and mol: 0.00259399 s
numbers of trajectories: 3125
time trajectory calculation: 0.57881 s
task: 29
worker id: 44037
time create lcl and mol: 0.00248885 s
numbers of trajectories: 3125
time trajectory calculation: 0.989182 s
task: 30
worker id: 82144
time create lcl and mol: 0.00275111 s
numbers of trajectories: 3125
time trajectory calculation: 0.832041 s
task: 31
worker id: 5186
time create lcl and mol: 0.00262094 s
numbers of trajectories: 3125
time trajectory calculation: 0.766884 s
CCS time: 4.66718 s
*********************************************************
average value of CCS = 11629.6 Ang^2
error value of CCS = 93.4331 Ang^2
Total time: 4.71527 s
Program finished...
*********************************************************
INPUT:: Simulation Parameters 
*********************************************************
target filename                  : 09_1aqf_carga_31_min.xyz
number of probe                  : 10000
number of iterarions             : 10
number of tasks                  : 32
number of threads                : 24
seed number                      : 2104
gas buffer                       : He
Target Temperature (K)           : 298
timestep (fs)                    : 10
Skin cell size (Ang)             : 0.01
Equipotential                    : no
Cut short-range interaction      : yes
LJ cutoff (Ang)                  : 12
Apply long-range interaction     : yes
Cut long-range interaction       : yes
Coulomb cutoff (Ang)             : 25
Apply induced-dipole interaction : yes
alpha (Ang^3)                    : 0.204956
force_type: 4
*********************************************************
Force Field parameters: 
*********************************************************
Symbol  mass (amu)  epislon (kcal/mol)  sigma(Angstroms) 
C   12.011   0.0309   3.043
N   14.007   0.0309   3.043
H   1.008   0.015   2.38
O   15.999   0.0309   3.043
S   32.06   0.0311   3.5
*********************************************************
MOLECULE:: orientation around the inertia principal axis 
*********************************************************
Inertia matrix a.u. Ang^2: 
{  3.06475e+08  -1.24859e+07  2.8268e+06  }
{  -1.24859e+07  2.10003e+08  6.06891e+07  }
{  2.8268e+06  6.06891e+07  2.38764e+08  }
Rotation matrix applied to molecule: 
{  0.967096  -0.210263  -0.143226  }
{  0.0793105  0.78409  -0.615559  }
{  0.241732  0.583946  0.774967  }
Molecule radius: 70.6159 Ang 
orientation time of molecule target: 0.0313389 s
target mass: 227289 amu
gas mass: 4.0026 amu
reduce mass: 4.00253 amu
charge state: 31 e
*********************************************************
Geometric Ellipsoid: 
*********************************************************
maximal distances: 46.8728  52.0299  62.5643  Ang
Initial axis length: 96.8828  102.04  112.574  Ang
Ellipsoid axis length: 110.473  115.63  126.164  Ang
ellipsoid calculation time: 0.000260115 s
maximal impact parameter: 126.164 Ang
*********************************************************
Linked-cell: 
Numbers of cells: 8360
Nx: 19 Ny: 20 Nz: 22
Filled cells: 400
Empty cells: 7960
Average atoms per cell: 80.425
Maximum atoms per cell: 202
Minimum atoms per cell: 1
Simulation box: 
lx: 228.19 Ang
ly: 240.2 Ang
lz: 264.22 Ang
linked-cell calculation time: 0.010807 s
time info: 0.00103521 s
*********************************************************
Trajectory calculations 
*********************************************************
out target time: 4.72612 s
Ntraj: 10000
Nfree: 1387
Nscatter: 8612
Nlost: 1
omega: 11353.8
Ntraj: 10000
Nfree: 1346
Nscatter: 8652
Nlost: 2
omega: 11848.1
Ntraj: 10000
Nfree: 1353
Nscatter: 8647
Nlost: 0
omega: 11504.2
Ntraj: 10000
Nfree: 1334
Nscatter: 8666
Nlost: 0
omega: 11832.4
Ntraj: 10000
Nfree: 1341
Nscatter: 8658
Nlost: 1
omega: 11726.1
Ntraj: 10000
Nfree: 1358
Nscatter: 8641
Nlost: 1
omega: 11516
Ntraj: 10000
Nfree: 1377
Nscatter: 8623
Nlost: 0
omega: 11312.9
Ntraj: 10000
Nfree: 1379
Nscatter: 8619
Nlost: 2
omega: 11140.4
Ntraj: 10000
Nfree: 1367
Nscatter: 8633
Nlost: 0
omega: 12093.8
Ntraj: 10000
Nfree: 1388
Nscatter: 8612
Nlost: 0
omega: 11968.8
*********************************************************
task: 0
worker id: 70065
time create lcl and mol: 0.00270391 s
numbers of trajectories: 3125
time trajectory calculation: 1.93653 s
task: 1
worker id: 38706
time create lcl and mol: 0.00250196 s
numbers of trajectories: 3125
time trajectory calculation: 0.718738 s
task: 2
worker id: 82543
time create lcl and mol: 0.00244093 s
numbers of trajectories: 3125
time trajectory calculation: 1.70086 s
task: 3
worker id: 44450
time create lcl and mol: 0.00251603 s
numbers of trajectories: 3125
time trajectory calculation: 0.766565 s
task: 4
worker id: 5584
time create lcl and mol: 0.00251603 s
numbers of trajectories: 3125
time trajectory calculation: 0.696155 s
task: 5
worker id: 67438
time create lcl and mol: 0.00246406 s
numbers of trajectories: 3125
time trajectory calculation: 1.22945 s
task: 6
worker id: 21167
time create lcl and mol: 0.00247979 s
numbers of trajectories: 3125
time trajectory calculation: 1.58143 s
task: 7
worker id: 78040
time create lcl and mol: 0.00258088 s
numbers of trajectories: 3125
time trajectory calculation: 0.600132 s
task: 8
worker id: 44450
time create lcl and mol: 0.00269389 s
numbers of trajectories: 3125
time trajectory calculation: 0.556445 s
task: 9
worker id: 78040
time create lcl and mol: 0.00278997 s
numbers of trajectories: 3125
time trajectory calculation: 0.612384 s
task: 10
worker id: 78040
time create lcl and mol: 0.00277901 s
numbers of trajectories: 3125
time trajectory calculation: 0.668135 s
task: 11
worker id: 5584
time create lcl and mol: 0.00276709 s
numbers of trajectories: 3125
time trajectory calculation: 0.766305 s
task: 12
worker id: 78040
time create lcl and mol: 0.0027709 s
numbers of trajectories: 3125
time trajectory calculation: 0.644448 s
task: 13
worker id: 67438
time create lcl and mol: 0.00262594 s
numbers of trajectories: 3125
time trajectory calculation: 0.539297 s
task: 14
worker id: 82543
time create lcl and mol: 0.00247407 s
numbers of trajectories: 3125
time trajectory calculation: 2.02186 s
task: 15
worker id: 70065
time create lcl and mol: 0.0026691 s
numbers of trajectories: 3125
time trajectory calculation: 0.832072 s
task: 16
worker id: 38706
time create lcl and mol: 0.00269294 s
numbers of trajectories: 3125
time trajectory calculation: 2.01163 s
task: 17
worker id: 5584
time create lcl and mol: 0.00271297 s
numbers of trajectories: 3125
time trajectory calculation: 0.604275 s
task: 18
worker id: 70065
time create lcl and mol: 0.00253415 s
numbers of trajectories: 3125
time trajectory calculation: 0.704232 s
task: 19
worker id: 21167
time create lcl and mol: 0.00263 s
numbers of trajectories: 3125
time trajectory calculation: 0.566717 s
task: 20
worker id: 70065
time create lcl and mol: 0.00266695 s
numbers of trajectories: 3125
time trajectory calculation: 0.700757 s
task: 21
worker id: 44450
time create lcl and mol: 0.002671 s
numbers of trajectories: 3125
time trajectory calculation: 0.659597 s
task: 22
worker id: 67438
time create lcl and mol: 0.00250387 s
numbers of trajectories: 3125
time trajectory calculation: 1.98376 s
task: 23
worker id: 5584
time create lcl and mol: 0.00277114 s
numbers of trajectories: 3125
time trajectory calculation: 0.651295 s
task: 24
worker id: 38706
time create lcl and mol: 0.00264192 s
numbers of trajectories: 3125
time trajectory calculation: 1.89915 s
task: 25
worker id: 78040
time create lcl and mol: 0.00279403 s
numbers of trajectories: 3125
time trajectory calculation: 0.991704 s
task: 26
worker id: 44450
time create lcl and mol: 0.00263309 s
numbers of trajectories: 3125
time trajectory calculation: 0.724561 s
task: 27
worker id: 21167
time create lcl and mol: 0.00260091 s
numbers of trajectories: 3125
time trajectory calculation: 0.646644 s
task: 28
worker id: 78040
time create lcl and mol: 0.00278497 s
numbers of trajectories: 3125
time trajectory calculation: 0.590411 s
task: 29
worker id: 44450
time create lcl and mol: 0.00277305 s
numbers of trajectories: 3125
time trajectory calculation: 0.992748 s
task: 30
worker id: 21167
time create lcl and mol: 0.00263309 s
numbers of trajectories: 3125
time trajectory calculation: 0.806671 s
task: 31
worker id: 5584
time create lcl and mol: 0.00262403 s
numbers of trajectories: 3125
time trajectory calculation: 0.799088 s
CCS time: 4.7349 s
*********************************************************
average value of CCS = 11629.6 Ang^2
error value of CCS = 93.4331 Ang^2
Total time: 4.78261 s
Program finished...
*********************************************************
INPUT:: Simulation Parameters 
*********************************************************
target filename                  : 09_1aqf_carga_31_min.xyz
number of probe                  : 10000
number of iterarions             : 10
number of tasks                  : 32
number of threads                : 24
seed number                      : 2104
gas buffer                       : He
Target Temperature (K)           : 298
timestep (fs)                    : 10
Skin cell size (Ang)             : 0.01
Equipotential                    : no
Cut short-range interaction      : yes
LJ cutoff (Ang)                  : 12
Apply long-range interaction     : yes
Cut long-range interaction       : yes
Coulomb cutoff (Ang)             : 25
Apply induced-dipole interaction : yes
alpha (Ang^3)                    : 0.204956
force_type: 4
*********************************************************
Force Field parameters: 
*********************************************************
Symbol  mass (amu)  epislon (kcal/mol)  sigma(Angstroms) 
C   12.011   0.0309   3.043
N   14.007   0.0309   3.043
H   1.008   0.015   2.38
O   15.999   0.0309   3.043
S   32.06   0.0311   3.5
*********************************************************
MOLECULE:: orientation around the inertia principal axis 
*********************************************************
Inertia matrix a.u. Ang^2: 
{  3.06475e+08  -1.24859e+07  2.8268e+06  }
{  -1.24859e+07  2.10003e+08  6.06891e+07  }
{  2.8268e+06  6.06891e+07  2.38764e+08  }
Rotation matrix applied to molecule: 
{  0.967096  -0.210263  -0.143226  }
{  0.0793105  0.78409  -0.615559  }
{  0.241732  0.583946  0.774967  }
Molecule radius: 70.6159 Ang 
orientation time of molecule target: 0.0326002 s
target mass: 227289 amu
gas mass: 4.0026 amu
reduce mass: 4.00253 amu
charge state: 31 e
*********************************************************
Geometric Ellipsoid: 
*********************************************************
maximal distances: 46.8728  52.0299  62.5643  Ang
Initial axis length: 96.8828  102.04  112.574  Ang
Ellipsoid axis length: 110.473  115.63  126.164  Ang
ellipsoid calculation time: 0.000262022 s
maximal impact parameter: 126.164 Ang
*********************************************************
Linked-cell: 
Numbers of cells: 8360
Nx: 19 Ny: 20 Nz: 22
Filled cells: 400
Empty cells: 7960
Average atoms per cell: 80.425
Maximum atoms per cell: 202
Minimum atoms per cell: 1
Simulation box: 
lx: 228.19 Ang
ly: 240.2 Ang
lz: 264.22 Ang
linked-cell calculation time: 0.011301 s
time info: 0.00110698 s
*********************************************************
Trajectory calculations 
*********************************************************
out target time: 4.58493 s
Ntraj: 10000
Nfree: 1387
Nscatter: 8612
Nlost: 1
omega: 11353.8
Ntraj: 10000
Nfree: 1346
Nscatter: 8652
Nlost: 2
omega: 11848.1
Ntraj: 10000
Nfree: 1353
Nscatter: 8647
Nlost: 0
omega: 11504.2
Ntraj: 10000
Nfree: 1334
Nscatter: 8666
Nlost: 0
omega: 11832.4
Ntraj: 10000
Nfree: 1341
Nscatter: 8658
Nlost: 1
omega: 11726.1
Ntraj: 10000
Nfree: 1358
Nscatter: 8641
Nlost: 1
omega: 11516
Ntraj: 10000
Nfree: 1377
Nscatter: 8623
Nlost: 0
omega: 11312.9
Ntraj: 10000
Nfree: 1379
Nscatter: 8619
Nlost: 2
omega: 11140.4
Ntraj: 10000
Nfree: 1367
Nscatter: 8633
Nlost: 0
omega: 12093.8
Ntraj: 10000
Nfree: 1388
Nscatter: 8612
Nlost: 0
omega: 11968.8
*********************************************************
task: 0
worker id: 44554
time create lcl and mol: 0.00236201 s
numbers of trajectories: 3125
time trajectory calculation: 1.76626 s
task: 1
worker id: 38801
time create lcl and mol: 0.00250196 s
numbers of trajectories: 3125
time trajectory calculation: 0.729843 s
task: 2
worker id: 82633
time create lcl and mol: 0.00259399 s
numbers of trajectories: 3125
time trajectory calculation: 1.63942 s
task: 3
worker id: 67527
time create lcl and mol: 0.00250697 s
numbers of trajectories: 3125
time trajectory calculation: 0.768571 s
task: 4
worker id: 70157
time create lcl and mol: 0.00254703 s
numbers of trajectories: 3125
time trajectory calculation: 0.737025 s
task: 5
worker id: 5675
time create lcl and mol: 0.00238514 s
numbers of trajectories: 3125
time trajectory calculation: 1.23588 s
task: 6
worker id: 21257
time create lcl and mol: 0.00237989 s
numbers of trajectories: 3125
time trajectory calculation: 1.63958 s
task: 7
worker id: 78131
time create lcl and mol: 0.00245309 s
numbers of trajectories: 3125
time trajectory calculation: 0.598708 s
task: 8
worker id: 21257
time create lcl and mol: 0.00269103 s
numbers of trajectories: 3125
time trajectory calculation: 0.57993 s
task: 9
worker id: 5675
time create lcl and mol: 0.00252914 s
numbers of trajectories: 3125
time trajectory calculation: 0.638623 s
task: 10
worker id: 21257
time create lcl and mol: 0.00281191 s
numbers of trajectories: 3125
time trajectory calculation: 0.662243 s
task: 11
worker id: 70157
time create lcl and mol: 0.00264502 s
numbers of trajectories: 3125
time trajectory calculation: 0.7661 s
task: 12
worker id: 44554
time create lcl and mol: 0.00262094 s
numbers of trajectories: 3125
time trajectory calculation: 0.623177 s
task: 13
worker id: 70157
time create lcl and mol: 0.00274801 s
numbers of trajectories: 3125
time trajectory calculation: 0.571996 s
task: 14
worker id: 78131
time create lcl and mol: 0.00246978 s
numbers of trajectories: 3125
time trajectory calculation: 2.04657 s
task: 15
worker id: 38801
time create lcl and mol: 0.00264001 s
numbers of trajectories: 3125
time trajectory calculation: 0.832632 s
task: 16
worker id: 5675
time create lcl and mol: 0.00233698 s
numbers of trajectories: 3125
time trajectory calculation: 2.16121 s
task: 17
worker id: 67527
time create lcl and mol: 0.00251698 s
numbers of trajectories: 3125
time trajectory calculation: 0.594716 s
task: 18
worker id: 21257
time create lcl and mol: 0.00248814 s
numbers of trajectories: 3125
time trajectory calculation: 0.696007 s
task: 19
worker id: 38801
time create lcl and mol: 0.00264287 s
numbers of trajectories: 3125
time trajectory calculation: 0.577169 s
task: 20
worker id: 38801
time create lcl and mol: 0.00261092 s
numbers of trajectories: 3125
time trajectory calculation: 0.654826 s
task: 21
worker id: 78131
time create lcl and mol: 0.00269413 s
numbers of trajectories: 3125
time trajectory calculation: 0.686193 s
task: 22
worker id: 44554
time create lcl and mol: 0.00275397 s
numbers of trajectories: 3125
time trajectory calculation: 1.99642 s
task: 23
worker id: 67527
time create lcl and mol: 0.00268388 s
numbers of trajectories: 3125
time trajectory calculation: 0.67464 s
task: 24
worker id: 82633
time create lcl and mol: 0.00254607 s
numbers of trajectories: 3125
time trajectory calculation: 1.87067 s
task: 25
worker id: 82633
time create lcl and mol: 0.00262022 s
numbers of trajectories: 3125
time trajectory calculation: 1.00367 s
task: 26
worker id: 38801
time create lcl and mol: 0.0026381 s
numbers of trajectories: 3125
time trajectory calculation: 0.740914 s
task: 27
worker id: 67527
time create lcl and mol: 0.00268197 s
numbers of trajectories: 3125
time trajectory calculation: 0.672016 s
task: 28
worker id: 70157
time create lcl and mol: 0.00265908 s
numbers of trajectories: 3125
time trajectory calculation: 0.594388 s
task: 29
worker id: 70157
time create lcl and mol: 0.00283885 s
numbers of trajectories: 3125
time trajectory calculation: 0.993116 s
task: 30
worker id: 78131
time create lcl and mol: 0.00248814 s
numbers of trajectories: 3125
time trajectory calculation: 0.811652 s
task: 31
worker id: 67527
time create lcl and mol: 0.00267601 s
numbers of trajectories: 3125
time trajectory calculation: 0.811703 s
CCS time: 4.59399 s
*********************************************************
average value of CCS = 11629.6 Ang^2
error value of CCS = 93.4331 Ang^2
Total time: 4.6432 s
Program finished...
*********************************************************
INPUT:: Simulation Parameters 
*********************************************************
target filename                  : 09_1aqf_carga_31_min.xyz
number of probe                  : 10000
number of iterarions             : 10
number of tasks                  : 32
number of threads                : 24
seed number                      : 2104
gas buffer                       : He
Target Temperature (K)           : 298
timestep (fs)                    : 10
Skin cell size (Ang)             : 0.01
Equipotential                    : no
Cut short-range interaction      : yes
LJ cutoff (Ang)                  : 12
Apply long-range interaction     : yes
Cut long-range interaction       : yes
Coulomb cutoff (Ang)             : 25
Apply induced-dipole interaction : yes
alpha (Ang^3)                    : 0.204956
force_type: 4
*********************************************************
Force Field parameters: 
*********************************************************
Symbol  mass (amu)  epislon (kcal/mol)  sigma(Angstroms) 
C   12.011   0.0309   3.043
N   14.007   0.0309   3.043
H   1.008   0.015   2.38
O   15.999   0.0309   3.043
S   32.06   0.0311   3.5
*********************************************************
MOLECULE:: orientation around the inertia principal axis 
*********************************************************
Inertia matrix a.u. Ang^2: 
{  3.06475e+08  -1.24859e+07  2.8268e+06  }
{  -1.24859e+07  2.10003e+08  6.06891e+07  }
{  2.8268e+06  6.06891e+07  2.38764e+08  }
Rotation matrix applied to molecule: 
{  0.967096  -0.210263  -0.143226  }
{  0.0793105  0.78409  -0.615559  }
{  0.241732  0.583946  0.774967  }
Molecule radius: 70.6159 Ang 
orientation time of molecule target: 0.031019 s
target mass: 227289 amu
gas mass: 4.0026 amu
reduce mass: 4.00253 amu
charge state: 31 e
*********************************************************
Geometric Ellipsoid: 
*********************************************************
maximal distances: 46.8728  52.0299  62.5643  Ang
Initial axis length: 96.8828  102.04  112.574  Ang
Ellipsoid axis length: 110.473  115.63  126.164  Ang
ellipsoid calculation time: 0.000262022 s
maximal impact parameter: 126.164 Ang
*********************************************************
Linked-cell: 
Numbers of cells: 8360
Nx: 19 Ny: 20 Nz: 22
Filled cells: 400
Empty cells: 7960
Average atoms per cell: 80.425
Maximum atoms per cell: 202
Minimum atoms per cell: 1
Simulation box: 
lx: 228.19 Ang
ly: 240.2 Ang
lz: 264.22 Ang
linked-cell calculation time: 0.0108061 s
time info: 0.00106597 s
*********************************************************
Trajectory calculations 
*********************************************************
out target time: 4.83562 s
Ntraj: 10000
Nfree: 1387
Nscatter: 8612
Nlost: 1
omega: 11353.8
Ntraj: 10000
Nfree: 1346
Nscatter: 8652
Nlost: 2
omega: 11848.1
Ntraj: 10000
Nfree: 1353
Nscatter: 8647
Nlost: 0
omega: 11504.2
Ntraj: 10000
Nfree: 1334
Nscatter: 8666
Nlost: 0
omega: 11832.4
Ntraj: 10000
Nfree: 1341
Nscatter: 8658
Nlost: 1
omega: 11726.1
Ntraj: 10000
Nfree: 1358
Nscatter: 8641
Nlost: 1
omega: 11516
Ntraj: 10000
Nfree: 1377
Nscatter: 8623
Nlost: 0
omega: 11312.9
Ntraj: 10000
Nfree: 1379
Nscatter: 8619
Nlost: 2
omega: 11140.4
Ntraj: 10000
Nfree: 1367
Nscatter: 8633
Nlost: 0
omega: 12093.8
Ntraj: 10000
Nfree: 1388
Nscatter: 8612
Nlost: 0
omega: 11968.8
*********************************************************
task: 0
worker id: 21655
time create lcl and mol: 0.00250196 s
numbers of trajectories: 3125
time trajectory calculation: 1.75417 s
task: 1
worker id: 6072
time create lcl and mol: 0.00248098 s
numbers of trajectories: 3125
time trajectory calculation: 0.704664 s
task: 2
worker id: 44966
time create lcl and mol: 0.00252008 s
numbers of trajectories: 3125
time trajectory calculation: 1.70247 s
task: 3
worker id: 67922
time create lcl and mol: 0.00252819 s
numbers of trajectories: 3125
time trajectory calculation: 0.808492 s
task: 4
worker id: 39195
time create lcl and mol: 0.00249481 s
numbers of trajectories: 3125
time trajectory calculation: 0.697138 s
task: 5
worker id: 83031
time create lcl and mol: 0.00248408 s
numbers of trajectories: 3125
time trajectory calculation: 1.17681 s
task: 6
worker id: 70553
time create lcl and mol: 0.00270104 s
numbers of trajectories: 3125
time trajectory calculation: 1.71821 s
task: 7
worker id: 78526
time create lcl and mol: 0.00246692 s
numbers of trajectories: 3125
time trajectory calculation: 0.603558 s
task: 8
worker id: 83031
time create lcl and mol: 0.00260305 s
numbers of trajectories: 3125
time trajectory calculation: 0.602459 s
task: 9
worker id: 67922
time create lcl and mol: 0.00252199 s
numbers of trajectories: 3125
time trajectory calculation: 0.598351 s
task: 10
worker id: 78526
time create lcl and mol: 0.00285697 s
numbers of trajectories: 3125
time trajectory calculation: 0.649247 s
task: 11
worker id: 39195
time create lcl and mol: 0.00268412 s
numbers of trajectories: 3125
time trajectory calculation: 0.738679 s
task: 12
worker id: 39195
time create lcl and mol: 0.00268197 s
numbers of trajectories: 3125
time trajectory calculation: 0.64644 s
task: 13
worker id: 39195
time create lcl and mol: 0.00267792 s
numbers of trajectories: 3125
time trajectory calculation: 0.544234 s
task: 14
worker id: 83031
time create lcl and mol: 0.00281382 s
numbers of trajectories: 3125
time trajectory calculation: 2.06319 s
task: 15
worker id: 6072
time create lcl and mol: 0.00276089 s
numbers of trajectories: 3125
time trajectory calculation: 0.834407 s
task: 16
worker id: 78526
time create lcl and mol: 0.00287294 s
numbers of trajectories: 3125
time trajectory calculation: 2.11041 s
task: 17
worker id: 67922
time create lcl and mol: 0.00268412 s
numbers of trajectories: 3125
time trajectory calculation: 0.591112 s
task: 18
worker id: 78526
time create lcl and mol: 0.00294495 s
numbers of trajectories: 3125
time trajectory calculation: 0.677601 s
task: 19
worker id: 39195
time create lcl and mol: 0.00268698 s
numbers of trajectories: 3125
time trajectory calculation: 0.571465 s
task: 20
worker id: 70553
time create lcl and mol: 0.00273108 s
numbers of trajectories: 3125
time trajectory calculation: 0.694581 s
task: 21
worker id: 39195
time create lcl and mol: 0.00269389 s
numbers of trajectories: 3125
time trajectory calculation: 0.677796 s
task: 22
worker id: 21655
time create lcl and mol: 0.00263691 s
numbers of trajectories: 3125
time trajectory calculation: 1.99228 s
task: 23
worker id: 70553
time create lcl and mol: 0.0026598 s
numbers of trajectories: 3125
time trajectory calculation: 0.644069 s
task: 24
worker id: 44966
time create lcl and mol: 0.00253487 s
numbers of trajectories: 3125
time trajectory calculation: 1.88849 s
task: 25
worker id: 6072
time create lcl and mol: 0.002666 s
numbers of trajectories: 3125
time trajectory calculation: 0.990742 s
task: 26
worker id: 70553
time create lcl and mol: 0.00269699 s
numbers of trajectories: 3125
time trajectory calculation: 0.73558 s
task: 27
worker id: 78526
time create lcl and mol: 0.00284696 s
numbers of trajectories: 3125
time trajectory calculation: 0.664837 s
task: 28
worker id: 67922
time create lcl and mol: 0.00252795 s
numbers of trajectories: 3125
time trajectory calculation: 0.579881 s
task: 29
worker id: 67922
time create lcl and mol: 0.00266194 s
numbers of trajectories: 3125
time trajectory calculation: 0.936631 s
task: 30
worker id: 6072
time create lcl and mol: 0.00252104 s
numbers of trajectories: 3125
time trajectory calculation: 0.804798 s
task: 31
worker id: 83031
time create lcl and mol: 0.00282598 s
numbers of trajectories: 3125
time trajectory calculation: 0.79889 s
CCS time: 4.84437 s
*********************************************************
average value of CCS = 11629.6 Ang^2
error value of CCS = 93.4331 Ang^2
Total time: 4.89146 s
Program finished...
