*********************************************************
INPUT:: Simulation Parameters 
*********************************************************
target filename                  : 04_1ubq_carga_4_min.xyz
number of probe                  : 10000
number of iterarions             : 10
number of tasks                  : 16
number of threads                : 24
seed number                      : 2104
gas buffer                       : N2
Target Temperature (K)           : 298
timestep (fs)                    : 10
Skin cell size (Ang)             : 0.01
Equipotential                    : no
Cut short-range interaction      : yes
LJ cutoff (Ang)                  : 12
Apply long-range interaction     : yes
Cut long-range interaction       : yes
Coulomb cutoff (Ang)             : 25
Apply induced-dipole interaction : yes
alpha (Ang^3)                    : 1.71
force_type: 6
*********************************************************
Force Field parameters: 
*********************************************************
Symbol  mass (amu)  epislon (kcal/mol)  sigma(Angstroms) 
C   12.011   0.0824736   3.2255
N   14.007   0.0758527   3.5719
H   1.008   0.0362711   1.8986
O   15.999   0.062323   3.075
S   32.06   0.138032   3.4237
P   30.9738   0.145372   3.47
*********************************************************
MOLECULE:: orientation around the inertia principal axis 
*********************************************************
Inertia matrix a.u. Ang^2: 
{  774050  -98727  -119273  }
{  -98727  765481  -55190.9  }
{  -119273  -55190.9  711486  }
Rotation matrix applied to molecule: 
{  0.797039  -0.460096  -0.391204  }
{  0.592383  0.469553  0.654677  }
{  -0.117523  -0.753546  0.646805  }
Molecule radius: 22.0778 Ang 
orientation time of molecule target: 0.007375 s
target mass: 8568.9 amu
gas mass: 28.014 amu
reduce mass: 28.014 amu
charge state: 4 e
*********************************************************
Geometric Ellipsoid: 
*********************************************************
maximal distances: 13.373  14.2779  21.6306  Ang
Initial axis length: 64.4806  65.3855  72.7382  Ang
Ellipsoid axis length: 65.9306  66.8355  74.1882  Ang
ellipsoid calculation time: 3.48091e-05 s
maximal impact parameter: 74.1882 Ang
*********************************************************
Linked-cell: 
Numbers of cells: 1716
Nx: 11 Ny: 12 Nz: 13
Filled cells: 25
Empty cells: 1691
Average atoms per cell: 49.4
Maximum atoms per cell: 205
Minimum atoms per cell: 1
Simulation box: 
lx: 132.11 Ang
ly: 144.12 Ang
lz: 156.13 Ang
linked-cell calculation time: 0.0018301 s
time info: 7.39098e-05 s
*********************************************************
Trajectory calculations 
*********************************************************
out target time: 4.41652 s
Ntraj: 10000
Nfree: 1418
Nscatter: 8582
Nlost: 0
omega: 1277.05
Ntraj: 10000
Nfree: 1346
Nscatter: 8651
Nlost: 3
omega: 1331.1
Ntraj: 10000
Nfree: 1286
Nscatter: 8712
Nlost: 2
omega: 1279.05
Ntraj: 10000
Nfree: 1351
Nscatter: 8648
Nlost: 1
omega: 1230.87
Ntraj: 10000
Nfree: 1338
Nscatter: 8662
Nlost: 0
omega: 1299.9
Ntraj: 10000
Nfree: 1362
Nscatter: 8634
Nlost: 4
omega: 1337.47
Ntraj: 10000
Nfree: 1359
Nscatter: 8639
Nlost: 2
omega: 1246.41
Ntraj: 10000
Nfree: 1388
Nscatter: 8608
Nlost: 4
omega: 1217.06
Ntraj: 10000
Nfree: 1375
Nscatter: 8621
Nlost: 4
omega: 1229.37
Ntraj: 10000
Nfree: 1279
Nscatter: 8719
Nlost: 2
omega: 1342.6
*********************************************************
task: 0
worker id: 62730
time create lcl and mol: 0.000380993 s
numbers of trajectories: 6250
time trajectory calculation: 2.38714 s
task: 1
worker id: 65002
time create lcl and mol: 0.000420094 s
numbers of trajectories: 6250
time trajectory calculation: 3.38039 s
task: 2
worker id: 97049
time create lcl and mol: 0.000571966 s
numbers of trajectories: 6250
time trajectory calculation: 3.73434 s
task: 3
worker id: 78233
time create lcl and mol: 0.000416994 s
numbers of trajectories: 6250
time trajectory calculation: 3.40719 s
task: 4
worker id: 20860
time create lcl and mol: 0.000411987 s
numbers of trajectories: 6250
time trajectory calculation: 3.5691 s
task: 5
worker id: 88989
time create lcl and mol: 0.00041008 s
numbers of trajectories: 6250
time trajectory calculation: 3.43036 s
task: 6
worker id: 56173
time create lcl and mol: 0.000409842 s
numbers of trajectories: 6250
time trajectory calculation: 3.87737 s
task: 7
worker id: 61055
time create lcl and mol: 0.000627995 s
numbers of trajectories: 6250
time trajectory calculation: 2.71004 s
task: 8
worker id: 9650
time create lcl and mol: 0.000379086 s
numbers of trajectories: 6250
time trajectory calculation: 4.35685 s
task: 9
worker id: 78273
time create lcl and mol: 0.000384808 s
numbers of trajectories: 6250
time trajectory calculation: 3.42767 s
task: 10
worker id: 78370
time create lcl and mol: 0.000433922 s
numbers of trajectories: 6250
time trajectory calculation: 4.07847 s
task: 11
worker id: 26452
time create lcl and mol: 0.000433922 s
numbers of trajectories: 6250
time trajectory calculation: 4.11588 s
task: 12
worker id: 43039
time create lcl and mol: 0.000417948 s
numbers of trajectories: 6250
time trajectory calculation: 2.59749 s
task: 13
worker id: 62630
time create lcl and mol: 0.000411034 s
numbers of trajectories: 6250
time trajectory calculation: 3.51621 s
task: 14
worker id: 18439
time create lcl and mol: 0.000412941 s
numbers of trajectories: 6250
time trajectory calculation: 4.36698 s
task: 15
worker id: 56286
time create lcl and mol: 0.000631094 s
numbers of trajectories: 6250
time trajectory calculation: 3.91675 s
CCS time: 4.42664 s
*********************************************************
average value of CCS = 1279.09 Ang^2
error value of CCS = 14.2471 Ang^2
Total time: 4.44112 s
Program finished...
*********************************************************
INPUT:: Simulation Parameters 
*********************************************************
target filename                  : 04_1ubq_carga_4_min.xyz
number of probe                  : 10000
number of iterarions             : 10
number of tasks                  : 16
number of threads                : 24
seed number                      : 2104
gas buffer                       : N2
Target Temperature (K)           : 298
timestep (fs)                    : 10
Skin cell size (Ang)             : 0.01
Equipotential                    : no
Cut short-range interaction      : yes
LJ cutoff (Ang)                  : 12
Apply long-range interaction     : yes
Cut long-range interaction       : yes
Coulomb cutoff (Ang)             : 25
Apply induced-dipole interaction : yes
alpha (Ang^3)                    : 1.71
force_type: 6
*********************************************************
Force Field parameters: 
*********************************************************
Symbol  mass (amu)  epislon (kcal/mol)  sigma(Angstroms) 
C   12.011   0.0824736   3.2255
N   14.007   0.0758527   3.5719
H   1.008   0.0362711   1.8986
O   15.999   0.062323   3.075
S   32.06   0.138032   3.4237
P   30.9738   0.145372   3.47
*********************************************************
MOLECULE:: orientation around the inertia principal axis 
*********************************************************
Inertia matrix a.u. Ang^2: 
{  774050  -98727  -119273  }
{  -98727  765481  -55190.9  }
{  -119273  -55190.9  711486  }
Rotation matrix applied to molecule: 
{  0.797039  -0.460096  -0.391204  }
{  0.592383  0.469553  0.654677  }
{  -0.117523  -0.753546  0.646805  }
Molecule radius: 22.0778 Ang 
orientation time of molecule target: 0.00221205 s
target mass: 8568.9 amu
gas mass: 28.014 amu
reduce mass: 28.014 amu
charge state: 4 e
*********************************************************
Geometric Ellipsoid: 
*********************************************************
maximal distances: 13.373  14.2779  21.6306  Ang
Initial axis length: 64.4806  65.3855  72.7382  Ang
Ellipsoid axis length: 65.9306  66.8355  74.1882  Ang
ellipsoid calculation time: 7.89165e-05 s
maximal impact parameter: 74.1882 Ang
*********************************************************
Linked-cell: 
Numbers of cells: 1716
Nx: 11 Ny: 12 Nz: 13
Filled cells: 25
Empty cells: 1691
Average atoms per cell: 49.4
Maximum atoms per cell: 205
Minimum atoms per cell: 1
Simulation box: 
lx: 132.11 Ang
ly: 144.12 Ang
lz: 156.13 Ang
linked-cell calculation time: 0.00179577 s
time info: 7.39098e-05 s
*********************************************************
Trajectory calculations 
*********************************************************
out target time: 4.43024 s
Ntraj: 10000
Nfree: 1418
Nscatter: 8582
Nlost: 0
omega: 1277.05
Ntraj: 10000
Nfree: 1346
Nscatter: 8651
Nlost: 3
omega: 1331.1
Ntraj: 10000
Nfree: 1286
Nscatter: 8712
Nlost: 2
omega: 1279.05
Ntraj: 10000
Nfree: 1351
Nscatter: 8648
Nlost: 1
omega: 1230.87
Ntraj: 10000
Nfree: 1338
Nscatter: 8662
Nlost: 0
omega: 1299.9
Ntraj: 10000
Nfree: 1362
Nscatter: 8634
Nlost: 4
omega: 1337.47
Ntraj: 10000
Nfree: 1359
Nscatter: 8639
Nlost: 2
omega: 1246.41
Ntraj: 10000
Nfree: 1388
Nscatter: 8608
Nlost: 4
omega: 1217.06
Ntraj: 10000
Nfree: 1375
Nscatter: 8621
Nlost: 4
omega: 1229.37
Ntraj: 10000
Nfree: 1279
Nscatter: 8719
Nlost: 2
omega: 1342.6
*********************************************************
task: 0
worker id: 62819
time create lcl and mol: 0.000417233 s
numbers of trajectories: 6250
time trajectory calculation: 2.4044 s
task: 1
worker id: 65093
time create lcl and mol: 0.00041008 s
numbers of trajectories: 6250
time trajectory calculation: 3.35974 s
task: 2
worker id: 43128
time create lcl and mol: 0.000442028 s
numbers of trajectories: 6250
time trajectory calculation: 3.68388 s
task: 3
worker id: 89079
time create lcl and mol: 0.000433207 s
numbers of trajectories: 6250
time trajectory calculation: 3.37241 s
task: 4
worker id: 9757
time create lcl and mol: 0.000419855 s
numbers of trajectories: 6250
time trajectory calculation: 3.68827 s
task: 5
worker id: 56264
time create lcl and mol: 0.000403166 s
numbers of trajectories: 6250
time trajectory calculation: 3.32281 s
task: 6
worker id: 62722
time create lcl and mol: 0.000575066 s
numbers of trajectories: 6250
time trajectory calculation: 3.94844 s
task: 7
worker id: 18531
time create lcl and mol: 0.000406027 s
numbers of trajectories: 6250
time trajectory calculation: 2.81663 s
task: 8
worker id: 56378
time create lcl and mol: 0.000402927 s
numbers of trajectories: 6250
time trajectory calculation: 4.30269 s
task: 9
worker id: 20951
time create lcl and mol: 0.000491858 s
numbers of trajectories: 6250
time trajectory calculation: 3.58146 s
task: 10
worker id: 97156
time create lcl and mol: 0.000401974 s
numbers of trajectories: 6250
time trajectory calculation: 4.01973 s
task: 11
worker id: 78366
time create lcl and mol: 0.000557899 s
numbers of trajectories: 6250
time trajectory calculation: 4.18712 s
task: 12
worker id: 78460
time create lcl and mol: 0.000416994 s
numbers of trajectories: 6250
time trajectory calculation: 2.61182 s
task: 13
worker id: 78325
time create lcl and mol: 0.000386 s
numbers of trajectories: 6250
time trajectory calculation: 3.67877 s
task: 14
worker id: 61145
time create lcl and mol: 0.000397921 s
numbers of trajectories: 6250
time trajectory calculation: 4.37954 s
task: 15
worker id: 26542
time create lcl and mol: 0.00041604 s
numbers of trajectories: 6250
time trajectory calculation: 3.96811 s
CCS time: 4.44032 s
*********************************************************
average value of CCS = 1279.09 Ang^2
error value of CCS = 14.2471 Ang^2
Total time: 4.44987 s
Program finished...
*********************************************************
INPUT:: Simulation Parameters 
*********************************************************
target filename                  : 04_1ubq_carga_4_min.xyz
number of probe                  : 10000
number of iterarions             : 10
number of tasks                  : 16
number of threads                : 24
seed number                      : 2104
gas buffer                       : N2
Target Temperature (K)           : 298
timestep (fs)                    : 10
Skin cell size (Ang)             : 0.01
Equipotential                    : no
Cut short-range interaction      : yes
LJ cutoff (Ang)                  : 12
Apply long-range interaction     : yes
Cut long-range interaction       : yes
Coulomb cutoff (Ang)             : 25
Apply induced-dipole interaction : yes
alpha (Ang^3)                    : 1.71
force_type: 6
*********************************************************
Force Field parameters: 
*********************************************************
Symbol  mass (amu)  epislon (kcal/mol)  sigma(Angstroms) 
C   12.011   0.0824736   3.2255
N   14.007   0.0758527   3.5719
H   1.008   0.0362711   1.8986
O   15.999   0.062323   3.075
S   32.06   0.138032   3.4237
P   30.9738   0.145372   3.47
*********************************************************
MOLECULE:: orientation around the inertia principal axis 
*********************************************************
Inertia matrix a.u. Ang^2: 
{  774050  -98727  -119273  }
{  -98727  765481  -55190.9  }
{  -119273  -55190.9  711486  }
Rotation matrix applied to molecule: 
{  0.797039  -0.460096  -0.391204  }
{  0.592383  0.469553  0.654677  }
{  -0.117523  -0.753546  0.646805  }
Molecule radius: 22.0778 Ang 
orientation time of molecule target: 0.00202012 s
target mass: 8568.9 amu
gas mass: 28.014 amu
reduce mass: 28.014 amu
charge state: 4 e
*********************************************************
Geometric Ellipsoid: 
*********************************************************
maximal distances: 13.373  14.2779  21.6306  Ang
Initial axis length: 64.4806  65.3855  72.7382  Ang
Ellipsoid axis length: 65.9306  66.8355  74.1882  Ang
ellipsoid calculation time: 3.60012e-05 s
maximal impact parameter: 74.1882 Ang
*********************************************************
Linked-cell: 
Numbers of cells: 1716
Nx: 11 Ny: 12 Nz: 13
Filled cells: 25
Empty cells: 1691
Average atoms per cell: 49.4
Maximum atoms per cell: 205
Minimum atoms per cell: 1
Simulation box: 
lx: 132.11 Ang
ly: 144.12 Ang
lz: 156.13 Ang
linked-cell calculation time: 0.00188708 s
time info: 7.20024e-05 s
*********************************************************
Trajectory calculations 
*********************************************************
out target time: 4.42394 s
Ntraj: 10000
Nfree: 1418
Nscatter: 8582
Nlost: 0
omega: 1277.05
Ntraj: 10000
Nfree: 1346
Nscatter: 8651
Nlost: 3
omega: 1331.1
Ntraj: 10000
Nfree: 1286
Nscatter: 8712
Nlost: 2
omega: 1279.05
Ntraj: 10000
Nfree: 1351
Nscatter: 8648
Nlost: 1
omega: 1230.87
Ntraj: 10000
Nfree: 1338
Nscatter: 8662
Nlost: 0
omega: 1299.9
Ntraj: 10000
Nfree: 1362
Nscatter: 8634
Nlost: 4
omega: 1337.47
Ntraj: 10000
Nfree: 1359
Nscatter: 8639
Nlost: 2
omega: 1246.41
Ntraj: 10000
Nfree: 1388
Nscatter: 8608
Nlost: 4
omega: 1217.06
Ntraj: 10000
Nfree: 1375
Nscatter: 8621
Nlost: 4
omega: 1229.37
Ntraj: 10000
Nfree: 1279
Nscatter: 8719
Nlost: 2
omega: 1342.6
*********************************************************
task: 0
worker id: 61540
time create lcl and mol: 0.000416994 s
numbers of trajectories: 6250
time trajectory calculation: 2.32661 s
task: 1
worker id: 89474
time create lcl and mol: 0.000599861 s
numbers of trajectories: 6250
time trajectory calculation: 3.28333 s
task: 2
worker id: 97568
time create lcl and mol: 0.000440121 s
numbers of trajectories: 6250
time trajectory calculation: 3.51884 s
task: 3
worker id: 56658
time create lcl and mol: 0.000412941 s
numbers of trajectories: 6250
time trajectory calculation: 3.36426 s
task: 4
worker id: 63214
time create lcl and mol: 0.000384092 s
numbers of trajectories: 6250
time trajectory calculation: 3.55595 s
task: 5
worker id: 21347
time create lcl and mol: 0.000376225 s
numbers of trajectories: 6250
time trajectory calculation: 3.43253 s
task: 6
worker id: 10166
time create lcl and mol: 0.000411034 s
numbers of trajectories: 6250
time trajectory calculation: 3.87648 s
task: 7
worker id: 65488
time create lcl and mol: 0.000478029 s
numbers of trajectories: 6250
time trajectory calculation: 2.77415 s
task: 8
worker id: 78880
time create lcl and mol: 0.000411987 s
numbers of trajectories: 6250
time trajectory calculation: 4.35004 s
task: 9
worker id: 78763
time create lcl and mol: 0.000436068 s
numbers of trajectories: 6250
time trajectory calculation: 3.45033 s
task: 10
worker id: 26939
time create lcl and mol: 0.000404835 s
numbers of trajectories: 6250
time trajectory calculation: 3.9586 s
task: 11
worker id: 63123
time create lcl and mol: 0.000387192 s
numbers of trajectories: 6250
time trajectory calculation: 4.33427 s
task: 12
worker id: 78719
time create lcl and mol: 0.000426054 s
numbers of trajectories: 6250
time trajectory calculation: 2.61653 s
task: 13
worker id: 43526
time create lcl and mol: 0.000488997 s
numbers of trajectories: 6250
time trajectory calculation: 3.57985 s
task: 14
worker id: 18931
time create lcl and mol: 0.000429153 s
numbers of trajectories: 6250
time trajectory calculation: 4.28693 s
task: 15
worker id: 56781
time create lcl and mol: 0.000411034 s
numbers of trajectories: 6250
time trajectory calculation: 3.84946 s
CCS time: 4.4341 s
*********************************************************
average value of CCS = 1279.09 Ang^2
error value of CCS = 14.2471 Ang^2
Total time: 4.44309 s
Program finished...
*********************************************************
INPUT:: Simulation Parameters 
*********************************************************
target filename                  : 04_1ubq_carga_4_min.xyz
number of probe                  : 10000
number of iterarions             : 10
number of tasks                  : 16
number of threads                : 24
seed number                      : 2104
gas buffer                       : N2
Target Temperature (K)           : 298
timestep (fs)                    : 10
Skin cell size (Ang)             : 0.01
Equipotential                    : no
Cut short-range interaction      : yes
LJ cutoff (Ang)                  : 12
Apply long-range interaction     : yes
Cut long-range interaction       : yes
Coulomb cutoff (Ang)             : 25
Apply induced-dipole interaction : yes
alpha (Ang^3)                    : 1.71
force_type: 6
*********************************************************
Force Field parameters: 
*********************************************************
Symbol  mass (amu)  epislon (kcal/mol)  sigma(Angstroms) 
C   12.011   0.0824736   3.2255
N   14.007   0.0758527   3.5719
H   1.008   0.0362711   1.8986
O   15.999   0.062323   3.075
S   32.06   0.138032   3.4237
P   30.9738   0.145372   3.47
*********************************************************
MOLECULE:: orientation around the inertia principal axis 
*********************************************************
Inertia matrix a.u. Ang^2: 
{  774050  -98727  -119273  }
{  -98727  765481  -55190.9  }
{  -119273  -55190.9  711486  }
Rotation matrix applied to molecule: 
{  0.797039  -0.460096  -0.391204  }
{  0.592383  0.469553  0.654677  }
{  -0.117523  -0.753546  0.646805  }
Molecule radius: 22.0778 Ang 
orientation time of molecule target: 0.002321 s
target mass: 8568.9 amu
gas mass: 28.014 amu
reduce mass: 28.014 amu
charge state: 4 e
*********************************************************
Geometric Ellipsoid: 
*********************************************************
maximal distances: 13.373  14.2779  21.6306  Ang
Initial axis length: 64.4806  65.3855  72.7382  Ang
Ellipsoid axis length: 65.9306  66.8355  74.1882  Ang
ellipsoid calculation time: 0.000102043 s
maximal impact parameter: 74.1882 Ang
*********************************************************
Linked-cell: 
Numbers of cells: 1716
Nx: 11 Ny: 12 Nz: 13
Filled cells: 25
Empty cells: 1691
Average atoms per cell: 49.4
Maximum atoms per cell: 205
Minimum atoms per cell: 1
Simulation box: 
lx: 132.11 Ang
ly: 144.12 Ang
lz: 156.13 Ang
linked-cell calculation time: 0.00183916 s
time info: 5.88894e-05 s
*********************************************************
Trajectory calculations 
*********************************************************
out target time: 4.25652 s
Ntraj: 10000
Nfree: 1418
Nscatter: 8582
Nlost: 0
omega: 1277.05
Ntraj: 10000
Nfree: 1346
Nscatter: 8651
Nlost: 3
omega: 1331.1
Ntraj: 10000
Nfree: 1286
Nscatter: 8712
Nlost: 2
omega: 1279.05
Ntraj: 10000
Nfree: 1351
Nscatter: 8648
Nlost: 1
omega: 1230.87
Ntraj: 10000
Nfree: 1338
Nscatter: 8662
Nlost: 0
omega: 1299.9
Ntraj: 10000
Nfree: 1362
Nscatter: 8634
Nlost: 4
omega: 1337.47
Ntraj: 10000
Nfree: 1359
Nscatter: 8639
Nlost: 2
omega: 1246.41
Ntraj: 10000
Nfree: 1388
Nscatter: 8608
Nlost: 4
omega: 1217.06
Ntraj: 10000
Nfree: 1375
Nscatter: 8621
Nlost: 4
omega: 1229.37
Ntraj: 10000
Nfree: 1279
Nscatter: 8719
Nlost: 2
omega: 1342.6
*********************************************************
task: 0
worker id: 10271
time create lcl and mol: 0.000401974 s
numbers of trajectories: 6250
time trajectory calculation: 2.28243 s
task: 1
worker id: 61632
time create lcl and mol: 0.000407934 s
numbers of trajectories: 6250
time trajectory calculation: 3.14563 s
task: 2
worker id: 78809
time create lcl and mol: 0.000426054 s
numbers of trajectories: 6250
time trajectory calculation: 3.64967 s
task: 3
worker id: 65580
time create lcl and mol: 0.00048089 s
numbers of trajectories: 6250
time trajectory calculation: 3.39659 s
task: 4
worker id: 63303
time create lcl and mol: 0.00036788 s
numbers of trajectories: 6250
time trajectory calculation: 3.64814 s
task: 5
worker id: 56752
time create lcl and mol: 0.000377893 s
numbers of trajectories: 6250
time trajectory calculation: 3.30357 s
task: 6
worker id: 21438
time create lcl and mol: 0.000393867 s
numbers of trajectories: 6250
time trajectory calculation: 3.94905 s
task: 7
worker id: 97672
time create lcl and mol: 0.0004282 s
numbers of trajectories: 6250
time trajectory calculation: 2.79845 s
task: 8
worker id: 89564
time create lcl and mol: 0.000423908 s
numbers of trajectories: 6250
time trajectory calculation: 4.20471 s
task: 9
worker id: 78856
time create lcl and mol: 0.000699997 s
numbers of trajectories: 6250
time trajectory calculation: 3.54701 s
task: 10
worker id: 78971
time create lcl and mol: 0.000399828 s
numbers of trajectories: 6250
time trajectory calculation: 4.08022 s
task: 11
worker id: 27032
time create lcl and mol: 0.000411034 s
numbers of trajectories: 6250
time trajectory calculation: 4.2072 s
task: 12
worker id: 43617
time create lcl and mol: 0.000386953 s
numbers of trajectories: 6250
time trajectory calculation: 2.54699 s
task: 13
worker id: 63213
time create lcl and mol: 0.00039506 s
numbers of trajectories: 6250
time trajectory calculation: 3.52449 s
task: 14
worker id: 19021
time create lcl and mol: 0.000379086 s
numbers of trajectories: 6250
time trajectory calculation: 4.19564 s
task: 15
worker id: 56873
time create lcl and mol: 0.000381947 s
numbers of trajectories: 6250
time trajectory calculation: 3.91063 s
CCS time: 4.26568 s
*********************************************************
average value of CCS = 1279.09 Ang^2
error value of CCS = 14.2471 Ang^2
Total time: 4.27506 s
Program finished...
*********************************************************
INPUT:: Simulation Parameters 
*********************************************************
target filename                  : 04_1ubq_carga_4_min.xyz
number of probe                  : 10000
number of iterarions             : 10
number of tasks                  : 16
number of threads                : 24
seed number                      : 2104
gas buffer                       : N2
Target Temperature (K)           : 298
timestep (fs)                    : 10
Skin cell size (Ang)             : 0.01
Equipotential                    : no
Cut short-range interaction      : yes
LJ cutoff (Ang)                  : 12
Apply long-range interaction     : yes
Cut long-range interaction       : yes
Coulomb cutoff (Ang)             : 25
Apply induced-dipole interaction : yes
alpha (Ang^3)                    : 1.71
force_type: 6
*********************************************************
Force Field parameters: 
*********************************************************
Symbol  mass (amu)  epislon (kcal/mol)  sigma(Angstroms) 
C   12.011   0.0824736   3.2255
N   14.007   0.0758527   3.5719
H   1.008   0.0362711   1.8986
O   15.999   0.062323   3.075
S   32.06   0.138032   3.4237
P   30.9738   0.145372   3.47
*********************************************************
MOLECULE:: orientation around the inertia principal axis 
*********************************************************
Inertia matrix a.u. Ang^2: 
{  774050  -98727  -119273  }
{  -98727  765481  -55190.9  }
{  -119273  -55190.9  711486  }
Rotation matrix applied to molecule: 
{  0.797039  -0.460096  -0.391204  }
{  0.592383  0.469553  0.654677  }
{  -0.117523  -0.753546  0.646805  }
Molecule radius: 22.0778 Ang 
orientation time of molecule target: 0.00205302 s
target mass: 8568.9 amu
gas mass: 28.014 amu
reduce mass: 28.014 amu
charge state: 4 e
*********************************************************
Geometric Ellipsoid: 
*********************************************************
maximal distances: 13.373  14.2779  21.6306  Ang
Initial axis length: 64.4806  65.3855  72.7382  Ang
Ellipsoid axis length: 65.9306  66.8355  74.1882  Ang
ellipsoid calculation time: 3.91006e-05 s
maximal impact parameter: 74.1882 Ang
*********************************************************
Linked-cell: 
Numbers of cells: 1716
Nx: 11 Ny: 12 Nz: 13
Filled cells: 25
Empty cells: 1691
Average atoms per cell: 49.4
Maximum atoms per cell: 205
Minimum atoms per cell: 1
Simulation box: 
lx: 132.11 Ang
ly: 144.12 Ang
lz: 156.13 Ang
linked-cell calculation time: 0.00186515 s
time info: 7.10487e-05 s
*********************************************************
Trajectory calculations 
*********************************************************
out target time: 4.51255 s
Ntraj: 10000
Nfree: 1418
Nscatter: 8582
Nlost: 0
omega: 1277.05
Ntraj: 10000
Nfree: 1346
Nscatter: 8651
Nlost: 3
omega: 1331.1
Ntraj: 10000
Nfree: 1286
Nscatter: 8712
Nlost: 2
omega: 1279.05
Ntraj: 10000
Nfree: 1351
Nscatter: 8648
Nlost: 1
omega: 1230.87
Ntraj: 10000
Nfree: 1338
Nscatter: 8662
Nlost: 0
omega: 1299.9
Ntraj: 10000
Nfree: 1362
Nscatter: 8634
Nlost: 4
omega: 1337.47
Ntraj: 10000
Nfree: 1359
Nscatter: 8639
Nlost: 2
omega: 1246.41
Ntraj: 10000
Nfree: 1388
Nscatter: 8608
Nlost: 4
omega: 1217.06
Ntraj: 10000
Nfree: 1375
Nscatter: 8621
Nlost: 4
omega: 1229.37
Ntraj: 10000
Nfree: 1279
Nscatter: 8719
Nlost: 2
omega: 1342.6
*********************************************************
task: 0
worker id: 62034
time create lcl and mol: 0.000412941 s
numbers of trajectories: 6250
time trajectory calculation: 2.31888 s
task: 1
worker id: 57268
time create lcl and mol: 0.000367165 s
numbers of trajectories: 6250
time trajectory calculation: 3.27608 s
task: 2
worker id: 65977
time create lcl and mol: 0.000418186 s
numbers of trajectories: 6250
time trajectory calculation: 3.61 s
task: 3
worker id: 10683
time create lcl and mol: 0.000411034 s
numbers of trajectories: 6250
time trajectory calculation: 3.4645 s
task: 4
worker id: 57148
time create lcl and mol: 0.000406981 s
numbers of trajectories: 6250
time trajectory calculation: 3.43161 s
task: 5
worker id: 79222
time create lcl and mol: 0.000422001 s
numbers of trajectories: 6250
time trajectory calculation: 3.31328 s
task: 6
worker id: 63705
time create lcl and mol: 0.00041914 s
numbers of trajectories: 6250
time trajectory calculation: 3.86823 s
task: 7
worker id: 89962
time create lcl and mol: 0.000412941 s
numbers of trajectories: 6250
time trajectory calculation: 2.62778 s
task: 8
worker id: 21838
time create lcl and mol: 0.000413895 s
numbers of trajectories: 6250
time trajectory calculation: 4.16807 s
task: 9
worker id: 98082
time create lcl and mol: 0.000418901 s
numbers of trajectories: 6250
time trajectory calculation: 3.44189 s
task: 10
worker id: 79253
time create lcl and mol: 0.000375986 s
numbers of trajectories: 6250
time trajectory calculation: 3.98424 s
task: 11
worker id: 79370
time create lcl and mol: 0.000403881 s
numbers of trajectories: 6250
time trajectory calculation: 4.20362 s
task: 12
worker id: 27425
time create lcl and mol: 0.000407934 s
numbers of trajectories: 6250
time trajectory calculation: 2.60641 s
task: 13
worker id: 44017
time create lcl and mol: 0.000609875 s
numbers of trajectories: 6250
time trajectory calculation: 3.70118 s
task: 14
worker id: 63612
time create lcl and mol: 0.000411034 s
numbers of trajectories: 6250
time trajectory calculation: 4.41009 s
task: 15
worker id: 19420
time create lcl and mol: 0.000414848 s
numbers of trajectories: 6250
time trajectory calculation: 3.82158 s
CCS time: 4.52282 s
*********************************************************
average value of CCS = 1279.09 Ang^2
error value of CCS = 14.2471 Ang^2
Total time: 4.53205 s
Program finished...
