*********************************************************
INPUT:: Simulation Parameters 
*********************************************************
target filename                  : 1aon_pH75.xyz
number of probe                  : 10000
number of iterarions             : 10
number of tasks                  : 2
number of threads                : 24
seed number                      : 2104
gas buffer                       : N2
Target Temperature (K)           : 298
timestep (fs)                    : 10
Skin cell size (Ang)             : 0.01
Equipotential                    : no
Cut short-range interaction      : yes
LJ cutoff (Ang)                  : 12
Apply long-range interaction     : yes
Cut long-range interaction       : yes
Coulomb cutoff (Ang)             : 25
Apply induced-dipole interaction : yes
alpha (Ang^3)                    : 1.71
force_type: 6
*********************************************************
Force Field parameters: 
*********************************************************
Symbol  mass (amu)  epislon (kcal/mol)  sigma(Angstroms) 
C   12.011   0.0824736   3.2255
N   14.007   0.0758527   3.5719
H   1.008   0.0362711   1.8986
O   15.999   0.062323   3.075
S   32.06   0.138032   3.4237
P   30.9738   0.145372   3.47
*********************************************************
MOLECULE:: orientation around the inertia principal axis 
*********************************************************
Inertia matrix a.u. Ang^2: 
{  3.00364e+09  -1.03641e+06  2.8936e+06  }
{  -1.03641e+06  2.99891e+09  707592  }
{  2.8936e+06  707592  1.9289e+09  }
Rotation matrix applied to molecule: 
{  0.978876  -0.204439  0.00250039  }
{  0.00269299  0.000663897  -0.999996  }
{  0.204437  0.978879  0.00120043  }
Molecule radius: 115.053 Ang 
orientation time of molecule target: 0.284524 s
target mass: 844673 amu
gas mass: 28.014 amu
reduce mass: 28.014 amu
charge state: -252 e
*********************************************************
Geometric Ellipsoid: 
*********************************************************
maximal distances: 73.4525  72.7661  114.435  Ang
Initial axis length: 124.56  123.874  165.543  Ang
Ellipsoid axis length: 135.02  134.334  176.003  Ang
ellipsoid calculation time: 0.000823975 s
maximal impact parameter: 176.003 Ang
*********************************************************
Linked-cell: 
Numbers of cells: 15870
Nx: 23 Ny: 23 Nz: 30
Filled cells: 1462
Empty cells: 14408
Average atoms per cell: 82.1758
Maximum atoms per cell: 204
Minimum atoms per cell: 1
Simulation box: 
lx: 276.23 Ang
ly: 276.23 Ang
lz: 360.3 Ang
linked-cell calculation time: 0.0256581 s
time info: 0.00354409 s
*********************************************************
Trajectory calculations 
*********************************************************
out target time: 283.994 s
Ntraj: 10000
Nfree: 3039
Nscatter: 6951
Nlost: 10
omega: 32726.6
Ntraj: 10000
Nfree: 2948
Nscatter: 7046
Nlost: 6
omega: 33563.1
Ntraj: 10000
Nfree: 2848
Nscatter: 7144
Nlost: 8
omega: 32886.3
Ntraj: 10000
Nfree: 2969
Nscatter: 7024
Nlost: 7
omega: 32394
Ntraj: 10000
Nfree: 2904
Nscatter: 7082
Nlost: 14
omega: 32700.4
Ntraj: 10000
Nfree: 2971
Nscatter: 7022
Nlost: 7
omega: 33023.5
Ntraj: 10000
Nfree: 2947
Nscatter: 7049
Nlost: 4
omega: 32100.3
Ntraj: 10000
Nfree: 2918
Nscatter: 7076
Nlost: 6
omega: 32400.9
Ntraj: 10000
Nfree: 2902
Nscatter: 7095
Nlost: 3
omega: 33015.8
Ntraj: 10000
Nfree: 2794
Nscatter: 7202
Nlost: 4
omega: 33957.1
*********************************************************
task: 0
worker id: 11189
time create lcl and mol: 0.00575995 s
numbers of trajectories: 50000
time trajectory calculation: 283.955 s
task: 1
worker id: 45484
time create lcl and mol: 0.00591588 s
numbers of trajectories: 50000
time trajectory calculation: 259.484 s
CCS time: 284.005 s
*********************************************************
average value of CCS = 32876.8 Ang^2
error value of CCS = 167.188 Ang^2
Total time: 284.35 s
Program finished...
*********************************************************
INPUT:: Simulation Parameters 
*********************************************************
target filename                  : 1aon_pH75.xyz
number of probe                  : 10000
number of iterarions             : 10
number of tasks                  : 2
number of threads                : 24
seed number                      : 2104
gas buffer                       : N2
Target Temperature (K)           : 298
timestep (fs)                    : 10
Skin cell size (Ang)             : 0.01
Equipotential                    : no
Cut short-range interaction      : yes
LJ cutoff (Ang)                  : 12
Apply long-range interaction     : yes
Cut long-range interaction       : yes
Coulomb cutoff (Ang)             : 25
Apply induced-dipole interaction : yes
alpha (Ang^3)                    : 1.71
force_type: 6
*********************************************************
Force Field parameters: 
*********************************************************
Symbol  mass (amu)  epislon (kcal/mol)  sigma(Angstroms) 
C   12.011   0.0824736   3.2255
N   14.007   0.0758527   3.5719
H   1.008   0.0362711   1.8986
O   15.999   0.062323   3.075
S   32.06   0.138032   3.4237
P   30.9738   0.145372   3.47
*********************************************************
MOLECULE:: orientation around the inertia principal axis 
*********************************************************
Inertia matrix a.u. Ang^2: 
{  3.00364e+09  -1.03641e+06  2.8936e+06  }
{  -1.03641e+06  2.99891e+09  707592  }
{  2.8936e+06  707592  1.9289e+09  }
Rotation matrix applied to molecule: 
{  0.978876  -0.204439  0.00250039  }
{  0.00269299  0.000663897  -0.999996  }
{  0.204437  0.978879  0.00120043  }
Molecule radius: 115.053 Ang 
orientation time of molecule target: 0.130239 s
target mass: 844673 amu
gas mass: 28.014 amu
reduce mass: 28.014 amu
charge state: -252 e
*********************************************************
Geometric Ellipsoid: 
*********************************************************
maximal distances: 73.4525  72.7661  114.435  Ang
Initial axis length: 124.56  123.874  165.543  Ang
Ellipsoid axis length: 135.02  134.334  176.003  Ang
ellipsoid calculation time: 0.000771999 s
maximal impact parameter: 176.003 Ang
*********************************************************
Linked-cell: 
Numbers of cells: 15870
Nx: 23 Ny: 23 Nz: 30
Filled cells: 1462
Empty cells: 14408
Average atoms per cell: 82.1758
Maximum atoms per cell: 204
Minimum atoms per cell: 1
Simulation box: 
lx: 276.23 Ang
ly: 276.23 Ang
lz: 360.3 Ang
linked-cell calculation time: 0.026288 s
time info: 0.00375915 s
*********************************************************
Trajectory calculations 
*********************************************************
out target time: 284.148 s
Ntraj: 10000
Nfree: 3039
Nscatter: 6951
Nlost: 10
omega: 32726.6
Ntraj: 10000
Nfree: 2948
Nscatter: 7046
Nlost: 6
omega: 33563.1
Ntraj: 10000
Nfree: 2848
Nscatter: 7144
Nlost: 8
omega: 32886.3
Ntraj: 10000
Nfree: 2969
Nscatter: 7024
Nlost: 7
omega: 32394
Ntraj: 10000
Nfree: 2904
Nscatter: 7082
Nlost: 14
omega: 32700.4
Ntraj: 10000
Nfree: 2971
Nscatter: 7022
Nlost: 7
omega: 33023.5
Ntraj: 10000
Nfree: 2947
Nscatter: 7049
Nlost: 4
omega: 32100.3
Ntraj: 10000
Nfree: 2918
Nscatter: 7076
Nlost: 6
omega: 32400.9
Ntraj: 10000
Nfree: 2902
Nscatter: 7095
Nlost: 3
omega: 33015.8
Ntraj: 10000
Nfree: 2794
Nscatter: 7202
Nlost: 4
omega: 33957.1
*********************************************************
task: 0
worker id: 20477
time create lcl and mol: 0.00619602 s
numbers of trajectories: 50000
time trajectory calculation: 284.1 s
task: 1
worker id: 54769
time create lcl and mol: 0.00597596 s
numbers of trajectories: 50000
time trajectory calculation: 259.37 s
CCS time: 284.159 s
*********************************************************
average value of CCS = 32876.8 Ang^2
error value of CCS = 167.188 Ang^2
Total time: 284.321 s
Program finished...
*********************************************************
INPUT:: Simulation Parameters 
*********************************************************
target filename                  : 1aon_pH75.xyz
number of probe                  : 10000
number of iterarions             : 10
number of tasks                  : 2
number of threads                : 24
seed number                      : 2104
gas buffer                       : N2
Target Temperature (K)           : 298
timestep (fs)                    : 10
Skin cell size (Ang)             : 0.01
Equipotential                    : no
Cut short-range interaction      : yes
LJ cutoff (Ang)                  : 12
Apply long-range interaction     : yes
Cut long-range interaction       : yes
Coulomb cutoff (Ang)             : 25
Apply induced-dipole interaction : yes
alpha (Ang^3)                    : 1.71
force_type: 6
*********************************************************
Force Field parameters: 
*********************************************************
Symbol  mass (amu)  epislon (kcal/mol)  sigma(Angstroms) 
C   12.011   0.0824736   3.2255
N   14.007   0.0758527   3.5719
H   1.008   0.0362711   1.8986
O   15.999   0.062323   3.075
S   32.06   0.138032   3.4237
P   30.9738   0.145372   3.47
*********************************************************
MOLECULE:: orientation around the inertia principal axis 
*********************************************************
Inertia matrix a.u. Ang^2: 
{  3.00364e+09  -1.03641e+06  2.8936e+06  }
{  -1.03641e+06  2.99891e+09  707592  }
{  2.8936e+06  707592  1.9289e+09  }
Rotation matrix applied to molecule: 
{  0.978876  -0.204439  0.00250039  }
{  0.00269299  0.000663897  -0.999996  }
{  0.204437  0.978879  0.00120043  }
Molecule radius: 115.053 Ang 
orientation time of molecule target: 0.129944 s
target mass: 844673 amu
gas mass: 28.014 amu
reduce mass: 28.014 amu
charge state: -252 e
*********************************************************
Geometric Ellipsoid: 
*********************************************************
maximal distances: 73.4525  72.7661  114.435  Ang
Initial axis length: 124.56  123.874  165.543  Ang
Ellipsoid axis length: 135.02  134.334  176.003  Ang
ellipsoid calculation time: 0.000766993 s
maximal impact parameter: 176.003 Ang
*********************************************************
Linked-cell: 
Numbers of cells: 15870
Nx: 23 Ny: 23 Nz: 30
Filled cells: 1462
Empty cells: 14408
Average atoms per cell: 82.1758
Maximum atoms per cell: 204
Minimum atoms per cell: 1
Simulation box: 
lx: 276.23 Ang
ly: 276.23 Ang
lz: 360.3 Ang
linked-cell calculation time: 0.02654 s
time info: 0.0037899 s
*********************************************************
Trajectory calculations 
*********************************************************
out target time: 286.07 s
Ntraj: 10000
Nfree: 3039
Nscatter: 6951
Nlost: 10
omega: 32726.6
Ntraj: 10000
Nfree: 2948
Nscatter: 7046
Nlost: 6
omega: 33563.1
Ntraj: 10000
Nfree: 2848
Nscatter: 7144
Nlost: 8
omega: 32886.3
Ntraj: 10000
Nfree: 2969
Nscatter: 7024
Nlost: 7
omega: 32394
Ntraj: 10000
Nfree: 2904
Nscatter: 7082
Nlost: 14
omega: 32700.4
Ntraj: 10000
Nfree: 2971
Nscatter: 7022
Nlost: 7
omega: 33023.5
Ntraj: 10000
Nfree: 2947
Nscatter: 7049
Nlost: 4
omega: 32100.3
Ntraj: 10000
Nfree: 2918
Nscatter: 7076
Nlost: 6
omega: 32400.9
Ntraj: 10000
Nfree: 2902
Nscatter: 7095
Nlost: 3
omega: 33015.8
Ntraj: 10000
Nfree: 2794
Nscatter: 7202
Nlost: 4
omega: 33957.1
*********************************************************
task: 0
worker id: 63770
time create lcl and mol: 0.006109 s
numbers of trajectories: 50000
time trajectory calculation: 286.027 s
task: 1
worker id: 29493
time create lcl and mol: 0.00607991 s
numbers of trajectories: 50000
time trajectory calculation: 261.658 s
CCS time: 286.081 s
*********************************************************
average value of CCS = 32876.8 Ang^2
error value of CCS = 167.188 Ang^2
Total time: 286.243 s
Program finished...
*********************************************************
INPUT:: Simulation Parameters 
*********************************************************
target filename                  : 1aon_pH75.xyz
number of probe                  : 10000
number of iterarions             : 10
number of tasks                  : 2
number of threads                : 24
seed number                      : 2104
gas buffer                       : N2
Target Temperature (K)           : 298
timestep (fs)                    : 10
Skin cell size (Ang)             : 0.01
Equipotential                    : no
Cut short-range interaction      : yes
LJ cutoff (Ang)                  : 12
Apply long-range interaction     : yes
Cut long-range interaction       : yes
Coulomb cutoff (Ang)             : 25
Apply induced-dipole interaction : yes
alpha (Ang^3)                    : 1.71
force_type: 6
*********************************************************
Force Field parameters: 
*********************************************************
Symbol  mass (amu)  epislon (kcal/mol)  sigma(Angstroms) 
C   12.011   0.0824736   3.2255
N   14.007   0.0758527   3.5719
H   1.008   0.0362711   1.8986
O   15.999   0.062323   3.075
S   32.06   0.138032   3.4237
P   30.9738   0.145372   3.47
*********************************************************
MOLECULE:: orientation around the inertia principal axis 
*********************************************************
Inertia matrix a.u. Ang^2: 
{  3.00364e+09  -1.03641e+06  2.8936e+06  }
{  -1.03641e+06  2.99891e+09  707592  }
{  2.8936e+06  707592  1.9289e+09  }
Rotation matrix applied to molecule: 
{  0.978876  -0.204439  0.00250039  }
{  0.00269299  0.000663897  -0.999996  }
{  0.204437  0.978879  0.00120043  }
Molecule radius: 115.053 Ang 
orientation time of molecule target: 0.130916 s
target mass: 844673 amu
gas mass: 28.014 amu
reduce mass: 28.014 amu
charge state: -252 e
*********************************************************
Geometric Ellipsoid: 
*********************************************************
maximal distances: 73.4525  72.7661  114.435  Ang
Initial axis length: 124.56  123.874  165.543  Ang
Ellipsoid axis length: 135.02  134.334  176.003  Ang
ellipsoid calculation time: 0.000771046 s
maximal impact parameter: 176.003 Ang
*********************************************************
Linked-cell: 
Numbers of cells: 15870
Nx: 23 Ny: 23 Nz: 30
Filled cells: 1462
Empty cells: 14408
Average atoms per cell: 82.1758
Maximum atoms per cell: 204
Minimum atoms per cell: 1
Simulation box: 
lx: 276.23 Ang
ly: 276.23 Ang
lz: 360.3 Ang
linked-cell calculation time: 0.025775 s
time info: 0.00379705 s
*********************************************************
Trajectory calculations 
*********************************************************
out target time: 284.605 s
Ntraj: 10000
Nfree: 3039
Nscatter: 6951
Nlost: 10
omega: 32726.6
Ntraj: 10000
Nfree: 2948
Nscatter: 7046
Nlost: 6
omega: 33563.1
Ntraj: 10000
Nfree: 2848
Nscatter: 7144
Nlost: 8
omega: 32886.3
Ntraj: 10000
Nfree: 2969
Nscatter: 7024
Nlost: 7
omega: 32394
Ntraj: 10000
Nfree: 2904
Nscatter: 7082
Nlost: 14
omega: 32700.4
Ntraj: 10000
Nfree: 2971
Nscatter: 7022
Nlost: 7
omega: 33023.5
Ntraj: 10000
Nfree: 2947
Nscatter: 7049
Nlost: 4
omega: 32100.3
Ntraj: 10000
Nfree: 2918
Nscatter: 7076
Nlost: 6
omega: 32400.9
Ntraj: 10000
Nfree: 2902
Nscatter: 7095
Nlost: 3
omega: 33015.8
Ntraj: 10000
Nfree: 2794
Nscatter: 7202
Nlost: 4
omega: 33957.1
*********************************************************
task: 0
worker id: 38774
time create lcl and mol: 0.00600004 s
numbers of trajectories: 50000
time trajectory calculation: 284.567 s
task: 1
worker id: 73043
time create lcl and mol: 0.00626111 s
numbers of trajectories: 50000
time trajectory calculation: 260.543 s
CCS time: 284.616 s
*********************************************************
average value of CCS = 32876.8 Ang^2
error value of CCS = 167.188 Ang^2
Total time: 284.779 s
Program finished...
*********************************************************
INPUT:: Simulation Parameters 
*********************************************************
target filename                  : 1aon_pH75.xyz
number of probe                  : 10000
number of iterarions             : 10
number of tasks                  : 2
number of threads                : 24
seed number                      : 2104
gas buffer                       : N2
Target Temperature (K)           : 298
timestep (fs)                    : 10
Skin cell size (Ang)             : 0.01
Equipotential                    : no
Cut short-range interaction      : yes
LJ cutoff (Ang)                  : 12
Apply long-range interaction     : yes
Cut long-range interaction       : yes
Coulomb cutoff (Ang)             : 25
Apply induced-dipole interaction : yes
alpha (Ang^3)                    : 1.71
force_type: 6
*********************************************************
Force Field parameters: 
*********************************************************
Symbol  mass (amu)  epislon (kcal/mol)  sigma(Angstroms) 
C   12.011   0.0824736   3.2255
N   14.007   0.0758527   3.5719
H   1.008   0.0362711   1.8986
O   15.999   0.062323   3.075
S   32.06   0.138032   3.4237
P   30.9738   0.145372   3.47
*********************************************************
MOLECULE:: orientation around the inertia principal axis 
*********************************************************
Inertia matrix a.u. Ang^2: 
{  3.00364e+09  -1.03641e+06  2.8936e+06  }
{  -1.03641e+06  2.99891e+09  707592  }
{  2.8936e+06  707592  1.9289e+09  }
Rotation matrix applied to molecule: 
{  0.978876  -0.204439  0.00250039  }
{  0.00269299  0.000663897  -0.999996  }
{  0.204437  0.978879  0.00120043  }
Molecule radius: 115.053 Ang 
orientation time of molecule target: 0.13028 s
target mass: 844673 amu
gas mass: 28.014 amu
reduce mass: 28.014 amu
charge state: -252 e
*********************************************************
Geometric Ellipsoid: 
*********************************************************
maximal distances: 73.4525  72.7661  114.435  Ang
Initial axis length: 124.56  123.874  165.543  Ang
Ellipsoid axis length: 135.02  134.334  176.003  Ang
ellipsoid calculation time: 0.000770092 s
maximal impact parameter: 176.003 Ang
*********************************************************
Linked-cell: 
Numbers of cells: 15870
Nx: 23 Ny: 23 Nz: 30
Filled cells: 1462
Empty cells: 14408
Average atoms per cell: 82.1758
Maximum atoms per cell: 204
Minimum atoms per cell: 1
Simulation box: 
lx: 276.23 Ang
ly: 276.23 Ang
lz: 360.3 Ang
linked-cell calculation time: 0.026526 s
time info: 0.00377297 s
*********************************************************
Trajectory calculations 
*********************************************************
out target time: 284.855 s
Ntraj: 10000
Nfree: 3039
Nscatter: 6951
Nlost: 10
omega: 32726.6
Ntraj: 10000
Nfree: 2948
Nscatter: 7046
Nlost: 6
omega: 33563.1
Ntraj: 10000
Nfree: 2848
Nscatter: 7144
Nlost: 8
omega: 32886.3
Ntraj: 10000
Nfree: 2969
Nscatter: 7024
Nlost: 7
omega: 32394
Ntraj: 10000
Nfree: 2904
Nscatter: 7082
Nlost: 14
omega: 32700.4
Ntraj: 10000
Nfree: 2971
Nscatter: 7022
Nlost: 7
omega: 33023.5
Ntraj: 10000
Nfree: 2947
Nscatter: 7049
Nlost: 4
omega: 32100.3
Ntraj: 10000
Nfree: 2918
Nscatter: 7076
Nlost: 6
omega: 32400.9
Ntraj: 10000
Nfree: 2902
Nscatter: 7095
Nlost: 3
omega: 33015.8
Ntraj: 10000
Nfree: 2794
Nscatter: 7202
Nlost: 4
omega: 33957.1
*********************************************************
task: 0
worker id: 48089
time create lcl and mol: 0.00602388 s
numbers of trajectories: 50000
time trajectory calculation: 284.816 s
task: 1
worker id: 82366
time create lcl and mol: 0.00620103 s
numbers of trajectories: 50000
time trajectory calculation: 260.415 s
CCS time: 284.866 s
*********************************************************
average value of CCS = 32876.8 Ang^2
error value of CCS = 167.188 Ang^2
Total time: 285.029 s
Program finished...
