*********************************************************
INPUT:: Simulation Parameters 
*********************************************************
target filename                  : 01_1hrc_carga_6_min.xyz
number of probe                  : 10000
number of iterarions             : 10
number of tasks                  : 2
number of threads                : 24
seed number                      : 2104
gas buffer                       : N2
Target Temperature (K)           : 298
timestep (fs)                    : 10
Skin cell size (Ang)             : 0.01
Equipotential                    : no
Cut short-range interaction      : yes
LJ cutoff (Ang)                  : 12
Apply long-range interaction     : yes
Cut long-range interaction       : yes
Coulomb cutoff (Ang)             : 25
Apply induced-dipole interaction : yes
alpha (Ang^3)                    : 1.71
force_type: 6
*********************************************************
Force Field parameters: 
*********************************************************
Symbol  mass (amu)  epislon (kcal/mol)  sigma(Angstroms) 
C   12.011   0.0824736   3.2255
N   14.007   0.0758527   3.5719
H   1.008   0.0362711   1.8986
O   15.999   0.062323   3.075
S   32.06   0.138032   3.4237
P   30.9738   0.145372   3.47
*********************************************************
MOLECULE:: orientation around the inertia principal axis 
*********************************************************
Inertia matrix a.u. Ang^2: 
{  1.21937e+06  -9076.06  88353.3  }
{  -9076.06  1.41794e+06  -125113  }
{  88353.3  -125113  1.12332e+06  }
Rotation matrix applied to molecule: 
{  0.163703  -0.914018  0.371178  }
{  -0.414928  0.27756  0.866485  }
{  -0.895006  -0.295858  -0.333814  }
Molecule radius: 20.4362 Ang 
orientation time of molecule target: 0.0517292 s
target mass: 11746.6 amu
gas mass: 28.014 amu
reduce mass: 28.014 amu
charge state: 5.6627 e
*********************************************************
Geometric Ellipsoid: 
*********************************************************
maximal distances: 15.1465  19.5167  20.2827  Ang
Initial axis length: 66.2541  70.6243  71.3903  Ang
Ellipsoid axis length: 68.4341  72.8043  73.5703  Ang
ellipsoid calculation time: 3.69549e-05 s
maximal impact parameter: 73.5703 Ang
*********************************************************
Linked-cell: 
Numbers of cells: 2028
Nx: 12 Ny: 13 Nz: 13
Filled cells: 30
Empty cells: 1998
Average atoms per cell: 55.7
Maximum atoms per cell: 175
Minimum atoms per cell: 2
Simulation box: 
lx: 144.12 Ang
ly: 156.13 Ang
lz: 156.13 Ang
linked-cell calculation time: 0.00209308 s
time info: 9.20296e-05 s
*********************************************************
Trajectory calculations 
*********************************************************
out target time: 21.808 s
Ntraj: 10000
Nfree: 533
Nscatter: 9466
Nlost: 1
omega: 1537.8
Ntraj: 10000
Nfree: 501
Nscatter: 9496
Nlost: 3
omega: 1627.06
Ntraj: 10000
Nfree: 521
Nscatter: 9478
Nlost: 1
omega: 1513.41
Ntraj: 10000
Nfree: 509
Nscatter: 9489
Nlost: 2
omega: 1471.99
Ntraj: 10000
Nfree: 530
Nscatter: 9469
Nlost: 1
omega: 1533.67
Ntraj: 10000
Nfree: 553
Nscatter: 9444
Nlost: 3
omega: 1549.23
Ntraj: 10000
Nfree: 512
Nscatter: 9487
Nlost: 1
omega: 1471.59
Ntraj: 10000
Nfree: 517
Nscatter: 9478
Nlost: 5
omega: 1432.91
Ntraj: 10000
Nfree: 538
Nscatter: 9460
Nlost: 2
omega: 1487.25
Ntraj: 10000
Nfree: 484
Nscatter: 9515
Nlost: 1
omega: 1606.87
*********************************************************
task: 0
worker id: 17867
time create lcl and mol: 0.000477076 s
numbers of trajectories: 50000
time trajectory calculation: 20.2663 s
task: 1
worker id: 81039
time create lcl and mol: 0.000452042 s
numbers of trajectories: 50000
time trajectory calculation: 21.782 s
CCS time: 21.818 s
*********************************************************
average value of CCS = 1523.18 Ang^2
error value of CCS = 18.3344 Ang^2
Total time: 21.8771 s
Program finished...
*********************************************************
INPUT:: Simulation Parameters 
*********************************************************
target filename                  : 01_1hrc_carga_6_min.xyz
number of probe                  : 10000
number of iterarions             : 10
number of tasks                  : 2
number of threads                : 24
seed number                      : 2104
gas buffer                       : N2
Target Temperature (K)           : 298
timestep (fs)                    : 10
Skin cell size (Ang)             : 0.01
Equipotential                    : no
Cut short-range interaction      : yes
LJ cutoff (Ang)                  : 12
Apply long-range interaction     : yes
Cut long-range interaction       : yes
Coulomb cutoff (Ang)             : 25
Apply induced-dipole interaction : yes
alpha (Ang^3)                    : 1.71
force_type: 6
*********************************************************
Force Field parameters: 
*********************************************************
Symbol  mass (amu)  epislon (kcal/mol)  sigma(Angstroms) 
C   12.011   0.0824736   3.2255
N   14.007   0.0758527   3.5719
H   1.008   0.0362711   1.8986
O   15.999   0.062323   3.075
S   32.06   0.138032   3.4237
P   30.9738   0.145372   3.47
*********************************************************
MOLECULE:: orientation around the inertia principal axis 
*********************************************************
Inertia matrix a.u. Ang^2: 
{  1.21937e+06  -9076.06  88353.3  }
{  -9076.06  1.41794e+06  -125113  }
{  88353.3  -125113  1.12332e+06  }
Rotation matrix applied to molecule: 
{  0.163703  -0.914018  0.371178  }
{  -0.414928  0.27756  0.866485  }
{  -0.895006  -0.295858  -0.333814  }
Molecule radius: 20.4362 Ang 
orientation time of molecule target: 0.00238514 s
target mass: 11746.6 amu
gas mass: 28.014 amu
reduce mass: 28.014 amu
charge state: 5.6627 e
*********************************************************
Geometric Ellipsoid: 
*********************************************************
maximal distances: 15.1465  19.5167  20.2827  Ang
Initial axis length: 66.2541  70.6243  71.3903  Ang
Ellipsoid axis length: 68.4341  72.8043  73.5703  Ang
ellipsoid calculation time: 4.19617e-05 s
maximal impact parameter: 73.5703 Ang
*********************************************************
Linked-cell: 
Numbers of cells: 2028
Nx: 12 Ny: 13 Nz: 13
Filled cells: 30
Empty cells: 1998
Average atoms per cell: 55.7
Maximum atoms per cell: 175
Minimum atoms per cell: 2
Simulation box: 
lx: 144.12 Ang
ly: 156.13 Ang
lz: 156.13 Ang
linked-cell calculation time: 0.002141 s
time info: 9.10759e-05 s
*********************************************************
Trajectory calculations 
*********************************************************
out target time: 22.336 s
Ntraj: 10000
Nfree: 533
Nscatter: 9466
Nlost: 1
omega: 1537.8
Ntraj: 10000
Nfree: 501
Nscatter: 9496
Nlost: 3
omega: 1627.06
Ntraj: 10000
Nfree: 521
Nscatter: 9478
Nlost: 1
omega: 1513.41
Ntraj: 10000
Nfree: 509
Nscatter: 9489
Nlost: 2
omega: 1471.99
Ntraj: 10000
Nfree: 530
Nscatter: 9469
Nlost: 1
omega: 1533.67
Ntraj: 10000
Nfree: 553
Nscatter: 9444
Nlost: 3
omega: 1549.23
Ntraj: 10000
Nfree: 512
Nscatter: 9487
Nlost: 1
omega: 1471.59
Ntraj: 10000
Nfree: 517
Nscatter: 9478
Nlost: 5
omega: 1432.91
Ntraj: 10000
Nfree: 538
Nscatter: 9460
Nlost: 2
omega: 1487.25
Ntraj: 10000
Nfree: 484
Nscatter: 9515
Nlost: 1
omega: 1606.87
*********************************************************
task: 0
worker id: 18901
time create lcl and mol: 0.00050211 s
numbers of trajectories: 50000
time trajectory calculation: 20.2976 s
task: 1
worker id: 82065
time create lcl and mol: 0.000628948 s
numbers of trajectories: 50000
time trajectory calculation: 22.3091 s
CCS time: 22.3459 s
*********************************************************
average value of CCS = 1523.18 Ang^2
error value of CCS = 18.3344 Ang^2
Total time: 22.3558 s
Program finished...
*********************************************************
INPUT:: Simulation Parameters 
*********************************************************
target filename                  : 01_1hrc_carga_6_min.xyz
number of probe                  : 10000
number of iterarions             : 10
number of tasks                  : 2
number of threads                : 24
seed number                      : 2104
gas buffer                       : N2
Target Temperature (K)           : 298
timestep (fs)                    : 10
Skin cell size (Ang)             : 0.01
Equipotential                    : no
Cut short-range interaction      : yes
LJ cutoff (Ang)                  : 12
Apply long-range interaction     : yes
Cut long-range interaction       : yes
Coulomb cutoff (Ang)             : 25
Apply induced-dipole interaction : yes
alpha (Ang^3)                    : 1.71
force_type: 6
*********************************************************
Force Field parameters: 
*********************************************************
Symbol  mass (amu)  epislon (kcal/mol)  sigma(Angstroms) 
C   12.011   0.0824736   3.2255
N   14.007   0.0758527   3.5719
H   1.008   0.0362711   1.8986
O   15.999   0.062323   3.075
S   32.06   0.138032   3.4237
P   30.9738   0.145372   3.47
*********************************************************
MOLECULE:: orientation around the inertia principal axis 
*********************************************************
Inertia matrix a.u. Ang^2: 
{  1.21937e+06  -9076.06  88353.3  }
{  -9076.06  1.41794e+06  -125113  }
{  88353.3  -125113  1.12332e+06  }
Rotation matrix applied to molecule: 
{  0.163703  -0.914018  0.371178  }
{  -0.414928  0.27756  0.866485  }
{  -0.895006  -0.295858  -0.333814  }
Molecule radius: 20.4362 Ang 
orientation time of molecule target: 0.00261188 s
target mass: 11746.6 amu
gas mass: 28.014 amu
reduce mass: 28.014 amu
charge state: 5.6627 e
*********************************************************
Geometric Ellipsoid: 
*********************************************************
maximal distances: 15.1465  19.5167  20.2827  Ang
Initial axis length: 66.2541  70.6243  71.3903  Ang
Ellipsoid axis length: 68.4341  72.8043  73.5703  Ang
ellipsoid calculation time: 3.69549e-05 s
maximal impact parameter: 73.5703 Ang
*********************************************************
Linked-cell: 
Numbers of cells: 2028
Nx: 12 Ny: 13 Nz: 13
Filled cells: 30
Empty cells: 1998
Average atoms per cell: 55.7
Maximum atoms per cell: 175
Minimum atoms per cell: 2
Simulation box: 
lx: 144.12 Ang
ly: 156.13 Ang
lz: 156.13 Ang
linked-cell calculation time: 0.00213408 s
time info: 9.29832e-05 s
*********************************************************
Trajectory calculations 
*********************************************************
out target time: 21.9045 s
Ntraj: 10000
Nfree: 533
Nscatter: 9466
Nlost: 1
omega: 1537.8
Ntraj: 10000
Nfree: 501
Nscatter: 9496
Nlost: 3
omega: 1627.06
Ntraj: 10000
Nfree: 521
Nscatter: 9478
Nlost: 1
omega: 1513.41
Ntraj: 10000
Nfree: 509
Nscatter: 9489
Nlost: 2
omega: 1471.99
Ntraj: 10000
Nfree: 530
Nscatter: 9469
Nlost: 1
omega: 1533.67
Ntraj: 10000
Nfree: 553
Nscatter: 9444
Nlost: 3
omega: 1549.23
Ntraj: 10000
Nfree: 512
Nscatter: 9487
Nlost: 1
omega: 1471.59
Ntraj: 10000
Nfree: 517
Nscatter: 9478
Nlost: 5
omega: 1432.91
Ntraj: 10000
Nfree: 538
Nscatter: 9460
Nlost: 2
omega: 1487.25
Ntraj: 10000
Nfree: 484
Nscatter: 9515
Nlost: 1
omega: 1606.87
*********************************************************
task: 0
worker id: 19619
time create lcl and mol: 0.000479937 s
numbers of trajectories: 50000
time trajectory calculation: 20.4228 s
task: 1
worker id: 82792
time create lcl and mol: 0.000449896 s
numbers of trajectories: 50000
time trajectory calculation: 21.8779 s
CCS time: 21.9144 s
*********************************************************
average value of CCS = 1523.18 Ang^2
error value of CCS = 18.3344 Ang^2
Total time: 21.9249 s
Program finished...
*********************************************************
INPUT:: Simulation Parameters 
*********************************************************
target filename                  : 01_1hrc_carga_6_min.xyz
number of probe                  : 10000
number of iterarions             : 10
number of tasks                  : 2
number of threads                : 24
seed number                      : 2104
gas buffer                       : N2
Target Temperature (K)           : 298
timestep (fs)                    : 10
Skin cell size (Ang)             : 0.01
Equipotential                    : no
Cut short-range interaction      : yes
LJ cutoff (Ang)                  : 12
Apply long-range interaction     : yes
Cut long-range interaction       : yes
Coulomb cutoff (Ang)             : 25
Apply induced-dipole interaction : yes
alpha (Ang^3)                    : 1.71
force_type: 6
*********************************************************
Force Field parameters: 
*********************************************************
Symbol  mass (amu)  epislon (kcal/mol)  sigma(Angstroms) 
C   12.011   0.0824736   3.2255
N   14.007   0.0758527   3.5719
H   1.008   0.0362711   1.8986
O   15.999   0.062323   3.075
S   32.06   0.138032   3.4237
P   30.9738   0.145372   3.47
*********************************************************
MOLECULE:: orientation around the inertia principal axis 
*********************************************************
Inertia matrix a.u. Ang^2: 
{  1.21937e+06  -9076.06  88353.3  }
{  -9076.06  1.41794e+06  -125113  }
{  88353.3  -125113  1.12332e+06  }
Rotation matrix applied to molecule: 
{  0.163703  -0.914018  0.371178  }
{  -0.414928  0.27756  0.866485  }
{  -0.895006  -0.295858  -0.333814  }
Molecule radius: 20.4362 Ang 
orientation time of molecule target: 0.00243497 s
target mass: 11746.6 amu
gas mass: 28.014 amu
reduce mass: 28.014 amu
charge state: 5.6627 e
*********************************************************
Geometric Ellipsoid: 
*********************************************************
maximal distances: 15.1465  19.5167  20.2827  Ang
Initial axis length: 66.2541  70.6243  71.3903  Ang
Ellipsoid axis length: 68.4341  72.8043  73.5703  Ang
ellipsoid calculation time: 4.00543e-05 s
maximal impact parameter: 73.5703 Ang
*********************************************************
Linked-cell: 
Numbers of cells: 2028
Nx: 12 Ny: 13 Nz: 13
Filled cells: 30
Empty cells: 1998
Average atoms per cell: 55.7
Maximum atoms per cell: 175
Minimum atoms per cell: 2
Simulation box: 
lx: 144.12 Ang
ly: 156.13 Ang
lz: 156.13 Ang
linked-cell calculation time: 0.00210309 s
time info: 8.98838e-05 s
*********************************************************
Trajectory calculations 
*********************************************************
out target time: 22.0598 s
Ntraj: 10000
Nfree: 533
Nscatter: 9466
Nlost: 1
omega: 1537.8
Ntraj: 10000
Nfree: 501
Nscatter: 9496
Nlost: 3
omega: 1627.06
Ntraj: 10000
Nfree: 521
Nscatter: 9478
Nlost: 1
omega: 1513.41
Ntraj: 10000
Nfree: 509
Nscatter: 9489
Nlost: 2
omega: 1471.99
Ntraj: 10000
Nfree: 530
Nscatter: 9469
Nlost: 1
omega: 1533.67
Ntraj: 10000
Nfree: 553
Nscatter: 9444
Nlost: 3
omega: 1549.23
Ntraj: 10000
Nfree: 512
Nscatter: 9487
Nlost: 1
omega: 1471.59
Ntraj: 10000
Nfree: 517
Nscatter: 9478
Nlost: 5
omega: 1432.91
Ntraj: 10000
Nfree: 538
Nscatter: 9460
Nlost: 2
omega: 1487.25
Ntraj: 10000
Nfree: 484
Nscatter: 9515
Nlost: 1
omega: 1606.87
*********************************************************
task: 0
worker id: 83508
time create lcl and mol: 0.000478029 s
numbers of trajectories: 50000
time trajectory calculation: 20.3484 s
task: 1
worker id: 20337
time create lcl and mol: 0.000492096 s
numbers of trajectories: 50000
time trajectory calculation: 22.0346 s
CCS time: 22.0697 s
*********************************************************
average value of CCS = 1523.18 Ang^2
error value of CCS = 18.3344 Ang^2
Total time: 22.0795 s
Program finished...
[1687404740.615426] [sdumont6201:20337:0]       tag_match.c:62   UCX  WARN  unexpected tag-receive descriptor 0x55d59ea2d780 was not matched
*********************************************************
INPUT:: Simulation Parameters 
*********************************************************
target filename                  : 01_1hrc_carga_6_min.xyz
number of probe                  : 10000
number of iterarions             : 10
number of tasks                  : 2
number of threads                : 24
seed number                      : 2104
gas buffer                       : N2
Target Temperature (K)           : 298
timestep (fs)                    : 10
Skin cell size (Ang)             : 0.01
Equipotential                    : no
Cut short-range interaction      : yes
LJ cutoff (Ang)                  : 12
Apply long-range interaction     : yes
Cut long-range interaction       : yes
Coulomb cutoff (Ang)             : 25
Apply induced-dipole interaction : yes
alpha (Ang^3)                    : 1.71
force_type: 6
*********************************************************
Force Field parameters: 
*********************************************************
Symbol  mass (amu)  epislon (kcal/mol)  sigma(Angstroms) 
C   12.011   0.0824736   3.2255
N   14.007   0.0758527   3.5719
H   1.008   0.0362711   1.8986
O   15.999   0.062323   3.075
S   32.06   0.138032   3.4237
P   30.9738   0.145372   3.47
*********************************************************
MOLECULE:: orientation around the inertia principal axis 
*********************************************************
Inertia matrix a.u. Ang^2: 
{  1.21937e+06  -9076.06  88353.3  }
{  -9076.06  1.41794e+06  -125113  }
{  88353.3  -125113  1.12332e+06  }
Rotation matrix applied to molecule: 
{  0.163703  -0.914018  0.371178  }
{  -0.414928  0.27756  0.866485  }
{  -0.895006  -0.295858  -0.333814  }
Molecule radius: 20.4362 Ang 
orientation time of molecule target: 0.00241494 s
target mass: 11746.6 amu
gas mass: 28.014 amu
reduce mass: 28.014 amu
charge state: 5.6627 e
*********************************************************
Geometric Ellipsoid: 
*********************************************************
maximal distances: 15.1465  19.5167  20.2827  Ang
Initial axis length: 66.2541  70.6243  71.3903  Ang
Ellipsoid axis length: 68.4341  72.8043  73.5703  Ang
ellipsoid calculation time: 4.79221e-05 s
maximal impact parameter: 73.5703 Ang
*********************************************************
Linked-cell: 
Numbers of cells: 2028
Nx: 12 Ny: 13 Nz: 13
Filled cells: 30
Empty cells: 1998
Average atoms per cell: 55.7
Maximum atoms per cell: 175
Minimum atoms per cell: 2
Simulation box: 
lx: 144.12 Ang
ly: 156.13 Ang
lz: 156.13 Ang
linked-cell calculation time: 0.00213504 s
time info: 8.79765e-05 s
*********************************************************
Trajectory calculations 
*********************************************************
out target time: 22.0758 s
Ntraj: 10000
Nfree: 533
Nscatter: 9466
Nlost: 1
omega: 1537.8
Ntraj: 10000
Nfree: 501
Nscatter: 9496
Nlost: 3
omega: 1627.06
Ntraj: 10000
Nfree: 521
Nscatter: 9478
Nlost: 1
omega: 1513.41
Ntraj: 10000
Nfree: 509
Nscatter: 9489
Nlost: 2
omega: 1471.99
Ntraj: 10000
Nfree: 530
Nscatter: 9469
Nlost: 1
omega: 1533.67
Ntraj: 10000
Nfree: 553
Nscatter: 9444
Nlost: 3
omega: 1549.23
Ntraj: 10000
Nfree: 512
Nscatter: 9487
Nlost: 1
omega: 1471.59
Ntraj: 10000
Nfree: 517
Nscatter: 9478
Nlost: 5
omega: 1432.91
Ntraj: 10000
Nfree: 538
Nscatter: 9460
Nlost: 2
omega: 1487.25
Ntraj: 10000
Nfree: 484
Nscatter: 9515
Nlost: 1
omega: 1606.87
*********************************************************
task: 0
worker id: 21360
time create lcl and mol: 0.000684977 s
numbers of trajectories: 50000
time trajectory calculation: 20.2927 s
task: 1
worker id: 84531
time create lcl and mol: 0.000501871 s
numbers of trajectories: 50000
time trajectory calculation: 22.049 s
CCS time: 22.0856 s
*********************************************************
average value of CCS = 1523.18 Ang^2
error value of CCS = 18.3344 Ang^2
Total time: 22.0955 s
Program finished...
[1687404763.643816] [sdumont6201:21360:0]       tag_match.c:62   UCX  WARN  unexpected tag-receive descriptor 0x561998cb3780 was not matched
[1687404763.644929] [sdumont6194:4464 :0]       tag_match.c:62   UCX  WARN  unexpected tag-receive descriptor 0x2b14b8015ac0 was not matched
