*********************************************************
INPUT:: Simulation Parameters 
*********************************************************
target filename                  : 09_1cfd_carga_7_min.xyz
number of probe                  : 10000
number of iterarions             : 10
number of tasks                  : 2
number of threads                : 24
seed number                      : 2104
gas buffer                       : N2
Target Temperature (K)           : 298
timestep (fs)                    : 10
Skin cell size (Ang)             : 0.01
Equipotential                    : no
Cut short-range interaction      : yes
LJ cutoff (Ang)                  : 12
Apply long-range interaction     : yes
Cut long-range interaction       : yes
Coulomb cutoff (Ang)             : 25
Apply induced-dipole interaction : yes
alpha (Ang^3)                    : 1.71
force_type: 6
*********************************************************
Force Field parameters: 
*********************************************************
Symbol  mass (amu)  epislon (kcal/mol)  sigma(Angstroms) 
C   12.011   0.0824736   3.2255
N   14.007   0.0758527   3.5719
H   1.008   0.0362711   1.8986
O   15.999   0.062323   3.075
S   32.06   0.138032   3.4237
P   30.9738   0.145372   3.47
*********************************************************
MOLECULE:: orientation around the inertia principal axis 
*********************************************************
Inertia matrix a.u. Ang^2: 
{  3.67619e+06  -2.34047e+06  620245  }
{  -2.34047e+06  4.07793e+06  342199  }
{  620245  342199  6.46441e+06  }
Rotation matrix applied to molecule: 
{  0.34945  -0.197899  0.915817  }
{  0.733098  0.666444  -0.135718  }
{  -0.583483  0.71881  0.377968  }
Molecule radius: 36.3181 Ang 
orientation time of molecule target: 0.045068 s
target mass: 16713.5 amu
gas mass: 28.014 amu
reduce mass: 28.014 amu
charge state: 7 e
*********************************************************
Geometric Ellipsoid: 
*********************************************************
maximal distances: 14.0369  18.4497  36.0991  Ang
Initial axis length: 65.1445  69.5573  87.2067  Ang
Ellipsoid axis length: 69.2045  73.6173  91.2667  Ang
ellipsoid calculation time: 4.41074e-05 s
maximal impact parameter: 91.2667 Ang
*********************************************************
Linked-cell: 
Numbers of cells: 2496
Nx: 12 Ny: 13 Nz: 16
Filled cells: 44
Empty cells: 2452
Average atoms per cell: 52.1136
Maximum atoms per cell: 159
Minimum atoms per cell: 1
Simulation box: 
lx: 144.12 Ang
ly: 156.13 Ang
lz: 192.16 Ang
linked-cell calculation time: 0.00263596 s
time info: 0.000120163 s
*********************************************************
Trajectory calculations 
*********************************************************
out target time: 24.6986 s
Ntraj: 10000
Nfree: 2821
Nscatter: 7172
Nlost: 7
omega: 2295.18
Ntraj: 10000
Nfree: 2752
Nscatter: 7240
Nlost: 8
omega: 2439.74
Ntraj: 10000
Nfree: 2637
Nscatter: 7351
Nlost: 12
omega: 2281.04
Ntraj: 10000
Nfree: 2784
Nscatter: 7203
Nlost: 13
omega: 2347.16
Ntraj: 10000
Nfree: 2706
Nscatter: 7280
Nlost: 14
omega: 2420.93
Ntraj: 10000
Nfree: 2766
Nscatter: 7229
Nlost: 5
omega: 2405.44
Ntraj: 10000
Nfree: 2750
Nscatter: 7238
Nlost: 12
omega: 2330.95
Ntraj: 10000
Nfree: 2726
Nscatter: 7269
Nlost: 5
omega: 2225.21
Ntraj: 10000
Nfree: 2684
Nscatter: 7310
Nlost: 6
omega: 2326.78
Ntraj: 10000
Nfree: 2612
Nscatter: 7382
Nlost: 6
omega: 2405.25
*********************************************************
task: 0
worker id: 4022
time create lcl and mol: 0.000602961 s
numbers of trajectories: 50000
time trajectory calculation: 23.8097 s
task: 1
worker id: 38394
time create lcl and mol: 0.000657082 s
numbers of trajectories: 50000
time trajectory calculation: 24.6698 s
CCS time: 24.7087 s
*********************************************************
average value of CCS = 2347.77 Ang^2
error value of CCS = 20.8339 Ang^2
Total time: 24.762 s
Program finished...
*********************************************************
INPUT:: Simulation Parameters 
*********************************************************
target filename                  : 09_1cfd_carga_7_min.xyz
number of probe                  : 10000
number of iterarions             : 10
number of tasks                  : 2
number of threads                : 24
seed number                      : 2104
gas buffer                       : N2
Target Temperature (K)           : 298
timestep (fs)                    : 10
Skin cell size (Ang)             : 0.01
Equipotential                    : no
Cut short-range interaction      : yes
LJ cutoff (Ang)                  : 12
Apply long-range interaction     : yes
Cut long-range interaction       : yes
Coulomb cutoff (Ang)             : 25
Apply induced-dipole interaction : yes
alpha (Ang^3)                    : 1.71
force_type: 6
*********************************************************
Force Field parameters: 
*********************************************************
Symbol  mass (amu)  epislon (kcal/mol)  sigma(Angstroms) 
C   12.011   0.0824736   3.2255
N   14.007   0.0758527   3.5719
H   1.008   0.0362711   1.8986
O   15.999   0.062323   3.075
S   32.06   0.138032   3.4237
P   30.9738   0.145372   3.47
*********************************************************
MOLECULE:: orientation around the inertia principal axis 
*********************************************************
Inertia matrix a.u. Ang^2: 
{  3.67619e+06  -2.34047e+06  620245  }
{  -2.34047e+06  4.07793e+06  342199  }
{  620245  342199  6.46441e+06  }
Rotation matrix applied to molecule: 
{  0.34945  -0.197899  0.915817  }
{  0.733098  0.666444  -0.135718  }
{  -0.583483  0.71881  0.377968  }
Molecule radius: 36.3181 Ang 
orientation time of molecule target: 0.00299716 s
target mass: 16713.5 amu
gas mass: 28.014 amu
reduce mass: 28.014 amu
charge state: 7 e
*********************************************************
Geometric Ellipsoid: 
*********************************************************
maximal distances: 14.0369  18.4497  36.0991  Ang
Initial axis length: 65.1445  69.5573  87.2067  Ang
Ellipsoid axis length: 69.2045  73.6173  91.2667  Ang
ellipsoid calculation time: 5.19753e-05 s
maximal impact parameter: 91.2667 Ang
*********************************************************
Linked-cell: 
Numbers of cells: 2496
Nx: 12 Ny: 13 Nz: 16
Filled cells: 44
Empty cells: 2452
Average atoms per cell: 52.1136
Maximum atoms per cell: 159
Minimum atoms per cell: 1
Simulation box: 
lx: 144.12 Ang
ly: 156.13 Ang
lz: 192.16 Ang
linked-cell calculation time: 0.0026269 s
time info: 0.00011611 s
*********************************************************
Trajectory calculations 
*********************************************************
out target time: 24.4872 s
Ntraj: 10000
Nfree: 2821
Nscatter: 7172
Nlost: 7
omega: 2295.18
Ntraj: 10000
Nfree: 2752
Nscatter: 7240
Nlost: 8
omega: 2439.74
Ntraj: 10000
Nfree: 2637
Nscatter: 7351
Nlost: 12
omega: 2281.04
Ntraj: 10000
Nfree: 2784
Nscatter: 7203
Nlost: 13
omega: 2347.16
Ntraj: 10000
Nfree: 2706
Nscatter: 7280
Nlost: 14
omega: 2420.93
Ntraj: 10000
Nfree: 2766
Nscatter: 7229
Nlost: 5
omega: 2405.44
Ntraj: 10000
Nfree: 2750
Nscatter: 7238
Nlost: 12
omega: 2330.95
Ntraj: 10000
Nfree: 2726
Nscatter: 7269
Nlost: 5
omega: 2225.21
Ntraj: 10000
Nfree: 2684
Nscatter: 7310
Nlost: 6
omega: 2326.78
Ntraj: 10000
Nfree: 2612
Nscatter: 7382
Nlost: 6
omega: 2405.25
*********************************************************
task: 0
worker id: 39450
time create lcl and mol: 0.000651836 s
numbers of trajectories: 50000
time trajectory calculation: 23.5163 s
task: 1
worker id: 5077
time create lcl and mol: 0.000598907 s
numbers of trajectories: 50000
time trajectory calculation: 24.4602 s
CCS time: 24.498 s
*********************************************************
average value of CCS = 2347.77 Ang^2
error value of CCS = 20.8339 Ang^2
Total time: 24.509 s
Program finished...
*********************************************************
INPUT:: Simulation Parameters 
*********************************************************
target filename                  : 09_1cfd_carga_7_min.xyz
number of probe                  : 10000
number of iterarions             : 10
number of tasks                  : 2
number of threads                : 24
seed number                      : 2104
gas buffer                       : N2
Target Temperature (K)           : 298
timestep (fs)                    : 10
Skin cell size (Ang)             : 0.01
Equipotential                    : no
Cut short-range interaction      : yes
LJ cutoff (Ang)                  : 12
Apply long-range interaction     : yes
Cut long-range interaction       : yes
Coulomb cutoff (Ang)             : 25
Apply induced-dipole interaction : yes
alpha (Ang^3)                    : 1.71
force_type: 6
*********************************************************
Force Field parameters: 
*********************************************************
Symbol  mass (amu)  epislon (kcal/mol)  sigma(Angstroms) 
C   12.011   0.0824736   3.2255
N   14.007   0.0758527   3.5719
H   1.008   0.0362711   1.8986
O   15.999   0.062323   3.075
S   32.06   0.138032   3.4237
P   30.9738   0.145372   3.47
*********************************************************
MOLECULE:: orientation around the inertia principal axis 
*********************************************************
Inertia matrix a.u. Ang^2: 
{  3.67619e+06  -2.34047e+06  620245  }
{  -2.34047e+06  4.07793e+06  342199  }
{  620245  342199  6.46441e+06  }
Rotation matrix applied to molecule: 
{  0.34945  -0.197899  0.915817  }
{  0.733098  0.666444  -0.135718  }
{  -0.583483  0.71881  0.377968  }
Molecule radius: 36.3181 Ang 
orientation time of molecule target: 0.00320911 s
target mass: 16713.5 amu
gas mass: 28.014 amu
reduce mass: 28.014 amu
charge state: 7 e
*********************************************************
Geometric Ellipsoid: 
*********************************************************
maximal distances: 14.0369  18.4497  36.0991  Ang
Initial axis length: 65.1445  69.5573  87.2067  Ang
Ellipsoid axis length: 69.2045  73.6173  91.2667  Ang
ellipsoid calculation time: 4.31538e-05 s
maximal impact parameter: 91.2667 Ang
*********************************************************
Linked-cell: 
Numbers of cells: 2496
Nx: 12 Ny: 13 Nz: 16
Filled cells: 44
Empty cells: 2452
Average atoms per cell: 52.1136
Maximum atoms per cell: 159
Minimum atoms per cell: 1
Simulation box: 
lx: 144.12 Ang
ly: 156.13 Ang
lz: 192.16 Ang
linked-cell calculation time: 0.00263691 s
time info: 0.000104189 s
*********************************************************
Trajectory calculations 
*********************************************************
out target time: 24.1132 s
Ntraj: 10000
Nfree: 2821
Nscatter: 7172
Nlost: 7
omega: 2295.18
Ntraj: 10000
Nfree: 2752
Nscatter: 7240
Nlost: 8
omega: 2439.74
Ntraj: 10000
Nfree: 2637
Nscatter: 7351
Nlost: 12
omega: 2281.04
Ntraj: 10000
Nfree: 2784
Nscatter: 7203
Nlost: 13
omega: 2347.16
Ntraj: 10000
Nfree: 2706
Nscatter: 7280
Nlost: 14
omega: 2420.93
Ntraj: 10000
Nfree: 2766
Nscatter: 7229
Nlost: 5
omega: 2405.44
Ntraj: 10000
Nfree: 2750
Nscatter: 7238
Nlost: 12
omega: 2330.95
Ntraj: 10000
Nfree: 2726
Nscatter: 7269
Nlost: 5
omega: 2225.21
Ntraj: 10000
Nfree: 2684
Nscatter: 7310
Nlost: 6
omega: 2326.78
Ntraj: 10000
Nfree: 2612
Nscatter: 7382
Nlost: 6
omega: 2405.25
*********************************************************
task: 0
worker id: 40180
time create lcl and mol: 0.000637054 s
numbers of trajectories: 50000
time trajectory calculation: 23.699 s
task: 1
worker id: 5813
time create lcl and mol: 0.000761986 s
numbers of trajectories: 50000
time trajectory calculation: 24.0842 s
CCS time: 24.122 s
*********************************************************
average value of CCS = 2347.77 Ang^2
error value of CCS = 20.8339 Ang^2
Total time: 24.133 s
Program finished...
*********************************************************
INPUT:: Simulation Parameters 
*********************************************************
target filename                  : 09_1cfd_carga_7_min.xyz
number of probe                  : 10000
number of iterarions             : 10
number of tasks                  : 2
number of threads                : 24
seed number                      : 2104
gas buffer                       : N2
Target Temperature (K)           : 298
timestep (fs)                    : 10
Skin cell size (Ang)             : 0.01
Equipotential                    : no
Cut short-range interaction      : yes
LJ cutoff (Ang)                  : 12
Apply long-range interaction     : yes
Cut long-range interaction       : yes
Coulomb cutoff (Ang)             : 25
Apply induced-dipole interaction : yes
alpha (Ang^3)                    : 1.71
force_type: 6
*********************************************************
Force Field parameters: 
*********************************************************
Symbol  mass (amu)  epislon (kcal/mol)  sigma(Angstroms) 
C   12.011   0.0824736   3.2255
N   14.007   0.0758527   3.5719
H   1.008   0.0362711   1.8986
O   15.999   0.062323   3.075
S   32.06   0.138032   3.4237
P   30.9738   0.145372   3.47
*********************************************************
MOLECULE:: orientation around the inertia principal axis 
*********************************************************
Inertia matrix a.u. Ang^2: 
{  3.67619e+06  -2.34047e+06  620245  }
{  -2.34047e+06  4.07793e+06  342199  }
{  620245  342199  6.46441e+06  }
Rotation matrix applied to molecule: 
{  0.34945  -0.197899  0.915817  }
{  0.733098  0.666444  -0.135718  }
{  -0.583483  0.71881  0.377968  }
Molecule radius: 36.3181 Ang 
orientation time of molecule target: 0.00315404 s
target mass: 16713.5 amu
gas mass: 28.014 amu
reduce mass: 28.014 amu
charge state: 7 e
*********************************************************
Geometric Ellipsoid: 
*********************************************************
maximal distances: 14.0369  18.4497  36.0991  Ang
Initial axis length: 65.1445  69.5573  87.2067  Ang
Ellipsoid axis length: 69.2045  73.6173  91.2667  Ang
ellipsoid calculation time: 5.00679e-05 s
maximal impact parameter: 91.2667 Ang
*********************************************************
Linked-cell: 
Numbers of cells: 2496
Nx: 12 Ny: 13 Nz: 16
Filled cells: 44
Empty cells: 2452
Average atoms per cell: 52.1136
Maximum atoms per cell: 159
Minimum atoms per cell: 1
Simulation box: 
lx: 144.12 Ang
ly: 156.13 Ang
lz: 192.16 Ang
linked-cell calculation time: 0.00259519 s
time info: 0.000117779 s
*********************************************************
Trajectory calculations 
*********************************************************
out target time: 24.1511 s
Ntraj: 10000
Nfree: 2821
Nscatter: 7172
Nlost: 7
omega: 2295.18
Ntraj: 10000
Nfree: 2752
Nscatter: 7240
Nlost: 8
omega: 2439.74
Ntraj: 10000
Nfree: 2637
Nscatter: 7351
Nlost: 12
omega: 2281.04
Ntraj: 10000
Nfree: 2784
Nscatter: 7203
Nlost: 13
omega: 2347.16
Ntraj: 10000
Nfree: 2706
Nscatter: 7280
Nlost: 14
omega: 2420.93
Ntraj: 10000
Nfree: 2766
Nscatter: 7229
Nlost: 5
omega: 2405.44
Ntraj: 10000
Nfree: 2750
Nscatter: 7238
Nlost: 12
omega: 2330.95
Ntraj: 10000
Nfree: 2726
Nscatter: 7269
Nlost: 5
omega: 2225.21
Ntraj: 10000
Nfree: 2684
Nscatter: 7310
Nlost: 6
omega: 2326.78
Ntraj: 10000
Nfree: 2612
Nscatter: 7382
Nlost: 6
omega: 2405.25
*********************************************************
task: 0
worker id: 6836
time create lcl and mol: 0.000632048 s
numbers of trajectories: 50000
time trajectory calculation: 23.7631 s
task: 1
worker id: 41205
time create lcl and mol: 0.000627041 s
numbers of trajectories: 50000
time trajectory calculation: 24.1256 s
CCS time: 24.161 s
*********************************************************
average value of CCS = 2347.77 Ang^2
error value of CCS = 20.8339 Ang^2
Total time: 24.1721 s
Program finished...
*********************************************************
INPUT:: Simulation Parameters 
*********************************************************
target filename                  : 09_1cfd_carga_7_min.xyz
number of probe                  : 10000
number of iterarions             : 10
number of tasks                  : 2
number of threads                : 24
seed number                      : 2104
gas buffer                       : N2
Target Temperature (K)           : 298
timestep (fs)                    : 10
Skin cell size (Ang)             : 0.01
Equipotential                    : no
Cut short-range interaction      : yes
LJ cutoff (Ang)                  : 12
Apply long-range interaction     : yes
Cut long-range interaction       : yes
Coulomb cutoff (Ang)             : 25
Apply induced-dipole interaction : yes
alpha (Ang^3)                    : 1.71
force_type: 6
*********************************************************
Force Field parameters: 
*********************************************************
Symbol  mass (amu)  epislon (kcal/mol)  sigma(Angstroms) 
C   12.011   0.0824736   3.2255
N   14.007   0.0758527   3.5719
H   1.008   0.0362711   1.8986
O   15.999   0.062323   3.075
S   32.06   0.138032   3.4237
P   30.9738   0.145372   3.47
*********************************************************
MOLECULE:: orientation around the inertia principal axis 
*********************************************************
Inertia matrix a.u. Ang^2: 
{  3.67619e+06  -2.34047e+06  620245  }
{  -2.34047e+06  4.07793e+06  342199  }
{  620245  342199  6.46441e+06  }
Rotation matrix applied to molecule: 
{  0.34945  -0.197899  0.915817  }
{  0.733098  0.666444  -0.135718  }
{  -0.583483  0.71881  0.377968  }
Molecule radius: 36.3181 Ang 
orientation time of molecule target: 0.00307703 s
target mass: 16713.5 amu
gas mass: 28.014 amu
reduce mass: 28.014 amu
charge state: 7 e
*********************************************************
Geometric Ellipsoid: 
*********************************************************
maximal distances: 14.0369  18.4497  36.0991  Ang
Initial axis length: 65.1445  69.5573  87.2067  Ang
Ellipsoid axis length: 69.2045  73.6173  91.2667  Ang
ellipsoid calculation time: 4.88758e-05 s
maximal impact parameter: 91.2667 Ang
*********************************************************
Linked-cell: 
Numbers of cells: 2496
Nx: 12 Ny: 13 Nz: 16
Filled cells: 44
Empty cells: 2452
Average atoms per cell: 52.1136
Maximum atoms per cell: 159
Minimum atoms per cell: 1
Simulation box: 
lx: 144.12 Ang
ly: 156.13 Ang
lz: 192.16 Ang
linked-cell calculation time: 0.00266004 s
time info: 0.000124931 s
*********************************************************
Trajectory calculations 
*********************************************************
out target time: 24.3643 s
Ntraj: 10000
Nfree: 2821
Nscatter: 7172
Nlost: 7
omega: 2295.18
Ntraj: 10000
Nfree: 2752
Nscatter: 7240
Nlost: 8
omega: 2439.74
Ntraj: 10000
Nfree: 2637
Nscatter: 7351
Nlost: 12
omega: 2281.04
Ntraj: 10000
Nfree: 2784
Nscatter: 7203
Nlost: 13
omega: 2347.16
Ntraj: 10000
Nfree: 2706
Nscatter: 7280
Nlost: 14
omega: 2420.93
Ntraj: 10000
Nfree: 2766
Nscatter: 7229
Nlost: 5
omega: 2405.44
Ntraj: 10000
Nfree: 2750
Nscatter: 7238
Nlost: 12
omega: 2330.95
Ntraj: 10000
Nfree: 2726
Nscatter: 7269
Nlost: 5
omega: 2225.21
Ntraj: 10000
Nfree: 2684
Nscatter: 7310
Nlost: 6
omega: 2326.78
Ntraj: 10000
Nfree: 2612
Nscatter: 7382
Nlost: 6
omega: 2405.25
*********************************************************
task: 0
worker id: 7583
time create lcl and mol: 0.000661135 s
numbers of trajectories: 50000
time trajectory calculation: 23.9459 s
task: 1
worker id: 41953
time create lcl and mol: 0.000598192 s
numbers of trajectories: 50000
time trajectory calculation: 24.3337 s
CCS time: 24.3741 s
*********************************************************
average value of CCS = 2347.77 Ang^2
error value of CCS = 20.8339 Ang^2
Total time: 24.3852 s
Program finished...
