*********************************************************
INPUT:: Simulation Parameters 
*********************************************************
target filename                  : 10_1vxg_carga_4_min.xyz
number of probe                  : 10000
number of iterarions             : 10
number of tasks                  : 4
number of threads                : 24
seed number                      : 2104
gas buffer                       : N2
Target Temperature (K)           : 298
timestep (fs)                    : 10
Skin cell size (Ang)             : 0.01
Equipotential                    : no
Cut short-range interaction      : yes
LJ cutoff (Ang)                  : 12
Apply long-range interaction     : yes
Cut long-range interaction       : yes
Coulomb cutoff (Ang)             : 25
Apply induced-dipole interaction : yes
alpha (Ang^3)                    : 1.71
force_type: 6
*********************************************************
Force Field parameters: 
*********************************************************
Symbol  mass (amu)  epislon (kcal/mol)  sigma(Angstroms) 
C   12.011   0.0824736   3.2255
N   14.007   0.0758527   3.5719
H   1.008   0.0362711   1.8986
O   15.999   0.062323   3.075
S   32.06   0.138032   3.4237
P   30.9738   0.145372   3.47
*********************************************************
MOLECULE:: orientation around the inertia principal axis 
*********************************************************
Inertia matrix a.u. Ang^2: 
{  2.34175e+06  91193.5  303127  }
{  91193.5  2.88304e+06  512515  }
{  303127  512515  2.68677e+06  }
Rotation matrix applied to molecule: 
{  0.253053  0.719577  0.646663  }
{  0.677873  0.345022  -0.649191  }
{  -0.690256  0.602635  -0.400473  }
Molecule radius: 24.8568 Ang 
orientation time of molecule target: 0.154501 s
target mass: 17204 amu
gas mass: 28.014 amu
reduce mass: 28.014 amu
charge state: 4 e
*********************************************************
Geometric Ellipsoid: 
*********************************************************
maximal distances: 14.9608  23.1086  23.8692  Ang
Initial axis length: 66.0684  74.2162  74.9768  Ang
Ellipsoid axis length: 67.9284  76.0762  76.8368  Ang
ellipsoid calculation time: 4.69685e-05 s
maximal impact parameter: 76.8368 Ang
*********************************************************
Linked-cell: 
Numbers of cells: 2028
Nx: 12 Ny: 13 Nz: 13
Filled cells: 45
Empty cells: 1983
Average atoms per cell: 54.6889
Maximum atoms per cell: 165
Minimum atoms per cell: 1
Simulation box: 
lx: 144.12 Ang
ly: 156.13 Ang
lz: 156.13 Ang
linked-cell calculation time: 0.00233102 s
time info: 0.000157118 s
*********************************************************
Trajectory calculations 
*********************************************************
out target time: 15.6565 s
Ntraj: 10000
Nfree: 846
Nscatter: 9153
Nlost: 1
omega: 2020.66
Ntraj: 10000
Nfree: 802
Nscatter: 9196
Nlost: 2
omega: 1957.79
Ntraj: 10000
Nfree: 776
Nscatter: 9224
Nlost: 0
omega: 1956.14
Ntraj: 10000
Nfree: 797
Nscatter: 9202
Nlost: 1
omega: 1941.64
Ntraj: 10000
Nfree: 789
Nscatter: 9208
Nlost: 3
omega: 1968.47
Ntraj: 10000
Nfree: 849
Nscatter: 9150
Nlost: 1
omega: 2022.03
Ntraj: 10000
Nfree: 833
Nscatter: 9165
Nlost: 2
omega: 1935.21
Ntraj: 10000
Nfree: 841
Nscatter: 9158
Nlost: 1
omega: 1894.91
Ntraj: 10000
Nfree: 847
Nscatter: 9148
Nlost: 5
omega: 1939.98
Ntraj: 10000
Nfree: 795
Nscatter: 9203
Nlost: 2
omega: 1993.69
*********************************************************
task: 0
worker id: 81267
time create lcl and mol: 0.000530005 s
numbers of trajectories: 25000
time trajectory calculation: 12.8571 s
task: 1
worker id: 26473
time create lcl and mol: 0.000507116 s
numbers of trajectories: 25000
time trajectory calculation: 15.6254 s
task: 2
worker id: 27769
time create lcl and mol: 0.000771999 s
numbers of trajectories: 25000
time trajectory calculation: 12.6669 s
task: 3
worker id: 20104
time create lcl and mol: 0.000607014 s
numbers of trajectories: 25000
time trajectory calculation: 13.7901 s
CCS time: 15.668 s
*********************************************************
average value of CCS = 1963.05 Ang^2
error value of CCS = 11.9375 Ang^2
Total time: 15.8303 s
Program finished...
*********************************************************
INPUT:: Simulation Parameters 
*********************************************************
target filename                  : 10_1vxg_carga_4_min.xyz
number of probe                  : 10000
number of iterarions             : 10
number of tasks                  : 4
number of threads                : 24
seed number                      : 2104
gas buffer                       : N2
Target Temperature (K)           : 298
timestep (fs)                    : 10
Skin cell size (Ang)             : 0.01
Equipotential                    : no
Cut short-range interaction      : yes
LJ cutoff (Ang)                  : 12
Apply long-range interaction     : yes
Cut long-range interaction       : yes
Coulomb cutoff (Ang)             : 25
Apply induced-dipole interaction : yes
alpha (Ang^3)                    : 1.71
force_type: 6
*********************************************************
Force Field parameters: 
*********************************************************
Symbol  mass (amu)  epislon (kcal/mol)  sigma(Angstroms) 
C   12.011   0.0824736   3.2255
N   14.007   0.0758527   3.5719
H   1.008   0.0362711   1.8986
O   15.999   0.062323   3.075
S   32.06   0.138032   3.4237
P   30.9738   0.145372   3.47
*********************************************************
MOLECULE:: orientation around the inertia principal axis 
*********************************************************
Inertia matrix a.u. Ang^2: 
{  2.34175e+06  91193.5  303127  }
{  91193.5  2.88304e+06  512515  }
{  303127  512515  2.68677e+06  }
Rotation matrix applied to molecule: 
{  0.253053  0.719577  0.646663  }
{  0.677873  0.345022  -0.649191  }
{  -0.690256  0.602635  -0.400473  }
Molecule radius: 24.8568 Ang 
orientation time of molecule target: 0.00317717 s
target mass: 17204 amu
gas mass: 28.014 amu
reduce mass: 28.014 amu
charge state: 4 e
*********************************************************
Geometric Ellipsoid: 
*********************************************************
maximal distances: 14.9608  23.1086  23.8692  Ang
Initial axis length: 66.0684  74.2162  74.9768  Ang
Ellipsoid axis length: 67.9284  76.0762  76.8368  Ang
ellipsoid calculation time: 4.41074e-05 s
maximal impact parameter: 76.8368 Ang
*********************************************************
Linked-cell: 
Numbers of cells: 2028
Nx: 12 Ny: 13 Nz: 13
Filled cells: 45
Empty cells: 1983
Average atoms per cell: 54.6889
Maximum atoms per cell: 165
Minimum atoms per cell: 1
Simulation box: 
lx: 144.12 Ang
ly: 156.13 Ang
lz: 156.13 Ang
linked-cell calculation time: 0.00225186 s
time info: 0.000117064 s
*********************************************************
Trajectory calculations 
*********************************************************
out target time: 15.2962 s
Ntraj: 10000
Nfree: 846
Nscatter: 9153
Nlost: 1
omega: 2020.66
Ntraj: 10000
Nfree: 802
Nscatter: 9196
Nlost: 2
omega: 1957.79
Ntraj: 10000
Nfree: 776
Nscatter: 9224
Nlost: 0
omega: 1956.14
Ntraj: 10000
Nfree: 797
Nscatter: 9202
Nlost: 1
omega: 1941.64
Ntraj: 10000
Nfree: 789
Nscatter: 9208
Nlost: 3
omega: 1968.47
Ntraj: 10000
Nfree: 849
Nscatter: 9150
Nlost: 1
omega: 2022.03
Ntraj: 10000
Nfree: 833
Nscatter: 9165
Nlost: 2
omega: 1935.21
Ntraj: 10000
Nfree: 841
Nscatter: 9158
Nlost: 1
omega: 1894.91
Ntraj: 10000
Nfree: 847
Nscatter: 9148
Nlost: 5
omega: 1939.98
Ntraj: 10000
Nfree: 795
Nscatter: 9203
Nlost: 2
omega: 1993.69
*********************************************************
task: 0
worker id: 27184
time create lcl and mol: 0.000520945 s
numbers of trajectories: 25000
time trajectory calculation: 12.7513 s
task: 1
worker id: 20819
time create lcl and mol: 0.000538111 s
numbers of trajectories: 25000
time trajectory calculation: 15.2705 s
task: 2
worker id: 28477
time create lcl and mol: 0.000461817 s
numbers of trajectories: 25000
time trajectory calculation: 12.7592 s
task: 3
worker id: 81978
time create lcl and mol: 0.000525951 s
numbers of trajectories: 25000
time trajectory calculation: 13.9104 s
CCS time: 15.3061 s
*********************************************************
average value of CCS = 1963.05 Ang^2
error value of CCS = 11.9375 Ang^2
Total time: 15.3168 s
Program finished...
*********************************************************
INPUT:: Simulation Parameters 
*********************************************************
target filename                  : 10_1vxg_carga_4_min.xyz
number of probe                  : 10000
number of iterarions             : 10
number of tasks                  : 4
number of threads                : 24
seed number                      : 2104
gas buffer                       : N2
Target Temperature (K)           : 298
timestep (fs)                    : 10
Skin cell size (Ang)             : 0.01
Equipotential                    : no
Cut short-range interaction      : yes
LJ cutoff (Ang)                  : 12
Apply long-range interaction     : yes
Cut long-range interaction       : yes
Coulomb cutoff (Ang)             : 25
Apply induced-dipole interaction : yes
alpha (Ang^3)                    : 1.71
force_type: 6
*********************************************************
Force Field parameters: 
*********************************************************
Symbol  mass (amu)  epislon (kcal/mol)  sigma(Angstroms) 
C   12.011   0.0824736   3.2255
N   14.007   0.0758527   3.5719
H   1.008   0.0362711   1.8986
O   15.999   0.062323   3.075
S   32.06   0.138032   3.4237
P   30.9738   0.145372   3.47
*********************************************************
MOLECULE:: orientation around the inertia principal axis 
*********************************************************
Inertia matrix a.u. Ang^2: 
{  2.34175e+06  91193.5  303127  }
{  91193.5  2.88304e+06  512515  }
{  303127  512515  2.68677e+06  }
Rotation matrix applied to molecule: 
{  0.253053  0.719577  0.646663  }
{  0.677873  0.345022  -0.649191  }
{  -0.690256  0.602635  -0.400473  }
Molecule radius: 24.8568 Ang 
orientation time of molecule target: 0.00317001 s
target mass: 17204 amu
gas mass: 28.014 amu
reduce mass: 28.014 amu
charge state: 4 e
*********************************************************
Geometric Ellipsoid: 
*********************************************************
maximal distances: 14.9608  23.1086  23.8692  Ang
Initial axis length: 66.0684  74.2162  74.9768  Ang
Ellipsoid axis length: 67.9284  76.0762  76.8368  Ang
ellipsoid calculation time: 5.50747e-05 s
maximal impact parameter: 76.8368 Ang
*********************************************************
Linked-cell: 
Numbers of cells: 2028
Nx: 12 Ny: 13 Nz: 13
Filled cells: 45
Empty cells: 1983
Average atoms per cell: 54.6889
Maximum atoms per cell: 165
Minimum atoms per cell: 1
Simulation box: 
lx: 144.12 Ang
ly: 156.13 Ang
lz: 156.13 Ang
linked-cell calculation time: 0.00222802 s
time info: 0.000117064 s
*********************************************************
Trajectory calculations 
*********************************************************
out target time: 15.6303 s
Ntraj: 10000
Nfree: 846
Nscatter: 9153
Nlost: 1
omega: 2020.66
Ntraj: 10000
Nfree: 802
Nscatter: 9196
Nlost: 2
omega: 1957.79
Ntraj: 10000
Nfree: 776
Nscatter: 9224
Nlost: 0
omega: 1956.14
Ntraj: 10000
Nfree: 797
Nscatter: 9202
Nlost: 1
omega: 1941.64
Ntraj: 10000
Nfree: 789
Nscatter: 9208
Nlost: 3
omega: 1968.47
Ntraj: 10000
Nfree: 849
Nscatter: 9150
Nlost: 1
omega: 2022.03
Ntraj: 10000
Nfree: 833
Nscatter: 9165
Nlost: 2
omega: 1935.21
Ntraj: 10000
Nfree: 841
Nscatter: 9158
Nlost: 1
omega: 1894.91
Ntraj: 10000
Nfree: 847
Nscatter: 9148
Nlost: 5
omega: 1939.98
Ntraj: 10000
Nfree: 795
Nscatter: 9203
Nlost: 2
omega: 1993.69
*********************************************************
task: 0
worker id: 28883
time create lcl and mol: 0.000476122 s
numbers of trajectories: 25000
time trajectory calculation: 12.794 s
task: 1
worker id: 82385
time create lcl and mol: 0.000526905 s
numbers of trajectories: 25000
time trajectory calculation: 15.6035 s
task: 2
worker id: 21223
time create lcl and mol: 0.000513077 s
numbers of trajectories: 25000
time trajectory calculation: 12.794 s
task: 3
worker id: 27589
time create lcl and mol: 0.000521183 s
numbers of trajectories: 25000
time trajectory calculation: 14.0891 s
CCS time: 15.6401 s
*********************************************************
average value of CCS = 1963.05 Ang^2
error value of CCS = 11.9375 Ang^2
Total time: 15.6513 s
Program finished...
*********************************************************
INPUT:: Simulation Parameters 
*********************************************************
target filename                  : 10_1vxg_carga_4_min.xyz
number of probe                  : 10000
number of iterarions             : 10
number of tasks                  : 4
number of threads                : 24
seed number                      : 2104
gas buffer                       : N2
Target Temperature (K)           : 298
timestep (fs)                    : 10
Skin cell size (Ang)             : 0.01
Equipotential                    : no
Cut short-range interaction      : yes
LJ cutoff (Ang)                  : 12
Apply long-range interaction     : yes
Cut long-range interaction       : yes
Coulomb cutoff (Ang)             : 25
Apply induced-dipole interaction : yes
alpha (Ang^3)                    : 1.71
force_type: 6
*********************************************************
Force Field parameters: 
*********************************************************
Symbol  mass (amu)  epislon (kcal/mol)  sigma(Angstroms) 
C   12.011   0.0824736   3.2255
N   14.007   0.0758527   3.5719
H   1.008   0.0362711   1.8986
O   15.999   0.062323   3.075
S   32.06   0.138032   3.4237
P   30.9738   0.145372   3.47
*********************************************************
MOLECULE:: orientation around the inertia principal axis 
*********************************************************
Inertia matrix a.u. Ang^2: 
{  2.34175e+06  91193.5  303127  }
{  91193.5  2.88304e+06  512515  }
{  303127  512515  2.68677e+06  }
Rotation matrix applied to molecule: 
{  0.253053  0.719577  0.646663  }
{  0.677873  0.345022  -0.649191  }
{  -0.690256  0.602635  -0.400473  }
Molecule radius: 24.8568 Ang 
orientation time of molecule target: 0.00343323 s
target mass: 17204 amu
gas mass: 28.014 amu
reduce mass: 28.014 amu
charge state: 4 e
*********************************************************
Geometric Ellipsoid: 
*********************************************************
maximal distances: 14.9608  23.1086  23.8692  Ang
Initial axis length: 66.0684  74.2162  74.9768  Ang
Ellipsoid axis length: 67.9284  76.0762  76.8368  Ang
ellipsoid calculation time: 9.39369e-05 s
maximal impact parameter: 76.8368 Ang
*********************************************************
Linked-cell: 
Numbers of cells: 2028
Nx: 12 Ny: 13 Nz: 13
Filled cells: 45
Empty cells: 1983
Average atoms per cell: 54.6889
Maximum atoms per cell: 165
Minimum atoms per cell: 1
Simulation box: 
lx: 144.12 Ang
ly: 156.13 Ang
lz: 156.13 Ang
linked-cell calculation time: 0.00219488 s
time info: 0.00011611 s
*********************************************************
Trajectory calculations 
*********************************************************
out target time: 15.5152 s
Ntraj: 10000
Nfree: 846
Nscatter: 9153
Nlost: 1
omega: 2020.66
Ntraj: 10000
Nfree: 802
Nscatter: 9196
Nlost: 2
omega: 1957.79
Ntraj: 10000
Nfree: 776
Nscatter: 9224
Nlost: 0
omega: 1956.14
Ntraj: 10000
Nfree: 797
Nscatter: 9202
Nlost: 1
omega: 1941.64
Ntraj: 10000
Nfree: 789
Nscatter: 9208
Nlost: 3
omega: 1968.47
Ntraj: 10000
Nfree: 849
Nscatter: 9150
Nlost: 1
omega: 2022.03
Ntraj: 10000
Nfree: 833
Nscatter: 9165
Nlost: 2
omega: 1935.21
Ntraj: 10000
Nfree: 841
Nscatter: 9158
Nlost: 1
omega: 1894.91
Ntraj: 10000
Nfree: 847
Nscatter: 9148
Nlost: 5
omega: 1939.98
Ntraj: 10000
Nfree: 795
Nscatter: 9203
Nlost: 2
omega: 1993.69
*********************************************************
task: 0
worker id: 83103
time create lcl and mol: 0.000504971 s
numbers of trajectories: 25000
time trajectory calculation: 12.9707 s
task: 1
worker id: 21935
time create lcl and mol: 0.000539064 s
numbers of trajectories: 25000
time trajectory calculation: 15.4882 s
task: 2
worker id: 28304
time create lcl and mol: 0.00050211 s
numbers of trajectories: 25000
time trajectory calculation: 12.6921 s
task: 3
worker id: 29594
time create lcl and mol: 0.000530005 s
numbers of trajectories: 25000
time trajectory calculation: 13.5945 s
CCS time: 15.5251 s
*********************************************************
average value of CCS = 1963.05 Ang^2
error value of CCS = 11.9375 Ang^2
Total time: 15.5364 s
Program finished...
*********************************************************
INPUT:: Simulation Parameters 
*********************************************************
target filename                  : 10_1vxg_carga_4_min.xyz
number of probe                  : 10000
number of iterarions             : 10
number of tasks                  : 4
number of threads                : 24
seed number                      : 2104
gas buffer                       : N2
Target Temperature (K)           : 298
timestep (fs)                    : 10
Skin cell size (Ang)             : 0.01
Equipotential                    : no
Cut short-range interaction      : yes
LJ cutoff (Ang)                  : 12
Apply long-range interaction     : yes
Cut long-range interaction       : yes
Coulomb cutoff (Ang)             : 25
Apply induced-dipole interaction : yes
alpha (Ang^3)                    : 1.71
force_type: 6
*********************************************************
Force Field parameters: 
*********************************************************
Symbol  mass (amu)  epislon (kcal/mol)  sigma(Angstroms) 
C   12.011   0.0824736   3.2255
N   14.007   0.0758527   3.5719
H   1.008   0.0362711   1.8986
O   15.999   0.062323   3.075
S   32.06   0.138032   3.4237
P   30.9738   0.145372   3.47
*********************************************************
MOLECULE:: orientation around the inertia principal axis 
*********************************************************
Inertia matrix a.u. Ang^2: 
{  2.34175e+06  91193.5  303127  }
{  91193.5  2.88304e+06  512515  }
{  303127  512515  2.68677e+06  }
Rotation matrix applied to molecule: 
{  0.253053  0.719577  0.646663  }
{  0.677873  0.345022  -0.649191  }
{  -0.690256  0.602635  -0.400473  }
Molecule radius: 24.8568 Ang 
orientation time of molecule target: 0.00306797 s
target mass: 17204 amu
gas mass: 28.014 amu
reduce mass: 28.014 amu
charge state: 4 e
*********************************************************
Geometric Ellipsoid: 
*********************************************************
maximal distances: 14.9608  23.1086  23.8692  Ang
Initial axis length: 66.0684  74.2162  74.9768  Ang
Ellipsoid axis length: 67.9284  76.0762  76.8368  Ang
ellipsoid calculation time: 5.19753e-05 s
maximal impact parameter: 76.8368 Ang
*********************************************************
Linked-cell: 
Numbers of cells: 2028
Nx: 12 Ny: 13 Nz: 13
Filled cells: 45
Empty cells: 1983
Average atoms per cell: 54.6889
Maximum atoms per cell: 165
Minimum atoms per cell: 1
Simulation box: 
lx: 144.12 Ang
ly: 156.13 Ang
lz: 156.13 Ang
linked-cell calculation time: 0.00226903 s
time info: 0.000118017 s
*********************************************************
Trajectory calculations 
*********************************************************
out target time: 15.3855 s
Ntraj: 10000
Nfree: 846
Nscatter: 9153
Nlost: 1
omega: 2020.66
Ntraj: 10000
Nfree: 802
Nscatter: 9196
Nlost: 2
omega: 1957.79
Ntraj: 10000
Nfree: 776
Nscatter: 9224
Nlost: 0
omega: 1956.14
Ntraj: 10000
Nfree: 797
Nscatter: 9202
Nlost: 1
omega: 1941.64
Ntraj: 10000
Nfree: 789
Nscatter: 9208
Nlost: 3
omega: 1968.47
Ntraj: 10000
Nfree: 849
Nscatter: 9150
Nlost: 1
omega: 2022.03
Ntraj: 10000
Nfree: 833
Nscatter: 9165
Nlost: 2
omega: 1935.21
Ntraj: 10000
Nfree: 841
Nscatter: 9158
Nlost: 1
omega: 1894.91
Ntraj: 10000
Nfree: 847
Nscatter: 9148
Nlost: 5
omega: 1939.98
Ntraj: 10000
Nfree: 795
Nscatter: 9203
Nlost: 2
omega: 1993.69
*********************************************************
task: 0
worker id: 29036
time create lcl and mol: 0.000540018 s
numbers of trajectories: 25000
time trajectory calculation: 12.8982 s
task: 1
worker id: 30324
time create lcl and mol: 0.000539064 s
numbers of trajectories: 25000
time trajectory calculation: 15.3573 s
task: 2
worker id: 22663
time create lcl and mol: 0.000513077 s
numbers of trajectories: 25000
time trajectory calculation: 12.7689 s
task: 3
worker id: 83832
time create lcl and mol: 0.000509977 s
numbers of trajectories: 25000
time trajectory calculation: 13.8193 s
CCS time: 15.3953 s
*********************************************************
average value of CCS = 1963.05 Ang^2
error value of CCS = 11.9375 Ang^2
Total time: 15.406 s
Program finished...
