*********************************************************
INPUT:: Simulation Parameters 
*********************************************************
target filename                  : 7w17.xyz
number of probe                  : 10000
number of iterarions             : 10
number of tasks                  : 8
number of threads                : 24
seed number                      : 2104
gas buffer                       : N2
Target Temperature (K)           : 298
timestep (fs)                    : 10
Skin cell size (Ang)             : 0.01
Equipotential                    : no
Cut short-range interaction      : yes
LJ cutoff (Ang)                  : 12
Apply long-range interaction     : yes
Cut long-range interaction       : yes
Coulomb cutoff (Ang)             : 25
Apply induced-dipole interaction : yes
alpha (Ang^3)                    : 1.71
force_type: 6
*********************************************************
Force Field parameters: 
*********************************************************
Symbol  mass (amu)  epislon (kcal/mol)  sigma(Angstroms) 
C   12.011   0.0824736   3.2255
N   14.007   0.0758527   3.5719
H   1.008   0.0362711   1.8986
O   15.999   0.062323   3.075
S   32.06   0.138032   3.4237
P   30.9738   0.145372   3.47
*********************************************************
MOLECULE:: orientation around the inertia principal axis 
*********************************************************
Inertia matrix a.u. Ang^2: 
{  6.63676e+10  1377.42  -497.502  }
{  1377.42  6.63676e+10  1063.62  }
{  -497.502  1063.62  6.63676e+10  }
Rotation matrix applied to molecule: 
{  0.999999  0.00114971  -0.000416152  }
{  -0.00230802  0.999996  -0.00177314  }
{  0.000414111  0.0017741  0.999998  }
Molecule radius: 171.043 Ang 
orientation time of molecule target: 3.13351 s
target mass: 5.43303e+06 amu
gas mass: 28.014 amu
reduce mass: 28.014 amu
charge state: -300 e
*********************************************************
Geometric Ellipsoid: 
*********************************************************
maximal distances: 162.188  160.956  171.043  Ang
Initial axis length: 213.295  212.063  222.151  Ang
Ellipsoid axis length: 221.755  220.523  230.611  Ang
ellipsoid calculation time: 0.00465393 s
maximal impact parameter: 230.611 Ang
*********************************************************
Linked-cell: 
Numbers of cells: 53391
Nx: 37 Ny: 37 Nz: 39
Filled cells: 7300
Empty cells: 46091
Average atoms per cell: 102.986
Maximum atoms per cell: 200
Minimum atoms per cell: 1
Simulation box: 
lx: 444.37 Ang
ly: 444.37 Ang
lz: 468.39 Ang
linked-cell calculation time: 0.133427 s
time info: 0.0179389 s
*********************************************************
Trajectory calculations 
*********************************************************
out target time: 160.434 s
Ntraj: 10000
Nfree: 565
Nscatter: 9432
Nlost: 3
omega: 114411
Ntraj: 10000
Nfree: 496
Nscatter: 9502
Nlost: 2
omega: 114891
Ntraj: 10000
Nfree: 538
Nscatter: 9456
Nlost: 6
omega: 115981
Ntraj: 10000
Nfree: 536
Nscatter: 9462
Nlost: 2
omega: 114574
Ntraj: 10000
Nfree: 580
Nscatter: 9415
Nlost: 5
omega: 116661
Ntraj: 10000
Nfree: 538
Nscatter: 9460
Nlost: 2
omega: 116174
Ntraj: 10000
Nfree: 525
Nscatter: 9475
Nlost: 0
omega: 114064
Ntraj: 10000
Nfree: 568
Nscatter: 9430
Nlost: 2
omega: 113326
Ntraj: 10000
Nfree: 535
Nscatter: 9465
Nlost: 0
omega: 114425
Ntraj: 10000
Nfree: 518
Nscatter: 9481
Nlost: 1
omega: 117691
*********************************************************
task: 0
worker id: 11394
time create lcl and mol: 0.0257339 s
numbers of trajectories: 12500
time trajectory calculation: 93.1365 s
task: 1
worker id: 64387
time create lcl and mol: 0.025316 s
numbers of trajectories: 12500
time trajectory calculation: 96.1862 s
task: 2
worker id: 16005
time create lcl and mol: 0.025471 s
numbers of trajectories: 12500
time trajectory calculation: 110.991 s
task: 3
worker id: 9940
time create lcl and mol: 0.0258491 s
numbers of trajectories: 12500
time trajectory calculation: 124.26 s
task: 4
worker id: 44634
time create lcl and mol: 0.0256691 s
numbers of trajectories: 12500
time trajectory calculation: 118.834 s
task: 5
worker id: 35084
time create lcl and mol: 0.025749 s
numbers of trajectories: 12500
time trajectory calculation: 104.414 s
task: 6
worker id: 23946
time create lcl and mol: 0.0256772 s
numbers of trajectories: 12500
time trajectory calculation: 160.328 s
task: 7
worker id: 42162
time create lcl and mol: 0.0257289 s
numbers of trajectories: 12500
time trajectory calculation: 125.198 s
CCS time: 160.462 s
*********************************************************
average value of CCS = 115220 Ang^2
error value of CCS = 405.06 Ang^2
Total time: 163.738 s
Program finished...
*********************************************************
INPUT:: Simulation Parameters 
*********************************************************
target filename                  : 7w17.xyz
number of probe                  : 10000
number of iterarions             : 10
number of tasks                  : 8
number of threads                : 24
seed number                      : 2104
gas buffer                       : N2
Target Temperature (K)           : 298
timestep (fs)                    : 10
Skin cell size (Ang)             : 0.01
Equipotential                    : no
Cut short-range interaction      : yes
LJ cutoff (Ang)                  : 12
Apply long-range interaction     : yes
Cut long-range interaction       : yes
Coulomb cutoff (Ang)             : 25
Apply induced-dipole interaction : yes
alpha (Ang^3)                    : 1.71
force_type: 6
*********************************************************
Force Field parameters: 
*********************************************************
Symbol  mass (amu)  epislon (kcal/mol)  sigma(Angstroms) 
C   12.011   0.0824736   3.2255
N   14.007   0.0758527   3.5719
H   1.008   0.0362711   1.8986
O   15.999   0.062323   3.075
S   32.06   0.138032   3.4237
P   30.9738   0.145372   3.47
*********************************************************
MOLECULE:: orientation around the inertia principal axis 
*********************************************************
Inertia matrix a.u. Ang^2: 
{  6.63676e+10  1377.42  -497.502  }
{  1377.42  6.63676e+10  1063.62  }
{  -497.502  1063.62  6.63676e+10  }
Rotation matrix applied to molecule: 
{  0.999999  0.00114971  -0.000416152  }
{  -0.00230802  0.999996  -0.00177314  }
{  0.000414111  0.0017741  0.999998  }
Molecule radius: 171.043 Ang 
orientation time of molecule target: 0.801735 s
target mass: 5.43303e+06 amu
gas mass: 28.014 amu
reduce mass: 28.014 amu
charge state: -300 e
*********************************************************
Geometric Ellipsoid: 
*********************************************************
maximal distances: 162.188  160.956  171.043  Ang
Initial axis length: 213.295  212.063  222.151  Ang
Ellipsoid axis length: 221.755  220.523  230.611  Ang
ellipsoid calculation time: 0.00465202 s
maximal impact parameter: 230.611 Ang
*********************************************************
Linked-cell: 
Numbers of cells: 53391
Nx: 37 Ny: 37 Nz: 39
Filled cells: 7300
Empty cells: 46091
Average atoms per cell: 102.986
Maximum atoms per cell: 200
Minimum atoms per cell: 1
Simulation box: 
lx: 444.37 Ang
ly: 444.37 Ang
lz: 468.39 Ang
linked-cell calculation time: 0.132985 s
time info: 0.0175009 s
*********************************************************
Trajectory calculations 
*********************************************************
out target time: 158.504 s
Ntraj: 10000
Nfree: 565
Nscatter: 9432
Nlost: 3
omega: 114411
Ntraj: 10000
Nfree: 496
Nscatter: 9502
Nlost: 2
omega: 114891
Ntraj: 10000
Nfree: 538
Nscatter: 9456
Nlost: 6
omega: 115981
Ntraj: 10000
Nfree: 536
Nscatter: 9462
Nlost: 2
omega: 114574
Ntraj: 10000
Nfree: 580
Nscatter: 9415
Nlost: 5
omega: 116661
Ntraj: 10000
Nfree: 538
Nscatter: 9460
Nlost: 2
omega: 116174
Ntraj: 10000
Nfree: 525
Nscatter: 9475
Nlost: 0
omega: 114064
Ntraj: 10000
Nfree: 568
Nscatter: 9430
Nlost: 2
omega: 113326
Ntraj: 10000
Nfree: 535
Nscatter: 9465
Nlost: 0
omega: 114425
Ntraj: 10000
Nfree: 518
Nscatter: 9481
Nlost: 1
omega: 117691
*********************************************************
task: 0
worker id: 49788
time create lcl and mol: 0.025876 s
numbers of trajectories: 12500
time trajectory calculation: 93.3309 s
task: 1
worker id: 40233
time create lcl and mol: 0.025846 s
numbers of trajectories: 12500
time trajectory calculation: 95.5628 s
task: 2
worker id: 69544
time create lcl and mol: 0.025466 s
numbers of trajectories: 12500
time trajectory calculation: 110.746 s
task: 3
worker id: 16544
time create lcl and mol: 0.0256181 s
numbers of trajectories: 12500
time trajectory calculation: 124.24 s
task: 4
worker id: 15102
time create lcl and mol: 0.025306 s
numbers of trajectories: 12500
time trajectory calculation: 118.635 s
task: 5
worker id: 29089
time create lcl and mol: 0.0256932 s
numbers of trajectories: 12500
time trajectory calculation: 104.378 s
task: 6
worker id: 47311
time create lcl and mol: 0.0258429 s
numbers of trajectories: 12500
time trajectory calculation: 158.401 s
task: 7
worker id: 21152
time create lcl and mol: 0.0252109 s
numbers of trajectories: 12500
time trajectory calculation: 124.287 s
CCS time: 158.531 s
*********************************************************
average value of CCS = 115220 Ang^2
error value of CCS = 405.06 Ang^2
Total time: 159.476 s
Program finished...
*********************************************************
INPUT:: Simulation Parameters 
*********************************************************
target filename                  : 7w17.xyz
number of probe                  : 10000
number of iterarions             : 10
number of tasks                  : 8
number of threads                : 24
seed number                      : 2104
gas buffer                       : N2
Target Temperature (K)           : 298
timestep (fs)                    : 10
Skin cell size (Ang)             : 0.01
Equipotential                    : no
Cut short-range interaction      : yes
LJ cutoff (Ang)                  : 12
Apply long-range interaction     : yes
Cut long-range interaction       : yes
Coulomb cutoff (Ang)             : 25
Apply induced-dipole interaction : yes
alpha (Ang^3)                    : 1.71
force_type: 6
*********************************************************
Force Field parameters: 
*********************************************************
Symbol  mass (amu)  epislon (kcal/mol)  sigma(Angstroms) 
C   12.011   0.0824736   3.2255
N   14.007   0.0758527   3.5719
H   1.008   0.0362711   1.8986
O   15.999   0.062323   3.075
S   32.06   0.138032   3.4237
P   30.9738   0.145372   3.47
*********************************************************
MOLECULE:: orientation around the inertia principal axis 
*********************************************************
Inertia matrix a.u. Ang^2: 
{  6.63676e+10  1377.42  -497.502  }
{  1377.42  6.63676e+10  1063.62  }
{  -497.502  1063.62  6.63676e+10  }
Rotation matrix applied to molecule: 
{  0.999999  0.00114971  -0.000416152  }
{  -0.00230802  0.999996  -0.00177314  }
{  0.000414111  0.0017741  0.999998  }
Molecule radius: 171.043 Ang 
orientation time of molecule target: 0.800455 s
target mass: 5.43303e+06 amu
gas mass: 28.014 amu
reduce mass: 28.014 amu
charge state: -300 e
*********************************************************
Geometric Ellipsoid: 
*********************************************************
maximal distances: 162.188  160.956  171.043  Ang
Initial axis length: 213.295  212.063  222.151  Ang
Ellipsoid axis length: 221.755  220.523  230.611  Ang
ellipsoid calculation time: 0.00457096 s
maximal impact parameter: 230.611 Ang
*********************************************************
Linked-cell: 
Numbers of cells: 53391
Nx: 37 Ny: 37 Nz: 39
Filled cells: 7300
Empty cells: 46091
Average atoms per cell: 102.986
Maximum atoms per cell: 200
Minimum atoms per cell: 1
Simulation box: 
lx: 444.37 Ang
ly: 444.37 Ang
lz: 468.39 Ang
linked-cell calculation time: 0.134196 s
time info: 0.0181279 s
*********************************************************
Trajectory calculations 
*********************************************************
out target time: 159.214 s
Ntraj: 10000
Nfree: 565
Nscatter: 9432
Nlost: 3
omega: 114411
Ntraj: 10000
Nfree: 496
Nscatter: 9502
Nlost: 2
omega: 114891
Ntraj: 10000
Nfree: 538
Nscatter: 9456
Nlost: 6
omega: 115981
Ntraj: 10000
Nfree: 536
Nscatter: 9462
Nlost: 2
omega: 114574
Ntraj: 10000
Nfree: 580
Nscatter: 9415
Nlost: 5
omega: 116661
Ntraj: 10000
Nfree: 538
Nscatter: 9460
Nlost: 2
omega: 116174
Ntraj: 10000
Nfree: 525
Nscatter: 9475
Nlost: 0
omega: 114064
Ntraj: 10000
Nfree: 568
Nscatter: 9430
Nlost: 2
omega: 113326
Ntraj: 10000
Nfree: 535
Nscatter: 9465
Nlost: 0
omega: 114425
Ntraj: 10000
Nfree: 518
Nscatter: 9481
Nlost: 1
omega: 117691
*********************************************************
task: 0
worker id: 26382
time create lcl and mol: 0.0250921 s
numbers of trajectories: 12500
time trajectory calculation: 91.2452 s
task: 1
worker id: 55028
time create lcl and mol: 0.0266869 s
numbers of trajectories: 12500
time trajectory calculation: 95.5981 s
task: 2
worker id: 21782
time create lcl and mol: 0.025588 s
numbers of trajectories: 12500
time trajectory calculation: 111.639 s
task: 3
worker id: 52534
time create lcl and mol: 0.025141 s
numbers of trajectories: 12500
time trajectory calculation: 123.866 s
task: 4
worker id: 20354
time create lcl and mol: 0.0255852 s
numbers of trajectories: 12500
time trajectory calculation: 119.083 s
task: 5
worker id: 45470
time create lcl and mol: 0.0254109 s
numbers of trajectories: 12500
time trajectory calculation: 104.702 s
task: 6
worker id: 34327
time create lcl and mol: 0.0257201 s
numbers of trajectories: 12500
time trajectory calculation: 159.114 s
task: 7
worker id: 74774
time create lcl and mol: 0.025429 s
numbers of trajectories: 12500
time trajectory calculation: 125.409 s
CCS time: 159.242 s
*********************************************************
average value of CCS = 115220 Ang^2
error value of CCS = 405.06 Ang^2
Total time: 160.186 s
Program finished...
*********************************************************
INPUT:: Simulation Parameters 
*********************************************************
target filename                  : 7w17.xyz
number of probe                  : 10000
number of iterarions             : 10
number of tasks                  : 8
number of threads                : 24
seed number                      : 2104
gas buffer                       : N2
Target Temperature (K)           : 298
timestep (fs)                    : 10
Skin cell size (Ang)             : 0.01
Equipotential                    : no
Cut short-range interaction      : yes
LJ cutoff (Ang)                  : 12
Apply long-range interaction     : yes
Cut long-range interaction       : yes
Coulomb cutoff (Ang)             : 25
Apply induced-dipole interaction : yes
alpha (Ang^3)                    : 1.71
force_type: 6
*********************************************************
Force Field parameters: 
*********************************************************
Symbol  mass (amu)  epislon (kcal/mol)  sigma(Angstroms) 
C   12.011   0.0824736   3.2255
N   14.007   0.0758527   3.5719
H   1.008   0.0362711   1.8986
O   15.999   0.062323   3.075
S   32.06   0.138032   3.4237
P   30.9738   0.145372   3.47
*********************************************************
MOLECULE:: orientation around the inertia principal axis 
*********************************************************
Inertia matrix a.u. Ang^2: 
{  6.63676e+10  1377.42  -497.502  }
{  1377.42  6.63676e+10  1063.62  }
{  -497.502  1063.62  6.63676e+10  }
Rotation matrix applied to molecule: 
{  0.999999  0.00114971  -0.000416152  }
{  -0.00230802  0.999996  -0.00177314  }
{  0.000414111  0.0017741  0.999998  }
Molecule radius: 171.043 Ang 
orientation time of molecule target: 0.849112 s
target mass: 5.43303e+06 amu
gas mass: 28.014 amu
reduce mass: 28.014 amu
charge state: -300 e
*********************************************************
Geometric Ellipsoid: 
*********************************************************
maximal distances: 162.188  160.956  171.043  Ang
Initial axis length: 213.295  212.063  222.151  Ang
Ellipsoid axis length: 221.755  220.523  230.611  Ang
ellipsoid calculation time: 0.00464988 s
maximal impact parameter: 230.611 Ang
*********************************************************
Linked-cell: 
Numbers of cells: 53391
Nx: 37 Ny: 37 Nz: 39
Filled cells: 7300
Empty cells: 46091
Average atoms per cell: 102.986
Maximum atoms per cell: 200
Minimum atoms per cell: 1
Simulation box: 
lx: 444.37 Ang
ly: 444.37 Ang
lz: 468.39 Ang
linked-cell calculation time: 0.133531 s
time info: 0.017756 s
*********************************************************
Trajectory calculations 
*********************************************************
out target time: 159.953 s
Ntraj: 10000
Nfree: 565
Nscatter: 9432
Nlost: 3
omega: 114411
Ntraj: 10000
Nfree: 496
Nscatter: 9502
Nlost: 2
omega: 114891
Ntraj: 10000
Nfree: 538
Nscatter: 9456
Nlost: 6
omega: 115981
Ntraj: 10000
Nfree: 536
Nscatter: 9462
Nlost: 2
omega: 114574
Ntraj: 10000
Nfree: 580
Nscatter: 9415
Nlost: 5
omega: 116661
Ntraj: 10000
Nfree: 538
Nscatter: 9460
Nlost: 2
omega: 116174
Ntraj: 10000
Nfree: 525
Nscatter: 9475
Nlost: 0
omega: 114064
Ntraj: 10000
Nfree: 568
Nscatter: 9430
Nlost: 2
omega: 113326
Ntraj: 10000
Nfree: 535
Nscatter: 9465
Nlost: 0
omega: 114425
Ntraj: 10000
Nfree: 518
Nscatter: 9481
Nlost: 1
omega: 117691
*********************************************************
task: 0
worker id: 79950
time create lcl and mol: 0.0268209 s
numbers of trajectories: 12500
time trajectory calculation: 92.8068 s
task: 1
worker id: 26955
time create lcl and mol: 0.0261531 s
numbers of trajectories: 12500
time trajectory calculation: 96.3889 s
task: 2
worker id: 39498
time create lcl and mol: 0.0265079 s
numbers of trajectories: 12500
time trajectory calculation: 111.661 s
task: 3
worker id: 50649
time create lcl and mol: 0.0264938 s
numbers of trajectories: 12500
time trajectory calculation: 124.519 s
task: 4
worker id: 60200
time create lcl and mol: 0.026453 s
numbers of trajectories: 12500
time trajectory calculation: 118.489 s
task: 5
worker id: 25537
time create lcl and mol: 0.0255349 s
numbers of trajectories: 12500
time trajectory calculation: 105.128 s
task: 6
worker id: 57711
time create lcl and mol: 0.027003 s
numbers of trajectories: 12500
time trajectory calculation: 159.844 s
task: 7
worker id: 31555
time create lcl and mol: 0.0260761 s
numbers of trajectories: 12500
time trajectory calculation: 123.555 s
CCS time: 159.981 s
*********************************************************
average value of CCS = 115220 Ang^2
error value of CCS = 405.06 Ang^2
Total time: 160.973 s
Program finished...
*********************************************************
INPUT:: Simulation Parameters 
*********************************************************
target filename                  : 7w17.xyz
number of probe                  : 10000
number of iterarions             : 10
number of tasks                  : 8
number of threads                : 24
seed number                      : 2104
gas buffer                       : N2
Target Temperature (K)           : 298
timestep (fs)                    : 10
Skin cell size (Ang)             : 0.01
Equipotential                    : no
Cut short-range interaction      : yes
LJ cutoff (Ang)                  : 12
Apply long-range interaction     : yes
Cut long-range interaction       : yes
Coulomb cutoff (Ang)             : 25
Apply induced-dipole interaction : yes
alpha (Ang^3)                    : 1.71
force_type: 6
*********************************************************
Force Field parameters: 
*********************************************************
Symbol  mass (amu)  epislon (kcal/mol)  sigma(Angstroms) 
C   12.011   0.0824736   3.2255
N   14.007   0.0758527   3.5719
H   1.008   0.0362711   1.8986
O   15.999   0.062323   3.075
S   32.06   0.138032   3.4237
P   30.9738   0.145372   3.47
*********************************************************
MOLECULE:: orientation around the inertia principal axis 
*********************************************************
Inertia matrix a.u. Ang^2: 
{  6.63676e+10  1377.42  -497.502  }
{  1377.42  6.63676e+10  1063.62  }
{  -497.502  1063.62  6.63676e+10  }
Rotation matrix applied to molecule: 
{  0.999999  0.00114971  -0.000416152  }
{  -0.00230802  0.999996  -0.00177314  }
{  0.000414111  0.0017741  0.999998  }
Molecule radius: 171.043 Ang 
orientation time of molecule target: 0.802529 s
target mass: 5.43303e+06 amu
gas mass: 28.014 amu
reduce mass: 28.014 amu
charge state: -300 e
*********************************************************
Geometric Ellipsoid: 
*********************************************************
maximal distances: 162.188  160.956  171.043  Ang
Initial axis length: 213.295  212.063  222.151  Ang
Ellipsoid axis length: 221.755  220.523  230.611  Ang
ellipsoid calculation time: 0.00466204 s
maximal impact parameter: 230.611 Ang
*********************************************************
Linked-cell: 
Numbers of cells: 53391
Nx: 37 Ny: 37 Nz: 39
Filled cells: 7300
Empty cells: 46091
Average atoms per cell: 102.986
Maximum atoms per cell: 200
Minimum atoms per cell: 1
Simulation box: 
lx: 444.37 Ang
ly: 444.37 Ang
lz: 468.39 Ang
linked-cell calculation time: 0.132948 s
time info: 0.0183158 s
*********************************************************
Trajectory calculations 
*********************************************************
out target time: 159.272 s
Ntraj: 10000
Nfree: 565
Nscatter: 9432
Nlost: 3
omega: 114411
Ntraj: 10000
Nfree: 496
Nscatter: 9502
Nlost: 2
omega: 114891
Ntraj: 10000
Nfree: 538
Nscatter: 9456
Nlost: 6
omega: 115981
Ntraj: 10000
Nfree: 536
Nscatter: 9462
Nlost: 2
omega: 114574
Ntraj: 10000
Nfree: 580
Nscatter: 9415
Nlost: 5
omega: 116661
Ntraj: 10000
Nfree: 538
Nscatter: 9460
Nlost: 2
omega: 116174
Ntraj: 10000
Nfree: 525
Nscatter: 9475
Nlost: 0
omega: 114064
Ntraj: 10000
Nfree: 568
Nscatter: 9430
Nlost: 2
omega: 113326
Ntraj: 10000
Nfree: 535
Nscatter: 9465
Nlost: 0
omega: 114425
Ntraj: 10000
Nfree: 518
Nscatter: 9481
Nlost: 1
omega: 117691
*********************************************************
task: 0
worker id: 32423
time create lcl and mol: 0.0253301 s
numbers of trajectories: 12500
time trajectory calculation: 92.1325 s
task: 1
worker id: 56121
time create lcl and mol: 0.0254869 s
numbers of trajectories: 12500
time trajectory calculation: 96.3353 s
task: 2
worker id: 31023
time create lcl and mol: 0.025569 s
numbers of trajectories: 12500
time trajectory calculation: 111.26 s
task: 3
worker id: 65671
time create lcl and mol: 0.0259359 s
numbers of trajectories: 12500
time trajectory calculation: 125.387 s
task: 4
worker id: 44968
time create lcl and mol: 0.0257719 s
numbers of trajectories: 12500
time trajectory calculation: 118.919 s
task: 5
worker id: 63185
time create lcl and mol: 0.0252521 s
numbers of trajectories: 12500
time trajectory calculation: 104.158 s
task: 6
worker id: 37038
time create lcl and mol: 0.025733 s
numbers of trajectories: 12500
time trajectory calculation: 159.148 s
task: 7
worker id: 85434
time create lcl and mol: 0.0255611 s
numbers of trajectories: 12500
time trajectory calculation: 125.394 s
CCS time: 159.3 s
*********************************************************
average value of CCS = 115220 Ang^2
error value of CCS = 405.06 Ang^2
Total time: 160.245 s
Program finished...
