*********************************************************
INPUT:: Simulation Parameters 
*********************************************************
target filename                  : 3j3q.xyz
number of probe                  : 10000
number of iterarions             : 10
number of tasks                  : 2
number of threads                : 24
seed number                      : 2104
gas buffer                       : N2
Target Temperature (K)           : 298
timestep (fs)                    : 10
Skin cell size (Ang)             : 0.01
Equipotential                    : no
Cut short-range interaction      : yes
LJ cutoff (Ang)                  : 12
Apply long-range interaction     : yes
Cut long-range interaction       : yes
Coulomb cutoff (Ang)             : 25
Apply induced-dipole interaction : yes
alpha (Ang^3)                    : 1.71
force_type: 6
*********************************************************
Force Field parameters: 
*********************************************************
Symbol  mass (amu)  epislon (kcal/mol)  sigma(Angstroms) 
C   12.011   0.0824736   3.2255
N   14.007   0.0758527   3.5719
H   1.008   0.0362711   1.8986
O   15.999   0.062323   3.075
S   32.06   0.138032   3.4237
P   30.9738   0.145372   3.47
*********************************************************
MOLECULE:: orientation around the inertia principal axis 
*********************************************************
Inertia matrix a.u. Ang^2: 
{  4.11981e+12  5.55214e+11  1.18732e+11  }
{  5.55214e+11  2.60317e+12  -5.05959e+11  }
{  1.18732e+11  -5.05959e+11  3.97212e+12  }
Rotation matrix applied to molecule: 
{  0.906996  0.35969  -0.219044  }
{  -0.291356  0.911492  0.290335  }
{  0.304088  -0.199513  0.931518  }
Molecule radius: 608.113 Ang 
orientation time of molecule target: 5.35636 s
target mass: 3.48079e+07 amu
gas mass: 28.014 amu
reduce mass: 28.014 amu
charge state: -4068 e
*********************************************************
Geometric Ellipsoid: 
*********************************************************
maximal distances: 328.398  394.005  606.712  Ang
Initial axis length: 379.505  445.113  657.82  Ang
Ellipsoid axis length: 433.795  499.403  712.11  Ang
ellipsoid calculation time: 0.029629 s
maximal impact parameter: 712.11 Ang
*********************************************************
Linked-cell: 
Numbers of cells: 729708
Nx: 73 Ny: 84 Nz: 119
Filled cells: 65672
Empty cells: 664036
Average atoms per cell: 74.3743
Maximum atoms per cell: 207
Minimum atoms per cell: 1
Simulation box: 
lx: 876.73 Ang
ly: 1008.84 Ang
lz: 1429.19 Ang
linked-cell calculation time: 1.22013 s
time info: 0.109152 s
*********************************************************
Trajectory calculations 
*********************************************************
out target time: 428.812 s
Ntraj: 10000
Nfree: 4234
Nscatter: 5759
Nlost: 7
omega: 788370
Ntraj: 10000
Nfree: 4156
Nscatter: 5838
Nlost: 6
omega: 804504
Ntraj: 10000
Nfree: 4098
Nscatter: 5900
Nlost: 2
omega: 786623
Ntraj: 10000
Nfree: 4136
Nscatter: 5861
Nlost: 3
omega: 778460
Ntraj: 10000
Nfree: 4096
Nscatter: 5899
Nlost: 5
omega: 777766
Ntraj: 10000
Nfree: 4201
Nscatter: 5798
Nlost: 1
omega: 784444
Ntraj: 10000
Nfree: 4161
Nscatter: 5836
Nlost: 3
omega: 770323
Ntraj: 10000
Nfree: 4176
Nscatter: 5820
Nlost: 4
omega: 769967
Ntraj: 10000
Nfree: 4142
Nscatter: 5853
Nlost: 5
omega: 776438
Ntraj: 10000
Nfree: 4091
Nscatter: 5904
Nlost: 5
omega: 793963
*********************************************************
task: 0
worker id: 58516
time create lcl and mol: 0.262097 s
numbers of trajectories: 50000
time trajectory calculation: 428.404 s
task: 1
worker id: 24280
time create lcl and mol: 0.279493 s
numbers of trajectories: 50000
time trajectory calculation: 424.81 s
CCS time: 428.931 s
*********************************************************
average value of CCS = 783086 Ang^2
error value of CCS = 3237.59 Ang^2
Total time: 435.543 s
Program finished...
*********************************************************
INPUT:: Simulation Parameters 
*********************************************************
target filename                  : 3j3q.xyz
number of probe                  : 10000
number of iterarions             : 10
number of tasks                  : 2
number of threads                : 24
seed number                      : 2104
gas buffer                       : N2
Target Temperature (K)           : 298
timestep (fs)                    : 10
Skin cell size (Ang)             : 0.01
Equipotential                    : no
Cut short-range interaction      : yes
LJ cutoff (Ang)                  : 12
Apply long-range interaction     : yes
Cut long-range interaction       : yes
Coulomb cutoff (Ang)             : 25
Apply induced-dipole interaction : yes
alpha (Ang^3)                    : 1.71
force_type: 6
*********************************************************
Force Field parameters: 
*********************************************************
Symbol  mass (amu)  epislon (kcal/mol)  sigma(Angstroms) 
C   12.011   0.0824736   3.2255
N   14.007   0.0758527   3.5719
H   1.008   0.0362711   1.8986
O   15.999   0.062323   3.075
S   32.06   0.138032   3.4237
P   30.9738   0.145372   3.47
*********************************************************
MOLECULE:: orientation around the inertia principal axis 
*********************************************************
Inertia matrix a.u. Ang^2: 
{  4.11981e+12  5.55214e+11  1.18732e+11  }
{  5.55214e+11  2.60317e+12  -5.05959e+11  }
{  1.18732e+11  -5.05959e+11  3.97212e+12  }
Rotation matrix applied to molecule: 
{  0.906996  0.35969  -0.219044  }
{  -0.291356  0.911492  0.290335  }
{  0.304088  -0.199513  0.931518  }
Molecule radius: 608.113 Ang 
orientation time of molecule target: 5.17775 s
target mass: 3.48079e+07 amu
gas mass: 28.014 amu
reduce mass: 28.014 amu
charge state: -4068 e
*********************************************************
Geometric Ellipsoid: 
*********************************************************
maximal distances: 328.398  394.005  606.712  Ang
Initial axis length: 379.505  445.113  657.82  Ang
Ellipsoid axis length: 433.795  499.403  712.11  Ang
ellipsoid calculation time: 0.0301192 s
maximal impact parameter: 712.11 Ang
*********************************************************
Linked-cell: 
Numbers of cells: 729708
Nx: 73 Ny: 84 Nz: 119
Filled cells: 65672
Empty cells: 664036
Average atoms per cell: 74.3743
Maximum atoms per cell: 207
Minimum atoms per cell: 1
Simulation box: 
lx: 876.73 Ang
ly: 1008.84 Ang
lz: 1429.19 Ang
linked-cell calculation time: 1.20666 s
time info: 0.109773 s
*********************************************************
Trajectory calculations 
*********************************************************
out target time: 428.855 s
Ntraj: 10000
Nfree: 4234
Nscatter: 5759
Nlost: 7
omega: 788370
Ntraj: 10000
Nfree: 4156
Nscatter: 5838
Nlost: 6
omega: 804504
Ntraj: 10000
Nfree: 4098
Nscatter: 5900
Nlost: 2
omega: 786623
Ntraj: 10000
Nfree: 4136
Nscatter: 5861
Nlost: 3
omega: 778460
Ntraj: 10000
Nfree: 4096
Nscatter: 5899
Nlost: 5
omega: 777766
Ntraj: 10000
Nfree: 4201
Nscatter: 5798
Nlost: 1
omega: 784444
Ntraj: 10000
Nfree: 4161
Nscatter: 5836
Nlost: 3
omega: 770323
Ntraj: 10000
Nfree: 4176
Nscatter: 5820
Nlost: 4
omega: 769967
Ntraj: 10000
Nfree: 4142
Nscatter: 5853
Nlost: 5
omega: 776438
Ntraj: 10000
Nfree: 4091
Nscatter: 5904
Nlost: 5
omega: 793963
*********************************************************
task: 0
worker id: 38298
time create lcl and mol: 0.273212 s
numbers of trajectories: 50000
time trajectory calculation: 428.435 s
task: 1
worker id: 72523
time create lcl and mol: 0.266275 s
numbers of trajectories: 50000
time trajectory calculation: 424.562 s
CCS time: 428.974 s
*********************************************************
average value of CCS = 783086 Ang^2
error value of CCS = 3237.59 Ang^2
Total time: 435.394 s
Program finished...
*********************************************************
INPUT:: Simulation Parameters 
*********************************************************
target filename                  : 3j3q.xyz
number of probe                  : 10000
number of iterarions             : 10
number of tasks                  : 2
number of threads                : 24
seed number                      : 2104
gas buffer                       : N2
Target Temperature (K)           : 298
timestep (fs)                    : 10
Skin cell size (Ang)             : 0.01
Equipotential                    : no
Cut short-range interaction      : yes
LJ cutoff (Ang)                  : 12
Apply long-range interaction     : yes
Cut long-range interaction       : yes
Coulomb cutoff (Ang)             : 25
Apply induced-dipole interaction : yes
alpha (Ang^3)                    : 1.71
force_type: 6
*********************************************************
Force Field parameters: 
*********************************************************
Symbol  mass (amu)  epislon (kcal/mol)  sigma(Angstroms) 
C   12.011   0.0824736   3.2255
N   14.007   0.0758527   3.5719
H   1.008   0.0362711   1.8986
O   15.999   0.062323   3.075
S   32.06   0.138032   3.4237
P   30.9738   0.145372   3.47
*********************************************************
MOLECULE:: orientation around the inertia principal axis 
*********************************************************
Inertia matrix a.u. Ang^2: 
{  4.11981e+12  5.55214e+11  1.18732e+11  }
{  5.55214e+11  2.60317e+12  -5.05959e+11  }
{  1.18732e+11  -5.05959e+11  3.97212e+12  }
Rotation matrix applied to molecule: 
{  0.906996  0.35969  -0.219044  }
{  -0.291356  0.911492  0.290335  }
{  0.304088  -0.199513  0.931518  }
Molecule radius: 608.113 Ang 
orientation time of molecule target: 5.26725 s
target mass: 3.48079e+07 amu
gas mass: 28.014 amu
reduce mass: 28.014 amu
charge state: -4068 e
*********************************************************
Geometric Ellipsoid: 
*********************************************************
maximal distances: 328.398  394.005  606.712  Ang
Initial axis length: 379.505  445.113  657.82  Ang
Ellipsoid axis length: 433.795  499.403  712.11  Ang
ellipsoid calculation time: 0.030196 s
maximal impact parameter: 712.11 Ang
*********************************************************
Linked-cell: 
Numbers of cells: 729708
Nx: 73 Ny: 84 Nz: 119
Filled cells: 65672
Empty cells: 664036
Average atoms per cell: 74.3743
Maximum atoms per cell: 207
Minimum atoms per cell: 1
Simulation box: 
lx: 876.73 Ang
ly: 1008.84 Ang
lz: 1429.19 Ang
linked-cell calculation time: 1.2092 s
time info: 0.109471 s
*********************************************************
Trajectory calculations 
*********************************************************
out target time: 429.466 s
Ntraj: 10000
Nfree: 4234
Nscatter: 5759
Nlost: 7
omega: 788370
Ntraj: 10000
Nfree: 4156
Nscatter: 5838
Nlost: 6
omega: 804504
Ntraj: 10000
Nfree: 4098
Nscatter: 5900
Nlost: 2
omega: 786623
Ntraj: 10000
Nfree: 4136
Nscatter: 5861
Nlost: 3
omega: 778460
Ntraj: 10000
Nfree: 4096
Nscatter: 5899
Nlost: 5
omega: 777766
Ntraj: 10000
Nfree: 4201
Nscatter: 5798
Nlost: 1
omega: 784444
Ntraj: 10000
Nfree: 4161
Nscatter: 5836
Nlost: 3
omega: 770323
Ntraj: 10000
Nfree: 4176
Nscatter: 5820
Nlost: 4
omega: 769967
Ntraj: 10000
Nfree: 4142
Nscatter: 5853
Nlost: 5
omega: 776438
Ntraj: 10000
Nfree: 4091
Nscatter: 5904
Nlost: 5
omega: 793963
*********************************************************
task: 0
worker id: 52104
time create lcl and mol: 0.261616 s
numbers of trajectories: 50000
time trajectory calculation: 429.052 s
task: 1
worker id: 86319
time create lcl and mol: 0.260643 s
numbers of trajectories: 50000
time trajectory calculation: 423.448 s
CCS time: 429.586 s
*********************************************************
average value of CCS = 783086 Ang^2
error value of CCS = 3237.59 Ang^2
Total time: 436.098 s
Program finished...
*********************************************************
INPUT:: Simulation Parameters 
*********************************************************
target filename                  : 3j3q.xyz
number of probe                  : 10000
number of iterarions             : 10
number of tasks                  : 2
number of threads                : 24
seed number                      : 2104
gas buffer                       : N2
Target Temperature (K)           : 298
timestep (fs)                    : 10
Skin cell size (Ang)             : 0.01
Equipotential                    : no
Cut short-range interaction      : yes
LJ cutoff (Ang)                  : 12
Apply long-range interaction     : yes
Cut long-range interaction       : yes
Coulomb cutoff (Ang)             : 25
Apply induced-dipole interaction : yes
alpha (Ang^3)                    : 1.71
force_type: 6
*********************************************************
Force Field parameters: 
*********************************************************
Symbol  mass (amu)  epislon (kcal/mol)  sigma(Angstroms) 
C   12.011   0.0824736   3.2255
N   14.007   0.0758527   3.5719
H   1.008   0.0362711   1.8986
O   15.999   0.062323   3.075
S   32.06   0.138032   3.4237
P   30.9738   0.145372   3.47
*********************************************************
MOLECULE:: orientation around the inertia principal axis 
*********************************************************
Inertia matrix a.u. Ang^2: 
{  4.11981e+12  5.55214e+11  1.18732e+11  }
{  5.55214e+11  2.60317e+12  -5.05959e+11  }
{  1.18732e+11  -5.05959e+11  3.97212e+12  }
Rotation matrix applied to molecule: 
{  0.906996  0.35969  -0.219044  }
{  -0.291356  0.911492  0.290335  }
{  0.304088  -0.199513  0.931518  }
Molecule radius: 608.113 Ang 
orientation time of molecule target: 5.16268 s
target mass: 3.48079e+07 amu
gas mass: 28.014 amu
reduce mass: 28.014 amu
charge state: -4068 e
*********************************************************
Geometric Ellipsoid: 
*********************************************************
maximal distances: 328.398  394.005  606.712  Ang
Initial axis length: 379.505  445.113  657.82  Ang
Ellipsoid axis length: 433.795  499.403  712.11  Ang
ellipsoid calculation time: 0.0302131 s
maximal impact parameter: 712.11 Ang
*********************************************************
Linked-cell: 
Numbers of cells: 729708
Nx: 73 Ny: 84 Nz: 119
Filled cells: 65672
Empty cells: 664036
Average atoms per cell: 74.3743
Maximum atoms per cell: 207
Minimum atoms per cell: 1
Simulation box: 
lx: 876.73 Ang
ly: 1008.84 Ang
lz: 1429.19 Ang
linked-cell calculation time: 1.27775 s
time info: 0.110341 s
*********************************************************
Trajectory calculations 
*********************************************************
out target time: 431.422 s
Ntraj: 10000
Nfree: 4234
Nscatter: 5759
Nlost: 7
omega: 788370
Ntraj: 10000
Nfree: 4156
Nscatter: 5838
Nlost: 6
omega: 804504
Ntraj: 10000
Nfree: 4098
Nscatter: 5900
Nlost: 2
omega: 786623
Ntraj: 10000
Nfree: 4136
Nscatter: 5861
Nlost: 3
omega: 778460
Ntraj: 10000
Nfree: 4096
Nscatter: 5899
Nlost: 5
omega: 777766
Ntraj: 10000
Nfree: 4201
Nscatter: 5798
Nlost: 1
omega: 784444
Ntraj: 10000
Nfree: 4161
Nscatter: 5836
Nlost: 3
omega: 770323
Ntraj: 10000
Nfree: 4176
Nscatter: 5820
Nlost: 4
omega: 769967
Ntraj: 10000
Nfree: 4142
Nscatter: 5853
Nlost: 5
omega: 776438
Ntraj: 10000
Nfree: 4091
Nscatter: 5904
Nlost: 5
omega: 793963
*********************************************************
task: 0
worker id: 2903
time create lcl and mol: 0.272118 s
numbers of trajectories: 50000
time trajectory calculation: 430.99 s
task: 1
worker id: 66241
time create lcl and mol: 0.277765 s
numbers of trajectories: 50000
time trajectory calculation: 422.315 s
CCS time: 431.543 s
*********************************************************
average value of CCS = 783086 Ang^2
error value of CCS = 3237.59 Ang^2
Total time: 438.019 s
Program finished...
*********************************************************
INPUT:: Simulation Parameters 
*********************************************************
target filename                  : 3j3q.xyz
number of probe                  : 10000
number of iterarions             : 10
number of tasks                  : 2
number of threads                : 24
seed number                      : 2104
gas buffer                       : N2
Target Temperature (K)           : 298
timestep (fs)                    : 10
Skin cell size (Ang)             : 0.01
Equipotential                    : no
Cut short-range interaction      : yes
LJ cutoff (Ang)                  : 12
Apply long-range interaction     : yes
Cut long-range interaction       : yes
Coulomb cutoff (Ang)             : 25
Apply induced-dipole interaction : yes
alpha (Ang^3)                    : 1.71
force_type: 6
*********************************************************
Force Field parameters: 
*********************************************************
Symbol  mass (amu)  epislon (kcal/mol)  sigma(Angstroms) 
C   12.011   0.0824736   3.2255
N   14.007   0.0758527   3.5719
H   1.008   0.0362711   1.8986
O   15.999   0.062323   3.075
S   32.06   0.138032   3.4237
P   30.9738   0.145372   3.47
*********************************************************
MOLECULE:: orientation around the inertia principal axis 
*********************************************************
Inertia matrix a.u. Ang^2: 
{  4.11981e+12  5.55214e+11  1.18732e+11  }
{  5.55214e+11  2.60317e+12  -5.05959e+11  }
{  1.18732e+11  -5.05959e+11  3.97212e+12  }
Rotation matrix applied to molecule: 
{  0.906996  0.35969  -0.219044  }
{  -0.291356  0.911492  0.290335  }
{  0.304088  -0.199513  0.931518  }
Molecule radius: 608.113 Ang 
orientation time of molecule target: 5.23197 s
target mass: 3.48079e+07 amu
gas mass: 28.014 amu
reduce mass: 28.014 amu
charge state: -4068 e
*********************************************************
Geometric Ellipsoid: 
*********************************************************
maximal distances: 328.398  394.005  606.712  Ang
Initial axis length: 379.505  445.113  657.82  Ang
Ellipsoid axis length: 433.795  499.403  712.11  Ang
ellipsoid calculation time: 0.0318971 s
maximal impact parameter: 712.11 Ang
*********************************************************
Linked-cell: 
Numbers of cells: 729708
Nx: 73 Ny: 84 Nz: 119
Filled cells: 65672
Empty cells: 664036
Average atoms per cell: 74.3743
Maximum atoms per cell: 207
Minimum atoms per cell: 1
Simulation box: 
lx: 876.73 Ang
ly: 1008.84 Ang
lz: 1429.19 Ang
linked-cell calculation time: 1.22176 s
time info: 0.109528 s
*********************************************************
Trajectory calculations 
*********************************************************
out target time: 430.459 s
Ntraj: 10000
Nfree: 4234
Nscatter: 5759
Nlost: 7
omega: 788370
Ntraj: 10000
Nfree: 4156
Nscatter: 5838
Nlost: 6
omega: 804504
Ntraj: 10000
Nfree: 4098
Nscatter: 5900
Nlost: 2
omega: 786623
Ntraj: 10000
Nfree: 4136
Nscatter: 5861
Nlost: 3
omega: 778460
Ntraj: 10000
Nfree: 4096
Nscatter: 5899
Nlost: 5
omega: 777766
Ntraj: 10000
Nfree: 4201
Nscatter: 5798
Nlost: 1
omega: 784444
Ntraj: 10000
Nfree: 4161
Nscatter: 5836
Nlost: 3
omega: 770323
Ntraj: 10000
Nfree: 4176
Nscatter: 5820
Nlost: 4
omega: 769967
Ntraj: 10000
Nfree: 4142
Nscatter: 5853
Nlost: 5
omega: 776438
Ntraj: 10000
Nfree: 4091
Nscatter: 5904
Nlost: 5
omega: 793963
*********************************************************
task: 0
worker id: 16970
time create lcl and mol: 0.260766 s
numbers of trajectories: 50000
time trajectory calculation: 430.055 s
task: 1
worker id: 80288
time create lcl and mol: 0.275206 s
numbers of trajectories: 50000
time trajectory calculation: 423.786 s
CCS time: 430.579 s
*********************************************************
average value of CCS = 783086 Ang^2
error value of CCS = 3237.59 Ang^2
Total time: 437.108 s
Program finished...
