*********************************************************
INPUT:: Simulation Parameters 
*********************************************************
target filename                  : 09_1aqf_carga_31_min.xyz
number of probe                  : 10000
number of iterarions             : 10
number of tasks                  : 2
number of threads                : 24
seed number                      : 2104
gas buffer                       : N2
Target Temperature (K)           : 298
timestep (fs)                    : 10
Skin cell size (Ang)             : 0.01
Equipotential                    : no
Cut short-range interaction      : yes
LJ cutoff (Ang)                  : 12
Apply long-range interaction     : yes
Cut long-range interaction       : yes
Coulomb cutoff (Ang)             : 25
Apply induced-dipole interaction : yes
alpha (Ang^3)                    : 1.71
force_type: 6
*********************************************************
Force Field parameters: 
*********************************************************
Symbol  mass (amu)  epislon (kcal/mol)  sigma(Angstroms) 
C   12.011   0.0824736   3.2255
N   14.007   0.0758527   3.5719
H   1.008   0.0362711   1.8986
O   15.999   0.062323   3.075
S   32.06   0.138032   3.4237
P   30.9738   0.145372   3.47
*********************************************************
MOLECULE:: orientation around the inertia principal axis 
*********************************************************
Inertia matrix a.u. Ang^2: 
{  3.06475e+08  -1.24859e+07  2.8268e+06  }
{  -1.24859e+07  2.10003e+08  6.06891e+07  }
{  2.8268e+06  6.06891e+07  2.38764e+08  }
Rotation matrix applied to molecule: 
{  0.967096  -0.210263  -0.143226  }
{  0.0793105  0.78409  -0.615559  }
{  0.241732  0.583946  0.774967  }
Molecule radius: 70.6159 Ang 
orientation time of molecule target: 0.150617 s
target mass: 227289 amu
gas mass: 28.014 amu
reduce mass: 28.014 amu
charge state: 31 e
*********************************************************
Geometric Ellipsoid: 
*********************************************************
maximal distances: 46.8728  52.0299  62.5643  Ang
Initial axis length: 97.9804  103.138  113.672  Ang
Ellipsoid axis length: 111.57  116.728  127.262  Ang
ellipsoid calculation time: 0.000249147 s
maximal impact parameter: 127.262 Ang
*********************************************************
Linked-cell: 
Numbers of cells: 8360
Nx: 19 Ny: 20 Nz: 22
Filled cells: 400
Empty cells: 7960
Average atoms per cell: 80.425
Maximum atoms per cell: 202
Minimum atoms per cell: 1
Simulation box: 
lx: 228.19 Ang
ly: 240.2 Ang
lz: 264.22 Ang
linked-cell calculation time: 0.0109639 s
time info: 0.00107002 s
*********************************************************
Trajectory calculations 
*********************************************************
out target time: 98.5324 s
Ntraj: 10000
Nfree: 1417
Nscatter: 8582
Nlost: 1
omega: 12411
Ntraj: 10000
Nfree: 1311
Nscatter: 8688
Nlost: 1
omega: 12592.4
Ntraj: 10000
Nfree: 1283
Nscatter: 8715
Nlost: 2
omega: 11992.3
Ntraj: 10000
Nfree: 1316
Nscatter: 8684
Nlost: 0
omega: 12229.2
Ntraj: 10000
Nfree: 1314
Nscatter: 8685
Nlost: 1
omega: 12320.9
Ntraj: 10000
Nfree: 1328
Nscatter: 8672
Nlost: 0
omega: 12367.5
Ntraj: 10000
Nfree: 1332
Nscatter: 8667
Nlost: 1
omega: 11865.6
Ntraj: 10000
Nfree: 1366
Nscatter: 8632
Nlost: 2
omega: 11771.1
Ntraj: 10000
Nfree: 1338
Nscatter: 8661
Nlost: 1
omega: 12447.4
Ntraj: 10000
Nfree: 1254
Nscatter: 8745
Nlost: 1
omega: 12607.7
*********************************************************
task: 0
worker id: 2741
time create lcl and mol: 0.00253415 s
numbers of trajectories: 50000
time trajectory calculation: 98.499 s
task: 1
worker id: 37088
time create lcl and mol: 0.00248098 s
numbers of trajectories: 50000
time trajectory calculation: 89.026 s
CCS time: 98.543 s
*********************************************************
average value of CCS = 12260.5 Ang^2
error value of CCS = 87.8465 Ang^2
Total time: 98.7102 s
Program finished...
*********************************************************
INPUT:: Simulation Parameters 
*********************************************************
target filename                  : 09_1aqf_carga_31_min.xyz
number of probe                  : 10000
number of iterarions             : 10
number of tasks                  : 2
number of threads                : 24
seed number                      : 2104
gas buffer                       : N2
Target Temperature (K)           : 298
timestep (fs)                    : 10
Skin cell size (Ang)             : 0.01
Equipotential                    : no
Cut short-range interaction      : yes
LJ cutoff (Ang)                  : 12
Apply long-range interaction     : yes
Cut long-range interaction       : yes
Coulomb cutoff (Ang)             : 25
Apply induced-dipole interaction : yes
alpha (Ang^3)                    : 1.71
force_type: 6
*********************************************************
Force Field parameters: 
*********************************************************
Symbol  mass (amu)  epislon (kcal/mol)  sigma(Angstroms) 
C   12.011   0.0824736   3.2255
N   14.007   0.0758527   3.5719
H   1.008   0.0362711   1.8986
O   15.999   0.062323   3.075
S   32.06   0.138032   3.4237
P   30.9738   0.145372   3.47
*********************************************************
MOLECULE:: orientation around the inertia principal axis 
*********************************************************
Inertia matrix a.u. Ang^2: 
{  3.06475e+08  -1.24859e+07  2.8268e+06  }
{  -1.24859e+07  2.10003e+08  6.06891e+07  }
{  2.8268e+06  6.06891e+07  2.38764e+08  }
Rotation matrix applied to molecule: 
{  0.967096  -0.210263  -0.143226  }
{  0.0793105  0.78409  -0.615559  }
{  0.241732  0.583946  0.774967  }
Molecule radius: 70.6159 Ang 
orientation time of molecule target: 0.0312169 s
target mass: 227289 amu
gas mass: 28.014 amu
reduce mass: 28.014 amu
charge state: 31 e
*********************************************************
Geometric Ellipsoid: 
*********************************************************
maximal distances: 46.8728  52.0299  62.5643  Ang
Initial axis length: 97.9804  103.138  113.672  Ang
Ellipsoid axis length: 111.57  116.728  127.262  Ang
ellipsoid calculation time: 0.000251055 s
maximal impact parameter: 127.262 Ang
*********************************************************
Linked-cell: 
Numbers of cells: 8360
Nx: 19 Ny: 20 Nz: 22
Filled cells: 400
Empty cells: 7960
Average atoms per cell: 80.425
Maximum atoms per cell: 202
Minimum atoms per cell: 1
Simulation box: 
lx: 228.19 Ang
ly: 240.2 Ang
lz: 264.22 Ang
linked-cell calculation time: 0.0109429 s
time info: 0.00109696 s
*********************************************************
Trajectory calculations 
*********************************************************
out target time: 98.063 s
Ntraj: 10000
Nfree: 1417
Nscatter: 8582
Nlost: 1
omega: 12411
Ntraj: 10000
Nfree: 1311
Nscatter: 8688
Nlost: 1
omega: 12592.4
Ntraj: 10000
Nfree: 1283
Nscatter: 8715
Nlost: 2
omega: 11992.3
Ntraj: 10000
Nfree: 1316
Nscatter: 8684
Nlost: 0
omega: 12229.2
Ntraj: 10000
Nfree: 1314
Nscatter: 8685
Nlost: 1
omega: 12320.9
Ntraj: 10000
Nfree: 1328
Nscatter: 8672
Nlost: 0
omega: 12367.5
Ntraj: 10000
Nfree: 1332
Nscatter: 8667
Nlost: 1
omega: 11865.6
Ntraj: 10000
Nfree: 1366
Nscatter: 8632
Nlost: 2
omega: 11771.1
Ntraj: 10000
Nfree: 1338
Nscatter: 8661
Nlost: 1
omega: 12447.4
Ntraj: 10000
Nfree: 1254
Nscatter: 8745
Nlost: 1
omega: 12607.7
*********************************************************
task: 0
worker id: 6024
time create lcl and mol: 0.00258899 s
numbers of trajectories: 50000
time trajectory calculation: 98.0329 s
task: 1
worker id: 40348
time create lcl and mol: 0.0027051 s
numbers of trajectories: 50000
time trajectory calculation: 87.8596 s
CCS time: 98.0736 s
*********************************************************
average value of CCS = 12260.5 Ang^2
error value of CCS = 87.8465 Ang^2
Total time: 98.1212 s
Program finished...
*********************************************************
INPUT:: Simulation Parameters 
*********************************************************
target filename                  : 09_1aqf_carga_31_min.xyz
number of probe                  : 10000
number of iterarions             : 10
number of tasks                  : 2
number of threads                : 24
seed number                      : 2104
gas buffer                       : N2
Target Temperature (K)           : 298
timestep (fs)                    : 10
Skin cell size (Ang)             : 0.01
Equipotential                    : no
Cut short-range interaction      : yes
LJ cutoff (Ang)                  : 12
Apply long-range interaction     : yes
Cut long-range interaction       : yes
Coulomb cutoff (Ang)             : 25
Apply induced-dipole interaction : yes
alpha (Ang^3)                    : 1.71
force_type: 6
*********************************************************
Force Field parameters: 
*********************************************************
Symbol  mass (amu)  epislon (kcal/mol)  sigma(Angstroms) 
C   12.011   0.0824736   3.2255
N   14.007   0.0758527   3.5719
H   1.008   0.0362711   1.8986
O   15.999   0.062323   3.075
S   32.06   0.138032   3.4237
P   30.9738   0.145372   3.47
*********************************************************
MOLECULE:: orientation around the inertia principal axis 
*********************************************************
Inertia matrix a.u. Ang^2: 
{  3.06475e+08  -1.24859e+07  2.8268e+06  }
{  -1.24859e+07  2.10003e+08  6.06891e+07  }
{  2.8268e+06  6.06891e+07  2.38764e+08  }
Rotation matrix applied to molecule: 
{  0.967096  -0.210263  -0.143226  }
{  0.0793105  0.78409  -0.615559  }
{  0.241732  0.583946  0.774967  }
Molecule radius: 70.6159 Ang 
orientation time of molecule target: 0.0313358 s
target mass: 227289 amu
gas mass: 28.014 amu
reduce mass: 28.014 amu
charge state: 31 e
*********************************************************
Geometric Ellipsoid: 
*********************************************************
maximal distances: 46.8728  52.0299  62.5643  Ang
Initial axis length: 97.9804  103.138  113.672  Ang
Ellipsoid axis length: 111.57  116.728  127.262  Ang
ellipsoid calculation time: 0.000253916 s
maximal impact parameter: 127.262 Ang
*********************************************************
Linked-cell: 
Numbers of cells: 8360
Nx: 19 Ny: 20 Nz: 22
Filled cells: 400
Empty cells: 7960
Average atoms per cell: 80.425
Maximum atoms per cell: 202
Minimum atoms per cell: 1
Simulation box: 
lx: 228.19 Ang
ly: 240.2 Ang
lz: 264.22 Ang
linked-cell calculation time: 0.0109251 s
time info: 0.00106716 s
*********************************************************
Trajectory calculations 
*********************************************************
out target time: 98.6166 s
Ntraj: 10000
Nfree: 1417
Nscatter: 8582
Nlost: 1
omega: 12411
Ntraj: 10000
Nfree: 1311
Nscatter: 8688
Nlost: 1
omega: 12592.4
Ntraj: 10000
Nfree: 1283
Nscatter: 8715
Nlost: 2
omega: 11992.3
Ntraj: 10000
Nfree: 1316
Nscatter: 8684
Nlost: 0
omega: 12229.2
Ntraj: 10000
Nfree: 1314
Nscatter: 8685
Nlost: 1
omega: 12320.9
Ntraj: 10000
Nfree: 1328
Nscatter: 8672
Nlost: 0
omega: 12367.5
Ntraj: 10000
Nfree: 1332
Nscatter: 8667
Nlost: 1
omega: 11865.6
Ntraj: 10000
Nfree: 1366
Nscatter: 8632
Nlost: 2
omega: 11771.1
Ntraj: 10000
Nfree: 1338
Nscatter: 8661
Nlost: 1
omega: 12447.4
Ntraj: 10000
Nfree: 1254
Nscatter: 8745
Nlost: 1
omega: 12607.7
*********************************************************
task: 0
worker id: 43624
time create lcl and mol: 0.00254178 s
numbers of trajectories: 50000
time trajectory calculation: 98.5853 s
task: 1
worker id: 9315
time create lcl and mol: 0.00251698 s
numbers of trajectories: 50000
time trajectory calculation: 88.4893 s
CCS time: 98.6271 s
*********************************************************
average value of CCS = 12260.5 Ang^2
error value of CCS = 87.8465 Ang^2
Total time: 98.6753 s
Program finished...
*********************************************************
INPUT:: Simulation Parameters 
*********************************************************
target filename                  : 09_1aqf_carga_31_min.xyz
number of probe                  : 10000
number of iterarions             : 10
number of tasks                  : 2
number of threads                : 24
seed number                      : 2104
gas buffer                       : N2
Target Temperature (K)           : 298
timestep (fs)                    : 10
Skin cell size (Ang)             : 0.01
Equipotential                    : no
Cut short-range interaction      : yes
LJ cutoff (Ang)                  : 12
Apply long-range interaction     : yes
Cut long-range interaction       : yes
Coulomb cutoff (Ang)             : 25
Apply induced-dipole interaction : yes
alpha (Ang^3)                    : 1.71
force_type: 6
*********************************************************
Force Field parameters: 
*********************************************************
Symbol  mass (amu)  epislon (kcal/mol)  sigma(Angstroms) 
C   12.011   0.0824736   3.2255
N   14.007   0.0758527   3.5719
H   1.008   0.0362711   1.8986
O   15.999   0.062323   3.075
S   32.06   0.138032   3.4237
P   30.9738   0.145372   3.47
*********************************************************
MOLECULE:: orientation around the inertia principal axis 
*********************************************************
Inertia matrix a.u. Ang^2: 
{  3.06475e+08  -1.24859e+07  2.8268e+06  }
{  -1.24859e+07  2.10003e+08  6.06891e+07  }
{  2.8268e+06  6.06891e+07  2.38764e+08  }
Rotation matrix applied to molecule: 
{  0.967096  -0.210263  -0.143226  }
{  0.0793105  0.78409  -0.615559  }
{  0.241732  0.583946  0.774967  }
Molecule radius: 70.6159 Ang 
orientation time of molecule target: 0.0311661 s
target mass: 227289 amu
gas mass: 28.014 amu
reduce mass: 28.014 amu
charge state: 31 e
*********************************************************
Geometric Ellipsoid: 
*********************************************************
maximal distances: 46.8728  52.0299  62.5643  Ang
Initial axis length: 97.9804  103.138  113.672  Ang
Ellipsoid axis length: 111.57  116.728  127.262  Ang
ellipsoid calculation time: 0.000242949 s
maximal impact parameter: 127.262 Ang
*********************************************************
Linked-cell: 
Numbers of cells: 8360
Nx: 19 Ny: 20 Nz: 22
Filled cells: 400
Empty cells: 7960
Average atoms per cell: 80.425
Maximum atoms per cell: 202
Minimum atoms per cell: 1
Simulation box: 
lx: 228.19 Ang
ly: 240.2 Ang
lz: 264.22 Ang
linked-cell calculation time: 0.0109379 s
time info: 0.00107193 s
*********************************************************
Trajectory calculations 
*********************************************************
out target time: 99.1603 s
Ntraj: 10000
Nfree: 1417
Nscatter: 8582
Nlost: 1
omega: 12411
Ntraj: 10000
Nfree: 1311
Nscatter: 8688
Nlost: 1
omega: 12592.4
Ntraj: 10000
Nfree: 1283
Nscatter: 8715
Nlost: 2
omega: 11992.3
Ntraj: 10000
Nfree: 1316
Nscatter: 8684
Nlost: 0
omega: 12229.2
Ntraj: 10000
Nfree: 1314
Nscatter: 8685
Nlost: 1
omega: 12320.9
Ntraj: 10000
Nfree: 1328
Nscatter: 8672
Nlost: 0
omega: 12367.5
Ntraj: 10000
Nfree: 1332
Nscatter: 8667
Nlost: 1
omega: 11865.6
Ntraj: 10000
Nfree: 1366
Nscatter: 8632
Nlost: 2
omega: 11771.1
Ntraj: 10000
Nfree: 1338
Nscatter: 8661
Nlost: 1
omega: 12447.4
Ntraj: 10000
Nfree: 1254
Nscatter: 8745
Nlost: 1
omega: 12607.7
*********************************************************
task: 0
worker id: 12573
time create lcl and mol: 0.00242686 s
numbers of trajectories: 50000
time trajectory calculation: 99.1198 s
task: 1
worker id: 46880
time create lcl and mol: 0.00241804 s
numbers of trajectories: 50000
time trajectory calculation: 89.3999 s
CCS time: 99.1709 s
*********************************************************
average value of CCS = 12260.5 Ang^2
error value of CCS = 87.8465 Ang^2
Total time: 99.2186 s
Program finished...
*********************************************************
INPUT:: Simulation Parameters 
*********************************************************
target filename                  : 09_1aqf_carga_31_min.xyz
number of probe                  : 10000
number of iterarions             : 10
number of tasks                  : 2
number of threads                : 24
seed number                      : 2104
gas buffer                       : N2
Target Temperature (K)           : 298
timestep (fs)                    : 10
Skin cell size (Ang)             : 0.01
Equipotential                    : no
Cut short-range interaction      : yes
LJ cutoff (Ang)                  : 12
Apply long-range interaction     : yes
Cut long-range interaction       : yes
Coulomb cutoff (Ang)             : 25
Apply induced-dipole interaction : yes
alpha (Ang^3)                    : 1.71
force_type: 6
*********************************************************
Force Field parameters: 
*********************************************************
Symbol  mass (amu)  epislon (kcal/mol)  sigma(Angstroms) 
C   12.011   0.0824736   3.2255
N   14.007   0.0758527   3.5719
H   1.008   0.0362711   1.8986
O   15.999   0.062323   3.075
S   32.06   0.138032   3.4237
P   30.9738   0.145372   3.47
*********************************************************
MOLECULE:: orientation around the inertia principal axis 
*********************************************************
Inertia matrix a.u. Ang^2: 
{  3.06475e+08  -1.24859e+07  2.8268e+06  }
{  -1.24859e+07  2.10003e+08  6.06891e+07  }
{  2.8268e+06  6.06891e+07  2.38764e+08  }
Rotation matrix applied to molecule: 
{  0.967096  -0.210263  -0.143226  }
{  0.0793105  0.78409  -0.615559  }
{  0.241732  0.583946  0.774967  }
Molecule radius: 70.6159 Ang 
orientation time of molecule target: 0.0347569 s
target mass: 227289 amu
gas mass: 28.014 amu
reduce mass: 28.014 amu
charge state: 31 e
*********************************************************
Geometric Ellipsoid: 
*********************************************************
maximal distances: 46.8728  52.0299  62.5643  Ang
Initial axis length: 97.9804  103.138  113.672  Ang
Ellipsoid axis length: 111.57  116.728  127.262  Ang
ellipsoid calculation time: 0.000249863 s
maximal impact parameter: 127.262 Ang
*********************************************************
Linked-cell: 
Numbers of cells: 8360
Nx: 19 Ny: 20 Nz: 22
Filled cells: 400
Empty cells: 7960
Average atoms per cell: 80.425
Maximum atoms per cell: 202
Minimum atoms per cell: 1
Simulation box: 
lx: 228.19 Ang
ly: 240.2 Ang
lz: 264.22 Ang
linked-cell calculation time: 0.0112679 s
time info: 0.0010922 s
*********************************************************
Trajectory calculations 
*********************************************************
out target time: 99.3323 s
Ntraj: 10000
Nfree: 1417
Nscatter: 8582
Nlost: 1
omega: 12411
Ntraj: 10000
Nfree: 1311
Nscatter: 8688
Nlost: 1
omega: 12592.4
Ntraj: 10000
Nfree: 1283
Nscatter: 8715
Nlost: 2
omega: 11992.3
Ntraj: 10000
Nfree: 1316
Nscatter: 8684
Nlost: 0
omega: 12229.2
Ntraj: 10000
Nfree: 1314
Nscatter: 8685
Nlost: 1
omega: 12320.9
Ntraj: 10000
Nfree: 1328
Nscatter: 8672
Nlost: 0
omega: 12367.5
Ntraj: 10000
Nfree: 1332
Nscatter: 8667
Nlost: 1
omega: 11865.6
Ntraj: 10000
Nfree: 1366
Nscatter: 8632
Nlost: 2
omega: 11771.1
Ntraj: 10000
Nfree: 1338
Nscatter: 8661
Nlost: 1
omega: 12447.4
Ntraj: 10000
Nfree: 1254
Nscatter: 8745
Nlost: 1
omega: 12607.7
*********************************************************
task: 0
worker id: 15844
time create lcl and mol: 0.00249815 s
numbers of trajectories: 50000
time trajectory calculation: 99.2993 s
task: 1
worker id: 50145
time create lcl and mol: 0.00264502 s
numbers of trajectories: 50000
time trajectory calculation: 89.1186 s
CCS time: 99.3429 s
*********************************************************
average value of CCS = 12260.5 Ang^2
error value of CCS = 87.8465 Ang^2
Total time: 99.4848 s
Program finished...
