*********************************************************
INPUT:: Simulation Parameters 
*********************************************************
target filename                  : 04_1ubq_carga_4_min.xyz
number of probe                  : 10000
number of iterarions             : 10
number of tasks                  : 8
number of threads                : 24
seed number                      : 2104
gas buffer                       : N2
Target Temperature (K)           : 298
timestep (fs)                    : 10
Skin cell size (Ang)             : 0.01
Equipotential                    : no
Cut short-range interaction      : yes
LJ cutoff (Ang)                  : 12
Apply long-range interaction     : yes
Cut long-range interaction       : yes
Coulomb cutoff (Ang)             : 25
Apply induced-dipole interaction : yes
alpha (Ang^3)                    : 1.71
force_type: 6
*********************************************************
Force Field parameters: 
*********************************************************
Symbol  mass (amu)  epislon (kcal/mol)  sigma(Angstroms) 
C   12.011   0.0824736   3.2255
N   14.007   0.0758527   3.5719
H   1.008   0.0362711   1.8986
O   15.999   0.062323   3.075
S   32.06   0.138032   3.4237
P   30.9738   0.145372   3.47
*********************************************************
MOLECULE:: orientation around the inertia principal axis 
*********************************************************
Inertia matrix a.u. Ang^2: 
{  774050  -98727  -119273  }
{  -98727  765481  -55190.9  }
{  -119273  -55190.9  711486  }
Rotation matrix applied to molecule: 
{  0.797039  -0.460096  -0.391204  }
{  0.592383  0.469553  0.654677  }
{  -0.117523  -0.753546  0.646805  }
Molecule radius: 22.0778 Ang 
orientation time of molecule target: 0.025543 s
target mass: 8568.9 amu
gas mass: 28.014 amu
reduce mass: 28.014 amu
charge state: 4 e
*********************************************************
Geometric Ellipsoid: 
*********************************************************
maximal distances: 13.373  14.2779  21.6306  Ang
Initial axis length: 64.4806  65.3855  72.7382  Ang
Ellipsoid axis length: 65.9306  66.8355  74.1882  Ang
ellipsoid calculation time: 3.40939e-05 s
maximal impact parameter: 74.1882 Ang
*********************************************************
Linked-cell: 
Numbers of cells: 1716
Nx: 11 Ny: 12 Nz: 13
Filled cells: 25
Empty cells: 1691
Average atoms per cell: 49.4
Maximum atoms per cell: 205
Minimum atoms per cell: 1
Simulation box: 
lx: 132.11 Ang
ly: 144.12 Ang
lz: 156.13 Ang
linked-cell calculation time: 0.00180197 s
time info: 6.69956e-05 s
*********************************************************
Trajectory calculations 
*********************************************************
out target time: 6.49884 s
Ntraj: 10000
Nfree: 1418
Nscatter: 8582
Nlost: 0
omega: 1277.05
Ntraj: 10000
Nfree: 1346
Nscatter: 8651
Nlost: 3
omega: 1331.1
Ntraj: 10000
Nfree: 1286
Nscatter: 8712
Nlost: 2
omega: 1279.05
Ntraj: 10000
Nfree: 1351
Nscatter: 8648
Nlost: 1
omega: 1230.87
Ntraj: 10000
Nfree: 1338
Nscatter: 8662
Nlost: 0
omega: 1299.9
Ntraj: 10000
Nfree: 1362
Nscatter: 8634
Nlost: 4
omega: 1337.47
Ntraj: 10000
Nfree: 1359
Nscatter: 8639
Nlost: 2
omega: 1246.41
Ntraj: 10000
Nfree: 1388
Nscatter: 8608
Nlost: 4
omega: 1217.06
Ntraj: 10000
Nfree: 1375
Nscatter: 8621
Nlost: 4
omega: 1229.37
Ntraj: 10000
Nfree: 1279
Nscatter: 8719
Nlost: 2
omega: 1342.6
*********************************************************
task: 0
worker id: 33503
time create lcl and mol: 0.00040102 s
numbers of trajectories: 12500
time trajectory calculation: 5.09895 s
task: 1
worker id: 9336
time create lcl and mol: 0.000449896 s
numbers of trajectories: 12500
time trajectory calculation: 5.32453 s
task: 2
worker id: 2443
time create lcl and mol: 0.000380993 s
numbers of trajectories: 12500
time trajectory calculation: 5.21691 s
task: 3
worker id: 42023
time create lcl and mol: 0.000473976 s
numbers of trajectories: 12500
time trajectory calculation: 5.7617 s
task: 4
worker id: 21618
time create lcl and mol: 0.000399113 s
numbers of trajectories: 12500
time trajectory calculation: 6.43614 s
task: 5
worker id: 27893
time create lcl and mol: 0.000411987 s
numbers of trajectories: 12500
time trajectory calculation: 5.50303 s
task: 6
worker id: 37887
time create lcl and mol: 0.000477791 s
numbers of trajectories: 12500
time trajectory calculation: 4.16007 s
task: 7
worker id: 79417
time create lcl and mol: 0.000397921 s
numbers of trajectories: 12500
time trajectory calculation: 5.91044 s
CCS time: 6.50875 s
*********************************************************
average value of CCS = 1279.09 Ang^2
error value of CCS = 14.2471 Ang^2
Total time: 6.5413 s
Program finished...
*********************************************************
INPUT:: Simulation Parameters 
*********************************************************
target filename                  : 04_1ubq_carga_4_min.xyz
number of probe                  : 10000
number of iterarions             : 10
number of tasks                  : 8
number of threads                : 24
seed number                      : 2104
gas buffer                       : N2
Target Temperature (K)           : 298
timestep (fs)                    : 10
Skin cell size (Ang)             : 0.01
Equipotential                    : no
Cut short-range interaction      : yes
LJ cutoff (Ang)                  : 12
Apply long-range interaction     : yes
Cut long-range interaction       : yes
Coulomb cutoff (Ang)             : 25
Apply induced-dipole interaction : yes
alpha (Ang^3)                    : 1.71
force_type: 6
*********************************************************
Force Field parameters: 
*********************************************************
Symbol  mass (amu)  epislon (kcal/mol)  sigma(Angstroms) 
C   12.011   0.0824736   3.2255
N   14.007   0.0758527   3.5719
H   1.008   0.0362711   1.8986
O   15.999   0.062323   3.075
S   32.06   0.138032   3.4237
P   30.9738   0.145372   3.47
*********************************************************
MOLECULE:: orientation around the inertia principal axis 
*********************************************************
Inertia matrix a.u. Ang^2: 
{  774050  -98727  -119273  }
{  -98727  765481  -55190.9  }
{  -119273  -55190.9  711486  }
Rotation matrix applied to molecule: 
{  0.797039  -0.460096  -0.391204  }
{  0.592383  0.469553  0.654677  }
{  -0.117523  -0.753546  0.646805  }
Molecule radius: 22.0778 Ang 
orientation time of molecule target: 0.00193882 s
target mass: 8568.9 amu
gas mass: 28.014 amu
reduce mass: 28.014 amu
charge state: 4 e
*********************************************************
Geometric Ellipsoid: 
*********************************************************
maximal distances: 13.373  14.2779  21.6306  Ang
Initial axis length: 64.4806  65.3855  72.7382  Ang
Ellipsoid axis length: 65.9306  66.8355  74.1882  Ang
ellipsoid calculation time: 3.31402e-05 s
maximal impact parameter: 74.1882 Ang
*********************************************************
Linked-cell: 
Numbers of cells: 1716
Nx: 11 Ny: 12 Nz: 13
Filled cells: 25
Empty cells: 1691
Average atoms per cell: 49.4
Maximum atoms per cell: 205
Minimum atoms per cell: 1
Simulation box: 
lx: 132.11 Ang
ly: 144.12 Ang
lz: 156.13 Ang
linked-cell calculation time: 0.00177598 s
time info: 6.91414e-05 s
*********************************************************
Trajectory calculations 
*********************************************************
out target time: 6.80783 s
Ntraj: 10000
Nfree: 1418
Nscatter: 8582
Nlost: 0
omega: 1277.05
Ntraj: 10000
Nfree: 1346
Nscatter: 8651
Nlost: 3
omega: 1331.1
Ntraj: 10000
Nfree: 1286
Nscatter: 8712
Nlost: 2
omega: 1279.05
Ntraj: 10000
Nfree: 1351
Nscatter: 8648
Nlost: 1
omega: 1230.87
Ntraj: 10000
Nfree: 1338
Nscatter: 8662
Nlost: 0
omega: 1299.9
Ntraj: 10000
Nfree: 1362
Nscatter: 8634
Nlost: 4
omega: 1337.47
Ntraj: 10000
Nfree: 1359
Nscatter: 8639
Nlost: 2
omega: 1246.41
Ntraj: 10000
Nfree: 1388
Nscatter: 8608
Nlost: 4
omega: 1217.06
Ntraj: 10000
Nfree: 1375
Nscatter: 8621
Nlost: 4
omega: 1229.37
Ntraj: 10000
Nfree: 1279
Nscatter: 8719
Nlost: 2
omega: 1342.6
*********************************************************
task: 0
worker id: 27998
time create lcl and mol: 0.000406981 s
numbers of trajectories: 12500
time trajectory calculation: 5.13718 s
task: 1
worker id: 33606
time create lcl and mol: 0.000555038 s
numbers of trajectories: 12500
time trajectory calculation: 5.32484 s
task: 2
worker id: 9457
time create lcl and mol: 0.000407934 s
numbers of trajectories: 12500
time trajectory calculation: 5.32064 s
task: 3
worker id: 21723
time create lcl and mol: 0.000393867 s
numbers of trajectories: 12500
time trajectory calculation: 5.55838 s
task: 4
worker id: 37991
time create lcl and mol: 0.000396013 s
numbers of trajectories: 12500
time trajectory calculation: 6.75401 s
task: 5
worker id: 42127
time create lcl and mol: 0.000642776 s
numbers of trajectories: 12500
time trajectory calculation: 5.67984 s
task: 6
worker id: 79522
time create lcl and mol: 0.000524998 s
numbers of trajectories: 12500
time trajectory calculation: 4.30818 s
task: 7
worker id: 2548
time create lcl and mol: 0.000402927 s
numbers of trajectories: 12500
time trajectory calculation: 5.88524 s
CCS time: 6.81769 s
*********************************************************
average value of CCS = 1279.09 Ang^2
error value of CCS = 14.2471 Ang^2
Total time: 6.82663 s
Program finished...
*********************************************************
INPUT:: Simulation Parameters 
*********************************************************
target filename                  : 04_1ubq_carga_4_min.xyz
number of probe                  : 10000
number of iterarions             : 10
number of tasks                  : 8
number of threads                : 24
seed number                      : 2104
gas buffer                       : N2
Target Temperature (K)           : 298
timestep (fs)                    : 10
Skin cell size (Ang)             : 0.01
Equipotential                    : no
Cut short-range interaction      : yes
LJ cutoff (Ang)                  : 12
Apply long-range interaction     : yes
Cut long-range interaction       : yes
Coulomb cutoff (Ang)             : 25
Apply induced-dipole interaction : yes
alpha (Ang^3)                    : 1.71
force_type: 6
*********************************************************
Force Field parameters: 
*********************************************************
Symbol  mass (amu)  epislon (kcal/mol)  sigma(Angstroms) 
C   12.011   0.0824736   3.2255
N   14.007   0.0758527   3.5719
H   1.008   0.0362711   1.8986
O   15.999   0.062323   3.075
S   32.06   0.138032   3.4237
P   30.9738   0.145372   3.47
*********************************************************
MOLECULE:: orientation around the inertia principal axis 
*********************************************************
Inertia matrix a.u. Ang^2: 
{  774050  -98727  -119273  }
{  -98727  765481  -55190.9  }
{  -119273  -55190.9  711486  }
Rotation matrix applied to molecule: 
{  0.797039  -0.460096  -0.391204  }
{  0.592383  0.469553  0.654677  }
{  -0.117523  -0.753546  0.646805  }
Molecule radius: 22.0778 Ang 
orientation time of molecule target: 0.00196791 s
target mass: 8568.9 amu
gas mass: 28.014 amu
reduce mass: 28.014 amu
charge state: 4 e
*********************************************************
Geometric Ellipsoid: 
*********************************************************
maximal distances: 13.373  14.2779  21.6306  Ang
Initial axis length: 64.4806  65.3855  72.7382  Ang
Ellipsoid axis length: 65.9306  66.8355  74.1882  Ang
ellipsoid calculation time: 4.00543e-05 s
maximal impact parameter: 74.1882 Ang
*********************************************************
Linked-cell: 
Numbers of cells: 1716
Nx: 11 Ny: 12 Nz: 13
Filled cells: 25
Empty cells: 1691
Average atoms per cell: 49.4
Maximum atoms per cell: 205
Minimum atoms per cell: 1
Simulation box: 
lx: 132.11 Ang
ly: 144.12 Ang
lz: 156.13 Ang
linked-cell calculation time: 0.00179982 s
time info: 6.69956e-05 s
*********************************************************
Trajectory calculations 
*********************************************************
out target time: 6.75238 s
Ntraj: 10000
Nfree: 1418
Nscatter: 8582
Nlost: 0
omega: 1277.05
Ntraj: 10000
Nfree: 1346
Nscatter: 8651
Nlost: 3
omega: 1331.1
Ntraj: 10000
Nfree: 1286
Nscatter: 8712
Nlost: 2
omega: 1279.05
Ntraj: 10000
Nfree: 1351
Nscatter: 8648
Nlost: 1
omega: 1230.87
Ntraj: 10000
Nfree: 1338
Nscatter: 8662
Nlost: 0
omega: 1299.9
Ntraj: 10000
Nfree: 1362
Nscatter: 8634
Nlost: 4
omega: 1337.47
Ntraj: 10000
Nfree: 1359
Nscatter: 8639
Nlost: 2
omega: 1246.41
Ntraj: 10000
Nfree: 1388
Nscatter: 8608
Nlost: 4
omega: 1217.06
Ntraj: 10000
Nfree: 1375
Nscatter: 8621
Nlost: 4
omega: 1229.37
Ntraj: 10000
Nfree: 1279
Nscatter: 8719
Nlost: 2
omega: 1342.6
*********************************************************
task: 0
worker id: 38388
time create lcl and mol: 0.000435114 s
numbers of trajectories: 12500
time trajectory calculation: 5.10142 s
task: 1
worker id: 42527
time create lcl and mol: 0.000405073 s
numbers of trajectories: 12500
time trajectory calculation: 5.18447 s
task: 2
worker id: 22122
time create lcl and mol: 0.00041914 s
numbers of trajectories: 12500
time trajectory calculation: 5.31152 s
task: 3
worker id: 34003
time create lcl and mol: 0.000448942 s
numbers of trajectories: 12500
time trajectory calculation: 5.44051 s
task: 4
worker id: 79920
time create lcl and mol: 0.000363111 s
numbers of trajectories: 12500
time trajectory calculation: 6.71072 s
task: 5
worker id: 9869
time create lcl and mol: 0.000389099 s
numbers of trajectories: 12500
time trajectory calculation: 5.63578 s
task: 6
worker id: 3080
time create lcl and mol: 0.000412941 s
numbers of trajectories: 12500
time trajectory calculation: 4.22018 s
task: 7
worker id: 28399
time create lcl and mol: 0.00037384 s
numbers of trajectories: 12500
time trajectory calculation: 5.69229 s
CCS time: 6.76238 s
*********************************************************
average value of CCS = 1279.09 Ang^2
error value of CCS = 14.2471 Ang^2
Total time: 6.7716 s
Program finished...
*********************************************************
INPUT:: Simulation Parameters 
*********************************************************
target filename                  : 04_1ubq_carga_4_min.xyz
number of probe                  : 10000
number of iterarions             : 10
number of tasks                  : 8
number of threads                : 24
seed number                      : 2104
gas buffer                       : N2
Target Temperature (K)           : 298
timestep (fs)                    : 10
Skin cell size (Ang)             : 0.01
Equipotential                    : no
Cut short-range interaction      : yes
LJ cutoff (Ang)                  : 12
Apply long-range interaction     : yes
Cut long-range interaction       : yes
Coulomb cutoff (Ang)             : 25
Apply induced-dipole interaction : yes
alpha (Ang^3)                    : 1.71
force_type: 6
*********************************************************
Force Field parameters: 
*********************************************************
Symbol  mass (amu)  epislon (kcal/mol)  sigma(Angstroms) 
C   12.011   0.0824736   3.2255
N   14.007   0.0758527   3.5719
H   1.008   0.0362711   1.8986
O   15.999   0.062323   3.075
S   32.06   0.138032   3.4237
P   30.9738   0.145372   3.47
*********************************************************
MOLECULE:: orientation around the inertia principal axis 
*********************************************************
Inertia matrix a.u. Ang^2: 
{  774050  -98727  -119273  }
{  -98727  765481  -55190.9  }
{  -119273  -55190.9  711486  }
Rotation matrix applied to molecule: 
{  0.797039  -0.460096  -0.391204  }
{  0.592383  0.469553  0.654677  }
{  -0.117523  -0.753546  0.646805  }
Molecule radius: 22.0778 Ang 
orientation time of molecule target: 0.00210094 s
target mass: 8568.9 amu
gas mass: 28.014 amu
reduce mass: 28.014 amu
charge state: 4 e
*********************************************************
Geometric Ellipsoid: 
*********************************************************
maximal distances: 13.373  14.2779  21.6306  Ang
Initial axis length: 64.4806  65.3855  72.7382  Ang
Ellipsoid axis length: 65.9306  66.8355  74.1882  Ang
ellipsoid calculation time: 4.00543e-05 s
maximal impact parameter: 74.1882 Ang
*********************************************************
Linked-cell: 
Numbers of cells: 1716
Nx: 11 Ny: 12 Nz: 13
Filled cells: 25
Empty cells: 1691
Average atoms per cell: 49.4
Maximum atoms per cell: 205
Minimum atoms per cell: 1
Simulation box: 
lx: 132.11 Ang
ly: 144.12 Ang
lz: 156.13 Ang
linked-cell calculation time: 0.00182605 s
time info: 6.8903e-05 s
*********************************************************
Trajectory calculations 
*********************************************************
out target time: 6.53263 s
Ntraj: 10000
Nfree: 1418
Nscatter: 8582
Nlost: 0
omega: 1277.05
Ntraj: 10000
Nfree: 1346
Nscatter: 8651
Nlost: 3
omega: 1331.1
Ntraj: 10000
Nfree: 1286
Nscatter: 8712
Nlost: 2
omega: 1279.05
Ntraj: 10000
Nfree: 1351
Nscatter: 8648
Nlost: 1
omega: 1230.87
Ntraj: 10000
Nfree: 1338
Nscatter: 8662
Nlost: 0
omega: 1299.9
Ntraj: 10000
Nfree: 1362
Nscatter: 8634
Nlost: 4
omega: 1337.47
Ntraj: 10000
Nfree: 1359
Nscatter: 8639
Nlost: 2
omega: 1246.41
Ntraj: 10000
Nfree: 1388
Nscatter: 8608
Nlost: 4
omega: 1217.06
Ntraj: 10000
Nfree: 1375
Nscatter: 8621
Nlost: 4
omega: 1229.37
Ntraj: 10000
Nfree: 1279
Nscatter: 8719
Nlost: 2
omega: 1342.6
*********************************************************
task: 0
worker id: 42942
time create lcl and mol: 0.000414133 s
numbers of trajectories: 12500
time trajectory calculation: 5.09276 s
task: 1
worker id: 38800
time create lcl and mol: 0.000411034 s
numbers of trajectories: 12500
time trajectory calculation: 5.42515 s
task: 2
worker id: 10298
time create lcl and mol: 0.000404119 s
numbers of trajectories: 12500
time trajectory calculation: 5.17688 s
task: 3
worker id: 3498
time create lcl and mol: 0.000610113 s
numbers of trajectories: 12500
time trajectory calculation: 5.6433 s
task: 4
worker id: 80334
time create lcl and mol: 0.000398874 s
numbers of trajectories: 12500
time trajectory calculation: 6.49303 s
task: 5
worker id: 22538
time create lcl and mol: 0.000617981 s
numbers of trajectories: 12500
time trajectory calculation: 5.65161 s
task: 6
worker id: 28812
time create lcl and mol: 0.000507832 s
numbers of trajectories: 12500
time trajectory calculation: 4.42112 s
task: 7
worker id: 34416
time create lcl and mol: 0.000408888 s
numbers of trajectories: 12500
time trajectory calculation: 5.88447 s
CCS time: 6.54262 s
*********************************************************
average value of CCS = 1279.09 Ang^2
error value of CCS = 14.2471 Ang^2
Total time: 6.55222 s
Program finished...
*********************************************************
INPUT:: Simulation Parameters 
*********************************************************
target filename                  : 04_1ubq_carga_4_min.xyz
number of probe                  : 10000
number of iterarions             : 10
number of tasks                  : 8
number of threads                : 24
seed number                      : 2104
gas buffer                       : N2
Target Temperature (K)           : 298
timestep (fs)                    : 10
Skin cell size (Ang)             : 0.01
Equipotential                    : no
Cut short-range interaction      : yes
LJ cutoff (Ang)                  : 12
Apply long-range interaction     : yes
Cut long-range interaction       : yes
Coulomb cutoff (Ang)             : 25
Apply induced-dipole interaction : yes
alpha (Ang^3)                    : 1.71
force_type: 6
*********************************************************
Force Field parameters: 
*********************************************************
Symbol  mass (amu)  epislon (kcal/mol)  sigma(Angstroms) 
C   12.011   0.0824736   3.2255
N   14.007   0.0758527   3.5719
H   1.008   0.0362711   1.8986
O   15.999   0.062323   3.075
S   32.06   0.138032   3.4237
P   30.9738   0.145372   3.47
*********************************************************
MOLECULE:: orientation around the inertia principal axis 
*********************************************************
Inertia matrix a.u. Ang^2: 
{  774050  -98727  -119273  }
{  -98727  765481  -55190.9  }
{  -119273  -55190.9  711486  }
Rotation matrix applied to molecule: 
{  0.797039  -0.460096  -0.391204  }
{  0.592383  0.469553  0.654677  }
{  -0.117523  -0.753546  0.646805  }
Molecule radius: 22.0778 Ang 
orientation time of molecule target: 0.00187516 s
target mass: 8568.9 amu
gas mass: 28.014 amu
reduce mass: 28.014 amu
charge state: 4 e
*********************************************************
Geometric Ellipsoid: 
*********************************************************
maximal distances: 13.373  14.2779  21.6306  Ang
Initial axis length: 64.4806  65.3855  72.7382  Ang
Ellipsoid axis length: 65.9306  66.8355  74.1882  Ang
ellipsoid calculation time: 4.1008e-05 s
maximal impact parameter: 74.1882 Ang
*********************************************************
Linked-cell: 
Numbers of cells: 1716
Nx: 11 Ny: 12 Nz: 13
Filled cells: 25
Empty cells: 1691
Average atoms per cell: 49.4
Maximum atoms per cell: 205
Minimum atoms per cell: 1
Simulation box: 
lx: 132.11 Ang
ly: 144.12 Ang
lz: 156.13 Ang
linked-cell calculation time: 0.00177312 s
time info: 6.69956e-05 s
*********************************************************
Trajectory calculations 
*********************************************************
out target time: 6.66877 s
Ntraj: 10000
Nfree: 1418
Nscatter: 8582
Nlost: 0
omega: 1277.05
Ntraj: 10000
Nfree: 1346
Nscatter: 8651
Nlost: 3
omega: 1331.1
Ntraj: 10000
Nfree: 1286
Nscatter: 8712
Nlost: 2
omega: 1279.05
Ntraj: 10000
Nfree: 1351
Nscatter: 8648
Nlost: 1
omega: 1230.87
Ntraj: 10000
Nfree: 1338
Nscatter: 8662
Nlost: 0
omega: 1299.9
Ntraj: 10000
Nfree: 1362
Nscatter: 8634
Nlost: 4
omega: 1337.47
Ntraj: 10000
Nfree: 1359
Nscatter: 8639
Nlost: 2
omega: 1246.41
Ntraj: 10000
Nfree: 1388
Nscatter: 8608
Nlost: 4
omega: 1217.06
Ntraj: 10000
Nfree: 1375
Nscatter: 8621
Nlost: 4
omega: 1229.37
Ntraj: 10000
Nfree: 1279
Nscatter: 8719
Nlost: 2
omega: 1342.6
*********************************************************
task: 0
worker id: 10712
time create lcl and mol: 0.000412941 s
numbers of trajectories: 12500
time trajectory calculation: 5.12594 s
task: 1
worker id: 3898
time create lcl and mol: 0.000399113 s
numbers of trajectories: 12500
time trajectory calculation: 5.16759 s
task: 2
worker id: 34815
time create lcl and mol: 0.000442982 s
numbers of trajectories: 12500
time trajectory calculation: 5.20848 s
task: 3
worker id: 80735
time create lcl and mol: 0.000408888 s
numbers of trajectories: 12500
time trajectory calculation: 5.37449 s
task: 4
worker id: 22936
time create lcl and mol: 0.000632048 s
numbers of trajectories: 12500
time trajectory calculation: 6.62898 s
task: 5
worker id: 43342
time create lcl and mol: 0.000420094 s
numbers of trajectories: 12500
time trajectory calculation: 5.78045 s
task: 6
worker id: 29219
time create lcl and mol: 0.000414133 s
numbers of trajectories: 12500
time trajectory calculation: 4.38505 s
task: 7
worker id: 39202
time create lcl and mol: 0.000391006 s
numbers of trajectories: 12500
time trajectory calculation: 5.5855 s
CCS time: 6.67859 s
*********************************************************
average value of CCS = 1279.09 Ang^2
error value of CCS = 14.2471 Ang^2
Total time: 6.68779 s
Program finished...
