*********************************************************
INPUT:: Simulation Parameters 
*********************************************************
target filename                  : 02_2akq_02_carga_11_min.xyz
number of probe                  : 10000
number of iterarions             : 10
number of tasks                  : 4
number of threads                : 24
seed number                      : 2104
gas buffer                       : N2
Target Temperature (K)           : 298
timestep (fs)                    : 10
Skin cell size (Ang)             : 0.01
Equipotential                    : no
Cut short-range interaction      : yes
LJ cutoff (Ang)                  : 12
Apply long-range interaction     : yes
Cut long-range interaction       : yes
Coulomb cutoff (Ang)             : 25
Apply induced-dipole interaction : yes
alpha (Ang^3)                    : 1.71
force_type: 6
*********************************************************
Force Field parameters: 
*********************************************************
Symbol  mass (amu)  epislon (kcal/mol)  sigma(Angstroms) 
C   12.011   0.0824736   3.2255
N   14.007   0.0758527   3.5719
H   1.008   0.0362711   1.8986
O   15.999   0.062323   3.075
S   32.06   0.138032   3.4237
P   30.9738   0.145372   3.47
*********************************************************
MOLECULE:: orientation around the inertia principal axis 
*********************************************************
Inertia matrix a.u. Ang^2: 
{  5.24303e+06  -1.06224e+06  1.42652e+06  }
{  -1.06224e+06  1.32585e+07  253536  }
{  1.42652e+06  253536  1.32575e+07  }
Rotation matrix applied to molecule: 
{  0.0969352  0.441178  0.892169  }
{  0.977054  0.128631  -0.169766  }
{  -0.189657  0.888153  -0.418586  }
Molecule radius: 39.7002 Ang 
orientation time of molecule target: 0.035733 s
target mass: 35368 amu
gas mass: 28.014 amu
reduce mass: 28.014 amu
charge state: 10.9992 e
*********************************************************
Geometric Ellipsoid: 
*********************************************************
maximal distances: 23.7041  21.0357  39.078  Ang
Initial axis length: 74.8117  72.1433  90.1856  Ang
Ellipsoid axis length: 81.0417  78.3733  96.4156  Ang
ellipsoid calculation time: 6.38962e-05 s
maximal impact parameter: 96.4156 Ang
*********************************************************
Linked-cell: 
Numbers of cells: 3332
Nx: 14 Ny: 14 Nz: 17
Filled cells: 77
Empty cells: 3255
Average atoms per cell: 65.0649
Maximum atoms per cell: 196
Minimum atoms per cell: 1
Simulation box: 
lx: 168.14 Ang
ly: 168.14 Ang
lz: 204.17 Ang
linked-cell calculation time: 0.00358701 s
time info: 0.000207901 s
*********************************************************
Trajectory calculations 
*********************************************************
out target time: 23.2517 s
Ntraj: 10000
Nfree: 2285
Nscatter: 7713
Nlost: 2
omega: 3410.61
Ntraj: 10000
Nfree: 2215
Nscatter: 7783
Nlost: 2
omega: 3486.02
Ntraj: 10000
Nfree: 2114
Nscatter: 7885
Nlost: 1
omega: 3331.53
Ntraj: 10000
Nfree: 2220
Nscatter: 7778
Nlost: 2
omega: 3431.87
Ntraj: 10000
Nfree: 2208
Nscatter: 7790
Nlost: 2
omega: 3412.05
Ntraj: 10000
Nfree: 2235
Nscatter: 7764
Nlost: 1
omega: 3496.41
Ntraj: 10000
Nfree: 2213
Nscatter: 7787
Nlost: 0
omega: 3228.27
Ntraj: 10000
Nfree: 2227
Nscatter: 7771
Nlost: 2
omega: 3271.41
Ntraj: 10000
Nfree: 2179
Nscatter: 7821
Nlost: 0
omega: 3243.23
Ntraj: 10000
Nfree: 2084
Nscatter: 7915
Nlost: 1
omega: 3527.74
*********************************************************
task: 0
worker id: 30580
time create lcl and mol: 0.000833035 s
numbers of trajectories: 25000
time trajectory calculation: 15.9853 s
task: 1
worker id: 36950
time create lcl and mol: 0.000815868 s
numbers of trajectories: 25000
time trajectory calculation: 18.6585 s
task: 2
worker id: 38248
time create lcl and mol: 0.000852108 s
numbers of trajectories: 25000
time trajectory calculation: 23.2251 s
task: 3
worker id: 91745
time create lcl and mol: 0.000820875 s
numbers of trajectories: 25000
time trajectory calculation: 16.9344 s
CCS time: 23.2616 s
*********************************************************
average value of CCS = 3383.91 Ang^2
error value of CCS = 32.7093 Ang^2
Total time: 23.3065 s
Program finished...
*********************************************************
INPUT:: Simulation Parameters 
*********************************************************
target filename                  : 02_2akq_02_carga_11_min.xyz
number of probe                  : 10000
number of iterarions             : 10
number of tasks                  : 4
number of threads                : 24
seed number                      : 2104
gas buffer                       : N2
Target Temperature (K)           : 298
timestep (fs)                    : 10
Skin cell size (Ang)             : 0.01
Equipotential                    : no
Cut short-range interaction      : yes
LJ cutoff (Ang)                  : 12
Apply long-range interaction     : yes
Cut long-range interaction       : yes
Coulomb cutoff (Ang)             : 25
Apply induced-dipole interaction : yes
alpha (Ang^3)                    : 1.71
force_type: 6
*********************************************************
Force Field parameters: 
*********************************************************
Symbol  mass (amu)  epislon (kcal/mol)  sigma(Angstroms) 
C   12.011   0.0824736   3.2255
N   14.007   0.0758527   3.5719
H   1.008   0.0362711   1.8986
O   15.999   0.062323   3.075
S   32.06   0.138032   3.4237
P   30.9738   0.145372   3.47
*********************************************************
MOLECULE:: orientation around the inertia principal axis 
*********************************************************
Inertia matrix a.u. Ang^2: 
{  5.24303e+06  -1.06224e+06  1.42652e+06  }
{  -1.06224e+06  1.32585e+07  253536  }
{  1.42652e+06  253536  1.32575e+07  }
Rotation matrix applied to molecule: 
{  0.0969352  0.441178  0.892169  }
{  0.977054  0.128631  -0.169766  }
{  -0.189657  0.888153  -0.418586  }
Molecule radius: 39.7002 Ang 
orientation time of molecule target: 0.00553989 s
target mass: 35368 amu
gas mass: 28.014 amu
reduce mass: 28.014 amu
charge state: 10.9992 e
*********************************************************
Geometric Ellipsoid: 
*********************************************************
maximal distances: 23.7041  21.0357  39.078  Ang
Initial axis length: 74.8117  72.1433  90.1856  Ang
Ellipsoid axis length: 81.0417  78.3733  96.4156  Ang
ellipsoid calculation time: 6.29425e-05 s
maximal impact parameter: 96.4156 Ang
*********************************************************
Linked-cell: 
Numbers of cells: 3332
Nx: 14 Ny: 14 Nz: 17
Filled cells: 77
Empty cells: 3255
Average atoms per cell: 65.0649
Maximum atoms per cell: 196
Minimum atoms per cell: 1
Simulation box: 
lx: 168.14 Ang
ly: 168.14 Ang
lz: 204.17 Ang
linked-cell calculation time: 0.00355601 s
time info: 0.000211 s
*********************************************************
Trajectory calculations 
*********************************************************
out target time: 22.9257 s
Ntraj: 10000
Nfree: 2285
Nscatter: 7713
Nlost: 2
omega: 3410.61
Ntraj: 10000
Nfree: 2215
Nscatter: 7783
Nlost: 2
omega: 3486.02
Ntraj: 10000
Nfree: 2114
Nscatter: 7885
Nlost: 1
omega: 3331.53
Ntraj: 10000
Nfree: 2220
Nscatter: 7778
Nlost: 2
omega: 3431.87
Ntraj: 10000
Nfree: 2208
Nscatter: 7790
Nlost: 2
omega: 3412.05
Ntraj: 10000
Nfree: 2235
Nscatter: 7764
Nlost: 1
omega: 3496.41
Ntraj: 10000
Nfree: 2213
Nscatter: 7787
Nlost: 0
omega: 3228.27
Ntraj: 10000
Nfree: 2227
Nscatter: 7771
Nlost: 2
omega: 3271.41
Ntraj: 10000
Nfree: 2179
Nscatter: 7821
Nlost: 0
omega: 3243.23
Ntraj: 10000
Nfree: 2084
Nscatter: 7915
Nlost: 1
omega: 3527.74
*********************************************************
task: 0
worker id: 92786
time create lcl and mol: 0.00105906 s
numbers of trajectories: 25000
time trajectory calculation: 16.2387 s
task: 1
worker id: 39287
time create lcl and mol: 0.00079298 s
numbers of trajectories: 25000
time trajectory calculation: 18.8592 s
task: 2
worker id: 31618
time create lcl and mol: 0.000873089 s
numbers of trajectories: 25000
time trajectory calculation: 22.9005 s
task: 3
worker id: 37996
time create lcl and mol: 0.000874996 s
numbers of trajectories: 25000
time trajectory calculation: 16.7917 s
CCS time: 22.9357 s
*********************************************************
average value of CCS = 3383.91 Ang^2
error value of CCS = 32.7093 Ang^2
Total time: 22.9508 s
Program finished...
*********************************************************
INPUT:: Simulation Parameters 
*********************************************************
target filename                  : 02_2akq_02_carga_11_min.xyz
number of probe                  : 10000
number of iterarions             : 10
number of tasks                  : 4
number of threads                : 24
seed number                      : 2104
gas buffer                       : N2
Target Temperature (K)           : 298
timestep (fs)                    : 10
Skin cell size (Ang)             : 0.01
Equipotential                    : no
Cut short-range interaction      : yes
LJ cutoff (Ang)                  : 12
Apply long-range interaction     : yes
Cut long-range interaction       : yes
Coulomb cutoff (Ang)             : 25
Apply induced-dipole interaction : yes
alpha (Ang^3)                    : 1.71
force_type: 6
*********************************************************
Force Field parameters: 
*********************************************************
Symbol  mass (amu)  epislon (kcal/mol)  sigma(Angstroms) 
C   12.011   0.0824736   3.2255
N   14.007   0.0758527   3.5719
H   1.008   0.0362711   1.8986
O   15.999   0.062323   3.075
S   32.06   0.138032   3.4237
P   30.9738   0.145372   3.47
*********************************************************
MOLECULE:: orientation around the inertia principal axis 
*********************************************************
Inertia matrix a.u. Ang^2: 
{  5.24303e+06  -1.06224e+06  1.42652e+06  }
{  -1.06224e+06  1.32585e+07  253536  }
{  1.42652e+06  253536  1.32575e+07  }
Rotation matrix applied to molecule: 
{  0.0969352  0.441178  0.892169  }
{  0.977054  0.128631  -0.169766  }
{  -0.189657  0.888153  -0.418586  }
Molecule radius: 39.7002 Ang 
orientation time of molecule target: 0.00566912 s
target mass: 35368 amu
gas mass: 28.014 amu
reduce mass: 28.014 amu
charge state: 10.9992 e
*********************************************************
Geometric Ellipsoid: 
*********************************************************
maximal distances: 23.7041  21.0357  39.078  Ang
Initial axis length: 74.8117  72.1433  90.1856  Ang
Ellipsoid axis length: 81.0417  78.3733  96.4156  Ang
ellipsoid calculation time: 6.31809e-05 s
maximal impact parameter: 96.4156 Ang
*********************************************************
Linked-cell: 
Numbers of cells: 3332
Nx: 14 Ny: 14 Nz: 17
Filled cells: 77
Empty cells: 3255
Average atoms per cell: 65.0649
Maximum atoms per cell: 196
Minimum atoms per cell: 1
Simulation box: 
lx: 168.14 Ang
ly: 168.14 Ang
lz: 204.17 Ang
linked-cell calculation time: 0.0035789 s
time info: 0.00020504 s
*********************************************************
Trajectory calculations 
*********************************************************
out target time: 23.1098 s
Ntraj: 10000
Nfree: 2285
Nscatter: 7713
Nlost: 2
omega: 3410.61
Ntraj: 10000
Nfree: 2215
Nscatter: 7783
Nlost: 2
omega: 3486.02
Ntraj: 10000
Nfree: 2114
Nscatter: 7885
Nlost: 1
omega: 3331.53
Ntraj: 10000
Nfree: 2220
Nscatter: 7778
Nlost: 2
omega: 3431.87
Ntraj: 10000
Nfree: 2208
Nscatter: 7790
Nlost: 2
omega: 3412.05
Ntraj: 10000
Nfree: 2235
Nscatter: 7764
Nlost: 1
omega: 3496.41
Ntraj: 10000
Nfree: 2213
Nscatter: 7787
Nlost: 0
omega: 3228.27
Ntraj: 10000
Nfree: 2227
Nscatter: 7771
Nlost: 2
omega: 3271.41
Ntraj: 10000
Nfree: 2179
Nscatter: 7821
Nlost: 0
omega: 3243.23
Ntraj: 10000
Nfree: 2084
Nscatter: 7915
Nlost: 1
omega: 3527.74
*********************************************************
task: 0
worker id: 38712
time create lcl and mol: 0.000873089 s
numbers of trajectories: 25000
time trajectory calculation: 15.8472 s
task: 1
worker id: 32335
time create lcl and mol: 0.000847101 s
numbers of trajectories: 25000
time trajectory calculation: 19.2849 s
task: 2
worker id: 40001
time create lcl and mol: 0.000809908 s
numbers of trajectories: 25000
time trajectory calculation: 23.0815 s
task: 3
worker id: 93503
time create lcl and mol: 0.00086689 s
numbers of trajectories: 25000
time trajectory calculation: 17.1005 s
CCS time: 23.1197 s
*********************************************************
average value of CCS = 3383.91 Ang^2
error value of CCS = 32.7093 Ang^2
Total time: 23.1347 s
Program finished...
*********************************************************
INPUT:: Simulation Parameters 
*********************************************************
target filename                  : 02_2akq_02_carga_11_min.xyz
number of probe                  : 10000
number of iterarions             : 10
number of tasks                  : 4
number of threads                : 24
seed number                      : 2104
gas buffer                       : N2
Target Temperature (K)           : 298
timestep (fs)                    : 10
Skin cell size (Ang)             : 0.01
Equipotential                    : no
Cut short-range interaction      : yes
LJ cutoff (Ang)                  : 12
Apply long-range interaction     : yes
Cut long-range interaction       : yes
Coulomb cutoff (Ang)             : 25
Apply induced-dipole interaction : yes
alpha (Ang^3)                    : 1.71
force_type: 6
*********************************************************
Force Field parameters: 
*********************************************************
Symbol  mass (amu)  epislon (kcal/mol)  sigma(Angstroms) 
C   12.011   0.0824736   3.2255
N   14.007   0.0758527   3.5719
H   1.008   0.0362711   1.8986
O   15.999   0.062323   3.075
S   32.06   0.138032   3.4237
P   30.9738   0.145372   3.47
*********************************************************
MOLECULE:: orientation around the inertia principal axis 
*********************************************************
Inertia matrix a.u. Ang^2: 
{  5.24303e+06  -1.06224e+06  1.42652e+06  }
{  -1.06224e+06  1.32585e+07  253536  }
{  1.42652e+06  253536  1.32575e+07  }
Rotation matrix applied to molecule: 
{  0.0969352  0.441178  0.892169  }
{  0.977054  0.128631  -0.169766  }
{  -0.189657  0.888153  -0.418586  }
Molecule radius: 39.7002 Ang 
orientation time of molecule target: 0.00575399 s
target mass: 35368 amu
gas mass: 28.014 amu
reduce mass: 28.014 amu
charge state: 10.9992 e
*********************************************************
Geometric Ellipsoid: 
*********************************************************
maximal distances: 23.7041  21.0357  39.078  Ang
Initial axis length: 74.8117  72.1433  90.1856  Ang
Ellipsoid axis length: 81.0417  78.3733  96.4156  Ang
ellipsoid calculation time: 6.69956e-05 s
maximal impact parameter: 96.4156 Ang
*********************************************************
Linked-cell: 
Numbers of cells: 3332
Nx: 14 Ny: 14 Nz: 17
Filled cells: 77
Empty cells: 3255
Average atoms per cell: 65.0649
Maximum atoms per cell: 196
Minimum atoms per cell: 1
Simulation box: 
lx: 168.14 Ang
ly: 168.14 Ang
lz: 204.17 Ang
linked-cell calculation time: 0.00354099 s
time info: 0.000204086 s
*********************************************************
Trajectory calculations 
*********************************************************
out target time: 23.1159 s
Ntraj: 10000
Nfree: 2285
Nscatter: 7713
Nlost: 2
omega: 3410.61
Ntraj: 10000
Nfree: 2215
Nscatter: 7783
Nlost: 2
omega: 3486.02
Ntraj: 10000
Nfree: 2114
Nscatter: 7885
Nlost: 1
omega: 3331.53
Ntraj: 10000
Nfree: 2220
Nscatter: 7778
Nlost: 2
omega: 3431.87
Ntraj: 10000
Nfree: 2208
Nscatter: 7790
Nlost: 2
omega: 3412.05
Ntraj: 10000
Nfree: 2235
Nscatter: 7764
Nlost: 1
omega: 3496.41
Ntraj: 10000
Nfree: 2213
Nscatter: 7787
Nlost: 0
omega: 3228.27
Ntraj: 10000
Nfree: 2227
Nscatter: 7771
Nlost: 2
omega: 3271.41
Ntraj: 10000
Nfree: 2179
Nscatter: 7821
Nlost: 0
omega: 3243.23
Ntraj: 10000
Nfree: 2084
Nscatter: 7915
Nlost: 1
omega: 3527.74
*********************************************************
task: 0
worker id: 41060
time create lcl and mol: 0.000963926 s
numbers of trajectories: 25000
time trajectory calculation: 15.9144 s
task: 1
worker id: 94558
time create lcl and mol: 0.000898123 s
numbers of trajectories: 25000
time trajectory calculation: 18.6876 s
task: 2
worker id: 39773
time create lcl and mol: 0.00111604 s
numbers of trajectories: 25000
time trajectory calculation: 23.0894 s
task: 3
worker id: 33392
time create lcl and mol: 0.000829935 s
numbers of trajectories: 25000
time trajectory calculation: 16.5984 s
CCS time: 23.1258 s
*********************************************************
average value of CCS = 3383.91 Ang^2
error value of CCS = 32.7093 Ang^2
Total time: 23.1404 s
Program finished...
[1687450414.124268] [sdumont6194:23309:0]       tag_match.c:62   UCX  WARN  unexpected tag-receive descriptor 0x2b1124016900 was not matched
[1687450414.116830] [sdumont6258:41060:0]       tag_match.c:62   UCX  WARN  unexpected tag-receive descriptor 0x557528ae1880 was not matched
*********************************************************
INPUT:: Simulation Parameters 
*********************************************************
target filename                  : 02_2akq_02_carga_11_min.xyz
number of probe                  : 10000
number of iterarions             : 10
number of tasks                  : 4
number of threads                : 24
seed number                      : 2104
gas buffer                       : N2
Target Temperature (K)           : 298
timestep (fs)                    : 10
Skin cell size (Ang)             : 0.01
Equipotential                    : no
Cut short-range interaction      : yes
LJ cutoff (Ang)                  : 12
Apply long-range interaction     : yes
Cut long-range interaction       : yes
Coulomb cutoff (Ang)             : 25
Apply induced-dipole interaction : yes
alpha (Ang^3)                    : 1.71
force_type: 6
*********************************************************
Force Field parameters: 
*********************************************************
Symbol  mass (amu)  epislon (kcal/mol)  sigma(Angstroms) 
C   12.011   0.0824736   3.2255
N   14.007   0.0758527   3.5719
H   1.008   0.0362711   1.8986
O   15.999   0.062323   3.075
S   32.06   0.138032   3.4237
P   30.9738   0.145372   3.47
*********************************************************
MOLECULE:: orientation around the inertia principal axis 
*********************************************************
Inertia matrix a.u. Ang^2: 
{  5.24303e+06  -1.06224e+06  1.42652e+06  }
{  -1.06224e+06  1.32585e+07  253536  }
{  1.42652e+06  253536  1.32575e+07  }
Rotation matrix applied to molecule: 
{  0.0969352  0.441178  0.892169  }
{  0.977054  0.128631  -0.169766  }
{  -0.189657  0.888153  -0.418586  }
Molecule radius: 39.7002 Ang 
orientation time of molecule target: 0.00550008 s
target mass: 35368 amu
gas mass: 28.014 amu
reduce mass: 28.014 amu
charge state: 10.9992 e
*********************************************************
Geometric Ellipsoid: 
*********************************************************
maximal distances: 23.7041  21.0357  39.078  Ang
Initial axis length: 74.8117  72.1433  90.1856  Ang
Ellipsoid axis length: 81.0417  78.3733  96.4156  Ang
ellipsoid calculation time: 6.60419e-05 s
maximal impact parameter: 96.4156 Ang
*********************************************************
Linked-cell: 
Numbers of cells: 3332
Nx: 14 Ny: 14 Nz: 17
Filled cells: 77
Empty cells: 3255
Average atoms per cell: 65.0649
Maximum atoms per cell: 196
Minimum atoms per cell: 1
Simulation box: 
lx: 168.14 Ang
ly: 168.14 Ang
lz: 204.17 Ang
linked-cell calculation time: 0.00353909 s
time info: 0.00019908 s
*********************************************************
Trajectory calculations 
*********************************************************
out target time: 22.4256 s
Ntraj: 10000
Nfree: 2285
Nscatter: 7713
Nlost: 2
omega: 3410.61
Ntraj: 10000
Nfree: 2215
Nscatter: 7783
Nlost: 2
omega: 3486.02
Ntraj: 10000
Nfree: 2114
Nscatter: 7885
Nlost: 1
omega: 3331.53
Ntraj: 10000
Nfree: 2220
Nscatter: 7778
Nlost: 2
omega: 3431.87
Ntraj: 10000
Nfree: 2208
Nscatter: 7790
Nlost: 2
omega: 3412.05
Ntraj: 10000
Nfree: 2235
Nscatter: 7764
Nlost: 1
omega: 3496.41
Ntraj: 10000
Nfree: 2213
Nscatter: 7787
Nlost: 0
omega: 3228.27
Ntraj: 10000
Nfree: 2227
Nscatter: 7771
Nlost: 2
omega: 3271.41
Ntraj: 10000
Nfree: 2179
Nscatter: 7821
Nlost: 0
omega: 3243.23
Ntraj: 10000
Nfree: 2084
Nscatter: 7915
Nlost: 1
omega: 3527.74
*********************************************************
task: 0
worker id: 95284
time create lcl and mol: 0.000822783 s
numbers of trajectories: 25000
time trajectory calculation: 16.018 s
task: 1
worker id: 40504
time create lcl and mol: 0.000828981 s
numbers of trajectories: 25000
time trajectory calculation: 19.3554 s
task: 2
worker id: 41788
time create lcl and mol: 0.000894785 s
numbers of trajectories: 25000
time trajectory calculation: 22.399 s
task: 3
worker id: 34120
time create lcl and mol: 0.000926971 s
numbers of trajectories: 25000
time trajectory calculation: 16.8611 s
CCS time: 22.4355 s
*********************************************************
average value of CCS = 3383.91 Ang^2
error value of CCS = 32.7093 Ang^2
Total time: 22.4499 s
Program finished...
