*********************************************************
INPUT:: Simulation Parameters 
*********************************************************
target filename                  : 06_1hrc_carga_3_min.xyz
number of probe                  : 10000
number of iterarions             : 10
number of tasks                  : 2
number of threads                : 24
seed number                      : 2104
gas buffer                       : He
Target Temperature (K)           : 298
timestep (fs)                    : 10
Skin cell size (Ang)             : 0.01
Equipotential                    : no
Cut short-range interaction      : yes
LJ cutoff (Ang)                  : 12
Apply long-range interaction     : yes
Cut long-range interaction       : yes
Coulomb cutoff (Ang)             : 25
Apply induced-dipole interaction : yes
alpha (Ang^3)                    : 0.204956
force_type: 4
*********************************************************
Force Field parameters: 
*********************************************************
Symbol  mass (amu)  epislon (kcal/mol)  sigma(Angstroms) 
C   12.011   0.0309   3.043
N   14.007   0.0309   3.043
H   1.008   0.015   2.38
O   15.999   0.0309   3.043
S   32.06   0.0311   3.5
*********************************************************
MOLECULE:: orientation around the inertia principal axis 
*********************************************************
Inertia matrix a.u. Ang^2: 
{  1.22065e+06  -9942.05  91494.5  }
{  -9942.05  1.405e+06  -122592  }
{  91494.5  -122592  1.11072e+06  }
Rotation matrix applied to molecule: 
{  0.181888  -0.910794  0.370637  }
{  -0.404043  0.27441  0.87261  }
{  -0.896474  -0.308471  -0.318088  }
Molecule radius: 21.2278 Ang 
orientation time of molecule target: 0.0915711 s
target mass: 11704.6 amu
gas mass: 4.0026 amu
reduce mass: 4.00123 amu
charge state: 2.998 e
*********************************************************
Geometric Ellipsoid: 
*********************************************************
maximal distances: 16.2609  19.5446  21.0148  Ang
Initial axis length: 66.2709  69.5546  71.0248  Ang
Ellipsoid axis length: 68.1109  71.3946  72.8648  Ang
ellipsoid calculation time: 4.50611e-05 s
maximal impact parameter: 72.8648 Ang
*********************************************************
Linked-cell: 
Numbers of cells: 1872
Nx: 12 Ny: 12 Nz: 13
Filled cells: 37
Empty cells: 1835
Average atoms per cell: 45.027
Maximum atoms per cell: 169
Minimum atoms per cell: 1
Simulation box: 
lx: 144.12 Ang
ly: 144.12 Ang
lz: 156.13 Ang
linked-cell calculation time: 0.00204611 s
time info: 0.000105143 s
*********************************************************
Trajectory calculations 
*********************************************************
out target time: 2.29476 s
Ntraj: 10000
Nfree: 586
Nscatter: 9413
Nlost: 1
omega: 1201.68
Ntraj: 10000
Nfree: 560
Nscatter: 9440
Nlost: 0
omega: 1326.85
Ntraj: 10000
Nfree: 571
Nscatter: 9427
Nlost: 2
omega: 1185.96
Ntraj: 10000
Nfree: 552
Nscatter: 9447
Nlost: 1
omega: 1441.48
Ntraj: 10000
Nfree: 577
Nscatter: 9420
Nlost: 3
omega: 1413.8
Ntraj: 10000
Nfree: 570
Nscatter: 9430
Nlost: 0
omega: 1338.16
Ntraj: 10000
Nfree: 560
Nscatter: 9440
Nlost: 0
omega: 1288.51
Ntraj: 10000
Nfree: 561
Nscatter: 9437
Nlost: 2
omega: 1308.25
Ntraj: 10000
Nfree: 593
Nscatter: 9406
Nlost: 1
omega: 1372.06
Ntraj: 10000
Nfree: 582
Nscatter: 9417
Nlost: 1
omega: 1324.41
*********************************************************
task: 0
worker id: 87778
time create lcl and mol: 0.000645876 s
numbers of trajectories: 50000
time trajectory calculation: 2.26485 s
task: 1
worker id: 65758
time create lcl and mol: 0.00041008 s
numbers of trajectories: 50000
time trajectory calculation: 2.24654 s
CCS time: 2.30291 s
*********************************************************
average value of CCS = 1320.12 Ang^2
error value of CCS = 24.4454 Ang^2
Total time: 2.40165 s
Program finished...
*********************************************************
INPUT:: Simulation Parameters 
*********************************************************
target filename                  : 06_1hrc_carga_3_min.xyz
number of probe                  : 10000
number of iterarions             : 10
number of tasks                  : 2
number of threads                : 24
seed number                      : 2104
gas buffer                       : He
Target Temperature (K)           : 298
timestep (fs)                    : 10
Skin cell size (Ang)             : 0.01
Equipotential                    : no
Cut short-range interaction      : yes
LJ cutoff (Ang)                  : 12
Apply long-range interaction     : yes
Cut long-range interaction       : yes
Coulomb cutoff (Ang)             : 25
Apply induced-dipole interaction : yes
alpha (Ang^3)                    : 0.204956
force_type: 4
*********************************************************
Force Field parameters: 
*********************************************************
Symbol  mass (amu)  epislon (kcal/mol)  sigma(Angstroms) 
C   12.011   0.0309   3.043
N   14.007   0.0309   3.043
H   1.008   0.015   2.38
O   15.999   0.0309   3.043
S   32.06   0.0311   3.5
*********************************************************
MOLECULE:: orientation around the inertia principal axis 
*********************************************************
Inertia matrix a.u. Ang^2: 
{  1.22065e+06  -9942.05  91494.5  }
{  -9942.05  1.405e+06  -122592  }
{  91494.5  -122592  1.11072e+06  }
Rotation matrix applied to molecule: 
{  0.181888  -0.910794  0.370637  }
{  -0.404043  0.27441  0.87261  }
{  -0.896474  -0.308471  -0.318088  }
Molecule radius: 21.2278 Ang 
orientation time of molecule target: 0.00234008 s
target mass: 11704.6 amu
gas mass: 4.0026 amu
reduce mass: 4.00123 amu
charge state: 2.998 e
*********************************************************
Geometric Ellipsoid: 
*********************************************************
maximal distances: 16.2609  19.5446  21.0148  Ang
Initial axis length: 66.2709  69.5546  71.0248  Ang
Ellipsoid axis length: 68.1109  71.3946  72.8648  Ang
ellipsoid calculation time: 4.19617e-05 s
maximal impact parameter: 72.8648 Ang
*********************************************************
Linked-cell: 
Numbers of cells: 1872
Nx: 12 Ny: 12 Nz: 13
Filled cells: 37
Empty cells: 1835
Average atoms per cell: 45.027
Maximum atoms per cell: 169
Minimum atoms per cell: 1
Simulation box: 
lx: 144.12 Ang
ly: 144.12 Ang
lz: 156.13 Ang
linked-cell calculation time: 0.00205088 s
time info: 8.89301e-05 s
*********************************************************
Trajectory calculations 
*********************************************************
out target time: 2.33071 s
Ntraj: 10000
Nfree: 586
Nscatter: 9413
Nlost: 1
omega: 1201.68
Ntraj: 10000
Nfree: 560
Nscatter: 9440
Nlost: 0
omega: 1326.85
Ntraj: 10000
Nfree: 571
Nscatter: 9427
Nlost: 2
omega: 1185.96
Ntraj: 10000
Nfree: 552
Nscatter: 9447
Nlost: 1
omega: 1441.48
Ntraj: 10000
Nfree: 577
Nscatter: 9420
Nlost: 3
omega: 1413.8
Ntraj: 10000
Nfree: 570
Nscatter: 9430
Nlost: 0
omega: 1338.16
Ntraj: 10000
Nfree: 560
Nscatter: 9440
Nlost: 0
omega: 1288.51
Ntraj: 10000
Nfree: 561
Nscatter: 9437
Nlost: 2
omega: 1308.25
Ntraj: 10000
Nfree: 593
Nscatter: 9406
Nlost: 1
omega: 1372.06
Ntraj: 10000
Nfree: 582
Nscatter: 9417
Nlost: 1
omega: 1324.41
*********************************************************
task: 0
worker id: 87866
time create lcl and mol: 0.000479937 s
numbers of trajectories: 50000
time trajectory calculation: 2.27948 s
task: 1
worker id: 65847
time create lcl and mol: 0.000440836 s
numbers of trajectories: 50000
time trajectory calculation: 2.30402 s
CCS time: 2.33843 s
*********************************************************
average value of CCS = 1320.12 Ang^2
error value of CCS = 24.4454 Ang^2
Total time: 2.34811 s
Program finished...
*********************************************************
INPUT:: Simulation Parameters 
*********************************************************
target filename                  : 06_1hrc_carga_3_min.xyz
number of probe                  : 10000
number of iterarions             : 10
number of tasks                  : 2
number of threads                : 24
seed number                      : 2104
gas buffer                       : He
Target Temperature (K)           : 298
timestep (fs)                    : 10
Skin cell size (Ang)             : 0.01
Equipotential                    : no
Cut short-range interaction      : yes
LJ cutoff (Ang)                  : 12
Apply long-range interaction     : yes
Cut long-range interaction       : yes
Coulomb cutoff (Ang)             : 25
Apply induced-dipole interaction : yes
alpha (Ang^3)                    : 0.204956
force_type: 4
*********************************************************
Force Field parameters: 
*********************************************************
Symbol  mass (amu)  epislon (kcal/mol)  sigma(Angstroms) 
C   12.011   0.0309   3.043
N   14.007   0.0309   3.043
H   1.008   0.015   2.38
O   15.999   0.0309   3.043
S   32.06   0.0311   3.5
*********************************************************
MOLECULE:: orientation around the inertia principal axis 
*********************************************************
Inertia matrix a.u. Ang^2: 
{  1.22065e+06  -9942.05  91494.5  }
{  -9942.05  1.405e+06  -122592  }
{  91494.5  -122592  1.11072e+06  }
Rotation matrix applied to molecule: 
{  0.181888  -0.910794  0.370637  }
{  -0.404043  0.27441  0.87261  }
{  -0.896474  -0.308471  -0.318088  }
Molecule radius: 21.2278 Ang 
orientation time of molecule target: 0.00256491 s
target mass: 11704.6 amu
gas mass: 4.0026 amu
reduce mass: 4.00123 amu
charge state: 2.998 e
*********************************************************
Geometric Ellipsoid: 
*********************************************************
maximal distances: 16.2609  19.5446  21.0148  Ang
Initial axis length: 66.2709  69.5546  71.0248  Ang
Ellipsoid axis length: 68.1109  71.3946  72.8648  Ang
ellipsoid calculation time: 4.1008e-05 s
maximal impact parameter: 72.8648 Ang
*********************************************************
Linked-cell: 
Numbers of cells: 1872
Nx: 12 Ny: 12 Nz: 13
Filled cells: 37
Empty cells: 1835
Average atoms per cell: 45.027
Maximum atoms per cell: 169
Minimum atoms per cell: 1
Simulation box: 
lx: 144.12 Ang
ly: 144.12 Ang
lz: 156.13 Ang
linked-cell calculation time: 0.00206017 s
time info: 9.10759e-05 s
*********************************************************
Trajectory calculations 
*********************************************************
out target time: 2.3616 s
Ntraj: 10000
Nfree: 586
Nscatter: 9413
Nlost: 1
omega: 1201.68
Ntraj: 10000
Nfree: 560
Nscatter: 9440
Nlost: 0
omega: 1326.85
Ntraj: 10000
Nfree: 571
Nscatter: 9427
Nlost: 2
omega: 1185.96
Ntraj: 10000
Nfree: 552
Nscatter: 9447
Nlost: 1
omega: 1441.48
Ntraj: 10000
Nfree: 577
Nscatter: 9420
Nlost: 3
omega: 1413.8
Ntraj: 10000
Nfree: 570
Nscatter: 9430
Nlost: 0
omega: 1338.16
Ntraj: 10000
Nfree: 560
Nscatter: 9440
Nlost: 0
omega: 1288.51
Ntraj: 10000
Nfree: 561
Nscatter: 9437
Nlost: 2
omega: 1308.25
Ntraj: 10000
Nfree: 593
Nscatter: 9406
Nlost: 1
omega: 1372.06
Ntraj: 10000
Nfree: 582
Nscatter: 9417
Nlost: 1
omega: 1324.41
*********************************************************
task: 0
worker id: 87954
time create lcl and mol: 0.000470161 s
numbers of trajectories: 50000
time trajectory calculation: 2.32695 s
task: 1
worker id: 65935
time create lcl and mol: 0.000473976 s
numbers of trajectories: 50000
time trajectory calculation: 2.31596 s
CCS time: 2.36932 s
*********************************************************
average value of CCS = 1320.12 Ang^2
error value of CCS = 24.4454 Ang^2
Total time: 2.37896 s
Program finished...
*********************************************************
INPUT:: Simulation Parameters 
*********************************************************
target filename                  : 06_1hrc_carga_3_min.xyz
number of probe                  : 10000
number of iterarions             : 10
number of tasks                  : 2
number of threads                : 24
seed number                      : 2104
gas buffer                       : He
Target Temperature (K)           : 298
timestep (fs)                    : 10
Skin cell size (Ang)             : 0.01
Equipotential                    : no
Cut short-range interaction      : yes
LJ cutoff (Ang)                  : 12
Apply long-range interaction     : yes
Cut long-range interaction       : yes
Coulomb cutoff (Ang)             : 25
Apply induced-dipole interaction : yes
alpha (Ang^3)                    : 0.204956
force_type: 4
*********************************************************
Force Field parameters: 
*********************************************************
Symbol  mass (amu)  epislon (kcal/mol)  sigma(Angstroms) 
C   12.011   0.0309   3.043
N   14.007   0.0309   3.043
H   1.008   0.015   2.38
O   15.999   0.0309   3.043
S   32.06   0.0311   3.5
*********************************************************
MOLECULE:: orientation around the inertia principal axis 
*********************************************************
Inertia matrix a.u. Ang^2: 
{  1.22065e+06  -9942.05  91494.5  }
{  -9942.05  1.405e+06  -122592  }
{  91494.5  -122592  1.11072e+06  }
Rotation matrix applied to molecule: 
{  0.181888  -0.910794  0.370637  }
{  -0.404043  0.27441  0.87261  }
{  -0.896474  -0.308471  -0.318088  }
Molecule radius: 21.2278 Ang 
orientation time of molecule target: 0.00230885 s
target mass: 11704.6 amu
gas mass: 4.0026 amu
reduce mass: 4.00123 amu
charge state: 2.998 e
*********************************************************
Geometric Ellipsoid: 
*********************************************************
maximal distances: 16.2609  19.5446  21.0148  Ang
Initial axis length: 66.2709  69.5546  71.0248  Ang
Ellipsoid axis length: 68.1109  71.3946  72.8648  Ang
ellipsoid calculation time: 4.50611e-05 s
maximal impact parameter: 72.8648 Ang
*********************************************************
Linked-cell: 
Numbers of cells: 1872
Nx: 12 Ny: 12 Nz: 13
Filled cells: 37
Empty cells: 1835
Average atoms per cell: 45.027
Maximum atoms per cell: 169
Minimum atoms per cell: 1
Simulation box: 
lx: 144.12 Ang
ly: 144.12 Ang
lz: 156.13 Ang
linked-cell calculation time: 0.00197601 s
time info: 8.89301e-05 s
*********************************************************
Trajectory calculations 
*********************************************************
out target time: 2.30255 s
Ntraj: 10000
Nfree: 586
Nscatter: 9413
Nlost: 1
omega: 1201.68
Ntraj: 10000
Nfree: 560
Nscatter: 9440
Nlost: 0
omega: 1326.85
Ntraj: 10000
Nfree: 571
Nscatter: 9427
Nlost: 2
omega: 1185.96
Ntraj: 10000
Nfree: 552
Nscatter: 9447
Nlost: 1
omega: 1441.48
Ntraj: 10000
Nfree: 577
Nscatter: 9420
Nlost: 3
omega: 1413.8
Ntraj: 10000
Nfree: 570
Nscatter: 9430
Nlost: 0
omega: 1338.16
Ntraj: 10000
Nfree: 560
Nscatter: 9440
Nlost: 0
omega: 1288.51
Ntraj: 10000
Nfree: 561
Nscatter: 9437
Nlost: 2
omega: 1308.25
Ntraj: 10000
Nfree: 593
Nscatter: 9406
Nlost: 1
omega: 1372.06
Ntraj: 10000
Nfree: 582
Nscatter: 9417
Nlost: 1
omega: 1324.41
*********************************************************
task: 0
worker id: 66332
time create lcl and mol: 0.000446796 s
numbers of trajectories: 50000
time trajectory calculation: 2.21514 s
task: 1
worker id: 88349
time create lcl and mol: 0.000590801 s
numbers of trajectories: 50000
time trajectory calculation: 2.2779 s
CCS time: 2.31007 s
*********************************************************
average value of CCS = 1320.12 Ang^2
error value of CCS = 24.4454 Ang^2
Total time: 2.31966 s
Program finished...
*********************************************************
INPUT:: Simulation Parameters 
*********************************************************
target filename                  : 06_1hrc_carga_3_min.xyz
number of probe                  : 10000
number of iterarions             : 10
number of tasks                  : 2
number of threads                : 24
seed number                      : 2104
gas buffer                       : He
Target Temperature (K)           : 298
timestep (fs)                    : 10
Skin cell size (Ang)             : 0.01
Equipotential                    : no
Cut short-range interaction      : yes
LJ cutoff (Ang)                  : 12
Apply long-range interaction     : yes
Cut long-range interaction       : yes
Coulomb cutoff (Ang)             : 25
Apply induced-dipole interaction : yes
alpha (Ang^3)                    : 0.204956
force_type: 4
*********************************************************
Force Field parameters: 
*********************************************************
Symbol  mass (amu)  epislon (kcal/mol)  sigma(Angstroms) 
C   12.011   0.0309   3.043
N   14.007   0.0309   3.043
H   1.008   0.015   2.38
O   15.999   0.0309   3.043
S   32.06   0.0311   3.5
*********************************************************
MOLECULE:: orientation around the inertia principal axis 
*********************************************************
Inertia matrix a.u. Ang^2: 
{  1.22065e+06  -9942.05  91494.5  }
{  -9942.05  1.405e+06  -122592  }
{  91494.5  -122592  1.11072e+06  }
Rotation matrix applied to molecule: 
{  0.181888  -0.910794  0.370637  }
{  -0.404043  0.27441  0.87261  }
{  -0.896474  -0.308471  -0.318088  }
Molecule radius: 21.2278 Ang 
orientation time of molecule target: 0.00234413 s
target mass: 11704.6 amu
gas mass: 4.0026 amu
reduce mass: 4.00123 amu
charge state: 2.998 e
*********************************************************
Geometric Ellipsoid: 
*********************************************************
maximal distances: 16.2609  19.5446  21.0148  Ang
Initial axis length: 66.2709  69.5546  71.0248  Ang
Ellipsoid axis length: 68.1109  71.3946  72.8648  Ang
ellipsoid calculation time: 4.3869e-05 s
maximal impact parameter: 72.8648 Ang
*********************************************************
Linked-cell: 
Numbers of cells: 1872
Nx: 12 Ny: 12 Nz: 13
Filled cells: 37
Empty cells: 1835
Average atoms per cell: 45.027
Maximum atoms per cell: 169
Minimum atoms per cell: 1
Simulation box: 
lx: 144.12 Ang
ly: 144.12 Ang
lz: 156.13 Ang
linked-cell calculation time: 0.00201583 s
time info: 8.79765e-05 s
*********************************************************
Trajectory calculations 
*********************************************************
out target time: 2.29222 s
Ntraj: 10000
Nfree: 586
Nscatter: 9413
Nlost: 1
omega: 1201.68
Ntraj: 10000
Nfree: 560
Nscatter: 9440
Nlost: 0
omega: 1326.85
Ntraj: 10000
Nfree: 571
Nscatter: 9427
Nlost: 2
omega: 1185.96
Ntraj: 10000
Nfree: 552
Nscatter: 9447
Nlost: 1
omega: 1441.48
Ntraj: 10000
Nfree: 577
Nscatter: 9420
Nlost: 3
omega: 1413.8
Ntraj: 10000
Nfree: 570
Nscatter: 9430
Nlost: 0
omega: 1338.16
Ntraj: 10000
Nfree: 560
Nscatter: 9440
Nlost: 0
omega: 1288.51
Ntraj: 10000
Nfree: 561
Nscatter: 9437
Nlost: 2
omega: 1308.25
Ntraj: 10000
Nfree: 593
Nscatter: 9406
Nlost: 1
omega: 1372.06
Ntraj: 10000
Nfree: 582
Nscatter: 9417
Nlost: 1
omega: 1324.41
*********************************************************
task: 0
worker id: 66421
time create lcl and mol: 0.000463009 s
numbers of trajectories: 50000
time trajectory calculation: 2.21965 s
task: 1
worker id: 88439
time create lcl and mol: 0.000411987 s
numbers of trajectories: 50000
time trajectory calculation: 2.26577 s
CCS time: 2.29979 s
*********************************************************
average value of CCS = 1320.12 Ang^2
error value of CCS = 24.4454 Ang^2
Total time: 2.30934 s
Program finished...
