*********************************************************
INPUT:: Simulation Parameters 
*********************************************************
target filename                  : 09_1cfd_carga_7_min.xyz
number of probe                  : 10000
number of iterarions             : 10
number of tasks                  : 4
number of threads                : 24
seed number                      : 2104
gas buffer                       : He
Target Temperature (K)           : 298
timestep (fs)                    : 10
Skin cell size (Ang)             : 0.01
Equipotential                    : no
Cut short-range interaction      : yes
LJ cutoff (Ang)                  : 12
Apply long-range interaction     : yes
Cut long-range interaction       : yes
Coulomb cutoff (Ang)             : 25
Apply induced-dipole interaction : yes
alpha (Ang^3)                    : 0.204956
force_type: 4
*********************************************************
Force Field parameters: 
*********************************************************
Symbol  mass (amu)  epislon (kcal/mol)  sigma(Angstroms) 
C   12.011   0.0309   3.043
N   14.007   0.0309   3.043
H   1.008   0.015   2.38
O   15.999   0.0309   3.043
S   32.06   0.0311   3.5
*********************************************************
MOLECULE:: orientation around the inertia principal axis 
*********************************************************
Inertia matrix a.u. Ang^2: 
{  3.67619e+06  -2.34047e+06  620245  }
{  -2.34047e+06  4.07793e+06  342199  }
{  620245  342199  6.46441e+06  }
Rotation matrix applied to molecule: 
{  0.34945  -0.197899  0.915817  }
{  0.733098  0.666444  -0.135718  }
{  -0.583483  0.71881  0.377968  }
Molecule radius: 36.3181 Ang 
orientation time of molecule target: 0.0255539 s
target mass: 16713.5 amu
gas mass: 4.0026 amu
reduce mass: 4.00164 amu
charge state: 7 e
*********************************************************
Geometric Ellipsoid: 
*********************************************************
maximal distances: 14.0369  18.4497  36.0991  Ang
Initial axis length: 64.0469  68.4597  86.1091  Ang
Ellipsoid axis length: 68.1269  72.5397  90.1891  Ang
ellipsoid calculation time: 4.72069e-05 s
maximal impact parameter: 90.1891 Ang
*********************************************************
Linked-cell: 
Numbers of cells: 2496
Nx: 12 Ny: 13 Nz: 16
Filled cells: 44
Empty cells: 2452
Average atoms per cell: 52.1136
Maximum atoms per cell: 159
Minimum atoms per cell: 1
Simulation box: 
lx: 144.12 Ang
ly: 156.13 Ang
lz: 192.16 Ang
linked-cell calculation time: 0.00254798 s
time info: 0.000104904 s
*********************************************************
Trajectory calculations 
*********************************************************
out target time: 1.93505 s
Ntraj: 10000
Nfree: 2740
Nscatter: 7254
Nlost: 6
omega: 1912.61
Ntraj: 10000
Nfree: 2759
Nscatter: 7235
Nlost: 6
omega: 2005.44
Ntraj: 10000
Nfree: 2806
Nscatter: 7188
Nlost: 6
omega: 1947.36
Ntraj: 10000
Nfree: 2754
Nscatter: 7237
Nlost: 9
omega: 2318.38
Ntraj: 10000
Nfree: 2729
Nscatter: 7262
Nlost: 9
omega: 2250.87
Ntraj: 10000
Nfree: 2782
Nscatter: 7212
Nlost: 6
omega: 2036.36
Ntraj: 10000
Nfree: 2776
Nscatter: 7217
Nlost: 7
omega: 2118.37
Ntraj: 10000
Nfree: 2773
Nscatter: 7221
Nlost: 6
omega: 2040.03
Ntraj: 10000
Nfree: 2825
Nscatter: 7168
Nlost: 7
omega: 2149.09
Ntraj: 10000
Nfree: 2747
Nscatter: 7247
Nlost: 6
omega: 2101.34
*********************************************************
task: 0
worker id: 93592
time create lcl and mol: 0.000602961 s
numbers of trajectories: 25000
time trajectory calculation: 1.20216 s
task: 1
worker id: 44410
time create lcl and mol: 0.000586987 s
numbers of trajectories: 25000
time trajectory calculation: 1.91098 s
task: 2
worker id: 69495
time create lcl and mol: 0.000596046 s
numbers of trajectories: 25000
time trajectory calculation: 1.43726 s
task: 3
worker id: 30582
time create lcl and mol: 0.000705957 s
numbers of trajectories: 25000
time trajectory calculation: 1.28937 s
CCS time: 1.94276 s
*********************************************************
average value of CCS = 2087.99 Ang^2
error value of CCS = 38.3092 Ang^2
Total time: 1.9763 s
Program finished...
*********************************************************
INPUT:: Simulation Parameters 
*********************************************************
target filename                  : 09_1cfd_carga_7_min.xyz
number of probe                  : 10000
number of iterarions             : 10
number of tasks                  : 4
number of threads                : 24
seed number                      : 2104
gas buffer                       : He
Target Temperature (K)           : 298
timestep (fs)                    : 10
Skin cell size (Ang)             : 0.01
Equipotential                    : no
Cut short-range interaction      : yes
LJ cutoff (Ang)                  : 12
Apply long-range interaction     : yes
Cut long-range interaction       : yes
Coulomb cutoff (Ang)             : 25
Apply induced-dipole interaction : yes
alpha (Ang^3)                    : 0.204956
force_type: 4
*********************************************************
Force Field parameters: 
*********************************************************
Symbol  mass (amu)  epislon (kcal/mol)  sigma(Angstroms) 
C   12.011   0.0309   3.043
N   14.007   0.0309   3.043
H   1.008   0.015   2.38
O   15.999   0.0309   3.043
S   32.06   0.0311   3.5
*********************************************************
MOLECULE:: orientation around the inertia principal axis 
*********************************************************
Inertia matrix a.u. Ang^2: 
{  3.67619e+06  -2.34047e+06  620245  }
{  -2.34047e+06  4.07793e+06  342199  }
{  620245  342199  6.46441e+06  }
Rotation matrix applied to molecule: 
{  0.34945  -0.197899  0.915817  }
{  0.733098  0.666444  -0.135718  }
{  -0.583483  0.71881  0.377968  }
Molecule radius: 36.3181 Ang 
orientation time of molecule target: 0.00302505 s
target mass: 16713.5 amu
gas mass: 4.0026 amu
reduce mass: 4.00164 amu
charge state: 7 e
*********************************************************
Geometric Ellipsoid: 
*********************************************************
maximal distances: 14.0369  18.4497  36.0991  Ang
Initial axis length: 64.0469  68.4597  86.1091  Ang
Ellipsoid axis length: 68.1269  72.5397  90.1891  Ang
ellipsoid calculation time: 5.50747e-05 s
maximal impact parameter: 90.1891 Ang
*********************************************************
Linked-cell: 
Numbers of cells: 2496
Nx: 12 Ny: 13 Nz: 16
Filled cells: 44
Empty cells: 2452
Average atoms per cell: 52.1136
Maximum atoms per cell: 159
Minimum atoms per cell: 1
Simulation box: 
lx: 144.12 Ang
ly: 156.13 Ang
lz: 192.16 Ang
linked-cell calculation time: 0.00259304 s
time info: 0.000114918 s
*********************************************************
Trajectory calculations 
*********************************************************
out target time: 1.85272 s
Ntraj: 10000
Nfree: 2740
Nscatter: 7254
Nlost: 6
omega: 1912.61
Ntraj: 10000
Nfree: 2759
Nscatter: 7235
Nlost: 6
omega: 2005.44
Ntraj: 10000
Nfree: 2806
Nscatter: 7188
Nlost: 6
omega: 1947.36
Ntraj: 10000
Nfree: 2754
Nscatter: 7237
Nlost: 9
omega: 2318.38
Ntraj: 10000
Nfree: 2729
Nscatter: 7262
Nlost: 9
omega: 2250.87
Ntraj: 10000
Nfree: 2782
Nscatter: 7212
Nlost: 6
omega: 2036.36
Ntraj: 10000
Nfree: 2776
Nscatter: 7217
Nlost: 7
omega: 2118.37
Ntraj: 10000
Nfree: 2773
Nscatter: 7221
Nlost: 6
omega: 2040.03
Ntraj: 10000
Nfree: 2825
Nscatter: 7168
Nlost: 7
omega: 2149.09
Ntraj: 10000
Nfree: 2747
Nscatter: 7247
Nlost: 6
omega: 2101.34
*********************************************************
task: 0
worker id: 44498
time create lcl and mol: 0.000608921 s
numbers of trajectories: 25000
time trajectory calculation: 1.20857 s
task: 1
worker id: 30670
time create lcl and mol: 0.000732899 s
numbers of trajectories: 25000
time trajectory calculation: 1.8268 s
task: 2
worker id: 93683
time create lcl and mol: 0.000596046 s
numbers of trajectories: 25000
time trajectory calculation: 1.46626 s
task: 3
worker id: 69582
time create lcl and mol: 0.000578165 s
numbers of trajectories: 25000
time trajectory calculation: 1.313 s
CCS time: 1.86032 s
*********************************************************
average value of CCS = 2087.99 Ang^2
error value of CCS = 38.3092 Ang^2
Total time: 1.87097 s
Program finished...
*********************************************************
INPUT:: Simulation Parameters 
*********************************************************
target filename                  : 09_1cfd_carga_7_min.xyz
number of probe                  : 10000
number of iterarions             : 10
number of tasks                  : 4
number of threads                : 24
seed number                      : 2104
gas buffer                       : He
Target Temperature (K)           : 298
timestep (fs)                    : 10
Skin cell size (Ang)             : 0.01
Equipotential                    : no
Cut short-range interaction      : yes
LJ cutoff (Ang)                  : 12
Apply long-range interaction     : yes
Cut long-range interaction       : yes
Coulomb cutoff (Ang)             : 25
Apply induced-dipole interaction : yes
alpha (Ang^3)                    : 0.204956
force_type: 4
*********************************************************
Force Field parameters: 
*********************************************************
Symbol  mass (amu)  epislon (kcal/mol)  sigma(Angstroms) 
C   12.011   0.0309   3.043
N   14.007   0.0309   3.043
H   1.008   0.015   2.38
O   15.999   0.0309   3.043
S   32.06   0.0311   3.5
*********************************************************
MOLECULE:: orientation around the inertia principal axis 
*********************************************************
Inertia matrix a.u. Ang^2: 
{  3.67619e+06  -2.34047e+06  620245  }
{  -2.34047e+06  4.07793e+06  342199  }
{  620245  342199  6.46441e+06  }
Rotation matrix applied to molecule: 
{  0.34945  -0.197899  0.915817  }
{  0.733098  0.666444  -0.135718  }
{  -0.583483  0.71881  0.377968  }
Molecule radius: 36.3181 Ang 
orientation time of molecule target: 0.00295615 s
target mass: 16713.5 amu
gas mass: 4.0026 amu
reduce mass: 4.00164 amu
charge state: 7 e
*********************************************************
Geometric Ellipsoid: 
*********************************************************
maximal distances: 14.0369  18.4497  36.0991  Ang
Initial axis length: 64.0469  68.4597  86.1091  Ang
Ellipsoid axis length: 68.1269  72.5397  90.1891  Ang
ellipsoid calculation time: 4.50611e-05 s
maximal impact parameter: 90.1891 Ang
*********************************************************
Linked-cell: 
Numbers of cells: 2496
Nx: 12 Ny: 13 Nz: 16
Filled cells: 44
Empty cells: 2452
Average atoms per cell: 52.1136
Maximum atoms per cell: 159
Minimum atoms per cell: 1
Simulation box: 
lx: 144.12 Ang
ly: 156.13 Ang
lz: 192.16 Ang
linked-cell calculation time: 0.00259089 s
time info: 0.000114918 s
*********************************************************
Trajectory calculations 
*********************************************************
out target time: 1.91228 s
Ntraj: 10000
Nfree: 2740
Nscatter: 7254
Nlost: 6
omega: 1912.61
Ntraj: 10000
Nfree: 2759
Nscatter: 7235
Nlost: 6
omega: 2005.44
Ntraj: 10000
Nfree: 2806
Nscatter: 7188
Nlost: 6
omega: 1947.36
Ntraj: 10000
Nfree: 2754
Nscatter: 7237
Nlost: 9
omega: 2318.38
Ntraj: 10000
Nfree: 2729
Nscatter: 7262
Nlost: 9
omega: 2250.87
Ntraj: 10000
Nfree: 2782
Nscatter: 7212
Nlost: 6
omega: 2036.36
Ntraj: 10000
Nfree: 2776
Nscatter: 7217
Nlost: 7
omega: 2118.37
Ntraj: 10000
Nfree: 2773
Nscatter: 7221
Nlost: 6
omega: 2040.03
Ntraj: 10000
Nfree: 2825
Nscatter: 7168
Nlost: 7
omega: 2149.09
Ntraj: 10000
Nfree: 2747
Nscatter: 7247
Nlost: 6
omega: 2101.34
*********************************************************
task: 0
worker id: 44586
time create lcl and mol: 0.000612974 s
numbers of trajectories: 25000
time trajectory calculation: 1.20875 s
task: 1
worker id: 69670
time create lcl and mol: 0.000601053 s
numbers of trajectories: 25000
time trajectory calculation: 1.88577 s
task: 2
worker id: 30757
time create lcl and mol: 0.000622034 s
numbers of trajectories: 25000
time trajectory calculation: 1.54545 s
task: 3
worker id: 93773
time create lcl and mol: 0.000860929 s
numbers of trajectories: 25000
time trajectory calculation: 1.41596 s
CCS time: 1.9199 s
*********************************************************
average value of CCS = 2087.99 Ang^2
error value of CCS = 38.3092 Ang^2
Total time: 1.93099 s
Program finished...
*********************************************************
INPUT:: Simulation Parameters 
*********************************************************
target filename                  : 09_1cfd_carga_7_min.xyz
number of probe                  : 10000
number of iterarions             : 10
number of tasks                  : 4
number of threads                : 24
seed number                      : 2104
gas buffer                       : He
Target Temperature (K)           : 298
timestep (fs)                    : 10
Skin cell size (Ang)             : 0.01
Equipotential                    : no
Cut short-range interaction      : yes
LJ cutoff (Ang)                  : 12
Apply long-range interaction     : yes
Cut long-range interaction       : yes
Coulomb cutoff (Ang)             : 25
Apply induced-dipole interaction : yes
alpha (Ang^3)                    : 0.204956
force_type: 4
*********************************************************
Force Field parameters: 
*********************************************************
Symbol  mass (amu)  epislon (kcal/mol)  sigma(Angstroms) 
C   12.011   0.0309   3.043
N   14.007   0.0309   3.043
H   1.008   0.015   2.38
O   15.999   0.0309   3.043
S   32.06   0.0311   3.5
*********************************************************
MOLECULE:: orientation around the inertia principal axis 
*********************************************************
Inertia matrix a.u. Ang^2: 
{  3.67619e+06  -2.34047e+06  620245  }
{  -2.34047e+06  4.07793e+06  342199  }
{  620245  342199  6.46441e+06  }
Rotation matrix applied to molecule: 
{  0.34945  -0.197899  0.915817  }
{  0.733098  0.666444  -0.135718  }
{  -0.583483  0.71881  0.377968  }
Molecule radius: 36.3181 Ang 
orientation time of molecule target: 0.00296187 s
target mass: 16713.5 amu
gas mass: 4.0026 amu
reduce mass: 4.00164 amu
charge state: 7 e
*********************************************************
Geometric Ellipsoid: 
*********************************************************
maximal distances: 14.0369  18.4497  36.0991  Ang
Initial axis length: 64.0469  68.4597  86.1091  Ang
Ellipsoid axis length: 68.1269  72.5397  90.1891  Ang
ellipsoid calculation time: 4.31538e-05 s
maximal impact parameter: 90.1891 Ang
*********************************************************
Linked-cell: 
Numbers of cells: 2496
Nx: 12 Ny: 13 Nz: 16
Filled cells: 44
Empty cells: 2452
Average atoms per cell: 52.1136
Maximum atoms per cell: 159
Minimum atoms per cell: 1
Simulation box: 
lx: 144.12 Ang
ly: 156.13 Ang
lz: 192.16 Ang
linked-cell calculation time: 0.00255799 s
time info: 0.000116825 s
*********************************************************
Trajectory calculations 
*********************************************************
out target time: 1.86976 s
Ntraj: 10000
Nfree: 2740
Nscatter: 7254
Nlost: 6
omega: 1912.61
Ntraj: 10000
Nfree: 2759
Nscatter: 7235
Nlost: 6
omega: 2005.44
Ntraj: 10000
Nfree: 2806
Nscatter: 7188
Nlost: 6
omega: 1947.36
Ntraj: 10000
Nfree: 2754
Nscatter: 7237
Nlost: 9
omega: 2318.38
Ntraj: 10000
Nfree: 2729
Nscatter: 7262
Nlost: 9
omega: 2250.87
Ntraj: 10000
Nfree: 2782
Nscatter: 7212
Nlost: 6
omega: 2036.36
Ntraj: 10000
Nfree: 2776
Nscatter: 7217
Nlost: 7
omega: 2118.37
Ntraj: 10000
Nfree: 2773
Nscatter: 7221
Nlost: 6
omega: 2040.03
Ntraj: 10000
Nfree: 2825
Nscatter: 7168
Nlost: 7
omega: 2149.09
Ntraj: 10000
Nfree: 2747
Nscatter: 7247
Nlost: 6
omega: 2101.34
*********************************************************
task: 0
worker id: 94166
time create lcl and mol: 0.000797987 s
numbers of trajectories: 25000
time trajectory calculation: 1.20829 s
task: 1
worker id: 31151
time create lcl and mol: 0.000872135 s
numbers of trajectories: 25000
time trajectory calculation: 1.84479 s
task: 2
worker id: 70068
time create lcl and mol: 0.000602961 s
numbers of trajectories: 25000
time trajectory calculation: 1.43574 s
task: 3
worker id: 44982
time create lcl and mol: 0.000873804 s
numbers of trajectories: 25000
time trajectory calculation: 1.35927 s
CCS time: 1.87739 s
*********************************************************
average value of CCS = 2087.99 Ang^2
error value of CCS = 38.3092 Ang^2
Total time: 1.88827 s
Program finished...
*********************************************************
INPUT:: Simulation Parameters 
*********************************************************
target filename                  : 09_1cfd_carga_7_min.xyz
number of probe                  : 10000
number of iterarions             : 10
number of tasks                  : 4
number of threads                : 24
seed number                      : 2104
gas buffer                       : He
Target Temperature (K)           : 298
timestep (fs)                    : 10
Skin cell size (Ang)             : 0.01
Equipotential                    : no
Cut short-range interaction      : yes
LJ cutoff (Ang)                  : 12
Apply long-range interaction     : yes
Cut long-range interaction       : yes
Coulomb cutoff (Ang)             : 25
Apply induced-dipole interaction : yes
alpha (Ang^3)                    : 0.204956
force_type: 4
*********************************************************
Force Field parameters: 
*********************************************************
Symbol  mass (amu)  epislon (kcal/mol)  sigma(Angstroms) 
C   12.011   0.0309   3.043
N   14.007   0.0309   3.043
H   1.008   0.015   2.38
O   15.999   0.0309   3.043
S   32.06   0.0311   3.5
*********************************************************
MOLECULE:: orientation around the inertia principal axis 
*********************************************************
Inertia matrix a.u. Ang^2: 
{  3.67619e+06  -2.34047e+06  620245  }
{  -2.34047e+06  4.07793e+06  342199  }
{  620245  342199  6.46441e+06  }
Rotation matrix applied to molecule: 
{  0.34945  -0.197899  0.915817  }
{  0.733098  0.666444  -0.135718  }
{  -0.583483  0.71881  0.377968  }
Molecule radius: 36.3181 Ang 
orientation time of molecule target: 0.00293589 s
target mass: 16713.5 amu
gas mass: 4.0026 amu
reduce mass: 4.00164 amu
charge state: 7 e
*********************************************************
Geometric Ellipsoid: 
*********************************************************
maximal distances: 14.0369  18.4497  36.0991  Ang
Initial axis length: 64.0469  68.4597  86.1091  Ang
Ellipsoid axis length: 68.1269  72.5397  90.1891  Ang
ellipsoid calculation time: 4.48227e-05 s
maximal impact parameter: 90.1891 Ang
*********************************************************
Linked-cell: 
Numbers of cells: 2496
Nx: 12 Ny: 13 Nz: 16
Filled cells: 44
Empty cells: 2452
Average atoms per cell: 52.1136
Maximum atoms per cell: 159
Minimum atoms per cell: 1
Simulation box: 
lx: 144.12 Ang
ly: 156.13 Ang
lz: 192.16 Ang
linked-cell calculation time: 0.00262403 s
time info: 0.000114918 s
*********************************************************
Trajectory calculations 
*********************************************************
out target time: 1.86661 s
Ntraj: 10000
Nfree: 2740
Nscatter: 7254
Nlost: 6
omega: 1912.61
Ntraj: 10000
Nfree: 2759
Nscatter: 7235
Nlost: 6
omega: 2005.44
Ntraj: 10000
Nfree: 2806
Nscatter: 7188
Nlost: 6
omega: 1947.36
Ntraj: 10000
Nfree: 2754
Nscatter: 7237
Nlost: 9
omega: 2318.38
Ntraj: 10000
Nfree: 2729
Nscatter: 7262
Nlost: 9
omega: 2250.87
Ntraj: 10000
Nfree: 2782
Nscatter: 7212
Nlost: 6
omega: 2036.36
Ntraj: 10000
Nfree: 2776
Nscatter: 7217
Nlost: 7
omega: 2118.37
Ntraj: 10000
Nfree: 2773
Nscatter: 7221
Nlost: 6
omega: 2040.03
Ntraj: 10000
Nfree: 2825
Nscatter: 7168
Nlost: 7
omega: 2149.09
Ntraj: 10000
Nfree: 2747
Nscatter: 7247
Nlost: 6
omega: 2101.34
*********************************************************
task: 0
worker id: 45073
time create lcl and mol: 0.000617027 s
numbers of trajectories: 25000
time trajectory calculation: 1.21042 s
task: 1
worker id: 70157
time create lcl and mol: 0.000582933 s
numbers of trajectories: 25000
time trajectory calculation: 1.84088 s
task: 2
worker id: 31242
time create lcl and mol: 0.000598907 s
numbers of trajectories: 25000
time trajectory calculation: 1.47241 s
task: 3
worker id: 94253
time create lcl and mol: 0.000657797 s
numbers of trajectories: 25000
time trajectory calculation: 1.34107 s
CCS time: 1.8742 s
*********************************************************
average value of CCS = 2087.99 Ang^2
error value of CCS = 38.3092 Ang^2
Total time: 1.88488 s
Program finished...
