*********************************************************
INPUT:: Simulation Parameters 
*********************************************************
target filename                  : 03_6pti_carga_4_min.xyz
number of probe                  : 10000
number of iterarions             : 10
number of tasks                  : 16
number of threads                : 24
seed number                      : 2104
gas buffer                       : He
Target Temperature (K)           : 298
timestep (fs)                    : 10
Skin cell size (Ang)             : 0.01
Equipotential                    : no
Cut short-range interaction      : yes
LJ cutoff (Ang)                  : 12
Apply long-range interaction     : yes
Cut long-range interaction       : yes
Coulomb cutoff (Ang)             : 25
Apply induced-dipole interaction : yes
alpha (Ang^3)                    : 0.204956
force_type: 4
*********************************************************
Force Field parameters: 
*********************************************************
Symbol  mass (amu)  epislon (kcal/mol)  sigma(Angstroms) 
C   12.011   0.0309   3.043
N   14.007   0.0309   3.043
H   1.008   0.015   2.38
O   15.999   0.0309   3.043
S   32.06   0.0311   3.5
*********************************************************
MOLECULE:: orientation around the inertia principal axis 
*********************************************************
Inertia matrix a.u. Ang^2: 
{  485569  91107.3  -133993  }
{  91107.3  537180  69475.6  }
{  -133993  69475.6  521122  }
Rotation matrix applied to molecule: 
{  0.695987  0.141548  -0.703964  }
{  -0.678504  0.45052  -0.580228  }
{  0.235019  0.881474  0.409597  }
Molecule radius: 21.4943 Ang 
orientation time of molecule target: 0.061573 s
target mass: 6444.46 amu
gas mass: 4.0026 amu
reduce mass: 4.00012 amu
charge state: 3.9992 e
*********************************************************
Geometric Ellipsoid: 
*********************************************************
maximal distances: 16.5078  12.8753  20.9608  Ang
Initial axis length: 66.5178  62.8853  70.9708  Ang
Ellipsoid axis length: 68.5378  64.9053  72.9908  Ang
ellipsoid calculation time: 3.50475e-05 s
maximal impact parameter: 72.9908 Ang
*********************************************************
Linked-cell: 
Numbers of cells: 1716
Nx: 12 Ny: 11 Nz: 13
Filled cells: 20
Empty cells: 1696
Average atoms per cell: 44
Maximum atoms per cell: 121
Minimum atoms per cell: 7
Simulation box: 
lx: 144.12 Ang
ly: 132.11 Ang
lz: 156.13 Ang
linked-cell calculation time: 0.00183988 s
time info: 5.19753e-05 s
*********************************************************
Trajectory calculations 
*********************************************************
out target time: 0.603517 s
Ntraj: 10000
Nfree: 1150
Nscatter: 8850
Nlost: 0
omega: 862.366
Ntraj: 10000
Nfree: 1135
Nscatter: 8864
Nlost: 1
omega: 872.32
Ntraj: 10000
Nfree: 1103
Nscatter: 8897
Nlost: 0
omega: 778.927
Ntraj: 10000
Nfree: 1078
Nscatter: 8922
Nlost: 0
omega: 978.513
Ntraj: 10000
Nfree: 1095
Nscatter: 8903
Nlost: 2
omega: 977.227
Ntraj: 10000
Nfree: 1124
Nscatter: 8876
Nlost: 0
omega: 952.27
Ntraj: 10000
Nfree: 1116
Nscatter: 8884
Nlost: 0
omega: 868.674
Ntraj: 10000
Nfree: 1139
Nscatter: 8861
Nlost: 0
omega: 879.082
Ntraj: 10000
Nfree: 1136
Nscatter: 8864
Nlost: 0
omega: 952.195
Ntraj: 10000
Nfree: 1130
Nscatter: 8869
Nlost: 1
omega: 965.435
*********************************************************
task: 0
worker id: 6279
time create lcl and mol: 0.000380039 s
numbers of trajectories: 6250
time trajectory calculation: 0.168764 s
task: 1
worker id: 11163
time create lcl and mol: 0.000412941 s
numbers of trajectories: 6250
time trajectory calculation: 0.170692 s
task: 2
worker id: 54993
time create lcl and mol: 0.000400066 s
numbers of trajectories: 6250
time trajectory calculation: 0.464538 s
task: 3
worker id: 12821
time create lcl and mol: 0.000424147 s
numbers of trajectories: 6250
time trajectory calculation: 0.170229 s
task: 4
worker id: 90706
time create lcl and mol: 0.000385046 s
numbers of trajectories: 6250
time trajectory calculation: 0.166266 s
task: 5
worker id: 44780
time create lcl and mol: 0.000405073 s
numbers of trajectories: 6250
time trajectory calculation: 0.171589 s
task: 6
worker id: 68491
time create lcl and mol: 0.000422955 s
numbers of trajectories: 6250
time trajectory calculation: 0.559238 s
task: 7
worker id: 15074
time create lcl and mol: 0.000405073 s
numbers of trajectories: 6250
time trajectory calculation: 0.168809 s
task: 8
worker id: 28364
time create lcl and mol: 0.000407934 s
numbers of trajectories: 6250
time trajectory calculation: 0.172267 s
task: 9
worker id: 12766
time create lcl and mol: 0.000674963 s
numbers of trajectories: 6250
time trajectory calculation: 0.529103 s
task: 10
worker id: 28430
time create lcl and mol: 0.000403166 s
numbers of trajectories: 6250
time trajectory calculation: 0.166488 s
task: 11
worker id: 73986
time create lcl and mol: 0.000414133 s
numbers of trajectories: 6250
time trajectory calculation: 0.16085 s
task: 12
worker id: 28359
time create lcl and mol: 0.000405073 s
numbers of trajectories: 6250
time trajectory calculation: 0.174119 s
task: 13
worker id: 66100
time create lcl and mol: 0.00040102 s
numbers of trajectories: 6250
time trajectory calculation: 0.177754 s
task: 14
worker id: 6237
time create lcl and mol: 0.000645876 s
numbers of trajectories: 6250
time trajectory calculation: 0.181812 s
task: 15
worker id: 39056
time create lcl and mol: 0.000422001 s
numbers of trajectories: 6250
time trajectory calculation: 0.423399 s
CCS time: 0.611068 s
*********************************************************
average value of CCS = 908.701 Ang^2
error value of CCS = 19.8417 Ang^2
Total time: 0.679151 s
Program finished...
*********************************************************
INPUT:: Simulation Parameters 
*********************************************************
target filename                  : 03_6pti_carga_4_min.xyz
number of probe                  : 10000
number of iterarions             : 10
number of tasks                  : 16
number of threads                : 24
seed number                      : 2104
gas buffer                       : He
Target Temperature (K)           : 298
timestep (fs)                    : 10
Skin cell size (Ang)             : 0.01
Equipotential                    : no
Cut short-range interaction      : yes
LJ cutoff (Ang)                  : 12
Apply long-range interaction     : yes
Cut long-range interaction       : yes
Coulomb cutoff (Ang)             : 25
Apply induced-dipole interaction : yes
alpha (Ang^3)                    : 0.204956
force_type: 4
*********************************************************
Force Field parameters: 
*********************************************************
Symbol  mass (amu)  epislon (kcal/mol)  sigma(Angstroms) 
C   12.011   0.0309   3.043
N   14.007   0.0309   3.043
H   1.008   0.015   2.38
O   15.999   0.0309   3.043
S   32.06   0.0311   3.5
*********************************************************
MOLECULE:: orientation around the inertia principal axis 
*********************************************************
Inertia matrix a.u. Ang^2: 
{  485569  91107.3  -133993  }
{  91107.3  537180  69475.6  }
{  -133993  69475.6  521122  }
Rotation matrix applied to molecule: 
{  0.695987  0.141548  -0.703964  }
{  -0.678504  0.45052  -0.580228  }
{  0.235019  0.881474  0.409597  }
Molecule radius: 21.4943 Ang 
orientation time of molecule target: 0.0014379 s
target mass: 6444.46 amu
gas mass: 4.0026 amu
reduce mass: 4.00012 amu
charge state: 3.9992 e
*********************************************************
Geometric Ellipsoid: 
*********************************************************
maximal distances: 16.5078  12.8753  20.9608  Ang
Initial axis length: 66.5178  62.8853  70.9708  Ang
Ellipsoid axis length: 68.5378  64.9053  72.9908  Ang
ellipsoid calculation time: 3.69549e-05 s
maximal impact parameter: 72.9908 Ang
*********************************************************
Linked-cell: 
Numbers of cells: 1716
Nx: 12 Ny: 11 Nz: 13
Filled cells: 20
Empty cells: 1696
Average atoms per cell: 44
Maximum atoms per cell: 121
Minimum atoms per cell: 7
Simulation box: 
lx: 144.12 Ang
ly: 132.11 Ang
lz: 156.13 Ang
linked-cell calculation time: 0.00176597 s
time info: 5.79357e-05 s
*********************************************************
Trajectory calculations 
*********************************************************
out target time: 0.631579 s
Ntraj: 10000
Nfree: 1150
Nscatter: 8850
Nlost: 0
omega: 862.366
Ntraj: 10000
Nfree: 1135
Nscatter: 8864
Nlost: 1
omega: 872.32
Ntraj: 10000
Nfree: 1103
Nscatter: 8897
Nlost: 0
omega: 778.927
Ntraj: 10000
Nfree: 1078
Nscatter: 8922
Nlost: 0
omega: 978.513
Ntraj: 10000
Nfree: 1095
Nscatter: 8903
Nlost: 2
omega: 977.227
Ntraj: 10000
Nfree: 1124
Nscatter: 8876
Nlost: 0
omega: 952.27
Ntraj: 10000
Nfree: 1116
Nscatter: 8884
Nlost: 0
omega: 868.674
Ntraj: 10000
Nfree: 1139
Nscatter: 8861
Nlost: 0
omega: 879.082
Ntraj: 10000
Nfree: 1136
Nscatter: 8864
Nlost: 0
omega: 952.195
Ntraj: 10000
Nfree: 1130
Nscatter: 8869
Nlost: 1
omega: 965.435
*********************************************************
task: 0
worker id: 13217
time create lcl and mol: 0.000370026 s
numbers of trajectories: 6250
time trajectory calculation: 0.163671 s
task: 1
worker id: 6617
time create lcl and mol: 0.000387907 s
numbers of trajectories: 6250
time trajectory calculation: 0.165133 s
task: 2
worker id: 55386
time create lcl and mol: 0.000398874 s
numbers of trajectories: 6250
time trajectory calculation: 0.510116 s
task: 3
worker id: 11546
time create lcl and mol: 0.000394106 s
numbers of trajectories: 6250
time trajectory calculation: 0.187049 s
task: 4
worker id: 15465
time create lcl and mol: 0.000386 s
numbers of trajectories: 6250
time trajectory calculation: 0.163065 s
task: 5
worker id: 68877
time create lcl and mol: 0.000403881 s
numbers of trajectories: 6250
time trajectory calculation: 0.179859 s
task: 6
worker id: 28738
time create lcl and mol: 0.000388145 s
numbers of trajectories: 6250
time trajectory calculation: 0.580106 s
task: 7
worker id: 39446
time create lcl and mol: 0.000402927 s
numbers of trajectories: 6250
time trajectory calculation: 0.172908 s
task: 8
worker id: 45170
time create lcl and mol: 0.000383854 s
numbers of trajectories: 6250
time trajectory calculation: 0.169747 s
task: 9
worker id: 28759
time create lcl and mol: 0.000419855 s
numbers of trajectories: 6250
time trajectory calculation: 0.562934 s
task: 10
worker id: 28823
time create lcl and mol: 0.000386953 s
numbers of trajectories: 6250
time trajectory calculation: 0.168616 s
task: 11
worker id: 91102
time create lcl and mol: 0.000372171 s
numbers of trajectories: 6250
time trajectory calculation: 0.161081 s
task: 12
worker id: 6665
time create lcl and mol: 0.000402212 s
numbers of trajectories: 6250
time trajectory calculation: 0.170073 s
task: 13
worker id: 13165
time create lcl and mol: 0.000386 s
numbers of trajectories: 6250
time trajectory calculation: 0.174936 s
task: 14
worker id: 66501
time create lcl and mol: 0.000396013 s
numbers of trajectories: 6250
time trajectory calculation: 0.176514 s
task: 15
worker id: 74390
time create lcl and mol: 0.000407219 s
numbers of trajectories: 6250
time trajectory calculation: 0.395598 s
CCS time: 0.63935 s
*********************************************************
average value of CCS = 908.701 Ang^2
error value of CCS = 19.8417 Ang^2
Total time: 0.647823 s
Program finished...
*********************************************************
INPUT:: Simulation Parameters 
*********************************************************
target filename                  : 03_6pti_carga_4_min.xyz
number of probe                  : 10000
number of iterarions             : 10
number of tasks                  : 16
number of threads                : 24
seed number                      : 2104
gas buffer                       : He
Target Temperature (K)           : 298
timestep (fs)                    : 10
Skin cell size (Ang)             : 0.01
Equipotential                    : no
Cut short-range interaction      : yes
LJ cutoff (Ang)                  : 12
Apply long-range interaction     : yes
Cut long-range interaction       : yes
Coulomb cutoff (Ang)             : 25
Apply induced-dipole interaction : yes
alpha (Ang^3)                    : 0.204956
force_type: 4
*********************************************************
Force Field parameters: 
*********************************************************
Symbol  mass (amu)  epislon (kcal/mol)  sigma(Angstroms) 
C   12.011   0.0309   3.043
N   14.007   0.0309   3.043
H   1.008   0.015   2.38
O   15.999   0.0309   3.043
S   32.06   0.0311   3.5
*********************************************************
MOLECULE:: orientation around the inertia principal axis 
*********************************************************
Inertia matrix a.u. Ang^2: 
{  485569  91107.3  -133993  }
{  91107.3  537180  69475.6  }
{  -133993  69475.6  521122  }
Rotation matrix applied to molecule: 
{  0.695987  0.141548  -0.703964  }
{  -0.678504  0.45052  -0.580228  }
{  0.235019  0.881474  0.409597  }
Molecule radius: 21.4943 Ang 
orientation time of molecule target: 0.00154305 s
target mass: 6444.46 amu
gas mass: 4.0026 amu
reduce mass: 4.00012 amu
charge state: 3.9992 e
*********************************************************
Geometric Ellipsoid: 
*********************************************************
maximal distances: 16.5078  12.8753  20.9608  Ang
Initial axis length: 66.5178  62.8853  70.9708  Ang
Ellipsoid axis length: 68.5378  64.9053  72.9908  Ang
ellipsoid calculation time: 4.00543e-05 s
maximal impact parameter: 72.9908 Ang
*********************************************************
Linked-cell: 
Numbers of cells: 1716
Nx: 12 Ny: 11 Nz: 13
Filled cells: 20
Empty cells: 1696
Average atoms per cell: 44
Maximum atoms per cell: 121
Minimum atoms per cell: 7
Simulation box: 
lx: 144.12 Ang
ly: 132.11 Ang
lz: 156.13 Ang
linked-cell calculation time: 0.00183511 s
time info: 5.79357e-05 s
*********************************************************
Trajectory calculations 
*********************************************************
out target time: 0.611405 s
Ntraj: 10000
Nfree: 1150
Nscatter: 8850
Nlost: 0
omega: 862.366
Ntraj: 10000
Nfree: 1135
Nscatter: 8864
Nlost: 1
omega: 872.32
Ntraj: 10000
Nfree: 1103
Nscatter: 8897
Nlost: 0
omega: 778.927
Ntraj: 10000
Nfree: 1078
Nscatter: 8922
Nlost: 0
omega: 978.513
Ntraj: 10000
Nfree: 1095
Nscatter: 8903
Nlost: 2
omega: 977.227
Ntraj: 10000
Nfree: 1124
Nscatter: 8876
Nlost: 0
omega: 952.27
Ntraj: 10000
Nfree: 1116
Nscatter: 8884
Nlost: 0
omega: 868.674
Ntraj: 10000
Nfree: 1139
Nscatter: 8861
Nlost: 0
omega: 879.082
Ntraj: 10000
Nfree: 1136
Nscatter: 8864
Nlost: 0
omega: 952.195
Ntraj: 10000
Nfree: 1130
Nscatter: 8869
Nlost: 1
omega: 965.435
*********************************************************
task: 0
worker id: 68977
time create lcl and mol: 0.000381947 s
numbers of trajectories: 6250
time trajectory calculation: 0.168012 s
task: 1
worker id: 6717
time create lcl and mol: 0.000397921 s
numbers of trajectories: 6250
time trajectory calculation: 0.172881 s
task: 2
worker id: 28837
time create lcl and mol: 0.000598907 s
numbers of trajectories: 6250
time trajectory calculation: 0.499657 s
task: 3
worker id: 55500
time create lcl and mol: 0.000381947 s
numbers of trajectories: 6250
time trajectory calculation: 0.174434 s
task: 4
worker id: 39533
time create lcl and mol: 0.000386953 s
numbers of trajectories: 6250
time trajectory calculation: 0.160544 s
task: 5
worker id: 13315
time create lcl and mol: 0.000370026 s
numbers of trajectories: 6250
time trajectory calculation: 0.17049 s
task: 6
worker id: 11646
time create lcl and mol: 0.000579119 s
numbers of trajectories: 6250
time trajectory calculation: 0.560529 s
task: 7
worker id: 15552
time create lcl and mol: 0.000394106 s
numbers of trajectories: 6250
time trajectory calculation: 0.173233 s
task: 8
worker id: 91199
time create lcl and mol: 0.00041604 s
numbers of trajectories: 6250
time trajectory calculation: 0.171392 s
task: 9
worker id: 45281
time create lcl and mol: 0.000386 s
numbers of trajectories: 6250
time trajectory calculation: 0.544987 s
task: 10
worker id: 13251
time create lcl and mol: 0.000389099 s
numbers of trajectories: 6250
time trajectory calculation: 0.165865 s
task: 11
worker id: 28857
time create lcl and mol: 0.000406981 s
numbers of trajectories: 6250
time trajectory calculation: 0.165918 s
task: 12
worker id: 66587
time create lcl and mol: 0.000570059 s
numbers of trajectories: 6250
time trajectory calculation: 0.170193 s
task: 13
worker id: 28911
time create lcl and mol: 0.00040102 s
numbers of trajectories: 6250
time trajectory calculation: 0.181334 s
task: 14
worker id: 6765
time create lcl and mol: 0.000401974 s
numbers of trajectories: 6250
time trajectory calculation: 0.167689 s
task: 15
worker id: 74476
time create lcl and mol: 0.000403881 s
numbers of trajectories: 6250
time trajectory calculation: 0.4144 s
CCS time: 0.619762 s
*********************************************************
average value of CCS = 908.701 Ang^2
error value of CCS = 19.8417 Ang^2
Total time: 0.627885 s
Program finished...
*********************************************************
INPUT:: Simulation Parameters 
*********************************************************
target filename                  : 03_6pti_carga_4_min.xyz
number of probe                  : 10000
number of iterarions             : 10
number of tasks                  : 16
number of threads                : 24
seed number                      : 2104
gas buffer                       : He
Target Temperature (K)           : 298
timestep (fs)                    : 10
Skin cell size (Ang)             : 0.01
Equipotential                    : no
Cut short-range interaction      : yes
LJ cutoff (Ang)                  : 12
Apply long-range interaction     : yes
Cut long-range interaction       : yes
Coulomb cutoff (Ang)             : 25
Apply induced-dipole interaction : yes
alpha (Ang^3)                    : 0.204956
force_type: 4
*********************************************************
Force Field parameters: 
*********************************************************
Symbol  mass (amu)  epislon (kcal/mol)  sigma(Angstroms) 
C   12.011   0.0309   3.043
N   14.007   0.0309   3.043
H   1.008   0.015   2.38
O   15.999   0.0309   3.043
S   32.06   0.0311   3.5
*********************************************************
MOLECULE:: orientation around the inertia principal axis 
*********************************************************
Inertia matrix a.u. Ang^2: 
{  485569  91107.3  -133993  }
{  91107.3  537180  69475.6  }
{  -133993  69475.6  521122  }
Rotation matrix applied to molecule: 
{  0.695987  0.141548  -0.703964  }
{  -0.678504  0.45052  -0.580228  }
{  0.235019  0.881474  0.409597  }
Molecule radius: 21.4943 Ang 
orientation time of molecule target: 0.00155783 s
target mass: 6444.46 amu
gas mass: 4.0026 amu
reduce mass: 4.00012 amu
charge state: 3.9992 e
*********************************************************
Geometric Ellipsoid: 
*********************************************************
maximal distances: 16.5078  12.8753  20.9608  Ang
Initial axis length: 66.5178  62.8853  70.9708  Ang
Ellipsoid axis length: 68.5378  64.9053  72.9908  Ang
ellipsoid calculation time: 3.48091e-05 s
maximal impact parameter: 72.9908 Ang
*********************************************************
Linked-cell: 
Numbers of cells: 1716
Nx: 12 Ny: 11 Nz: 13
Filled cells: 20
Empty cells: 1696
Average atoms per cell: 44
Maximum atoms per cell: 121
Minimum atoms per cell: 7
Simulation box: 
lx: 144.12 Ang
ly: 132.11 Ang
lz: 156.13 Ang
linked-cell calculation time: 0.00176001 s
time info: 5.57899e-05 s
*********************************************************
Trajectory calculations 
*********************************************************
out target time: 0.607914 s
Ntraj: 10000
Nfree: 1150
Nscatter: 8850
Nlost: 0
omega: 862.366
Ntraj: 10000
Nfree: 1135
Nscatter: 8864
Nlost: 1
omega: 872.32
Ntraj: 10000
Nfree: 1103
Nscatter: 8897
Nlost: 0
omega: 778.927
Ntraj: 10000
Nfree: 1078
Nscatter: 8922
Nlost: 0
omega: 978.513
Ntraj: 10000
Nfree: 1095
Nscatter: 8903
Nlost: 2
omega: 977.227
Ntraj: 10000
Nfree: 1124
Nscatter: 8876
Nlost: 0
omega: 952.27
Ntraj: 10000
Nfree: 1116
Nscatter: 8884
Nlost: 0
omega: 868.674
Ntraj: 10000
Nfree: 1139
Nscatter: 8861
Nlost: 0
omega: 879.082
Ntraj: 10000
Nfree: 1136
Nscatter: 8864
Nlost: 0
omega: 952.195
Ntraj: 10000
Nfree: 1130
Nscatter: 8869
Nlost: 1
omega: 965.435
*********************************************************
task: 0
worker id: 15639
time create lcl and mol: 0.000385046 s
numbers of trajectories: 6250
time trajectory calculation: 0.162358 s
task: 1
worker id: 55601
time create lcl and mol: 0.000397921 s
numbers of trajectories: 6250
time trajectory calculation: 0.163387 s
task: 2
worker id: 6804
time create lcl and mol: 0.0003829 s
numbers of trajectories: 6250
time trajectory calculation: 0.473522 s
task: 3
worker id: 13402
time create lcl and mol: 0.000386953 s
numbers of trajectories: 6250
time trajectory calculation: 0.174794 s
task: 4
worker id: 66675
time create lcl and mol: 0.000413895 s
numbers of trajectories: 6250
time trajectory calculation: 0.162718 s
task: 5
worker id: 91285
time create lcl and mol: 0.00040102 s
numbers of trajectories: 6250
time trajectory calculation: 0.171403 s
task: 6
worker id: 69064
time create lcl and mol: 0.000406027 s
numbers of trajectories: 6250
time trajectory calculation: 0.558693 s
task: 7
worker id: 45380
time create lcl and mol: 0.00053215 s
numbers of trajectories: 6250
time trajectory calculation: 0.170315 s
task: 8
worker id: 13339
time create lcl and mol: 0.000375986 s
numbers of trajectories: 6250
time trajectory calculation: 0.163948 s
task: 9
worker id: 28943
time create lcl and mol: 0.000412226 s
numbers of trajectories: 6250
time trajectory calculation: 0.549607 s
task: 10
worker id: 6853
time create lcl and mol: 0.000487804 s
numbers of trajectories: 6250
time trajectory calculation: 0.171841 s
task: 11
worker id: 28997
time create lcl and mol: 0.000397205 s
numbers of trajectories: 6250
time trajectory calculation: 0.161092 s
task: 12
worker id: 74563
time create lcl and mol: 0.000398874 s
numbers of trajectories: 6250
time trajectory calculation: 0.170035 s
task: 13
worker id: 28924
time create lcl and mol: 0.000550985 s
numbers of trajectories: 6250
time trajectory calculation: 0.192538 s
task: 14
worker id: 11732
time create lcl and mol: 0.000408888 s
numbers of trajectories: 6250
time trajectory calculation: 0.176371 s
task: 15
worker id: 39621
time create lcl and mol: 0.000355959 s
numbers of trajectories: 6250
time trajectory calculation: 0.398669 s
CCS time: 0.615666 s
*********************************************************
average value of CCS = 908.701 Ang^2
error value of CCS = 19.8417 Ang^2
Total time: 0.624147 s
Program finished...
*********************************************************
INPUT:: Simulation Parameters 
*********************************************************
target filename                  : 03_6pti_carga_4_min.xyz
number of probe                  : 10000
number of iterarions             : 10
number of tasks                  : 16
number of threads                : 24
seed number                      : 2104
gas buffer                       : He
Target Temperature (K)           : 298
timestep (fs)                    : 10
Skin cell size (Ang)             : 0.01
Equipotential                    : no
Cut short-range interaction      : yes
LJ cutoff (Ang)                  : 12
Apply long-range interaction     : yes
Cut long-range interaction       : yes
Coulomb cutoff (Ang)             : 25
Apply induced-dipole interaction : yes
alpha (Ang^3)                    : 0.204956
force_type: 4
*********************************************************
Force Field parameters: 
*********************************************************
Symbol  mass (amu)  epislon (kcal/mol)  sigma(Angstroms) 
C   12.011   0.0309   3.043
N   14.007   0.0309   3.043
H   1.008   0.015   2.38
O   15.999   0.0309   3.043
S   32.06   0.0311   3.5
*********************************************************
MOLECULE:: orientation around the inertia principal axis 
*********************************************************
Inertia matrix a.u. Ang^2: 
{  485569  91107.3  -133993  }
{  91107.3  537180  69475.6  }
{  -133993  69475.6  521122  }
Rotation matrix applied to molecule: 
{  0.695987  0.141548  -0.703964  }
{  -0.678504  0.45052  -0.580228  }
{  0.235019  0.881474  0.409597  }
Molecule radius: 21.4943 Ang 
orientation time of molecule target: 0.001472 s
target mass: 6444.46 amu
gas mass: 4.0026 amu
reduce mass: 4.00012 amu
charge state: 3.9992 e
*********************************************************
Geometric Ellipsoid: 
*********************************************************
maximal distances: 16.5078  12.8753  20.9608  Ang
Initial axis length: 66.5178  62.8853  70.9708  Ang
Ellipsoid axis length: 68.5378  64.9053  72.9908  Ang
ellipsoid calculation time: 3.60012e-05 s
maximal impact parameter: 72.9908 Ang
*********************************************************
Linked-cell: 
Numbers of cells: 1716
Nx: 12 Ny: 11 Nz: 13
Filled cells: 20
Empty cells: 1696
Average atoms per cell: 44
Maximum atoms per cell: 121
Minimum atoms per cell: 7
Simulation box: 
lx: 144.12 Ang
ly: 132.11 Ang
lz: 156.13 Ang
linked-cell calculation time: 0.00181913 s
time info: 6.00815e-05 s
*********************************************************
Trajectory calculations 
*********************************************************
out target time: 0.601859 s
Ntraj: 10000
Nfree: 1150
Nscatter: 8850
Nlost: 0
omega: 862.366
Ntraj: 10000
Nfree: 1135
Nscatter: 8864
Nlost: 1
omega: 872.32
Ntraj: 10000
Nfree: 1103
Nscatter: 8897
Nlost: 0
omega: 778.927
Ntraj: 10000
Nfree: 1078
Nscatter: 8922
Nlost: 0
omega: 978.513
Ntraj: 10000
Nfree: 1095
Nscatter: 8903
Nlost: 2
omega: 977.227
Ntraj: 10000
Nfree: 1124
Nscatter: 8876
Nlost: 0
omega: 952.27
Ntraj: 10000
Nfree: 1116
Nscatter: 8884
Nlost: 0
omega: 868.674
Ntraj: 10000
Nfree: 1139
Nscatter: 8861
Nlost: 0
omega: 879.082
Ntraj: 10000
Nfree: 1136
Nscatter: 8864
Nlost: 0
omega: 952.195
Ntraj: 10000
Nfree: 1130
Nscatter: 8869
Nlost: 1
omega: 965.435
*********************************************************
task: 0
worker id: 29010
time create lcl and mol: 0.000387907 s
numbers of trajectories: 6250
time trajectory calculation: 0.163494 s
task: 1
worker id: 91372
time create lcl and mol: 0.000402212 s
numbers of trajectories: 6250
time trajectory calculation: 0.16196 s
task: 2
worker id: 13491
time create lcl and mol: 0.000386 s
numbers of trajectories: 6250
time trajectory calculation: 0.514652 s
task: 3
worker id: 69150
time create lcl and mol: 0.000364065 s
numbers of trajectories: 6250
time trajectory calculation: 0.171518 s
task: 4
worker id: 11820
time create lcl and mol: 0.00061202 s
numbers of trajectories: 6250
time trajectory calculation: 0.159014 s
task: 5
worker id: 55705
time create lcl and mol: 0.000398874 s
numbers of trajectories: 6250
time trajectory calculation: 0.167779 s
task: 6
worker id: 6891
time create lcl and mol: 0.000545979 s
numbers of trajectories: 6250
time trajectory calculation: 0.528457 s
task: 7
worker id: 39707
time create lcl and mol: 0.000394106 s
numbers of trajectories: 6250
time trajectory calculation: 0.168402 s
task: 8
worker id: 45479
time create lcl and mol: 0.000601053 s
numbers of trajectories: 6250
time trajectory calculation: 0.169226 s
task: 9
worker id: 29031
time create lcl and mol: 0.000383854 s
numbers of trajectories: 6250
time trajectory calculation: 0.550324 s
task: 10
worker id: 13424
time create lcl and mol: 0.000394106 s
numbers of trajectories: 6250
time trajectory calculation: 0.163709 s
task: 11
worker id: 74650
time create lcl and mol: 0.000398874 s
numbers of trajectories: 6250
time trajectory calculation: 0.165485 s
task: 12
worker id: 29085
time create lcl and mol: 0.000415087 s
numbers of trajectories: 6250
time trajectory calculation: 0.1712 s
task: 13
worker id: 6940
time create lcl and mol: 0.000377893 s
numbers of trajectories: 6250
time trajectory calculation: 0.171228 s
task: 14
worker id: 15724
time create lcl and mol: 0.0003829 s
numbers of trajectories: 6250
time trajectory calculation: 0.17371 s
task: 15
worker id: 66763
time create lcl and mol: 0.000467062 s
numbers of trajectories: 6250
time trajectory calculation: 0.398932 s
CCS time: 0.609952 s
*********************************************************
average value of CCS = 908.701 Ang^2
error value of CCS = 19.8417 Ang^2
Total time: 0.618012 s
Program finished...
