*********************************************************
INPUT:: Simulation Parameters 
*********************************************************
target filename                  : 3j3q.xyz
number of probe                  : 10000
number of iterarions             : 10
number of tasks                  : 2
number of threads                : 24
seed number                      : 2104
gas buffer                       : He
Target Temperature (K)           : 298
timestep (fs)                    : 10
Skin cell size (Ang)             : 0.01
Equipotential                    : no
Cut short-range interaction      : yes
LJ cutoff (Ang)                  : 12
Apply long-range interaction     : yes
Cut long-range interaction       : yes
Coulomb cutoff (Ang)             : 25
Apply induced-dipole interaction : yes
alpha (Ang^3)                    : 0.204956
force_type: 4
*********************************************************
Force Field parameters: 
*********************************************************
Symbol  mass (amu)  epislon (kcal/mol)  sigma(Angstroms) 
C   12.011   0.0309   3.043
N   14.007   0.0309   3.043
H   1.008   0.015   2.38
O   15.999   0.0309   3.043
S   32.06   0.0311   3.5
*********************************************************
MOLECULE:: orientation around the inertia principal axis 
*********************************************************
Inertia matrix a.u. Ang^2: 
{  4.11981e+12  5.55214e+11  1.18732e+11  }
{  5.55214e+11  2.60317e+12  -5.05959e+11  }
{  1.18732e+11  -5.05959e+11  3.97212e+12  }
Rotation matrix applied to molecule: 
{  0.906996  0.35969  -0.219044  }
{  -0.291356  0.911492  0.290335  }
{  0.304088  -0.199513  0.931518  }
Molecule radius: 608.113 Ang 
orientation time of molecule target: 5.40345 s
target mass: 3.48079e+07 amu
gas mass: 4.0026 amu
reduce mass: 4.0026 amu
charge state: -4068 e
*********************************************************
Geometric Ellipsoid: 
*********************************************************
maximal distances: 328.398  394.005  606.712  Ang
Initial axis length: 378.408  444.015  656.722  Ang
Ellipsoid axis length: 432.788  498.395  711.102  Ang
ellipsoid calculation time: 0.0301812 s
maximal impact parameter: 711.102 Ang
*********************************************************
Linked-cell: 
Numbers of cells: 721021
Nx: 73 Ny: 83 Nz: 119
Filled cells: 65656
Empty cells: 655365
Average atoms per cell: 74.3925
Maximum atoms per cell: 205
Minimum atoms per cell: 1
Simulation box: 
lx: 876.73 Ang
ly: 996.83 Ang
lz: 1429.19 Ang
linked-cell calculation time: 1.18966 s
time info: 0.107032 s
*********************************************************
Trajectory calculations 
*********************************************************
out target time: 57.6588 s
Ntraj: 10000
Nfree: 4203
Nscatter: 5776
Nlost: 21
omega: 783117
Ntraj: 10000
Nfree: 4110
Nscatter: 5878
Nlost: 12
omega: 797373
Ntraj: 10000
Nfree: 4192
Nscatter: 5795
Nlost: 13
omega: 779908
Ntraj: 10000
Nfree: 4138
Nscatter: 5842
Nlost: 20
omega: 800908
Ntraj: 10000
Nfree: 4088
Nscatter: 5899
Nlost: 13
omega: 781368
Ntraj: 10000
Nfree: 4181
Nscatter: 5810
Nlost: 9
omega: 803170
Ntraj: 10000
Nfree: 4141
Nscatter: 5851
Nlost: 8
omega: 768046
Ntraj: 10000
Nfree: 4192
Nscatter: 5799
Nlost: 9
omega: 785974
Ntraj: 10000
Nfree: 4212
Nscatter: 5776
Nlost: 12
omega: 783390
Ntraj: 10000
Nfree: 4177
Nscatter: 5813
Nlost: 10
omega: 800646
*********************************************************
task: 0
worker id: 86796
time create lcl and mol: 0.268963 s
numbers of trajectories: 50000
time trajectory calculation: 57.2413 s
task: 1
worker id: 96102
time create lcl and mol: 0.257648 s
numbers of trajectories: 50000
time trajectory calculation: 51.2998 s
CCS time: 57.7733 s
*********************************************************
average value of CCS = 788390 Ang^2
error value of CCS = 3463.82 Ang^2
Total time: 64.4014 s
Program finished...
*********************************************************
INPUT:: Simulation Parameters 
*********************************************************
target filename                  : 3j3q.xyz
number of probe                  : 10000
number of iterarions             : 10
number of tasks                  : 2
number of threads                : 24
seed number                      : 2104
gas buffer                       : He
Target Temperature (K)           : 298
timestep (fs)                    : 10
Skin cell size (Ang)             : 0.01
Equipotential                    : no
Cut short-range interaction      : yes
LJ cutoff (Ang)                  : 12
Apply long-range interaction     : yes
Cut long-range interaction       : yes
Coulomb cutoff (Ang)             : 25
Apply induced-dipole interaction : yes
alpha (Ang^3)                    : 0.204956
force_type: 4
*********************************************************
Force Field parameters: 
*********************************************************
Symbol  mass (amu)  epislon (kcal/mol)  sigma(Angstroms) 
C   12.011   0.0309   3.043
N   14.007   0.0309   3.043
H   1.008   0.015   2.38
O   15.999   0.0309   3.043
S   32.06   0.0311   3.5
*********************************************************
MOLECULE:: orientation around the inertia principal axis 
*********************************************************
Inertia matrix a.u. Ang^2: 
{  4.11981e+12  5.55214e+11  1.18732e+11  }
{  5.55214e+11  2.60317e+12  -5.05959e+11  }
{  1.18732e+11  -5.05959e+11  3.97212e+12  }
Rotation matrix applied to molecule: 
{  0.906996  0.35969  -0.219044  }
{  -0.291356  0.911492  0.290335  }
{  0.304088  -0.199513  0.931518  }
Molecule radius: 608.113 Ang 
orientation time of molecule target: 5.15637 s
target mass: 3.48079e+07 amu
gas mass: 4.0026 amu
reduce mass: 4.0026 amu
charge state: -4068 e
*********************************************************
Geometric Ellipsoid: 
*********************************************************
maximal distances: 328.398  394.005  606.712  Ang
Initial axis length: 378.408  444.015  656.722  Ang
Ellipsoid axis length: 432.788  498.395  711.102  Ang
ellipsoid calculation time: 0.0300241 s
maximal impact parameter: 711.102 Ang
*********************************************************
Linked-cell: 
Numbers of cells: 721021
Nx: 73 Ny: 83 Nz: 119
Filled cells: 65656
Empty cells: 655365
Average atoms per cell: 74.3925
Maximum atoms per cell: 205
Minimum atoms per cell: 1
Simulation box: 
lx: 876.73 Ang
ly: 996.83 Ang
lz: 1429.19 Ang
linked-cell calculation time: 1.18722 s
time info: 0.107477 s
*********************************************************
Trajectory calculations 
*********************************************************
out target time: 57.724 s
Ntraj: 10000
Nfree: 4203
Nscatter: 5776
Nlost: 21
omega: 783117
Ntraj: 10000
Nfree: 4110
Nscatter: 5878
Nlost: 12
omega: 797373
Ntraj: 10000
Nfree: 4192
Nscatter: 5795
Nlost: 13
omega: 779908
Ntraj: 10000
Nfree: 4138
Nscatter: 5842
Nlost: 20
omega: 800908
Ntraj: 10000
Nfree: 4088
Nscatter: 5899
Nlost: 13
omega: 781368
Ntraj: 10000
Nfree: 4181
Nscatter: 5810
Nlost: 9
omega: 803170
Ntraj: 10000
Nfree: 4141
Nscatter: 5851
Nlost: 8
omega: 768046
Ntraj: 10000
Nfree: 4192
Nscatter: 5799
Nlost: 9
omega: 785974
Ntraj: 10000
Nfree: 4212
Nscatter: 5776
Nlost: 12
omega: 783390
Ntraj: 10000
Nfree: 4177
Nscatter: 5813
Nlost: 10
omega: 800646
*********************************************************
task: 0
worker id: 562
time create lcl and mol: 0.263464 s
numbers of trajectories: 50000
time trajectory calculation: 57.3051 s
task: 1
worker id: 89083
time create lcl and mol: 0.268546 s
numbers of trajectories: 50000
time trajectory calculation: 51.5665 s
CCS time: 57.839 s
*********************************************************
average value of CCS = 788390 Ang^2
error value of CCS = 3463.82 Ang^2
Total time: 64.2178 s
Program finished...
*********************************************************
INPUT:: Simulation Parameters 
*********************************************************
target filename                  : 3j3q.xyz
number of probe                  : 10000
number of iterarions             : 10
number of tasks                  : 2
number of threads                : 24
seed number                      : 2104
gas buffer                       : He
Target Temperature (K)           : 298
timestep (fs)                    : 10
Skin cell size (Ang)             : 0.01
Equipotential                    : no
Cut short-range interaction      : yes
LJ cutoff (Ang)                  : 12
Apply long-range interaction     : yes
Cut long-range interaction       : yes
Coulomb cutoff (Ang)             : 25
Apply induced-dipole interaction : yes
alpha (Ang^3)                    : 0.204956
force_type: 4
*********************************************************
Force Field parameters: 
*********************************************************
Symbol  mass (amu)  epislon (kcal/mol)  sigma(Angstroms) 
C   12.011   0.0309   3.043
N   14.007   0.0309   3.043
H   1.008   0.015   2.38
O   15.999   0.0309   3.043
S   32.06   0.0311   3.5
*********************************************************
MOLECULE:: orientation around the inertia principal axis 
*********************************************************
Inertia matrix a.u. Ang^2: 
{  4.11981e+12  5.55214e+11  1.18732e+11  }
{  5.55214e+11  2.60317e+12  -5.05959e+11  }
{  1.18732e+11  -5.05959e+11  3.97212e+12  }
Rotation matrix applied to molecule: 
{  0.906996  0.35969  -0.219044  }
{  -0.291356  0.911492  0.290335  }
{  0.304088  -0.199513  0.931518  }
Molecule radius: 608.113 Ang 
orientation time of molecule target: 5.27787 s
target mass: 3.48079e+07 amu
gas mass: 4.0026 amu
reduce mass: 4.0026 amu
charge state: -4068 e
*********************************************************
Geometric Ellipsoid: 
*********************************************************
maximal distances: 328.398  394.005  606.712  Ang
Initial axis length: 378.408  444.015  656.722  Ang
Ellipsoid axis length: 432.788  498.395  711.102  Ang
ellipsoid calculation time: 0.030616 s
maximal impact parameter: 711.102 Ang
*********************************************************
Linked-cell: 
Numbers of cells: 721021
Nx: 73 Ny: 83 Nz: 119
Filled cells: 65656
Empty cells: 655365
Average atoms per cell: 74.3925
Maximum atoms per cell: 205
Minimum atoms per cell: 1
Simulation box: 
lx: 876.73 Ang
ly: 996.83 Ang
lz: 1429.19 Ang
linked-cell calculation time: 1.18652 s
time info: 0.106718 s
*********************************************************
Trajectory calculations 
*********************************************************
out target time: 57.9428 s
Ntraj: 10000
Nfree: 4203
Nscatter: 5776
Nlost: 21
omega: 783117
Ntraj: 10000
Nfree: 4110
Nscatter: 5878
Nlost: 12
omega: 797373
Ntraj: 10000
Nfree: 4192
Nscatter: 5795
Nlost: 13
omega: 779908
Ntraj: 10000
Nfree: 4138
Nscatter: 5842
Nlost: 20
omega: 800908
Ntraj: 10000
Nfree: 4088
Nscatter: 5899
Nlost: 13
omega: 781368
Ntraj: 10000
Nfree: 4181
Nscatter: 5810
Nlost: 9
omega: 803170
Ntraj: 10000
Nfree: 4141
Nscatter: 5851
Nlost: 8
omega: 768046
Ntraj: 10000
Nfree: 4192
Nscatter: 5799
Nlost: 9
omega: 785974
Ntraj: 10000
Nfree: 4212
Nscatter: 5776
Nlost: 12
omega: 783390
Ntraj: 10000
Nfree: 4177
Nscatter: 5813
Nlost: 10
omega: 800646
*********************************************************
task: 0
worker id: 91114
time create lcl and mol: 0.275554 s
numbers of trajectories: 50000
time trajectory calculation: 57.5137 s
task: 1
worker id: 2856
time create lcl and mol: 0.268139 s
numbers of trajectories: 50000
time trajectory calculation: 51.647 s
CCS time: 58.0569 s
*********************************************************
average value of CCS = 788390 Ang^2
error value of CCS = 3463.82 Ang^2
Total time: 64.5571 s
Program finished...
*********************************************************
INPUT:: Simulation Parameters 
*********************************************************
target filename                  : 3j3q.xyz
number of probe                  : 10000
number of iterarions             : 10
number of tasks                  : 2
number of threads                : 24
seed number                      : 2104
gas buffer                       : He
Target Temperature (K)           : 298
timestep (fs)                    : 10
Skin cell size (Ang)             : 0.01
Equipotential                    : no
Cut short-range interaction      : yes
LJ cutoff (Ang)                  : 12
Apply long-range interaction     : yes
Cut long-range interaction       : yes
Coulomb cutoff (Ang)             : 25
Apply induced-dipole interaction : yes
alpha (Ang^3)                    : 0.204956
force_type: 4
*********************************************************
Force Field parameters: 
*********************************************************
Symbol  mass (amu)  epislon (kcal/mol)  sigma(Angstroms) 
C   12.011   0.0309   3.043
N   14.007   0.0309   3.043
H   1.008   0.015   2.38
O   15.999   0.0309   3.043
S   32.06   0.0311   3.5
*********************************************************
MOLECULE:: orientation around the inertia principal axis 
*********************************************************
Inertia matrix a.u. Ang^2: 
{  4.11981e+12  5.55214e+11  1.18732e+11  }
{  5.55214e+11  2.60317e+12  -5.05959e+11  }
{  1.18732e+11  -5.05959e+11  3.97212e+12  }
Rotation matrix applied to molecule: 
{  0.906996  0.35969  -0.219044  }
{  -0.291356  0.911492  0.290335  }
{  0.304088  -0.199513  0.931518  }
Molecule radius: 608.113 Ang 
orientation time of molecule target: 5.14732 s
target mass: 3.48079e+07 amu
gas mass: 4.0026 amu
reduce mass: 4.0026 amu
charge state: -4068 e
*********************************************************
Geometric Ellipsoid: 
*********************************************************
maximal distances: 328.398  394.005  606.712  Ang
Initial axis length: 378.408  444.015  656.722  Ang
Ellipsoid axis length: 432.788  498.395  711.102  Ang
ellipsoid calculation time: 0.0301321 s
maximal impact parameter: 711.102 Ang
*********************************************************
Linked-cell: 
Numbers of cells: 721021
Nx: 73 Ny: 83 Nz: 119
Filled cells: 65656
Empty cells: 655365
Average atoms per cell: 74.3925
Maximum atoms per cell: 205
Minimum atoms per cell: 1
Simulation box: 
lx: 876.73 Ang
ly: 996.83 Ang
lz: 1429.19 Ang
linked-cell calculation time: 1.18314 s
time info: 0.107714 s
*********************************************************
Trajectory calculations 
*********************************************************
out target time: 58.7786 s
Ntraj: 10000
Nfree: 4203
Nscatter: 5776
Nlost: 21
omega: 783117
Ntraj: 10000
Nfree: 4110
Nscatter: 5878
Nlost: 12
omega: 797373
Ntraj: 10000
Nfree: 4192
Nscatter: 5795
Nlost: 13
omega: 779908
Ntraj: 10000
Nfree: 4138
Nscatter: 5842
Nlost: 20
omega: 800908
Ntraj: 10000
Nfree: 4088
Nscatter: 5899
Nlost: 13
omega: 781368
Ntraj: 10000
Nfree: 4181
Nscatter: 5810
Nlost: 9
omega: 803170
Ntraj: 10000
Nfree: 4141
Nscatter: 5851
Nlost: 8
omega: 768046
Ntraj: 10000
Nfree: 4192
Nscatter: 5799
Nlost: 9
omega: 785974
Ntraj: 10000
Nfree: 4212
Nscatter: 5776
Nlost: 12
omega: 783390
Ntraj: 10000
Nfree: 4177
Nscatter: 5813
Nlost: 10
omega: 800646
*********************************************************
task: 0
worker id: 93410
time create lcl and mol: 0.268833 s
numbers of trajectories: 50000
time trajectory calculation: 58.3391 s
task: 1
worker id: 5171
time create lcl and mol: 0.265531 s
numbers of trajectories: 50000
time trajectory calculation: 52.0981 s
CCS time: 58.8938 s
*********************************************************
average value of CCS = 788390 Ang^2
error value of CCS = 3463.82 Ang^2
Total time: 65.2599 s
Program finished...
*********************************************************
INPUT:: Simulation Parameters 
*********************************************************
target filename                  : 3j3q.xyz
number of probe                  : 10000
number of iterarions             : 10
number of tasks                  : 2
number of threads                : 24
seed number                      : 2104
gas buffer                       : He
Target Temperature (K)           : 298
timestep (fs)                    : 10
Skin cell size (Ang)             : 0.01
Equipotential                    : no
Cut short-range interaction      : yes
LJ cutoff (Ang)                  : 12
Apply long-range interaction     : yes
Cut long-range interaction       : yes
Coulomb cutoff (Ang)             : 25
Apply induced-dipole interaction : yes
alpha (Ang^3)                    : 0.204956
force_type: 4
*********************************************************
Force Field parameters: 
*********************************************************
Symbol  mass (amu)  epislon (kcal/mol)  sigma(Angstroms) 
C   12.011   0.0309   3.043
N   14.007   0.0309   3.043
H   1.008   0.015   2.38
O   15.999   0.0309   3.043
S   32.06   0.0311   3.5
*********************************************************
MOLECULE:: orientation around the inertia principal axis 
*********************************************************
Inertia matrix a.u. Ang^2: 
{  4.11981e+12  5.55214e+11  1.18732e+11  }
{  5.55214e+11  2.60317e+12  -5.05959e+11  }
{  1.18732e+11  -5.05959e+11  3.97212e+12  }
Rotation matrix applied to molecule: 
{  0.906996  0.35969  -0.219044  }
{  -0.291356  0.911492  0.290335  }
{  0.304088  -0.199513  0.931518  }
Molecule radius: 608.113 Ang 
orientation time of molecule target: 5.228 s
target mass: 3.48079e+07 amu
gas mass: 4.0026 amu
reduce mass: 4.0026 amu
charge state: -4068 e
*********************************************************
Geometric Ellipsoid: 
*********************************************************
maximal distances: 328.398  394.005  606.712  Ang
Initial axis length: 378.408  444.015  656.722  Ang
Ellipsoid axis length: 432.788  498.395  711.102  Ang
ellipsoid calculation time: 0.030149 s
maximal impact parameter: 711.102 Ang
*********************************************************
Linked-cell: 
Numbers of cells: 721021
Nx: 73 Ny: 83 Nz: 119
Filled cells: 65656
Empty cells: 655365
Average atoms per cell: 74.3925
Maximum atoms per cell: 205
Minimum atoms per cell: 1
Simulation box: 
lx: 876.73 Ang
ly: 996.83 Ang
lz: 1429.19 Ang
linked-cell calculation time: 1.1919 s
time info: 0.107521 s
*********************************************************
Trajectory calculations 
*********************************************************
out target time: 58.7312 s
Ntraj: 10000
Nfree: 4203
Nscatter: 5776
Nlost: 21
omega: 783117
Ntraj: 10000
Nfree: 4110
Nscatter: 5878
Nlost: 12
omega: 797373
Ntraj: 10000
Nfree: 4192
Nscatter: 5795
Nlost: 13
omega: 779908
Ntraj: 10000
Nfree: 4138
Nscatter: 5842
Nlost: 20
omega: 800908
Ntraj: 10000
Nfree: 4088
Nscatter: 5899
Nlost: 13
omega: 781368
Ntraj: 10000
Nfree: 4181
Nscatter: 5810
Nlost: 9
omega: 803170
Ntraj: 10000
Nfree: 4141
Nscatter: 5851
Nlost: 8
omega: 768046
Ntraj: 10000
Nfree: 4192
Nscatter: 5799
Nlost: 9
omega: 785974
Ntraj: 10000
Nfree: 4212
Nscatter: 5776
Nlost: 12
omega: 783390
Ntraj: 10000
Nfree: 4177
Nscatter: 5813
Nlost: 10
omega: 800646
*********************************************************
task: 0
worker id: 7176
time create lcl and mol: 0.266594 s
numbers of trajectories: 50000
time trajectory calculation: 58.312 s
task: 1
worker id: 95417
time create lcl and mol: 0.275188 s
numbers of trajectories: 50000
time trajectory calculation: 52.0835 s
CCS time: 58.8463 s
*********************************************************
average value of CCS = 788390 Ang^2
error value of CCS = 3463.82 Ang^2
Total time: 65.3013 s
Program finished...
