*********************************************************
INPUT:: Simulation Parameters 
*********************************************************
target filename                  : 04_1ubq_carga_4_min.xyz
number of probe                  : 10000
number of iterarions             : 10
number of tasks                  : 4
number of threads                : 24
seed number                      : 2104
gas buffer                       : He
Target Temperature (K)           : 298
timestep (fs)                    : 10
Skin cell size (Ang)             : 0.01
Equipotential                    : no
Cut short-range interaction      : yes
LJ cutoff (Ang)                  : 12
Apply long-range interaction     : yes
Cut long-range interaction       : yes
Coulomb cutoff (Ang)             : 25
Apply induced-dipole interaction : yes
alpha (Ang^3)                    : 0.204956
force_type: 4
*********************************************************
Force Field parameters: 
*********************************************************
Symbol  mass (amu)  epislon (kcal/mol)  sigma(Angstroms) 
C   12.011   0.0309   3.043
N   14.007   0.0309   3.043
H   1.008   0.015   2.38
O   15.999   0.0309   3.043
S   32.06   0.0311   3.5
*********************************************************
MOLECULE:: orientation around the inertia principal axis 
*********************************************************
Inertia matrix a.u. Ang^2: 
{  774050  -98727  -119273  }
{  -98727  765481  -55190.9  }
{  -119273  -55190.9  711486  }
Rotation matrix applied to molecule: 
{  0.797039  -0.460096  -0.391204  }
{  0.592383  0.469553  0.654677  }
{  -0.117523  -0.753546  0.646805  }
Molecule radius: 22.0778 Ang 
orientation time of molecule target: 0.0296111 s
target mass: 8568.9 amu
gas mass: 4.0026 amu
reduce mass: 4.00073 amu
charge state: 4 e
*********************************************************
Geometric Ellipsoid: 
*********************************************************
maximal distances: 13.373  14.2779  21.6306  Ang
Initial axis length: 63.383  64.2879  71.6406  Ang
Ellipsoid axis length: 64.833  65.7379  73.0906  Ang
ellipsoid calculation time: 3.60012e-05 s
maximal impact parameter: 73.0906 Ang
*********************************************************
Linked-cell: 
Numbers of cells: 1573
Nx: 11 Ny: 11 Nz: 13
Filled cells: 28
Empty cells: 1545
Average atoms per cell: 44.1071
Maximum atoms per cell: 197
Minimum atoms per cell: 1
Simulation box: 
lx: 132.11 Ang
ly: 132.11 Ang
lz: 156.13 Ang
linked-cell calculation time: 0.00173712 s
time info: 7.10487e-05 s
*********************************************************
Trajectory calculations 
*********************************************************
out target time: 0.893872 s
Ntraj: 10000
Nfree: 1438
Nscatter: 8562
Nlost: 0
omega: 972.254
Ntraj: 10000
Nfree: 1384
Nscatter: 8616
Nlost: 0
omega: 1024.23
Ntraj: 10000
Nfree: 1390
Nscatter: 8610
Nlost: 0
omega: 958.126
Ntraj: 10000
Nfree: 1371
Nscatter: 8629
Nlost: 0
omega: 1150.67
Ntraj: 10000
Nfree: 1373
Nscatter: 8627
Nlost: 0
omega: 1163.4
Ntraj: 10000
Nfree: 1391
Nscatter: 8609
Nlost: 0
omega: 1104.33
Ntraj: 10000
Nfree: 1414
Nscatter: 8586
Nlost: 0
omega: 996.655
Ntraj: 10000
Nfree: 1394
Nscatter: 8606
Nlost: 0
omega: 1040.98
Ntraj: 10000
Nfree: 1418
Nscatter: 8582
Nlost: 0
omega: 1115.37
Ntraj: 10000
Nfree: 1403
Nscatter: 8597
Nlost: 0
omega: 1090.54
*********************************************************
task: 0
worker id: 23524
time create lcl and mol: 0.0003829 s
numbers of trajectories: 25000
time trajectory calculation: 0.828324 s
task: 1
worker id: 62435
time create lcl and mol: 0.00040102 s
numbers of trajectories: 25000
time trajectory calculation: 0.867415 s
task: 2
worker id: 86539
time create lcl and mol: 0.000387192 s
numbers of trajectories: 25000
time trajectory calculation: 0.822749 s
task: 3
worker id: 37370
time create lcl and mol: 0.000381947 s
numbers of trajectories: 25000
time trajectory calculation: 0.862356 s
CCS time: 0.901613 s
*********************************************************
average value of CCS = 1061.66 Ang^2
error value of CCS = 22.0411 Ang^2
Total time: 0.940004 s
Program finished...
*********************************************************
INPUT:: Simulation Parameters 
*********************************************************
target filename                  : 04_1ubq_carga_4_min.xyz
number of probe                  : 10000
number of iterarions             : 10
number of tasks                  : 4
number of threads                : 24
seed number                      : 2104
gas buffer                       : He
Target Temperature (K)           : 298
timestep (fs)                    : 10
Skin cell size (Ang)             : 0.01
Equipotential                    : no
Cut short-range interaction      : yes
LJ cutoff (Ang)                  : 12
Apply long-range interaction     : yes
Cut long-range interaction       : yes
Coulomb cutoff (Ang)             : 25
Apply induced-dipole interaction : yes
alpha (Ang^3)                    : 0.204956
force_type: 4
*********************************************************
Force Field parameters: 
*********************************************************
Symbol  mass (amu)  epislon (kcal/mol)  sigma(Angstroms) 
C   12.011   0.0309   3.043
N   14.007   0.0309   3.043
H   1.008   0.015   2.38
O   15.999   0.0309   3.043
S   32.06   0.0311   3.5
*********************************************************
MOLECULE:: orientation around the inertia principal axis 
*********************************************************
Inertia matrix a.u. Ang^2: 
{  774050  -98727  -119273  }
{  -98727  765481  -55190.9  }
{  -119273  -55190.9  711486  }
Rotation matrix applied to molecule: 
{  0.797039  -0.460096  -0.391204  }
{  0.592383  0.469553  0.654677  }
{  -0.117523  -0.753546  0.646805  }
Molecule radius: 22.0778 Ang 
orientation time of molecule target: 0.00208807 s
target mass: 8568.9 amu
gas mass: 4.0026 amu
reduce mass: 4.00073 amu
charge state: 4 e
*********************************************************
Geometric Ellipsoid: 
*********************************************************
maximal distances: 13.373  14.2779  21.6306  Ang
Initial axis length: 63.383  64.2879  71.6406  Ang
Ellipsoid axis length: 64.833  65.7379  73.0906  Ang
ellipsoid calculation time: 3.69549e-05 s
maximal impact parameter: 73.0906 Ang
*********************************************************
Linked-cell: 
Numbers of cells: 1573
Nx: 11 Ny: 11 Nz: 13
Filled cells: 28
Empty cells: 1545
Average atoms per cell: 44.1071
Maximum atoms per cell: 197
Minimum atoms per cell: 1
Simulation box: 
lx: 132.11 Ang
ly: 132.11 Ang
lz: 156.13 Ang
linked-cell calculation time: 0.00174999 s
time info: 7.20024e-05 s
*********************************************************
Trajectory calculations 
*********************************************************
out target time: 0.910985 s
Ntraj: 10000
Nfree: 1438
Nscatter: 8562
Nlost: 0
omega: 972.254
Ntraj: 10000
Nfree: 1384
Nscatter: 8616
Nlost: 0
omega: 1024.23
Ntraj: 10000
Nfree: 1390
Nscatter: 8610
Nlost: 0
omega: 958.126
Ntraj: 10000
Nfree: 1371
Nscatter: 8629
Nlost: 0
omega: 1150.67
Ntraj: 10000
Nfree: 1373
Nscatter: 8627
Nlost: 0
omega: 1163.4
Ntraj: 10000
Nfree: 1391
Nscatter: 8609
Nlost: 0
omega: 1104.33
Ntraj: 10000
Nfree: 1414
Nscatter: 8586
Nlost: 0
omega: 996.655
Ntraj: 10000
Nfree: 1394
Nscatter: 8606
Nlost: 0
omega: 1040.98
Ntraj: 10000
Nfree: 1418
Nscatter: 8582
Nlost: 0
omega: 1115.37
Ntraj: 10000
Nfree: 1403
Nscatter: 8597
Nlost: 0
omega: 1090.54
*********************************************************
task: 0
worker id: 23639
time create lcl and mol: 0.000524998 s
numbers of trajectories: 25000
time trajectory calculation: 0.820084 s
task: 1
worker id: 86653
time create lcl and mol: 0.000390053 s
numbers of trajectories: 25000
time trajectory calculation: 0.884688 s
task: 2
worker id: 62552
time create lcl and mol: 0.000398159 s
numbers of trajectories: 25000
time trajectory calculation: 0.817215 s
task: 3
worker id: 37484
time create lcl and mol: 0.000392199 s
numbers of trajectories: 25000
time trajectory calculation: 0.841728 s
CCS time: 0.918539 s
*********************************************************
average value of CCS = 1061.66 Ang^2
error value of CCS = 22.0411 Ang^2
Total time: 0.927563 s
Program finished...
*********************************************************
INPUT:: Simulation Parameters 
*********************************************************
target filename                  : 04_1ubq_carga_4_min.xyz
number of probe                  : 10000
number of iterarions             : 10
number of tasks                  : 4
number of threads                : 24
seed number                      : 2104
gas buffer                       : He
Target Temperature (K)           : 298
timestep (fs)                    : 10
Skin cell size (Ang)             : 0.01
Equipotential                    : no
Cut short-range interaction      : yes
LJ cutoff (Ang)                  : 12
Apply long-range interaction     : yes
Cut long-range interaction       : yes
Coulomb cutoff (Ang)             : 25
Apply induced-dipole interaction : yes
alpha (Ang^3)                    : 0.204956
force_type: 4
*********************************************************
Force Field parameters: 
*********************************************************
Symbol  mass (amu)  epislon (kcal/mol)  sigma(Angstroms) 
C   12.011   0.0309   3.043
N   14.007   0.0309   3.043
H   1.008   0.015   2.38
O   15.999   0.0309   3.043
S   32.06   0.0311   3.5
*********************************************************
MOLECULE:: orientation around the inertia principal axis 
*********************************************************
Inertia matrix a.u. Ang^2: 
{  774050  -98727  -119273  }
{  -98727  765481  -55190.9  }
{  -119273  -55190.9  711486  }
Rotation matrix applied to molecule: 
{  0.797039  -0.460096  -0.391204  }
{  0.592383  0.469553  0.654677  }
{  -0.117523  -0.753546  0.646805  }
Molecule radius: 22.0778 Ang 
orientation time of molecule target: 0.00209904 s
target mass: 8568.9 amu
gas mass: 4.0026 amu
reduce mass: 4.00073 amu
charge state: 4 e
*********************************************************
Geometric Ellipsoid: 
*********************************************************
maximal distances: 13.373  14.2779  21.6306  Ang
Initial axis length: 63.383  64.2879  71.6406  Ang
Ellipsoid axis length: 64.833  65.7379  73.0906  Ang
ellipsoid calculation time: 4.50611e-05 s
maximal impact parameter: 73.0906 Ang
*********************************************************
Linked-cell: 
Numbers of cells: 1573
Nx: 11 Ny: 11 Nz: 13
Filled cells: 28
Empty cells: 1545
Average atoms per cell: 44.1071
Maximum atoms per cell: 197
Minimum atoms per cell: 1
Simulation box: 
lx: 132.11 Ang
ly: 132.11 Ang
lz: 156.13 Ang
linked-cell calculation time: 0.001755 s
time info: 6.81877e-05 s
*********************************************************
Trajectory calculations 
*********************************************************
out target time: 0.894323 s
Ntraj: 10000
Nfree: 1438
Nscatter: 8562
Nlost: 0
omega: 972.254
Ntraj: 10000
Nfree: 1384
Nscatter: 8616
Nlost: 0
omega: 1024.23
Ntraj: 10000
Nfree: 1390
Nscatter: 8610
Nlost: 0
omega: 958.126
Ntraj: 10000
Nfree: 1371
Nscatter: 8629
Nlost: 0
omega: 1150.67
Ntraj: 10000
Nfree: 1373
Nscatter: 8627
Nlost: 0
omega: 1163.4
Ntraj: 10000
Nfree: 1391
Nscatter: 8609
Nlost: 0
omega: 1104.33
Ntraj: 10000
Nfree: 1414
Nscatter: 8586
Nlost: 0
omega: 996.655
Ntraj: 10000
Nfree: 1394
Nscatter: 8606
Nlost: 0
omega: 1040.98
Ntraj: 10000
Nfree: 1418
Nscatter: 8582
Nlost: 0
omega: 1115.37
Ntraj: 10000
Nfree: 1403
Nscatter: 8597
Nlost: 0
omega: 1090.54
*********************************************************
task: 0
worker id: 23726
time create lcl and mol: 0.000386953 s
numbers of trajectories: 25000
time trajectory calculation: 0.827913 s
task: 1
worker id: 86741
time create lcl and mol: 0.000419855 s
numbers of trajectories: 25000
time trajectory calculation: 0.869488 s
task: 2
worker id: 62642
time create lcl and mol: 0.000388861 s
numbers of trajectories: 25000
time trajectory calculation: 0.839275 s
task: 3
worker id: 37570
time create lcl and mol: 0.000628948 s
numbers of trajectories: 25000
time trajectory calculation: 0.858637 s
CCS time: 0.901911 s
*********************************************************
average value of CCS = 1061.66 Ang^2
error value of CCS = 22.0411 Ang^2
Total time: 0.910882 s
Program finished...
*********************************************************
INPUT:: Simulation Parameters 
*********************************************************
target filename                  : 04_1ubq_carga_4_min.xyz
number of probe                  : 10000
number of iterarions             : 10
number of tasks                  : 4
number of threads                : 24
seed number                      : 2104
gas buffer                       : He
Target Temperature (K)           : 298
timestep (fs)                    : 10
Skin cell size (Ang)             : 0.01
Equipotential                    : no
Cut short-range interaction      : yes
LJ cutoff (Ang)                  : 12
Apply long-range interaction     : yes
Cut long-range interaction       : yes
Coulomb cutoff (Ang)             : 25
Apply induced-dipole interaction : yes
alpha (Ang^3)                    : 0.204956
force_type: 4
*********************************************************
Force Field parameters: 
*********************************************************
Symbol  mass (amu)  epislon (kcal/mol)  sigma(Angstroms) 
C   12.011   0.0309   3.043
N   14.007   0.0309   3.043
H   1.008   0.015   2.38
O   15.999   0.0309   3.043
S   32.06   0.0311   3.5
*********************************************************
MOLECULE:: orientation around the inertia principal axis 
*********************************************************
Inertia matrix a.u. Ang^2: 
{  774050  -98727  -119273  }
{  -98727  765481  -55190.9  }
{  -119273  -55190.9  711486  }
Rotation matrix applied to molecule: 
{  0.797039  -0.460096  -0.391204  }
{  0.592383  0.469553  0.654677  }
{  -0.117523  -0.753546  0.646805  }
Molecule radius: 22.0778 Ang 
orientation time of molecule target: 0.00209093 s
target mass: 8568.9 amu
gas mass: 4.0026 amu
reduce mass: 4.00073 amu
charge state: 4 e
*********************************************************
Geometric Ellipsoid: 
*********************************************************
maximal distances: 13.373  14.2779  21.6306  Ang
Initial axis length: 63.383  64.2879  71.6406  Ang
Ellipsoid axis length: 64.833  65.7379  73.0906  Ang
ellipsoid calculation time: 3.79086e-05 s
maximal impact parameter: 73.0906 Ang
*********************************************************
Linked-cell: 
Numbers of cells: 1573
Nx: 11 Ny: 11 Nz: 13
Filled cells: 28
Empty cells: 1545
Average atoms per cell: 44.1071
Maximum atoms per cell: 197
Minimum atoms per cell: 1
Simulation box: 
lx: 132.11 Ang
ly: 132.11 Ang
lz: 156.13 Ang
linked-cell calculation time: 0.00173402 s
time info: 6.98566e-05 s
*********************************************************
Trajectory calculations 
*********************************************************
out target time: 0.909451 s
Ntraj: 10000
Nfree: 1438
Nscatter: 8562
Nlost: 0
omega: 972.254
Ntraj: 10000
Nfree: 1384
Nscatter: 8616
Nlost: 0
omega: 1024.23
Ntraj: 10000
Nfree: 1390
Nscatter: 8610
Nlost: 0
omega: 958.126
Ntraj: 10000
Nfree: 1371
Nscatter: 8629
Nlost: 0
omega: 1150.67
Ntraj: 10000
Nfree: 1373
Nscatter: 8627
Nlost: 0
omega: 1163.4
Ntraj: 10000
Nfree: 1391
Nscatter: 8609
Nlost: 0
omega: 1104.33
Ntraj: 10000
Nfree: 1414
Nscatter: 8586
Nlost: 0
omega: 996.655
Ntraj: 10000
Nfree: 1394
Nscatter: 8606
Nlost: 0
omega: 1040.98
Ntraj: 10000
Nfree: 1418
Nscatter: 8582
Nlost: 0
omega: 1115.37
Ntraj: 10000
Nfree: 1403
Nscatter: 8597
Nlost: 0
omega: 1090.54
*********************************************************
task: 0
worker id: 86827
time create lcl and mol: 0.000668049 s
numbers of trajectories: 25000
time trajectory calculation: 0.814241 s
task: 1
worker id: 37661
time create lcl and mol: 0.000406981 s
numbers of trajectories: 25000
time trajectory calculation: 0.883417 s
task: 2
worker id: 23812
time create lcl and mol: 0.000406981 s
numbers of trajectories: 25000
time trajectory calculation: 0.83115 s
task: 3
worker id: 62728
time create lcl and mol: 0.000379086 s
numbers of trajectories: 25000
time trajectory calculation: 0.863421 s
CCS time: 0.917009 s
*********************************************************
average value of CCS = 1061.66 Ang^2
error value of CCS = 22.0411 Ang^2
Total time: 0.926124 s
Program finished...
*********************************************************
INPUT:: Simulation Parameters 
*********************************************************
target filename                  : 04_1ubq_carga_4_min.xyz
number of probe                  : 10000
number of iterarions             : 10
number of tasks                  : 4
number of threads                : 24
seed number                      : 2104
gas buffer                       : He
Target Temperature (K)           : 298
timestep (fs)                    : 10
Skin cell size (Ang)             : 0.01
Equipotential                    : no
Cut short-range interaction      : yes
LJ cutoff (Ang)                  : 12
Apply long-range interaction     : yes
Cut long-range interaction       : yes
Coulomb cutoff (Ang)             : 25
Apply induced-dipole interaction : yes
alpha (Ang^3)                    : 0.204956
force_type: 4
*********************************************************
Force Field parameters: 
*********************************************************
Symbol  mass (amu)  epislon (kcal/mol)  sigma(Angstroms) 
C   12.011   0.0309   3.043
N   14.007   0.0309   3.043
H   1.008   0.015   2.38
O   15.999   0.0309   3.043
S   32.06   0.0311   3.5
*********************************************************
MOLECULE:: orientation around the inertia principal axis 
*********************************************************
Inertia matrix a.u. Ang^2: 
{  774050  -98727  -119273  }
{  -98727  765481  -55190.9  }
{  -119273  -55190.9  711486  }
Rotation matrix applied to molecule: 
{  0.797039  -0.460096  -0.391204  }
{  0.592383  0.469553  0.654677  }
{  -0.117523  -0.753546  0.646805  }
Molecule radius: 22.0778 Ang 
orientation time of molecule target: 0.00218105 s
target mass: 8568.9 amu
gas mass: 4.0026 amu
reduce mass: 4.00073 amu
charge state: 4 e
*********************************************************
Geometric Ellipsoid: 
*********************************************************
maximal distances: 13.373  14.2779  21.6306  Ang
Initial axis length: 63.383  64.2879  71.6406  Ang
Ellipsoid axis length: 64.833  65.7379  73.0906  Ang
ellipsoid calculation time: 4.91142e-05 s
maximal impact parameter: 73.0906 Ang
*********************************************************
Linked-cell: 
Numbers of cells: 1573
Nx: 11 Ny: 11 Nz: 13
Filled cells: 28
Empty cells: 1545
Average atoms per cell: 44.1071
Maximum atoms per cell: 197
Minimum atoms per cell: 1
Simulation box: 
lx: 132.11 Ang
ly: 132.11 Ang
lz: 156.13 Ang
linked-cell calculation time: 0.00174904 s
time info: 6.8903e-05 s
*********************************************************
Trajectory calculations 
*********************************************************
out target time: 0.896148 s
Ntraj: 10000
Nfree: 1438
Nscatter: 8562
Nlost: 0
omega: 972.254
Ntraj: 10000
Nfree: 1384
Nscatter: 8616
Nlost: 0
omega: 1024.23
Ntraj: 10000
Nfree: 1390
Nscatter: 8610
Nlost: 0
omega: 958.126
Ntraj: 10000
Nfree: 1371
Nscatter: 8629
Nlost: 0
omega: 1150.67
Ntraj: 10000
Nfree: 1373
Nscatter: 8627
Nlost: 0
omega: 1163.4
Ntraj: 10000
Nfree: 1391
Nscatter: 8609
Nlost: 0
omega: 1104.33
Ntraj: 10000
Nfree: 1414
Nscatter: 8586
Nlost: 0
omega: 996.655
Ntraj: 10000
Nfree: 1394
Nscatter: 8606
Nlost: 0
omega: 1040.98
Ntraj: 10000
Nfree: 1418
Nscatter: 8582
Nlost: 0
omega: 1115.37
Ntraj: 10000
Nfree: 1403
Nscatter: 8597
Nlost: 0
omega: 1090.54
*********************************************************
task: 0
worker id: 23900
time create lcl and mol: 0.000405073 s
numbers of trajectories: 25000
time trajectory calculation: 0.836802 s
task: 1
worker id: 86912
time create lcl and mol: 0.000565052 s
numbers of trajectories: 25000
time trajectory calculation: 0.872049 s
task: 2
worker id: 62818
time create lcl and mol: 0.000387907 s
numbers of trajectories: 25000
time trajectory calculation: 0.834037 s
task: 3
worker id: 37747
time create lcl and mol: 0.000406027 s
numbers of trajectories: 25000
time trajectory calculation: 0.84154 s
CCS time: 0.903784 s
*********************************************************
average value of CCS = 1061.66 Ang^2
error value of CCS = 22.0411 Ang^2
Total time: 0.913259 s
Program finished...
