*********************************************************
INPUT:: Simulation Parameters 
*********************************************************
target filename                  : 08_1dpx_carga_8_min.xyz
number of probe                  : 10000
number of iterarions             : 10
number of tasks                  : 4
number of threads                : 24
seed number                      : 2104
gas buffer                       : He
Target Temperature (K)           : 298
timestep (fs)                    : 10
Skin cell size (Ang)             : 0.01
Equipotential                    : no
Cut short-range interaction      : yes
LJ cutoff (Ang)                  : 12
Apply long-range interaction     : yes
Cut long-range interaction       : yes
Coulomb cutoff (Ang)             : 25
Apply induced-dipole interaction : yes
alpha (Ang^3)                    : 0.204956
force_type: 4
*********************************************************
Force Field parameters: 
*********************************************************
Symbol  mass (amu)  epislon (kcal/mol)  sigma(Angstroms) 
C   12.011   0.0309   3.043
N   14.007   0.0309   3.043
H   1.008   0.015   2.38
O   15.999   0.0309   3.043
S   32.06   0.0311   3.5
*********************************************************
MOLECULE:: orientation around the inertia principal axis 
*********************************************************
Inertia matrix a.u. Ang^2: 
{  1.81428e+06  216790  -460318  }
{  216790  1.99723e+06  201304  }
{  -460318  201304  1.70164e+06  }
Rotation matrix applied to molecule: 
{  0.774163  0.205071  -0.598846  }
{  -0.62997  0.341856  -0.697332  }
{  0.0617163  0.917104  0.393841  }
Molecule radius: 27.4865 Ang 
orientation time of molecule target: 0.0770841 s
target mass: 14313.2 amu
gas mass: 4.0026 amu
reduce mass: 4.00148 amu
charge state: 8 e
*********************************************************
Geometric Ellipsoid: 
*********************************************************
maximal distances: 14.0497  17.3921  25.4195  Ang
Initial axis length: 64.0597  67.4021  75.4295  Ang
Ellipsoid axis length: 67.9997  71.3421  79.3695  Ang
ellipsoid calculation time: 4.29153e-05 s
maximal impact parameter: 79.3695 Ang
*********************************************************
Linked-cell: 
Numbers of cells: 2016
Nx: 12 Ny: 12 Nz: 14
Filled cells: 36
Empty cells: 1980
Average atoms per cell: 54.4444
Maximum atoms per cell: 177
Minimum atoms per cell: 1
Simulation box: 
lx: 144.12 Ang
ly: 144.12 Ang
lz: 168.14 Ang
linked-cell calculation time: 0.00228095 s
time info: 0.000102043 s
*********************************************************
Trajectory calculations 
*********************************************************
out target time: 1.34336 s
Ntraj: 10000
Nfree: 1609
Nscatter: 8391
Nlost: 0
omega: 1394.27
Ntraj: 10000
Nfree: 1585
Nscatter: 8414
Nlost: 1
omega: 1373.57
Ntraj: 10000
Nfree: 1573
Nscatter: 8427
Nlost: 0
omega: 1321.85
Ntraj: 10000
Nfree: 1548
Nscatter: 8452
Nlost: 0
omega: 1613.26
Ntraj: 10000
Nfree: 1584
Nscatter: 8416
Nlost: 0
omega: 1547.3
Ntraj: 10000
Nfree: 1608
Nscatter: 8392
Nlost: 0
omega: 1517.84
Ntraj: 10000
Nfree: 1614
Nscatter: 8386
Nlost: 0
omega: 1458.44
Ntraj: 10000
Nfree: 1607
Nscatter: 8393
Nlost: 0
omega: 1478.36
Ntraj: 10000
Nfree: 1619
Nscatter: 8380
Nlost: 1
omega: 1530.29
Ntraj: 10000
Nfree: 1596
Nscatter: 8404
Nlost: 0
omega: 1508.35
*********************************************************
task: 0
worker id: 29086
time create lcl and mol: 0.000483036 s
numbers of trajectories: 25000
time trajectory calculation: 1.0364 s
task: 1
worker id: 42918
time create lcl and mol: 0.000484943 s
numbers of trajectories: 25000
time trajectory calculation: 1.05187 s
task: 2
worker id: 67999
time create lcl and mol: 0.000473976 s
numbers of trajectories: 25000
time trajectory calculation: 1.05545 s
task: 3
worker id: 92099
time create lcl and mol: 0.00048995 s
numbers of trajectories: 25000
time trajectory calculation: 1.31781 s
CCS time: 1.35132 s
*********************************************************
average value of CCS = 1474.35 Ang^2
error value of CCS = 26.6249 Ang^2
Total time: 1.43595 s
Program finished...
*********************************************************
INPUT:: Simulation Parameters 
*********************************************************
target filename                  : 08_1dpx_carga_8_min.xyz
number of probe                  : 10000
number of iterarions             : 10
number of tasks                  : 4
number of threads                : 24
seed number                      : 2104
gas buffer                       : He
Target Temperature (K)           : 298
timestep (fs)                    : 10
Skin cell size (Ang)             : 0.01
Equipotential                    : no
Cut short-range interaction      : yes
LJ cutoff (Ang)                  : 12
Apply long-range interaction     : yes
Cut long-range interaction       : yes
Coulomb cutoff (Ang)             : 25
Apply induced-dipole interaction : yes
alpha (Ang^3)                    : 0.204956
force_type: 4
*********************************************************
Force Field parameters: 
*********************************************************
Symbol  mass (amu)  epislon (kcal/mol)  sigma(Angstroms) 
C   12.011   0.0309   3.043
N   14.007   0.0309   3.043
H   1.008   0.015   2.38
O   15.999   0.0309   3.043
S   32.06   0.0311   3.5
*********************************************************
MOLECULE:: orientation around the inertia principal axis 
*********************************************************
Inertia matrix a.u. Ang^2: 
{  1.81428e+06  216790  -460318  }
{  216790  1.99723e+06  201304  }
{  -460318  201304  1.70164e+06  }
Rotation matrix applied to molecule: 
{  0.774163  0.205071  -0.598846  }
{  -0.62997  0.341856  -0.697332  }
{  0.0617163  0.917104  0.393841  }
Molecule radius: 27.4865 Ang 
orientation time of molecule target: 0.00293803 s
target mass: 14313.2 amu
gas mass: 4.0026 amu
reduce mass: 4.00148 amu
charge state: 8 e
*********************************************************
Geometric Ellipsoid: 
*********************************************************
maximal distances: 14.0497  17.3921  25.4195  Ang
Initial axis length: 64.0597  67.4021  75.4295  Ang
Ellipsoid axis length: 67.9997  71.3421  79.3695  Ang
ellipsoid calculation time: 4.69685e-05 s
maximal impact parameter: 79.3695 Ang
*********************************************************
Linked-cell: 
Numbers of cells: 2016
Nx: 12 Ny: 12 Nz: 14
Filled cells: 36
Empty cells: 1980
Average atoms per cell: 54.4444
Maximum atoms per cell: 177
Minimum atoms per cell: 1
Simulation box: 
lx: 144.12 Ang
ly: 144.12 Ang
lz: 168.14 Ang
linked-cell calculation time: 0.00218081 s
time info: 9.70364e-05 s
*********************************************************
Trajectory calculations 
*********************************************************
out target time: 1.44369 s
Ntraj: 10000
Nfree: 1609
Nscatter: 8391
Nlost: 0
omega: 1394.27
Ntraj: 10000
Nfree: 1585
Nscatter: 8414
Nlost: 1
omega: 1373.57
Ntraj: 10000
Nfree: 1573
Nscatter: 8427
Nlost: 0
omega: 1321.85
Ntraj: 10000
Nfree: 1548
Nscatter: 8452
Nlost: 0
omega: 1613.26
Ntraj: 10000
Nfree: 1584
Nscatter: 8416
Nlost: 0
omega: 1547.3
Ntraj: 10000
Nfree: 1608
Nscatter: 8392
Nlost: 0
omega: 1517.84
Ntraj: 10000
Nfree: 1614
Nscatter: 8386
Nlost: 0
omega: 1458.44
Ntraj: 10000
Nfree: 1607
Nscatter: 8393
Nlost: 0
omega: 1478.36
Ntraj: 10000
Nfree: 1619
Nscatter: 8380
Nlost: 1
omega: 1530.29
Ntraj: 10000
Nfree: 1596
Nscatter: 8404
Nlost: 0
omega: 1508.35
*********************************************************
task: 0
worker id: 92196
time create lcl and mol: 0.000485897 s
numbers of trajectories: 25000
time trajectory calculation: 1.04373 s
task: 1
worker id: 68098
time create lcl and mol: 0.00047183 s
numbers of trajectories: 25000
time trajectory calculation: 1.05077 s
task: 2
worker id: 29185
time create lcl and mol: 0.000490904 s
numbers of trajectories: 25000
time trajectory calculation: 1.01571 s
task: 3
worker id: 43019
time create lcl and mol: 0.00049305 s
numbers of trajectories: 25000
time trajectory calculation: 1.41232 s
CCS time: 1.45138 s
*********************************************************
average value of CCS = 1474.35 Ang^2
error value of CCS = 26.6249 Ang^2
Total time: 1.4621 s
Program finished...
*********************************************************
INPUT:: Simulation Parameters 
*********************************************************
target filename                  : 08_1dpx_carga_8_min.xyz
number of probe                  : 10000
number of iterarions             : 10
number of tasks                  : 4
number of threads                : 24
seed number                      : 2104
gas buffer                       : He
Target Temperature (K)           : 298
timestep (fs)                    : 10
Skin cell size (Ang)             : 0.01
Equipotential                    : no
Cut short-range interaction      : yes
LJ cutoff (Ang)                  : 12
Apply long-range interaction     : yes
Cut long-range interaction       : yes
Coulomb cutoff (Ang)             : 25
Apply induced-dipole interaction : yes
alpha (Ang^3)                    : 0.204956
force_type: 4
*********************************************************
Force Field parameters: 
*********************************************************
Symbol  mass (amu)  epislon (kcal/mol)  sigma(Angstroms) 
C   12.011   0.0309   3.043
N   14.007   0.0309   3.043
H   1.008   0.015   2.38
O   15.999   0.0309   3.043
S   32.06   0.0311   3.5
*********************************************************
MOLECULE:: orientation around the inertia principal axis 
*********************************************************
Inertia matrix a.u. Ang^2: 
{  1.81428e+06  216790  -460318  }
{  216790  1.99723e+06  201304  }
{  -460318  201304  1.70164e+06  }
Rotation matrix applied to molecule: 
{  0.774163  0.205071  -0.598846  }
{  -0.62997  0.341856  -0.697332  }
{  0.0617163  0.917104  0.393841  }
Molecule radius: 27.4865 Ang 
orientation time of molecule target: 0.00268912 s
target mass: 14313.2 amu
gas mass: 4.0026 amu
reduce mass: 4.00148 amu
charge state: 8 e
*********************************************************
Geometric Ellipsoid: 
*********************************************************
maximal distances: 14.0497  17.3921  25.4195  Ang
Initial axis length: 64.0597  67.4021  75.4295  Ang
Ellipsoid axis length: 67.9997  71.3421  79.3695  Ang
ellipsoid calculation time: 4.88758e-05 s
maximal impact parameter: 79.3695 Ang
*********************************************************
Linked-cell: 
Numbers of cells: 2016
Nx: 12 Ny: 12 Nz: 14
Filled cells: 36
Empty cells: 1980
Average atoms per cell: 54.4444
Maximum atoms per cell: 177
Minimum atoms per cell: 1
Simulation box: 
lx: 144.12 Ang
ly: 144.12 Ang
lz: 168.14 Ang
linked-cell calculation time: 0.00218892 s
time info: 0.000101089 s
*********************************************************
Trajectory calculations 
*********************************************************
out target time: 1.35759 s
Ntraj: 10000
Nfree: 1609
Nscatter: 8391
Nlost: 0
omega: 1394.27
Ntraj: 10000
Nfree: 1585
Nscatter: 8414
Nlost: 1
omega: 1373.57
Ntraj: 10000
Nfree: 1573
Nscatter: 8427
Nlost: 0
omega: 1321.85
Ntraj: 10000
Nfree: 1548
Nscatter: 8452
Nlost: 0
omega: 1613.26
Ntraj: 10000
Nfree: 1584
Nscatter: 8416
Nlost: 0
omega: 1547.3
Ntraj: 10000
Nfree: 1608
Nscatter: 8392
Nlost: 0
omega: 1517.84
Ntraj: 10000
Nfree: 1614
Nscatter: 8386
Nlost: 0
omega: 1458.44
Ntraj: 10000
Nfree: 1607
Nscatter: 8393
Nlost: 0
omega: 1478.36
Ntraj: 10000
Nfree: 1619
Nscatter: 8380
Nlost: 1
omega: 1530.29
Ntraj: 10000
Nfree: 1596
Nscatter: 8404
Nlost: 0
omega: 1508.35
*********************************************************
task: 0
worker id: 92283
time create lcl and mol: 0.000499964 s
numbers of trajectories: 25000
time trajectory calculation: 1.0521 s
task: 1
worker id: 68185
time create lcl and mol: 0.000476837 s
numbers of trajectories: 25000
time trajectory calculation: 1.06678 s
task: 2
worker id: 43106
time create lcl and mol: 0.000478029 s
numbers of trajectories: 25000
time trajectory calculation: 1.03976 s
task: 3
worker id: 29273
time create lcl and mol: 0.000491858 s
numbers of trajectories: 25000
time trajectory calculation: 1.33164 s
CCS time: 1.36516 s
*********************************************************
average value of CCS = 1474.35 Ang^2
error value of CCS = 26.6249 Ang^2
Total time: 1.37533 s
Program finished...
*********************************************************
INPUT:: Simulation Parameters 
*********************************************************
target filename                  : 08_1dpx_carga_8_min.xyz
number of probe                  : 10000
number of iterarions             : 10
number of tasks                  : 4
number of threads                : 24
seed number                      : 2104
gas buffer                       : He
Target Temperature (K)           : 298
timestep (fs)                    : 10
Skin cell size (Ang)             : 0.01
Equipotential                    : no
Cut short-range interaction      : yes
LJ cutoff (Ang)                  : 12
Apply long-range interaction     : yes
Cut long-range interaction       : yes
Coulomb cutoff (Ang)             : 25
Apply induced-dipole interaction : yes
alpha (Ang^3)                    : 0.204956
force_type: 4
*********************************************************
Force Field parameters: 
*********************************************************
Symbol  mass (amu)  epislon (kcal/mol)  sigma(Angstroms) 
C   12.011   0.0309   3.043
N   14.007   0.0309   3.043
H   1.008   0.015   2.38
O   15.999   0.0309   3.043
S   32.06   0.0311   3.5
*********************************************************
MOLECULE:: orientation around the inertia principal axis 
*********************************************************
Inertia matrix a.u. Ang^2: 
{  1.81428e+06  216790  -460318  }
{  216790  1.99723e+06  201304  }
{  -460318  201304  1.70164e+06  }
Rotation matrix applied to molecule: 
{  0.774163  0.205071  -0.598846  }
{  -0.62997  0.341856  -0.697332  }
{  0.0617163  0.917104  0.393841  }
Molecule radius: 27.4865 Ang 
orientation time of molecule target: 0.00281715 s
target mass: 14313.2 amu
gas mass: 4.0026 amu
reduce mass: 4.00148 amu
charge state: 8 e
*********************************************************
Geometric Ellipsoid: 
*********************************************************
maximal distances: 14.0497  17.3921  25.4195  Ang
Initial axis length: 64.0597  67.4021  75.4295  Ang
Ellipsoid axis length: 67.9997  71.3421  79.3695  Ang
ellipsoid calculation time: 5.48363e-05 s
maximal impact parameter: 79.3695 Ang
*********************************************************
Linked-cell: 
Numbers of cells: 2016
Nx: 12 Ny: 12 Nz: 14
Filled cells: 36
Empty cells: 1980
Average atoms per cell: 54.4444
Maximum atoms per cell: 177
Minimum atoms per cell: 1
Simulation box: 
lx: 144.12 Ang
ly: 144.12 Ang
lz: 168.14 Ang
linked-cell calculation time: 0.00215697 s
time info: 9.70364e-05 s
*********************************************************
Trajectory calculations 
*********************************************************
out target time: 1.35804 s
Ntraj: 10000
Nfree: 1609
Nscatter: 8391
Nlost: 0
omega: 1394.27
Ntraj: 10000
Nfree: 1585
Nscatter: 8414
Nlost: 1
omega: 1373.57
Ntraj: 10000
Nfree: 1573
Nscatter: 8427
Nlost: 0
omega: 1321.85
Ntraj: 10000
Nfree: 1548
Nscatter: 8452
Nlost: 0
omega: 1613.26
Ntraj: 10000
Nfree: 1584
Nscatter: 8416
Nlost: 0
omega: 1547.3
Ntraj: 10000
Nfree: 1608
Nscatter: 8392
Nlost: 0
omega: 1517.84
Ntraj: 10000
Nfree: 1614
Nscatter: 8386
Nlost: 0
omega: 1458.44
Ntraj: 10000
Nfree: 1607
Nscatter: 8393
Nlost: 0
omega: 1478.36
Ntraj: 10000
Nfree: 1619
Nscatter: 8380
Nlost: 1
omega: 1530.29
Ntraj: 10000
Nfree: 1596
Nscatter: 8404
Nlost: 0
omega: 1508.35
*********************************************************
task: 0
worker id: 43194
time create lcl and mol: 0.00049901 s
numbers of trajectories: 25000
time trajectory calculation: 1.0578 s
task: 1
worker id: 68277
time create lcl and mol: 0.000475168 s
numbers of trajectories: 25000
time trajectory calculation: 1.05496 s
task: 2
worker id: 29360
time create lcl and mol: 0.000741005 s
numbers of trajectories: 25000
time trajectory calculation: 1.01033 s
task: 3
worker id: 92374
time create lcl and mol: 0.000488043 s
numbers of trajectories: 25000
time trajectory calculation: 1.3327 s
CCS time: 1.36563 s
*********************************************************
average value of CCS = 1474.35 Ang^2
error value of CCS = 26.6249 Ang^2
Total time: 1.37568 s
Program finished...
*********************************************************
INPUT:: Simulation Parameters 
*********************************************************
target filename                  : 08_1dpx_carga_8_min.xyz
number of probe                  : 10000
number of iterarions             : 10
number of tasks                  : 4
number of threads                : 24
seed number                      : 2104
gas buffer                       : He
Target Temperature (K)           : 298
timestep (fs)                    : 10
Skin cell size (Ang)             : 0.01
Equipotential                    : no
Cut short-range interaction      : yes
LJ cutoff (Ang)                  : 12
Apply long-range interaction     : yes
Cut long-range interaction       : yes
Coulomb cutoff (Ang)             : 25
Apply induced-dipole interaction : yes
alpha (Ang^3)                    : 0.204956
force_type: 4
*********************************************************
Force Field parameters: 
*********************************************************
Symbol  mass (amu)  epislon (kcal/mol)  sigma(Angstroms) 
C   12.011   0.0309   3.043
N   14.007   0.0309   3.043
H   1.008   0.015   2.38
O   15.999   0.0309   3.043
S   32.06   0.0311   3.5
*********************************************************
MOLECULE:: orientation around the inertia principal axis 
*********************************************************
Inertia matrix a.u. Ang^2: 
{  1.81428e+06  216790  -460318  }
{  216790  1.99723e+06  201304  }
{  -460318  201304  1.70164e+06  }
Rotation matrix applied to molecule: 
{  0.774163  0.205071  -0.598846  }
{  -0.62997  0.341856  -0.697332  }
{  0.0617163  0.917104  0.393841  }
Molecule radius: 27.4865 Ang 
orientation time of molecule target: 0.00287795 s
target mass: 14313.2 amu
gas mass: 4.0026 amu
reduce mass: 4.00148 amu
charge state: 8 e
*********************************************************
Geometric Ellipsoid: 
*********************************************************
maximal distances: 14.0497  17.3921  25.4195  Ang
Initial axis length: 64.0597  67.4021  75.4295  Ang
Ellipsoid axis length: 67.9997  71.3421  79.3695  Ang
ellipsoid calculation time: 4.50611e-05 s
maximal impact parameter: 79.3695 Ang
*********************************************************
Linked-cell: 
Numbers of cells: 2016
Nx: 12 Ny: 12 Nz: 14
Filled cells: 36
Empty cells: 1980
Average atoms per cell: 54.4444
Maximum atoms per cell: 177
Minimum atoms per cell: 1
Simulation box: 
lx: 144.12 Ang
ly: 144.12 Ang
lz: 168.14 Ang
linked-cell calculation time: 0.00212693 s
time info: 9.20296e-05 s
*********************************************************
Trajectory calculations 
*********************************************************
out target time: 1.3565 s
Ntraj: 10000
Nfree: 1609
Nscatter: 8391
Nlost: 0
omega: 1394.27
Ntraj: 10000
Nfree: 1585
Nscatter: 8414
Nlost: 1
omega: 1373.57
Ntraj: 10000
Nfree: 1573
Nscatter: 8427
Nlost: 0
omega: 1321.85
Ntraj: 10000
Nfree: 1548
Nscatter: 8452
Nlost: 0
omega: 1613.26
Ntraj: 10000
Nfree: 1584
Nscatter: 8416
Nlost: 0
omega: 1547.3
Ntraj: 10000
Nfree: 1608
Nscatter: 8392
Nlost: 0
omega: 1517.84
Ntraj: 10000
Nfree: 1614
Nscatter: 8386
Nlost: 0
omega: 1458.44
Ntraj: 10000
Nfree: 1607
Nscatter: 8393
Nlost: 0
omega: 1478.36
Ntraj: 10000
Nfree: 1619
Nscatter: 8380
Nlost: 1
omega: 1530.29
Ntraj: 10000
Nfree: 1596
Nscatter: 8404
Nlost: 0
omega: 1508.35
*********************************************************
task: 0
worker id: 43282
time create lcl and mol: 0.000499964 s
numbers of trajectories: 25000
time trajectory calculation: 1.06123 s
task: 1
worker id: 92460
time create lcl and mol: 0.000469923 s
numbers of trajectories: 25000
time trajectory calculation: 1.04686 s
task: 2
worker id: 29445
time create lcl and mol: 0.00050211 s
numbers of trajectories: 25000
time trajectory calculation: 1.01593 s
task: 3
worker id: 68363
time create lcl and mol: 0.000449896 s
numbers of trajectories: 25000
time trajectory calculation: 1.33196 s
CCS time: 1.36393 s
*********************************************************
average value of CCS = 1474.35 Ang^2
error value of CCS = 26.6249 Ang^2
Total time: 1.37139 s
Program finished...
