*********************************************************
INPUT:: Simulation Parameters 
*********************************************************
target filename                  : 04_1ubq_carga_4_min.xyz
number of probe                  : 10000
number of iterarions             : 10
number of tasks                  : 16
number of threads                : 24
seed number                      : 2104
gas buffer                       : He
Target Temperature (K)           : 298
timestep (fs)                    : 10
Skin cell size (Ang)             : 0.01
Equipotential                    : no
Cut short-range interaction      : yes
LJ cutoff (Ang)                  : 12
Apply long-range interaction     : yes
Cut long-range interaction       : yes
Coulomb cutoff (Ang)             : 25
Apply induced-dipole interaction : yes
alpha (Ang^3)                    : 0.204956
force_type: 4
*********************************************************
Force Field parameters: 
*********************************************************
Symbol  mass (amu)  epislon (kcal/mol)  sigma(Angstroms) 
C   12.011   0.0309   3.043
N   14.007   0.0309   3.043
H   1.008   0.015   2.38
O   15.999   0.0309   3.043
S   32.06   0.0311   3.5
*********************************************************
MOLECULE:: orientation around the inertia principal axis 
*********************************************************
Inertia matrix a.u. Ang^2: 
{  774050  -98727  -119273  }
{  -98727  765481  -55190.9  }
{  -119273  -55190.9  711486  }
Rotation matrix applied to molecule: 
{  0.797039  -0.460096  -0.391204  }
{  0.592383  0.469553  0.654677  }
{  -0.117523  -0.753546  0.646805  }
Molecule radius: 22.0778 Ang 
orientation time of molecule target: 0.040858 s
target mass: 8568.9 amu
gas mass: 4.0026 amu
reduce mass: 4.00073 amu
charge state: 4 e
*********************************************************
Geometric Ellipsoid: 
*********************************************************
maximal distances: 13.373  14.2779  21.6306  Ang
Initial axis length: 63.383  64.2879  71.6406  Ang
Ellipsoid axis length: 64.833  65.7379  73.0906  Ang
ellipsoid calculation time: 4.00543e-05 s
maximal impact parameter: 73.0906 Ang
*********************************************************
Linked-cell: 
Numbers of cells: 1573
Nx: 11 Ny: 11 Nz: 13
Filled cells: 28
Empty cells: 1545
Average atoms per cell: 44.1071
Maximum atoms per cell: 197
Minimum atoms per cell: 1
Simulation box: 
lx: 132.11 Ang
ly: 132.11 Ang
lz: 156.13 Ang
linked-cell calculation time: 0.00174689 s
time info: 6.8903e-05 s
*********************************************************
Trajectory calculations 
*********************************************************
out target time: 0.589976 s
Ntraj: 10000
Nfree: 1438
Nscatter: 8562
Nlost: 0
omega: 972.254
Ntraj: 10000
Nfree: 1384
Nscatter: 8616
Nlost: 0
omega: 1024.23
Ntraj: 10000
Nfree: 1390
Nscatter: 8610
Nlost: 0
omega: 958.126
Ntraj: 10000
Nfree: 1371
Nscatter: 8629
Nlost: 0
omega: 1150.67
Ntraj: 10000
Nfree: 1373
Nscatter: 8627
Nlost: 0
omega: 1163.4
Ntraj: 10000
Nfree: 1391
Nscatter: 8609
Nlost: 0
omega: 1104.33
Ntraj: 10000
Nfree: 1414
Nscatter: 8586
Nlost: 0
omega: 996.655
Ntraj: 10000
Nfree: 1394
Nscatter: 8606
Nlost: 0
omega: 1040.98
Ntraj: 10000
Nfree: 1418
Nscatter: 8582
Nlost: 0
omega: 1115.37
Ntraj: 10000
Nfree: 1403
Nscatter: 8597
Nlost: 0
omega: 1090.54
*********************************************************
task: 0
worker id: 56101
time create lcl and mol: 0.000401974 s
numbers of trajectories: 6250
time trajectory calculation: 0.211124 s
task: 1
worker id: 13878
time create lcl and mol: 0.000648975 s
numbers of trajectories: 6250
time trajectory calculation: 0.213657 s
task: 2
worker id: 12214
time create lcl and mol: 0.000398159 s
numbers of trajectories: 6250
time trajectory calculation: 0.214079 s
task: 3
worker id: 29393
time create lcl and mol: 0.000421047 s
numbers of trajectories: 6250
time trajectory calculation: 0.225053 s
task: 4
worker id: 16109
time create lcl and mol: 0.000389099 s
numbers of trajectories: 6250
time trajectory calculation: 0.522992 s
task: 5
worker id: 7274
time create lcl and mol: 0.000374079 s
numbers of trajectories: 6250
time trajectory calculation: 0.229162 s
task: 6
worker id: 40098
time create lcl and mol: 0.00065589 s
numbers of trajectories: 6250
time trajectory calculation: 0.214194 s
task: 7
worker id: 69537
time create lcl and mol: 0.000360012 s
numbers of trajectories: 6250
time trajectory calculation: 0.401325 s
task: 8
worker id: 45880
time create lcl and mol: 0.000396013 s
numbers of trajectories: 6250
time trajectory calculation: 0.214939 s
task: 9
worker id: 29414
time create lcl and mol: 0.000416994 s
numbers of trajectories: 6250
time trajectory calculation: 0.215186 s
task: 10
worker id: 29470
time create lcl and mol: 0.000397921 s
numbers of trajectories: 6250
time trajectory calculation: 0.223369 s
task: 11
worker id: 75040
time create lcl and mol: 0.000404119 s
numbers of trajectories: 6250
time trajectory calculation: 0.207953 s
task: 12
worker id: 91758
time create lcl and mol: 0.000409842 s
numbers of trajectories: 6250
time trajectory calculation: 0.223392 s
task: 13
worker id: 67152
time create lcl and mol: 0.000386 s
numbers of trajectories: 6250
time trajectory calculation: 0.220843 s
task: 14
worker id: 13806
time create lcl and mol: 0.000668049 s
numbers of trajectories: 6250
time trajectory calculation: 0.223868 s
task: 15
worker id: 7323
time create lcl and mol: 0.00039506 s
numbers of trajectories: 6250
time trajectory calculation: 0.266424 s
CCS time: 0.597952 s
*********************************************************
average value of CCS = 1061.66 Ang^2
error value of CCS = 22.0411 Ang^2
Total time: 0.645768 s
Program finished...
*********************************************************
INPUT:: Simulation Parameters 
*********************************************************
target filename                  : 04_1ubq_carga_4_min.xyz
number of probe                  : 10000
number of iterarions             : 10
number of tasks                  : 16
number of threads                : 24
seed number                      : 2104
gas buffer                       : He
Target Temperature (K)           : 298
timestep (fs)                    : 10
Skin cell size (Ang)             : 0.01
Equipotential                    : no
Cut short-range interaction      : yes
LJ cutoff (Ang)                  : 12
Apply long-range interaction     : yes
Cut long-range interaction       : yes
Coulomb cutoff (Ang)             : 25
Apply induced-dipole interaction : yes
alpha (Ang^3)                    : 0.204956
force_type: 4
*********************************************************
Force Field parameters: 
*********************************************************
Symbol  mass (amu)  epislon (kcal/mol)  sigma(Angstroms) 
C   12.011   0.0309   3.043
N   14.007   0.0309   3.043
H   1.008   0.015   2.38
O   15.999   0.0309   3.043
S   32.06   0.0311   3.5
*********************************************************
MOLECULE:: orientation around the inertia principal axis 
*********************************************************
Inertia matrix a.u. Ang^2: 
{  774050  -98727  -119273  }
{  -98727  765481  -55190.9  }
{  -119273  -55190.9  711486  }
Rotation matrix applied to molecule: 
{  0.797039  -0.460096  -0.391204  }
{  0.592383  0.469553  0.654677  }
{  -0.117523  -0.753546  0.646805  }
Molecule radius: 22.0778 Ang 
orientation time of molecule target: 0.00193715 s
target mass: 8568.9 amu
gas mass: 4.0026 amu
reduce mass: 4.00073 amu
charge state: 4 e
*********************************************************
Geometric Ellipsoid: 
*********************************************************
maximal distances: 13.373  14.2779  21.6306  Ang
Initial axis length: 63.383  64.2879  71.6406  Ang
Ellipsoid axis length: 64.833  65.7379  73.0906  Ang
ellipsoid calculation time: 3.91006e-05 s
maximal impact parameter: 73.0906 Ang
*********************************************************
Linked-cell: 
Numbers of cells: 1573
Nx: 11 Ny: 11 Nz: 13
Filled cells: 28
Empty cells: 1545
Average atoms per cell: 44.1071
Maximum atoms per cell: 197
Minimum atoms per cell: 1
Simulation box: 
lx: 132.11 Ang
ly: 132.11 Ang
lz: 156.13 Ang
linked-cell calculation time: 0.00176311 s
time info: 7.00951e-05 s
*********************************************************
Trajectory calculations 
*********************************************************
out target time: 0.581875 s
Ntraj: 10000
Nfree: 1438
Nscatter: 8562
Nlost: 0
omega: 972.254
Ntraj: 10000
Nfree: 1384
Nscatter: 8616
Nlost: 0
omega: 1024.23
Ntraj: 10000
Nfree: 1390
Nscatter: 8610
Nlost: 0
omega: 958.126
Ntraj: 10000
Nfree: 1371
Nscatter: 8629
Nlost: 0
omega: 1150.67
Ntraj: 10000
Nfree: 1373
Nscatter: 8627
Nlost: 0
omega: 1163.4
Ntraj: 10000
Nfree: 1391
Nscatter: 8609
Nlost: 0
omega: 1104.33
Ntraj: 10000
Nfree: 1414
Nscatter: 8586
Nlost: 0
omega: 996.655
Ntraj: 10000
Nfree: 1394
Nscatter: 8606
Nlost: 0
omega: 1040.98
Ntraj: 10000
Nfree: 1418
Nscatter: 8582
Nlost: 0
omega: 1115.37
Ntraj: 10000
Nfree: 1403
Nscatter: 8597
Nlost: 0
omega: 1090.54
*********************************************************
task: 0
worker id: 7376
time create lcl and mol: 0.000383854 s
numbers of trajectories: 6250
time trajectory calculation: 0.21262 s
task: 1
worker id: 69641
time create lcl and mol: 0.000374079 s
numbers of trajectories: 6250
time trajectory calculation: 0.215027 s
task: 2
worker id: 40201
time create lcl and mol: 0.000432968 s
numbers of trajectories: 6250
time trajectory calculation: 0.213196 s
task: 3
worker id: 16213
time create lcl and mol: 0.000601053 s
numbers of trajectories: 6250
time trajectory calculation: 0.227924 s
task: 4
worker id: 13978
time create lcl and mol: 0.000400782 s
numbers of trajectories: 6250
time trajectory calculation: 0.52716 s
task: 5
worker id: 29497
time create lcl and mol: 0.000451088 s
numbers of trajectories: 6250
time trajectory calculation: 0.225875 s
task: 6
worker id: 56218
time create lcl and mol: 0.000375032 s
numbers of trajectories: 6250
time trajectory calculation: 0.209852 s
task: 7
worker id: 12313
time create lcl and mol: 0.000400782 s
numbers of trajectories: 6250
time trajectory calculation: 0.396003 s
task: 8
worker id: 45994
time create lcl and mol: 0.000524998 s
numbers of trajectories: 6250
time trajectory calculation: 0.217735 s
task: 9
worker id: 29516
time create lcl and mol: 0.000391006 s
numbers of trajectories: 6250
time trajectory calculation: 0.213914 s
task: 10
worker id: 29575
time create lcl and mol: 0.000384092 s
numbers of trajectories: 6250
time trajectory calculation: 0.216552 s
task: 11
worker id: 75143
time create lcl and mol: 0.000512838 s
numbers of trajectories: 6250
time trajectory calculation: 0.20656 s
task: 12
worker id: 91857
time create lcl and mol: 0.000391006 s
numbers of trajectories: 6250
time trajectory calculation: 0.221058 s
task: 13
worker id: 13910
time create lcl and mol: 0.000380993 s
numbers of trajectories: 6250
time trajectory calculation: 0.22131 s
task: 14
worker id: 67254
time create lcl and mol: 0.000396967 s
numbers of trajectories: 6250
time trajectory calculation: 0.222993 s
task: 15
worker id: 7428
time create lcl and mol: 0.0003829 s
numbers of trajectories: 6250
time trajectory calculation: 0.266842 s
CCS time: 0.589776 s
*********************************************************
average value of CCS = 1061.66 Ang^2
error value of CCS = 22.0411 Ang^2
Total time: 0.598856 s
Program finished...
*********************************************************
INPUT:: Simulation Parameters 
*********************************************************
target filename                  : 04_1ubq_carga_4_min.xyz
number of probe                  : 10000
number of iterarions             : 10
number of tasks                  : 16
number of threads                : 24
seed number                      : 2104
gas buffer                       : He
Target Temperature (K)           : 298
timestep (fs)                    : 10
Skin cell size (Ang)             : 0.01
Equipotential                    : no
Cut short-range interaction      : yes
LJ cutoff (Ang)                  : 12
Apply long-range interaction     : yes
Cut long-range interaction       : yes
Coulomb cutoff (Ang)             : 25
Apply induced-dipole interaction : yes
alpha (Ang^3)                    : 0.204956
force_type: 4
*********************************************************
Force Field parameters: 
*********************************************************
Symbol  mass (amu)  epislon (kcal/mol)  sigma(Angstroms) 
C   12.011   0.0309   3.043
N   14.007   0.0309   3.043
H   1.008   0.015   2.38
O   15.999   0.0309   3.043
S   32.06   0.0311   3.5
*********************************************************
MOLECULE:: orientation around the inertia principal axis 
*********************************************************
Inertia matrix a.u. Ang^2: 
{  774050  -98727  -119273  }
{  -98727  765481  -55190.9  }
{  -119273  -55190.9  711486  }
Rotation matrix applied to molecule: 
{  0.797039  -0.460096  -0.391204  }
{  0.592383  0.469553  0.654677  }
{  -0.117523  -0.753546  0.646805  }
Molecule radius: 22.0778 Ang 
orientation time of molecule target: 0.0020721 s
target mass: 8568.9 amu
gas mass: 4.0026 amu
reduce mass: 4.00073 amu
charge state: 4 e
*********************************************************
Geometric Ellipsoid: 
*********************************************************
maximal distances: 13.373  14.2779  21.6306  Ang
Initial axis length: 63.383  64.2879  71.6406  Ang
Ellipsoid axis length: 64.833  65.7379  73.0906  Ang
ellipsoid calculation time: 4.1008e-05 s
maximal impact parameter: 73.0906 Ang
*********************************************************
Linked-cell: 
Numbers of cells: 1573
Nx: 11 Ny: 11 Nz: 13
Filled cells: 28
Empty cells: 1545
Average atoms per cell: 44.1071
Maximum atoms per cell: 197
Minimum atoms per cell: 1
Simulation box: 
lx: 132.11 Ang
ly: 132.11 Ang
lz: 156.13 Ang
linked-cell calculation time: 0.00176191 s
time info: 6.98566e-05 s
*********************************************************
Trajectory calculations 
*********************************************************
out target time: 0.583192 s
Ntraj: 10000
Nfree: 1438
Nscatter: 8562
Nlost: 0
omega: 972.254
Ntraj: 10000
Nfree: 1384
Nscatter: 8616
Nlost: 0
omega: 1024.23
Ntraj: 10000
Nfree: 1390
Nscatter: 8610
Nlost: 0
omega: 958.126
Ntraj: 10000
Nfree: 1371
Nscatter: 8629
Nlost: 0
omega: 1150.67
Ntraj: 10000
Nfree: 1373
Nscatter: 8627
Nlost: 0
omega: 1163.4
Ntraj: 10000
Nfree: 1391
Nscatter: 8609
Nlost: 0
omega: 1104.33
Ntraj: 10000
Nfree: 1414
Nscatter: 8586
Nlost: 0
omega: 996.655
Ntraj: 10000
Nfree: 1394
Nscatter: 8606
Nlost: 0
omega: 1040.98
Ntraj: 10000
Nfree: 1418
Nscatter: 8582
Nlost: 0
omega: 1115.37
Ntraj: 10000
Nfree: 1403
Nscatter: 8597
Nlost: 0
omega: 1090.54
*********************************************************
task: 0
worker id: 29583
time create lcl and mol: 0.000386953 s
numbers of trajectories: 6250
time trajectory calculation: 0.210007 s
task: 1
worker id: 16299
time create lcl and mol: 0.000459909 s
numbers of trajectories: 6250
time trajectory calculation: 0.215309 s
task: 2
worker id: 12401
time create lcl and mol: 0.000394821 s
numbers of trajectories: 6250
time trajectory calculation: 0.215294 s
task: 3
worker id: 69728
time create lcl and mol: 0.00036478 s
numbers of trajectories: 6250
time trajectory calculation: 0.221878 s
task: 4
worker id: 14067
time create lcl and mol: 0.000405073 s
numbers of trajectories: 6250
time trajectory calculation: 0.53054 s
task: 5
worker id: 40286
time create lcl and mol: 0.000392914 s
numbers of trajectories: 6250
time trajectory calculation: 0.224784 s
task: 6
worker id: 7464
time create lcl and mol: 0.000421047 s
numbers of trajectories: 6250
time trajectory calculation: 0.207901 s
task: 7
worker id: 56318
time create lcl and mol: 0.000408888 s
numbers of trajectories: 6250
time trajectory calculation: 0.419565 s
task: 8
worker id: 46098
time create lcl and mol: 0.000375032 s
numbers of trajectories: 6250
time trajectory calculation: 0.222793 s
task: 9
worker id: 29601
time create lcl and mol: 0.000378132 s
numbers of trajectories: 6250
time trajectory calculation: 0.223026 s
task: 10
worker id: 29661
time create lcl and mol: 0.000437021 s
numbers of trajectories: 6250
time trajectory calculation: 0.217767 s
task: 11
worker id: 75231
time create lcl and mol: 0.000397921 s
numbers of trajectories: 6250
time trajectory calculation: 0.219062 s
task: 12
worker id: 91946
time create lcl and mol: 0.000404835 s
numbers of trajectories: 6250
time trajectory calculation: 0.217345 s
task: 13
worker id: 13996
time create lcl and mol: 0.000380993 s
numbers of trajectories: 6250
time trajectory calculation: 0.221214 s
task: 14
worker id: 67339
time create lcl and mol: 0.000396013 s
numbers of trajectories: 6250
time trajectory calculation: 0.237805 s
task: 15
worker id: 7516
time create lcl and mol: 0.000390053 s
numbers of trajectories: 6250
time trajectory calculation: 0.277186 s
CCS time: 0.591176 s
*********************************************************
average value of CCS = 1061.66 Ang^2
error value of CCS = 22.0411 Ang^2
Total time: 0.600606 s
Program finished...
*********************************************************
INPUT:: Simulation Parameters 
*********************************************************
target filename                  : 04_1ubq_carga_4_min.xyz
number of probe                  : 10000
number of iterarions             : 10
number of tasks                  : 16
number of threads                : 24
seed number                      : 2104
gas buffer                       : He
Target Temperature (K)           : 298
timestep (fs)                    : 10
Skin cell size (Ang)             : 0.01
Equipotential                    : no
Cut short-range interaction      : yes
LJ cutoff (Ang)                  : 12
Apply long-range interaction     : yes
Cut long-range interaction       : yes
Coulomb cutoff (Ang)             : 25
Apply induced-dipole interaction : yes
alpha (Ang^3)                    : 0.204956
force_type: 4
*********************************************************
Force Field parameters: 
*********************************************************
Symbol  mass (amu)  epislon (kcal/mol)  sigma(Angstroms) 
C   12.011   0.0309   3.043
N   14.007   0.0309   3.043
H   1.008   0.015   2.38
O   15.999   0.0309   3.043
S   32.06   0.0311   3.5
*********************************************************
MOLECULE:: orientation around the inertia principal axis 
*********************************************************
Inertia matrix a.u. Ang^2: 
{  774050  -98727  -119273  }
{  -98727  765481  -55190.9  }
{  -119273  -55190.9  711486  }
Rotation matrix applied to molecule: 
{  0.797039  -0.460096  -0.391204  }
{  0.592383  0.469553  0.654677  }
{  -0.117523  -0.753546  0.646805  }
Molecule radius: 22.0778 Ang 
orientation time of molecule target: 0.00214982 s
target mass: 8568.9 amu
gas mass: 4.0026 amu
reduce mass: 4.00073 amu
charge state: 4 e
*********************************************************
Geometric Ellipsoid: 
*********************************************************
maximal distances: 13.373  14.2779  21.6306  Ang
Initial axis length: 63.383  64.2879  71.6406  Ang
Ellipsoid axis length: 64.833  65.7379  73.0906  Ang
ellipsoid calculation time: 3.88622e-05 s
maximal impact parameter: 73.0906 Ang
*********************************************************
Linked-cell: 
Numbers of cells: 1573
Nx: 11 Ny: 11 Nz: 13
Filled cells: 28
Empty cells: 1545
Average atoms per cell: 44.1071
Maximum atoms per cell: 197
Minimum atoms per cell: 1
Simulation box: 
lx: 132.11 Ang
ly: 132.11 Ang
lz: 156.13 Ang
linked-cell calculation time: 0.00172091 s
time info: 7.00951e-05 s
*********************************************************
Trajectory calculations 
*********************************************************
out target time: 0.604005 s
Ntraj: 10000
Nfree: 1438
Nscatter: 8562
Nlost: 0
omega: 972.254
Ntraj: 10000
Nfree: 1384
Nscatter: 8616
Nlost: 0
omega: 1024.23
Ntraj: 10000
Nfree: 1390
Nscatter: 8610
Nlost: 0
omega: 958.126
Ntraj: 10000
Nfree: 1371
Nscatter: 8629
Nlost: 0
omega: 1150.67
Ntraj: 10000
Nfree: 1373
Nscatter: 8627
Nlost: 0
omega: 1163.4
Ntraj: 10000
Nfree: 1391
Nscatter: 8609
Nlost: 0
omega: 1104.33
Ntraj: 10000
Nfree: 1414
Nscatter: 8586
Nlost: 0
omega: 996.655
Ntraj: 10000
Nfree: 1394
Nscatter: 8606
Nlost: 0
omega: 1040.98
Ntraj: 10000
Nfree: 1418
Nscatter: 8582
Nlost: 0
omega: 1115.37
Ntraj: 10000
Nfree: 1403
Nscatter: 8597
Nlost: 0
omega: 1090.54
*********************************************************
task: 0
worker id: 14152
time create lcl and mol: 0.000383139 s
numbers of trajectories: 6250
time trajectory calculation: 0.210795 s
task: 1
worker id: 56418
time create lcl and mol: 0.000500917 s
numbers of trajectories: 6250
time trajectory calculation: 0.212074 s
task: 2
worker id: 16388
time create lcl and mol: 0.00039196 s
numbers of trajectories: 6250
time trajectory calculation: 0.213509 s
task: 3
worker id: 29669
time create lcl and mol: 0.00039506 s
numbers of trajectories: 6250
time trajectory calculation: 0.220902 s
task: 4
worker id: 7553
time create lcl and mol: 0.000484943 s
numbers of trajectories: 6250
time trajectory calculation: 0.548996 s
task: 5
worker id: 69814
time create lcl and mol: 0.000401974 s
numbers of trajectories: 6250
time trajectory calculation: 0.218794 s
task: 6
worker id: 46200
time create lcl and mol: 0.000393152 s
numbers of trajectories: 6250
time trajectory calculation: 0.215399 s
task: 7
worker id: 12487
time create lcl and mol: 0.000427008 s
numbers of trajectories: 6250
time trajectory calculation: 0.405544 s
task: 8
worker id: 40372
time create lcl and mol: 0.000374794 s
numbers of trajectories: 6250
time trajectory calculation: 0.214883 s
task: 9
worker id: 29689
time create lcl and mol: 0.000410795 s
numbers of trajectories: 6250
time trajectory calculation: 0.218962 s
task: 10
worker id: 29747
time create lcl and mol: 0.000387907 s
numbers of trajectories: 6250
time trajectory calculation: 0.222031 s
task: 11
worker id: 75316
time create lcl and mol: 0.000370979 s
numbers of trajectories: 6250
time trajectory calculation: 0.206918 s
task: 12
worker id: 92033
time create lcl and mol: 0.000383139 s
numbers of trajectories: 6250
time trajectory calculation: 0.219598 s
task: 13
worker id: 14085
time create lcl and mol: 0.000390053 s
numbers of trajectories: 6250
time trajectory calculation: 0.220093 s
task: 14
worker id: 67425
time create lcl and mol: 0.000380993 s
numbers of trajectories: 6250
time trajectory calculation: 0.228583 s
task: 15
worker id: 7603
time create lcl and mol: 0.000370026 s
numbers of trajectories: 6250
time trajectory calculation: 0.272349 s
CCS time: 0.611623 s
*********************************************************
average value of CCS = 1061.66 Ang^2
error value of CCS = 22.0411 Ang^2
Total time: 0.62057 s
Program finished...
*********************************************************
INPUT:: Simulation Parameters 
*********************************************************
target filename                  : 04_1ubq_carga_4_min.xyz
number of probe                  : 10000
number of iterarions             : 10
number of tasks                  : 16
number of threads                : 24
seed number                      : 2104
gas buffer                       : He
Target Temperature (K)           : 298
timestep (fs)                    : 10
Skin cell size (Ang)             : 0.01
Equipotential                    : no
Cut short-range interaction      : yes
LJ cutoff (Ang)                  : 12
Apply long-range interaction     : yes
Cut long-range interaction       : yes
Coulomb cutoff (Ang)             : 25
Apply induced-dipole interaction : yes
alpha (Ang^3)                    : 0.204956
force_type: 4
*********************************************************
Force Field parameters: 
*********************************************************
Symbol  mass (amu)  epislon (kcal/mol)  sigma(Angstroms) 
C   12.011   0.0309   3.043
N   14.007   0.0309   3.043
H   1.008   0.015   2.38
O   15.999   0.0309   3.043
S   32.06   0.0311   3.5
*********************************************************
MOLECULE:: orientation around the inertia principal axis 
*********************************************************
Inertia matrix a.u. Ang^2: 
{  774050  -98727  -119273  }
{  -98727  765481  -55190.9  }
{  -119273  -55190.9  711486  }
Rotation matrix applied to molecule: 
{  0.797039  -0.460096  -0.391204  }
{  0.592383  0.469553  0.654677  }
{  -0.117523  -0.753546  0.646805  }
Molecule radius: 22.0778 Ang 
orientation time of molecule target: 0.00197506 s
target mass: 8568.9 amu
gas mass: 4.0026 amu
reduce mass: 4.00073 amu
charge state: 4 e
*********************************************************
Geometric Ellipsoid: 
*********************************************************
maximal distances: 13.373  14.2779  21.6306  Ang
Initial axis length: 63.383  64.2879  71.6406  Ang
Ellipsoid axis length: 64.833  65.7379  73.0906  Ang
ellipsoid calculation time: 3.60012e-05 s
maximal impact parameter: 73.0906 Ang
*********************************************************
Linked-cell: 
Numbers of cells: 1573
Nx: 11 Ny: 11 Nz: 13
Filled cells: 28
Empty cells: 1545
Average atoms per cell: 44.1071
Maximum atoms per cell: 197
Minimum atoms per cell: 1
Simulation box: 
lx: 132.11 Ang
ly: 132.11 Ang
lz: 156.13 Ang
linked-cell calculation time: 0.00178289 s
time info: 7.41482e-05 s
*********************************************************
Trajectory calculations 
*********************************************************
out target time: 0.580436 s
Ntraj: 10000
Nfree: 1438
Nscatter: 8562
Nlost: 0
omega: 972.254
Ntraj: 10000
Nfree: 1384
Nscatter: 8616
Nlost: 0
omega: 1024.23
Ntraj: 10000
Nfree: 1390
Nscatter: 8610
Nlost: 0
omega: 958.126
Ntraj: 10000
Nfree: 1371
Nscatter: 8629
Nlost: 0
omega: 1150.67
Ntraj: 10000
Nfree: 1373
Nscatter: 8627
Nlost: 0
omega: 1163.4
Ntraj: 10000
Nfree: 1391
Nscatter: 8609
Nlost: 0
omega: 1104.33
Ntraj: 10000
Nfree: 1414
Nscatter: 8586
Nlost: 0
omega: 996.655
Ntraj: 10000
Nfree: 1394
Nscatter: 8606
Nlost: 0
omega: 1040.98
Ntraj: 10000
Nfree: 1418
Nscatter: 8582
Nlost: 0
omega: 1115.37
Ntraj: 10000
Nfree: 1403
Nscatter: 8597
Nlost: 0
omega: 1090.54
*********************************************************
task: 0
worker id: 56819
time create lcl and mol: 0.00041914 s
numbers of trajectories: 6250
time trajectory calculation: 0.206559 s
task: 1
worker id: 16857
time create lcl and mol: 0.000386953 s
numbers of trajectories: 6250
time trajectory calculation: 0.20921 s
task: 2
worker id: 12872
time create lcl and mol: 0.000401974 s
numbers of trajectories: 6250
time trajectory calculation: 0.224534 s
task: 3
worker id: 7934
time create lcl and mol: 0.000384092 s
numbers of trajectories: 6250
time trajectory calculation: 0.219531 s
task: 4
worker id: 30056
time create lcl and mol: 0.000418901 s
numbers of trajectories: 6250
time trajectory calculation: 0.52479 s
task: 5
worker id: 14533
time create lcl and mol: 0.000390053 s
numbers of trajectories: 6250
time trajectory calculation: 0.227958 s
task: 6
worker id: 14469
time create lcl and mol: 0.000592947 s
numbers of trajectories: 6250
time trajectory calculation: 0.210149 s
task: 7
worker id: 40753
time create lcl and mol: 0.000393867 s
numbers of trajectories: 6250
time trajectory calculation: 0.383498 s
task: 8
worker id: 70195
time create lcl and mol: 0.000372887 s
numbers of trajectories: 6250
time trajectory calculation: 0.217902 s
task: 9
worker id: 46598
time create lcl and mol: 0.000403881 s
numbers of trajectories: 6250
time trajectory calculation: 0.223223 s
task: 10
worker id: 30071
time create lcl and mol: 0.000635862 s
numbers of trajectories: 6250
time trajectory calculation: 0.216367 s
task: 11
worker id: 75703
time create lcl and mol: 0.000359058 s
numbers of trajectories: 6250
time trajectory calculation: 0.210229 s
task: 12
worker id: 30128
time create lcl and mol: 0.000391006 s
numbers of trajectories: 6250
time trajectory calculation: 0.221711 s
task: 13
worker id: 92413
time create lcl and mol: 0.000528812 s
numbers of trajectories: 6250
time trajectory calculation: 0.224237 s
task: 14
worker id: 7987
time create lcl and mol: 0.000402927 s
numbers of trajectories: 6250
time trajectory calculation: 0.223418 s
task: 15
worker id: 67807
time create lcl and mol: 0.000369072 s
numbers of trajectories: 6250
time trajectory calculation: 0.273198 s
CCS time: 0.588692 s
*********************************************************
average value of CCS = 1061.66 Ang^2
error value of CCS = 22.0411 Ang^2
Total time: 0.597549 s
Program finished...
