*********************************************************
INPUT:: Simulation Parameters 
*********************************************************
target filename                  : 06_1hrc_carga_3_min.xyz
number of probe                  : 10000
number of iterarions             : 10
number of tasks                  : 4
number of threads                : 24
seed number                      : 2104
gas buffer                       : He
Target Temperature (K)           : 298
timestep (fs)                    : 10
Skin cell size (Ang)             : 0.01
Equipotential                    : no
Cut short-range interaction      : yes
LJ cutoff (Ang)                  : 12
Apply long-range interaction     : yes
Cut long-range interaction       : yes
Coulomb cutoff (Ang)             : 25
Apply induced-dipole interaction : yes
alpha (Ang^3)                    : 0.204956
force_type: 4
*********************************************************
Force Field parameters: 
*********************************************************
Symbol  mass (amu)  epislon (kcal/mol)  sigma(Angstroms) 
C   12.011   0.0309   3.043
N   14.007   0.0309   3.043
H   1.008   0.015   2.38
O   15.999   0.0309   3.043
S   32.06   0.0311   3.5
*********************************************************
MOLECULE:: orientation around the inertia principal axis 
*********************************************************
Inertia matrix a.u. Ang^2: 
{  1.22065e+06  -9942.05  91494.5  }
{  -9942.05  1.405e+06  -122592  }
{  91494.5  -122592  1.11072e+06  }
Rotation matrix applied to molecule: 
{  0.181888  -0.910794  0.370637  }
{  -0.404043  0.27441  0.87261  }
{  -0.896474  -0.308471  -0.318088  }
Molecule radius: 21.2278 Ang 
orientation time of molecule target: 0.067024 s
target mass: 11704.6 amu
gas mass: 4.0026 amu
reduce mass: 4.00123 amu
charge state: 2.998 e
*********************************************************
Geometric Ellipsoid: 
*********************************************************
maximal distances: 16.2609  19.5446  21.0148  Ang
Initial axis length: 66.2709  69.5546  71.0248  Ang
Ellipsoid axis length: 68.1109  71.3946  72.8648  Ang
ellipsoid calculation time: 5.38826e-05 s
maximal impact parameter: 72.8648 Ang
*********************************************************
Linked-cell: 
Numbers of cells: 1872
Nx: 12 Ny: 12 Nz: 13
Filled cells: 37
Empty cells: 1835
Average atoms per cell: 45.027
Maximum atoms per cell: 169
Minimum atoms per cell: 1
Simulation box: 
lx: 144.12 Ang
ly: 144.12 Ang
lz: 156.13 Ang
linked-cell calculation time: 0.00201297 s
time info: 9.01222e-05 s
*********************************************************
Trajectory calculations 
*********************************************************
out target time: 1.69513 s
Ntraj: 10000
Nfree: 586
Nscatter: 9413
Nlost: 1
omega: 1201.68
Ntraj: 10000
Nfree: 560
Nscatter: 9440
Nlost: 0
omega: 1326.85
Ntraj: 10000
Nfree: 571
Nscatter: 9427
Nlost: 2
omega: 1185.96
Ntraj: 10000
Nfree: 552
Nscatter: 9447
Nlost: 1
omega: 1441.48
Ntraj: 10000
Nfree: 577
Nscatter: 9420
Nlost: 3
omega: 1413.8
Ntraj: 10000
Nfree: 570
Nscatter: 9430
Nlost: 0
omega: 1338.16
Ntraj: 10000
Nfree: 560
Nscatter: 9440
Nlost: 0
omega: 1288.51
Ntraj: 10000
Nfree: 561
Nscatter: 9437
Nlost: 2
omega: 1308.25
Ntraj: 10000
Nfree: 593
Nscatter: 9406
Nlost: 1
omega: 1372.06
Ntraj: 10000
Nfree: 582
Nscatter: 9417
Nlost: 1
omega: 1324.41
*********************************************************
task: 0
worker id: 88058
time create lcl and mol: 0.000480175 s
numbers of trajectories: 25000
time trajectory calculation: 1.21806 s
task: 1
worker id: 38887
time create lcl and mol: 0.000471115 s
numbers of trajectories: 25000
time trajectory calculation: 1.42685 s
task: 2
worker id: 25031
time create lcl and mol: 0.000474215 s
numbers of trajectories: 25000
time trajectory calculation: 1.14868 s
task: 3
worker id: 63956
time create lcl and mol: 0.000445127 s
numbers of trajectories: 25000
time trajectory calculation: 1.671 s
CCS time: 1.70267 s
*********************************************************
average value of CCS = 1320.12 Ang^2
error value of CCS = 24.4454 Ang^2
Total time: 1.77707 s
Program finished...
*********************************************************
INPUT:: Simulation Parameters 
*********************************************************
target filename                  : 06_1hrc_carga_3_min.xyz
number of probe                  : 10000
number of iterarions             : 10
number of tasks                  : 4
number of threads                : 24
seed number                      : 2104
gas buffer                       : He
Target Temperature (K)           : 298
timestep (fs)                    : 10
Skin cell size (Ang)             : 0.01
Equipotential                    : no
Cut short-range interaction      : yes
LJ cutoff (Ang)                  : 12
Apply long-range interaction     : yes
Cut long-range interaction       : yes
Coulomb cutoff (Ang)             : 25
Apply induced-dipole interaction : yes
alpha (Ang^3)                    : 0.204956
force_type: 4
*********************************************************
Force Field parameters: 
*********************************************************
Symbol  mass (amu)  epislon (kcal/mol)  sigma(Angstroms) 
C   12.011   0.0309   3.043
N   14.007   0.0309   3.043
H   1.008   0.015   2.38
O   15.999   0.0309   3.043
S   32.06   0.0311   3.5
*********************************************************
MOLECULE:: orientation around the inertia principal axis 
*********************************************************
Inertia matrix a.u. Ang^2: 
{  1.22065e+06  -9942.05  91494.5  }
{  -9942.05  1.405e+06  -122592  }
{  91494.5  -122592  1.11072e+06  }
Rotation matrix applied to molecule: 
{  0.181888  -0.910794  0.370637  }
{  -0.404043  0.27441  0.87261  }
{  -0.896474  -0.308471  -0.318088  }
Molecule radius: 21.2278 Ang 
orientation time of molecule target: 0.00243115 s
target mass: 11704.6 amu
gas mass: 4.0026 amu
reduce mass: 4.00123 amu
charge state: 2.998 e
*********************************************************
Geometric Ellipsoid: 
*********************************************************
maximal distances: 16.2609  19.5446  21.0148  Ang
Initial axis length: 66.2709  69.5546  71.0248  Ang
Ellipsoid axis length: 68.1109  71.3946  72.8648  Ang
ellipsoid calculation time: 4.98295e-05 s
maximal impact parameter: 72.8648 Ang
*********************************************************
Linked-cell: 
Numbers of cells: 1872
Nx: 12 Ny: 12 Nz: 13
Filled cells: 37
Empty cells: 1835
Average atoms per cell: 45.027
Maximum atoms per cell: 169
Minimum atoms per cell: 1
Simulation box: 
lx: 144.12 Ang
ly: 144.12 Ang
lz: 156.13 Ang
linked-cell calculation time: 0.00202298 s
time info: 9.10759e-05 s
*********************************************************
Trajectory calculations 
*********************************************************
out target time: 1.69727 s
Ntraj: 10000
Nfree: 586
Nscatter: 9413
Nlost: 1
omega: 1201.68
Ntraj: 10000
Nfree: 560
Nscatter: 9440
Nlost: 0
omega: 1326.85
Ntraj: 10000
Nfree: 571
Nscatter: 9427
Nlost: 2
omega: 1185.96
Ntraj: 10000
Nfree: 552
Nscatter: 9447
Nlost: 1
omega: 1441.48
Ntraj: 10000
Nfree: 577
Nscatter: 9420
Nlost: 3
omega: 1413.8
Ntraj: 10000
Nfree: 570
Nscatter: 9430
Nlost: 0
omega: 1338.16
Ntraj: 10000
Nfree: 560
Nscatter: 9440
Nlost: 0
omega: 1288.51
Ntraj: 10000
Nfree: 561
Nscatter: 9437
Nlost: 2
omega: 1308.25
Ntraj: 10000
Nfree: 593
Nscatter: 9406
Nlost: 1
omega: 1372.06
Ntraj: 10000
Nfree: 582
Nscatter: 9417
Nlost: 1
omega: 1324.41
*********************************************************
task: 0
worker id: 88160
time create lcl and mol: 0.00049305 s
numbers of trajectories: 25000
time trajectory calculation: 1.20334 s
task: 1
worker id: 64043
time create lcl and mol: 0.000447989 s
numbers of trajectories: 25000
time trajectory calculation: 1.26469 s
task: 2
worker id: 38979
time create lcl and mol: 0.000470877 s
numbers of trajectories: 25000
time trajectory calculation: 1.15536 s
task: 3
worker id: 25131
time create lcl and mol: 0.000484943 s
numbers of trajectories: 25000
time trajectory calculation: 1.67376 s
CCS time: 1.70485 s
*********************************************************
average value of CCS = 1320.12 Ang^2
error value of CCS = 24.4454 Ang^2
Total time: 1.7147 s
Program finished...
*********************************************************
INPUT:: Simulation Parameters 
*********************************************************
target filename                  : 06_1hrc_carga_3_min.xyz
number of probe                  : 10000
number of iterarions             : 10
number of tasks                  : 4
number of threads                : 24
seed number                      : 2104
gas buffer                       : He
Target Temperature (K)           : 298
timestep (fs)                    : 10
Skin cell size (Ang)             : 0.01
Equipotential                    : no
Cut short-range interaction      : yes
LJ cutoff (Ang)                  : 12
Apply long-range interaction     : yes
Cut long-range interaction       : yes
Coulomb cutoff (Ang)             : 25
Apply induced-dipole interaction : yes
alpha (Ang^3)                    : 0.204956
force_type: 4
*********************************************************
Force Field parameters: 
*********************************************************
Symbol  mass (amu)  epislon (kcal/mol)  sigma(Angstroms) 
C   12.011   0.0309   3.043
N   14.007   0.0309   3.043
H   1.008   0.015   2.38
O   15.999   0.0309   3.043
S   32.06   0.0311   3.5
*********************************************************
MOLECULE:: orientation around the inertia principal axis 
*********************************************************
Inertia matrix a.u. Ang^2: 
{  1.22065e+06  -9942.05  91494.5  }
{  -9942.05  1.405e+06  -122592  }
{  91494.5  -122592  1.11072e+06  }
Rotation matrix applied to molecule: 
{  0.181888  -0.910794  0.370637  }
{  -0.404043  0.27441  0.87261  }
{  -0.896474  -0.308471  -0.318088  }
Molecule radius: 21.2278 Ang 
orientation time of molecule target: 0.00228119 s
target mass: 11704.6 amu
gas mass: 4.0026 amu
reduce mass: 4.00123 amu
charge state: 2.998 e
*********************************************************
Geometric Ellipsoid: 
*********************************************************
maximal distances: 16.2609  19.5446  21.0148  Ang
Initial axis length: 66.2709  69.5546  71.0248  Ang
Ellipsoid axis length: 68.1109  71.3946  72.8648  Ang
ellipsoid calculation time: 4.50611e-05 s
maximal impact parameter: 72.8648 Ang
*********************************************************
Linked-cell: 
Numbers of cells: 1872
Nx: 12 Ny: 12 Nz: 13
Filled cells: 37
Empty cells: 1835
Average atoms per cell: 45.027
Maximum atoms per cell: 169
Minimum atoms per cell: 1
Simulation box: 
lx: 144.12 Ang
ly: 144.12 Ang
lz: 156.13 Ang
linked-cell calculation time: 0.00197196 s
time info: 8.70228e-05 s
*********************************************************
Trajectory calculations 
*********************************************************
out target time: 1.67982 s
Ntraj: 10000
Nfree: 586
Nscatter: 9413
Nlost: 1
omega: 1201.68
Ntraj: 10000
Nfree: 560
Nscatter: 9440
Nlost: 0
omega: 1326.85
Ntraj: 10000
Nfree: 571
Nscatter: 9427
Nlost: 2
omega: 1185.96
Ntraj: 10000
Nfree: 552
Nscatter: 9447
Nlost: 1
omega: 1441.48
Ntraj: 10000
Nfree: 577
Nscatter: 9420
Nlost: 3
omega: 1413.8
Ntraj: 10000
Nfree: 570
Nscatter: 9430
Nlost: 0
omega: 1338.16
Ntraj: 10000
Nfree: 560
Nscatter: 9440
Nlost: 0
omega: 1288.51
Ntraj: 10000
Nfree: 561
Nscatter: 9437
Nlost: 2
omega: 1308.25
Ntraj: 10000
Nfree: 593
Nscatter: 9406
Nlost: 1
omega: 1372.06
Ntraj: 10000
Nfree: 582
Nscatter: 9417
Nlost: 1
omega: 1324.41
*********************************************************
task: 0
worker id: 64132
time create lcl and mol: 0.000486851 s
numbers of trajectories: 25000
time trajectory calculation: 1.20705 s
task: 1
worker id: 39065
time create lcl and mol: 0.000478983 s
numbers of trajectories: 25000
time trajectory calculation: 1.34284 s
task: 2
worker id: 88249
time create lcl and mol: 0.000463963 s
numbers of trajectories: 25000
time trajectory calculation: 1.17516 s
task: 3
worker id: 25220
time create lcl and mol: 0.000508785 s
numbers of trajectories: 25000
time trajectory calculation: 1.65491 s
CCS time: 1.68742 s
*********************************************************
average value of CCS = 1320.12 Ang^2
error value of CCS = 24.4454 Ang^2
Total time: 1.69688 s
Program finished...
*********************************************************
INPUT:: Simulation Parameters 
*********************************************************
target filename                  : 06_1hrc_carga_3_min.xyz
number of probe                  : 10000
number of iterarions             : 10
number of tasks                  : 4
number of threads                : 24
seed number                      : 2104
gas buffer                       : He
Target Temperature (K)           : 298
timestep (fs)                    : 10
Skin cell size (Ang)             : 0.01
Equipotential                    : no
Cut short-range interaction      : yes
LJ cutoff (Ang)                  : 12
Apply long-range interaction     : yes
Cut long-range interaction       : yes
Coulomb cutoff (Ang)             : 25
Apply induced-dipole interaction : yes
alpha (Ang^3)                    : 0.204956
force_type: 4
*********************************************************
Force Field parameters: 
*********************************************************
Symbol  mass (amu)  epislon (kcal/mol)  sigma(Angstroms) 
C   12.011   0.0309   3.043
N   14.007   0.0309   3.043
H   1.008   0.015   2.38
O   15.999   0.0309   3.043
S   32.06   0.0311   3.5
*********************************************************
MOLECULE:: orientation around the inertia principal axis 
*********************************************************
Inertia matrix a.u. Ang^2: 
{  1.22065e+06  -9942.05  91494.5  }
{  -9942.05  1.405e+06  -122592  }
{  91494.5  -122592  1.11072e+06  }
Rotation matrix applied to molecule: 
{  0.181888  -0.910794  0.370637  }
{  -0.404043  0.27441  0.87261  }
{  -0.896474  -0.308471  -0.318088  }
Molecule radius: 21.2278 Ang 
orientation time of molecule target: 0.00360394 s
target mass: 11704.6 amu
gas mass: 4.0026 amu
reduce mass: 4.00123 amu
charge state: 2.998 e
*********************************************************
Geometric Ellipsoid: 
*********************************************************
maximal distances: 16.2609  19.5446  21.0148  Ang
Initial axis length: 66.2709  69.5546  71.0248  Ang
Ellipsoid axis length: 68.1109  71.3946  72.8648  Ang
ellipsoid calculation time: 4.48227e-05 s
maximal impact parameter: 72.8648 Ang
*********************************************************
Linked-cell: 
Numbers of cells: 1872
Nx: 12 Ny: 12 Nz: 13
Filled cells: 37
Empty cells: 1835
Average atoms per cell: 45.027
Maximum atoms per cell: 169
Minimum atoms per cell: 1
Simulation box: 
lx: 144.12 Ang
ly: 144.12 Ang
lz: 156.13 Ang
linked-cell calculation time: 0.00212693 s
time info: 9.01222e-05 s
*********************************************************
Trajectory calculations 
*********************************************************
out target time: 1.7039 s
Ntraj: 10000
Nfree: 586
Nscatter: 9413
Nlost: 1
omega: 1201.68
Ntraj: 10000
Nfree: 560
Nscatter: 9440
Nlost: 0
omega: 1326.85
Ntraj: 10000
Nfree: 571
Nscatter: 9427
Nlost: 2
omega: 1185.96
Ntraj: 10000
Nfree: 552
Nscatter: 9447
Nlost: 1
omega: 1441.48
Ntraj: 10000
Nfree: 577
Nscatter: 9420
Nlost: 3
omega: 1413.8
Ntraj: 10000
Nfree: 570
Nscatter: 9430
Nlost: 0
omega: 1338.16
Ntraj: 10000
Nfree: 560
Nscatter: 9440
Nlost: 0
omega: 1288.51
Ntraj: 10000
Nfree: 561
Nscatter: 9437
Nlost: 2
omega: 1308.25
Ntraj: 10000
Nfree: 593
Nscatter: 9406
Nlost: 1
omega: 1372.06
Ntraj: 10000
Nfree: 582
Nscatter: 9417
Nlost: 1
omega: 1324.41
*********************************************************
task: 0
worker id: 64219
time create lcl and mol: 0.000504017 s
numbers of trajectories: 25000
time trajectory calculation: 1.18885 s
task: 1
worker id: 39153
time create lcl and mol: 0.000481844 s
numbers of trajectories: 25000
time trajectory calculation: 1.35635 s
task: 2
worker id: 88337
time create lcl and mol: 0.000487089 s
numbers of trajectories: 25000
time trajectory calculation: 1.19543 s
task: 3
worker id: 25308
time create lcl and mol: 0.000449896 s
numbers of trajectories: 25000
time trajectory calculation: 1.67956 s
CCS time: 1.71163 s
*********************************************************
average value of CCS = 1320.12 Ang^2
error value of CCS = 24.4454 Ang^2
Total time: 1.7223 s
Program finished...
*********************************************************
INPUT:: Simulation Parameters 
*********************************************************
target filename                  : 06_1hrc_carga_3_min.xyz
number of probe                  : 10000
number of iterarions             : 10
number of tasks                  : 4
number of threads                : 24
seed number                      : 2104
gas buffer                       : He
Target Temperature (K)           : 298
timestep (fs)                    : 10
Skin cell size (Ang)             : 0.01
Equipotential                    : no
Cut short-range interaction      : yes
LJ cutoff (Ang)                  : 12
Apply long-range interaction     : yes
Cut long-range interaction       : yes
Coulomb cutoff (Ang)             : 25
Apply induced-dipole interaction : yes
alpha (Ang^3)                    : 0.204956
force_type: 4
*********************************************************
Force Field parameters: 
*********************************************************
Symbol  mass (amu)  epislon (kcal/mol)  sigma(Angstroms) 
C   12.011   0.0309   3.043
N   14.007   0.0309   3.043
H   1.008   0.015   2.38
O   15.999   0.0309   3.043
S   32.06   0.0311   3.5
*********************************************************
MOLECULE:: orientation around the inertia principal axis 
*********************************************************
Inertia matrix a.u. Ang^2: 
{  1.22065e+06  -9942.05  91494.5  }
{  -9942.05  1.405e+06  -122592  }
{  91494.5  -122592  1.11072e+06  }
Rotation matrix applied to molecule: 
{  0.181888  -0.910794  0.370637  }
{  -0.404043  0.27441  0.87261  }
{  -0.896474  -0.308471  -0.318088  }
Molecule radius: 21.2278 Ang 
orientation time of molecule target: 0.00239801 s
target mass: 11704.6 amu
gas mass: 4.0026 amu
reduce mass: 4.00123 amu
charge state: 2.998 e
*********************************************************
Geometric Ellipsoid: 
*********************************************************
maximal distances: 16.2609  19.5446  21.0148  Ang
Initial axis length: 66.2709  69.5546  71.0248  Ang
Ellipsoid axis length: 68.1109  71.3946  72.8648  Ang
ellipsoid calculation time: 6.10352e-05 s
maximal impact parameter: 72.8648 Ang
*********************************************************
Linked-cell: 
Numbers of cells: 1872
Nx: 12 Ny: 12 Nz: 13
Filled cells: 37
Empty cells: 1835
Average atoms per cell: 45.027
Maximum atoms per cell: 169
Minimum atoms per cell: 1
Simulation box: 
lx: 144.12 Ang
ly: 144.12 Ang
lz: 156.13 Ang
linked-cell calculation time: 0.00206399 s
time info: 8.70228e-05 s
*********************************************************
Trajectory calculations 
*********************************************************
out target time: 1.68703 s
Ntraj: 10000
Nfree: 586
Nscatter: 9413
Nlost: 1
omega: 1201.68
Ntraj: 10000
Nfree: 560
Nscatter: 9440
Nlost: 0
omega: 1326.85
Ntraj: 10000
Nfree: 571
Nscatter: 9427
Nlost: 2
omega: 1185.96
Ntraj: 10000
Nfree: 552
Nscatter: 9447
Nlost: 1
omega: 1441.48
Ntraj: 10000
Nfree: 577
Nscatter: 9420
Nlost: 3
omega: 1413.8
Ntraj: 10000
Nfree: 570
Nscatter: 9430
Nlost: 0
omega: 1338.16
Ntraj: 10000
Nfree: 560
Nscatter: 9440
Nlost: 0
omega: 1288.51
Ntraj: 10000
Nfree: 561
Nscatter: 9437
Nlost: 2
omega: 1308.25
Ntraj: 10000
Nfree: 593
Nscatter: 9406
Nlost: 1
omega: 1372.06
Ntraj: 10000
Nfree: 582
Nscatter: 9417
Nlost: 1
omega: 1324.41
*********************************************************
task: 0
worker id: 39546
time create lcl and mol: 0.000490189 s
numbers of trajectories: 25000
time trajectory calculation: 1.21672 s
task: 1
worker id: 64616
time create lcl and mol: 0.000473022 s
numbers of trajectories: 25000
time trajectory calculation: 1.32851 s
task: 2
worker id: 88730
time create lcl and mol: 0.000735044 s
numbers of trajectories: 25000
time trajectory calculation: 1.15795 s
task: 3
worker id: 25699
time create lcl and mol: 0.000503063 s
numbers of trajectories: 25000
time trajectory calculation: 1.66253 s
CCS time: 1.69464 s
*********************************************************
average value of CCS = 1320.12 Ang^2
error value of CCS = 24.4454 Ang^2
Total time: 1.70436 s
Program finished...
