*********************************************************
INPUT:: Simulation Parameters 
*********************************************************
target filename                  : 06_1tei_carga_20_min.xyz
number of probe                  : 10000
number of iterarions             : 10
number of tasks                  : 4
number of threads                : 24
seed number                      : 2104
gas buffer                       : He
Target Temperature (K)           : 298
timestep (fs)                    : 10
Skin cell size (Ang)             : 0.01
Equipotential                    : no
Cut short-range interaction      : yes
LJ cutoff (Ang)                  : 12
Apply long-range interaction     : yes
Cut long-range interaction       : yes
Coulomb cutoff (Ang)             : 25
Apply induced-dipole interaction : yes
alpha (Ang^3)                    : 0.204956
force_type: 4
*********************************************************
Force Field parameters: 
*********************************************************
Symbol  mass (amu)  epislon (kcal/mol)  sigma(Angstroms) 
C   12.011   0.0309   3.043
N   14.007   0.0309   3.043
H   1.008   0.015   2.38
O   15.999   0.0309   3.043
S   32.06   0.0311   3.5
*********************************************************
MOLECULE:: orientation around the inertia principal axis 
*********************************************************
Inertia matrix a.u. Ang^2: 
{  5.56984e+07  104551  187606  }
{  104551  5.52812e+07  -465330  }
{  187606  -465330  5.46598e+07  }
Rotation matrix applied to molecule: 
{  0.986908  0.0915319  0.132793  }
{  -0.160299  0.465919  0.870186  }
{  0.0177791  -0.88008  0.474492  }
Molecule radius: 47.5788 Ang 
orientation time of molecule target: 0.0529339 s
target mass: 102360 amu
gas mass: 4.0026 amu
reduce mass: 4.00244 amu
charge state: 20 e
*********************************************************
Geometric Ellipsoid: 
*********************************************************
maximal distances: 42.0534  42.8557  44.6132  Ang
Initial axis length: 92.0634  92.8657  94.6232  Ang
Ellipsoid axis length: 97.0434  97.8457  99.6032  Ang
ellipsoid calculation time: 0.000125885 s
maximal impact parameter: 99.6032 Ang
*********************************************************
Linked-cell: 
Numbers of cells: 4913
Nx: 17 Ny: 17 Nz: 17
Filled cells: 189
Empty cells: 4724
Average atoms per cell: 75.6349
Maximum atoms per cell: 207
Minimum atoms per cell: 1
Simulation box: 
lx: 204.17 Ang
ly: 204.17 Ang
lz: 204.17 Ang
linked-cell calculation time: 0.00591397 s
time info: 0.000495911 s
*********************************************************
Trajectory calculations 
*********************************************************
out target time: 4.38055 s
Ntraj: 10000
Nfree: 302
Nscatter: 9698
Nlost: 0
omega: 6106.39
Ntraj: 10000
Nfree: 274
Nscatter: 9725
Nlost: 1
omega: 6206.04
Ntraj: 10000
Nfree: 295
Nscatter: 9704
Nlost: 1
omega: 6090.76
Ntraj: 10000
Nfree: 269
Nscatter: 9731
Nlost: 0
omega: 6502.65
Ntraj: 10000
Nfree: 284
Nscatter: 9716
Nlost: 0
omega: 6296.28
Ntraj: 10000
Nfree: 292
Nscatter: 9708
Nlost: 0
omega: 6376.72
Ntraj: 10000
Nfree: 278
Nscatter: 9721
Nlost: 1
omega: 6208.29
Ntraj: 10000
Nfree: 290
Nscatter: 9710
Nlost: 0
omega: 5997.76
Ntraj: 10000
Nfree: 300
Nscatter: 9700
Nlost: 0
omega: 6597.22
Ntraj: 10000
Nfree: 317
Nscatter: 9682
Nlost: 1
omega: 6360.77
*********************************************************
task: 0
worker id: 37726
time create lcl and mol: 0.00140595 s
numbers of trajectories: 25000
time trajectory calculation: 4.28459 s
task: 1
worker id: 51553
time create lcl and mol: 0.001405 s
numbers of trajectories: 25000
time trajectory calculation: 3.50601 s
task: 2
worker id: 3180
time create lcl and mol: 0.00137901 s
numbers of trajectories: 25000
time trajectory calculation: 4.35237 s
task: 3
worker id: 76623
time create lcl and mol: 0.00137615 s
numbers of trajectories: 25000
time trajectory calculation: 4.29615 s
CCS time: 4.38822 s
*********************************************************
average value of CCS = 6274.29 Ang^2
error value of CCS = 56.7662 Ang^2
Total time: 4.45242 s
Program finished...
*********************************************************
INPUT:: Simulation Parameters 
*********************************************************
target filename                  : 06_1tei_carga_20_min.xyz
number of probe                  : 10000
number of iterarions             : 10
number of tasks                  : 4
number of threads                : 24
seed number                      : 2104
gas buffer                       : He
Target Temperature (K)           : 298
timestep (fs)                    : 10
Skin cell size (Ang)             : 0.01
Equipotential                    : no
Cut short-range interaction      : yes
LJ cutoff (Ang)                  : 12
Apply long-range interaction     : yes
Cut long-range interaction       : yes
Coulomb cutoff (Ang)             : 25
Apply induced-dipole interaction : yes
alpha (Ang^3)                    : 0.204956
force_type: 4
*********************************************************
Force Field parameters: 
*********************************************************
Symbol  mass (amu)  epislon (kcal/mol)  sigma(Angstroms) 
C   12.011   0.0309   3.043
N   14.007   0.0309   3.043
H   1.008   0.015   2.38
O   15.999   0.0309   3.043
S   32.06   0.0311   3.5
*********************************************************
MOLECULE:: orientation around the inertia principal axis 
*********************************************************
Inertia matrix a.u. Ang^2: 
{  5.56984e+07  104551  187606  }
{  104551  5.52812e+07  -465330  }
{  187606  -465330  5.46598e+07  }
Rotation matrix applied to molecule: 
{  0.986908  0.0915319  0.132793  }
{  -0.160299  0.465919  0.870186  }
{  0.0177791  -0.88008  0.474492  }
Molecule radius: 47.5788 Ang 
orientation time of molecule target: 0.0142369 s
target mass: 102360 amu
gas mass: 4.0026 amu
reduce mass: 4.00244 amu
charge state: 20 e
*********************************************************
Geometric Ellipsoid: 
*********************************************************
maximal distances: 42.0534  42.8557  44.6132  Ang
Initial axis length: 92.0634  92.8657  94.6232  Ang
Ellipsoid axis length: 97.0434  97.8457  99.6032  Ang
ellipsoid calculation time: 0.00013113 s
maximal impact parameter: 99.6032 Ang
*********************************************************
Linked-cell: 
Numbers of cells: 4913
Nx: 17 Ny: 17 Nz: 17
Filled cells: 189
Empty cells: 4724
Average atoms per cell: 75.6349
Maximum atoms per cell: 207
Minimum atoms per cell: 1
Simulation box: 
lx: 204.17 Ang
ly: 204.17 Ang
lz: 204.17 Ang
linked-cell calculation time: 0.00589395 s
time info: 0.000513077 s
*********************************************************
Trajectory calculations 
*********************************************************
out target time: 4.28357 s
Ntraj: 10000
Nfree: 302
Nscatter: 9698
Nlost: 0
omega: 6106.39
Ntraj: 10000
Nfree: 274
Nscatter: 9725
Nlost: 1
omega: 6206.04
Ntraj: 10000
Nfree: 295
Nscatter: 9704
Nlost: 1
omega: 6090.76
Ntraj: 10000
Nfree: 269
Nscatter: 9731
Nlost: 0
omega: 6502.65
Ntraj: 10000
Nfree: 284
Nscatter: 9716
Nlost: 0
omega: 6296.28
Ntraj: 10000
Nfree: 292
Nscatter: 9708
Nlost: 0
omega: 6376.72
Ntraj: 10000
Nfree: 278
Nscatter: 9721
Nlost: 1
omega: 6208.29
Ntraj: 10000
Nfree: 290
Nscatter: 9710
Nlost: 0
omega: 5997.76
Ntraj: 10000
Nfree: 300
Nscatter: 9700
Nlost: 0
omega: 6597.22
Ntraj: 10000
Nfree: 317
Nscatter: 9682
Nlost: 1
omega: 6360.77
*********************************************************
task: 0
worker id: 3591
time create lcl and mol: 0.00137091 s
numbers of trajectories: 25000
time trajectory calculation: 4.22001 s
task: 1
worker id: 38138
time create lcl and mol: 0.00137901 s
numbers of trajectories: 25000
time trajectory calculation: 3.50754 s
task: 2
worker id: 51969
time create lcl and mol: 0.00144887 s
numbers of trajectories: 25000
time trajectory calculation: 4.21883 s
task: 3
worker id: 77035
time create lcl and mol: 0.00139594 s
numbers of trajectories: 25000
time trajectory calculation: 4.25382 s
CCS time: 4.2912 s
*********************************************************
average value of CCS = 6274.29 Ang^2
error value of CCS = 56.7662 Ang^2
Total time: 4.3164 s
Program finished...
*********************************************************
INPUT:: Simulation Parameters 
*********************************************************
target filename                  : 06_1tei_carga_20_min.xyz
number of probe                  : 10000
number of iterarions             : 10
number of tasks                  : 4
number of threads                : 24
seed number                      : 2104
gas buffer                       : He
Target Temperature (K)           : 298
timestep (fs)                    : 10
Skin cell size (Ang)             : 0.01
Equipotential                    : no
Cut short-range interaction      : yes
LJ cutoff (Ang)                  : 12
Apply long-range interaction     : yes
Cut long-range interaction       : yes
Coulomb cutoff (Ang)             : 25
Apply induced-dipole interaction : yes
alpha (Ang^3)                    : 0.204956
force_type: 4
*********************************************************
Force Field parameters: 
*********************************************************
Symbol  mass (amu)  epislon (kcal/mol)  sigma(Angstroms) 
C   12.011   0.0309   3.043
N   14.007   0.0309   3.043
H   1.008   0.015   2.38
O   15.999   0.0309   3.043
S   32.06   0.0311   3.5
*********************************************************
MOLECULE:: orientation around the inertia principal axis 
*********************************************************
Inertia matrix a.u. Ang^2: 
{  5.56984e+07  104551  187606  }
{  104551  5.52812e+07  -465330  }
{  187606  -465330  5.46598e+07  }
Rotation matrix applied to molecule: 
{  0.986908  0.0915319  0.132793  }
{  -0.160299  0.465919  0.870186  }
{  0.0177791  -0.88008  0.474492  }
Molecule radius: 47.5788 Ang 
orientation time of molecule target: 0.0142679 s
target mass: 102360 amu
gas mass: 4.0026 amu
reduce mass: 4.00244 amu
charge state: 20 e
*********************************************************
Geometric Ellipsoid: 
*********************************************************
maximal distances: 42.0534  42.8557  44.6132  Ang
Initial axis length: 92.0634  92.8657  94.6232  Ang
Ellipsoid axis length: 97.0434  97.8457  99.6032  Ang
ellipsoid calculation time: 0.000138044 s
maximal impact parameter: 99.6032 Ang
*********************************************************
Linked-cell: 
Numbers of cells: 4913
Nx: 17 Ny: 17 Nz: 17
Filled cells: 189
Empty cells: 4724
Average atoms per cell: 75.6349
Maximum atoms per cell: 207
Minimum atoms per cell: 1
Simulation box: 
lx: 204.17 Ang
ly: 204.17 Ang
lz: 204.17 Ang
linked-cell calculation time: 0.00586891 s
time info: 0.000500917 s
*********************************************************
Trajectory calculations 
*********************************************************
out target time: 4.44723 s
Ntraj: 10000
Nfree: 302
Nscatter: 9698
Nlost: 0
omega: 6106.39
Ntraj: 10000
Nfree: 274
Nscatter: 9725
Nlost: 1
omega: 6206.04
Ntraj: 10000
Nfree: 295
Nscatter: 9704
Nlost: 1
omega: 6090.76
Ntraj: 10000
Nfree: 269
Nscatter: 9731
Nlost: 0
omega: 6502.65
Ntraj: 10000
Nfree: 284
Nscatter: 9716
Nlost: 0
omega: 6296.28
Ntraj: 10000
Nfree: 292
Nscatter: 9708
Nlost: 0
omega: 6376.72
Ntraj: 10000
Nfree: 278
Nscatter: 9721
Nlost: 1
omega: 6208.29
Ntraj: 10000
Nfree: 290
Nscatter: 9710
Nlost: 0
omega: 5997.76
Ntraj: 10000
Nfree: 300
Nscatter: 9700
Nlost: 0
omega: 6597.22
Ntraj: 10000
Nfree: 317
Nscatter: 9682
Nlost: 1
omega: 6360.77
*********************************************************
task: 0
worker id: 3681
time create lcl and mol: 0.00138807 s
numbers of trajectories: 25000
time trajectory calculation: 4.21395 s
task: 1
worker id: 52061
time create lcl and mol: 0.00145006 s
numbers of trajectories: 25000
time trajectory calculation: 3.55173 s
task: 2
worker id: 38227
time create lcl and mol: 0.0013659 s
numbers of trajectories: 25000
time trajectory calculation: 4.41999 s
task: 3
worker id: 77125
time create lcl and mol: 0.00142789 s
numbers of trajectories: 25000
time trajectory calculation: 4.28222 s
CCS time: 4.45487 s
*********************************************************
average value of CCS = 6274.29 Ang^2
error value of CCS = 56.7662 Ang^2
Total time: 4.48018 s
Program finished...
*********************************************************
INPUT:: Simulation Parameters 
*********************************************************
target filename                  : 06_1tei_carga_20_min.xyz
number of probe                  : 10000
number of iterarions             : 10
number of tasks                  : 4
number of threads                : 24
seed number                      : 2104
gas buffer                       : He
Target Temperature (K)           : 298
timestep (fs)                    : 10
Skin cell size (Ang)             : 0.01
Equipotential                    : no
Cut short-range interaction      : yes
LJ cutoff (Ang)                  : 12
Apply long-range interaction     : yes
Cut long-range interaction       : yes
Coulomb cutoff (Ang)             : 25
Apply induced-dipole interaction : yes
alpha (Ang^3)                    : 0.204956
force_type: 4
*********************************************************
Force Field parameters: 
*********************************************************
Symbol  mass (amu)  epislon (kcal/mol)  sigma(Angstroms) 
C   12.011   0.0309   3.043
N   14.007   0.0309   3.043
H   1.008   0.015   2.38
O   15.999   0.0309   3.043
S   32.06   0.0311   3.5
*********************************************************
MOLECULE:: orientation around the inertia principal axis 
*********************************************************
Inertia matrix a.u. Ang^2: 
{  5.56984e+07  104551  187606  }
{  104551  5.52812e+07  -465330  }
{  187606  -465330  5.46598e+07  }
Rotation matrix applied to molecule: 
{  0.986908  0.0915319  0.132793  }
{  -0.160299  0.465919  0.870186  }
{  0.0177791  -0.88008  0.474492  }
Molecule radius: 47.5788 Ang 
orientation time of molecule target: 0.014184 s
target mass: 102360 amu
gas mass: 4.0026 amu
reduce mass: 4.00244 amu
charge state: 20 e
*********************************************************
Geometric Ellipsoid: 
*********************************************************
maximal distances: 42.0534  42.8557  44.6132  Ang
Initial axis length: 92.0634  92.8657  94.6232  Ang
Ellipsoid axis length: 97.0434  97.8457  99.6032  Ang
ellipsoid calculation time: 0.000139952 s
maximal impact parameter: 99.6032 Ang
*********************************************************
Linked-cell: 
Numbers of cells: 4913
Nx: 17 Ny: 17 Nz: 17
Filled cells: 189
Empty cells: 4724
Average atoms per cell: 75.6349
Maximum atoms per cell: 207
Minimum atoms per cell: 1
Simulation box: 
lx: 204.17 Ang
ly: 204.17 Ang
lz: 204.17 Ang
linked-cell calculation time: 0.00587893 s
time info: 0.000496864 s
*********************************************************
Trajectory calculations 
*********************************************************
out target time: 4.37159 s
Ntraj: 10000
Nfree: 302
Nscatter: 9698
Nlost: 0
omega: 6106.39
Ntraj: 10000
Nfree: 274
Nscatter: 9725
Nlost: 1
omega: 6206.04
Ntraj: 10000
Nfree: 295
Nscatter: 9704
Nlost: 1
omega: 6090.76
Ntraj: 10000
Nfree: 269
Nscatter: 9731
Nlost: 0
omega: 6502.65
Ntraj: 10000
Nfree: 284
Nscatter: 9716
Nlost: 0
omega: 6296.28
Ntraj: 10000
Nfree: 292
Nscatter: 9708
Nlost: 0
omega: 6376.72
Ntraj: 10000
Nfree: 278
Nscatter: 9721
Nlost: 1
omega: 6208.29
Ntraj: 10000
Nfree: 290
Nscatter: 9710
Nlost: 0
omega: 5997.76
Ntraj: 10000
Nfree: 300
Nscatter: 9700
Nlost: 0
omega: 6597.22
Ntraj: 10000
Nfree: 317
Nscatter: 9682
Nlost: 1
omega: 6360.77
*********************************************************
task: 0
worker id: 77520
time create lcl and mol: 0.00139999 s
numbers of trajectories: 25000
time trajectory calculation: 4.31939 s
task: 1
worker id: 4081
time create lcl and mol: 0.00141096 s
numbers of trajectories: 25000
time trajectory calculation: 3.51195 s
task: 2
worker id: 52456
time create lcl and mol: 0.00139499 s
numbers of trajectories: 25000
time trajectory calculation: 4.34596 s
task: 3
worker id: 38622
time create lcl and mol: 0.00136614 s
numbers of trajectories: 25000
time trajectory calculation: 4.20845 s
CCS time: 4.37919 s
*********************************************************
average value of CCS = 6274.29 Ang^2
error value of CCS = 56.7662 Ang^2
Total time: 4.40451 s
Program finished...
*********************************************************
INPUT:: Simulation Parameters 
*********************************************************
target filename                  : 06_1tei_carga_20_min.xyz
number of probe                  : 10000
number of iterarions             : 10
number of tasks                  : 4
number of threads                : 24
seed number                      : 2104
gas buffer                       : He
Target Temperature (K)           : 298
timestep (fs)                    : 10
Skin cell size (Ang)             : 0.01
Equipotential                    : no
Cut short-range interaction      : yes
LJ cutoff (Ang)                  : 12
Apply long-range interaction     : yes
Cut long-range interaction       : yes
Coulomb cutoff (Ang)             : 25
Apply induced-dipole interaction : yes
alpha (Ang^3)                    : 0.204956
force_type: 4
*********************************************************
Force Field parameters: 
*********************************************************
Symbol  mass (amu)  epislon (kcal/mol)  sigma(Angstroms) 
C   12.011   0.0309   3.043
N   14.007   0.0309   3.043
H   1.008   0.015   2.38
O   15.999   0.0309   3.043
S   32.06   0.0311   3.5
*********************************************************
MOLECULE:: orientation around the inertia principal axis 
*********************************************************
Inertia matrix a.u. Ang^2: 
{  5.56984e+07  104551  187606  }
{  104551  5.52812e+07  -465330  }
{  187606  -465330  5.46598e+07  }
Rotation matrix applied to molecule: 
{  0.986908  0.0915319  0.132793  }
{  -0.160299  0.465919  0.870186  }
{  0.0177791  -0.88008  0.474492  }
Molecule radius: 47.5788 Ang 
orientation time of molecule target: 0.014298 s
target mass: 102360 amu
gas mass: 4.0026 amu
reduce mass: 4.00244 amu
charge state: 20 e
*********************************************************
Geometric Ellipsoid: 
*********************************************************
maximal distances: 42.0534  42.8557  44.6132  Ang
Initial axis length: 92.0634  92.8657  94.6232  Ang
Ellipsoid axis length: 97.0434  97.8457  99.6032  Ang
ellipsoid calculation time: 0.000133991 s
maximal impact parameter: 99.6032 Ang
*********************************************************
Linked-cell: 
Numbers of cells: 4913
Nx: 17 Ny: 17 Nz: 17
Filled cells: 189
Empty cells: 4724
Average atoms per cell: 75.6349
Maximum atoms per cell: 207
Minimum atoms per cell: 1
Simulation box: 
lx: 204.17 Ang
ly: 204.17 Ang
lz: 204.17 Ang
linked-cell calculation time: 0.00593305 s
time info: 0.000499964 s
*********************************************************
Trajectory calculations 
*********************************************************
out target time: 4.39715 s
Ntraj: 10000
Nfree: 302
Nscatter: 9698
Nlost: 0
omega: 6106.39
Ntraj: 10000
Nfree: 274
Nscatter: 9725
Nlost: 1
omega: 6206.04
Ntraj: 10000
Nfree: 295
Nscatter: 9704
Nlost: 1
omega: 6090.76
Ntraj: 10000
Nfree: 269
Nscatter: 9731
Nlost: 0
omega: 6502.65
Ntraj: 10000
Nfree: 284
Nscatter: 9716
Nlost: 0
omega: 6296.28
Ntraj: 10000
Nfree: 292
Nscatter: 9708
Nlost: 0
omega: 6376.72
Ntraj: 10000
Nfree: 278
Nscatter: 9721
Nlost: 1
omega: 6208.29
Ntraj: 10000
Nfree: 290
Nscatter: 9710
Nlost: 0
omega: 5997.76
Ntraj: 10000
Nfree: 300
Nscatter: 9700
Nlost: 0
omega: 6597.22
Ntraj: 10000
Nfree: 317
Nscatter: 9682
Nlost: 1
omega: 6360.77
*********************************************************
task: 0
worker id: 77612
time create lcl and mol: 0.00140285 s
numbers of trajectories: 25000
time trajectory calculation: 4.29681 s
task: 1
worker id: 52546
time create lcl and mol: 0.00145793 s
numbers of trajectories: 25000
time trajectory calculation: 3.53192 s
task: 2
worker id: 38714
time create lcl and mol: 0.00139284 s
numbers of trajectories: 25000
time trajectory calculation: 4.37119 s
task: 3
worker id: 4175
time create lcl and mol: 0.00156617 s
numbers of trajectories: 25000
time trajectory calculation: 4.31289 s
CCS time: 4.4049 s
*********************************************************
average value of CCS = 6274.29 Ang^2
error value of CCS = 56.7662 Ang^2
Total time: 4.43053 s
Program finished...
