*********************************************************
INPUT:: Simulation Parameters 
*********************************************************
target filename                  : 06_1hrc_carga_3_min.xyz
number of probe                  : 10000
number of iterarions             : 10
number of tasks                  : 8
number of threads                : 24
seed number                      : 2104
gas buffer                       : He
Target Temperature (K)           : 298
timestep (fs)                    : 10
Skin cell size (Ang)             : 0.01
Equipotential                    : no
Cut short-range interaction      : yes
LJ cutoff (Ang)                  : 12
Apply long-range interaction     : yes
Cut long-range interaction       : yes
Coulomb cutoff (Ang)             : 25
Apply induced-dipole interaction : yes
alpha (Ang^3)                    : 0.204956
force_type: 4
*********************************************************
Force Field parameters: 
*********************************************************
Symbol  mass (amu)  epislon (kcal/mol)  sigma(Angstroms) 
C   12.011   0.0309   3.043
N   14.007   0.0309   3.043
H   1.008   0.015   2.38
O   15.999   0.0309   3.043
S   32.06   0.0311   3.5
*********************************************************
MOLECULE:: orientation around the inertia principal axis 
*********************************************************
Inertia matrix a.u. Ang^2: 
{  1.22065e+06  -9942.05  91494.5  }
{  -9942.05  1.405e+06  -122592  }
{  91494.5  -122592  1.11072e+06  }
Rotation matrix applied to molecule: 
{  0.181888  -0.910794  0.370637  }
{  -0.404043  0.27441  0.87261  }
{  -0.896474  -0.308471  -0.318088  }
Molecule radius: 21.2278 Ang 
orientation time of molecule target: 0.0248821 s
target mass: 11704.6 amu
gas mass: 4.0026 amu
reduce mass: 4.00123 amu
charge state: 2.998 e
*********************************************************
Geometric Ellipsoid: 
*********************************************************
maximal distances: 16.2609  19.5446  21.0148  Ang
Initial axis length: 66.2709  69.5546  71.0248  Ang
Ellipsoid axis length: 68.1109  71.3946  72.8648  Ang
ellipsoid calculation time: 4.00543e-05 s
maximal impact parameter: 72.8648 Ang
*********************************************************
Linked-cell: 
Numbers of cells: 1872
Nx: 12 Ny: 12 Nz: 13
Filled cells: 37
Empty cells: 1835
Average atoms per cell: 45.027
Maximum atoms per cell: 169
Minimum atoms per cell: 1
Simulation box: 
lx: 144.12 Ang
ly: 144.12 Ang
lz: 156.13 Ang
linked-cell calculation time: 0.00205398 s
time info: 8.60691e-05 s
*********************************************************
Trajectory calculations 
*********************************************************
out target time: 1.69418 s
Ntraj: 10000
Nfree: 586
Nscatter: 9413
Nlost: 1
omega: 1201.68
Ntraj: 10000
Nfree: 560
Nscatter: 9440
Nlost: 0
omega: 1326.85
Ntraj: 10000
Nfree: 571
Nscatter: 9427
Nlost: 2
omega: 1185.96
Ntraj: 10000
Nfree: 552
Nscatter: 9447
Nlost: 1
omega: 1441.48
Ntraj: 10000
Nfree: 577
Nscatter: 9420
Nlost: 3
omega: 1413.8
Ntraj: 10000
Nfree: 570
Nscatter: 9430
Nlost: 0
omega: 1338.16
Ntraj: 10000
Nfree: 560
Nscatter: 9440
Nlost: 0
omega: 1288.51
Ntraj: 10000
Nfree: 561
Nscatter: 9437
Nlost: 2
omega: 1308.25
Ntraj: 10000
Nfree: 593
Nscatter: 9406
Nlost: 1
omega: 1372.06
Ntraj: 10000
Nfree: 582
Nscatter: 9417
Nlost: 1
omega: 1324.41
*********************************************************
task: 0
worker id: 43271
time create lcl and mol: 0.000550985 s
numbers of trajectories: 12500
time trajectory calculation: 1.20144 s
task: 1
worker id: 62354
time create lcl and mol: 0.00046277 s
numbers of trajectories: 12500
time trajectory calculation: 0.661123 s
task: 2
worker id: 82656
time create lcl and mol: 0.000462055 s
numbers of trajectories: 12500
time trajectory calculation: 0.908155 s
task: 3
worker id: 47970
time create lcl and mol: 0.000458956 s
numbers of trajectories: 12500
time trajectory calculation: 0.682427 s
task: 4
worker id: 68547
time create lcl and mol: 0.000465155 s
numbers of trajectories: 12500
time trajectory calculation: 0.575561 s
task: 5
worker id: 22436
time create lcl and mol: 0.000486851 s
numbers of trajectories: 12500
time trajectory calculation: 0.643811 s
task: 6
worker id: 74129
time create lcl and mol: 0.000461102 s
numbers of trajectories: 12500
time trajectory calculation: 0.595547 s
task: 7
worker id: 78684
time create lcl and mol: 0.000473022 s
numbers of trajectories: 12500
time trajectory calculation: 1.63374 s
CCS time: 1.70192 s
*********************************************************
average value of CCS = 1320.12 Ang^2
error value of CCS = 24.4454 Ang^2
Total time: 1.73398 s
Program finished...
*********************************************************
INPUT:: Simulation Parameters 
*********************************************************
target filename                  : 06_1hrc_carga_3_min.xyz
number of probe                  : 10000
number of iterarions             : 10
number of tasks                  : 8
number of threads                : 24
seed number                      : 2104
gas buffer                       : He
Target Temperature (K)           : 298
timestep (fs)                    : 10
Skin cell size (Ang)             : 0.01
Equipotential                    : no
Cut short-range interaction      : yes
LJ cutoff (Ang)                  : 12
Apply long-range interaction     : yes
Cut long-range interaction       : yes
Coulomb cutoff (Ang)             : 25
Apply induced-dipole interaction : yes
alpha (Ang^3)                    : 0.204956
force_type: 4
*********************************************************
Force Field parameters: 
*********************************************************
Symbol  mass (amu)  epislon (kcal/mol)  sigma(Angstroms) 
C   12.011   0.0309   3.043
N   14.007   0.0309   3.043
H   1.008   0.015   2.38
O   15.999   0.0309   3.043
S   32.06   0.0311   3.5
*********************************************************
MOLECULE:: orientation around the inertia principal axis 
*********************************************************
Inertia matrix a.u. Ang^2: 
{  1.22065e+06  -9942.05  91494.5  }
{  -9942.05  1.405e+06  -122592  }
{  91494.5  -122592  1.11072e+06  }
Rotation matrix applied to molecule: 
{  0.181888  -0.910794  0.370637  }
{  -0.404043  0.27441  0.87261  }
{  -0.896474  -0.308471  -0.318088  }
Molecule radius: 21.2278 Ang 
orientation time of molecule target: 0.00240612 s
target mass: 11704.6 amu
gas mass: 4.0026 amu
reduce mass: 4.00123 amu
charge state: 2.998 e
*********************************************************
Geometric Ellipsoid: 
*********************************************************
maximal distances: 16.2609  19.5446  21.0148  Ang
Initial axis length: 66.2709  69.5546  71.0248  Ang
Ellipsoid axis length: 68.1109  71.3946  72.8648  Ang
ellipsoid calculation time: 4.00543e-05 s
maximal impact parameter: 72.8648 Ang
*********************************************************
Linked-cell: 
Numbers of cells: 1872
Nx: 12 Ny: 12 Nz: 13
Filled cells: 37
Empty cells: 1835
Average atoms per cell: 45.027
Maximum atoms per cell: 169
Minimum atoms per cell: 1
Simulation box: 
lx: 144.12 Ang
ly: 144.12 Ang
lz: 156.13 Ang
linked-cell calculation time: 0.00201082 s
time info: 8.79765e-05 s
*********************************************************
Trajectory calculations 
*********************************************************
out target time: 1.64622 s
Ntraj: 10000
Nfree: 586
Nscatter: 9413
Nlost: 1
omega: 1201.68
Ntraj: 10000
Nfree: 560
Nscatter: 9440
Nlost: 0
omega: 1326.85
Ntraj: 10000
Nfree: 571
Nscatter: 9427
Nlost: 2
omega: 1185.96
Ntraj: 10000
Nfree: 552
Nscatter: 9447
Nlost: 1
omega: 1441.48
Ntraj: 10000
Nfree: 577
Nscatter: 9420
Nlost: 3
omega: 1413.8
Ntraj: 10000
Nfree: 570
Nscatter: 9430
Nlost: 0
omega: 1338.16
Ntraj: 10000
Nfree: 560
Nscatter: 9440
Nlost: 0
omega: 1288.51
Ntraj: 10000
Nfree: 561
Nscatter: 9437
Nlost: 2
omega: 1308.25
Ntraj: 10000
Nfree: 593
Nscatter: 9406
Nlost: 1
omega: 1372.06
Ntraj: 10000
Nfree: 582
Nscatter: 9417
Nlost: 1
omega: 1324.41
*********************************************************
task: 0
worker id: 79075
time create lcl and mol: 0.000468016 s
numbers of trajectories: 12500
time trajectory calculation: 1.1536 s
task: 1
worker id: 22829
time create lcl and mol: 0.000471115 s
numbers of trajectories: 12500
time trajectory calculation: 0.620387 s
task: 2
worker id: 43664
time create lcl and mol: 0.000477076 s
numbers of trajectories: 12500
time trajectory calculation: 0.865512 s
task: 3
worker id: 68938
time create lcl and mol: 0.000472069 s
numbers of trajectories: 12500
time trajectory calculation: 0.619642 s
task: 4
worker id: 74526
time create lcl and mol: 0.000477076 s
numbers of trajectories: 12500
time trajectory calculation: 0.558575 s
task: 5
worker id: 48377
time create lcl and mol: 0.000445843 s
numbers of trajectories: 12500
time trajectory calculation: 0.617224 s
task: 6
worker id: 62750
time create lcl and mol: 0.00046587 s
numbers of trajectories: 12500
time trajectory calculation: 0.575873 s
task: 7
worker id: 83050
time create lcl and mol: 0.000458002 s
numbers of trajectories: 12500
time trajectory calculation: 1.59709 s
CCS time: 1.65386 s
*********************************************************
average value of CCS = 1320.12 Ang^2
error value of CCS = 24.4454 Ang^2
Total time: 1.66375 s
Program finished...
*********************************************************
INPUT:: Simulation Parameters 
*********************************************************
target filename                  : 06_1hrc_carga_3_min.xyz
number of probe                  : 10000
number of iterarions             : 10
number of tasks                  : 8
number of threads                : 24
seed number                      : 2104
gas buffer                       : He
Target Temperature (K)           : 298
timestep (fs)                    : 10
Skin cell size (Ang)             : 0.01
Equipotential                    : no
Cut short-range interaction      : yes
LJ cutoff (Ang)                  : 12
Apply long-range interaction     : yes
Cut long-range interaction       : yes
Coulomb cutoff (Ang)             : 25
Apply induced-dipole interaction : yes
alpha (Ang^3)                    : 0.204956
force_type: 4
*********************************************************
Force Field parameters: 
*********************************************************
Symbol  mass (amu)  epislon (kcal/mol)  sigma(Angstroms) 
C   12.011   0.0309   3.043
N   14.007   0.0309   3.043
H   1.008   0.015   2.38
O   15.999   0.0309   3.043
S   32.06   0.0311   3.5
*********************************************************
MOLECULE:: orientation around the inertia principal axis 
*********************************************************
Inertia matrix a.u. Ang^2: 
{  1.22065e+06  -9942.05  91494.5  }
{  -9942.05  1.405e+06  -122592  }
{  91494.5  -122592  1.11072e+06  }
Rotation matrix applied to molecule: 
{  0.181888  -0.910794  0.370637  }
{  -0.404043  0.27441  0.87261  }
{  -0.896474  -0.308471  -0.318088  }
Molecule radius: 21.2278 Ang 
orientation time of molecule target: 0.00261617 s
target mass: 11704.6 amu
gas mass: 4.0026 amu
reduce mass: 4.00123 amu
charge state: 2.998 e
*********************************************************
Geometric Ellipsoid: 
*********************************************************
maximal distances: 16.2609  19.5446  21.0148  Ang
Initial axis length: 66.2709  69.5546  71.0248  Ang
Ellipsoid axis length: 68.1109  71.3946  72.8648  Ang
ellipsoid calculation time: 8.89301e-05 s
maximal impact parameter: 72.8648 Ang
*********************************************************
Linked-cell: 
Numbers of cells: 1872
Nx: 12 Ny: 12 Nz: 13
Filled cells: 37
Empty cells: 1835
Average atoms per cell: 45.027
Maximum atoms per cell: 169
Minimum atoms per cell: 1
Simulation box: 
lx: 144.12 Ang
ly: 144.12 Ang
lz: 156.13 Ang
linked-cell calculation time: 0.00205493 s
time info: 8.91685e-05 s
*********************************************************
Trajectory calculations 
*********************************************************
out target time: 1.69447 s
Ntraj: 10000
Nfree: 586
Nscatter: 9413
Nlost: 1
omega: 1201.68
Ntraj: 10000
Nfree: 560
Nscatter: 9440
Nlost: 0
omega: 1326.85
Ntraj: 10000
Nfree: 571
Nscatter: 9427
Nlost: 2
omega: 1185.96
Ntraj: 10000
Nfree: 552
Nscatter: 9447
Nlost: 1
omega: 1441.48
Ntraj: 10000
Nfree: 577
Nscatter: 9420
Nlost: 3
omega: 1413.8
Ntraj: 10000
Nfree: 570
Nscatter: 9430
Nlost: 0
omega: 1338.16
Ntraj: 10000
Nfree: 560
Nscatter: 9440
Nlost: 0
omega: 1288.51
Ntraj: 10000
Nfree: 561
Nscatter: 9437
Nlost: 2
omega: 1308.25
Ntraj: 10000
Nfree: 593
Nscatter: 9406
Nlost: 1
omega: 1372.06
Ntraj: 10000
Nfree: 582
Nscatter: 9417
Nlost: 1
omega: 1324.41
*********************************************************
task: 0
worker id: 22916
time create lcl and mol: 0.000469923 s
numbers of trajectories: 12500
time trajectory calculation: 1.16335 s
task: 1
worker id: 43751
time create lcl and mol: 0.000457048 s
numbers of trajectories: 12500
time trajectory calculation: 0.624989 s
task: 2
worker id: 69025
time create lcl and mol: 0.000476837 s
numbers of trajectories: 12500
time trajectory calculation: 0.854254 s
task: 3
worker id: 48479
time create lcl and mol: 0.000466108 s
numbers of trajectories: 12500
time trajectory calculation: 0.622337 s
task: 4
worker id: 79160
time create lcl and mol: 0.000644207 s
numbers of trajectories: 12500
time trajectory calculation: 0.548006 s
task: 5
worker id: 74615
time create lcl and mol: 0.000463963 s
numbers of trajectories: 12500
time trajectory calculation: 0.655183 s
task: 6
worker id: 83139
time create lcl and mol: 0.000695944 s
numbers of trajectories: 12500
time trajectory calculation: 0.569951 s
task: 7
worker id: 62837
time create lcl and mol: 0.000460148 s
numbers of trajectories: 12500
time trajectory calculation: 1.64834 s
CCS time: 1.70217 s
*********************************************************
average value of CCS = 1320.12 Ang^2
error value of CCS = 24.4454 Ang^2
Total time: 1.71207 s
Program finished...
*********************************************************
INPUT:: Simulation Parameters 
*********************************************************
target filename                  : 06_1hrc_carga_3_min.xyz
number of probe                  : 10000
number of iterarions             : 10
number of tasks                  : 8
number of threads                : 24
seed number                      : 2104
gas buffer                       : He
Target Temperature (K)           : 298
timestep (fs)                    : 10
Skin cell size (Ang)             : 0.01
Equipotential                    : no
Cut short-range interaction      : yes
LJ cutoff (Ang)                  : 12
Apply long-range interaction     : yes
Cut long-range interaction       : yes
Coulomb cutoff (Ang)             : 25
Apply induced-dipole interaction : yes
alpha (Ang^3)                    : 0.204956
force_type: 4
*********************************************************
Force Field parameters: 
*********************************************************
Symbol  mass (amu)  epislon (kcal/mol)  sigma(Angstroms) 
C   12.011   0.0309   3.043
N   14.007   0.0309   3.043
H   1.008   0.015   2.38
O   15.999   0.0309   3.043
S   32.06   0.0311   3.5
*********************************************************
MOLECULE:: orientation around the inertia principal axis 
*********************************************************
Inertia matrix a.u. Ang^2: 
{  1.22065e+06  -9942.05  91494.5  }
{  -9942.05  1.405e+06  -122592  }
{  91494.5  -122592  1.11072e+06  }
Rotation matrix applied to molecule: 
{  0.181888  -0.910794  0.370637  }
{  -0.404043  0.27441  0.87261  }
{  -0.896474  -0.308471  -0.318088  }
Molecule radius: 21.2278 Ang 
orientation time of molecule target: 0.00238299 s
target mass: 11704.6 amu
gas mass: 4.0026 amu
reduce mass: 4.00123 amu
charge state: 2.998 e
*********************************************************
Geometric Ellipsoid: 
*********************************************************
maximal distances: 16.2609  19.5446  21.0148  Ang
Initial axis length: 66.2709  69.5546  71.0248  Ang
Ellipsoid axis length: 68.1109  71.3946  72.8648  Ang
ellipsoid calculation time: 4.60148e-05 s
maximal impact parameter: 72.8648 Ang
*********************************************************
Linked-cell: 
Numbers of cells: 1872
Nx: 12 Ny: 12 Nz: 13
Filled cells: 37
Empty cells: 1835
Average atoms per cell: 45.027
Maximum atoms per cell: 169
Minimum atoms per cell: 1
Simulation box: 
lx: 144.12 Ang
ly: 144.12 Ang
lz: 156.13 Ang
linked-cell calculation time: 0.00204515 s
time info: 8.79765e-05 s
*********************************************************
Trajectory calculations 
*********************************************************
out target time: 1.76126 s
Ntraj: 10000
Nfree: 586
Nscatter: 9413
Nlost: 1
omega: 1201.68
Ntraj: 10000
Nfree: 560
Nscatter: 9440
Nlost: 0
omega: 1326.85
Ntraj: 10000
Nfree: 571
Nscatter: 9427
Nlost: 2
omega: 1185.96
Ntraj: 10000
Nfree: 552
Nscatter: 9447
Nlost: 1
omega: 1441.48
Ntraj: 10000
Nfree: 577
Nscatter: 9420
Nlost: 3
omega: 1413.8
Ntraj: 10000
Nfree: 570
Nscatter: 9430
Nlost: 0
omega: 1338.16
Ntraj: 10000
Nfree: 560
Nscatter: 9440
Nlost: 0
omega: 1288.51
Ntraj: 10000
Nfree: 561
Nscatter: 9437
Nlost: 2
omega: 1308.25
Ntraj: 10000
Nfree: 593
Nscatter: 9406
Nlost: 1
omega: 1372.06
Ntraj: 10000
Nfree: 582
Nscatter: 9417
Nlost: 1
omega: 1324.41
*********************************************************
task: 0
worker id: 43839
time create lcl and mol: 0.000608921 s
numbers of trajectories: 12500
time trajectory calculation: 1.17063 s
task: 1
worker id: 48580
time create lcl and mol: 0.000458002 s
numbers of trajectories: 12500
time trajectory calculation: 0.61728 s
task: 2
worker id: 83225
time create lcl and mol: 0.000467062 s
numbers of trajectories: 12500
time trajectory calculation: 0.911371 s
task: 3
worker id: 79247
time create lcl and mol: 0.000459909 s
numbers of trajectories: 12500
time trajectory calculation: 0.623202 s
task: 4
worker id: 74703
time create lcl and mol: 0.000475883 s
numbers of trajectories: 12500
time trajectory calculation: 0.546992 s
task: 5
worker id: 23002
time create lcl and mol: 0.00044322 s
numbers of trajectories: 12500
time trajectory calculation: 0.619687 s
task: 6
worker id: 62924
time create lcl and mol: 0.000470161 s
numbers of trajectories: 12500
time trajectory calculation: 0.566008 s
task: 7
worker id: 69116
time create lcl and mol: 0.000460148 s
numbers of trajectories: 12500
time trajectory calculation: 1.71862 s
CCS time: 1.76898 s
*********************************************************
average value of CCS = 1320.12 Ang^2
error value of CCS = 24.4454 Ang^2
Total time: 1.77873 s
Program finished...
*********************************************************
INPUT:: Simulation Parameters 
*********************************************************
target filename                  : 06_1hrc_carga_3_min.xyz
number of probe                  : 10000
number of iterarions             : 10
number of tasks                  : 8
number of threads                : 24
seed number                      : 2104
gas buffer                       : He
Target Temperature (K)           : 298
timestep (fs)                    : 10
Skin cell size (Ang)             : 0.01
Equipotential                    : no
Cut short-range interaction      : yes
LJ cutoff (Ang)                  : 12
Apply long-range interaction     : yes
Cut long-range interaction       : yes
Coulomb cutoff (Ang)             : 25
Apply induced-dipole interaction : yes
alpha (Ang^3)                    : 0.204956
force_type: 4
*********************************************************
Force Field parameters: 
*********************************************************
Symbol  mass (amu)  epislon (kcal/mol)  sigma(Angstroms) 
C   12.011   0.0309   3.043
N   14.007   0.0309   3.043
H   1.008   0.015   2.38
O   15.999   0.0309   3.043
S   32.06   0.0311   3.5
*********************************************************
MOLECULE:: orientation around the inertia principal axis 
*********************************************************
Inertia matrix a.u. Ang^2: 
{  1.22065e+06  -9942.05  91494.5  }
{  -9942.05  1.405e+06  -122592  }
{  91494.5  -122592  1.11072e+06  }
Rotation matrix applied to molecule: 
{  0.181888  -0.910794  0.370637  }
{  -0.404043  0.27441  0.87261  }
{  -0.896474  -0.308471  -0.318088  }
Molecule radius: 21.2278 Ang 
orientation time of molecule target: 0.00232315 s
target mass: 11704.6 amu
gas mass: 4.0026 amu
reduce mass: 4.00123 amu
charge state: 2.998 e
*********************************************************
Geometric Ellipsoid: 
*********************************************************
maximal distances: 16.2609  19.5446  21.0148  Ang
Initial axis length: 66.2709  69.5546  71.0248  Ang
Ellipsoid axis length: 68.1109  71.3946  72.8648  Ang
ellipsoid calculation time: 3.91006e-05 s
maximal impact parameter: 72.8648 Ang
*********************************************************
Linked-cell: 
Numbers of cells: 1872
Nx: 12 Ny: 12 Nz: 13
Filled cells: 37
Empty cells: 1835
Average atoms per cell: 45.027
Maximum atoms per cell: 169
Minimum atoms per cell: 1
Simulation box: 
lx: 144.12 Ang
ly: 144.12 Ang
lz: 156.13 Ang
linked-cell calculation time: 0.00205302 s
time info: 8.70228e-05 s
*********************************************************
Trajectory calculations 
*********************************************************
out target time: 1.60693 s
Ntraj: 10000
Nfree: 586
Nscatter: 9413
Nlost: 1
omega: 1201.68
Ntraj: 10000
Nfree: 560
Nscatter: 9440
Nlost: 0
omega: 1326.85
Ntraj: 10000
Nfree: 571
Nscatter: 9427
Nlost: 2
omega: 1185.96
Ntraj: 10000
Nfree: 552
Nscatter: 9447
Nlost: 1
omega: 1441.48
Ntraj: 10000
Nfree: 577
Nscatter: 9420
Nlost: 3
omega: 1413.8
Ntraj: 10000
Nfree: 570
Nscatter: 9430
Nlost: 0
omega: 1338.16
Ntraj: 10000
Nfree: 560
Nscatter: 9440
Nlost: 0
omega: 1288.51
Ntraj: 10000
Nfree: 561
Nscatter: 9437
Nlost: 2
omega: 1308.25
Ntraj: 10000
Nfree: 593
Nscatter: 9406
Nlost: 1
omega: 1372.06
Ntraj: 10000
Nfree: 582
Nscatter: 9417
Nlost: 1
omega: 1324.41
*********************************************************
task: 0
worker id: 48988
time create lcl and mol: 0.000502825 s
numbers of trajectories: 12500
time trajectory calculation: 1.16861 s
task: 1
worker id: 75097
time create lcl and mol: 0.000438929 s
numbers of trajectories: 12500
time trajectory calculation: 0.626998 s
task: 2
worker id: 23406
time create lcl and mol: 0.00071311 s
numbers of trajectories: 12500
time trajectory calculation: 0.834573 s
task: 3
worker id: 79640
time create lcl and mol: 0.000473022 s
numbers of trajectories: 12500
time trajectory calculation: 0.667471 s
task: 4
worker id: 63317
time create lcl and mol: 0.000731945 s
numbers of trajectories: 12500
time trajectory calculation: 0.547297 s
task: 5
worker id: 44232
time create lcl and mol: 0.000513077 s
numbers of trajectories: 12500
time trajectory calculation: 0.609379 s
task: 6
worker id: 83628
time create lcl and mol: 0.000750065 s
numbers of trajectories: 12500
time trajectory calculation: 0.564266 s
task: 7
worker id: 69523
time create lcl and mol: 0.00046587 s
numbers of trajectories: 12500
time trajectory calculation: 1.56691 s
CCS time: 1.61459 s
*********************************************************
average value of CCS = 1320.12 Ang^2
error value of CCS = 24.4454 Ang^2
Total time: 1.62437 s
Program finished...
