*********************************************************
INPUT:: Simulation Parameters 
*********************************************************
target filename                  : 02_2akq_02_carga_11_min.xyz
number of probe                  : 10000
number of iterarions             : 10
number of tasks                  : 8
number of threads                : 24
seed number                      : 2104
gas buffer                       : He
Target Temperature (K)           : 298
timestep (fs)                    : 10
Skin cell size (Ang)             : 0.01
Equipotential                    : no
Cut short-range interaction      : yes
LJ cutoff (Ang)                  : 12
Apply long-range interaction     : yes
Cut long-range interaction       : yes
Coulomb cutoff (Ang)             : 25
Apply induced-dipole interaction : yes
alpha (Ang^3)                    : 0.204956
force_type: 4
*********************************************************
Force Field parameters: 
*********************************************************
Symbol  mass (amu)  epislon (kcal/mol)  sigma(Angstroms) 
C   12.011   0.0309   3.043
N   14.007   0.0309   3.043
H   1.008   0.015   2.38
O   15.999   0.0309   3.043
S   32.06   0.0311   3.5
*********************************************************
MOLECULE:: orientation around the inertia principal axis 
*********************************************************
Inertia matrix a.u. Ang^2: 
{  5.24303e+06  -1.06224e+06  1.42652e+06  }
{  -1.06224e+06  1.32585e+07  253536  }
{  1.42652e+06  253536  1.32575e+07  }
Rotation matrix applied to molecule: 
{  0.0969352  0.441178  0.892169  }
{  0.977054  0.128631  -0.169766  }
{  -0.189657  0.888153  -0.418586  }
Molecule radius: 39.7002 Ang 
orientation time of molecule target: 0.059654 s
target mass: 35368 amu
gas mass: 4.0026 amu
reduce mass: 4.00215 amu
charge state: 10.9992 e
*********************************************************
Geometric Ellipsoid: 
*********************************************************
maximal distances: 23.7041  21.0357  39.078  Ang
Initial axis length: 73.7141  71.0457  89.088  Ang
Ellipsoid axis length: 79.9541  77.2857  95.328  Ang
ellipsoid calculation time: 6.8903e-05 s
maximal impact parameter: 95.328 Ang
*********************************************************
Linked-cell: 
Numbers of cells: 2912
Nx: 14 Ny: 13 Nz: 16
Filled cells: 75
Empty cells: 2837
Average atoms per cell: 66.8
Maximum atoms per cell: 191
Minimum atoms per cell: 1
Simulation box: 
lx: 168.14 Ang
ly: 156.13 Ang
lz: 192.16 Ang
linked-cell calculation time: 0.00322294 s
time info: 0.000195026 s
*********************************************************
Trajectory calculations 
*********************************************************
out target time: 2.1348 s
Ntraj: 10000
Nfree: 2250
Nscatter: 7750
Nlost: 0
omega: 2806.02
Ntraj: 10000
Nfree: 2216
Nscatter: 7784
Nlost: 0
omega: 2929
Ntraj: 10000
Nfree: 2254
Nscatter: 7745
Nlost: 1
omega: 2762.1
Ntraj: 10000
Nfree: 2203
Nscatter: 7797
Nlost: 0
omega: 3274.14
Ntraj: 10000
Nfree: 2228
Nscatter: 7772
Nlost: 0
omega: 3220.53
Ntraj: 10000
Nfree: 2267
Nscatter: 7732
Nlost: 1
omega: 2997.69
Ntraj: 10000
Nfree: 2255
Nscatter: 7744
Nlost: 1
omega: 3094.55
Ntraj: 10000
Nfree: 2215
Nscatter: 7784
Nlost: 1
omega: 2982.82
Ntraj: 10000
Nfree: 2265
Nscatter: 7733
Nlost: 2
omega: 3125.89
Ntraj: 10000
Nfree: 2208
Nscatter: 7791
Nlost: 1
omega: 3249.34
*********************************************************
task: 0
worker id: 83274
time create lcl and mol: 0.000716925 s
numbers of trajectories: 12500
time trajectory calculation: 0.827575 s
task: 1
worker id: 91806
time create lcl and mol: 0.000972986 s
numbers of trajectories: 12500
time trajectory calculation: 1.15464 s
task: 2
worker id: 71495
time create lcl and mol: 0.000771046 s
numbers of trajectories: 12500
time trajectory calculation: 0.886999 s
task: 3
worker id: 31580
time create lcl and mol: 0.000709057 s
numbers of trajectories: 12500
time trajectory calculation: 2.08692 s
task: 4
worker id: 52401
time create lcl and mol: 0.000781059 s
numbers of trajectories: 12500
time trajectory calculation: 1.25349 s
task: 5
worker id: 87815
time create lcl and mol: 0.00075078 s
numbers of trajectories: 12500
time trajectory calculation: 1.45508 s
task: 6
worker id: 57861
time create lcl and mol: 0.000776052 s
numbers of trajectories: 12500
time trajectory calculation: 1.63913 s
task: 7
worker id: 77696
time create lcl and mol: 0.000770092 s
numbers of trajectories: 12500
time trajectory calculation: 1.59068 s
CCS time: 2.14253 s
*********************************************************
average value of CCS = 3044.21 Ang^2
error value of CCS = 53.9232 Ang^2
Total time: 2.21076 s
Program finished...
*********************************************************
INPUT:: Simulation Parameters 
*********************************************************
target filename                  : 02_2akq_02_carga_11_min.xyz
number of probe                  : 10000
number of iterarions             : 10
number of tasks                  : 8
number of threads                : 24
seed number                      : 2104
gas buffer                       : He
Target Temperature (K)           : 298
timestep (fs)                    : 10
Skin cell size (Ang)             : 0.01
Equipotential                    : no
Cut short-range interaction      : yes
LJ cutoff (Ang)                  : 12
Apply long-range interaction     : yes
Cut long-range interaction       : yes
Coulomb cutoff (Ang)             : 25
Apply induced-dipole interaction : yes
alpha (Ang^3)                    : 0.204956
force_type: 4
*********************************************************
Force Field parameters: 
*********************************************************
Symbol  mass (amu)  epislon (kcal/mol)  sigma(Angstroms) 
C   12.011   0.0309   3.043
N   14.007   0.0309   3.043
H   1.008   0.015   2.38
O   15.999   0.0309   3.043
S   32.06   0.0311   3.5
*********************************************************
MOLECULE:: orientation around the inertia principal axis 
*********************************************************
Inertia matrix a.u. Ang^2: 
{  5.24303e+06  -1.06224e+06  1.42652e+06  }
{  -1.06224e+06  1.32585e+07  253536  }
{  1.42652e+06  253536  1.32575e+07  }
Rotation matrix applied to molecule: 
{  0.0969352  0.441178  0.892169  }
{  0.977054  0.128631  -0.169766  }
{  -0.189657  0.888153  -0.418586  }
Molecule radius: 39.7002 Ang 
orientation time of molecule target: 0.00564289 s
target mass: 35368 amu
gas mass: 4.0026 amu
reduce mass: 4.00215 amu
charge state: 10.9992 e
*********************************************************
Geometric Ellipsoid: 
*********************************************************
maximal distances: 23.7041  21.0357  39.078  Ang
Initial axis length: 73.7141  71.0457  89.088  Ang
Ellipsoid axis length: 79.9541  77.2857  95.328  Ang
ellipsoid calculation time: 7.70092e-05 s
maximal impact parameter: 95.328 Ang
*********************************************************
Linked-cell: 
Numbers of cells: 2912
Nx: 14 Ny: 13 Nz: 16
Filled cells: 75
Empty cells: 2837
Average atoms per cell: 66.8
Maximum atoms per cell: 191
Minimum atoms per cell: 1
Simulation box: 
lx: 168.14 Ang
ly: 156.13 Ang
lz: 192.16 Ang
linked-cell calculation time: 0.00324798 s
time info: 0.000202894 s
*********************************************************
Trajectory calculations 
*********************************************************
out target time: 2.03496 s
Ntraj: 10000
Nfree: 2250
Nscatter: 7750
Nlost: 0
omega: 2806.02
Ntraj: 10000
Nfree: 2216
Nscatter: 7784
Nlost: 0
omega: 2929
Ntraj: 10000
Nfree: 2254
Nscatter: 7745
Nlost: 1
omega: 2762.1
Ntraj: 10000
Nfree: 2203
Nscatter: 7797
Nlost: 0
omega: 3274.14
Ntraj: 10000
Nfree: 2228
Nscatter: 7772
Nlost: 0
omega: 3220.53
Ntraj: 10000
Nfree: 2267
Nscatter: 7732
Nlost: 1
omega: 2997.69
Ntraj: 10000
Nfree: 2255
Nscatter: 7744
Nlost: 1
omega: 3094.55
Ntraj: 10000
Nfree: 2215
Nscatter: 7784
Nlost: 1
omega: 2982.82
Ntraj: 10000
Nfree: 2265
Nscatter: 7733
Nlost: 2
omega: 3125.89
Ntraj: 10000
Nfree: 2208
Nscatter: 7791
Nlost: 1
omega: 3249.34
*********************************************************
task: 0
worker id: 31975
time create lcl and mol: 0.000761032 s
numbers of trajectories: 12500
time trajectory calculation: 0.788606 s
task: 1
worker id: 78092
time create lcl and mol: 0.000735044 s
numbers of trajectories: 12500
time trajectory calculation: 1.09279 s
task: 2
worker id: 58268
time create lcl and mol: 0.000718832 s
numbers of trajectories: 12500
time trajectory calculation: 0.864623 s
task: 3
worker id: 52796
time create lcl and mol: 0.000720978 s
numbers of trajectories: 12500
time trajectory calculation: 1.96901 s
task: 4
worker id: 88208
time create lcl and mol: 0.00077796 s
numbers of trajectories: 12500
time trajectory calculation: 1.21119 s
task: 5
worker id: 83665
time create lcl and mol: 0.000799894 s
numbers of trajectories: 12500
time trajectory calculation: 1.38407 s
task: 6
worker id: 71891
time create lcl and mol: 0.000766993 s
numbers of trajectories: 12500
time trajectory calculation: 1.62787 s
task: 7
worker id: 92199
time create lcl and mol: 0.000744104 s
numbers of trajectories: 12500
time trajectory calculation: 1.55679 s
CCS time: 2.04271 s
*********************************************************
average value of CCS = 3044.21 Ang^2
error value of CCS = 53.9232 Ang^2
Total time: 2.0572 s
Program finished...
[1692152555.930879] [sdumont6071:58455:0]       tag_match.c:62   UCX  WARN  unexpected tag-receive descriptor 0x2b4ee0014100 was not matched
[1692152555.918574] [sdumont6081:71891:0]       tag_match.c:62   UCX  WARN  unexpected tag-receive descriptor 0x562a75637cc0 was not matched
[1692152555.904789] [sdumont6076:58268:0]       tag_match.c:62   UCX  WARN  unexpected tag-receive descriptor 0x55fced5fce00 was not matched
[1692152555.895388] [sdumont6258:92199:0]       tag_match.c:62   UCX  WARN  unexpected tag-receive descriptor 0x557375f48b00 was not matched
[1692152555.905638] [sdumont6199:31975:0]       tag_match.c:62   UCX  WARN  unexpected tag-receive descriptor 0x55807f0d4c40 was not matched
*********************************************************
INPUT:: Simulation Parameters 
*********************************************************
target filename                  : 02_2akq_02_carga_11_min.xyz
number of probe                  : 10000
number of iterarions             : 10
number of tasks                  : 8
number of threads                : 24
seed number                      : 2104
gas buffer                       : He
Target Temperature (K)           : 298
timestep (fs)                    : 10
Skin cell size (Ang)             : 0.01
Equipotential                    : no
Cut short-range interaction      : yes
LJ cutoff (Ang)                  : 12
Apply long-range interaction     : yes
Cut long-range interaction       : yes
Coulomb cutoff (Ang)             : 25
Apply induced-dipole interaction : yes
alpha (Ang^3)                    : 0.204956
force_type: 4
*********************************************************
Force Field parameters: 
*********************************************************
Symbol  mass (amu)  epislon (kcal/mol)  sigma(Angstroms) 
C   12.011   0.0309   3.043
N   14.007   0.0309   3.043
H   1.008   0.015   2.38
O   15.999   0.0309   3.043
S   32.06   0.0311   3.5
*********************************************************
MOLECULE:: orientation around the inertia principal axis 
*********************************************************
Inertia matrix a.u. Ang^2: 
{  5.24303e+06  -1.06224e+06  1.42652e+06  }
{  -1.06224e+06  1.32585e+07  253536  }
{  1.42652e+06  253536  1.32575e+07  }
Rotation matrix applied to molecule: 
{  0.0969352  0.441178  0.892169  }
{  0.977054  0.128631  -0.169766  }
{  -0.189657  0.888153  -0.418586  }
Molecule radius: 39.7002 Ang 
orientation time of molecule target: 0.00571394 s
target mass: 35368 amu
gas mass: 4.0026 amu
reduce mass: 4.00215 amu
charge state: 10.9992 e
*********************************************************
Geometric Ellipsoid: 
*********************************************************
maximal distances: 23.7041  21.0357  39.078  Ang
Initial axis length: 73.7141  71.0457  89.088  Ang
Ellipsoid axis length: 79.9541  77.2857  95.328  Ang
ellipsoid calculation time: 6.38962e-05 s
maximal impact parameter: 95.328 Ang
*********************************************************
Linked-cell: 
Numbers of cells: 2912
Nx: 14 Ny: 13 Nz: 16
Filled cells: 75
Empty cells: 2837
Average atoms per cell: 66.8
Maximum atoms per cell: 191
Minimum atoms per cell: 1
Simulation box: 
lx: 168.14 Ang
ly: 156.13 Ang
lz: 192.16 Ang
linked-cell calculation time: 0.003232 s
time info: 0.000189066 s
*********************************************************
Trajectory calculations 
*********************************************************
out target time: 2.05538 s
Ntraj: 10000
Nfree: 2250
Nscatter: 7750
Nlost: 0
omega: 2806.02
Ntraj: 10000
Nfree: 2216
Nscatter: 7784
Nlost: 0
omega: 2929
Ntraj: 10000
Nfree: 2254
Nscatter: 7745
Nlost: 1
omega: 2762.1
Ntraj: 10000
Nfree: 2203
Nscatter: 7797
Nlost: 0
omega: 3274.14
Ntraj: 10000
Nfree: 2228
Nscatter: 7772
Nlost: 0
omega: 3220.53
Ntraj: 10000
Nfree: 2267
Nscatter: 7732
Nlost: 1
omega: 2997.69
Ntraj: 10000
Nfree: 2255
Nscatter: 7744
Nlost: 1
omega: 3094.55
Ntraj: 10000
Nfree: 2215
Nscatter: 7784
Nlost: 1
omega: 2982.82
Ntraj: 10000
Nfree: 2265
Nscatter: 7733
Nlost: 2
omega: 3125.89
Ntraj: 10000
Nfree: 2208
Nscatter: 7791
Nlost: 1
omega: 3249.34
*********************************************************
task: 0
worker id: 52882
time create lcl and mol: 0.000743151 s
numbers of trajectories: 12500
time trajectory calculation: 0.810327 s
task: 1
worker id: 88299
time create lcl and mol: 0.000778913 s
numbers of trajectories: 12500
time trajectory calculation: 1.20233 s
task: 2
worker id: 32063
time create lcl and mol: 0.000755072 s
numbers of trajectories: 12500
time trajectory calculation: 0.863913 s
task: 3
worker id: 71981
time create lcl and mol: 0.000735044 s
numbers of trajectories: 12500
time trajectory calculation: 2.01625 s
task: 4
worker id: 58370
time create lcl and mol: 0.000725031 s
numbers of trajectories: 12500
time trajectory calculation: 1.24213 s
task: 5
worker id: 83751
time create lcl and mol: 0.000733852 s
numbers of trajectories: 12500
time trajectory calculation: 1.38537 s
task: 6
worker id: 92286
time create lcl and mol: 0.000751972 s
numbers of trajectories: 12500
time trajectory calculation: 1.55055 s
task: 7
worker id: 78181
time create lcl and mol: 0.000755072 s
numbers of trajectories: 12500
time trajectory calculation: 1.54285 s
CCS time: 2.06305 s
*********************************************************
average value of CCS = 3044.21 Ang^2
error value of CCS = 53.9232 Ang^2
Total time: 2.0775 s
Program finished...
[1692152558.969833] [sdumont6077:88299:0]       tag_match.c:62   UCX  WARN  unexpected tag-receive descriptor 0x555d276d5cc0 was not matched
[1692152558.951741] [sdumont6258:92286:0]       tag_match.c:62   UCX  WARN  unexpected tag-receive descriptor 0x55e4cd43ae80 was not matched
[1692152558.960927] [sdumont6200:52882:0]       tag_match.c:62   UCX  WARN  unexpected tag-receive descriptor 0x557bcd2e4f00 was not matched
[1692152558.976238] [sdumont6081:71981:0]       tag_match.c:62   UCX  WARN  unexpected tag-receive descriptor 0x5572e379ec00 was not matched
*********************************************************
INPUT:: Simulation Parameters 
*********************************************************
target filename                  : 02_2akq_02_carga_11_min.xyz
number of probe                  : 10000
number of iterarions             : 10
number of tasks                  : 8
number of threads                : 24
seed number                      : 2104
gas buffer                       : He
Target Temperature (K)           : 298
timestep (fs)                    : 10
Skin cell size (Ang)             : 0.01
Equipotential                    : no
Cut short-range interaction      : yes
LJ cutoff (Ang)                  : 12
Apply long-range interaction     : yes
Cut long-range interaction       : yes
Coulomb cutoff (Ang)             : 25
Apply induced-dipole interaction : yes
alpha (Ang^3)                    : 0.204956
force_type: 4
*********************************************************
Force Field parameters: 
*********************************************************
Symbol  mass (amu)  epislon (kcal/mol)  sigma(Angstroms) 
C   12.011   0.0309   3.043
N   14.007   0.0309   3.043
H   1.008   0.015   2.38
O   15.999   0.0309   3.043
S   32.06   0.0311   3.5
*********************************************************
MOLECULE:: orientation around the inertia principal axis 
*********************************************************
Inertia matrix a.u. Ang^2: 
{  5.24303e+06  -1.06224e+06  1.42652e+06  }
{  -1.06224e+06  1.32585e+07  253536  }
{  1.42652e+06  253536  1.32575e+07  }
Rotation matrix applied to molecule: 
{  0.0969352  0.441178  0.892169  }
{  0.977054  0.128631  -0.169766  }
{  -0.189657  0.888153  -0.418586  }
Molecule radius: 39.7002 Ang 
orientation time of molecule target: 0.00559592 s
target mass: 35368 amu
gas mass: 4.0026 amu
reduce mass: 4.00215 amu
charge state: 10.9992 e
*********************************************************
Geometric Ellipsoid: 
*********************************************************
maximal distances: 23.7041  21.0357  39.078  Ang
Initial axis length: 73.7141  71.0457  89.088  Ang
Ellipsoid axis length: 79.9541  77.2857  95.328  Ang
ellipsoid calculation time: 6.8903e-05 s
maximal impact parameter: 95.328 Ang
*********************************************************
Linked-cell: 
Numbers of cells: 2912
Nx: 14 Ny: 13 Nz: 16
Filled cells: 75
Empty cells: 2837
Average atoms per cell: 66.8
Maximum atoms per cell: 191
Minimum atoms per cell: 1
Simulation box: 
lx: 168.14 Ang
ly: 156.13 Ang
lz: 192.16 Ang
linked-cell calculation time: 0.0032289 s
time info: 0.000207901 s
*********************************************************
Trajectory calculations 
*********************************************************
out target time: 2.14451 s
Ntraj: 10000
Nfree: 2250
Nscatter: 7750
Nlost: 0
omega: 2806.02
Ntraj: 10000
Nfree: 2216
Nscatter: 7784
Nlost: 0
omega: 2929
Ntraj: 10000
Nfree: 2254
Nscatter: 7745
Nlost: 1
omega: 2762.1
Ntraj: 10000
Nfree: 2203
Nscatter: 7797
Nlost: 0
omega: 3274.14
Ntraj: 10000
Nfree: 2228
Nscatter: 7772
Nlost: 0
omega: 3220.53
Ntraj: 10000
Nfree: 2267
Nscatter: 7732
Nlost: 1
omega: 2997.69
Ntraj: 10000
Nfree: 2255
Nscatter: 7744
Nlost: 1
omega: 3094.55
Ntraj: 10000
Nfree: 2215
Nscatter: 7784
Nlost: 1
omega: 2982.82
Ntraj: 10000
Nfree: 2265
Nscatter: 7733
Nlost: 2
omega: 3125.89
Ntraj: 10000
Nfree: 2208
Nscatter: 7791
Nlost: 1
omega: 3249.34
*********************************************************
task: 0
worker id: 78270
time create lcl and mol: 0.000705004 s
numbers of trajectories: 12500
time trajectory calculation: 0.838165 s
task: 1
worker id: 88387
time create lcl and mol: 0.000835896 s
numbers of trajectories: 12500
time trajectory calculation: 1.18874 s
task: 2
worker id: 52971
time create lcl and mol: 0.000766993 s
numbers of trajectories: 12500
time trajectory calculation: 0.881906 s
task: 3
worker id: 32150
time create lcl and mol: 0.000721931 s
numbers of trajectories: 12500
time trajectory calculation: 2.10316 s
task: 4
worker id: 83836
time create lcl and mol: 0.00103402 s
numbers of trajectories: 12500
time trajectory calculation: 1.28674 s
task: 5
worker id: 92374
time create lcl and mol: 0.00078392 s
numbers of trajectories: 12500
time trajectory calculation: 1.40517 s
task: 6
worker id: 58474
time create lcl and mol: 0.000760078 s
numbers of trajectories: 12500
time trajectory calculation: 1.63759 s
task: 7
worker id: 72070
time create lcl and mol: 0.000774145 s
numbers of trajectories: 12500
time trajectory calculation: 1.52206 s
CCS time: 2.15221 s
*********************************************************
average value of CCS = 3044.21 Ang^2
error value of CCS = 53.9232 Ang^2
Total time: 2.16588 s
Program finished...
*********************************************************
INPUT:: Simulation Parameters 
*********************************************************
target filename                  : 02_2akq_02_carga_11_min.xyz
number of probe                  : 10000
number of iterarions             : 10
number of tasks                  : 8
number of threads                : 24
seed number                      : 2104
gas buffer                       : He
Target Temperature (K)           : 298
timestep (fs)                    : 10
Skin cell size (Ang)             : 0.01
Equipotential                    : no
Cut short-range interaction      : yes
LJ cutoff (Ang)                  : 12
Apply long-range interaction     : yes
Cut long-range interaction       : yes
Coulomb cutoff (Ang)             : 25
Apply induced-dipole interaction : yes
alpha (Ang^3)                    : 0.204956
force_type: 4
*********************************************************
Force Field parameters: 
*********************************************************
Symbol  mass (amu)  epislon (kcal/mol)  sigma(Angstroms) 
C   12.011   0.0309   3.043
N   14.007   0.0309   3.043
H   1.008   0.015   2.38
O   15.999   0.0309   3.043
S   32.06   0.0311   3.5
*********************************************************
MOLECULE:: orientation around the inertia principal axis 
*********************************************************
Inertia matrix a.u. Ang^2: 
{  5.24303e+06  -1.06224e+06  1.42652e+06  }
{  -1.06224e+06  1.32585e+07  253536  }
{  1.42652e+06  253536  1.32575e+07  }
Rotation matrix applied to molecule: 
{  0.0969352  0.441178  0.892169  }
{  0.977054  0.128631  -0.169766  }
{  -0.189657  0.888153  -0.418586  }
Molecule radius: 39.7002 Ang 
orientation time of molecule target: 0.00568485 s
target mass: 35368 amu
gas mass: 4.0026 amu
reduce mass: 4.00215 amu
charge state: 10.9992 e
*********************************************************
Geometric Ellipsoid: 
*********************************************************
maximal distances: 23.7041  21.0357  39.078  Ang
Initial axis length: 73.7141  71.0457  89.088  Ang
Ellipsoid axis length: 79.9541  77.2857  95.328  Ang
ellipsoid calculation time: 7.00951e-05 s
maximal impact parameter: 95.328 Ang
*********************************************************
Linked-cell: 
Numbers of cells: 2912
Nx: 14 Ny: 13 Nz: 16
Filled cells: 75
Empty cells: 2837
Average atoms per cell: 66.8
Maximum atoms per cell: 191
Minimum atoms per cell: 1
Simulation box: 
lx: 168.14 Ang
ly: 156.13 Ang
lz: 192.16 Ang
linked-cell calculation time: 0.00323391 s
time info: 0.000193119 s
*********************************************************
Trajectory calculations 
*********************************************************
out target time: 2.06402 s
Ntraj: 10000
Nfree: 2250
Nscatter: 7750
Nlost: 0
omega: 2806.02
Ntraj: 10000
Nfree: 2216
Nscatter: 7784
Nlost: 0
omega: 2929
Ntraj: 10000
Nfree: 2254
Nscatter: 7745
Nlost: 1
omega: 2762.1
Ntraj: 10000
Nfree: 2203
Nscatter: 7797
Nlost: 0
omega: 3274.14
Ntraj: 10000
Nfree: 2228
Nscatter: 7772
Nlost: 0
omega: 3220.53
Ntraj: 10000
Nfree: 2267
Nscatter: 7732
Nlost: 1
omega: 2997.69
Ntraj: 10000
Nfree: 2255
Nscatter: 7744
Nlost: 1
omega: 3094.55
Ntraj: 10000
Nfree: 2215
Nscatter: 7784
Nlost: 1
omega: 2982.82
Ntraj: 10000
Nfree: 2265
Nscatter: 7733
Nlost: 2
omega: 3125.89
Ntraj: 10000
Nfree: 2208
Nscatter: 7791
Nlost: 1
omega: 3249.34
*********************************************************
task: 0
worker id: 58881
time create lcl and mol: 0.000761986 s
numbers of trajectories: 12500
time trajectory calculation: 0.791701 s
task: 1
worker id: 92771
time create lcl and mol: 0.000803947 s
numbers of trajectories: 12500
time trajectory calculation: 1.15039 s
task: 2
worker id: 88780
time create lcl and mol: 0.000715017 s
numbers of trajectories: 12500
time trajectory calculation: 0.842322 s
task: 3
worker id: 53362
time create lcl and mol: 0.000759125 s
numbers of trajectories: 12500
time trajectory calculation: 2.00028 s
task: 4
worker id: 84230
time create lcl and mol: 0.000752926 s
numbers of trajectories: 12500
time trajectory calculation: 1.14968 s
task: 5
worker id: 72461
time create lcl and mol: 0.000876904 s
numbers of trajectories: 12500
time trajectory calculation: 1.38587 s
task: 6
worker id: 32545
time create lcl and mol: 0.000999928 s
numbers of trajectories: 12500
time trajectory calculation: 1.61902 s
task: 7
worker id: 78665
time create lcl and mol: 0.000774145 s
numbers of trajectories: 12500
time trajectory calculation: 1.52542 s
CCS time: 2.07182 s
*********************************************************
average value of CCS = 3044.21 Ang^2
error value of CCS = 53.9232 Ang^2
Total time: 2.086 s
Program finished...
[1692152565.593481] [sdumont6076:58881:0]       tag_match.c:62   UCX  WARN  unexpected tag-receive descriptor 0x560f776d8b00 was not matched
[1692152565.593747] [sdumont6199:32545:0]       tag_match.c:62   UCX  WARN  unexpected tag-receive descriptor 0x55a7f79bcc40 was not matched
[1692152565.595082] [sdumont6260:78665:0]       tag_match.c:62   UCX  WARN  unexpected tag-receive descriptor 0x560869a5fac0 was not matched
[1692152565.621493] [sdumont6071:59227:0]       tag_match.c:62   UCX  WARN  unexpected tag-receive descriptor 0x2b6314012b00 was not matched
