*********************************************************
INPUT:: Simulation Parameters 
*********************************************************
target filename                  : 7w17.xyz
number of probe                  : 10000
number of iterarions             : 10
number of tasks                  : 4
number of threads                : 24
seed number                      : 2104
gas buffer                       : He
Target Temperature (K)           : 298
timestep (fs)                    : 10
Skin cell size (Ang)             : 0.01
Equipotential                    : no
Cut short-range interaction      : yes
LJ cutoff (Ang)                  : 12
Apply long-range interaction     : yes
Cut long-range interaction       : yes
Coulomb cutoff (Ang)             : 25
Apply induced-dipole interaction : yes
alpha (Ang^3)                    : 0.204956
force_type: 4
*********************************************************
Force Field parameters: 
*********************************************************
Symbol  mass (amu)  epislon (kcal/mol)  sigma(Angstroms) 
C   12.011   0.0309   3.043
N   14.007   0.0309   3.043
H   1.008   0.015   2.38
O   15.999   0.0309   3.043
S   32.06   0.0311   3.5
*********************************************************
MOLECULE:: orientation around the inertia principal axis 
*********************************************************
Inertia matrix a.u. Ang^2: 
{  6.63676e+10  1377.42  -497.502  }
{  1377.42  6.63676e+10  1063.62  }
{  -497.502  1063.62  6.63676e+10  }
Rotation matrix applied to molecule: 
{  0.999999  0.00114971  -0.000416152  }
{  -0.00230802  0.999996  -0.00177314  }
{  0.000414111  0.0017741  0.999998  }
Molecule radius: 171.043 Ang 
orientation time of molecule target: 3.12366 s
target mass: 5.43303e+06 amu
gas mass: 4.0026 amu
reduce mass: 4.0026 amu
charge state: -300 e
*********************************************************
Geometric Ellipsoid: 
*********************************************************
maximal distances: 162.188  160.956  171.043  Ang
Initial axis length: 212.198  210.966  221.053  Ang
Ellipsoid axis length: 220.658  219.426  229.513  Ang
ellipsoid calculation time: 0.00465012 s
maximal impact parameter: 229.513 Ang
*********************************************************
Linked-cell: 
Numbers of cells: 53391
Nx: 37 Ny: 37 Nz: 39
Filled cells: 7300
Empty cells: 46091
Average atoms per cell: 102.986
Maximum atoms per cell: 200
Minimum atoms per cell: 1
Simulation box: 
lx: 444.37 Ang
ly: 444.37 Ang
lz: 468.39 Ang
linked-cell calculation time: 0.134384 s
time info: 0.0180118 s
*********************************************************
Trajectory calculations 
*********************************************************
out target time: 19.1454 s
Ntraj: 10000
Nfree: 570
Nscatter: 9430
Nlost: 0
omega: 113530
Ntraj: 10000
Nfree: 539
Nscatter: 9461
Nlost: 0
omega: 116361
Ntraj: 10000
Nfree: 553
Nscatter: 9447
Nlost: 0
omega: 114100
Ntraj: 10000
Nfree: 514
Nscatter: 9486
Nlost: 0
omega: 114968
Ntraj: 10000
Nfree: 551
Nscatter: 9449
Nlost: 0
omega: 115932
Ntraj: 10000
Nfree: 554
Nscatter: 9446
Nlost: 0
omega: 115280
Ntraj: 10000
Nfree: 516
Nscatter: 9484
Nlost: 0
omega: 114190
Ntraj: 10000
Nfree: 557
Nscatter: 9442
Nlost: 1
omega: 112140
Ntraj: 10000
Nfree: 555
Nscatter: 9445
Nlost: 0
omega: 114751
Ntraj: 10000
Nfree: 545
Nscatter: 9455
Nlost: 0
omega: 115752
*********************************************************
task: 0
worker id: 1000
time create lcl and mol: 0.02687 s
numbers of trajectories: 25000
time trajectory calculation: 15.5645 s
task: 1
worker id: 73669
time create lcl and mol: 0.0261929 s
numbers of trajectories: 25000
time trajectory calculation: 15.4392 s
task: 2
worker id: 59811
time create lcl and mol: 0.0268328 s
numbers of trajectories: 25000
time trajectory calculation: 19.065 s
task: 3
worker id: 25299
time create lcl and mol: 0.026891 s
numbers of trajectories: 25000
time trajectory calculation: 15.8612 s
CCS time: 19.1712 s
*********************************************************
average value of CCS = 114700 Ang^2
error value of CCS = 378.637 Ang^2
Total time: 22.4392 s
Program finished...
*********************************************************
INPUT:: Simulation Parameters 
*********************************************************
target filename                  : 7w17.xyz
number of probe                  : 10000
number of iterarions             : 10
number of tasks                  : 4
number of threads                : 24
seed number                      : 2104
gas buffer                       : He
Target Temperature (K)           : 298
timestep (fs)                    : 10
Skin cell size (Ang)             : 0.01
Equipotential                    : no
Cut short-range interaction      : yes
LJ cutoff (Ang)                  : 12
Apply long-range interaction     : yes
Cut long-range interaction       : yes
Coulomb cutoff (Ang)             : 25
Apply induced-dipole interaction : yes
alpha (Ang^3)                    : 0.204956
force_type: 4
*********************************************************
Force Field parameters: 
*********************************************************
Symbol  mass (amu)  epislon (kcal/mol)  sigma(Angstroms) 
C   12.011   0.0309   3.043
N   14.007   0.0309   3.043
H   1.008   0.015   2.38
O   15.999   0.0309   3.043
S   32.06   0.0311   3.5
*********************************************************
MOLECULE:: orientation around the inertia principal axis 
*********************************************************
Inertia matrix a.u. Ang^2: 
{  6.63676e+10  1377.42  -497.502  }
{  1377.42  6.63676e+10  1063.62  }
{  -497.502  1063.62  6.63676e+10  }
Rotation matrix applied to molecule: 
{  0.999999  0.00114971  -0.000416152  }
{  -0.00230802  0.999996  -0.00177314  }
{  0.000414111  0.0017741  0.999998  }
Molecule radius: 171.043 Ang 
orientation time of molecule target: 0.801775 s
target mass: 5.43303e+06 amu
gas mass: 4.0026 amu
reduce mass: 4.0026 amu
charge state: -300 e
*********************************************************
Geometric Ellipsoid: 
*********************************************************
maximal distances: 162.188  160.956  171.043  Ang
Initial axis length: 212.198  210.966  221.053  Ang
Ellipsoid axis length: 220.658  219.426  229.513  Ang
ellipsoid calculation time: 0.00467396 s
maximal impact parameter: 229.513 Ang
*********************************************************
Linked-cell: 
Numbers of cells: 53391
Nx: 37 Ny: 37 Nz: 39
Filled cells: 7300
Empty cells: 46091
Average atoms per cell: 102.986
Maximum atoms per cell: 200
Minimum atoms per cell: 1
Simulation box: 
lx: 444.37 Ang
ly: 444.37 Ang
lz: 468.39 Ang
linked-cell calculation time: 0.134664 s
time info: 0.0173209 s
*********************************************************
Trajectory calculations 
*********************************************************
out target time: 19.1891 s
Ntraj: 10000
Nfree: 570
Nscatter: 9430
Nlost: 0
omega: 113530
Ntraj: 10000
Nfree: 539
Nscatter: 9461
Nlost: 0
omega: 116361
Ntraj: 10000
Nfree: 553
Nscatter: 9447
Nlost: 0
omega: 114100
Ntraj: 10000
Nfree: 514
Nscatter: 9486
Nlost: 0
omega: 114968
Ntraj: 10000
Nfree: 551
Nscatter: 9449
Nlost: 0
omega: 115932
Ntraj: 10000
Nfree: 554
Nscatter: 9446
Nlost: 0
omega: 115280
Ntraj: 10000
Nfree: 516
Nscatter: 9484
Nlost: 0
omega: 114190
Ntraj: 10000
Nfree: 557
Nscatter: 9442
Nlost: 1
omega: 112140
Ntraj: 10000
Nfree: 555
Nscatter: 9445
Nlost: 0
omega: 114751
Ntraj: 10000
Nfree: 545
Nscatter: 9455
Nlost: 0
omega: 115752
*********************************************************
task: 0
worker id: 26321
time create lcl and mol: 0.0255871 s
numbers of trajectories: 25000
time trajectory calculation: 15.1149 s
task: 1
worker id: 60837
time create lcl and mol: 0.0255759 s
numbers of trajectories: 25000
time trajectory calculation: 15.4014 s
task: 2
worker id: 74687
time create lcl and mol: 0.0253711 s
numbers of trajectories: 25000
time trajectory calculation: 19.1048 s
task: 3
worker id: 2050
time create lcl and mol: 0.0251 s
numbers of trajectories: 25000
time trajectory calculation: 15.8103 s
CCS time: 19.214 s
*********************************************************
average value of CCS = 114700 Ang^2
error value of CCS = 378.637 Ang^2
Total time: 20.1603 s
Program finished...
*********************************************************
INPUT:: Simulation Parameters 
*********************************************************
target filename                  : 7w17.xyz
number of probe                  : 10000
number of iterarions             : 10
number of tasks                  : 4
number of threads                : 24
seed number                      : 2104
gas buffer                       : He
Target Temperature (K)           : 298
timestep (fs)                    : 10
Skin cell size (Ang)             : 0.01
Equipotential                    : no
Cut short-range interaction      : yes
LJ cutoff (Ang)                  : 12
Apply long-range interaction     : yes
Cut long-range interaction       : yes
Coulomb cutoff (Ang)             : 25
Apply induced-dipole interaction : yes
alpha (Ang^3)                    : 0.204956
force_type: 4
*********************************************************
Force Field parameters: 
*********************************************************
Symbol  mass (amu)  epislon (kcal/mol)  sigma(Angstroms) 
C   12.011   0.0309   3.043
N   14.007   0.0309   3.043
H   1.008   0.015   2.38
O   15.999   0.0309   3.043
S   32.06   0.0311   3.5
*********************************************************
MOLECULE:: orientation around the inertia principal axis 
*********************************************************
Inertia matrix a.u. Ang^2: 
{  6.63676e+10  1377.42  -497.502  }
{  1377.42  6.63676e+10  1063.62  }
{  -497.502  1063.62  6.63676e+10  }
Rotation matrix applied to molecule: 
{  0.999999  0.00114971  -0.000416152  }
{  -0.00230802  0.999996  -0.00177314  }
{  0.000414111  0.0017741  0.999998  }
Molecule radius: 171.043 Ang 
orientation time of molecule target: 0.802323 s
target mass: 5.43303e+06 amu
gas mass: 4.0026 amu
reduce mass: 4.0026 amu
charge state: -300 e
*********************************************************
Geometric Ellipsoid: 
*********************************************************
maximal distances: 162.188  160.956  171.043  Ang
Initial axis length: 212.198  210.966  221.053  Ang
Ellipsoid axis length: 220.658  219.426  229.513  Ang
ellipsoid calculation time: 0.0045929 s
maximal impact parameter: 229.513 Ang
*********************************************************
Linked-cell: 
Numbers of cells: 53391
Nx: 37 Ny: 37 Nz: 39
Filled cells: 7300
Empty cells: 46091
Average atoms per cell: 102.986
Maximum atoms per cell: 200
Minimum atoms per cell: 1
Simulation box: 
lx: 444.37 Ang
ly: 444.37 Ang
lz: 468.39 Ang
linked-cell calculation time: 0.13409 s
time info: 0.0173702 s
*********************************************************
Trajectory calculations 
*********************************************************
out target time: 18.4697 s
Ntraj: 10000
Nfree: 570
Nscatter: 9430
Nlost: 0
omega: 113530
Ntraj: 10000
Nfree: 539
Nscatter: 9461
Nlost: 0
omega: 116361
Ntraj: 10000
Nfree: 553
Nscatter: 9447
Nlost: 0
omega: 114100
Ntraj: 10000
Nfree: 514
Nscatter: 9486
Nlost: 0
omega: 114968
Ntraj: 10000
Nfree: 551
Nscatter: 9449
Nlost: 0
omega: 115932
Ntraj: 10000
Nfree: 554
Nscatter: 9446
Nlost: 0
omega: 115280
Ntraj: 10000
Nfree: 516
Nscatter: 9484
Nlost: 0
omega: 114190
Ntraj: 10000
Nfree: 557
Nscatter: 9442
Nlost: 1
omega: 112140
Ntraj: 10000
Nfree: 555
Nscatter: 9445
Nlost: 0
omega: 114751
Ntraj: 10000
Nfree: 545
Nscatter: 9455
Nlost: 0
omega: 115752
*********************************************************
task: 0
worker id: 61574
time create lcl and mol: 0.025497 s
numbers of trajectories: 25000
time trajectory calculation: 15.4388 s
task: 1
worker id: 75418
time create lcl and mol: 0.025373 s
numbers of trajectories: 25000
time trajectory calculation: 15.4898 s
task: 2
worker id: 2950
time create lcl and mol: 0.0255001 s
numbers of trajectories: 25000
time trajectory calculation: 18.3952 s
task: 3
worker id: 27058
time create lcl and mol: 0.0254571 s
numbers of trajectories: 25000
time trajectory calculation: 15.9429 s
CCS time: 18.4946 s
*********************************************************
average value of CCS = 114700 Ang^2
error value of CCS = 378.637 Ang^2
Total time: 19.4409 s
Program finished...
*********************************************************
INPUT:: Simulation Parameters 
*********************************************************
target filename                  : 7w17.xyz
number of probe                  : 10000
number of iterarions             : 10
number of tasks                  : 4
number of threads                : 24
seed number                      : 2104
gas buffer                       : He
Target Temperature (K)           : 298
timestep (fs)                    : 10
Skin cell size (Ang)             : 0.01
Equipotential                    : no
Cut short-range interaction      : yes
LJ cutoff (Ang)                  : 12
Apply long-range interaction     : yes
Cut long-range interaction       : yes
Coulomb cutoff (Ang)             : 25
Apply induced-dipole interaction : yes
alpha (Ang^3)                    : 0.204956
force_type: 4
*********************************************************
Force Field parameters: 
*********************************************************
Symbol  mass (amu)  epislon (kcal/mol)  sigma(Angstroms) 
C   12.011   0.0309   3.043
N   14.007   0.0309   3.043
H   1.008   0.015   2.38
O   15.999   0.0309   3.043
S   32.06   0.0311   3.5
*********************************************************
MOLECULE:: orientation around the inertia principal axis 
*********************************************************
Inertia matrix a.u. Ang^2: 
{  6.63676e+10  1377.42  -497.502  }
{  1377.42  6.63676e+10  1063.62  }
{  -497.502  1063.62  6.63676e+10  }
Rotation matrix applied to molecule: 
{  0.999999  0.00114971  -0.000416152  }
{  -0.00230802  0.999996  -0.00177314  }
{  0.000414111  0.0017741  0.999998  }
Molecule radius: 171.043 Ang 
orientation time of molecule target: 0.80287 s
target mass: 5.43303e+06 amu
gas mass: 4.0026 amu
reduce mass: 4.0026 amu
charge state: -300 e
*********************************************************
Geometric Ellipsoid: 
*********************************************************
maximal distances: 162.188  160.956  171.043  Ang
Initial axis length: 212.198  210.966  221.053  Ang
Ellipsoid axis length: 220.658  219.426  229.513  Ang
ellipsoid calculation time: 0.00465417 s
maximal impact parameter: 229.513 Ang
*********************************************************
Linked-cell: 
Numbers of cells: 53391
Nx: 37 Ny: 37 Nz: 39
Filled cells: 7300
Empty cells: 46091
Average atoms per cell: 102.986
Maximum atoms per cell: 200
Minimum atoms per cell: 1
Simulation box: 
lx: 444.37 Ang
ly: 444.37 Ang
lz: 468.39 Ang
linked-cell calculation time: 0.132966 s
time info: 0.0182531 s
*********************************************************
Trajectory calculations 
*********************************************************
out target time: 19.3472 s
Ntraj: 10000
Nfree: 570
Nscatter: 9430
Nlost: 0
omega: 113530
Ntraj: 10000
Nfree: 539
Nscatter: 9461
Nlost: 0
omega: 116361
Ntraj: 10000
Nfree: 553
Nscatter: 9447
Nlost: 0
omega: 114100
Ntraj: 10000
Nfree: 514
Nscatter: 9486
Nlost: 0
omega: 114968
Ntraj: 10000
Nfree: 551
Nscatter: 9449
Nlost: 0
omega: 115932
Ntraj: 10000
Nfree: 554
Nscatter: 9446
Nlost: 0
omega: 115280
Ntraj: 10000
Nfree: 516
Nscatter: 9484
Nlost: 0
omega: 114190
Ntraj: 10000
Nfree: 557
Nscatter: 9442
Nlost: 1
omega: 112140
Ntraj: 10000
Nfree: 555
Nscatter: 9445
Nlost: 0
omega: 114751
Ntraj: 10000
Nfree: 545
Nscatter: 9455
Nlost: 0
omega: 115752
*********************************************************
task: 0
worker id: 76133
time create lcl and mol: 0.025501 s
numbers of trajectories: 25000
time trajectory calculation: 15.5724 s
task: 1
worker id: 27773
time create lcl and mol: 0.0299249 s
numbers of trajectories: 25000
time trajectory calculation: 15.5356 s
task: 2
worker id: 62287
time create lcl and mol: 0.025244 s
numbers of trajectories: 25000
time trajectory calculation: 19.2701 s
task: 3
worker id: 3664
time create lcl and mol: 0.025773 s
numbers of trajectories: 25000
time trajectory calculation: 15.8772 s
CCS time: 19.373 s
*********************************************************
average value of CCS = 114700 Ang^2
error value of CCS = 378.637 Ang^2
Total time: 20.3185 s
Program finished...
*********************************************************
INPUT:: Simulation Parameters 
*********************************************************
target filename                  : 7w17.xyz
number of probe                  : 10000
number of iterarions             : 10
number of tasks                  : 4
number of threads                : 24
seed number                      : 2104
gas buffer                       : He
Target Temperature (K)           : 298
timestep (fs)                    : 10
Skin cell size (Ang)             : 0.01
Equipotential                    : no
Cut short-range interaction      : yes
LJ cutoff (Ang)                  : 12
Apply long-range interaction     : yes
Cut long-range interaction       : yes
Coulomb cutoff (Ang)             : 25
Apply induced-dipole interaction : yes
alpha (Ang^3)                    : 0.204956
force_type: 4
*********************************************************
Force Field parameters: 
*********************************************************
Symbol  mass (amu)  epislon (kcal/mol)  sigma(Angstroms) 
C   12.011   0.0309   3.043
N   14.007   0.0309   3.043
H   1.008   0.015   2.38
O   15.999   0.0309   3.043
S   32.06   0.0311   3.5
*********************************************************
MOLECULE:: orientation around the inertia principal axis 
*********************************************************
Inertia matrix a.u. Ang^2: 
{  6.63676e+10  1377.42  -497.502  }
{  1377.42  6.63676e+10  1063.62  }
{  -497.502  1063.62  6.63676e+10  }
Rotation matrix applied to molecule: 
{  0.999999  0.00114971  -0.000416152  }
{  -0.00230802  0.999996  -0.00177314  }
{  0.000414111  0.0017741  0.999998  }
Molecule radius: 171.043 Ang 
orientation time of molecule target: 0.798858 s
target mass: 5.43303e+06 amu
gas mass: 4.0026 amu
reduce mass: 4.0026 amu
charge state: -300 e
*********************************************************
Geometric Ellipsoid: 
*********************************************************
maximal distances: 162.188  160.956  171.043  Ang
Initial axis length: 212.198  210.966  221.053  Ang
Ellipsoid axis length: 220.658  219.426  229.513  Ang
ellipsoid calculation time: 0.00465012 s
maximal impact parameter: 229.513 Ang
*********************************************************
Linked-cell: 
Numbers of cells: 53391
Nx: 37 Ny: 37 Nz: 39
Filled cells: 7300
Empty cells: 46091
Average atoms per cell: 102.986
Maximum atoms per cell: 200
Minimum atoms per cell: 1
Simulation box: 
lx: 444.37 Ang
ly: 444.37 Ang
lz: 468.39 Ang
linked-cell calculation time: 0.132784 s
time info: 0.0178931 s
*********************************************************
Trajectory calculations 
*********************************************************
out target time: 19.4811 s
Ntraj: 10000
Nfree: 570
Nscatter: 9430
Nlost: 0
omega: 113530
Ntraj: 10000
Nfree: 539
Nscatter: 9461
Nlost: 0
omega: 116361
Ntraj: 10000
Nfree: 553
Nscatter: 9447
Nlost: 0
omega: 114100
Ntraj: 10000
Nfree: 514
Nscatter: 9486
Nlost: 0
omega: 114968
Ntraj: 10000
Nfree: 551
Nscatter: 9449
Nlost: 0
omega: 115932
Ntraj: 10000
Nfree: 554
Nscatter: 9446
Nlost: 0
omega: 115280
Ntraj: 10000
Nfree: 516
Nscatter: 9484
Nlost: 0
omega: 114190
Ntraj: 10000
Nfree: 557
Nscatter: 9442
Nlost: 1
omega: 112140
Ntraj: 10000
Nfree: 555
Nscatter: 9445
Nlost: 0
omega: 114751
Ntraj: 10000
Nfree: 545
Nscatter: 9455
Nlost: 0
omega: 115752
*********************************************************
task: 0
worker id: 4411
time create lcl and mol: 0.0258 s
numbers of trajectories: 25000
time trajectory calculation: 15.3635 s
task: 1
worker id: 28514
time create lcl and mol: 0.02542 s
numbers of trajectories: 25000
time trajectory calculation: 15.5572 s
task: 2
worker id: 63031
time create lcl and mol: 0.0250821 s
numbers of trajectories: 25000
time trajectory calculation: 19.4083 s
task: 3
worker id: 76886
time create lcl and mol: 0.025342 s
numbers of trajectories: 25000
time trajectory calculation: 15.9523 s
CCS time: 19.5066 s
*********************************************************
average value of CCS = 114700 Ang^2
error value of CCS = 378.637 Ang^2
Total time: 20.448 s
Program finished...
