*********************************************************
INPUT:: Simulation Parameters 
*********************************************************
target filename                  : 06_1hrc_carga_5_min.xyz
number of probe                  : 10000
number of iterarions             : 10
number of tasks                  : 4
number of threads                : 24
seed number                      : 2104
gas buffer                       : He
Target Temperature (K)           : 298
timestep (fs)                    : 10
Skin cell size (Ang)             : 0.01
Equipotential                    : no
Cut short-range interaction      : yes
LJ cutoff (Ang)                  : 12
Apply long-range interaction     : yes
Cut long-range interaction       : yes
Coulomb cutoff (Ang)             : 25
Apply induced-dipole interaction : yes
alpha (Ang^3)                    : 0.204956
force_type: 4
*********************************************************
Force Field parameters: 
*********************************************************
Symbol  mass (amu)  epislon (kcal/mol)  sigma(Angstroms) 
C   12.011   0.0309   3.043
N   14.007   0.0309   3.043
H   1.008   0.015   2.38
O   15.999   0.0309   3.043
S   32.06   0.0311   3.5
*********************************************************
MOLECULE:: orientation around the inertia principal axis 
*********************************************************
Inertia matrix a.u. Ang^2: 
{  1.22096e+06  -10038.4  91543.1  }
{  -10038.4  1.40517e+06  -122477  }
{  91543.1  -122477  1.11095e+06  }
Rotation matrix applied to molecule: 
{  0.18244  -0.91071  0.370572  }
{  -0.404106  0.274139  0.872666  }
{  -0.896334  -0.308959  -0.31801  }
Molecule radius: 21.2287 Ang 
orientation time of molecule target: 0.0168531 s
target mass: 11706.6 amu
gas mass: 4.0026 amu
reduce mass: 4.00123 amu
charge state: 4.9988 e
*********************************************************
Geometric Ellipsoid: 
*********************************************************
maximal distances: 16.2594  19.5411  21.0159  Ang
Initial axis length: 66.2694  69.5511  71.0259  Ang
Ellipsoid axis length: 68.1094  71.3911  72.8659  Ang
ellipsoid calculation time: 4.1008e-05 s
maximal impact parameter: 72.8659 Ang
*********************************************************
Linked-cell: 
Numbers of cells: 1872
Nx: 12 Ny: 12 Nz: 13
Filled cells: 37
Empty cells: 1835
Average atoms per cell: 45.0811
Maximum atoms per cell: 169
Minimum atoms per cell: 1
Simulation box: 
lx: 144.12 Ang
ly: 144.12 Ang
lz: 156.13 Ang
linked-cell calculation time: 0.00202298 s
time info: 9.17912e-05 s
*********************************************************
Trajectory calculations 
*********************************************************
out target time: 1.31551 s
Ntraj: 10000
Nfree: 586
Nscatter: 9414
Nlost: 0
omega: 1200.5
Ntraj: 10000
Nfree: 560
Nscatter: 9439
Nlost: 1
omega: 1331.2
Ntraj: 10000
Nfree: 571
Nscatter: 9428
Nlost: 1
omega: 1197.23
Ntraj: 10000
Nfree: 553
Nscatter: 9446
Nlost: 1
omega: 1443.65
Ntraj: 10000
Nfree: 577
Nscatter: 9421
Nlost: 2
omega: 1410.44
Ntraj: 10000
Nfree: 573
Nscatter: 9426
Nlost: 1
omega: 1333.6
Ntraj: 10000
Nfree: 560
Nscatter: 9439
Nlost: 1
omega: 1284.66
Ntraj: 10000
Nfree: 561
Nscatter: 9438
Nlost: 1
omega: 1302.97
Ntraj: 10000
Nfree: 593
Nscatter: 9406
Nlost: 1
omega: 1356.26
Ntraj: 10000
Nfree: 583
Nscatter: 9416
Nlost: 1
omega: 1327.66
*********************************************************
task: 0
worker id: 88820
time create lcl and mol: 0.000470877 s
numbers of trajectories: 25000
time trajectory calculation: 1.11823 s
task: 1
worker id: 25788
time create lcl and mol: 0.000469923 s
numbers of trajectories: 25000
time trajectory calculation: 1.29025 s
task: 2
worker id: 39633
time create lcl and mol: 0.000654936 s
numbers of trajectories: 25000
time trajectory calculation: 1.15868 s
task: 3
worker id: 64703
time create lcl and mol: 0.000449896 s
numbers of trajectories: 25000
time trajectory calculation: 1.13276 s
CCS time: 1.32307 s
*********************************************************
average value of CCS = 1318.82 Ang^2
error value of CCS = 23.6708 Ang^2
Total time: 1.3471 s
Program finished...
*********************************************************
INPUT:: Simulation Parameters 
*********************************************************
target filename                  : 06_1hrc_carga_5_min.xyz
number of probe                  : 10000
number of iterarions             : 10
number of tasks                  : 4
number of threads                : 24
seed number                      : 2104
gas buffer                       : He
Target Temperature (K)           : 298
timestep (fs)                    : 10
Skin cell size (Ang)             : 0.01
Equipotential                    : no
Cut short-range interaction      : yes
LJ cutoff (Ang)                  : 12
Apply long-range interaction     : yes
Cut long-range interaction       : yes
Coulomb cutoff (Ang)             : 25
Apply induced-dipole interaction : yes
alpha (Ang^3)                    : 0.204956
force_type: 4
*********************************************************
Force Field parameters: 
*********************************************************
Symbol  mass (amu)  epislon (kcal/mol)  sigma(Angstroms) 
C   12.011   0.0309   3.043
N   14.007   0.0309   3.043
H   1.008   0.015   2.38
O   15.999   0.0309   3.043
S   32.06   0.0311   3.5
*********************************************************
MOLECULE:: orientation around the inertia principal axis 
*********************************************************
Inertia matrix a.u. Ang^2: 
{  1.22096e+06  -10038.4  91543.1  }
{  -10038.4  1.40517e+06  -122477  }
{  91543.1  -122477  1.11095e+06  }
Rotation matrix applied to molecule: 
{  0.18244  -0.91071  0.370572  }
{  -0.404106  0.274139  0.872666  }
{  -0.896334  -0.308959  -0.31801  }
Molecule radius: 21.2287 Ang 
orientation time of molecule target: 0.00230885 s
target mass: 11706.6 amu
gas mass: 4.0026 amu
reduce mass: 4.00123 amu
charge state: 4.9988 e
*********************************************************
Geometric Ellipsoid: 
*********************************************************
maximal distances: 16.2594  19.5411  21.0159  Ang
Initial axis length: 66.2694  69.5511  71.0259  Ang
Ellipsoid axis length: 68.1094  71.3911  72.8659  Ang
ellipsoid calculation time: 4.29153e-05 s
maximal impact parameter: 72.8659 Ang
*********************************************************
Linked-cell: 
Numbers of cells: 1872
Nx: 12 Ny: 12 Nz: 13
Filled cells: 37
Empty cells: 1835
Average atoms per cell: 45.0811
Maximum atoms per cell: 169
Minimum atoms per cell: 1
Simulation box: 
lx: 144.12 Ang
ly: 144.12 Ang
lz: 156.13 Ang
linked-cell calculation time: 0.00202298 s
time info: 8.89301e-05 s
*********************************************************
Trajectory calculations 
*********************************************************
out target time: 1.37791 s
Ntraj: 10000
Nfree: 586
Nscatter: 9414
Nlost: 0
omega: 1200.5
Ntraj: 10000
Nfree: 560
Nscatter: 9439
Nlost: 1
omega: 1331.2
Ntraj: 10000
Nfree: 571
Nscatter: 9428
Nlost: 1
omega: 1197.23
Ntraj: 10000
Nfree: 553
Nscatter: 9446
Nlost: 1
omega: 1443.65
Ntraj: 10000
Nfree: 577
Nscatter: 9421
Nlost: 2
omega: 1410.44
Ntraj: 10000
Nfree: 573
Nscatter: 9426
Nlost: 1
omega: 1333.6
Ntraj: 10000
Nfree: 560
Nscatter: 9439
Nlost: 1
omega: 1284.66
Ntraj: 10000
Nfree: 561
Nscatter: 9438
Nlost: 1
omega: 1302.97
Ntraj: 10000
Nfree: 593
Nscatter: 9406
Nlost: 1
omega: 1356.26
Ntraj: 10000
Nfree: 583
Nscatter: 9416
Nlost: 1
omega: 1327.66
*********************************************************
task: 0
worker id: 88905
time create lcl and mol: 0.000466108 s
numbers of trajectories: 25000
time trajectory calculation: 1.11369 s
task: 1
worker id: 39719
time create lcl and mol: 0.000461102 s
numbers of trajectories: 25000
time trajectory calculation: 1.35373 s
task: 2
worker id: 64798
time create lcl and mol: 0.000459194 s
numbers of trajectories: 25000
time trajectory calculation: 1.19666 s
task: 3
worker id: 25877
time create lcl and mol: 0.000470161 s
numbers of trajectories: 25000
time trajectory calculation: 1.12437 s
CCS time: 1.38557 s
*********************************************************
average value of CCS = 1318.82 Ang^2
error value of CCS = 23.6708 Ang^2
Total time: 1.39496 s
Program finished...
*********************************************************
INPUT:: Simulation Parameters 
*********************************************************
target filename                  : 06_1hrc_carga_5_min.xyz
number of probe                  : 10000
number of iterarions             : 10
number of tasks                  : 4
number of threads                : 24
seed number                      : 2104
gas buffer                       : He
Target Temperature (K)           : 298
timestep (fs)                    : 10
Skin cell size (Ang)             : 0.01
Equipotential                    : no
Cut short-range interaction      : yes
LJ cutoff (Ang)                  : 12
Apply long-range interaction     : yes
Cut long-range interaction       : yes
Coulomb cutoff (Ang)             : 25
Apply induced-dipole interaction : yes
alpha (Ang^3)                    : 0.204956
force_type: 4
*********************************************************
Force Field parameters: 
*********************************************************
Symbol  mass (amu)  epislon (kcal/mol)  sigma(Angstroms) 
C   12.011   0.0309   3.043
N   14.007   0.0309   3.043
H   1.008   0.015   2.38
O   15.999   0.0309   3.043
S   32.06   0.0311   3.5
*********************************************************
MOLECULE:: orientation around the inertia principal axis 
*********************************************************
Inertia matrix a.u. Ang^2: 
{  1.22096e+06  -10038.4  91543.1  }
{  -10038.4  1.40517e+06  -122477  }
{  91543.1  -122477  1.11095e+06  }
Rotation matrix applied to molecule: 
{  0.18244  -0.91071  0.370572  }
{  -0.404106  0.274139  0.872666  }
{  -0.896334  -0.308959  -0.31801  }
Molecule radius: 21.2287 Ang 
orientation time of molecule target: 0.0024159 s
target mass: 11706.6 amu
gas mass: 4.0026 amu
reduce mass: 4.00123 amu
charge state: 4.9988 e
*********************************************************
Geometric Ellipsoid: 
*********************************************************
maximal distances: 16.2594  19.5411  21.0159  Ang
Initial axis length: 66.2694  69.5511  71.0259  Ang
Ellipsoid axis length: 68.1094  71.3911  72.8659  Ang
ellipsoid calculation time: 4.19617e-05 s
maximal impact parameter: 72.8659 Ang
*********************************************************
Linked-cell: 
Numbers of cells: 1872
Nx: 12 Ny: 12 Nz: 13
Filled cells: 37
Empty cells: 1835
Average atoms per cell: 45.0811
Maximum atoms per cell: 169
Minimum atoms per cell: 1
Simulation box: 
lx: 144.12 Ang
ly: 144.12 Ang
lz: 156.13 Ang
linked-cell calculation time: 0.00200605 s
time info: 8.98838e-05 s
*********************************************************
Trajectory calculations 
*********************************************************
out target time: 1.33204 s
Ntraj: 10000
Nfree: 586
Nscatter: 9414
Nlost: 0
omega: 1200.5
Ntraj: 10000
Nfree: 560
Nscatter: 9439
Nlost: 1
omega: 1331.2
Ntraj: 10000
Nfree: 571
Nscatter: 9428
Nlost: 1
omega: 1197.23
Ntraj: 10000
Nfree: 553
Nscatter: 9446
Nlost: 1
omega: 1443.65
Ntraj: 10000
Nfree: 577
Nscatter: 9421
Nlost: 2
omega: 1410.44
Ntraj: 10000
Nfree: 573
Nscatter: 9426
Nlost: 1
omega: 1333.6
Ntraj: 10000
Nfree: 560
Nscatter: 9439
Nlost: 1
omega: 1284.66
Ntraj: 10000
Nfree: 561
Nscatter: 9438
Nlost: 1
omega: 1302.97
Ntraj: 10000
Nfree: 593
Nscatter: 9406
Nlost: 1
omega: 1356.26
Ntraj: 10000
Nfree: 583
Nscatter: 9416
Nlost: 1
omega: 1327.66
*********************************************************
task: 0
worker id: 64887
time create lcl and mol: 0.000457048 s
numbers of trajectories: 25000
time trajectory calculation: 1.10124 s
task: 1
worker id: 88992
time create lcl and mol: 0.000475883 s
numbers of trajectories: 25000
time trajectory calculation: 1.30651 s
task: 2
worker id: 25968
time create lcl and mol: 0.000497818 s
numbers of trajectories: 25000
time trajectory calculation: 1.21235 s
task: 3
worker id: 39805
time create lcl and mol: 0.000447035 s
numbers of trajectories: 25000
time trajectory calculation: 1.15252 s
CCS time: 1.33934 s
*********************************************************
average value of CCS = 1318.82 Ang^2
error value of CCS = 23.6708 Ang^2
Total time: 1.34915 s
Program finished...
*********************************************************
INPUT:: Simulation Parameters 
*********************************************************
target filename                  : 06_1hrc_carga_5_min.xyz
number of probe                  : 10000
number of iterarions             : 10
number of tasks                  : 4
number of threads                : 24
seed number                      : 2104
gas buffer                       : He
Target Temperature (K)           : 298
timestep (fs)                    : 10
Skin cell size (Ang)             : 0.01
Equipotential                    : no
Cut short-range interaction      : yes
LJ cutoff (Ang)                  : 12
Apply long-range interaction     : yes
Cut long-range interaction       : yes
Coulomb cutoff (Ang)             : 25
Apply induced-dipole interaction : yes
alpha (Ang^3)                    : 0.204956
force_type: 4
*********************************************************
Force Field parameters: 
*********************************************************
Symbol  mass (amu)  epislon (kcal/mol)  sigma(Angstroms) 
C   12.011   0.0309   3.043
N   14.007   0.0309   3.043
H   1.008   0.015   2.38
O   15.999   0.0309   3.043
S   32.06   0.0311   3.5
*********************************************************
MOLECULE:: orientation around the inertia principal axis 
*********************************************************
Inertia matrix a.u. Ang^2: 
{  1.22096e+06  -10038.4  91543.1  }
{  -10038.4  1.40517e+06  -122477  }
{  91543.1  -122477  1.11095e+06  }
Rotation matrix applied to molecule: 
{  0.18244  -0.91071  0.370572  }
{  -0.404106  0.274139  0.872666  }
{  -0.896334  -0.308959  -0.31801  }
Molecule radius: 21.2287 Ang 
orientation time of molecule target: 0.0023942 s
target mass: 11706.6 amu
gas mass: 4.0026 amu
reduce mass: 4.00123 amu
charge state: 4.9988 e
*********************************************************
Geometric Ellipsoid: 
*********************************************************
maximal distances: 16.2594  19.5411  21.0159  Ang
Initial axis length: 66.2694  69.5511  71.0259  Ang
Ellipsoid axis length: 68.1094  71.3911  72.8659  Ang
ellipsoid calculation time: 4.1008e-05 s
maximal impact parameter: 72.8659 Ang
*********************************************************
Linked-cell: 
Numbers of cells: 1872
Nx: 12 Ny: 12 Nz: 13
Filled cells: 37
Empty cells: 1835
Average atoms per cell: 45.0811
Maximum atoms per cell: 169
Minimum atoms per cell: 1
Simulation box: 
lx: 144.12 Ang
ly: 144.12 Ang
lz: 156.13 Ang
linked-cell calculation time: 0.00201702 s
time info: 8.98838e-05 s
*********************************************************
Trajectory calculations 
*********************************************************
out target time: 1.32715 s
Ntraj: 10000
Nfree: 586
Nscatter: 9414
Nlost: 0
omega: 1200.5
Ntraj: 10000
Nfree: 560
Nscatter: 9439
Nlost: 1
omega: 1331.2
Ntraj: 10000
Nfree: 571
Nscatter: 9428
Nlost: 1
omega: 1197.23
Ntraj: 10000
Nfree: 553
Nscatter: 9446
Nlost: 1
omega: 1443.65
Ntraj: 10000
Nfree: 577
Nscatter: 9421
Nlost: 2
omega: 1410.44
Ntraj: 10000
Nfree: 573
Nscatter: 9426
Nlost: 1
omega: 1333.6
Ntraj: 10000
Nfree: 560
Nscatter: 9439
Nlost: 1
omega: 1284.66
Ntraj: 10000
Nfree: 561
Nscatter: 9438
Nlost: 1
omega: 1302.97
Ntraj: 10000
Nfree: 593
Nscatter: 9406
Nlost: 1
omega: 1356.26
Ntraj: 10000
Nfree: 583
Nscatter: 9416
Nlost: 1
omega: 1327.66
*********************************************************
task: 0
worker id: 89385
time create lcl and mol: 0.000737906 s
numbers of trajectories: 25000
time trajectory calculation: 1.11588 s
task: 1
worker id: 26362
time create lcl and mol: 0.00060606 s
numbers of trajectories: 25000
time trajectory calculation: 1.30398 s
task: 2
worker id: 40196
time create lcl and mol: 0.000451088 s
numbers of trajectories: 25000
time trajectory calculation: 1.24744 s
task: 3
worker id: 65282
time create lcl and mol: 0.000451088 s
numbers of trajectories: 25000
time trajectory calculation: 1.14637 s
CCS time: 1.33481 s
*********************************************************
average value of CCS = 1318.82 Ang^2
error value of CCS = 23.6708 Ang^2
Total time: 1.34466 s
Program finished...
*********************************************************
INPUT:: Simulation Parameters 
*********************************************************
target filename                  : 06_1hrc_carga_5_min.xyz
number of probe                  : 10000
number of iterarions             : 10
number of tasks                  : 4
number of threads                : 24
seed number                      : 2104
gas buffer                       : He
Target Temperature (K)           : 298
timestep (fs)                    : 10
Skin cell size (Ang)             : 0.01
Equipotential                    : no
Cut short-range interaction      : yes
LJ cutoff (Ang)                  : 12
Apply long-range interaction     : yes
Cut long-range interaction       : yes
Coulomb cutoff (Ang)             : 25
Apply induced-dipole interaction : yes
alpha (Ang^3)                    : 0.204956
force_type: 4
*********************************************************
Force Field parameters: 
*********************************************************
Symbol  mass (amu)  epislon (kcal/mol)  sigma(Angstroms) 
C   12.011   0.0309   3.043
N   14.007   0.0309   3.043
H   1.008   0.015   2.38
O   15.999   0.0309   3.043
S   32.06   0.0311   3.5
*********************************************************
MOLECULE:: orientation around the inertia principal axis 
*********************************************************
Inertia matrix a.u. Ang^2: 
{  1.22096e+06  -10038.4  91543.1  }
{  -10038.4  1.40517e+06  -122477  }
{  91543.1  -122477  1.11095e+06  }
Rotation matrix applied to molecule: 
{  0.18244  -0.91071  0.370572  }
{  -0.404106  0.274139  0.872666  }
{  -0.896334  -0.308959  -0.31801  }
Molecule radius: 21.2287 Ang 
orientation time of molecule target: 0.00240612 s
target mass: 11706.6 amu
gas mass: 4.0026 amu
reduce mass: 4.00123 amu
charge state: 4.9988 e
*********************************************************
Geometric Ellipsoid: 
*********************************************************
maximal distances: 16.2594  19.5411  21.0159  Ang
Initial axis length: 66.2694  69.5511  71.0259  Ang
Ellipsoid axis length: 68.1094  71.3911  72.8659  Ang
ellipsoid calculation time: 4.00543e-05 s
maximal impact parameter: 72.8659 Ang
*********************************************************
Linked-cell: 
Numbers of cells: 1872
Nx: 12 Ny: 12 Nz: 13
Filled cells: 37
Empty cells: 1835
Average atoms per cell: 45.0811
Maximum atoms per cell: 169
Minimum atoms per cell: 1
Simulation box: 
lx: 144.12 Ang
ly: 144.12 Ang
lz: 156.13 Ang
linked-cell calculation time: 0.00211406 s
time info: 9.39369e-05 s
*********************************************************
Trajectory calculations 
*********************************************************
out target time: 1.33241 s
Ntraj: 10000
Nfree: 586
Nscatter: 9414
Nlost: 0
omega: 1200.5
Ntraj: 10000
Nfree: 560
Nscatter: 9439
Nlost: 1
omega: 1331.2
Ntraj: 10000
Nfree: 571
Nscatter: 9428
Nlost: 1
omega: 1197.23
Ntraj: 10000
Nfree: 553
Nscatter: 9446
Nlost: 1
omega: 1443.65
Ntraj: 10000
Nfree: 577
Nscatter: 9421
Nlost: 2
omega: 1410.44
Ntraj: 10000
Nfree: 573
Nscatter: 9426
Nlost: 1
omega: 1333.6
Ntraj: 10000
Nfree: 560
Nscatter: 9439
Nlost: 1
omega: 1284.66
Ntraj: 10000
Nfree: 561
Nscatter: 9438
Nlost: 1
omega: 1302.97
Ntraj: 10000
Nfree: 593
Nscatter: 9406
Nlost: 1
omega: 1356.26
Ntraj: 10000
Nfree: 583
Nscatter: 9416
Nlost: 1
omega: 1327.66
*********************************************************
task: 0
worker id: 65369
time create lcl and mol: 0.000458956 s
numbers of trajectories: 25000
time trajectory calculation: 1.11664 s
task: 1
worker id: 89471
time create lcl and mol: 0.00046587 s
numbers of trajectories: 25000
time trajectory calculation: 1.3085 s
task: 2
worker id: 40281
time create lcl and mol: 0.000468969 s
numbers of trajectories: 25000
time trajectory calculation: 1.19585 s
task: 3
worker id: 26454
time create lcl and mol: 0.000488043 s
numbers of trajectories: 25000
time trajectory calculation: 1.14522 s
CCS time: 1.34032 s
*********************************************************
average value of CCS = 1318.82 Ang^2
error value of CCS = 23.6708 Ang^2
Total time: 1.35041 s
Program finished...
