*********************************************************
INPUT:: Simulation Parameters 
*********************************************************
target filename                  : 03_3bsz_carga_14_min.xyz
number of probe                  : 10000
number of iterarions             : 10
number of tasks                  : 4
number of threads                : 24
seed number                      : 2104
gas buffer                       : He
Target Temperature (K)           : 298
timestep (fs)                    : 10
Skin cell size (Ang)             : 0.01
Equipotential                    : no
Cut short-range interaction      : yes
LJ cutoff (Ang)                  : 12
Apply long-range interaction     : yes
Cut long-range interaction       : yes
Coulomb cutoff (Ang)             : 25
Apply induced-dipole interaction : yes
alpha (Ang^3)                    : 0.204956
force_type: 4
*********************************************************
Force Field parameters: 
*********************************************************
Symbol  mass (amu)  epislon (kcal/mol)  sigma(Angstroms) 
C   12.011   0.0309   3.043
N   14.007   0.0309   3.043
H   1.008   0.015   2.38
O   15.999   0.0309   3.043
S   32.06   0.0311   3.5
*********************************************************
MOLECULE:: orientation around the inertia principal axis 
*********************************************************
Inertia matrix a.u. Ang^2: 
{  1.592e+07  -2.42743e+06  -2.87494e+06  }
{  -2.42743e+06  1.69711e+07  -604084  }
{  -2.87494e+06  -604084  1.74506e+07  }
Rotation matrix applied to molecule: 
{  0.6656  -0.394687  -0.633402  }
{  0.739056  0.466615  0.485867  }
{  0.10379  -0.791513  0.602275  }
Molecule radius: 36.1505 Ang 
orientation time of molecule target: 0.0591378 s
target mass: 52094.7 amu
gas mass: 4.0026 amu
reduce mass: 4.00229 amu
charge state: 13.9996 e
*********************************************************
Geometric Ellipsoid: 
*********************************************************
maximal distances: 23.5798  32.2083  34.2094  Ang
Initial axis length: 73.5898  82.2183  84.2194  Ang
Ellipsoid axis length: 77.4098  86.0383  88.0394  Ang
ellipsoid calculation time: 8.79765e-05 s
maximal impact parameter: 88.0394 Ang
*********************************************************
Linked-cell: 
Numbers of cells: 2925
Nx: 13 Ny: 15 Nz: 15
Filled cells: 110
Empty cells: 2815
Average atoms per cell: 66.3
Maximum atoms per cell: 197
Minimum atoms per cell: 1
Simulation box: 
lx: 156.13 Ang
ly: 180.15 Ang
lz: 180.15 Ang
linked-cell calculation time: 0.00346613 s
time info: 0.000279903 s
*********************************************************
Trajectory calculations 
*********************************************************
out target time: 3.58392 s
Ntraj: 10000
Nfree: 980
Nscatter: 9019
Nlost: 1
omega: 3572.63
Ntraj: 10000
Nfree: 923
Nscatter: 9077
Nlost: 0
omega: 3717.47
Ntraj: 10000
Nfree: 958
Nscatter: 9042
Nlost: 0
omega: 3442.68
Ntraj: 10000
Nfree: 945
Nscatter: 9053
Nlost: 2
omega: 3944.55
Ntraj: 10000
Nfree: 948
Nscatter: 9052
Nlost: 0
omega: 3824.08
Ntraj: 10000
Nfree: 974
Nscatter: 9026
Nlost: 0
omega: 3727.44
Ntraj: 10000
Nfree: 944
Nscatter: 9056
Nlost: 0
omega: 3692.03
Ntraj: 10000
Nfree: 929
Nscatter: 9071
Nlost: 0
omega: 3636.7
Ntraj: 10000
Nfree: 975
Nscatter: 9024
Nlost: 1
omega: 3793.55
Ntraj: 10000
Nfree: 992
Nscatter: 9008
Nlost: 0
omega: 3868
*********************************************************
task: 0
worker id: 74188
time create lcl and mol: 0.00086689 s
numbers of trajectories: 25000
time trajectory calculation: 2.56117 s
task: 1
worker id: 49118
time create lcl and mol: 0.000802994 s
numbers of trajectories: 25000
time trajectory calculation: 3.55155 s
task: 2
worker id: 98299
time create lcl and mol: 0.000833988 s
numbers of trajectories: 25000
time trajectory calculation: 2.56217 s
task: 3
worker id: 35284
time create lcl and mol: 0.00108099 s
numbers of trajectories: 25000
time trajectory calculation: 3.25163 s
CCS time: 3.59171 s
*********************************************************
average value of CCS = 3721.91 Ang^2
error value of CCS = 44.152 Ang^2
Total time: 3.66022 s
Program finished...
*********************************************************
INPUT:: Simulation Parameters 
*********************************************************
target filename                  : 03_3bsz_carga_14_min.xyz
number of probe                  : 10000
number of iterarions             : 10
number of tasks                  : 4
number of threads                : 24
seed number                      : 2104
gas buffer                       : He
Target Temperature (K)           : 298
timestep (fs)                    : 10
Skin cell size (Ang)             : 0.01
Equipotential                    : no
Cut short-range interaction      : yes
LJ cutoff (Ang)                  : 12
Apply long-range interaction     : yes
Cut long-range interaction       : yes
Coulomb cutoff (Ang)             : 25
Apply induced-dipole interaction : yes
alpha (Ang^3)                    : 0.204956
force_type: 4
*********************************************************
Force Field parameters: 
*********************************************************
Symbol  mass (amu)  epislon (kcal/mol)  sigma(Angstroms) 
C   12.011   0.0309   3.043
N   14.007   0.0309   3.043
H   1.008   0.015   2.38
O   15.999   0.0309   3.043
S   32.06   0.0311   3.5
*********************************************************
MOLECULE:: orientation around the inertia principal axis 
*********************************************************
Inertia matrix a.u. Ang^2: 
{  1.592e+07  -2.42743e+06  -2.87494e+06  }
{  -2.42743e+06  1.69711e+07  -604084  }
{  -2.87494e+06  -604084  1.74506e+07  }
Rotation matrix applied to molecule: 
{  0.6656  -0.394687  -0.633402  }
{  0.739056  0.466615  0.485867  }
{  0.10379  -0.791513  0.602275  }
Molecule radius: 36.1505 Ang 
orientation time of molecule target: 0.0076468 s
target mass: 52094.7 amu
gas mass: 4.0026 amu
reduce mass: 4.00229 amu
charge state: 13.9996 e
*********************************************************
Geometric Ellipsoid: 
*********************************************************
maximal distances: 23.5798  32.2083  34.2094  Ang
Initial axis length: 73.5898  82.2183  84.2194  Ang
Ellipsoid axis length: 77.4098  86.0383  88.0394  Ang
ellipsoid calculation time: 7.98702e-05 s
maximal impact parameter: 88.0394 Ang
*********************************************************
Linked-cell: 
Numbers of cells: 2925
Nx: 13 Ny: 15 Nz: 15
Filled cells: 110
Empty cells: 2815
Average atoms per cell: 66.3
Maximum atoms per cell: 197
Minimum atoms per cell: 1
Simulation box: 
lx: 156.13 Ang
ly: 180.15 Ang
lz: 180.15 Ang
linked-cell calculation time: 0.00356603 s
time info: 0.000274181 s
*********************************************************
Trajectory calculations 
*********************************************************
out target time: 3.48654 s
Ntraj: 10000
Nfree: 980
Nscatter: 9019
Nlost: 1
omega: 3572.63
Ntraj: 10000
Nfree: 923
Nscatter: 9077
Nlost: 0
omega: 3717.47
Ntraj: 10000
Nfree: 958
Nscatter: 9042
Nlost: 0
omega: 3442.68
Ntraj: 10000
Nfree: 945
Nscatter: 9053
Nlost: 2
omega: 3944.55
Ntraj: 10000
Nfree: 948
Nscatter: 9052
Nlost: 0
omega: 3824.08
Ntraj: 10000
Nfree: 974
Nscatter: 9026
Nlost: 0
omega: 3727.44
Ntraj: 10000
Nfree: 944
Nscatter: 9056
Nlost: 0
omega: 3692.03
Ntraj: 10000
Nfree: 929
Nscatter: 9071
Nlost: 0
omega: 3636.7
Ntraj: 10000
Nfree: 975
Nscatter: 9024
Nlost: 1
omega: 3793.55
Ntraj: 10000
Nfree: 992
Nscatter: 9008
Nlost: 0
omega: 3868
*********************************************************
task: 0
worker id: 949
time create lcl and mol: 0.000870943 s
numbers of trajectories: 25000
time trajectory calculation: 2.53638 s
task: 1
worker id: 74584
time create lcl and mol: 0.00093317 s
numbers of trajectories: 25000
time trajectory calculation: 3.45893 s
task: 2
worker id: 49517
time create lcl and mol: 0.00101495 s
numbers of trajectories: 25000
time trajectory calculation: 2.45168 s
task: 3
worker id: 35682
time create lcl and mol: 0.000821829 s
numbers of trajectories: 25000
time trajectory calculation: 3.19152 s
CCS time: 3.49413 s
*********************************************************
average value of CCS = 3721.91 Ang^2
error value of CCS = 44.152 Ang^2
Total time: 3.51081 s
Program finished...
*********************************************************
INPUT:: Simulation Parameters 
*********************************************************
target filename                  : 03_3bsz_carga_14_min.xyz
number of probe                  : 10000
number of iterarions             : 10
number of tasks                  : 4
number of threads                : 24
seed number                      : 2104
gas buffer                       : He
Target Temperature (K)           : 298
timestep (fs)                    : 10
Skin cell size (Ang)             : 0.01
Equipotential                    : no
Cut short-range interaction      : yes
LJ cutoff (Ang)                  : 12
Apply long-range interaction     : yes
Cut long-range interaction       : yes
Coulomb cutoff (Ang)             : 25
Apply induced-dipole interaction : yes
alpha (Ang^3)                    : 0.204956
force_type: 4
*********************************************************
Force Field parameters: 
*********************************************************
Symbol  mass (amu)  epislon (kcal/mol)  sigma(Angstroms) 
C   12.011   0.0309   3.043
N   14.007   0.0309   3.043
H   1.008   0.015   2.38
O   15.999   0.0309   3.043
S   32.06   0.0311   3.5
*********************************************************
MOLECULE:: orientation around the inertia principal axis 
*********************************************************
Inertia matrix a.u. Ang^2: 
{  1.592e+07  -2.42743e+06  -2.87494e+06  }
{  -2.42743e+06  1.69711e+07  -604084  }
{  -2.87494e+06  -604084  1.74506e+07  }
Rotation matrix applied to molecule: 
{  0.6656  -0.394687  -0.633402  }
{  0.739056  0.466615  0.485867  }
{  0.10379  -0.791513  0.602275  }
Molecule radius: 36.1505 Ang 
orientation time of molecule target: 0.00762916 s
target mass: 52094.7 amu
gas mass: 4.0026 amu
reduce mass: 4.00229 amu
charge state: 13.9996 e
*********************************************************
Geometric Ellipsoid: 
*********************************************************
maximal distances: 23.5798  32.2083  34.2094  Ang
Initial axis length: 73.5898  82.2183  84.2194  Ang
Ellipsoid axis length: 77.4098  86.0383  88.0394  Ang
ellipsoid calculation time: 7.89165e-05 s
maximal impact parameter: 88.0394 Ang
*********************************************************
Linked-cell: 
Numbers of cells: 2925
Nx: 13 Ny: 15 Nz: 15
Filled cells: 110
Empty cells: 2815
Average atoms per cell: 66.3
Maximum atoms per cell: 197
Minimum atoms per cell: 1
Simulation box: 
lx: 156.13 Ang
ly: 180.15 Ang
lz: 180.15 Ang
linked-cell calculation time: 0.00348091 s
time info: 0.000298023 s
*********************************************************
Trajectory calculations 
*********************************************************
out target time: 3.51321 s
Ntraj: 10000
Nfree: 980
Nscatter: 9019
Nlost: 1
omega: 3572.63
Ntraj: 10000
Nfree: 923
Nscatter: 9077
Nlost: 0
omega: 3717.47
Ntraj: 10000
Nfree: 958
Nscatter: 9042
Nlost: 0
omega: 3442.68
Ntraj: 10000
Nfree: 945
Nscatter: 9053
Nlost: 2
omega: 3944.55
Ntraj: 10000
Nfree: 948
Nscatter: 9052
Nlost: 0
omega: 3824.08
Ntraj: 10000
Nfree: 974
Nscatter: 9026
Nlost: 0
omega: 3727.44
Ntraj: 10000
Nfree: 944
Nscatter: 9056
Nlost: 0
omega: 3692.03
Ntraj: 10000
Nfree: 929
Nscatter: 9071
Nlost: 0
omega: 3636.7
Ntraj: 10000
Nfree: 975
Nscatter: 9024
Nlost: 1
omega: 3793.55
Ntraj: 10000
Nfree: 992
Nscatter: 9008
Nlost: 0
omega: 3868
*********************************************************
task: 0
worker id: 35772
time create lcl and mol: 0.000838995 s
numbers of trajectories: 25000
time trajectory calculation: 2.47674 s
task: 1
worker id: 49608
time create lcl and mol: 0.000823021 s
numbers of trajectories: 25000
time trajectory calculation: 3.49026 s
task: 2
worker id: 74673
time create lcl and mol: 0.00086689 s
numbers of trajectories: 25000
time trajectory calculation: 2.43426 s
task: 3
worker id: 1046
time create lcl and mol: 0.000869036 s
numbers of trajectories: 25000
time trajectory calculation: 3.19415 s
CCS time: 3.52091 s
*********************************************************
average value of CCS = 3721.91 Ang^2
error value of CCS = 44.152 Ang^2
Total time: 3.53753 s
Program finished...
*********************************************************
INPUT:: Simulation Parameters 
*********************************************************
target filename                  : 03_3bsz_carga_14_min.xyz
number of probe                  : 10000
number of iterarions             : 10
number of tasks                  : 4
number of threads                : 24
seed number                      : 2104
gas buffer                       : He
Target Temperature (K)           : 298
timestep (fs)                    : 10
Skin cell size (Ang)             : 0.01
Equipotential                    : no
Cut short-range interaction      : yes
LJ cutoff (Ang)                  : 12
Apply long-range interaction     : yes
Cut long-range interaction       : yes
Coulomb cutoff (Ang)             : 25
Apply induced-dipole interaction : yes
alpha (Ang^3)                    : 0.204956
force_type: 4
*********************************************************
Force Field parameters: 
*********************************************************
Symbol  mass (amu)  epislon (kcal/mol)  sigma(Angstroms) 
C   12.011   0.0309   3.043
N   14.007   0.0309   3.043
H   1.008   0.015   2.38
O   15.999   0.0309   3.043
S   32.06   0.0311   3.5
*********************************************************
MOLECULE:: orientation around the inertia principal axis 
*********************************************************
Inertia matrix a.u. Ang^2: 
{  1.592e+07  -2.42743e+06  -2.87494e+06  }
{  -2.42743e+06  1.69711e+07  -604084  }
{  -2.87494e+06  -604084  1.74506e+07  }
Rotation matrix applied to molecule: 
{  0.6656  -0.394687  -0.633402  }
{  0.739056  0.466615  0.485867  }
{  0.10379  -0.791513  0.602275  }
Molecule radius: 36.1505 Ang 
orientation time of molecule target: 0.00764704 s
target mass: 52094.7 amu
gas mass: 4.0026 amu
reduce mass: 4.00229 amu
charge state: 13.9996 e
*********************************************************
Geometric Ellipsoid: 
*********************************************************
maximal distances: 23.5798  32.2083  34.2094  Ang
Initial axis length: 73.5898  82.2183  84.2194  Ang
Ellipsoid axis length: 77.4098  86.0383  88.0394  Ang
ellipsoid calculation time: 9.58443e-05 s
maximal impact parameter: 88.0394 Ang
*********************************************************
Linked-cell: 
Numbers of cells: 2925
Nx: 13 Ny: 15 Nz: 15
Filled cells: 110
Empty cells: 2815
Average atoms per cell: 66.3
Maximum atoms per cell: 197
Minimum atoms per cell: 1
Simulation box: 
lx: 156.13 Ang
ly: 180.15 Ang
lz: 180.15 Ang
linked-cell calculation time: 0.00352788 s
time info: 0.000272036 s
*********************************************************
Trajectory calculations 
*********************************************************
out target time: 3.59573 s
Ntraj: 10000
Nfree: 980
Nscatter: 9019
Nlost: 1
omega: 3572.63
Ntraj: 10000
Nfree: 923
Nscatter: 9077
Nlost: 0
omega: 3717.47
Ntraj: 10000
Nfree: 958
Nscatter: 9042
Nlost: 0
omega: 3442.68
Ntraj: 10000
Nfree: 945
Nscatter: 9053
Nlost: 2
omega: 3944.55
Ntraj: 10000
Nfree: 948
Nscatter: 9052
Nlost: 0
omega: 3824.08
Ntraj: 10000
Nfree: 974
Nscatter: 9026
Nlost: 0
omega: 3727.44
Ntraj: 10000
Nfree: 944
Nscatter: 9056
Nlost: 0
omega: 3692.03
Ntraj: 10000
Nfree: 929
Nscatter: 9071
Nlost: 0
omega: 3636.7
Ntraj: 10000
Nfree: 975
Nscatter: 9024
Nlost: 1
omega: 3793.55
Ntraj: 10000
Nfree: 992
Nscatter: 9008
Nlost: 0
omega: 3868
*********************************************************
task: 0
worker id: 1449
time create lcl and mol: 0.000952005 s
numbers of trajectories: 25000
time trajectory calculation: 2.51232 s
task: 1
worker id: 75069
time create lcl and mol: 0.000962019 s
numbers of trajectories: 25000
time trajectory calculation: 3.56992 s
task: 2
worker id: 50003
time create lcl and mol: 0.000862837 s
numbers of trajectories: 25000
time trajectory calculation: 2.42691 s
task: 3
worker id: 36170
time create lcl and mol: 0.000857115 s
numbers of trajectories: 25000
time trajectory calculation: 3.03152 s
CCS time: 3.60337 s
*********************************************************
average value of CCS = 3721.91 Ang^2
error value of CCS = 44.152 Ang^2
Total time: 3.61977 s
Program finished...
*********************************************************
INPUT:: Simulation Parameters 
*********************************************************
target filename                  : 03_3bsz_carga_14_min.xyz
number of probe                  : 10000
number of iterarions             : 10
number of tasks                  : 4
number of threads                : 24
seed number                      : 2104
gas buffer                       : He
Target Temperature (K)           : 298
timestep (fs)                    : 10
Skin cell size (Ang)             : 0.01
Equipotential                    : no
Cut short-range interaction      : yes
LJ cutoff (Ang)                  : 12
Apply long-range interaction     : yes
Cut long-range interaction       : yes
Coulomb cutoff (Ang)             : 25
Apply induced-dipole interaction : yes
alpha (Ang^3)                    : 0.204956
force_type: 4
*********************************************************
Force Field parameters: 
*********************************************************
Symbol  mass (amu)  epislon (kcal/mol)  sigma(Angstroms) 
C   12.011   0.0309   3.043
N   14.007   0.0309   3.043
H   1.008   0.015   2.38
O   15.999   0.0309   3.043
S   32.06   0.0311   3.5
*********************************************************
MOLECULE:: orientation around the inertia principal axis 
*********************************************************
Inertia matrix a.u. Ang^2: 
{  1.592e+07  -2.42743e+06  -2.87494e+06  }
{  -2.42743e+06  1.69711e+07  -604084  }
{  -2.87494e+06  -604084  1.74506e+07  }
Rotation matrix applied to molecule: 
{  0.6656  -0.394687  -0.633402  }
{  0.739056  0.466615  0.485867  }
{  0.10379  -0.791513  0.602275  }
Molecule radius: 36.1505 Ang 
orientation time of molecule target: 0.00795984 s
target mass: 52094.7 amu
gas mass: 4.0026 amu
reduce mass: 4.00229 amu
charge state: 13.9996 e
*********************************************************
Geometric Ellipsoid: 
*********************************************************
maximal distances: 23.5798  32.2083  34.2094  Ang
Initial axis length: 73.5898  82.2183  84.2194  Ang
Ellipsoid axis length: 77.4098  86.0383  88.0394  Ang
ellipsoid calculation time: 8.79765e-05 s
maximal impact parameter: 88.0394 Ang
*********************************************************
Linked-cell: 
Numbers of cells: 2925
Nx: 13 Ny: 15 Nz: 15
Filled cells: 110
Empty cells: 2815
Average atoms per cell: 66.3
Maximum atoms per cell: 197
Minimum atoms per cell: 1
Simulation box: 
lx: 156.13 Ang
ly: 180.15 Ang
lz: 180.15 Ang
linked-cell calculation time: 0.00356388 s
time info: 0.000280142 s
*********************************************************
Trajectory calculations 
*********************************************************
out target time: 3.55384 s
Ntraj: 10000
Nfree: 980
Nscatter: 9019
Nlost: 1
omega: 3572.63
Ntraj: 10000
Nfree: 923
Nscatter: 9077
Nlost: 0
omega: 3717.47
Ntraj: 10000
Nfree: 958
Nscatter: 9042
Nlost: 0
omega: 3442.68
Ntraj: 10000
Nfree: 945
Nscatter: 9053
Nlost: 2
omega: 3944.55
Ntraj: 10000
Nfree: 948
Nscatter: 9052
Nlost: 0
omega: 3824.08
Ntraj: 10000
Nfree: 974
Nscatter: 9026
Nlost: 0
omega: 3727.44
Ntraj: 10000
Nfree: 944
Nscatter: 9056
Nlost: 0
omega: 3692.03
Ntraj: 10000
Nfree: 929
Nscatter: 9071
Nlost: 0
omega: 3636.7
Ntraj: 10000
Nfree: 975
Nscatter: 9024
Nlost: 1
omega: 3793.55
Ntraj: 10000
Nfree: 992
Nscatter: 9008
Nlost: 0
omega: 3868
*********************************************************
task: 0
worker id: 1550
time create lcl and mol: 0.000837088 s
numbers of trajectories: 25000
time trajectory calculation: 2.52316 s
task: 1
worker id: 50093
time create lcl and mol: 0.000812054 s
numbers of trajectories: 25000
time trajectory calculation: 3.52927 s
task: 2
worker id: 75162
time create lcl and mol: 0.00114417 s
numbers of trajectories: 25000
time trajectory calculation: 2.42341 s
task: 3
worker id: 36260
time create lcl and mol: 0.000823021 s
numbers of trajectories: 25000
time trajectory calculation: 3.22046 s
CCS time: 3.56153 s
*********************************************************
average value of CCS = 3721.91 Ang^2
error value of CCS = 44.152 Ang^2
Total time: 3.57837 s
Program finished...
